
Running for 3-dimensional images.

*********10*********20*********30*********40*********50*********60*********70*********80*********90*********

   AdaptiveNonLocalMeansDenoisingImageFilter (0x1ff6370)
     RTTI typeinfo:   itk::AdaptiveNonLocalMeansDenoisingImageFilter<itk::Image<float, 3u>, itk::Image<float, 3u>, itk::Image<unsigned char, 3u> >
     Reference Count: 1
     Modified Time: 392
     Debug: Off
     Object Name: 
     Observers: 
       ProgressEvent(Command)
     Inputs: 
       Primary: (0x1ff52f0) *
       _1: (0)
     Indexed Inputs: 
       0: Primary (0x1ff52f0)
       1: _1 (0)
     Required Input Names: Primary
     NumberOfRequiredInputs: 1
     Outputs: 
       Primary: (0x1ff4da0)
     Indexed Outputs: 
       0: Primary (0x1ff4da0)
     NumberOfRequiredOutputs: 1
     Number Of Work Units: 56
     ReleaseDataFlag: Off
     ReleaseDataBeforeUpdateFlag: Off
     AbortGenerateData: Off
     Progress: 1
     Multithreader: 
       RTTI typeinfo:   itk::PoolMultiThreader
       Reference Count: 1
       Modified Time: 352
       Debug: Off
       Object Name: 
       Observers: 
         none
       Number of Work Units: 52
       Number of Threads: 14
       Global Maximum Number Of Threads: 128
       Global Default Number Of Threads: 14
       Global Default Threader Type: itk::MultiThreaderBaseEnums::Threader::Pool
       SingleMethod: 1
       SingleData: 0x7ffdd182ffe8
     DynamicMultiThreading: Off
     CoordinateTolerance: 1e-06
     DirectionTolerance: 1e-06
Using mean squares to measure the patch similarity.
     Neighborhood search radius = [2, 2, 2]
     Neighborhood patch radius = [1, 1, 1]
     Using Rician noise model.
     Epsilon = 1e-05
     Mean threshold = 0.95
     Variance threshold = 0.5
     Smoothing variance = 2
     Neighborhood radius for local mean and variance = [1, 1, 1]
Elapsed time: 326.941
All_Command_lines_OK
Using double precision for computations.
=============================================================================
The composite transform comprises the following transforms (in order): 
  1. Center of mass alignment using fixed image: /Dedicated/jmichaelson-wdata/msmuhammad/projects/RPOE/3dprint/data/derivatives/pre-freesurfer/../../temp/MNI152_T1_0.5mm.nii.gz and moving image: /Dedicated/jmichaelson-wdata/msmuhammad/projects/RPOE/3dprint/data/derivatives/pre-freesurfer/2E_044/2E_044/2E_044_reorient_RPI_denoise.nii.gz (type = Euler3DTransform)
=============================================================================
  number of levels = 5
  number of levels = 5
  fixed image: /Dedicated/jmichaelson-wdata/msmuhammad/projects/RPOE/3dprint/data/derivatives/pre-freesurfer/../../temp/MNI152_T1_0.5mm.nii.gz
  moving image: /Dedicated/jmichaelson-wdata/msmuhammad/projects/RPOE/3dprint/data/derivatives/pre-freesurfer/2E_044/2E_044/2E_044_reorient_RPI_denoise.nii.gz
  fixed image: /Dedicated/jmichaelson-wdata/msmuhammad/projects/RPOE/3dprint/data/derivatives/pre-freesurfer/../../temp/MNI152_T1_0.5mm.nii.gz
  moving image: /Dedicated/jmichaelson-wdata/msmuhammad/projects/RPOE/3dprint/data/derivatives/pre-freesurfer/2E_044/2E_044/2E_044_reorient_RPI_denoise.nii.gz
Dimension = 3
Number of stages = 2
Use histogram matching = true
Winsorize image intensities = true
  Lower quantile = 0.005
  Upper quantile = 0.995


Stage 1 State
   Image metric = Mattes
     Fixed image = Image (0x392df10)
  RTTI typeinfo:   itk::Image<double, 3u>
  Reference Count: 2
  Modified Time: 1694
  Debug: Off
  Object Name: 
  Observers: 
    none
  Source: (none)
  Source output name: (none)
  Release Data: Off
  Data Released: False
  Global Release Data: Off
  PipelineMTime: 0
  UpdateMTime: 1477
  RealTimeStamp: 0 seconds 
  LargestPossibleRegion: 
    Dimension: 3
    Index: [0, 0, 0]
    Size: [364, 436, 364]
  BufferedRegion: 
    Dimension: 3
    Index: [0, 0, 0]
    Size: [364, 436, 364]
  RequestedRegion: 
    Dimension: 3
    Index: [0, 0, 0]
    Size: [364, 436, 364]
  Spacing: [0.5, 0.5, 0.5]
  Origin: [-90, 126, -72]
  Direction: 
1 0 0
0 -1 0
0 0 1

  IndexToPointMatrix: 
0.5 0 0
0 -0.5 0
0 0 0.5

  PointToIndexMatrix: 
2 0 0
0 -2 0
0 0 2

  Inverse Direction: 
1 0 0
0 -1 0
0 0 1

  PixelContainer: 
    ImportImageContainer (0x391a9d0)
      RTTI typeinfo:   itk::ImportImageContainer<unsigned long, double>
      Reference Count: 1
      Modified Time: 1474
      Debug: Off
      Object Name: 
      Observers: 
        none
      Pointer: 0x2b0817d45010
      Container manages memory: true
      Size: 57768256
      Capacity: 57768256

     Moving image = Image (0x392daf0)
  RTTI typeinfo:   itk::Image<double, 3u>
  Reference Count: 2
  Modified Time: 1695
  Debug: Off
  Object Name: 
  Observers: 
    none
  Source: (none)
  Source output name: (none)
  Release Data: Off
  Data Released: False
  Global Release Data: Off
  PipelineMTime: 0
  UpdateMTime: 1692
  RealTimeStamp: 0 seconds 
  LargestPossibleRegion: 
    Dimension: 3
    Index: [0, 0, 0]
    Size: [280, 512, 512]
  BufferedRegion: 
    Dimension: 3
    Index: [0, 0, 0]
    Size: [280, 512, 512]
  RequestedRegion: 
    Dimension: 3
    Index: [0, 0, 0]
    Size: [280, 512, 512]
  Spacing: [0.599998, 0.4688, 0.4688]
  Origin: [-89.3246, 77.9162, -116.666]
  Direction: 
1 0 0
0 -1 0
0 0 1

  IndexToPointMatrix: 
0.599998 0 0
0 -0.4688 0
0 0 0.4688

  PointToIndexMatrix: 
1.66667 0 0
0 -2.13311 0
0 0 2.13311

  Inverse Direction: 
1 0 0
0 -1 0
0 0 1

  PixelContainer: 
    ImportImageContainer (0x3931190)
      RTTI typeinfo:   itk::ImportImageContainer<unsigned long, double>
      Reference Count: 1
      Modified Time: 1689
      Debug: Off
      Object Name: 
      Observers: 
        none
      Pointer: 0x2b0833602010
      Container manages memory: true
      Size: 73400320
      Capacity: 73400320

     Weighting = 1
     Sampling strategy = regular
     Number of bins = 32
     Radius = 4
     Sampling percentage  = 0.25
   Transform = Rigid
     Gradient step = 0.1
     Update field sigma (voxel space) = 0
     Total field sigma (voxel space) = 0
     Update field time sigma = 0
     Total field time sigma  = 0
     Number of time indices = 0
     Number of time point samples = 0
Stage 2 State
   Image metric = Mattes
     Fixed image = Image (0x393d4a0)
  RTTI typeinfo:   itk::Image<double, 3u>
  Reference Count: 2
  Modified Time: 2126
  Debug: Off
  Object Name: 
  Observers: 
    none
  Source: (none)
  Source output name: (none)
  Release Data: Off
  Data Released: False
  Global Release Data: Off
  PipelineMTime: 0
  UpdateMTime: 1909
  RealTimeStamp: 0 seconds 
  LargestPossibleRegion: 
    Dimension: 3
    Index: [0, 0, 0]
    Size: [364, 436, 364]
  BufferedRegion: 
    Dimension: 3
    Index: [0, 0, 0]
    Size: [364, 436, 364]
  RequestedRegion: 
    Dimension: 3
    Index: [0, 0, 0]
    Size: [364, 436, 364]
  Spacing: [0.5, 0.5, 0.5]
  Origin: [-90, 126, -72]
  Direction: 
1 0 0
0 -1 0
0 0 1

  IndexToPointMatrix: 
0.5 0 0
0 -0.5 0
0 0 0.5

  PointToIndexMatrix: 
2 0 0
0 -2 0
0 0 2

  Inverse Direction: 
1 0 0
0 -1 0
0 0 1

  PixelContainer: 
    ImportImageContainer (0x393d760)
      RTTI typeinfo:   itk::ImportImageContainer<unsigned long, double>
      Reference Count: 1
      Modified Time: 1906
      Debug: Off
      Object Name: 
      Observers: 
        none
      Pointer: 0x2b0856603010
      Container manages memory: true
      Size: 57768256
      Capacity: 57768256

     Moving image = Image (0x39275b0)
  RTTI typeinfo:   itk::Image<double, 3u>
  Reference Count: 2
  Modified Time: 2127
  Debug: Off
  Object Name: 
  Observers: 
    none
  Source: (none)
  Source output name: (none)
  Release Data: Off
  Data Released: False
  Global Release Data: Off
  PipelineMTime: 0
  UpdateMTime: 2124
  RealTimeStamp: 0 seconds 
  LargestPossibleRegion: 
    Dimension: 3
    Index: [0, 0, 0]
    Size: [280, 512, 512]
  BufferedRegion: 
    Dimension: 3
    Index: [0, 0, 0]
    Size: [280, 512, 512]
  RequestedRegion: 
    Dimension: 3
    Index: [0, 0, 0]
    Size: [280, 512, 512]
  Spacing: [0.599998, 0.4688, 0.4688]
  Origin: [-89.3246, 77.9162, -116.666]
  Direction: 
1 0 0
0 -1 0
0 0 1

  IndexToPointMatrix: 
0.599998 0 0
0 -0.4688 0
0 0 0.4688

  PointToIndexMatrix: 
1.66667 0 0
0 -2.13311 0
0 0 2.13311

  Inverse Direction: 
1 0 0
0 -1 0
0 0 1

  PixelContainer: 
    ImportImageContainer (0x392cc90)
      RTTI typeinfo:   itk::ImportImageContainer<unsigned long, double>
      Reference Count: 1
      Modified Time: 2121
      Debug: Off
      Object Name: 
      Observers: 
        none
      Pointer: 0x2b0871ec0010
      Container manages memory: true
      Size: 73400320
      Capacity: 73400320

     Weighting = 1
     Sampling strategy = regular
     Number of bins = 32
     Radius = 4
     Sampling percentage  = 0.25
   Transform = Affine
     Gradient step = 0.1
     Update field sigma (voxel space) = 0
     Total field sigma (voxel space) = 0
     Update field time sigma = 0
     Total field time sigma  = 0
     Number of time indices = 0
     Number of time point samples = 0
Registration using 2 total stages.

Stage 0
  iterations = 2000x2000x2000x2000x2000
  convergence threshold = 1e-06
  convergence window size = 10
  number of levels = 5
  using the Mattes MI metric (number of bins = 32, weight = 1, use gradient filter = 0)
  preprocessing:  winsorizing the image intensities
  preprocessing:  histogram matching the images
  Shrink factors (level 1 out of 5): [8, 8, 8]
  Shrink factors (level 2 out of 5): [8, 8, 8]
  Shrink factors (level 3 out of 5): [4, 4, 4]
  Shrink factors (level 4 out of 5): [2, 2, 2]
  Shrink factors (level 5 out of 5): [1, 1, 1]
  smoothing sigmas per level: [4, 3, 2, 1, 0]
  regular sampling (percentage = 0.25)

*** Running Euler3DTransform registration ***

DIAGNOSTIC,Iteration,metricValue,convergenceValue,ITERATION_TIME_INDEX,SINCE_LAST
 2DIAGNOSTIC,     1, -5.756273292182e-01, 1.797693134862e+308, 1.3796e+00, 1.3796e+00, 
 2DIAGNOSTIC,     2, -5.783630290586e-01, 1.797693134862e+308, 1.3895e+00, 9.9261e-03, 
 2DIAGNOSTIC,     3, -5.827965847085e-01, 1.797693134862e+308, 1.4013e+00, 1.1788e-02, 
 2DIAGNOSTIC,     4, -5.891071965086e-01, 1.797693134862e+308, 1.4191e+00, 1.7735e-02, 
 2DIAGNOSTIC,     5, -5.987550337383e-01, 1.797693134862e+308, 1.4309e+00, 1.1857e-02, 
 2DIAGNOSTIC,     6, -6.148644997755e-01, 1.797693134862e+308, 1.4426e+00, 1.1638e-02, 
 2DIAGNOSTIC,     7, -6.325555825197e-01, 1.797693134862e+308, 1.4552e+00, 1.2609e-02, 
 2DIAGNOSTIC,     8, -6.392586825940e-01, 1.797693134862e+308, 1.4680e+00, 1.2820e-02, 
 2DIAGNOSTIC,     9, -6.429558228626e-01, 1.797693134862e+308, 1.4778e+00, 9.8269e-03, 
 2DIAGNOSTIC,    10, -6.493426374212e-01, 8.977581013032e-03, 1.4878e+00, 1.0016e-02, 
 2DIAGNOSTIC,    11, -6.542034627243e-01, 8.145672978620e-03, 1.5016e+00, 1.3740e-02, 
 2DIAGNOSTIC,    12, -6.573789382689e-01, 6.947397745274e-03, 1.5214e+00, 1.9805e-02, 
 2DIAGNOSTIC,    13, -6.651514563822e-01, 5.747194556839e-03, 1.5331e+00, 1.1760e-02, 
 2DIAGNOSTIC,    14, -6.769814598043e-01, 4.793080693596e-03, 1.5454e+00, 1.2276e-02, 
 2DIAGNOSTIC,    15, -6.919853749294e-01, 4.262535835589e-03, 1.5573e+00, 1.1893e-02, 
 2DIAGNOSTIC,    16, -6.957974494451e-01, 3.954869569137e-03, 1.5799e+00, 2.2625e-02, 
 2DIAGNOSTIC,    17, -6.962546301168e-01, 3.803641534619e-03, 1.5911e+00, 1.1180e-02, 
 2DIAGNOSTIC,    18, -6.962369426011e-01, 3.489389673677e-03, 1.6081e+00, 1.6946e-02, 
 2DIAGNOSTIC,    19, -6.962523139206e-01, 2.968700917116e-03, 1.6227e+00, 1.4602e-02, 
 2DIAGNOSTIC,    20, -6.961973495112e-01, 2.362552795709e-03, 1.6385e+00, 1.5857e-02, 
 2DIAGNOSTIC,    21, -6.961792424454e-01, 1.701782501286e-03, 1.6537e+00, 1.5190e-02, 
 2DIAGNOSTIC,    22, -6.961753174288e-01, 1.012796533852e-03, 1.6644e+00, 1.0744e-02, 
 2DIAGNOSTIC,    23, -6.962065567393e-01, 4.391642479287e-04, 1.6777e+00, 1.3239e-02, 
 2DIAGNOSTIC,    24, -6.962214554354e-01, 8.282501875312e-05, 1.6856e+00, 7.9391e-03, 
 2DIAGNOSTIC,    25, -6.961929925421e-01, 6.654048576527e-06, 1.6922e+00, 6.5780e-03, 
DIAGNOSTIC,Iteration,metricValue,convergenceValue,ITERATION_TIME_INDEX,SINCE_LAST
 2DIAGNOSTIC,     1, -6.499359225900e-01, 1.797693134862e+308, 3.0791e+00, 1.3869e+00, 
 2DIAGNOSTIC,     2, -6.506894977097e-01, 1.797693134862e+308, 3.0853e+00, 6.2289e-03, 
 2DIAGNOSTIC,     3, -6.515551289949e-01, 1.797693134862e+308, 3.0911e+00, 5.7621e-03, 
 2DIAGNOSTIC,     4, -6.522465113917e-01, 1.797693134862e+308, 3.1039e+00, 1.2867e-02, 
 2DIAGNOSTIC,     5, -6.525236772467e-01, 1.797693134862e+308, 3.1201e+00, 1.6150e-02, 
 2DIAGNOSTIC,     6, -6.526612641335e-01, 1.797693134862e+308, 3.1325e+00, 1.2463e-02, 
 2DIAGNOSTIC,     7, -6.528618175784e-01, 1.797693134862e+308, 3.1465e+00, 1.3969e-02, 
 2DIAGNOSTIC,     8, -6.528337808317e-01, 1.797693134862e+308, 3.1572e+00, 1.0717e-02, 
 2DIAGNOSTIC,     9, -6.529019368827e-01, 1.797693134862e+308, 3.1679e+00, 1.0707e-02, 
 2DIAGNOSTIC,    10, -6.529225480627e-01, 2.702212197690e-04, 3.1765e+00, 8.5299e-03, 
 2DIAGNOSTIC,    11, -6.528828385061e-01, 1.623900914392e-04, 3.1834e+00, 6.9339e-03, 
 2DIAGNOSTIC,    12, -6.528809270559e-01, 8.506145840022e-05, 3.1897e+00, 6.2640e-03, 
 2DIAGNOSTIC,    13, -6.528821561070e-01, 4.075574154279e-05, 3.1980e+00, 8.3690e-03, 
 2DIAGNOSTIC,    14, -6.529404181531e-01, 2.248372222435e-05, 3.2129e+00, 1.4904e-02, 
 2DIAGNOSTIC,    15, -6.529111308583e-01, 1.188481174721e-05, 3.2237e+00, 1.0759e-02, 
 2DIAGNOSTIC,    16, -6.528914819181e-01, 4.850958163188e-06, 3.2338e+00, 1.0106e-02, 
 2DIAGNOSTIC,    17, -6.529069429962e-01, 4.001508480608e-06, 3.2439e+00, 1.0102e-02, 
 2DIAGNOSTIC,    18, -6.528851172503e-01, 1.752616623774e-06, 3.2534e+00, 9.5229e-03, 
DIAGNOSTIC,Iteration,metricValue,convergenceValue,ITERATION_TIME_INDEX,SINCE_LAST
 2DIAGNOSTIC,     1, -6.054181512177e-01, 1.797693134862e+308, 4.8935e+00, 1.6401e+00, 
 2DIAGNOSTIC,     2, -6.055778538521e-01, 1.797693134862e+308, 5.0007e+00, 1.0723e-01, 
 2DIAGNOSTIC,     3, -6.057790844437e-01, 1.797693134862e+308, 5.0966e+00, 9.5889e-02, 
 2DIAGNOSTIC,     4, -6.059956426798e-01, 1.797693134862e+308, 5.1782e+00, 8.1600e-02, 
 2DIAGNOSTIC,     5, -6.063832397752e-01, 1.797693134862e+308, 5.2642e+00, 8.5989e-02, 
 2DIAGNOSTIC,     6, -6.072030595293e-01, 1.797693134862e+308, 5.4017e+00, 1.3754e-01, 
 2DIAGNOSTIC,     7, -6.073274314900e-01, 1.797693134862e+308, 5.4879e+00, 8.6201e-02, 
 2DIAGNOSTIC,     8, -6.074021827370e-01, 1.797693134862e+308, 5.6050e+00, 1.1705e-01, 
 2DIAGNOSTIC,     9, -6.074537445705e-01, 1.797693134862e+308, 5.7011e+00, 9.6074e-02, 
 2DIAGNOSTIC,    10, -6.074594640932e-01, 2.644765127370e-04, 5.7964e+00, 9.5292e-02, 
 2DIAGNOSTIC,    11, -6.075167814141e-01, 2.127185456401e-04, 5.9008e+00, 1.0450e-01, 
 2DIAGNOSTIC,    12, -6.075467095909e-01, 1.580695055104e-04, 6.0034e+00, 1.0254e-01, 
 2DIAGNOSTIC,    13, -6.075759808814e-01, 1.064655126232e-04, 6.1232e+00, 1.1986e-01, 
 2DIAGNOSTIC,    14, -6.075863800572e-01, 6.039006599297e-05, 6.3012e+00, 1.7794e-01, 
 2DIAGNOSTIC,    15, -6.075905210029e-01, 2.674114271241e-05, 6.4813e+00, 1.8008e-01, 
 2DIAGNOSTIC,    16, -6.075930839784e-01, 1.904140128964e-05, 6.6131e+00, 1.3185e-01, 
 2DIAGNOSTIC,    17, -6.075875025985e-01, 1.389232179806e-05, 6.7873e+00, 1.7417e-01, 
 2DIAGNOSTIC,    18, -6.075889595660e-01, 1.016539872350e-05, 6.8836e+00, 9.6333e-02, 
 2DIAGNOSTIC,    19, -6.075817185564e-01, 7.161131855761e-06, 7.0741e+00, 1.9046e-01, 
 2DIAGNOSTIC,    20, -6.075823131836e-01, 4.077117556449e-06, 7.2055e+00, 1.3143e-01, 
 2DIAGNOSTIC,    21, -6.075786391349e-01, 2.241239525885e-06, 7.2868e+00, 8.1270e-02, 
DIAGNOSTIC,Iteration,metricValue,convergenceValue,ITERATION_TIME_INDEX,SINCE_LAST
 2DIAGNOSTIC,     1, -5.517266034208e-01, 1.797693134862e+308, 1.0264e+01, 2.9768e+00, 
 2DIAGNOSTIC,     2, -5.518337860159e-01, 1.797693134862e+308, 1.0955e+01, 6.9188e-01, 
 2DIAGNOSTIC,     3, -5.520012086655e-01, 1.797693134862e+308, 1.2378e+01, 1.4230e+00, 
 2DIAGNOSTIC,     4, -5.520025080908e-01, 1.797693134862e+308, 1.3313e+01, 9.3415e-01, 
 2DIAGNOSTIC,     5, -5.520024255607e-01, 1.797693134862e+308, 1.4250e+01, 9.3706e-01, 
 2DIAGNOSTIC,     6, -5.520024592021e-01, 1.797693134862e+308, 1.5133e+01, 8.8373e-01, 
 2DIAGNOSTIC,     7, -5.520020229667e-01, 1.797693134862e+308, 1.6138e+01, 1.0042e+00, 
 2DIAGNOSTIC,     8, -5.520016655903e-01, 1.797693134862e+308, 1.6925e+01, 7.8787e-01, 
 2DIAGNOSTIC,     9, -5.520012355041e-01, 1.797693134862e+308, 1.7697e+01, 7.7164e-01, 
 2DIAGNOSTIC,    10, -5.520004974247e-01, 2.482111808319e-05, 1.8540e+01, 8.4329e-01, 
 2DIAGNOSTIC,    11, -5.520005069162e-01, 1.060533539549e-05, 1.9234e+01, 6.9319e-01, 
 2DIAGNOSTIC,    12, -5.519997195529e-01, 2.426958137014e-06, 1.9924e+01, 6.9076e-01, 
 2DIAGNOSTIC,    13, -5.519997466682e-01, 2.158748583378e-06, 2.0637e+01, 7.1308e-01, 
 2DIAGNOSTIC,    14, -5.519993648784e-01, 1.988681110107e-06, 2.1450e+01, 8.1292e-01, 
 2DIAGNOSTIC,    15, -5.519996921654e-01, 1.875593966541e-06, 2.2228e+01, 7.7792e-01, 
 2DIAGNOSTIC,    16, -5.519989663714e-01, 1.776636127451e-06, 2.2943e+01, 7.1510e-01, 
 2DIAGNOSTIC,    17, -5.519990031187e-01, 1.697445479919e-06, 2.3645e+01, 7.0139e-01, 
 2DIAGNOSTIC,    18, -5.519986691197e-01, 1.623422177327e-06, 2.4404e+01, 7.5944e-01, 
 2DIAGNOSTIC,    19, -5.519987433912e-01, 1.561197664569e-06, 2.5196e+01, 7.9135e-01, 
 2DIAGNOSTIC,    20, -5.519984509235e-01, 1.488754801021e-06, 2.5866e+01, 6.7077e-01, 
 2DIAGNOSTIC,    21, -5.519986270783e-01, 1.438015544246e-06, 2.6755e+01, 8.8894e-01, 
 2DIAGNOSTIC,    22, -5.519986676481e-01, 1.381487097635e-06, 2.7453e+01, 6.9818e-01, 
 2DIAGNOSTIC,    23, -5.519977149375e-01, 1.315286063827e-06, 2.8232e+01, 7.7814e-01, 
 2DIAGNOSTIC,    24, -5.519977556537e-01, 1.253943867997e-06, 2.8868e+01, 6.3659e-01, 
 2DIAGNOSTIC,    25, -5.519973168950e-01, 1.202089772723e-06, 2.9625e+01, 7.5707e-01, 
 2DIAGNOSTIC,    26, -5.519977073376e-01, 1.154032974404e-06, 3.0326e+01, 7.0097e-01, 
 2DIAGNOSTIC,    27, -5.519973095906e-01, 1.109045105391e-06, 3.1096e+01, 7.7015e-01, 
 2DIAGNOSTIC,    28, -5.519973996357e-01, 1.069707842596e-06, 3.1911e+01, 8.1473e-01, 
 2DIAGNOSTIC,    29, -5.519977400799e-01, 1.046977743911e-06, 3.2801e+01, 8.9038e-01, 
 2DIAGNOSTIC,    30, -5.519977001093e-01, 1.024274056689e-06, 3.3617e+01, 8.1524e-01, 
 2DIAGNOSTIC,    31, -5.519973662225e-01, 1.003686343690e-06, 3.4375e+01, 7.5839e-01, 
DIAGNOSTIC,Iteration,metricValue,convergenceValue,ITERATION_TIME_INDEX,SINCE_LAST
 2DIAGNOSTIC,     1, -5.064034353594e-01, 1.797693134862e+308, 5.0324e+01, 1.5949e+01, 
 2DIAGNOSTIC,     2, -5.064037672272e-01, 1.797693134862e+308, 5.5863e+01, 5.5395e+00, 
 2DIAGNOSTIC,     3, -5.064037295677e-01, 1.797693134862e+308, 6.0416e+01, 4.5527e+00, 
 2DIAGNOSTIC,     4, -5.064035951799e-01, 1.797693134862e+308, 6.7394e+01, 6.9779e+00, 
 2DIAGNOSTIC,     5, -5.064035622861e-01, 1.797693134862e+308, 7.2141e+01, 4.7471e+00, 
 2DIAGNOSTIC,     6, -5.064035660925e-01, 1.797693134862e+308, 7.6756e+01, 4.6147e+00, 
 2DIAGNOSTIC,     7, -5.064034511524e-01, 1.797693134862e+308, 8.1331e+01, 4.5755e+00, 
 2DIAGNOSTIC,     8, -5.064034528861e-01, 1.797693134862e+308, 8.5883e+01, 4.5517e+00, 
 2DIAGNOSTIC,     9, -5.064034370663e-01, 1.797693134862e+308, 9.0616e+01, 4.7335e+00, 
 2DIAGNOSTIC,    10, -5.064034258964e-01, 3.149632577609e-06, 9.5280e+01, 4.6636e+00, 
 2DIAGNOSTIC,    11, -5.064033677693e-01, 2.848656444537e-06, 9.9398e+01, 4.1181e+00, 
 2DIAGNOSTIC,    12, -5.064033757938e-01, 2.617707606289e-06, 1.0414e+02, 4.7413e+00, 
 2DIAGNOSTIC,    13, -5.064034211033e-01, 2.425733767908e-06, 1.0830e+02, 4.1623e+00, 
 2DIAGNOSTIC,    14, -5.064034195657e-01, 2.257550356280e-06, 1.1245e+02, 4.1496e+00, 
 2DIAGNOSTIC,    15, -5.064033608346e-01, 2.109684522453e-06, 1.1684e+02, 4.3932e+00, 
 2DIAGNOSTIC,    16, -5.064031583517e-01, 1.974566125343e-06, 1.2113e+02, 4.2805e+00, 
 2DIAGNOSTIC,    17, -5.064032871497e-01, 1.857199171833e-06, 1.2569e+02, 4.5667e+00, 
 2DIAGNOSTIC,    18, -5.064032685601e-01, 1.753373296685e-06, 1.2996e+02, 4.2707e+00, 
 2DIAGNOSTIC,    19, -5.064031466442e-01, 1.657649929127e-06, 1.3479e+02, 4.8246e+00, 
 2DIAGNOSTIC,    20, -5.064028981974e-01, 1.566022455705e-06, 1.3935e+02, 4.5665e+00, 
 2DIAGNOSTIC,    21, -5.064026943101e-01, 1.478633538200e-06, 1.4409e+02, 4.7328e+00, 
 2DIAGNOSTIC,    22, -5.064028081986e-01, 1.405601250851e-06, 1.4874e+02, 4.6561e+00, 
 2DIAGNOSTIC,    23, -5.064028392625e-01, 1.344226062100e-06, 1.5354e+02, 4.7966e+00, 
 2DIAGNOSTIC,    24, -5.064028111060e-01, 1.290946015024e-06, 1.5880e+02, 5.2647e+00, 
 2DIAGNOSTIC,    25, -5.064028148457e-01, 1.244278477516e-06, 1.6348e+02, 4.6770e+00, 
 2DIAGNOSTIC,    26, -5.064027529005e-01, 1.198096327697e-06, 1.6816e+02, 4.6770e+00, 
 2DIAGNOSTIC,    27, -5.064026230027e-01, 1.157599257152e-06, 1.7297e+02, 4.8117e+00, 
 2DIAGNOSTIC,    28, -5.064026306824e-01, 1.121701114791e-06, 1.7779e+02, 4.8221e+00, 
 2DIAGNOSTIC,    29, -5.064025999379e-01, 1.086759963943e-06, 1.8266e+02, 4.8718e+00, 
 2DIAGNOSTIC,    30, -5.064022223864e-01, 1.043523907999e-06, 1.8771e+02, 5.0499e+00, 
 2DIAGNOSTIC,    31, -5.064022924626e-01, 1.002403326851e-06, 1.9186e+02, 4.1512e+00, 
  Elapsed time (stage 0): 1.9943e+02


Stage 1
  iterations = 1000x1000x1000x1000x1000
  convergence threshold = 1.0000e-06
  convergence window size = 10
  number of levels = 5
  using the Mattes MI metric (number of bins = 32, weight = 1.0000e+00, use gradient filter = 0)
  preprocessing:  winsorizing the image intensities
  preprocessing:  histogram matching the images
  Shrink factors (level 1 out of 5): [8, 8, 8]
  Shrink factors (level 2 out of 5): [8, 8, 8]
  Shrink factors (level 3 out of 5): [4, 4, 4]
  Shrink factors (level 4 out of 5): [2, 2, 2]
  Shrink factors (level 5 out of 5): [1, 1, 1]
  smoothing sigmas per level: [4, 3, 2, 1, 0]
  regular sampling (percentage = 2.5000e-01)

*** Running AffineTransform registration ***

DIAGNOSTIC,Iteration,metricValue,convergenceValue,ITERATION_TIME_INDEX,SINCE_LAST
 2DIAGNOSTIC,     1, -6.953703487403e-01, 1.797693134862e+308, 1.4903e+00, 1.4903e+00, 
 2DIAGNOSTIC,     2, -6.973258442335e-01, 1.797693134862e+308, 1.5056e+00, 1.5282e-02, 
 2DIAGNOSTIC,     3, -7.010612317202e-01, 1.797693134862e+308, 1.5146e+00, 9.0020e-03, 
 2DIAGNOSTIC,     4, -7.075049941805e-01, 1.797693134862e+308, 1.5399e+00, 2.5332e-02, 
 2DIAGNOSTIC,     5, -7.177748977214e-01, 1.797693134862e+308, 1.5661e+00, 2.6223e-02, 
 2DIAGNOSTIC,     6, -7.332552536278e-01, 1.797693134862e+308, 1.5903e+00, 2.4179e-02, 
 2DIAGNOSTIC,     7, -7.527092340952e-01, 1.797693134862e+308, 1.6091e+00, 1.8833e-02, 
 2DIAGNOSTIC,     8, -7.829664355358e-01, 1.797693134862e+308, 1.6190e+00, 9.8619e-03, 
 2DIAGNOSTIC,     9, -8.361599435982e-01, 1.797693134862e+308, 1.6630e+00, 4.3980e-02, 
 2DIAGNOSTIC,    10, -8.539867947891e-01, 1.372573109301e-02, 1.6920e+00, 2.8972e-02, 
 2DIAGNOSTIC,    11, -8.598613425494e-01, 1.432302094346e-02, 1.7111e+00, 1.9108e-02, 
 2DIAGNOSTIC,    12, -8.671861457829e-01, 1.383165816369e-02, 1.7202e+00, 9.1462e-03, 
 2DIAGNOSTIC,    13, -8.704166582850e-01, 1.236886027281e-02, 1.7434e+00, 2.3188e-02, 
 2DIAGNOSTIC,    14, -8.720751565911e-01, 1.021394319487e-02, 1.8019e+00, 5.8522e-02, 
 2DIAGNOSTIC,    15, -8.726352705470e-01, 7.708847090851e-03, 1.8159e+00, 1.3980e-02, 
 2DIAGNOSTIC,    16, -8.726862670050e-01, 5.205990803906e-03, 1.8390e+00, 2.3087e-02, 
 2DIAGNOSTIC,    17, -8.727977120353e-01, 2.957494322026e-03, 1.8660e+00, 2.6987e-02, 
 2DIAGNOSTIC,    18, -8.729147428148e-01, 1.281581798617e-03, 1.8911e+00, 2.5141e-02, 
 2DIAGNOSTIC,    19, -8.730963523641e-01, 6.626881715110e-04, 1.9068e+00, 1.5655e-02, 
 2DIAGNOSTIC,    20, -8.733702887799e-01, 3.664630551712e-04, 1.9152e+00, 8.4240e-03, 
 2DIAGNOSTIC,    21, -8.736758598790e-01, 1.671633864928e-04, 1.9296e+00, 1.4386e-02, 
 2DIAGNOSTIC,    22, -8.740315891342e-01, 9.252073826561e-05, 1.9563e+00, 2.6726e-02, 
 2DIAGNOSTIC,    23, -8.745343946103e-01, 7.206563055195e-05, 1.9734e+00, 1.7111e-02, 
 2DIAGNOSTIC,    24, -8.752423448986e-01, 8.066299729455e-05, 1.9871e+00, 1.3709e-02, 
 2DIAGNOSTIC,    25, -8.775738612506e-01, 1.208874195089e-04, 2.0083e+00, 2.1162e-02, 
 2DIAGNOSTIC,    26, -8.781703744874e-01, 1.544384711766e-04, 2.0469e+00, 3.8627e-02, 
 2DIAGNOSTIC,    27, -8.788119865280e-01, 1.807584338272e-04, 2.0728e+00, 2.5843e-02, 
 2DIAGNOSTIC,    28, -8.791444786348e-01, 1.939091853175e-04, 2.1125e+00, 3.9764e-02, 
 2DIAGNOSTIC,    29, -8.798658304422e-01, 1.984375363853e-04, 2.1457e+00, 3.3210e-02, 
 2DIAGNOSTIC,    30, -8.802914878184e-01, 1.914626533774e-04, 2.2036e+00, 5.7875e-02, 
 2DIAGNOSTIC,    31, -8.808888861714e-01, 1.767766827033e-04, 2.2176e+00, 1.4010e-02, 
 2DIAGNOSTIC,    32, -8.809549162891e-01, 1.511137502657e-04, 2.2427e+00, 2.5047e-02, 
 2DIAGNOSTIC,    33, -8.810182879539e-01, 1.189051458304e-04, 2.2662e+00, 2.3547e-02, 
 2DIAGNOSTIC,    34, -8.809091747440e-01, 8.293684049441e-05, 2.2931e+00, 2.6928e-02, 
 2DIAGNOSTIC,    35, -8.809201875041e-01, 6.391853305983e-05, 2.3085e+00, 1.5369e-02, 
 2DIAGNOSTIC,    36, -8.809112410614e-01, 4.540827160766e-05, 2.3170e+00, 8.5039e-03, 
 2DIAGNOSTIC,    37, -8.808668684397e-01, 2.918216070135e-05, 2.3455e+00, 2.8502e-02, 
 2DIAGNOSTIC,    38, -8.808842532371e-01, 1.421832785971e-05, 2.3617e+00, 1.6182e-02, 
 2DIAGNOSTIC,    39, -8.808983655536e-01, 5.111702282932e-06, 2.3822e+00, 2.0506e-02, 
DIAGNOSTIC,Iteration,metricValue,convergenceValue,ITERATION_TIME_INDEX,SINCE_LAST
 2DIAGNOSTIC,     1, -8.301088339749e-01, 1.797693134862e+308, 3.8741e+00, 1.4919e+00, 
 2DIAGNOSTIC,     2, -8.306867703954e-01, 1.797693134862e+308, 3.9037e+00, 2.9606e-02, 
 2DIAGNOSTIC,     3, -8.307854934710e-01, 1.797693134862e+308, 3.9135e+00, 9.7430e-03, 
 2DIAGNOSTIC,     4, -8.308387259552e-01, 1.797693134862e+308, 3.9297e+00, 1.6209e-02, 
 2DIAGNOSTIC,     5, -8.308278441960e-01, 1.797693134862e+308, 3.9603e+00, 3.0608e-02, 
 2DIAGNOSTIC,     6, -8.307083573801e-01, 1.797693134862e+308, 3.9876e+00, 2.7296e-02, 
 2DIAGNOSTIC,     7, -8.307204618916e-01, 1.797693134862e+308, 4.0080e+00, 2.0415e-02, 
 2DIAGNOSTIC,     8, -8.306972913683e-01, 1.797693134862e+308, 4.0168e+00, 8.8491e-03, 
 2DIAGNOSTIC,     9, -8.307272337601e-01, 1.797693134862e+308, 4.0472e+00, 3.0345e-02, 
 2DIAGNOSTIC,    10, -8.307633746451e-01, 2.210133130776e-05, 4.0797e+00, 3.2495e-02, 
 2DIAGNOSTIC,    11, -8.307882057081e-01, 1.177746529052e-06, 4.1055e+00, 2.5784e-02, 
 2DIAGNOSTIC,    12, -8.308171183692e-01, 1.145418020251e-06, 4.1162e+00, 1.0752e-02, 
 2DIAGNOSTIC,    13, -8.308266828310e-01, 4.016660769324e-06, 4.1468e+00, 3.0573e-02, 
 2DIAGNOSTIC,    14, -8.307969524040e-01, 6.884922274339e-06, 4.1808e+00, 3.4044e-02, 
 2DIAGNOSTIC,    15, -8.307978841062e-01, 8.809709774529e-06, 4.2049e+00, 2.4076e-02, 
 2DIAGNOSTIC,    16, -8.307839734769e-01, 7.006105875118e-06, 4.2139e+00, 8.9560e-03, 
 2DIAGNOSTIC,    17, -8.307496208169e-01, 4.523626107908e-06, 4.2366e+00, 2.2752e-02, 
 2DIAGNOSTIC,    18, -8.307784928883e-01, 2.192727767879e-06, 4.2642e+00, 2.7551e-02, 
DIAGNOSTIC,Iteration,metricValue,convergenceValue,ITERATION_TIME_INDEX,SINCE_LAST
 2DIAGNOSTIC,     1, -7.623378298373e-01, 1.797693134862e+308, 6.0491e+00, 1.7849e+00, 
 2DIAGNOSTIC,     2, -7.626370909215e-01, 1.797693134862e+308, 6.1874e+00, 1.3832e-01, 
 2DIAGNOSTIC,     3, -7.627919842284e-01, 1.797693134862e+308, 6.3550e+00, 1.6759e-01, 
 2DIAGNOSTIC,     4, -7.628704238633e-01, 1.797693134862e+308, 6.5557e+00, 2.0069e-01, 
 2DIAGNOSTIC,     5, -7.628775361720e-01, 1.797693134862e+308, 6.6773e+00, 1.2163e-01, 
 2DIAGNOSTIC,     6, -7.628797250542e-01, 1.797693134862e+308, 6.8244e+00, 1.4704e-01, 
 2DIAGNOSTIC,     7, -7.628789059496e-01, 1.797693134862e+308, 6.9668e+00, 1.4240e-01, 
 2DIAGNOSTIC,     8, -7.628774445634e-01, 1.797693134862e+308, 7.1065e+00, 1.3971e-01, 
 2DIAGNOSTIC,     9, -7.628616266440e-01, 1.797693134862e+308, 7.2129e+00, 1.0646e-01, 
 2DIAGNOSTIC,    10, -7.628666597943e-01, 3.259031789546e-05, 7.3403e+00, 1.2741e-01, 
 2DIAGNOSTIC,    11, -7.628653148943e-01, 1.261662269429e-05, 7.4497e+00, 1.0940e-01, 
 2DIAGNOSTIC,    12, -7.628643136498e-01, 4.251351089085e-06, 7.5746e+00, 1.2484e-01, 
 2DIAGNOSTIC,    13, -7.628739596475e-01, 1.688622186802e-06, 7.6829e+00, 1.0836e-01, 
 2DIAGNOSTIC,    14, -7.628886353711e-01, 2.032399894714e-06, 7.8355e+00, 1.5251e-01, 
 2DIAGNOSTIC,    15, -7.628985207435e-01, 2.763581866391e-06, 7.9763e+00, 1.4082e-01, 
 2DIAGNOSTIC,    16, -7.629079055589e-01, 3.609409923944e-06, 8.1293e+00, 1.5305e-01, 
 2DIAGNOSTIC,    17, -7.629132603673e-01, 4.306068738025e-06, 8.2712e+00, 1.4191e-01, 
 2DIAGNOSTIC,    18, -7.629124181689e-01, 4.660977186557e-06, 8.4152e+00, 1.4392e-01, 
 2DIAGNOSTIC,    19, -7.629106719302e-01, 4.360944637197e-06, 8.5529e+00, 1.3775e-01, 
 2DIAGNOSTIC,    20, -7.629090622233e-01, 3.906044815059e-06, 8.7048e+00, 1.5192e-01, 
 2DIAGNOSTIC,    21, -7.629086484558e-01, 3.250770333640e-06, 8.8297e+00, 1.2490e-01, 
 2DIAGNOSTIC,    22, -7.629140887023e-01, 2.566521920475e-06, 8.9639e+00, 1.3417e-01, 
 2DIAGNOSTIC,    23, -7.629189475346e-01, 2.066471118695e-06, 9.1069e+00, 1.4303e-01, 
 2DIAGNOSTIC,    24, -7.629164610320e-01, 1.731329135557e-06, 9.2427e+00, 1.3582e-01, 
 2DIAGNOSTIC,    25, -7.629162727765e-01, 1.529930363564e-06, 9.3854e+00, 1.4272e-01, 
 2DIAGNOSTIC,    26, -7.629220691558e-01, 1.535265019420e-06, 9.5370e+00, 1.5159e-01, 
 2DIAGNOSTIC,    27, -7.629245158509e-01, 1.613796811920e-06, 9.6658e+00, 1.2876e-01, 
 2DIAGNOSTIC,    28, -7.629233489433e-01, 1.617942160609e-06, 9.8241e+00, 1.5834e-01, 
 2DIAGNOSTIC,    29, -7.629219223306e-01, 1.539543732804e-06, 9.9833e+00, 1.5914e-01, 
 2DIAGNOSTIC,    30, -7.629196364071e-01, 1.378806736743e-06, 1.0123e+01, 1.3995e-01, 
 2DIAGNOSTIC,    31, -7.629199166118e-01, 1.194110672918e-06, 1.0291e+01, 1.6729e-01, 
 2DIAGNOSTIC,    32, -7.629212843301e-01, 1.080932656855e-06, 1.0414e+01, 1.2312e-01, 
DIAGNOSTIC,Iteration,metricValue,convergenceValue,ITERATION_TIME_INDEX,SINCE_LAST
 2DIAGNOSTIC,     1, -6.828541962609e-01, 1.797693134862e+308, 1.3561e+01, 3.1478e+00, 
 2DIAGNOSTIC,     2, -6.830857701904e-01, 1.797693134862e+308, 1.4423e+01, 8.6163e-01, 
 2DIAGNOSTIC,     3, -6.831173979300e-01, 1.797693134862e+308, 1.5207e+01, 7.8405e-01, 
 2DIAGNOSTIC,     4, -6.831244448412e-01, 1.797693134862e+308, 1.6076e+01, 8.6885e-01, 
 2DIAGNOSTIC,     5, -6.831270920335e-01, 1.797693134862e+308, 1.6988e+01, 9.1191e-01, 
 2DIAGNOSTIC,     6, -6.831304384736e-01, 1.797693134862e+308, 1.7876e+01, 8.8851e-01, 
 2DIAGNOSTIC,     7, -6.831302284555e-01, 1.797693134862e+308, 1.8739e+01, 8.6285e-01, 
 2DIAGNOSTIC,     8, -6.831283241890e-01, 1.797693134862e+308, 1.9596e+01, 8.5691e-01, 
 2DIAGNOSTIC,     9, -6.831273003785e-01, 1.797693134862e+308, 2.0442e+01, 8.4541e-01, 
 2DIAGNOSTIC,    10, -6.831230194141e-01, 1.632982282629e-05, 2.1467e+01, 1.0251e+00, 
 2DIAGNOSTIC,    11, -6.831237233074e-01, 4.609488926152e-06, 2.2253e+01, 7.8651e-01, 
 2DIAGNOSTIC,    12, -6.831213787633e-01, 2.606245486744e-06, 2.3155e+01, 9.0181e-01, 
 2DIAGNOSTIC,    13, -6.831204844255e-01, 1.896506990257e-06, 2.4025e+01, 8.7008e-01, 
 2DIAGNOSTIC,    14, -6.831208874042e-01, 1.559868881229e-06, 2.5200e+01, 1.1745e+00, 
 2DIAGNOSTIC,    15, -6.831205276069e-01, 1.393358329119e-06, 2.6056e+01, 8.5635e-01, 
 2DIAGNOSTIC,    16, -6.831205183852e-01, 1.400621161954e-06, 2.7086e+01, 1.0298e+00, 
 2DIAGNOSTIC,    17, -6.831202828056e-01, 1.450586516488e-06, 2.7986e+01, 9.0002e-01, 
 2DIAGNOSTIC,    18, -6.831199992416e-01, 1.483574020536e-06, 2.8860e+01, 8.7419e-01, 
 2DIAGNOSTIC,    19, -6.831197639973e-01, 1.513910458203e-06, 2.9721e+01, 8.6157e-01, 
 2DIAGNOSTIC,    20, -6.831197067803e-01, 1.464638348769e-06, 3.0449e+01, 7.2801e-01, 
 2DIAGNOSTIC,    21, -6.831195597126e-01, 1.443999126993e-06, 3.1097e+01, 6.4800e-01, 
 2DIAGNOSTIC,    22, -6.831192064171e-01, 1.381381210877e-06, 3.1798e+01, 7.0031e-01, 
 2DIAGNOSTIC,    23, -6.831192311757e-01, 1.314479593839e-06, 3.2488e+01, 6.9069e-01, 
 2DIAGNOSTIC,    24, -6.831188355468e-01, 1.259783430921e-06, 3.3412e+01, 9.2321e-01, 
 2DIAGNOSTIC,    25, -6.831188395077e-01, 1.209723249115e-06, 3.4123e+01, 7.1145e-01, 
 2DIAGNOSTIC,    26, -6.831179118176e-01, 1.154403130192e-06, 3.4842e+01, 7.1861e-01, 
 2DIAGNOSTIC,    27, -6.831177462356e-01, 1.103981462754e-06, 3.5548e+01, 7.0617e-01, 
 2DIAGNOSTIC,    28, -6.831171802309e-01, 1.051529835448e-06, 3.6338e+01, 7.8962e-01, 
DIAGNOSTIC,Iteration,metricValue,convergenceValue,ITERATION_TIME_INDEX,SINCE_LAST
 2DIAGNOSTIC,     1, -6.202033932905e-01, 1.797693134862e+308, 4.9726e+01, 1.3388e+01, 
 2DIAGNOSTIC,     2, -6.202037872638e-01, 1.797693134862e+308, 5.5088e+01, 5.3620e+00, 
 2DIAGNOSTIC,     3, -6.202043553944e-01, 1.797693134862e+308, 6.0993e+01, 5.9057e+00, 
 2DIAGNOSTIC,     4, -6.202034705481e-01, 1.797693134862e+308, 6.8468e+01, 7.4747e+00, 
 2DIAGNOSTIC,     5, -6.202038050668e-01, 1.797693134862e+308, 7.4228e+01, 5.7596e+00, 
 2DIAGNOSTIC,     6, -6.202037544137e-01, 1.797693134862e+308, 7.8942e+01, 4.7141e+00, 
 2DIAGNOSTIC,     7, -6.202037190040e-01, 1.797693134862e+308, 8.4107e+01, 5.1658e+00, 
 2DIAGNOSTIC,     8, -6.202037483023e-01, 1.797693134862e+308, 9.0465e+01, 6.3577e+00, 
 2DIAGNOSTIC,     9, -6.202037534087e-01, 1.797693134862e+308, 9.6311e+01, 5.8454e+00, 
 2DIAGNOSTIC,    10, -6.202034562616e-01, 3.167914716565e-06, 1.0135e+02, 5.0356e+00, 
 2DIAGNOSTIC,    11, -6.202033603338e-01, 2.848235137812e-06, 1.0641e+02, 5.0608e+00, 
 2DIAGNOSTIC,    12, -6.202033405364e-01, 2.599207378745e-06, 1.1145e+02, 5.0414e+00, 
 2DIAGNOSTIC,    13, -6.202033280825e-01, 2.413542787086e-06, 1.1719e+02, 5.7453e+00, 
 2DIAGNOSTIC,    14, -6.202032506686e-01, 2.225565950087e-06, 1.2184e+02, 4.6461e+00, 
 2DIAGNOSTIC,    15, -6.202032187065e-01, 2.076410172594e-06, 1.2653e+02, 4.6898e+00, 
 2DIAGNOSTIC,    16, -6.202032030364e-01, 1.948172882141e-06, 1.3164e+02, 5.1058e+00, 
 2DIAGNOSTIC,    17, -6.202031264102e-01, 1.835515925218e-06, 1.3680e+02, 5.1624e+00, 
 2DIAGNOSTIC,    18, -6.202030930645e-01, 1.738484848066e-06, 1.4215e+02, 5.3480e+00, 
 2DIAGNOSTIC,    19, -6.202031021670e-01, 1.654872726679e-06, 1.4675e+02, 4.6000e+00, 
 2DIAGNOSTIC,    20, -6.202030407585e-01, 1.573232402234e-06, 1.5249e+02, 5.7492e+00, 
 2DIAGNOSTIC,    21, -6.202030630459e-01, 1.499393620340e-06, 1.5784e+02, 5.3430e+00, 
 2DIAGNOSTIC,    22, -6.202030567515e-01, 1.433140774186e-06, 1.6230e+02, 4.4630e+00, 
 2DIAGNOSTIC,    23, -6.202030259668e-01, 1.373018530072e-06, 1.6749e+02, 5.1937e+00, 
 2DIAGNOSTIC,    24, -6.202030475954e-01, 1.317796845805e-06, 1.7261e+02, 5.1174e+00, 
 2DIAGNOSTIC,    25, -6.202030157936e-01, 1.266517400275e-06, 1.7814e+02, 5.5271e+00, 
 2DIAGNOSTIC,    26, -6.202030105249e-01, 1.219410305404e-06, 1.8354e+02, 5.3977e+00, 
 2DIAGNOSTIC,    27, -6.202030856779e-01, 1.176154294902e-06, 1.8827e+02, 4.7339e+00, 
 2DIAGNOSTIC,    28, -6.202030524151e-01, 1.135038046898e-06, 1.9335e+02, 5.0818e+00, 
 2DIAGNOSTIC,    29, -6.202030365995e-01, 1.096805008191e-06, 1.9859e+02, 5.2358e+00, 
 2DIAGNOSTIC,    30, -6.202030509156e-01, 1.060418001866e-06, 2.0297e+02, 4.3830e+00, 
 2DIAGNOSTIC,    31, -6.202030779152e-01, 1.027083210238e-06, 2.0697e+02, 4.0013e+00, 
  Elapsed time (stage 1): 2.1467e+02


Total elapsed time: 4.1411e+02
ALL Done
