
Running for 3-dimensional images.

*********10*********20*********30*********40*********50*********60*********70*********80*********90*********

   AdaptiveNonLocalMeansDenoisingImageFilter (0x2800370)
     RTTI typeinfo:   itk::AdaptiveNonLocalMeansDenoisingImageFilter<itk::Image<float, 3u>, itk::Image<float, 3u>, itk::Image<unsigned char, 3u> >
     Reference Count: 1
     Modified Time: 392
     Debug: Off
     Object Name: 
     Observers: 
       ProgressEvent(Command)
     Inputs: 
       Primary: (0x27ff320) *
       _1: (0)
     Indexed Inputs: 
       0: Primary (0x27ff320)
       1: _1 (0)
     Required Input Names: Primary
     NumberOfRequiredInputs: 1
     Outputs: 
       Primary: (0x27feda0)
     Indexed Outputs: 
       0: Primary (0x27feda0)
     NumberOfRequiredOutputs: 1
     Number Of Work Units: 56
     ReleaseDataFlag: Off
     ReleaseDataBeforeUpdateFlag: Off
     AbortGenerateData: Off
     Progress: 1
     Multithreader: 
       RTTI typeinfo:   itk::PoolMultiThreader
       Reference Count: 1
       Modified Time: 352
       Debug: Off
       Object Name: 
       Observers: 
         none
       Number of Work Units: 52
       Number of Threads: 14
       Global Maximum Number Of Threads: 128
       Global Default Number Of Threads: 14
       Global Default Threader Type: itk::MultiThreaderBaseEnums::Threader::Pool
       SingleMethod: 1
       SingleData: 0x7ffe31147e38
     DynamicMultiThreading: Off
     CoordinateTolerance: 1e-06
     DirectionTolerance: 1e-06
Using mean squares to measure the patch similarity.
     Neighborhood search radius = [2, 2, 2]
     Neighborhood patch radius = [1, 1, 1]
     Using Rician noise model.
     Epsilon = 1e-05
     Mean threshold = 0.95
     Variance threshold = 0.5
     Smoothing variance = 2
     Neighborhood radius for local mean and variance = [1, 1, 1]
Elapsed time: 330.334
All_Command_lines_OK
Using double precision for computations.
=============================================================================
The composite transform comprises the following transforms (in order): 
  1. Center of mass alignment using fixed image: /Dedicated/jmichaelson-wdata/msmuhammad/projects/RPOE/3dprint/data/derivatives/pre-freesurfer/../../temp/MNI152_T1_0.5mm.nii.gz and moving image: /Dedicated/jmichaelson-wdata/msmuhammad/projects/RPOE/3dprint/data/derivatives/pre-freesurfer/2E_043/2E_043/2E_043_reorient_RPI_denoise.nii.gz (type = Euler3DTransform)
=============================================================================
  number of levels = 5
  number of levels = 5
  fixed image: /Dedicated/jmichaelson-wdata/msmuhammad/projects/RPOE/3dprint/data/derivatives/pre-freesurfer/../../temp/MNI152_T1_0.5mm.nii.gz
  moving image: /Dedicated/jmichaelson-wdata/msmuhammad/projects/RPOE/3dprint/data/derivatives/pre-freesurfer/2E_043/2E_043/2E_043_reorient_RPI_denoise.nii.gz
  fixed image: /Dedicated/jmichaelson-wdata/msmuhammad/projects/RPOE/3dprint/data/derivatives/pre-freesurfer/../../temp/MNI152_T1_0.5mm.nii.gz
  moving image: /Dedicated/jmichaelson-wdata/msmuhammad/projects/RPOE/3dprint/data/derivatives/pre-freesurfer/2E_043/2E_043/2E_043_reorient_RPI_denoise.nii.gz
Dimension = 3
Number of stages = 2
Use histogram matching = true
Winsorize image intensities = true
  Lower quantile = 0.005
  Upper quantile = 0.995


Stage 1 State
   Image metric = Mattes
     Fixed image = Image (0x38a5f10)
  RTTI typeinfo:   itk::Image<double, 3u>
  Reference Count: 2
  Modified Time: 1694
  Debug: Off
  Object Name: 
  Observers: 
    none
  Source: (none)
  Source output name: (none)
  Release Data: Off
  Data Released: False
  Global Release Data: Off
  PipelineMTime: 0
  UpdateMTime: 1477
  RealTimeStamp: 0 seconds 
  LargestPossibleRegion: 
    Dimension: 3
    Index: [0, 0, 0]
    Size: [364, 436, 364]
  BufferedRegion: 
    Dimension: 3
    Index: [0, 0, 0]
    Size: [364, 436, 364]
  RequestedRegion: 
    Dimension: 3
    Index: [0, 0, 0]
    Size: [364, 436, 364]
  Spacing: [0.5, 0.5, 0.5]
  Origin: [-90, 126, -72]
  Direction: 
1 0 0
0 -1 0
0 0 1

  IndexToPointMatrix: 
0.5 0 0
0 -0.5 0
0 0 0.5

  PointToIndexMatrix: 
2 0 0
0 -2 0
0 0 2

  Inverse Direction: 
1 0 0
0 -1 0
0 0 1

  PixelContainer: 
    ImportImageContainer (0x38929d0)
      RTTI typeinfo:   itk::ImportImageContainer<unsigned long, double>
      Reference Count: 1
      Modified Time: 1474
      Debug: Off
      Object Name: 
      Observers: 
        none
      Pointer: 0x2ab456ba7010
      Container manages memory: true
      Size: 57768256
      Capacity: 57768256

     Moving image = Image (0x38a5af0)
  RTTI typeinfo:   itk::Image<double, 3u>
  Reference Count: 2
  Modified Time: 1695
  Debug: Off
  Object Name: 
  Observers: 
    none
  Source: (none)
  Source output name: (none)
  Release Data: Off
  Data Released: False
  Global Release Data: Off
  PipelineMTime: 0
  UpdateMTime: 1692
  RealTimeStamp: 0 seconds 
  LargestPossibleRegion: 
    Dimension: 3
    Index: [0, 0, 0]
    Size: [280, 512, 512]
  BufferedRegion: 
    Dimension: 3
    Index: [0, 0, 0]
    Size: [280, 512, 512]
  RequestedRegion: 
    Dimension: 3
    Index: [0, 0, 0]
    Size: [280, 512, 512]
  Spacing: [0.599998, 0.4688, 0.4688]
  Origin: [-86.1996, 79.7912, -121.041]
  Direction: 
1 0 0
0 -1 0
0 0 1

  IndexToPointMatrix: 
0.599998 0 0
0 -0.4688 0
0 0 0.4688

  PointToIndexMatrix: 
1.66667 0 0
0 -2.13311 0
0 0 2.13311

  Inverse Direction: 
1 0 0
0 -1 0
0 0 1

  PixelContainer: 
    ImportImageContainer (0x38a9190)
      RTTI typeinfo:   itk::ImportImageContainer<unsigned long, double>
      Reference Count: 1
      Modified Time: 1689
      Debug: Off
      Object Name: 
      Observers: 
        none
      Pointer: 0x2ab472464010
      Container manages memory: true
      Size: 73400320
      Capacity: 73400320

     Weighting = 1
     Sampling strategy = regular
     Number of bins = 32
     Radius = 4
     Sampling percentage  = 0.25
   Transform = Rigid
     Gradient step = 0.1
     Update field sigma (voxel space) = 0
     Total field sigma (voxel space) = 0
     Update field time sigma = 0
     Total field time sigma  = 0
     Number of time indices = 0
     Number of time point samples = 0
Stage 2 State
   Image metric = Mattes
     Fixed image = Image (0x38b54a0)
  RTTI typeinfo:   itk::Image<double, 3u>
  Reference Count: 2
  Modified Time: 2126
  Debug: Off
  Object Name: 
  Observers: 
    none
  Source: (none)
  Source output name: (none)
  Release Data: Off
  Data Released: False
  Global Release Data: Off
  PipelineMTime: 0
  UpdateMTime: 1909
  RealTimeStamp: 0 seconds 
  LargestPossibleRegion: 
    Dimension: 3
    Index: [0, 0, 0]
    Size: [364, 436, 364]
  BufferedRegion: 
    Dimension: 3
    Index: [0, 0, 0]
    Size: [364, 436, 364]
  RequestedRegion: 
    Dimension: 3
    Index: [0, 0, 0]
    Size: [364, 436, 364]
  Spacing: [0.5, 0.5, 0.5]
  Origin: [-90, 126, -72]
  Direction: 
1 0 0
0 -1 0
0 0 1

  IndexToPointMatrix: 
0.5 0 0
0 -0.5 0
0 0 0.5

  PointToIndexMatrix: 
2 0 0
0 -2 0
0 0 2

  Inverse Direction: 
1 0 0
0 -1 0
0 0 1

  PixelContainer: 
    ImportImageContainer (0x38b5760)
      RTTI typeinfo:   itk::ImportImageContainer<unsigned long, double>
      Reference Count: 1
      Modified Time: 1906
      Debug: Off
      Object Name: 
      Observers: 
        none
      Pointer: 0x2ab495465010
      Container manages memory: true
      Size: 57768256
      Capacity: 57768256

     Moving image = Image (0x389f5b0)
  RTTI typeinfo:   itk::Image<double, 3u>
  Reference Count: 2
  Modified Time: 2127
  Debug: Off
  Object Name: 
  Observers: 
    none
  Source: (none)
  Source output name: (none)
  Release Data: Off
  Data Released: False
  Global Release Data: Off
  PipelineMTime: 0
  UpdateMTime: 2124
  RealTimeStamp: 0 seconds 
  LargestPossibleRegion: 
    Dimension: 3
    Index: [0, 0, 0]
    Size: [280, 512, 512]
  BufferedRegion: 
    Dimension: 3
    Index: [0, 0, 0]
    Size: [280, 512, 512]
  RequestedRegion: 
    Dimension: 3
    Index: [0, 0, 0]
    Size: [280, 512, 512]
  Spacing: [0.599998, 0.4688, 0.4688]
  Origin: [-86.1996, 79.7912, -121.041]
  Direction: 
1 0 0
0 -1 0
0 0 1

  IndexToPointMatrix: 
0.599998 0 0
0 -0.4688 0
0 0 0.4688

  PointToIndexMatrix: 
1.66667 0 0
0 -2.13311 0
0 0 2.13311

  Inverse Direction: 
1 0 0
0 -1 0
0 0 1

  PixelContainer: 
    ImportImageContainer (0x38a4c90)
      RTTI typeinfo:   itk::ImportImageContainer<unsigned long, double>
      Reference Count: 1
      Modified Time: 2121
      Debug: Off
      Object Name: 
      Observers: 
        none
      Pointer: 0x2ab4b0d22010
      Container manages memory: true
      Size: 73400320
      Capacity: 73400320

     Weighting = 1
     Sampling strategy = regular
     Number of bins = 32
     Radius = 4
     Sampling percentage  = 0.25
   Transform = Affine
     Gradient step = 0.1
     Update field sigma (voxel space) = 0
     Total field sigma (voxel space) = 0
     Update field time sigma = 0
     Total field time sigma  = 0
     Number of time indices = 0
     Number of time point samples = 0
Registration using 2 total stages.

Stage 0
  iterations = 2000x2000x2000x2000x2000
  convergence threshold = 1e-06
  convergence window size = 10
  number of levels = 5
  using the Mattes MI metric (number of bins = 32, weight = 1, use gradient filter = 0)
  preprocessing:  winsorizing the image intensities
  preprocessing:  histogram matching the images
  Shrink factors (level 1 out of 5): [8, 8, 8]
  Shrink factors (level 2 out of 5): [8, 8, 8]
  Shrink factors (level 3 out of 5): [4, 4, 4]
  Shrink factors (level 4 out of 5): [2, 2, 2]
  Shrink factors (level 5 out of 5): [1, 1, 1]
  smoothing sigmas per level: [4, 3, 2, 1, 0]
  regular sampling (percentage = 0.25)

*** Running Euler3DTransform registration ***

DIAGNOSTIC,Iteration,metricValue,convergenceValue,ITERATION_TIME_INDEX,SINCE_LAST
 2DIAGNOSTIC,     1, -4.914554029980e-01, 1.797693134862e+308, 1.5329e+00, 1.5329e+00, 
 2DIAGNOSTIC,     2, -4.934979305429e-01, 1.797693134862e+308, 1.5586e+00, 2.5733e-02, 
 2DIAGNOSTIC,     3, -4.955141811291e-01, 1.797693134862e+308, 1.5784e+00, 1.9816e-02, 
 2DIAGNOSTIC,     4, -4.992186691717e-01, 1.797693134862e+308, 1.5884e+00, 9.9690e-03, 
 2DIAGNOSTIC,     5, -5.074398605385e-01, 1.797693134862e+308, 1.5969e+00, 8.4701e-03, 
 2DIAGNOSTIC,     6, -5.151699032308e-01, 1.797693134862e+308, 1.6125e+00, 1.5603e-02, 
 2DIAGNOSTIC,     7, -5.222274586131e-01, 1.797693134862e+308, 1.6357e+00, 2.3222e-02, 
 2DIAGNOSTIC,     8, -5.280083997826e-01, 1.797693134862e+308, 1.6598e+00, 2.4079e-02, 
 2DIAGNOSTIC,     9, -5.318899264927e-01, 1.797693134862e+308, 1.6843e+00, 2.4568e-02, 
 2DIAGNOSTIC,    10, -5.329533342429e-01, 6.105218958008e-03, 1.6945e+00, 1.0187e-02, 
 2DIAGNOSTIC,    11, -5.340677027708e-01, 5.383157248909e-03, 1.7156e+00, 2.1048e-02, 
 2DIAGNOSTIC,    12, -5.355893687078e-01, 4.467407761129e-03, 1.7447e+00, 2.9131e-02, 
 2DIAGNOSTIC,    13, -5.362009724492e-01, 3.405068509478e-03, 1.7710e+00, 2.6285e-02, 
 2DIAGNOSTIC,    14, -5.365915714698e-01, 2.347722390876e-03, 1.7855e+00, 1.4512e-02, 
 2DIAGNOSTIC,    15, -5.379894238833e-01, 1.570549986569e-03, 1.7994e+00, 1.3886e-02, 
 2DIAGNOSTIC,    16, -5.385770925806e-01, 1.029504844380e-03, 1.8227e+00, 2.3266e-02, 
 2DIAGNOSTIC,    17, -5.387418388945e-01, 6.869172419927e-04, 1.8422e+00, 1.9592e-02, 
 2DIAGNOSTIC,    18, -5.388299214136e-01, 4.953635756060e-04, 1.8709e+00, 2.8634e-02, 
 2DIAGNOSTIC,    19, -5.390097612699e-01, 3.949323293013e-04, 1.8847e+00, 1.3823e-02, 
 2DIAGNOSTIC,    20, -5.391455750703e-01, 2.999402936524e-04, 1.8945e+00, 9.8200e-03, 
 2DIAGNOSTIC,    21, -5.393402651493e-01, 2.190191490598e-04, 1.9256e+00, 3.1118e-02, 
 2DIAGNOSTIC,    22, -5.388078268760e-01, 1.497572039619e-04, 1.9392e+00, 1.3566e-02, 
 2DIAGNOSTIC,    23, -5.393673462098e-01, 1.010395655893e-04, 1.9560e+00, 1.6801e-02, 
 2DIAGNOSTIC,    24, -5.396513917153e-01, 6.110388845305e-05, 1.9797e+00, 2.3709e-02, 
 2DIAGNOSTIC,    25, -5.396919584070e-01, 4.924174962535e-05, 1.9905e+00, 1.0828e-02, 
 2DIAGNOSTIC,    26, -5.396731674037e-01, 4.576773017324e-05, 2.0117e+00, 2.1166e-02, 
 2DIAGNOSTIC,    27, -5.397080549800e-01, 4.261501494610e-05, 2.0413e+00, 2.9566e-02, 
 2DIAGNOSTIC,    28, -5.396836435066e-01, 3.683053003301e-05, 2.0533e+00, 1.2025e-02, 
 2DIAGNOSTIC,    29, -5.395498528809e-01, 2.863451645593e-05, 2.0738e+00, 2.0462e-02, 
 2DIAGNOSTIC,    30, -5.395207207456e-01, 2.029543358596e-05, 2.0872e+00, 1.3456e-02, 
 2DIAGNOSTIC,    31, -5.394752471571e-01, 1.370944909976e-05, 2.0990e+00, 1.1817e-02, 
DIAGNOSTIC,Iteration,metricValue,convergenceValue,ITERATION_TIME_INDEX,SINCE_LAST
 2DIAGNOSTIC,     1, -5.107874906386e-01, 1.797693134862e+308, 3.6828e+00, 1.5838e+00, 
 2DIAGNOSTIC,     2, -5.110197777357e-01, 1.797693134862e+308, 3.6902e+00, 7.4010e-03, 
 2DIAGNOSTIC,     3, -5.112061572167e-01, 1.797693134862e+308, 3.7073e+00, 1.7077e-02, 
 2DIAGNOSTIC,     4, -5.113747143745e-01, 1.797693134862e+308, 3.7233e+00, 1.6073e-02, 
 2DIAGNOSTIC,     5, -5.116511453694e-01, 1.797693134862e+308, 3.7628e+00, 3.9468e-02, 
 2DIAGNOSTIC,     6, -5.117730812793e-01, 1.797693134862e+308, 3.7856e+00, 2.2793e-02, 
 2DIAGNOSTIC,     7, -5.116952150006e-01, 1.797693134862e+308, 3.7938e+00, 8.1670e-03, 
 2DIAGNOSTIC,     8, -5.117598123675e-01, 1.797693134862e+308, 3.8307e+00, 3.6953e-02, 
 2DIAGNOSTIC,     9, -5.116803156067e-01, 1.797693134862e+308, 3.8497e+00, 1.8928e-02, 
 2DIAGNOSTIC,    10, -5.116973761002e-01, 1.168428007509e-04, 3.8793e+00, 2.9691e-02, 
 2DIAGNOSTIC,    11, -5.117815775546e-01, 7.580133104085e-05, 3.8916e+00, 1.2223e-02, 
 2DIAGNOSTIC,    12, -5.117164958590e-01, 4.273091889689e-05, 3.9230e+00, 3.1460e-02, 
 2DIAGNOSTIC,    13, -5.116961133227e-01, 1.836055284306e-05, 3.9570e+00, 3.3987e-02, 
 2DIAGNOSTIC,    14, -5.116946225111e-01, 2.438407193633e-06, 3.9837e+00, 2.6726e-02, 
DIAGNOSTIC,Iteration,metricValue,convergenceValue,ITERATION_TIME_INDEX,SINCE_LAST
 2DIAGNOSTIC,     1, -4.825711246695e-01, 1.797693134862e+308, 5.6586e+00, 1.6749e+00, 
 2DIAGNOSTIC,     2, -4.829537628561e-01, 1.797693134862e+308, 5.7367e+00, 7.8057e-02, 
 2DIAGNOSTIC,     3, -4.833286456062e-01, 1.797693134862e+308, 5.8904e+00, 1.5377e-01, 
 2DIAGNOSTIC,     4, -4.837655536881e-01, 1.797693134862e+308, 6.0746e+00, 1.8412e-01, 
 2DIAGNOSTIC,     5, -4.837107619870e-01, 1.797693134862e+308, 6.2042e+00, 1.2967e-01, 
 2DIAGNOSTIC,     6, -4.836971189378e-01, 1.797693134862e+308, 6.3583e+00, 1.5409e-01, 
 2DIAGNOSTIC,     7, -4.836834245120e-01, 1.797693134862e+308, 6.5084e+00, 1.5010e-01, 
 2DIAGNOSTIC,     8, -4.836853436867e-01, 1.797693134862e+308, 6.6400e+00, 1.3155e-01, 
 2DIAGNOSTIC,     9, -4.836789842997e-01, 1.797693134862e+308, 6.7651e+00, 1.2518e-01, 
 2DIAGNOSTIC,    10, -4.836762135830e-01, 1.177249619360e-04, 6.8845e+00, 1.1939e-01, 
 2DIAGNOSTIC,    11, -4.836555614018e-01, 5.261679480405e-05, 7.0330e+00, 1.4847e-01, 
 2DIAGNOSTIC,    12, -4.836409202293e-01, 1.165452508813e-05, 7.2080e+00, 1.7501e-01, 
DIAGNOSTIC,Iteration,metricValue,convergenceValue,ITERATION_TIME_INDEX,SINCE_LAST
 2DIAGNOSTIC,     1, -4.469374495520e-01, 1.797693134862e+308, 1.0389e+01, 3.1808e+00, 
 2DIAGNOSTIC,     2, -4.470104146273e-01, 1.797693134862e+308, 1.1112e+01, 7.2336e-01, 
 2DIAGNOSTIC,     3, -4.471130597353e-01, 1.797693134862e+308, 1.2136e+01, 1.0237e+00, 
 2DIAGNOSTIC,     4, -4.471135429680e-01, 1.797693134862e+308, 1.3561e+01, 1.4250e+00, 
 2DIAGNOSTIC,     5, -4.471137825330e-01, 1.797693134862e+308, 1.4605e+01, 1.0441e+00, 
 2DIAGNOSTIC,     6, -4.471131393372e-01, 1.797693134862e+308, 1.5391e+01, 7.8572e-01, 
 2DIAGNOSTIC,     7, -4.471125703483e-01, 1.797693134862e+308, 1.6288e+01, 8.9709e-01, 
 2DIAGNOSTIC,     8, -4.471126554185e-01, 1.797693134862e+308, 1.6969e+01, 6.8172e-01, 
 2DIAGNOSTIC,     9, -4.471110320209e-01, 1.797693134862e+308, 1.7720e+01, 7.5033e-01, 
 2DIAGNOSTIC,    10, -4.471095952465e-01, 1.965791149522e-05, 1.8400e+01, 6.8043e-01, 
 2DIAGNOSTIC,    11, -4.471093114420e-01, 8.294625889374e-06, 1.9087e+01, 6.8641e-01, 
 2DIAGNOSTIC,    12, -4.471114093268e-01, 2.160581361224e-06, 1.9841e+01, 7.5465e-01, 
 2DIAGNOSTIC,    13, -4.471117468228e-01, 2.045353374697e-06, 2.0623e+01, 7.8204e-01, 
 2DIAGNOSTIC,    14, -4.471111021090e-01, 1.976627608410e-06, 2.1468e+01, 8.4515e-01, 
 2DIAGNOSTIC,    15, -4.471101924932e-01, 1.919941825690e-06, 2.2141e+01, 6.7281e-01, 
 2DIAGNOSTIC,    16, -4.471104369550e-01, 1.873584953960e-06, 2.2945e+01, 8.0378e-01, 
 2DIAGNOSTIC,    17, -4.471103642223e-01, 1.815143059213e-06, 2.3775e+01, 8.2976e-01, 
 2DIAGNOSTIC,    18, -4.471087206856e-01, 1.713470405292e-06, 2.4555e+01, 7.8047e-01, 
 2DIAGNOSTIC,    19, -4.471091709020e-01, 1.592755762315e-06, 2.5303e+01, 7.4773e-01, 
 2DIAGNOSTIC,    20, -4.471086731497e-01, 1.430896923844e-06, 2.6077e+01, 7.7376e-01, 
 2DIAGNOSTIC,    21, -4.471082836683e-01, 1.276699915294e-06, 2.6874e+01, 7.9728e-01, 
 2DIAGNOSTIC,    22, -4.471068808416e-01, 1.178452472508e-06, 2.7636e+01, 7.6243e-01, 
 2DIAGNOSTIC,    23, -4.471072291875e-01, 1.134529466908e-06, 2.8410e+01, 7.7327e-01, 
 2DIAGNOSTIC,    24, -4.471071249220e-01, 1.097597343389e-06, 2.9319e+01, 9.0903e-01, 
 2DIAGNOSTIC,    25, -4.471074314340e-01, 1.068605720612e-06, 3.0168e+01, 8.4888e-01, 
 2DIAGNOSTIC,    26, -4.471063921225e-01, 1.041556816531e-06, 3.0946e+01, 7.7801e-01, 
 2DIAGNOSTIC,    27, -4.471051768006e-01, 1.005676783829e-06, 3.1518e+01, 5.7277e-01, 
DIAGNOSTIC,Iteration,metricValue,convergenceValue,ITERATION_TIME_INDEX,SINCE_LAST
 2DIAGNOSTIC,     1, -4.108151424697e-01, 1.797693134862e+308, 4.5711e+01, 1.4193e+01, 
 2DIAGNOSTIC,     2, -4.108142528607e-01, 1.797693134862e+308, 5.1533e+01, 5.8216e+00, 
 2DIAGNOSTIC,     3, -4.108141866012e-01, 1.797693134862e+308, 5.8369e+01, 6.8362e+00, 
 2DIAGNOSTIC,     4, -4.108141881100e-01, 1.797693134862e+308, 6.2736e+01, 4.3672e+00, 
 2DIAGNOSTIC,     5, -4.108140729296e-01, 1.797693134862e+308, 6.7216e+01, 4.4799e+00, 
 2DIAGNOSTIC,     6, -4.108140340816e-01, 1.797693134862e+308, 7.1502e+01, 4.2861e+00, 
 2DIAGNOSTIC,     7, -4.108139806241e-01, 1.797693134862e+308, 7.5905e+01, 4.4030e+00, 
 2DIAGNOSTIC,     8, -4.108139254885e-01, 1.797693134862e+308, 8.0512e+01, 4.6069e+00, 
 2DIAGNOSTIC,     9, -4.108139378861e-01, 1.797693134862e+308, 8.4889e+01, 4.3766e+00, 
 2DIAGNOSTIC,    10, -4.108140313483e-01, 3.065256717866e-06, 8.9127e+01, 4.2382e+00, 
 2DIAGNOSTIC,    11, -4.108139096743e-01, 2.845761378281e-06, 9.4096e+01, 4.9692e+00, 
 2DIAGNOSTIC,    12, -4.108139263829e-01, 2.617004857625e-06, 9.9027e+01, 4.9308e+00, 
 2DIAGNOSTIC,    13, -4.108138979333e-01, 2.421380693382e-06, 1.0343e+02, 4.3999e+00, 
 2DIAGNOSTIC,    14, -4.108137918436e-01, 2.250886131122e-06, 1.0710e+02, 3.6694e+00, 
 2DIAGNOSTIC,    15, -4.108138200225e-01, 2.101114618888e-06, 1.1150e+02, 4.4005e+00, 
 2DIAGNOSTIC,    16, -4.108138008497e-01, 1.969355148582e-06, 1.1573e+02, 4.2334e+00, 
 2DIAGNOSTIC,    17, -4.108138125542e-01, 1.853234781128e-06, 1.1959e+02, 3.8554e+00, 
 2DIAGNOSTIC,    18, -4.108138116067e-01, 1.749498766815e-06, 1.2425e+02, 4.6653e+00, 
 2DIAGNOSTIC,    19, -4.108138246656e-01, 1.659169929322e-06, 1.2816e+02, 3.9131e+00, 
 2DIAGNOSTIC,    20, -4.108137343317e-01, 1.579484301205e-06, 1.3197e+02, 3.8100e+00, 
 2DIAGNOSTIC,    21, -4.108137785818e-01, 1.505874196624e-06, 1.3681e+02, 4.8383e+00, 
 2DIAGNOSTIC,    22, -4.108137931772e-01, 1.440698460385e-06, 1.4105e+02, 4.2366e+00, 
 2DIAGNOSTIC,    23, -4.108137372404e-01, 1.379188303473e-06, 1.4556e+02, 4.5139e+00, 
 2DIAGNOSTIC,    24, -4.108136800860e-01, 1.318510480700e-06, 1.5003e+02, 4.4690e+00, 
 2DIAGNOSTIC,    25, -4.108136773164e-01, 1.264126216774e-06, 1.5404e+02, 4.0054e+00, 
 2DIAGNOSTIC,    26, -4.108136825916e-01, 1.214277051034e-06, 1.5851e+02, 4.4730e+00, 
 2DIAGNOSTIC,    27, -4.108136879618e-01, 1.169355893421e-06, 1.6307e+02, 4.5581e+00, 
 2DIAGNOSTIC,    28, -4.108135751059e-01, 1.125666231110e-06, 1.6748e+02, 4.4128e+00, 
 2DIAGNOSTIC,    29, -4.108136124436e-01, 1.087363283636e-06, 1.7195e+02, 4.4680e+00, 
 2DIAGNOSTIC,    30, -4.108136557246e-01, 1.051335213387e-06, 1.7624e+02, 4.2872e+00, 
 2DIAGNOSTIC,    31, -4.108136407493e-01, 1.019030285820e-06, 1.8072e+02, 4.4829e+00, 
  Elapsed time (stage 0): 1.8794e+02


Stage 1
  iterations = 1000x1000x1000x1000x1000
  convergence threshold = 1.0000e-06
  convergence window size = 10
  number of levels = 5
  using the Mattes MI metric (number of bins = 32, weight = 1.0000e+00, use gradient filter = 0)
  preprocessing:  winsorizing the image intensities
  preprocessing:  histogram matching the images
  Shrink factors (level 1 out of 5): [8, 8, 8]
  Shrink factors (level 2 out of 5): [8, 8, 8]
  Shrink factors (level 3 out of 5): [4, 4, 4]
  Shrink factors (level 4 out of 5): [2, 2, 2]
  Shrink factors (level 5 out of 5): [1, 1, 1]
  smoothing sigmas per level: [4, 3, 2, 1, 0]
  regular sampling (percentage = 2.5000e-01)

*** Running AffineTransform registration ***

DIAGNOSTIC,Iteration,metricValue,convergenceValue,ITERATION_TIME_INDEX,SINCE_LAST
 2DIAGNOSTIC,     1, -5.380817459860e-01, 1.797693134862e+308, 1.5170e+00, 1.5170e+00, 
 2DIAGNOSTIC,     2, -5.394234521347e-01, 1.797693134862e+308, 1.5251e+00, 8.0750e-03, 
 2DIAGNOSTIC,     3, -5.418913288988e-01, 1.797693134862e+308, 1.5579e+00, 3.2828e-02, 
 2DIAGNOSTIC,     4, -5.455083579156e-01, 1.797693134862e+308, 1.5929e+00, 3.5031e-02, 
 2DIAGNOSTIC,     5, -5.522767005654e-01, 1.797693134862e+308, 1.6175e+00, 2.4573e-02, 
 2DIAGNOSTIC,     6, -5.641920423054e-01, 1.797693134862e+308, 1.6269e+00, 9.3970e-03, 
 2DIAGNOSTIC,     7, -6.085569641807e-01, 1.797693134862e+308, 1.6690e+00, 4.2052e-02, 
 2DIAGNOSTIC,     8, -6.452055765122e-01, 1.797693134862e+308, 1.7201e+00, 5.1144e-02, 
 2DIAGNOSTIC,     9, -6.465419618772e-01, 1.797693134862e+308, 1.7492e+00, 2.9047e-02, 
 2DIAGNOSTIC,    10, -6.508471027056e-01, 1.512302640441e-02, 1.8104e+00, 6.1231e-02, 
 2DIAGNOSTIC,    11, -6.577843623918e-01, 1.468110125018e-02, 1.8210e+00, 1.0629e-02, 
 2DIAGNOSTIC,    12, -6.672630220154e-01, 1.339068328462e-02, 1.8485e+00, 2.7468e-02, 
 2DIAGNOSTIC,    13, -6.781648292842e-01, 1.156527048136e-02, 1.8828e+00, 3.4275e-02, 
 2DIAGNOSTIC,    14, -6.906313221846e-01, 9.526441370891e-03, 1.9021e+00, 1.9394e-02, 
 2DIAGNOSTIC,    15, -7.106906750774e-01, 7.760710623130e-03, 1.9157e+00, 1.3589e-02, 
 2DIAGNOSTIC,    16, -7.805782583730e-01, 7.789979544828e-03, 1.9453e+00, 2.9578e-02, 
 2DIAGNOSTIC,    17, -8.010324439660e-01, 8.725564056033e-03, 1.9609e+00, 1.5612e-02, 
 2DIAGNOSTIC,    18, -8.257926326588e-01, 1.022876128987e-02, 1.9890e+00, 2.8047e-02, 
 2DIAGNOSTIC,    19, -8.294574752364e-01, 1.072023218209e-02, 2.0083e+00, 1.9299e-02, 
 2DIAGNOSTIC,    20, -8.347448603958e-01, 1.036758163881e-02, 2.0166e+00, 8.2991e-03, 
 2DIAGNOSTIC,    21, -8.423267318665e-01, 9.369691262476e-03, 2.0240e+00, 7.4430e-03, 
 2DIAGNOSTIC,    22, -8.471181559071e-01, 7.875133109354e-03, 2.0424e+00, 1.8408e-02, 
 2DIAGNOSTIC,    23, -8.508959170777e-01, 6.083248814060e-03, 2.0668e+00, 2.4347e-02, 
 2DIAGNOSTIC,    24, -8.520066637794e-01, 4.148696711198e-03, 2.0907e+00, 2.3895e-02, 
 2DIAGNOSTIC,    25, -8.558056155073e-01, 2.379210104410e-03, 2.1095e+00, 1.8827e-02, 
 2DIAGNOSTIC,    26, -8.575623264622e-01, 1.651563651585e-03, 2.1209e+00, 1.1418e-02, 
 2DIAGNOSTIC,    27, -8.580330388871e-01, 1.132842340689e-03, 2.1429e+00, 2.2016e-02, 
 2DIAGNOSTIC,    28, -8.585618197426e-01, 9.103355312350e-04, 2.1731e+00, 3.0177e-02, 
 2DIAGNOSTIC,    29, -8.592278900281e-01, 6.792402487133e-04, 2.2158e+00, 4.2731e-02, 
 2DIAGNOSTIC,    30, -8.602306757077e-01, 4.820990334675e-04, 2.2333e+00, 1.7456e-02, 
 2DIAGNOSTIC,    31, -8.606255383015e-01, 3.528121500590e-04, 2.2989e+00, 6.5627e-02, 
 2DIAGNOSTIC,    32, -8.611794074469e-01, 2.638156097199e-04, 2.3190e+00, 2.0097e-02, 
 2DIAGNOSTIC,    33, -8.616241983846e-01, 2.058227431110e-04, 2.3427e+00, 2.3726e-02, 
 2DIAGNOSTIC,    34, -8.628259641605e-01, 1.573275876865e-04, 2.3868e+00, 4.4021e-02, 
 2DIAGNOSTIC,    35, -8.632759936475e-01, 1.425767994226e-04, 2.4194e+00, 3.2606e-02, 
 2DIAGNOSTIC,    36, -8.643659008704e-01, 1.453001938917e-04, 2.4367e+00, 1.7368e-02, 
 2DIAGNOSTIC,    37, -8.644940993131e-01, 1.401855625299e-04, 2.4863e+00, 4.9558e-02, 
 2DIAGNOSTIC,    38, -8.644943916980e-01, 1.274224307874e-04, 2.5115e+00, 2.5248e-02, 
 2DIAGNOSTIC,    39, -8.645259374224e-01, 1.099040523992e-04, 2.5208e+00, 9.2478e-03, 
 2DIAGNOSTIC,    40, -8.645526625952e-01, 9.250527355171e-05, 2.5348e+00, 1.4013e-02, 
 2DIAGNOSTIC,    41, -8.646200403654e-01, 7.143644837859e-05, 2.5733e+00, 3.8520e-02, 
 2DIAGNOSTIC,    42, -8.646239759621e-01, 4.971899951726e-05, 2.6169e+00, 4.3625e-02, 
 2DIAGNOSTIC,    43, -8.645955177768e-01, 2.796730584882e-05, 2.6292e+00, 1.2208e-02, 
 2DIAGNOSTIC,    44, -8.646303054587e-01, 1.512220583331e-05, 2.6827e+00, 5.3539e-02, 
 2DIAGNOSTIC,    45, -8.646341338161e-01, 4.996497991041e-06, 2.7068e+00, 2.4061e-02, 
 2DIAGNOSTIC,    46, -8.646480316932e-01, 3.718673663552e-06, 2.7171e+00, 1.0370e-02, 
 2DIAGNOSTIC,    47, -8.646567266051e-01, 3.291057684828e-06, 2.7299e+00, 1.2728e-02, 
 2DIAGNOSTIC,    48, -8.646341524642e-01, 2.477679129385e-06, 2.7731e+00, 4.3215e-02, 
 2DIAGNOSTIC,    49, -8.646399514073e-01, 1.816273855034e-06, 2.8070e+00, 3.3907e-02, 
 2DIAGNOSTIC,    50, -8.646446167429e-01, 1.286111642282e-06, 2.8162e+00, 9.2590e-03, 
 2DIAGNOSTIC,    51, -8.646686406354e-01, 1.368318035690e-06, 2.8404e+00, 2.4137e-02, 
 2DIAGNOSTIC,    52, -8.646796627421e-01, 1.490431982453e-06, 2.9003e+00, 5.9963e-02, 
 2DIAGNOSTIC,    53, -8.646829242631e-01, 1.355189412564e-06, 2.9177e+00, 1.7319e-02, 
 2DIAGNOSTIC,    54, -8.646873419321e-01, 1.424389919659e-06, 2.9515e+00, 3.3891e-02, 
 2DIAGNOSTIC,    55, -8.646651920338e-01, 1.291395838789e-06, 2.9982e+00, 4.6654e-02, 
 2DIAGNOSTIC,    56, -8.646980623823e-01, 1.399397786102e-06, 3.0148e+00, 1.6623e-02, 
 2DIAGNOSTIC,    57, -8.646628712827e-01, 1.257927820686e-06, 3.0391e+00, 2.4305e-02, 
DIAGNOSTIC,Iteration,metricValue,convergenceValue,ITERATION_TIME_INDEX,SINCE_LAST
 2DIAGNOSTIC,     1, -8.191705638030e-01, 1.797693134862e+308, 4.4691e+00, 1.4300e+00, 
 2DIAGNOSTIC,     2, -8.199513139454e-01, 1.797693134862e+308, 4.4898e+00, 2.0669e-02, 
 2DIAGNOSTIC,     3, -8.202608698442e-01, 1.797693134862e+308, 4.5132e+00, 2.3424e-02, 
 2DIAGNOSTIC,     4, -8.203633996290e-01, 1.797693134862e+308, 4.5241e+00, 1.0873e-02, 
 2DIAGNOSTIC,     5, -8.204184283541e-01, 1.797693134862e+308, 4.5480e+00, 2.3873e-02, 
 2DIAGNOSTIC,     6, -8.204907622146e-01, 1.797693134862e+308, 4.5681e+00, 2.0112e-02, 
 2DIAGNOSTIC,     7, -8.205429539209e-01, 1.797693134862e+308, 4.5912e+00, 2.3109e-02, 
 2DIAGNOSTIC,     8, -8.205959631740e-01, 1.797693134862e+308, 4.6092e+00, 1.7989e-02, 
 2DIAGNOSTIC,     9, -8.206602479817e-01, 1.797693134862e+308, 4.6210e+00, 1.1764e-02, 
 2DIAGNOSTIC,    10, -8.206515775267e-01, 8.742043284031e-05, 4.6473e+00, 2.6384e-02, 
 2DIAGNOSTIC,    11, -8.206571008895e-01, 4.531839665034e-05, 4.6691e+00, 2.1736e-02, 
 2DIAGNOSTIC,    12, -8.206435446956e-01, 2.836996162767e-05, 4.6923e+00, 2.3222e-02, 
 2DIAGNOSTIC,    13, -8.206419662373e-01, 1.985854060785e-05, 4.7101e+00, 1.7783e-02, 
 2DIAGNOSTIC,    14, -8.206300695072e-01, 1.319668827585e-05, 4.7515e+00, 4.1383e-02, 
 2DIAGNOSTIC,    15, -8.206300689633e-01, 7.683117026536e-06, 4.7693e+00, 1.7877e-02, 
 2DIAGNOSTIC,    16, -8.206300714265e-01, 3.915296988719e-06, 4.7840e+00, 1.4625e-02, 
 2DIAGNOSTIC,    17, -8.206300755905e-01, 1.459413898619e-06, 4.7975e+00, 1.3492e-02, 
DIAGNOSTIC,Iteration,metricValue,convergenceValue,ITERATION_TIME_INDEX,SINCE_LAST
 2DIAGNOSTIC,     1, -7.603550555869e-01, 1.797693134862e+308, 6.4380e+00, 1.6405e+00, 
 2DIAGNOSTIC,     2, -7.606810380864e-01, 1.797693134862e+308, 6.5251e+00, 8.7076e-02, 
 2DIAGNOSTIC,     3, -7.608893415441e-01, 1.797693134862e+308, 6.6152e+00, 9.0160e-02, 
 2DIAGNOSTIC,     4, -7.610169037946e-01, 1.797693134862e+308, 6.7540e+00, 1.3874e-01, 
 2DIAGNOSTIC,     5, -7.610308488336e-01, 1.797693134862e+308, 6.8552e+00, 1.0120e-01, 
 2DIAGNOSTIC,     6, -7.610318473761e-01, 1.797693134862e+308, 6.9909e+00, 1.3578e-01, 
 2DIAGNOSTIC,     7, -7.610284346436e-01, 1.797693134862e+308, 7.1171e+00, 1.2614e-01, 
 2DIAGNOSTIC,     8, -7.610295402999e-01, 1.797693134862e+308, 7.2497e+00, 1.3266e-01, 
 2DIAGNOSTIC,     9, -7.610274564175e-01, 1.797693134862e+308, 7.3302e+00, 8.0460e-02, 
 2DIAGNOSTIC,    10, -7.610335386352e-01, 4.371094874875e-05, 7.4418e+00, 1.1164e-01, 
 2DIAGNOSTIC,    11, -7.610332987152e-01, 1.934194637206e-05, 7.5308e+00, 8.8932e-02, 
 2DIAGNOSTIC,    12, -7.610323693852e-01, 7.549400108456e-06, 7.6574e+00, 1.2666e-01, 
 2DIAGNOSTIC,    13, -7.610337139823e-01, 3.056158573017e-06, 7.7739e+00, 1.1647e-01, 
 2DIAGNOSTIC,    14, -7.610311336390e-01, 2.470830971837e-06, 7.8944e+00, 1.2044e-01, 
 2DIAGNOSTIC,    15, -7.610330925440e-01, 2.339675889709e-06, 8.0216e+00, 1.2720e-01, 
 2DIAGNOSTIC,    16, -7.610281444772e-01, 2.112588226910e-06, 8.1536e+00, 1.3201e-01, 
 2DIAGNOSTIC,    17, -7.610268584717e-01, 1.801435249221e-06, 8.3239e+00, 1.7039e-01, 
 2DIAGNOSTIC,    18, -7.610268955308e-01, 1.557699340862e-06, 8.4727e+00, 1.4876e-01, 
 2DIAGNOSTIC,    19, -7.610297951526e-01, 1.369999540660e-06, 8.6046e+00, 1.3187e-01, 
 2DIAGNOSTIC,    20, -7.610258608019e-01, 1.267774572961e-06, 8.7284e+00, 1.2381e-01, 
 2DIAGNOSTIC,    21, -7.610254284039e-01, 1.197489744899e-06, 8.8374e+00, 1.0898e-01, 
 2DIAGNOSTIC,    22, -7.610216608972e-01, 1.083744167803e-06, 8.9312e+00, 9.3882e-02, 
 2DIAGNOSTIC,    23, -7.610227822191e-01, 1.054614049846e-06, 9.0812e+00, 1.4999e-01, 
DIAGNOSTIC,Iteration,metricValue,convergenceValue,ITERATION_TIME_INDEX,SINCE_LAST
 2DIAGNOSTIC,     1, -6.824857060430e-01, 1.797693134862e+308, 1.2139e+01, 3.0582e+00, 
 2DIAGNOSTIC,     2, -6.827200875188e-01, 1.797693134862e+308, 1.2824e+01, 6.8433e-01, 
 2DIAGNOSTIC,     3, -6.827793255888e-01, 1.797693134862e+308, 1.4012e+01, 1.1883e+00, 
 2DIAGNOSTIC,     4, -6.827775554308e-01, 1.797693134862e+308, 1.4827e+01, 8.1541e-01, 
 2DIAGNOSTIC,     5, -6.827789522500e-01, 1.797693134862e+308, 1.5640e+01, 8.1211e-01, 
 2DIAGNOSTIC,     6, -6.827815655502e-01, 1.797693134862e+308, 1.6426e+01, 7.8643e-01, 
 2DIAGNOSTIC,     7, -6.827830658468e-01, 1.797693134862e+308, 1.7097e+01, 6.7054e-01, 
 2DIAGNOSTIC,     8, -6.827881632665e-01, 1.797693134862e+308, 1.7785e+01, 6.8881e-01, 
 2DIAGNOSTIC,     9, -6.827938606559e-01, 1.797693134862e+308, 1.8552e+01, 7.6639e-01, 
 2DIAGNOSTIC,    10, -6.827989953912e-01, 1.928848892351e-05, 1.9406e+01, 8.5468e-01, 
 2DIAGNOSTIC,    11, -6.828050912122e-01, 7.364330193105e-06, 2.0030e+01, 6.2381e-01, 
 2DIAGNOSTIC,    12, -6.828093798242e-01, 5.244434801044e-06, 2.0779e+01, 7.4859e-01, 
 2DIAGNOSTIC,    13, -6.828104640038e-01, 5.149092829462e-06, 2.1677e+01, 8.9845e-01, 
 2DIAGNOSTIC,    14, -6.828125529182e-01, 4.831466727973e-06, 2.2558e+01, 8.8023e-01, 
 2DIAGNOSTIC,    15, -6.828137604141e-01, 4.392564492486e-06, 2.3275e+01, 7.1734e-01, 
 2DIAGNOSTIC,    16, -6.828149910545e-01, 3.899722918796e-06, 2.4296e+01, 1.0209e+00, 
 2DIAGNOSTIC,    17, -6.828153528660e-01, 3.332536757161e-06, 2.5296e+01, 1.0005e+00, 
 2DIAGNOSTIC,    18, -6.828151074280e-01, 2.805120302533e-06, 2.6191e+01, 8.9445e-01, 
 2DIAGNOSTIC,    19, -6.828151625683e-01, 2.362726203319e-06, 2.7072e+01, 8.8178e-01, 
 2DIAGNOSTIC,    20, -6.828153274093e-01, 2.008050468419e-06, 2.8156e+01, 1.0839e+00, 
 2DIAGNOSTIC,    21, -6.828145670833e-01, 1.751831568947e-06, 2.9152e+01, 9.9598e-01, 
 2DIAGNOSTIC,    22, -6.828144028780e-01, 1.575355454898e-06, 3.0004e+01, 8.5136e-01, 
 2DIAGNOSTIC,    23, -6.828141549332e-01, 1.416811496104e-06, 3.0887e+01, 8.8364e-01, 
 2DIAGNOSTIC,    24, -6.828138532232e-01, 1.298939022093e-06, 3.1645e+01, 7.5729e-01, 
 2DIAGNOSTIC,    25, -6.828136178999e-01, 1.208640333435e-06, 3.2514e+01, 8.6959e-01, 
 2DIAGNOSTIC,    26, -6.828136932155e-01, 1.152187885593e-06, 3.3346e+01, 8.3130e-01, 
 2DIAGNOSTIC,    27, -6.828133995090e-01, 1.107793539026e-06, 3.4211e+01, 8.6590e-01, 
 2DIAGNOSTIC,    28, -6.828137887345e-01, 1.075338487734e-06, 3.5079e+01, 8.6718e-01, 
 2DIAGNOSTIC,    29, -6.828136729422e-01, 1.049658816352e-06, 3.5936e+01, 8.5773e-01, 
 2DIAGNOSTIC,    30, -6.828136046635e-01, 1.031831157849e-06, 3.6736e+01, 7.9994e-01, 
 2DIAGNOSTIC,    31, -6.828135441876e-01, 1.006892923400e-06, 3.7489e+01, 7.5277e-01, 
DIAGNOSTIC,Iteration,metricValue,convergenceValue,ITERATION_TIME_INDEX,SINCE_LAST
 2DIAGNOSTIC,     1, -6.163560735654e-01, 1.797693134862e+308, 4.8311e+01, 1.0822e+01, 
 2DIAGNOSTIC,     2, -6.164574928068e-01, 1.797693134862e+308, 5.4994e+01, 6.6827e+00, 
 2DIAGNOSTIC,     3, -6.164580595841e-01, 1.797693134862e+308, 6.1306e+01, 6.3125e+00, 
 2DIAGNOSTIC,     4, -6.164579144127e-01, 1.797693134862e+308, 6.6333e+01, 5.0266e+00, 
 2DIAGNOSTIC,     5, -6.164577782268e-01, 1.797693134862e+308, 7.1229e+01, 4.8956e+00, 
 2DIAGNOSTIC,     6, -6.164577146057e-01, 1.797693134862e+308, 7.6371e+01, 5.1427e+00, 
 2DIAGNOSTIC,     7, -6.164577936713e-01, 1.797693134862e+308, 8.1402e+01, 5.0305e+00, 
 2DIAGNOSTIC,     8, -6.164576760782e-01, 1.797693134862e+308, 8.6647e+01, 5.2455e+00, 
 2DIAGNOSTIC,     9, -6.164577177846e-01, 1.797693134862e+308, 9.1809e+01, 5.1618e+00, 
 2DIAGNOSTIC,    10, -6.164576956673e-01, 7.859848326880e-06, 9.7834e+01, 6.0251e+00, 
 2DIAGNOSTIC,    11, -6.164576292102e-01, 2.877010082600e-06, 1.0340e+02, 5.5666e+00, 
 2DIAGNOSTIC,    12, -6.164575967365e-01, 2.620591426764e-06, 1.0802e+02, 4.6216e+00, 
 2DIAGNOSTIC,    13, -6.164575285939e-01, 2.424138286536e-06, 1.1300e+02, 4.9768e+00, 
 2DIAGNOSTIC,    14, -6.164574587330e-01, 2.250896284056e-06, 1.1809e+02, 5.0919e+00, 
 2DIAGNOSTIC,    15, -6.164574919224e-01, 2.099589944501e-06, 1.2337e+02, 5.2749e+00, 
 2DIAGNOSTIC,    16, -6.164574573622e-01, 1.966170429565e-06, 1.2860e+02, 5.2343e+00, 
 2DIAGNOSTIC,    17, -6.164573834910e-01, 1.850741677148e-06, 1.3334e+02, 4.7377e+00, 
 2DIAGNOSTIC,    18, -6.164573690742e-01, 1.746677596504e-06, 1.3850e+02, 5.1635e+00, 
 2DIAGNOSTIC,    19, -6.164574246892e-01, 1.657823661114e-06, 1.4319e+02, 4.6906e+00, 
 2DIAGNOSTIC,    20, -6.164574389982e-01, 1.579135859492e-06, 1.4815e+02, 4.9548e+00, 
 2DIAGNOSTIC,    21, -6.164574620738e-01, 1.508043340440e-06, 1.5300e+02, 4.8521e+00, 
 2DIAGNOSTIC,    22, -6.164574315752e-01, 1.442795609576e-06, 1.5805e+02, 5.0488e+00, 
 2DIAGNOSTIC,    23, -6.164574986098e-01, 1.383562170075e-06, 1.6372e+02, 5.6731e+00, 
 2DIAGNOSTIC,    24, -6.164574342806e-01, 1.326535003197e-06, 1.6898e+02, 5.2605e+00, 
 2DIAGNOSTIC,    25, -6.164573879180e-01, 1.273749906786e-06, 1.7366e+02, 4.6798e+00, 
 2DIAGNOSTIC,    26, -6.164573660711e-01, 1.223972423560e-06, 1.7835e+02, 4.6937e+00, 
 2DIAGNOSTIC,    27, -6.164573933788e-01, 1.177048070011e-06, 1.8395e+02, 5.5937e+00, 
 2DIAGNOSTIC,    28, -6.164574043045e-01, 1.133462530389e-06, 1.8891e+02, 4.9577e+00, 
 2DIAGNOSTIC,    29, -6.164573724261e-01, 1.093507635108e-06, 1.9390e+02, 4.9961e+00, 
 2DIAGNOSTIC,    30, -6.164572997657e-01, 1.055681317585e-06, 1.9851e+02, 4.6117e+00, 
 2DIAGNOSTIC,    31, -6.164572954268e-01, 1.021058525424e-06, 2.0382e+02, 5.3084e+00, 
  Elapsed time (stage 1): 2.1143e+02


Total elapsed time: 3.9939e+02
ALL Done
