
Running for 3-dimensional images.

*********10*********20*********30*********40*********50*********60*********70*********80*********90*********

   AdaptiveNonLocalMeansDenoisingImageFilter (0x34d8370)
     RTTI typeinfo:   itk::AdaptiveNonLocalMeansDenoisingImageFilter<itk::Image<float, 3u>, itk::Image<float, 3u>, itk::Image<unsigned char, 3u> >
     Reference Count: 1
     Modified Time: 392
     Debug: Off
     Object Name: 
     Observers: 
       ProgressEvent(Command)
     Inputs: 
       Primary: (0x34d72f0) *
       _1: (0)
     Indexed Inputs: 
       0: Primary (0x34d72f0)
       1: _1 (0)
     Required Input Names: Primary
     NumberOfRequiredInputs: 1
     Outputs: 
       Primary: (0x34d6da0)
     Indexed Outputs: 
       0: Primary (0x34d6da0)
     NumberOfRequiredOutputs: 1
     Number Of Work Units: 56
     ReleaseDataFlag: Off
     ReleaseDataBeforeUpdateFlag: Off
     AbortGenerateData: Off
     Progress: 1
     Multithreader: 
       RTTI typeinfo:   itk::PoolMultiThreader
       Reference Count: 1
       Modified Time: 352
       Debug: Off
       Object Name: 
       Observers: 
         none
       Number of Work Units: 52
       Number of Threads: 14
       Global Maximum Number Of Threads: 128
       Global Default Number Of Threads: 14
       Global Default Threader Type: itk::MultiThreaderBaseEnums::Threader::Pool
       SingleMethod: 1
       SingleData: 0x7ffe976c6ba8
     DynamicMultiThreading: Off
     CoordinateTolerance: 1e-06
     DirectionTolerance: 1e-06
Using mean squares to measure the patch similarity.
     Neighborhood search radius = [2, 2, 2]
     Neighborhood patch radius = [1, 1, 1]
     Using Rician noise model.
     Epsilon = 1e-05
     Mean threshold = 0.95
     Variance threshold = 0.5
     Smoothing variance = 2
     Neighborhood radius for local mean and variance = [1, 1, 1]
Elapsed time: 339.604
All_Command_lines_OK
Using double precision for computations.
=============================================================================
The composite transform comprises the following transforms (in order): 
  1. Center of mass alignment using fixed image: /Dedicated/jmichaelson-wdata/msmuhammad/projects/RPOE/3dprint/data/derivatives/pre-freesurfer/../../temp/MNI152_T1_0.5mm.nii.gz and moving image: /Dedicated/jmichaelson-wdata/msmuhammad/projects/RPOE/3dprint/data/derivatives/pre-freesurfer/2E_039/2E_039/2E_039_reorient_RPI_denoise.nii.gz (type = Euler3DTransform)
=============================================================================
  number of levels = 5
  number of levels = 5
  fixed image: /Dedicated/jmichaelson-wdata/msmuhammad/projects/RPOE/3dprint/data/derivatives/pre-freesurfer/../../temp/MNI152_T1_0.5mm.nii.gz
  moving image: /Dedicated/jmichaelson-wdata/msmuhammad/projects/RPOE/3dprint/data/derivatives/pre-freesurfer/2E_039/2E_039/2E_039_reorient_RPI_denoise.nii.gz
  fixed image: /Dedicated/jmichaelson-wdata/msmuhammad/projects/RPOE/3dprint/data/derivatives/pre-freesurfer/../../temp/MNI152_T1_0.5mm.nii.gz
  moving image: /Dedicated/jmichaelson-wdata/msmuhammad/projects/RPOE/3dprint/data/derivatives/pre-freesurfer/2E_039/2E_039/2E_039_reorient_RPI_denoise.nii.gz
Dimension = 3
Number of stages = 2
Use histogram matching = true
Winsorize image intensities = true
  Lower quantile = 0.005
  Upper quantile = 0.995


Stage 1 State
   Image metric = Mattes
     Fixed image = Image (0x33a6f10)
  RTTI typeinfo:   itk::Image<double, 3u>
  Reference Count: 2
  Modified Time: 1694
  Debug: Off
  Object Name: 
  Observers: 
    none
  Source: (none)
  Source output name: (none)
  Release Data: Off
  Data Released: False
  Global Release Data: Off
  PipelineMTime: 0
  UpdateMTime: 1477
  RealTimeStamp: 0 seconds 
  LargestPossibleRegion: 
    Dimension: 3
    Index: [0, 0, 0]
    Size: [364, 436, 364]
  BufferedRegion: 
    Dimension: 3
    Index: [0, 0, 0]
    Size: [364, 436, 364]
  RequestedRegion: 
    Dimension: 3
    Index: [0, 0, 0]
    Size: [364, 436, 364]
  Spacing: [0.5, 0.5, 0.5]
  Origin: [-90, 126, -72]
  Direction: 
1 0 0
0 -1 0
0 0 1

  IndexToPointMatrix: 
0.5 0 0
0 -0.5 0
0 0 0.5

  PointToIndexMatrix: 
2 0 0
0 -2 0
0 0 2

  Inverse Direction: 
1 0 0
0 -1 0
0 0 1

  PixelContainer: 
    ImportImageContainer (0x33939d0)
      RTTI typeinfo:   itk::ImportImageContainer<unsigned long, double>
      Reference Count: 1
      Modified Time: 1474
      Debug: Off
      Object Name: 
      Observers: 
        none
      Pointer: 0x2afeab21d010
      Container manages memory: true
      Size: 57768256
      Capacity: 57768256

     Moving image = Image (0x33a6af0)
  RTTI typeinfo:   itk::Image<double, 3u>
  Reference Count: 2
  Modified Time: 1695
  Debug: Off
  Object Name: 
  Observers: 
    none
  Source: (none)
  Source output name: (none)
  Release Data: Off
  Data Released: False
  Global Release Data: Off
  PipelineMTime: 0
  UpdateMTime: 1692
  RealTimeStamp: 0 seconds 
  LargestPossibleRegion: 
    Dimension: 3
    Index: [0, 0, 0]
    Size: [280, 512, 512]
  BufferedRegion: 
    Dimension: 3
    Index: [0, 0, 0]
    Size: [280, 512, 512]
  RequestedRegion: 
    Dimension: 3
    Index: [0, 0, 0]
    Size: [280, 512, 512]
  Spacing: [0.599998, 0.4688, 0.4688]
  Origin: [-84.3246, 87.2912, -134.791]
  Direction: 
1 0 0
0 -1 0
0 0 1

  IndexToPointMatrix: 
0.599998 0 0
0 -0.4688 0
0 0 0.4688

  PointToIndexMatrix: 
1.66667 0 0
0 -2.13311 0
0 0 2.13311

  Inverse Direction: 
1 0 0
0 -1 0
0 0 1

  PixelContainer: 
    ImportImageContainer (0x33aa190)
      RTTI typeinfo:   itk::ImportImageContainer<unsigned long, double>
      Reference Count: 1
      Modified Time: 1689
      Debug: Off
      Object Name: 
      Observers: 
        none
      Pointer: 0x2afec6ada010
      Container manages memory: true
      Size: 73400320
      Capacity: 73400320

     Weighting = 1
     Sampling strategy = regular
     Number of bins = 32
     Radius = 4
     Sampling percentage  = 0.25
   Transform = Rigid
     Gradient step = 0.1
     Update field sigma (voxel space) = 0
     Total field sigma (voxel space) = 0
     Update field time sigma = 0
     Total field time sigma  = 0
     Number of time indices = 0
     Number of time point samples = 0
Stage 2 State
   Image metric = Mattes
     Fixed image = Image (0x33b64a0)
  RTTI typeinfo:   itk::Image<double, 3u>
  Reference Count: 2
  Modified Time: 2126
  Debug: Off
  Object Name: 
  Observers: 
    none
  Source: (none)
  Source output name: (none)
  Release Data: Off
  Data Released: False
  Global Release Data: Off
  PipelineMTime: 0
  UpdateMTime: 1909
  RealTimeStamp: 0 seconds 
  LargestPossibleRegion: 
    Dimension: 3
    Index: [0, 0, 0]
    Size: [364, 436, 364]
  BufferedRegion: 
    Dimension: 3
    Index: [0, 0, 0]
    Size: [364, 436, 364]
  RequestedRegion: 
    Dimension: 3
    Index: [0, 0, 0]
    Size: [364, 436, 364]
  Spacing: [0.5, 0.5, 0.5]
  Origin: [-90, 126, -72]
  Direction: 
1 0 0
0 -1 0
0 0 1

  IndexToPointMatrix: 
0.5 0 0
0 -0.5 0
0 0 0.5

  PointToIndexMatrix: 
2 0 0
0 -2 0
0 0 2

  Inverse Direction: 
1 0 0
0 -1 0
0 0 1

  PixelContainer: 
    ImportImageContainer (0x33b6760)
      RTTI typeinfo:   itk::ImportImageContainer<unsigned long, double>
      Reference Count: 1
      Modified Time: 1906
      Debug: Off
      Object Name: 
      Observers: 
        none
      Pointer: 0x2afee9adb010
      Container manages memory: true
      Size: 57768256
      Capacity: 57768256

     Moving image = Image (0x33a05b0)
  RTTI typeinfo:   itk::Image<double, 3u>
  Reference Count: 2
  Modified Time: 2127
  Debug: Off
  Object Name: 
  Observers: 
    none
  Source: (none)
  Source output name: (none)
  Release Data: Off
  Data Released: False
  Global Release Data: Off
  PipelineMTime: 0
  UpdateMTime: 2124
  RealTimeStamp: 0 seconds 
  LargestPossibleRegion: 
    Dimension: 3
    Index: [0, 0, 0]
    Size: [280, 512, 512]
  BufferedRegion: 
    Dimension: 3
    Index: [0, 0, 0]
    Size: [280, 512, 512]
  RequestedRegion: 
    Dimension: 3
    Index: [0, 0, 0]
    Size: [280, 512, 512]
  Spacing: [0.599998, 0.4688, 0.4688]
  Origin: [-84.3246, 87.2912, -134.791]
  Direction: 
1 0 0
0 -1 0
0 0 1

  IndexToPointMatrix: 
0.599998 0 0
0 -0.4688 0
0 0 0.4688

  PointToIndexMatrix: 
1.66667 0 0
0 -2.13311 0
0 0 2.13311

  Inverse Direction: 
1 0 0
0 -1 0
0 0 1

  PixelContainer: 
    ImportImageContainer (0x33a5c90)
      RTTI typeinfo:   itk::ImportImageContainer<unsigned long, double>
      Reference Count: 1
      Modified Time: 2121
      Debug: Off
      Object Name: 
      Observers: 
        none
      Pointer: 0x2aff05398010
      Container manages memory: true
      Size: 73400320
      Capacity: 73400320

     Weighting = 1
     Sampling strategy = regular
     Number of bins = 32
     Radius = 4
     Sampling percentage  = 0.25
   Transform = Affine
     Gradient step = 0.1
     Update field sigma (voxel space) = 0
     Total field sigma (voxel space) = 0
     Update field time sigma = 0
     Total field time sigma  = 0
     Number of time indices = 0
     Number of time point samples = 0
Registration using 2 total stages.

Stage 0
  iterations = 2000x2000x2000x2000x2000
  convergence threshold = 1e-06
  convergence window size = 10
  number of levels = 5
  using the Mattes MI metric (number of bins = 32, weight = 1, use gradient filter = 0)
  preprocessing:  winsorizing the image intensities
  preprocessing:  histogram matching the images
  Shrink factors (level 1 out of 5): [8, 8, 8]
  Shrink factors (level 2 out of 5): [8, 8, 8]
  Shrink factors (level 3 out of 5): [4, 4, 4]
  Shrink factors (level 4 out of 5): [2, 2, 2]
  Shrink factors (level 5 out of 5): [1, 1, 1]
  smoothing sigmas per level: [4, 3, 2, 1, 0]
  regular sampling (percentage = 0.25)

*** Running Euler3DTransform registration ***

DIAGNOSTIC,Iteration,metricValue,convergenceValue,ITERATION_TIME_INDEX,SINCE_LAST
 2DIAGNOSTIC,     1, -5.602981538447e-01, 1.797693134862e+308, 1.4143e+00, 1.4143e+00, 
 2DIAGNOSTIC,     2, -5.619919449172e-01, 1.797693134862e+308, 1.4263e+00, 1.2043e-02, 
 2DIAGNOSTIC,     3, -5.646028067102e-01, 1.797693134862e+308, 1.4382e+00, 1.1836e-02, 
 2DIAGNOSTIC,     4, -5.684371452553e-01, 1.797693134862e+308, 1.4501e+00, 1.1901e-02, 
 2DIAGNOSTIC,     5, -5.749458084985e-01, 1.797693134862e+308, 1.4616e+00, 1.1507e-02, 
 2DIAGNOSTIC,     6, -5.835967081325e-01, 1.797693134862e+308, 1.4731e+00, 1.1557e-02, 
 2DIAGNOSTIC,     7, -5.923803880625e-01, 1.797693134862e+308, 1.4844e+00, 1.1282e-02, 
 2DIAGNOSTIC,     8, -5.981816474470e-01, 1.797693134862e+308, 1.4954e+00, 1.0971e-02, 
 2DIAGNOSTIC,     9, -5.998438779048e-01, 1.797693134862e+308, 1.5066e+00, 1.1195e-02, 
 2DIAGNOSTIC,    10, -6.024046570298e-01, 5.453624583424e-03, 1.5201e+00, 1.3493e-02, 
 2DIAGNOSTIC,    11, -6.032899429691e-01, 4.821281036123e-03, 1.5331e+00, 1.3079e-02, 
 2DIAGNOSTIC,    12, -6.033978314072e-01, 3.936174702359e-03, 1.5416e+00, 8.4791e-03, 
 2DIAGNOSTIC,    13, -6.034225928144e-01, 2.936182385167e-03, 1.5495e+00, 7.9310e-03, 
 2DIAGNOSTIC,    14, -6.039798476793e-01, 1.969382333520e-03, 1.5582e+00, 8.6582e-03, 
 2DIAGNOSTIC,    15, -6.044377644064e-01, 1.176308133345e-03, 1.5673e+00, 9.1209e-03, 
 2DIAGNOSTIC,    16, -6.048542125914e-01, 6.450810332906e-04, 1.5748e+00, 7.4830e-03, 
 2DIAGNOSTIC,    17, -6.049880664663e-01, 3.683099067413e-04, 1.5812e+00, 6.3958e-03, 
 2DIAGNOSTIC,    18, -6.049682428914e-01, 2.437327805488e-04, 1.5890e+00, 7.7591e-03, 
 2DIAGNOSTIC,    19, -6.048791643697e-01, 1.483319981561e-04, 1.5954e+00, 6.4611e-03, 
 2DIAGNOSTIC,    20, -6.048700018998e-01, 1.095268535679e-04, 1.6021e+00, 6.6912e-03, 
 2DIAGNOSTIC,    21, -6.048382794575e-01, 8.383388758844e-05, 1.6081e+00, 5.9662e-03, 
 2DIAGNOSTIC,    22, -6.048578423065e-01, 5.581558047119e-05, 1.6147e+00, 6.5801e-03, 
 2DIAGNOSTIC,    23, -6.049029151488e-01, 2.655442139038e-05, 1.6212e+00, 6.5000e-03, 
 2DIAGNOSTIC,    24, -6.048637685553e-01, 7.621014338634e-06, 1.6279e+00, 6.7070e-03, 
DIAGNOSTIC,Iteration,metricValue,convergenceValue,ITERATION_TIME_INDEX,SINCE_LAST
 2DIAGNOSTIC,     1, -5.609328087714e-01, 1.797693134862e+308, 2.9045e+00, 1.2767e+00, 
 2DIAGNOSTIC,     2, -5.613218008410e-01, 1.797693134862e+308, 2.9144e+00, 9.9120e-03, 
 2DIAGNOSTIC,     3, -5.619290613008e-01, 1.797693134862e+308, 2.9243e+00, 9.8741e-03, 
 2DIAGNOSTIC,     4, -5.624703875858e-01, 1.797693134862e+308, 2.9353e+00, 1.0941e-02, 
 2DIAGNOSTIC,     5, -5.625854683396e-01, 1.797693134862e+308, 2.9450e+00, 9.7332e-03, 
 2DIAGNOSTIC,     6, -5.626004403229e-01, 1.797693134862e+308, 2.9561e+00, 1.1161e-02, 
 2DIAGNOSTIC,     7, -5.626724828490e-01, 1.797693134862e+308, 2.9672e+00, 1.1089e-02, 
 2DIAGNOSTIC,     8, -5.626009772414e-01, 1.797693134862e+308, 2.9782e+00, 1.0970e-02, 
 2DIAGNOSTIC,     9, -5.626565401806e-01, 1.797693134862e+308, 2.9887e+00, 1.0531e-02, 
 2DIAGNOSTIC,    10, -5.626550400928e-01, 1.779228835965e-04, 2.9986e+00, 9.8870e-03, 
 2DIAGNOSTIC,    11, -5.626217070759e-01, 9.865309694213e-05, 3.0067e+00, 8.0528e-03, 
 2DIAGNOSTIC,    12, -5.625009278724e-01, 3.497030779455e-05, 3.0170e+00, 1.0317e-02, 
 2DIAGNOSTIC,    13, -5.625385881704e-01, 2.850047468694e-06, 3.0256e+00, 8.5611e-03, 
DIAGNOSTIC,Iteration,metricValue,convergenceValue,ITERATION_TIME_INDEX,SINCE_LAST
 2DIAGNOSTIC,     1, -5.287290741794e-01, 1.797693134862e+308, 4.5818e+00, 1.5562e+00, 
 2DIAGNOSTIC,     2, -5.287755860862e-01, 1.797693134862e+308, 4.6711e+00, 8.9301e-02, 
 2DIAGNOSTIC,     3, -5.288609362019e-01, 1.797693134862e+308, 4.7267e+00, 5.5589e-02, 
 2DIAGNOSTIC,     4, -5.290261664262e-01, 1.797693134862e+308, 4.7855e+00, 5.8782e-02, 
 2DIAGNOSTIC,     5, -5.293887120691e-01, 1.797693134862e+308, 4.8516e+00, 6.6084e-02, 
 2DIAGNOSTIC,     6, -5.299100148720e-01, 1.797693134862e+308, 4.9192e+00, 6.7593e-02, 
 2DIAGNOSTIC,     7, -5.305493198211e-01, 1.797693134862e+308, 4.9852e+00, 6.6030e-02, 
 2DIAGNOSTIC,     8, -5.319929488574e-01, 1.797693134862e+308, 5.0441e+00, 5.8963e-02, 
 2DIAGNOSTIC,     9, -5.357006327331e-01, 1.797693134862e+308, 5.1369e+00, 9.2770e-02, 
 2DIAGNOSTIC,    10, -5.363087339823e-01, 8.931559439280e-04, 5.2357e+00, 9.8812e-02, 
 2DIAGNOSTIC,    11, -5.363251325969e-01, 9.783966394882e-04, 5.3331e+00, 9.7344e-02, 
 2DIAGNOSTIC,    12, -5.363092574106e-01, 9.657086425306e-04, 5.4093e+00, 7.6272e-02, 
 2DIAGNOSTIC,    13, -5.363083232425e-01, 8.706540425409e-04, 5.4670e+00, 5.7671e-02, 
 2DIAGNOSTIC,    14, -5.363035483613e-01, 7.141488506674e-04, 5.5255e+00, 5.8502e-02, 
 2DIAGNOSTIC,    15, -5.363010157428e-01, 5.262110467251e-04, 5.6020e+00, 7.6444e-02, 
 2DIAGNOSTIC,    16, -5.363012061748e-01, 3.331577696864e-04, 5.6786e+00, 7.6625e-02, 
 2DIAGNOSTIC,    17, -5.363015397221e-01, 1.529512653551e-04, 5.7525e+00, 7.3962e-02, 
 2DIAGNOSTIC,    18, -5.363002400301e-01, 1.870843335113e-05, 5.8141e+00, 6.1510e-02, 
DIAGNOSTIC,Iteration,metricValue,convergenceValue,ITERATION_TIME_INDEX,SINCE_LAST
 2DIAGNOSTIC,     1, -4.931099386185e-01, 1.797693134862e+308, 8.5473e+00, 2.7333e+00, 
 2DIAGNOSTIC,     2, -4.931575750804e-01, 1.797693134862e+308, 9.0365e+00, 4.8916e-01, 
 2DIAGNOSTIC,     3, -4.932138612964e-01, 1.797693134862e+308, 9.4935e+00, 4.5701e-01, 
 2DIAGNOSTIC,     4, -4.934002274142e-01, 1.797693134862e+308, 9.9528e+00, 4.5929e-01, 
 2DIAGNOSTIC,     5, -4.938483785841e-01, 1.797693134862e+308, 1.0412e+01, 4.5904e-01, 
 2DIAGNOSTIC,     6, -4.947534499512e-01, 1.797693134862e+308, 1.0931e+01, 5.1911e-01, 
 2DIAGNOSTIC,     7, -4.952268155366e-01, 1.797693134862e+308, 1.1482e+01, 5.5064e-01, 
 2DIAGNOSTIC,     8, -4.967125788055e-01, 1.797693134862e+308, 1.2283e+01, 8.0100e-01, 
 2DIAGNOSTIC,     9, -4.967115034445e-01, 1.797693134862e+308, 1.2684e+01, 4.0103e-01, 
 2DIAGNOSTIC,    10, -4.968069525424e-01, 5.926750567269e-04, 1.3128e+01, 4.4462e-01, 
 2DIAGNOSTIC,    11, -4.968247084814e-01, 5.534958383915e-04, 1.4034e+01, 9.0537e-01, 
 2DIAGNOSTIC,    12, -4.968258828933e-01, 4.734499961054e-04, 1.4591e+01, 5.5731e-01, 
 2DIAGNOSTIC,    13, -4.968242323647e-01, 3.652219860223e-04, 1.5237e+01, 6.4568e-01, 
 2DIAGNOSTIC,    14, -4.968242206747e-01, 2.472071808851e-04, 1.5829e+01, 5.9250e-01, 
 2DIAGNOSTIC,    15, -4.968229090438e-01, 1.397952183873e-04, 1.6551e+01, 7.2162e-01, 
 2DIAGNOSTIC,    16, -4.968223875335e-01, 6.578279302871e-05, 1.7019e+01, 4.6794e-01, 
 2DIAGNOSTIC,    17, -4.968215044755e-01, 9.179245497731e-06, 1.7573e+01, 5.5470e-01, 
 2DIAGNOSTIC,    18, -4.968217683846e-01, 5.592849091608e-06, 1.8059e+01, 4.8572e-01, 
 2DIAGNOSTIC,    19, -4.968215519328e-01, 1.915731077308e-06, 1.8584e+01, 5.2511e-01, 
 2DIAGNOSTIC,    20, -4.968219816389e-01, 1.318897190496e-06, 1.9141e+01, 5.5696e-01, 
 2DIAGNOSTIC,    21, -4.968214655171e-01, 1.273932346786e-06, 1.9632e+01, 4.9054e-01, 
 2DIAGNOSTIC,    22, -4.968204738117e-01, 1.262109753049e-06, 2.0172e+01, 5.4026e-01, 
 2DIAGNOSTIC,    23, -4.968209532127e-01, 1.239713094063e-06, 2.0694e+01, 5.2218e-01, 
 2DIAGNOSTIC,    24, -4.968216309875e-01, 1.248381808455e-06, 2.1342e+01, 6.4835e-01, 
 2DIAGNOSTIC,    25, -4.968211769667e-01, 1.222752216971e-06, 2.1898e+01, 5.5565e-01, 
 2DIAGNOSTIC,    26, -4.968194482816e-01, 1.155809582112e-06, 2.2468e+01, 5.7024e-01, 
 2DIAGNOSTIC,    27, -4.968192305226e-01, 1.078492623360e-06, 2.3000e+01, 5.3192e-01, 
DIAGNOSTIC,Iteration,metricValue,convergenceValue,ITERATION_TIME_INDEX,SINCE_LAST
 2DIAGNOSTIC,     1, -4.563647438122e-01, 1.797693134862e+308, 3.5739e+01, 1.2738e+01, 
 2DIAGNOSTIC,     2, -4.563640556771e-01, 1.797693134862e+308, 4.0719e+01, 4.9803e+00, 
 2DIAGNOSTIC,     3, -4.563642449294e-01, 1.797693134862e+308, 4.3411e+01, 2.6918e+00, 
 2DIAGNOSTIC,     4, -4.563641636230e-01, 1.797693134862e+308, 4.6545e+01, 3.1345e+00, 
 2DIAGNOSTIC,     5, -4.563640696839e-01, 1.797693134862e+308, 5.1238e+01, 4.6931e+00, 
 2DIAGNOSTIC,     6, -4.563640821374e-01, 1.797693134862e+308, 5.5082e+01, 3.8433e+00, 
 2DIAGNOSTIC,     7, -4.563639296785e-01, 1.797693134862e+308, 5.8467e+01, 3.3855e+00, 
 2DIAGNOSTIC,     8, -4.563639042668e-01, 1.797693134862e+308, 6.1865e+01, 3.3974e+00, 
 2DIAGNOSTIC,     9, -4.563638741958e-01, 1.797693134862e+308, 6.5806e+01, 3.9409e+00, 
 2DIAGNOSTIC,    10, -4.563639194248e-01, 3.098207679089e-06, 7.0043e+01, 4.2378e+00, 
 2DIAGNOSTIC,    11, -4.563638566844e-01, 2.847141401696e-06, 7.3903e+01, 3.8597e+00, 
 2DIAGNOSTIC,    12, -4.563636271866e-01, 2.594122119309e-06, 7.7289e+01, 3.3857e+00, 
 2DIAGNOSTIC,    13, -4.563636789483e-01, 2.397128527148e-06, 8.1591e+01, 4.3023e+00, 
 2DIAGNOSTIC,    14, -4.563636891277e-01, 2.229435777948e-06, 8.5917e+01, 4.3263e+00, 
 2DIAGNOSTIC,    15, -4.563636532414e-01, 2.082343275006e-06, 8.9283e+01, 3.3660e+00, 
 2DIAGNOSTIC,    16, -4.563636025451e-01, 1.955947566565e-06, 9.2689e+01, 3.4054e+00, 
 2DIAGNOSTIC,    17, -4.563635926667e-01, 1.841663754894e-06, 9.6061e+01, 3.3722e+00, 
 2DIAGNOSTIC,    18, -4.563636084740e-01, 1.742451740845e-06, 9.9483e+01, 3.4217e+00, 
 2DIAGNOSTIC,    19, -4.563636478441e-01, 1.656039346543e-06, 1.0285e+02, 3.3672e+00, 
 2DIAGNOSTIC,    20, -4.563636929758e-01, 1.582755511015e-06, 1.0673e+02, 3.8803e+00, 
 2DIAGNOSTIC,    21, -4.563637196110e-01, 1.516333860738e-06, 1.1066e+02, 3.9282e+00, 
 2DIAGNOSTIC,    22, -4.563636663726e-01, 1.447765093900e-06, 1.1411e+02, 3.4537e+00, 
 2DIAGNOSTIC,    23, -4.563635493925e-01, 1.383236609774e-06, 1.1754e+02, 3.4292e+00, 
 2DIAGNOSTIC,    24, -4.563634542290e-01, 1.321926805249e-06, 1.2137e+02, 3.8291e+00, 
 2DIAGNOSTIC,    25, -4.563632339432e-01, 1.259493509743e-06, 1.2522e+02, 3.8455e+00, 
 2DIAGNOSTIC,    26, -4.563630946626e-01, 1.198620433941e-06, 1.2996e+02, 4.7434e+00, 
 2DIAGNOSTIC,    27, -4.563631334654e-01, 1.145303958873e-06, 1.3387e+02, 3.9097e+00, 
 2DIAGNOSTIC,    28, -4.563630275776e-01, 1.096800980954e-06, 1.3774e+02, 3.8736e+00, 
 2DIAGNOSTIC,    29, -4.563629213781e-01, 1.053964868221e-06, 1.4118e+02, 3.4403e+00, 
 2DIAGNOSTIC,    30, -4.563629590137e-01, 1.019837961275e-06, 1.4500e+02, 3.8220e+00, 
  Elapsed time (stage 0): 1.5175e+02


Stage 1
  iterations = 1000x1000x1000x1000x1000
  convergence threshold = 1.0000e-06
  convergence window size = 10
  number of levels = 5
  using the Mattes MI metric (number of bins = 32, weight = 1.0000e+00, use gradient filter = 0)
  preprocessing:  winsorizing the image intensities
  preprocessing:  histogram matching the images
  Shrink factors (level 1 out of 5): [8, 8, 8]
  Shrink factors (level 2 out of 5): [8, 8, 8]
  Shrink factors (level 3 out of 5): [4, 4, 4]
  Shrink factors (level 4 out of 5): [2, 2, 2]
  Shrink factors (level 5 out of 5): [1, 1, 1]
  smoothing sigmas per level: [4, 3, 2, 1, 0]
  regular sampling (percentage = 2.5000e-01)

*** Running AffineTransform registration ***

DIAGNOSTIC,Iteration,metricValue,convergenceValue,ITERATION_TIME_INDEX,SINCE_LAST
 2DIAGNOSTIC,     1, -5.990184029048e-01, 1.797693134862e+308, 1.3638e+00, 1.3638e+00, 
 2DIAGNOSTIC,     2, -6.003162349499e-01, 1.797693134862e+308, 1.3760e+00, 1.2156e-02, 
 2DIAGNOSTIC,     3, -6.025409187238e-01, 1.797693134862e+308, 1.3889e+00, 1.2899e-02, 
 2DIAGNOSTIC,     4, -6.072101467837e-01, 1.797693134862e+308, 1.4061e+00, 1.7174e-02, 
 2DIAGNOSTIC,     5, -6.148608336111e-01, 1.797693134862e+308, 1.4276e+00, 2.1545e-02, 
 2DIAGNOSTIC,     6, -6.314032498402e-01, 1.797693134862e+308, 1.4434e+00, 1.5781e-02, 
 2DIAGNOSTIC,     7, -6.748011168502e-01, 1.797693134862e+308, 1.4577e+00, 1.4321e-02, 
 2DIAGNOSTIC,     8, -7.161290747909e-01, 1.797693134862e+308, 1.4765e+00, 1.8765e-02, 
 2DIAGNOSTIC,     9, -7.252855505980e-01, 1.797693134862e+308, 1.4886e+00, 1.2140e-02, 
 2DIAGNOSTIC,    10, -7.565776565564e-01, 1.658057308226e-02, 1.5011e+00, 1.2478e-02, 
 2DIAGNOSTIC,    11, -7.810663007871e-01, 1.760418490544e-02, 1.5136e+00, 1.2531e-02, 
 2DIAGNOSTIC,    12, -7.979679961075e-01, 1.744224436752e-02, 1.5274e+00, 1.3802e-02, 
 2DIAGNOSTIC,    13, -8.142060247887e-01, 1.630484395638e-02, 1.5417e+00, 1.4233e-02, 
 2DIAGNOSTIC,    14, -8.196463706448e-01, 1.419528477560e-02, 1.5699e+00, 2.8274e-02, 
 2DIAGNOSTIC,    15, -8.196683641860e-01, 1.134947313279e-02, 1.5805e+00, 1.0551e-02, 
 2DIAGNOSTIC,    16, -8.196979686787e-01, 8.275951616139e-03, 1.5907e+00, 1.0172e-02, 
 2DIAGNOSTIC,    17, -8.197464391032e-01, 5.851304047836e-03, 1.6006e+00, 9.9652e-03, 
 2DIAGNOSTIC,    18, -8.198234584604e-01, 4.103057203397e-03, 1.6124e+00, 1.1801e-02, 
 2DIAGNOSTIC,    19, -8.199242669211e-01, 2.364767949590e-03, 1.6258e+00, 1.3350e-02, 
 2DIAGNOSTIC,    20, -8.200959864078e-01, 1.207742139315e-03, 1.6425e+00, 1.6693e-02, 
 2DIAGNOSTIC,    21, -8.203158638818e-01, 5.114970545663e-04, 1.6544e+00, 1.1939e-02, 
 2DIAGNOSTIC,    22, -8.205902930917e-01, 1.304070507394e-04, 1.6663e+00, 1.1868e-02, 
 2DIAGNOSTIC,    23, -8.208649988983e-01, 4.530728080856e-05, 1.6781e+00, 1.1779e-02, 
 2DIAGNOSTIC,    24, -8.212348179804e-01, 5.588986905282e-05, 1.6901e+00, 1.2043e-02, 
 2DIAGNOSTIC,    25, -8.215534772435e-01, 6.552353230403e-05, 1.7021e+00, 1.2047e-02, 
 2DIAGNOSTIC,    26, -8.218151517372e-01, 7.250102848698e-05, 1.7148e+00, 1.2655e-02, 
 2DIAGNOSTIC,    27, -8.220026401801e-01, 7.548888888469e-05, 1.7284e+00, 1.3620e-02, 
 2DIAGNOSTIC,    28, -8.221001738109e-01, 7.358656913951e-05, 1.7409e+00, 1.2477e-02, 
 2DIAGNOSTIC,    29, -8.221471234434e-01, 6.688395669960e-05, 1.7525e+00, 1.1630e-02, 
 2DIAGNOSTIC,    30, -8.228264951486e-01, 6.499804866721e-05, 1.7650e+00, 1.2485e-02, 
 2DIAGNOSTIC,    31, -8.231086973000e-01, 6.296927638874e-05, 1.7768e+00, 1.1771e-02, 
 2DIAGNOSTIC,    32, -8.231849286249e-01, 5.927095442469e-05, 1.7912e+00, 1.4388e-02, 
 2DIAGNOSTIC,    33, -8.231879017831e-01, 5.349991515077e-05, 1.8032e+00, 1.2060e-02, 
 2DIAGNOSTIC,    34, -8.231991649115e-01, 4.724707399802e-05, 1.8152e+00, 1.1956e-02, 
 2DIAGNOSTIC,    35, -8.232270598178e-01, 4.047696318688e-05, 1.8258e+00, 1.0598e-02, 
 2DIAGNOSTIC,    36, -8.232168374590e-01, 3.280793230292e-05, 1.8370e+00, 1.1252e-02, 
 2DIAGNOSTIC,    37, -8.232265062041e-01, 2.458150627356e-05, 1.8481e+00, 1.1046e-02, 
 2DIAGNOSTIC,    38, -8.232373752035e-01, 1.571757192877e-05, 1.8590e+00, 1.0941e-02, 
 2DIAGNOSTIC,    39, -8.232504326503e-01, 6.342128261626e-06, 1.8688e+00, 9.8250e-03, 
 2DIAGNOSTIC,    40, -8.232271548891e-01, 2.865452479933e-06, 1.8786e+00, 9.7311e-03, 
 2DIAGNOSTIC,    41, -8.232511647477e-01, 2.092414084286e-06, 1.8891e+00, 1.0498e-02, 
 2DIAGNOSTIC,    42, -8.232103169094e-01, 1.540364697347e-06, 1.8993e+00, 1.0218e-02, 
DIAGNOSTIC,Iteration,metricValue,convergenceValue,ITERATION_TIME_INDEX,SINCE_LAST
 2DIAGNOSTIC,     1, -7.682647076121e-01, 1.797693134862e+308, 3.3300e+00, 1.4307e+00, 
 2DIAGNOSTIC,     2, -7.687786377008e-01, 1.797693134862e+308, 3.3483e+00, 1.8351e-02, 
 2DIAGNOSTIC,     3, -7.691636636121e-01, 1.797693134862e+308, 3.3599e+00, 1.1569e-02, 
 2DIAGNOSTIC,     4, -7.693586670847e-01, 1.797693134862e+308, 3.3723e+00, 1.2378e-02, 
 2DIAGNOSTIC,     5, -7.694697362849e-01, 1.797693134862e+308, 3.3935e+00, 2.1254e-02, 
 2DIAGNOSTIC,     6, -7.694707954426e-01, 1.797693134862e+308, 3.4030e+00, 9.5251e-03, 
 2DIAGNOSTIC,     7, -7.694754985677e-01, 1.797693134862e+308, 3.4123e+00, 9.2981e-03, 
 2DIAGNOSTIC,     8, -7.694827484759e-01, 1.797693134862e+308, 3.4217e+00, 9.3291e-03, 
 2DIAGNOSTIC,     9, -7.694935495542e-01, 1.797693134862e+308, 3.4410e+00, 1.9304e-02, 
 2DIAGNOSTIC,    10, -7.695086581342e-01, 8.251441417628e-05, 3.4531e+00, 1.2129e-02, 
 2DIAGNOSTIC,    11, -7.695263794527e-01, 4.153995916782e-05, 3.4655e+00, 1.2431e-02, 
 2DIAGNOSTIC,    12, -7.695471992984e-01, 2.017494556011e-05, 3.4778e+00, 1.2253e-02, 
 2DIAGNOSTIC,    13, -7.696187196386e-01, 1.336024991826e-05, 3.4902e+00, 1.2458e-02, 
 2DIAGNOSTIC,    14, -7.696372240942e-01, 1.203366968901e-05, 3.5021e+00, 1.1852e-02, 
 2DIAGNOSTIC,    15, -7.696550795511e-01, 1.317916578215e-05, 3.5146e+00, 1.2505e-02, 
 2DIAGNOSTIC,    16, -7.697039618838e-01, 1.433357109802e-05, 3.5307e+00, 1.6070e-02, 
 2DIAGNOSTIC,    17, -7.697130422308e-01, 1.448473196420e-05, 3.5424e+00, 1.1707e-02, 
 2DIAGNOSTIC,    18, -7.696793724624e-01, 1.290006929417e-05, 3.5534e+00, 1.1069e-02, 
 2DIAGNOSTIC,    19, -7.696625824689e-01, 1.036035149775e-05, 3.5713e+00, 1.7875e-02, 
 2DIAGNOSTIC,    20, -7.696545433027e-01, 7.408814672094e-06, 3.5925e+00, 2.1208e-02, 
 2DIAGNOSTIC,    21, -7.696604694157e-01, 4.596934790942e-06, 3.6071e+00, 1.4601e-02, 
 2DIAGNOSTIC,    22, -7.696610788028e-01, 2.074391796732e-06, 3.6199e+00, 1.2778e-02, 
DIAGNOSTIC,Iteration,metricValue,convergenceValue,ITERATION_TIME_INDEX,SINCE_LAST
 2DIAGNOSTIC,     1, -7.103521365815e-01, 1.797693134862e+308, 5.1877e+00, 1.5678e+00, 
 2DIAGNOSTIC,     2, -7.104330622205e-01, 1.797693134862e+308, 5.2751e+00, 8.7432e-02, 
 2DIAGNOSTIC,     3, -7.104579260493e-01, 1.797693134862e+308, 5.3710e+00, 9.5950e-02, 
 2DIAGNOSTIC,     4, -7.105508372646e-01, 1.797693134862e+308, 5.4593e+00, 8.8220e-02, 
 2DIAGNOSTIC,     5, -7.106052604657e-01, 1.797693134862e+308, 5.5647e+00, 1.0543e-01, 
 2DIAGNOSTIC,     6, -7.106124847600e-01, 1.797693134862e+308, 5.7158e+00, 1.5115e-01, 
 2DIAGNOSTIC,     7, -7.106001906202e-01, 1.797693134862e+308, 5.8212e+00, 1.0538e-01, 
 2DIAGNOSTIC,     8, -7.106041601332e-01, 1.797693134862e+308, 5.9073e+00, 8.6072e-02, 
 2DIAGNOSTIC,     9, -7.106047853537e-01, 1.797693134862e+308, 6.0013e+00, 9.4038e-02, 
 2DIAGNOSTIC,    10, -7.106074897368e-01, 2.447199414589e-05, 6.0966e+00, 9.5321e-02, 
 2DIAGNOSTIC,    11, -7.106071630152e-01, 1.525846772679e-05, 6.1934e+00, 9.6757e-02, 
 2DIAGNOSTIC,    12, -7.106067945061e-01, 9.207371640008e-06, 6.2895e+00, 9.6115e-02, 
 2DIAGNOSTIC,    13, -7.106168650908e-01, 4.512819810037e-06, 6.3958e+00, 1.0634e-01, 
 2DIAGNOSTIC,    14, -7.106321494438e-01, 3.335104334201e-06, 6.4801e+00, 8.4218e-02, 
 2DIAGNOSTIC,    15, -7.106368922535e-01, 3.777487997486e-06, 6.5547e+00, 7.4604e-02, 
 2DIAGNOSTIC,    16, -7.106480206081e-01, 4.486920247043e-06, 6.6400e+00, 8.5280e-02, 
 2DIAGNOSTIC,    17, -7.106568820455e-01, 4.799617055795e-06, 6.7358e+00, 9.5897e-02, 
 2DIAGNOSTIC,    18, -7.106653150773e-01, 5.076880460718e-06, 6.8416e+00, 1.0573e-01, 
 2DIAGNOSTIC,    19, -7.106653974265e-01, 5.025718423937e-06, 6.9394e+00, 9.7830e-02, 
 2DIAGNOSTIC,    20, -7.106433178856e-01, 4.285479636872e-06, 7.0604e+00, 1.2104e-01, 
 2DIAGNOSTIC,    21, -7.106667595134e-01, 3.822293386975e-06, 7.1716e+00, 1.1112e-01, 
 2DIAGNOSTIC,    22, -7.106667525645e-01, 3.157408884277e-06, 7.2640e+00, 9.2433e-02, 
 2DIAGNOSTIC,    23, -7.106637305110e-01, 2.504924666316e-06, 7.4318e+00, 1.6782e-01, 
 2DIAGNOSTIC,    24, -7.106611526983e-01, 2.024439580514e-06, 7.5093e+00, 7.7509e-02, 
 2DIAGNOSTIC,    25, -7.106612469012e-01, 1.598088025523e-06, 7.6015e+00, 9.2180e-02, 
 2DIAGNOSTIC,    26, -7.106614662777e-01, 1.340068508146e-06, 7.6972e+00, 9.5660e-02, 
 2DIAGNOSTIC,    27, -7.106596832424e-01, 1.184305510354e-06, 7.7961e+00, 9.8899e-02, 
 2DIAGNOSTIC,    28, -7.106596167990e-01, 1.161884634282e-06, 7.8872e+00, 9.1094e-02, 
 2DIAGNOSTIC,    29, -7.106598010371e-01, 1.155416961537e-06, 7.9752e+00, 8.8005e-02, 
DIAGNOSTIC,Iteration,metricValue,convergenceValue,ITERATION_TIME_INDEX,SINCE_LAST
 2DIAGNOSTIC,     1, -6.387018214263e-01, 1.797693134862e+308, 1.0890e+01, 2.9146e+00, 
 2DIAGNOSTIC,     2, -6.388658216732e-01, 1.797693134862e+308, 1.1534e+01, 6.4422e-01, 
 2DIAGNOSTIC,     3, -6.389614246427e-01, 1.797693134862e+308, 1.2566e+01, 1.0317e+00, 
 2DIAGNOSTIC,     4, -6.389884022118e-01, 1.797693134862e+308, 1.3278e+01, 7.1249e-01, 
 2DIAGNOSTIC,     5, -6.389882459586e-01, 1.797693134862e+308, 1.3932e+01, 6.5369e-01, 
 2DIAGNOSTIC,     6, -6.389943351719e-01, 1.797693134862e+308, 1.4549e+01, 6.1746e-01, 
 2DIAGNOSTIC,     7, -6.390014054649e-01, 1.797693134862e+308, 1.5181e+01, 6.3153e-01, 
 2DIAGNOSTIC,     8, -6.390132890048e-01, 1.797693134862e+308, 1.5804e+01, 6.2316e-01, 
 2DIAGNOSTIC,     9, -6.390211943626e-01, 1.797693134862e+308, 1.6469e+01, 6.6543e-01, 
 2DIAGNOSTIC,    10, -6.390258993140e-01, 2.556805047935e-05, 1.7138e+01, 6.6878e-01, 
 2DIAGNOSTIC,    11, -6.390279111420e-01, 1.317475519814e-05, 1.7928e+01, 7.9032e-01, 
 2DIAGNOSTIC,    12, -6.390292346605e-01, 7.961313900448e-06, 1.8804e+01, 8.7528e-01, 
 2DIAGNOSTIC,    13, -6.390295211210e-01, 6.321619924796e-06, 1.9562e+01, 7.5842e-01, 
 2DIAGNOSTIC,    14, -6.390287130497e-01, 5.396908999686e-06, 2.0256e+01, 6.9345e-01, 
 2DIAGNOSTIC,    15, -6.390284395283e-01, 4.298568696423e-06, 2.0946e+01, 6.9047e-01, 
 2DIAGNOSTIC,    16, -6.390283044371e-01, 3.303781622360e-06, 2.1575e+01, 6.2889e-01, 
 2DIAGNOSTIC,    17, -6.390273882071e-01, 2.460387210412e-06, 2.2180e+01, 6.0512e-01, 
 2DIAGNOSTIC,    18, -6.390278683816e-01, 1.958736663470e-06, 2.2948e+01, 7.6807e-01, 
 2DIAGNOSTIC,    19, -6.390287511766e-01, 1.695483544499e-06, 2.3556e+01, 6.0805e-01, 
 2DIAGNOSTIC,    20, -6.390284428489e-01, 1.552958172710e-06, 2.4186e+01, 6.2928e-01, 
 2DIAGNOSTIC,    21, -6.390292589877e-01, 1.487118765769e-06, 2.4926e+01, 7.4002e-01, 
 2DIAGNOSTIC,    22, -6.390301648651e-01, 1.474501271387e-06, 2.5612e+01, 6.8607e-01, 
 2DIAGNOSTIC,    23, -6.390330850076e-01, 1.522098911994e-06, 2.6342e+01, 7.3000e-01, 
 2DIAGNOSTIC,    24, -6.390334170534e-01, 1.542330842180e-06, 2.7005e+01, 6.6317e-01, 
 2DIAGNOSTIC,    25, -6.390360842496e-01, 1.583874850913e-06, 2.7650e+01, 6.4557e-01, 
 2DIAGNOSTIC,    26, -6.390358221281e-01, 1.586237865427e-06, 2.8221e+01, 5.7059e-01, 
 2DIAGNOSTIC,    27, -6.390377295119e-01, 1.570710554011e-06, 2.8868e+01, 6.4690e-01, 
 2DIAGNOSTIC,    28, -6.390410909560e-01, 1.578959011400e-06, 2.9474e+01, 6.0635e-01, 
 2DIAGNOSTIC,    29, -6.390403849595e-01, 1.546446108759e-06, 3.0004e+01, 5.3017e-01, 
 2DIAGNOSTIC,    30, -6.390423535927e-01, 1.499423567600e-06, 3.0534e+01, 5.2940e-01, 
 2DIAGNOSTIC,    31, -6.390479101772e-01, 1.505186658882e-06, 3.1113e+01, 5.7879e-01, 
 2DIAGNOSTIC,    32, -6.390507313039e-01, 1.513847619657e-06, 3.1677e+01, 5.6492e-01, 
 2DIAGNOSTIC,    33, -6.390522282048e-01, 1.531887507317e-06, 3.2382e+01, 7.0450e-01, 
 2DIAGNOSTIC,    34, -6.390530681513e-01, 1.510609744199e-06, 3.2947e+01, 5.6507e-01, 
 2DIAGNOSTIC,    35, -6.390521900953e-01, 1.459589099698e-06, 3.3436e+01, 4.8851e-01, 
 2DIAGNOSTIC,    36, -6.390590262146e-01, 1.439288172929e-06, 3.3993e+01, 5.5777e-01, 
 2DIAGNOSTIC,    37, -6.390598244995e-01, 1.395650060937e-06, 3.4847e+01, 8.5385e-01, 
 2DIAGNOSTIC,    38, -6.390607105146e-01, 1.354633182741e-06, 3.5497e+01, 6.5029e-01, 
 2DIAGNOSTIC,    39, -6.390605294900e-01, 1.257833627529e-06, 3.6172e+01, 6.7438e-01, 
 2DIAGNOSTIC,    40, -6.390604261730e-01, 1.143489739241e-06, 3.6908e+01, 7.3582e-01, 
 2DIAGNOSTIC,    41, -6.390607039407e-01, 1.063170544172e-06, 3.7562e+01, 6.5447e-01, 
DIAGNOSTIC,Iteration,metricValue,convergenceValue,ITERATION_TIME_INDEX,SINCE_LAST
 2DIAGNOSTIC,     1, -5.809705225265e-01, 1.797693134862e+308, 4.7806e+01, 1.0244e+01, 
 2DIAGNOSTIC,     2, -5.811781980407e-01, 1.797693134862e+308, 5.2210e+01, 4.4037e+00, 
 2DIAGNOSTIC,     3, -5.812398099609e-01, 1.797693134862e+308, 5.9174e+01, 6.9646e+00, 
 2DIAGNOSTIC,     4, -5.812410306392e-01, 1.797693134862e+308, 6.4708e+01, 5.5335e+00, 
 2DIAGNOSTIC,     5, -5.812409980808e-01, 1.797693134862e+308, 7.0370e+01, 5.6625e+00, 
 2DIAGNOSTIC,     6, -5.812410200995e-01, 1.797693134862e+308, 7.4714e+01, 4.3436e+00, 
 2DIAGNOSTIC,     7, -5.812409685826e-01, 1.797693134862e+308, 7.9114e+01, 4.4007e+00, 
 2DIAGNOSTIC,     8, -5.812408685642e-01, 1.797693134862e+308, 8.3089e+01, 3.9750e+00, 
 2DIAGNOSTIC,     9, -5.812409070190e-01, 1.797693134862e+308, 8.8072e+01, 4.9826e+00, 
 2DIAGNOSTIC,    10, -5.812409242031e-01, 1.911751079070e-05, 9.2538e+01, 4.4658e+00, 
 2DIAGNOSTIC,    11, -5.812408772198e-01, 5.714664980394e-06, 9.8215e+01, 5.6775e+00, 
 2DIAGNOSTIC,    12, -5.812408799650e-01, 2.684156700059e-06, 1.0300e+02, 4.7806e+00, 
 2DIAGNOSTIC,    13, -5.812408428734e-01, 2.431767246902e-06, 1.0710e+02, 4.1010e+00, 
 2DIAGNOSTIC,    14, -5.812407981017e-01, 2.257905127187e-06, 1.1154e+02, 4.4470e+00, 
 2DIAGNOSTIC,    15, -5.812408114277e-01, 2.107832551765e-06, 1.1601e+02, 4.4701e+00, 
 2DIAGNOSTIC,    16, -5.812407406107e-01, 1.976215110167e-06, 1.2068e+02, 4.6644e+00, 
 2DIAGNOSTIC,    17, -5.812407560356e-01, 1.860300518533e-06, 1.2485e+02, 4.1765e+00, 
 2DIAGNOSTIC,    18, -5.812407523687e-01, 1.755406039861e-06, 1.2894e+02, 4.0818e+00, 
 2DIAGNOSTIC,    19, -5.812407289838e-01, 1.663014448199e-06, 1.3289e+02, 3.9560e+00, 
 2DIAGNOSTIC,    20, -5.812407226773e-01, 1.581218446428e-06, 1.3764e+02, 4.7445e+00, 
 2DIAGNOSTIC,    21, -5.812407440703e-01, 1.507477653914e-06, 1.4170e+02, 4.0648e+00, 
 2DIAGNOSTIC,    22, -5.812407432406e-01, 1.441160104136e-06, 1.4639e+02, 4.6904e+00, 
 2DIAGNOSTIC,    23, -5.812408024377e-01, 1.381538765083e-06, 1.5036e+02, 3.9701e+00, 
 2DIAGNOSTIC,    24, -5.812408930383e-01, 1.327924742896e-06, 1.5509e+02, 4.7254e+00, 
 2DIAGNOSTIC,    25, -5.812409167720e-01, 1.279099364773e-06, 1.5998e+02, 4.8911e+00, 
 2DIAGNOSTIC,    26, -5.812408510571e-01, 1.230837831455e-06, 1.6438e+02, 4.3986e+00, 
 2DIAGNOSTIC,    27, -5.812408266825e-01, 1.185352365408e-06, 1.6932e+02, 4.9460e+00, 
 2DIAGNOSTIC,    28, -5.812407531631e-01, 1.141088861303e-06, 1.7437e+02, 5.0426e+00, 
 2DIAGNOSTIC,    29, -5.812406895520e-01, 1.097927910240e-06, 1.7872e+02, 4.3567e+00, 
 2DIAGNOSTIC,    30, -5.812406951881e-01, 1.057544021979e-06, 1.8265e+02, 3.9306e+00, 
 2DIAGNOSTIC,    31, -5.812406593651e-01, 1.019822642966e-06, 1.8705e+02, 4.3930e+00, 
  Elapsed time (stage 1): 1.9419e+02


Total elapsed time: 3.4595e+02
ALL Done
