
Running for 3-dimensional images.

*********10*********20*********30*********40*********50*********60*********70*********80*********90*********

   AdaptiveNonLocalMeansDenoisingImageFilter (0x2c6a370)
     RTTI typeinfo:   itk::AdaptiveNonLocalMeansDenoisingImageFilter<itk::Image<float, 3u>, itk::Image<float, 3u>, itk::Image<unsigned char, 3u> >
     Reference Count: 1
     Modified Time: 392
     Debug: Off
     Object Name: 
     Observers: 
       ProgressEvent(Command)
     Inputs: 
       Primary: (0x2c692f0) *
       _1: (0)
     Indexed Inputs: 
       0: Primary (0x2c692f0)
       1: _1 (0)
     Required Input Names: Primary
     NumberOfRequiredInputs: 1
     Outputs: 
       Primary: (0x2c68da0)
     Indexed Outputs: 
       0: Primary (0x2c68da0)
     NumberOfRequiredOutputs: 1
     Number Of Work Units: 56
     ReleaseDataFlag: Off
     ReleaseDataBeforeUpdateFlag: Off
     AbortGenerateData: Off
     Progress: 1
     Multithreader: 
       RTTI typeinfo:   itk::PoolMultiThreader
       Reference Count: 1
       Modified Time: 352
       Debug: Off
       Object Name: 
       Observers: 
         none
       Number of Work Units: 52
       Number of Threads: 14
       Global Maximum Number Of Threads: 128
       Global Default Number Of Threads: 14
       Global Default Threader Type: itk::MultiThreaderBaseEnums::Threader::Pool
       SingleMethod: 1
       SingleData: 0x7ffcb7f7bd08
     DynamicMultiThreading: Off
     CoordinateTolerance: 1e-06
     DirectionTolerance: 1e-06
Using mean squares to measure the patch similarity.
     Neighborhood search radius = [2, 2, 2]
     Neighborhood patch radius = [1, 1, 1]
     Using Rician noise model.
     Epsilon = 1e-05
     Mean threshold = 0.95
     Variance threshold = 0.5
     Smoothing variance = 2
     Neighborhood radius for local mean and variance = [1, 1, 1]
Elapsed time: 267.006
All_Command_lines_OK
Using double precision for computations.
=============================================================================
The composite transform comprises the following transforms (in order): 
  1. Center of mass alignment using fixed image: /Dedicated/jmichaelson-wdata/msmuhammad/projects/RPOE/3dprint/data/derivatives/pre-freesurfer/../../temp/MNI152_T1_0.5mm.nii.gz and moving image: /Dedicated/jmichaelson-wdata/msmuhammad/projects/RPOE/3dprint/data/derivatives/pre-freesurfer/2E_056/2E_056/2E_056_reorient_RPI_denoise.nii.gz (type = Euler3DTransform)
=============================================================================
  number of levels = 5
  number of levels = 5
  fixed image: /Dedicated/jmichaelson-wdata/msmuhammad/projects/RPOE/3dprint/data/derivatives/pre-freesurfer/../../temp/MNI152_T1_0.5mm.nii.gz
  moving image: /Dedicated/jmichaelson-wdata/msmuhammad/projects/RPOE/3dprint/data/derivatives/pre-freesurfer/2E_056/2E_056/2E_056_reorient_RPI_denoise.nii.gz
  fixed image: /Dedicated/jmichaelson-wdata/msmuhammad/projects/RPOE/3dprint/data/derivatives/pre-freesurfer/../../temp/MNI152_T1_0.5mm.nii.gz
  moving image: /Dedicated/jmichaelson-wdata/msmuhammad/projects/RPOE/3dprint/data/derivatives/pre-freesurfer/2E_056/2E_056/2E_056_reorient_RPI_denoise.nii.gz
Dimension = 3
Number of stages = 2
Use histogram matching = true
Winsorize image intensities = true
  Lower quantile = 0.005
  Upper quantile = 0.995


Stage 1 State
   Image metric = Mattes
     Fixed image = Image (0x3188f10)
  RTTI typeinfo:   itk::Image<double, 3u>
  Reference Count: 2
  Modified Time: 1694
  Debug: Off
  Object Name: 
  Observers: 
    none
  Source: (none)
  Source output name: (none)
  Release Data: Off
  Data Released: False
  Global Release Data: Off
  PipelineMTime: 0
  UpdateMTime: 1477
  RealTimeStamp: 0 seconds 
  LargestPossibleRegion: 
    Dimension: 3
    Index: [0, 0, 0]
    Size: [364, 436, 364]
  BufferedRegion: 
    Dimension: 3
    Index: [0, 0, 0]
    Size: [364, 436, 364]
  RequestedRegion: 
    Dimension: 3
    Index: [0, 0, 0]
    Size: [364, 436, 364]
  Spacing: [0.5, 0.5, 0.5]
  Origin: [-90, 126, -72]
  Direction: 
1 0 0
0 -1 0
0 0 1

  IndexToPointMatrix: 
0.5 0 0
0 -0.5 0
0 0 0.5

  PointToIndexMatrix: 
2 0 0
0 -2 0
0 0 2

  Inverse Direction: 
1 0 0
0 -1 0
0 0 1

  PixelContainer: 
    ImportImageContainer (0x31759d0)
      RTTI typeinfo:   itk::ImportImageContainer<unsigned long, double>
      Reference Count: 1
      Modified Time: 1474
      Debug: Off
      Object Name: 
      Observers: 
        none
      Pointer: 0x2afb13e79010
      Container manages memory: true
      Size: 57768256
      Capacity: 57768256

     Moving image = Image (0x3188af0)
  RTTI typeinfo:   itk::Image<double, 3u>
  Reference Count: 2
  Modified Time: 1695
  Debug: Off
  Object Name: 
  Observers: 
    none
  Source: (none)
  Source output name: (none)
  Release Data: Off
  Data Released: False
  Global Release Data: Off
  PipelineMTime: 0
  UpdateMTime: 1692
  RealTimeStamp: 0 seconds 
  LargestPossibleRegion: 
    Dimension: 3
    Index: [0, 0, 0]
    Size: [280, 512, 512]
  BufferedRegion: 
    Dimension: 3
    Index: [0, 0, 0]
    Size: [280, 512, 512]
  RequestedRegion: 
    Dimension: 3
    Index: [0, 0, 0]
    Size: [280, 512, 512]
  Spacing: [0.599998, 0.4688, 0.4688]
  Origin: [-85.5746, 80.4162, -112.916]
  Direction: 
1 0 0
0 -1 0
0 0 1

  IndexToPointMatrix: 
0.599998 0 0
0 -0.4688 0
0 0 0.4688

  PointToIndexMatrix: 
1.66667 0 0
0 -2.13311 0
0 0 2.13311

  Inverse Direction: 
1 0 0
0 -1 0
0 0 1

  PixelContainer: 
    ImportImageContainer (0x318c190)
      RTTI typeinfo:   itk::ImportImageContainer<unsigned long, double>
      Reference Count: 1
      Modified Time: 1689
      Debug: Off
      Object Name: 
      Observers: 
        none
      Pointer: 0x2afb2f736010
      Container manages memory: true
      Size: 73400320
      Capacity: 73400320

     Weighting = 1
     Sampling strategy = regular
     Number of bins = 32
     Radius = 4
     Sampling percentage  = 0.25
   Transform = Rigid
     Gradient step = 0.1
     Update field sigma (voxel space) = 0
     Total field sigma (voxel space) = 0
     Update field time sigma = 0
     Total field time sigma  = 0
     Number of time indices = 0
     Number of time point samples = 0
Stage 2 State
   Image metric = Mattes
     Fixed image = Image (0x31984a0)
  RTTI typeinfo:   itk::Image<double, 3u>
  Reference Count: 2
  Modified Time: 2126
  Debug: Off
  Object Name: 
  Observers: 
    none
  Source: (none)
  Source output name: (none)
  Release Data: Off
  Data Released: False
  Global Release Data: Off
  PipelineMTime: 0
  UpdateMTime: 1909
  RealTimeStamp: 0 seconds 
  LargestPossibleRegion: 
    Dimension: 3
    Index: [0, 0, 0]
    Size: [364, 436, 364]
  BufferedRegion: 
    Dimension: 3
    Index: [0, 0, 0]
    Size: [364, 436, 364]
  RequestedRegion: 
    Dimension: 3
    Index: [0, 0, 0]
    Size: [364, 436, 364]
  Spacing: [0.5, 0.5, 0.5]
  Origin: [-90, 126, -72]
  Direction: 
1 0 0
0 -1 0
0 0 1

  IndexToPointMatrix: 
0.5 0 0
0 -0.5 0
0 0 0.5

  PointToIndexMatrix: 
2 0 0
0 -2 0
0 0 2

  Inverse Direction: 
1 0 0
0 -1 0
0 0 1

  PixelContainer: 
    ImportImageContainer (0x3198760)
      RTTI typeinfo:   itk::ImportImageContainer<unsigned long, double>
      Reference Count: 1
      Modified Time: 1906
      Debug: Off
      Object Name: 
      Observers: 
        none
      Pointer: 0x2afb52737010
      Container manages memory: true
      Size: 57768256
      Capacity: 57768256

     Moving image = Image (0x31825b0)
  RTTI typeinfo:   itk::Image<double, 3u>
  Reference Count: 2
  Modified Time: 2127
  Debug: Off
  Object Name: 
  Observers: 
    none
  Source: (none)
  Source output name: (none)
  Release Data: Off
  Data Released: False
  Global Release Data: Off
  PipelineMTime: 0
  UpdateMTime: 2124
  RealTimeStamp: 0 seconds 
  LargestPossibleRegion: 
    Dimension: 3
    Index: [0, 0, 0]
    Size: [280, 512, 512]
  BufferedRegion: 
    Dimension: 3
    Index: [0, 0, 0]
    Size: [280, 512, 512]
  RequestedRegion: 
    Dimension: 3
    Index: [0, 0, 0]
    Size: [280, 512, 512]
  Spacing: [0.599998, 0.4688, 0.4688]
  Origin: [-85.5746, 80.4162, -112.916]
  Direction: 
1 0 0
0 -1 0
0 0 1

  IndexToPointMatrix: 
0.599998 0 0
0 -0.4688 0
0 0 0.4688

  PointToIndexMatrix: 
1.66667 0 0
0 -2.13311 0
0 0 2.13311

  Inverse Direction: 
1 0 0
0 -1 0
0 0 1

  PixelContainer: 
    ImportImageContainer (0x3187c90)
      RTTI typeinfo:   itk::ImportImageContainer<unsigned long, double>
      Reference Count: 1
      Modified Time: 2121
      Debug: Off
      Object Name: 
      Observers: 
        none
      Pointer: 0x2afb6dff4010
      Container manages memory: true
      Size: 73400320
      Capacity: 73400320

     Weighting = 1
     Sampling strategy = regular
     Number of bins = 32
     Radius = 4
     Sampling percentage  = 0.25
   Transform = Affine
     Gradient step = 0.1
     Update field sigma (voxel space) = 0
     Total field sigma (voxel space) = 0
     Update field time sigma = 0
     Total field time sigma  = 0
     Number of time indices = 0
     Number of time point samples = 0
Registration using 2 total stages.

Stage 0
  iterations = 2000x2000x2000x2000x2000
  convergence threshold = 1e-06
  convergence window size = 10
  number of levels = 5
  using the Mattes MI metric (number of bins = 32, weight = 1, use gradient filter = 0)
  preprocessing:  winsorizing the image intensities
  preprocessing:  histogram matching the images
  Shrink factors (level 1 out of 5): [8, 8, 8]
  Shrink factors (level 2 out of 5): [8, 8, 8]
  Shrink factors (level 3 out of 5): [4, 4, 4]
  Shrink factors (level 4 out of 5): [2, 2, 2]
  Shrink factors (level 5 out of 5): [1, 1, 1]
  smoothing sigmas per level: [4, 3, 2, 1, 0]
  regular sampling (percentage = 0.25)

*** Running Euler3DTransform registration ***

DIAGNOSTIC,Iteration,metricValue,convergenceValue,ITERATION_TIME_INDEX,SINCE_LAST
 2DIAGNOSTIC,     1, -5.147973871738e-01, 1.797693134862e+308, 1.3531e+00, 1.3531e+00, 
 2DIAGNOSTIC,     2, -5.161308586869e-01, 1.797693134862e+308, 1.3599e+00, 6.8610e-03, 
 2DIAGNOSTIC,     3, -5.178792249298e-01, 1.797693134862e+308, 1.3667e+00, 6.7770e-03, 
 2DIAGNOSTIC,     4, -5.202285954930e-01, 1.797693134862e+308, 1.3730e+00, 6.2602e-03, 
 2DIAGNOSTIC,     5, -5.227301413924e-01, 1.797693134862e+308, 1.3796e+00, 6.6810e-03, 
 2DIAGNOSTIC,     6, -5.268954676378e-01, 1.797693134862e+308, 1.3865e+00, 6.9001e-03, 
 2DIAGNOSTIC,     7, -5.325097786724e-01, 1.797693134862e+308, 1.3933e+00, 6.7692e-03, 
 2DIAGNOSTIC,     8, -5.342533190008e-01, 1.797693134862e+308, 1.4034e+00, 1.0127e-02, 
 2DIAGNOSTIC,     9, -5.345498317878e-01, 1.797693134862e+308, 1.4134e+00, 9.9790e-03, 
 2DIAGNOSTIC,    10, -5.348269435473e-01, 2.925907117112e-03, 1.4239e+00, 1.0445e-02, 
 2DIAGNOSTIC,    11, -5.373907661573e-01, 2.575417070006e-03, 1.4354e+00, 1.1491e-02, 
 2DIAGNOSTIC,    12, -5.398103376123e-01, 2.214522977837e-03, 1.4441e+00, 8.7810e-03, 
 2DIAGNOSTIC,    13, -5.410589657328e-01, 1.832328242397e-03, 1.4604e+00, 1.6235e-02, 
 2DIAGNOSTIC,    14, -5.410721169395e-01, 1.434106653332e-03, 1.4741e+00, 1.3690e-02, 
 2DIAGNOSTIC,    15, -5.410771827003e-01, 1.049628616021e-03, 1.4825e+00, 8.4741e-03, 
 2DIAGNOSTIC,    16, -5.410533550769e-01, 7.511013096323e-04, 1.4900e+00, 7.4220e-03, 
 2DIAGNOSTIC,    17, -5.410370378132e-01, 5.924621280495e-04, 1.4973e+00, 7.3419e-03, 
 2DIAGNOSTIC,    18, -5.410919682441e-01, 4.508030730977e-04, 1.5113e+00, 1.4049e-02, 
 2DIAGNOSTIC,    19, -5.411623605728e-01, 2.945787153056e-04, 1.5263e+00, 1.4947e-02, 
 2DIAGNOSTIC,    20, -5.411469994637e-01, 1.333157910724e-04, 1.5399e+00, 1.3565e-02, 
 2DIAGNOSTIC,    21, -5.411838776769e-01, 4.005121209353e-05, 1.5468e+00, 6.9470e-03, 
 2DIAGNOSTIC,    22, -5.411522794065e-01, 8.724663171214e-06, 1.5528e+00, 6.0270e-03, 
 2DIAGNOSTIC,    23, -5.411350270589e-01, 7.951838514403e-06, 1.5588e+00, 6.0139e-03, 
 2DIAGNOSTIC,    24, -5.411978055429e-01, 8.283767774196e-06, 1.5657e+00, 6.8519e-03, 
 2DIAGNOSTIC,    25, -5.412217208445e-01, 8.526284162931e-06, 1.5719e+00, 6.1800e-03, 
 2DIAGNOSTIC,    26, -5.412018618994e-01, 7.209932276292e-06, 1.5790e+00, 7.1158e-03, 
 2DIAGNOSTIC,    27, -5.412701400499e-01, 6.478659500091e-06, 1.5847e+00, 5.7011e-03, 
 2DIAGNOSTIC,    28, -5.412535987613e-01, 5.968306599109e-06, 1.5911e+00, 6.3941e-03, 
 2DIAGNOSTIC,    29, -5.412604302448e-01, 6.456321449466e-06, 1.6141e+00, 2.2965e-02, 
 2DIAGNOSTIC,    30, -5.413456951540e-01, 7.614269515552e-06, 1.6266e+00, 1.2570e-02, 
 2DIAGNOSTIC,    31, -5.414482796301e-01, 1.044750787445e-05, 1.6394e+00, 1.2739e-02, 
 2DIAGNOSTIC,    32, -5.414796537736e-01, 1.218731636170e-05, 1.6475e+00, 8.1301e-03, 
 2DIAGNOSTIC,    33, -5.414928093581e-01, 1.269261614882e-05, 1.6599e+00, 1.2408e-02, 
 2DIAGNOSTIC,    34, -5.415033465370e-01, 1.322123566384e-05, 1.6672e+00, 7.2730e-03, 
 2DIAGNOSTIC,    35, -5.413975386041e-01, 1.130852616563e-05, 1.6743e+00, 7.0891e-03, 
 2DIAGNOSTIC,    36, -5.413950173596e-01, 8.173375848242e-06, 1.6804e+00, 6.1569e-03, 
 2DIAGNOSTIC,    37, -5.413740577426e-01, 5.192653658188e-06, 1.6871e+00, 6.7310e-03, 
 2DIAGNOSTIC,    38, -5.414138783638e-01, 2.295959926912e-06, 1.6932e+00, 6.0050e-03, 
DIAGNOSTIC,Iteration,metricValue,convergenceValue,ITERATION_TIME_INDEX,SINCE_LAST
 2DIAGNOSTIC,     1, -5.104239748948e-01, 1.797693134862e+308, 3.0490e+00, 1.3558e+00, 
 2DIAGNOSTIC,     2, -5.109010274001e-01, 1.797693134862e+308, 3.0562e+00, 7.2269e-03, 
 2DIAGNOSTIC,     3, -5.112646324314e-01, 1.797693134862e+308, 3.0636e+00, 7.3502e-03, 
 2DIAGNOSTIC,     4, -5.115823849465e-01, 1.797693134862e+308, 3.0695e+00, 5.9350e-03, 
 2DIAGNOSTIC,     5, -5.115564911938e-01, 1.797693134862e+308, 3.0767e+00, 7.1750e-03, 
 2DIAGNOSTIC,     6, -5.116297202725e-01, 1.797693134862e+308, 3.0842e+00, 7.5691e-03, 
 2DIAGNOSTIC,     7, -5.116108860877e-01, 1.797693134862e+308, 3.0920e+00, 7.7322e-03, 
 2DIAGNOSTIC,     8, -5.115303928578e-01, 1.797693134862e+308, 3.1008e+00, 8.8220e-03, 
 2DIAGNOSTIC,     9, -5.115411769511e-01, 1.797693134862e+308, 3.1108e+00, 1.0032e-02, 
 2DIAGNOSTIC,    10, -5.115434636514e-01, 1.082672505343e-04, 3.1230e+00, 1.2215e-02, 
 2DIAGNOSTIC,    11, -5.115516259688e-01, 4.583539432805e-05, 3.1422e+00, 1.9178e-02, 
 2DIAGNOSTIC,    12, -5.116084514995e-01, 1.437678672779e-05, 3.1494e+00, 7.2138e-03, 
 2DIAGNOSTIC,    13, -5.116868559587e-01, 5.240233287934e-06, 3.1562e+00, 6.8030e-03, 
 2DIAGNOSTIC,    14, -5.118110399818e-01, 1.469772885242e-05, 3.1644e+00, 8.2231e-03, 
 2DIAGNOSTIC,    15, -5.118128842581e-01, 2.066705254453e-05, 3.1709e+00, 6.4020e-03, 
 2DIAGNOSTIC,    16, -5.118098756734e-01, 2.670095960167e-05, 3.1778e+00, 6.9771e-03, 
 2DIAGNOSTIC,    17, -5.117958703520e-01, 2.878504149545e-05, 3.1843e+00, 6.5198e-03, 
 2DIAGNOSTIC,    18, -5.117903359641e-01, 2.544158249678e-05, 3.1908e+00, 6.4290e-03, 
 2DIAGNOSTIC,    19, -5.117848053708e-01, 2.036645621226e-05, 3.1992e+00, 8.4689e-03, 
 2DIAGNOSTIC,    20, -5.118025114226e-01, 1.464829905424e-05, 3.2141e+00, 1.4825e-02, 
 2DIAGNOSTIC,    21, -5.117980429777e-01, 8.376877125259e-06, 3.2310e+00, 1.6940e-02, 
 2DIAGNOSTIC,    22, -5.118278477383e-01, 4.217712341485e-06, 3.2396e+00, 8.6391e-03, 
 2DIAGNOSTIC,    23, -5.118244757038e-01, 1.875905756218e-06, 3.2459e+00, 6.2621e-03, 
 2DIAGNOSTIC,    24, -5.118517714542e-01, 3.192116704361e-06, 3.2530e+00, 7.0510e-03, 
 2DIAGNOSTIC,    25, -5.118610868158e-01, 4.458626329557e-06, 3.2595e+00, 6.5649e-03, 
 2DIAGNOSTIC,    26, -5.118410383256e-01, 4.838617579390e-06, 3.2665e+00, 6.9568e-03, 
 2DIAGNOSTIC,    27, -5.118355944961e-01, 4.471199128234e-06, 3.2742e+00, 7.7341e-03, 
 2DIAGNOSTIC,    28, -5.118290486839e-01, 3.583936906082e-06, 3.2814e+00, 7.1690e-03, 
 2DIAGNOSTIC,    29, -5.117954190789e-01, 1.762052987367e-06, 3.2893e+00, 7.8921e-03, 
 2DIAGNOSTIC,    30, -5.118495928547e-01, 1.349002696771e-06, 3.3005e+00, 1.1219e-02, 
 2DIAGNOSTIC,    31, -5.118751624586e-01, 1.274205384968e-06, 3.3171e+00, 1.6580e-02, 
 2DIAGNOSTIC,    32, -5.118858425322e-01, 1.885835145751e-06, 3.3298e+00, 1.2699e-02, 
 2DIAGNOSTIC,    33, -5.118699062323e-01, 2.053296586403e-06, 3.3399e+00, 1.0147e-02, 
 2DIAGNOSTIC,    34, -5.118817775826e-01, 2.760299803766e-06, 3.3475e+00, 7.5750e-03, 
 2DIAGNOSTIC,    35, -5.118990982055e-01, 3.662932856353e-06, 3.3535e+00, 5.9619e-03, 
 2DIAGNOSTIC,    36, -5.119602220523e-01, 4.860086851952e-06, 3.3609e+00, 7.4010e-03, 
 2DIAGNOSTIC,    37, -5.120088475247e-01, 6.248818067742e-06, 3.3679e+00, 7.0500e-03, 
 2DIAGNOSTIC,    38, -5.120647669544e-01, 7.799795028327e-06, 3.3740e+00, 6.0689e-03, 
 2DIAGNOSTIC,    39, -5.121563636488e-01, 9.414641124934e-06, 3.3806e+00, 6.6469e-03, 
 2DIAGNOSTIC,    40, -5.123589171685e-01, 1.365713629712e-05, 3.3906e+00, 1.0002e-02, 
 2DIAGNOSTIC,    41, -5.123491240317e-01, 1.660622411943e-05, 3.4004e+00, 9.8150e-03, 
 2DIAGNOSTIC,    42, -5.123261845397e-01, 1.779188466559e-05, 3.4236e+00, 2.3158e-02, 
 2DIAGNOSTIC,    43, -5.123272262556e-01, 1.714437286993e-05, 3.4401e+00, 1.6530e-02, 
 2DIAGNOSTIC,    44, -5.122937565381e-01, 1.466111417670e-05, 3.4468e+00, 6.6910e-03, 
 2DIAGNOSTIC,    45, -5.122951354243e-01, 1.114438290380e-05, 3.4555e+00, 8.6422e-03, 
 2DIAGNOSTIC,    46, -5.123443702719e-01, 8.112272935127e-06, 3.4651e+00, 9.6381e-03, 
 2DIAGNOSTIC,    47, -5.123296737605e-01, 4.915066865067e-06, 3.4733e+00, 8.2150e-03, 
 2DIAGNOSTIC,    48, -5.123549341854e-01, 2.394704781274e-06, 3.4808e+00, 7.4940e-03, 
DIAGNOSTIC,Iteration,metricValue,convergenceValue,ITERATION_TIME_INDEX,SINCE_LAST
 2DIAGNOSTIC,     1, -4.769541688688e-01, 1.797693134862e+308, 4.9939e+00, 1.5131e+00, 
 2DIAGNOSTIC,     2, -4.773265590670e-01, 1.797693134862e+308, 5.0672e+00, 7.3220e-02, 
 2DIAGNOSTIC,     3, -4.776028979230e-01, 1.797693134862e+308, 5.1409e+00, 7.3720e-02, 
 2DIAGNOSTIC,     4, -4.778428758456e-01, 1.797693134862e+308, 5.2019e+00, 6.1019e-02, 
 2DIAGNOSTIC,     5, -4.779705812873e-01, 1.797693134862e+308, 5.2830e+00, 8.1141e-02, 
 2DIAGNOSTIC,     6, -4.780137994486e-01, 1.797693134862e+308, 5.3627e+00, 7.9608e-02, 
 2DIAGNOSTIC,     7, -4.780203582685e-01, 1.797693134862e+308, 5.4433e+00, 8.0624e-02, 
 2DIAGNOSTIC,     8, -4.780207119493e-01, 1.797693134862e+308, 5.5178e+00, 7.4481e-02, 
 2DIAGNOSTIC,     9, -4.780248472040e-01, 1.797693134862e+308, 5.5839e+00, 6.6188e-02, 
 2DIAGNOSTIC,    10, -4.780311264145e-01, 1.263364840442e-04, 5.6622e+00, 7.8290e-02, 
 2DIAGNOSTIC,    11, -4.780344861022e-01, 6.963616247085e-05, 5.7640e+00, 1.0180e-01, 
 2DIAGNOSTIC,    12, -4.780352947015e-01, 3.474673595062e-05, 5.8402e+00, 7.6129e-02, 
 2DIAGNOSTIC,    13, -4.780320745136e-01, 1.461638827639e-05, 5.9165e+00, 7.6369e-02, 
 2DIAGNOSTIC,    14, -4.780306094594e-01, 6.264188554456e-06, 5.9896e+00, 7.3078e-02, 
 2DIAGNOSTIC,    15, -4.780256261781e-01, 3.477136829605e-06, 6.0666e+00, 7.6997e-02, 
 2DIAGNOSTIC,    16, -4.780170727128e-01, 2.198065790299e-06, 6.1602e+00, 9.3623e-02, 
 2DIAGNOSTIC,    17, -4.780161277035e-01, 1.256741667365e-06, 6.2375e+00, 7.7274e-02, 
DIAGNOSTIC,Iteration,metricValue,convergenceValue,ITERATION_TIME_INDEX,SINCE_LAST
 2DIAGNOSTIC,     1, -4.362083874252e-01, 1.797693134862e+308, 8.9966e+00, 2.7591e+00, 
 2DIAGNOSTIC,     2, -4.365322854314e-01, 1.797693134862e+308, 9.4657e+00, 4.6903e-01, 
 2DIAGNOSTIC,     3, -4.369564661150e-01, 1.797693134862e+308, 9.9242e+00, 4.5856e-01, 
 2DIAGNOSTIC,     4, -4.372217931676e-01, 1.797693134862e+308, 1.0372e+01, 4.4761e-01, 
 2DIAGNOSTIC,     5, -4.373985134904e-01, 1.797693134862e+308, 1.0842e+01, 4.7031e-01, 
 2DIAGNOSTIC,     6, -4.375007698165e-01, 1.797693134862e+308, 1.1303e+01, 4.6114e-01, 
 2DIAGNOSTIC,     7, -4.376252928251e-01, 1.797693134862e+308, 1.2100e+01, 7.9621e-01, 
 2DIAGNOSTIC,     8, -4.376331105701e-01, 1.797693134862e+308, 1.2617e+01, 5.1736e-01, 
 2DIAGNOSTIC,     9, -4.376366811477e-01, 1.797693134862e+308, 1.3086e+01, 4.6961e-01, 
 2DIAGNOSTIC,    10, -4.376432374974e-01, 2.033859670695e-04, 1.3568e+01, 4.8162e-01, 
 2DIAGNOSTIC,    11, -4.376555034887e-01, 1.296100981536e-04, 1.4164e+01, 5.9610e-01, 
 2DIAGNOSTIC,    12, -4.376590473243e-01, 7.403580177893e-05, 1.4833e+01, 6.6926e-01, 
 2DIAGNOSTIC,    13, -4.376589210678e-01, 4.155796711924e-05, 1.5366e+01, 5.3250e-01, 
 2DIAGNOSTIC,    14, -4.376580659327e-01, 2.236934889158e-05, 1.5958e+01, 5.9204e-01, 
 2DIAGNOSTIC,    15, -4.376576626284e-01, 1.148411716352e-05, 1.6594e+01, 6.3647e-01, 
 2DIAGNOSTIC,    16, -4.376573296691e-01, 5.092296921513e-06, 1.7072e+01, 4.7780e-01, 
 2DIAGNOSTIC,    17, -4.376572527674e-01, 3.916473336252e-06, 1.7557e+01, 4.8499e-01, 
 2DIAGNOSTIC,    18, -4.376570601018e-01, 2.963551641220e-06, 1.8091e+01, 5.3360e-01, 
 2DIAGNOSTIC,    19, -4.376572240587e-01, 2.129060096265e-06, 1.8632e+01, 5.4107e-01, 
 2DIAGNOSTIC,    20, -4.376572020847e-01, 1.538132006387e-06, 1.9123e+01, 4.9062e-01, 
 2DIAGNOSTIC,    21, -4.376566942464e-01, 1.368816971513e-06, 1.9629e+01, 5.0624e-01, 
 2DIAGNOSTIC,    22, -4.376562230500e-01, 1.319534470662e-06, 2.0076e+01, 4.4757e-01, 
 2DIAGNOSTIC,    23, -4.376563682351e-01, 1.287638289396e-06, 2.0574e+01, 4.9761e-01, 
 2DIAGNOSTIC,    24, -4.376564199661e-01, 1.245278236320e-06, 2.1021e+01, 4.4669e-01, 
 2DIAGNOSTIC,    25, -4.376564299943e-01, 1.203656431720e-06, 2.1519e+01, 4.9882e-01, 
 2DIAGNOSTIC,    26, -4.376563729776e-01, 1.162396572205e-06, 2.1943e+01, 4.2396e-01, 
 2DIAGNOSTIC,    27, -4.376553778802e-01, 1.104655103563e-06, 2.2427e+01, 4.8338e-01, 
 2DIAGNOSTIC,    28, -4.376556917213e-01, 1.061141863372e-06, 2.2852e+01, 4.2487e-01, 
 2DIAGNOSTIC,    29, -4.376549095368e-01, 1.013077564872e-06, 2.3343e+01, 4.9115e-01, 
DIAGNOSTIC,Iteration,metricValue,convergenceValue,ITERATION_TIME_INDEX,SINCE_LAST
 2DIAGNOSTIC,     1, -4.046476388774e-01, 1.797693134862e+308, 3.2318e+01, 8.9749e+00, 
 2DIAGNOSTIC,     2, -4.046780466503e-01, 1.797693134862e+308, 3.4996e+01, 2.6787e+00, 
 2DIAGNOSTIC,     3, -4.047155371818e-01, 1.797693134862e+308, 3.8074e+01, 3.0772e+00, 
 2DIAGNOSTIC,     4, -4.047226049470e-01, 1.797693134862e+308, 4.1150e+01, 3.0764e+00, 
 2DIAGNOSTIC,     5, -4.047206779838e-01, 1.797693134862e+308, 4.4760e+01, 3.6102e+00, 
 2DIAGNOSTIC,     6, -4.047208017110e-01, 1.797693134862e+308, 4.7846e+01, 3.0857e+00, 
 2DIAGNOSTIC,     7, -4.047206321311e-01, 1.797693134862e+308, 5.1455e+01, 3.6091e+00, 
 2DIAGNOSTIC,     8, -4.047205978491e-01, 1.797693134862e+308, 5.4536e+01, 3.0813e+00, 
 2DIAGNOSTIC,     9, -4.047205078611e-01, 1.797693134862e+308, 5.8275e+01, 3.7390e+00, 
 2DIAGNOSTIC,    10, -4.047205060240e-01, 1.108930894969e-05, 6.5982e+01, 7.7072e+00, 
 2DIAGNOSTIC,    11, -4.047205060239e-01, 5.781451540579e-06, 7.1948e+01, 5.9656e+00, 
 2DIAGNOSTIC,    12, -4.047205060239e-01, 2.818956292935e-06, 7.5764e+01, 3.8157e+00, 
 2DIAGNOSTIC,    13, -4.047205060239e-01, 2.310274249129e-06, 7.8477e+01, 2.7136e+00, 
 2DIAGNOSTIC,    14, -4.047205060239e-01, 2.243995783413e-06, 8.1752e+01, 3.2745e+00, 
 2DIAGNOSTIC,    15, -4.047205060239e-01, 2.098642998133e-06, 8.4465e+01, 2.7130e+00, 
 2DIAGNOSTIC,    16, -4.047205060239e-01, 1.979044225595e-06, 8.7224e+01, 2.7595e+00, 
 2DIAGNOSTIC,    17, -4.047205060239e-01, 1.867344401940e-06, 9.0001e+01, 2.7770e+00, 
 2DIAGNOSTIC,    18, -4.047205060239e-01, 1.767174764418e-06, 9.3122e+01, 3.1208e+00, 
 2DIAGNOSTIC,    19, -4.047205060239e-01, 1.674232049886e-06, 9.5928e+01, 2.8062e+00, 
 2DIAGNOSTIC,    20, -4.047205060239e-01, 1.590519236129e-06, 9.8951e+01, 3.0228e+00, 
 2DIAGNOSTIC,    21, -4.047205060239e-01, 1.514779177654e-06, 1.0138e+02, 2.4316e+00, 
 2DIAGNOSTIC,    22, -4.047205060239e-01, 1.445924669968e-06, 1.0447e+02, 3.0911e+00, 
 2DIAGNOSTIC,    23, -4.047205060239e-01, 1.383057586353e-06, 1.0727e+02, 2.7990e+00, 
 2DIAGNOSTIC,    24, -4.047205060239e-01, 1.325429489780e-06, 1.1012e+02, 2.8518e+00, 
 2DIAGNOSTIC,    25, -4.047205060239e-01, 1.272411694453e-06, 1.1279e+02, 2.6688e+00, 
 2DIAGNOSTIC,    26, -4.047205060239e-01, 1.223472236619e-06, 1.1563e+02, 2.8351e+00, 
 2DIAGNOSTIC,    27, -4.047205060239e-01, 1.178157962786e-06, 1.1868e+02, 3.0549e+00, 
 2DIAGNOSTIC,    28, -4.047205060239e-01, 1.136080456376e-06, 1.2178e+02, 3.0977e+00, 
 2DIAGNOSTIC,    29, -4.047205060239e-01, 1.096904876013e-06, 1.2453e+02, 2.7498e+00, 
 2DIAGNOSTIC,    30, -4.047205060239e-01, 1.060341026260e-06, 1.2732e+02, 2.7859e+00, 
 2DIAGNOSTIC,    31, -4.047205060239e-01, 1.026136156664e-06, 1.3012e+02, 2.8044e+00, 
  Elapsed time (stage 0): 1.3658e+02


Stage 1
  iterations = 1000x1000x1000x1000x1000
  convergence threshold = 1.0000e-06
  convergence window size = 10
  number of levels = 5
  using the Mattes MI metric (number of bins = 32, weight = 1.0000e+00, use gradient filter = 0)
  preprocessing:  winsorizing the image intensities
  preprocessing:  histogram matching the images
  Shrink factors (level 1 out of 5): [8, 8, 8]
  Shrink factors (level 2 out of 5): [8, 8, 8]
  Shrink factors (level 3 out of 5): [4, 4, 4]
  Shrink factors (level 4 out of 5): [2, 2, 2]
  Shrink factors (level 5 out of 5): [1, 1, 1]
  smoothing sigmas per level: [4, 3, 2, 1, 0]
  regular sampling (percentage = 2.5000e-01)

*** Running AffineTransform registration ***

DIAGNOSTIC,Iteration,metricValue,convergenceValue,ITERATION_TIME_INDEX,SINCE_LAST
 2DIAGNOSTIC,     1, -5.381855000287e-01, 1.797693134862e+308, 1.3622e+00, 1.3622e+00, 
 2DIAGNOSTIC,     2, -5.397204185122e-01, 1.797693134862e+308, 1.3696e+00, 7.3521e-03, 
 2DIAGNOSTIC,     3, -5.423316658022e-01, 1.797693134862e+308, 1.3766e+00, 6.9962e-03, 
 2DIAGNOSTIC,     4, -5.474886830061e-01, 1.797693134862e+308, 1.3831e+00, 6.5420e-03, 
 2DIAGNOSTIC,     5, -5.568755435875e-01, 1.797693134862e+308, 1.3899e+00, 6.7570e-03, 
 2DIAGNOSTIC,     6, -5.773333362158e-01, 1.797693134862e+308, 1.3972e+00, 7.3020e-03, 
 2DIAGNOSTIC,     7, -6.056920310637e-01, 1.797693134862e+308, 1.4066e+00, 9.4690e-03, 
 2DIAGNOSTIC,     8, -6.295957294319e-01, 1.797693134862e+308, 1.4215e+00, 1.4894e-02, 
 2DIAGNOSTIC,     9, -6.333798134543e-01, 1.797693134862e+308, 1.4363e+00, 1.4768e-02, 
 2DIAGNOSTIC,    10, -6.471010432393e-01, 1.380694660520e-02, 1.4463e+00, 1.0041e-02, 
 2DIAGNOSTIC,    11, -6.567859207053e-01, 1.350257682754e-02, 1.4541e+00, 7.7221e-03, 
 2DIAGNOSTIC,    12, -6.711295412756e-01, 1.264069751242e-02, 1.4620e+00, 7.9331e-03, 
 2DIAGNOSTIC,    13, -7.295631096883e-01, 1.290900778966e-02, 1.4743e+00, 1.2308e-02, 
 2DIAGNOSTIC,    14, -7.713812227339e-01, 1.342616368279e-02, 1.4823e+00, 7.9961e-03, 
 2DIAGNOSTIC,    15, -8.099327096025e-01, 1.403037504457e-02, 1.4944e+00, 1.2114e-02, 
 2DIAGNOSTIC,    16, -8.386120986727e-01, 1.458439602958e-02, 1.5037e+00, 9.3050e-03, 
 2DIAGNOSTIC,    17, -8.574595600305e-01, 1.490081125453e-02, 1.5310e+00, 2.7236e-02, 
 2DIAGNOSTIC,    18, -8.605453986973e-01, 1.444082247961e-02, 1.5452e+00, 1.4193e-02, 
 2DIAGNOSTIC,    19, -8.707426794336e-01, 1.301158307553e-02, 1.5536e+00, 8.4379e-03, 
 2DIAGNOSTIC,    20, -8.769501279738e-01, 1.097786327446e-02, 1.5608e+00, 7.1900e-03, 
 2DIAGNOSTIC,    21, -8.802906565665e-01, 8.434782422546e-03, 1.5684e+00, 7.6571e-03, 
 2DIAGNOSTIC,    22, -8.812340589201e-01, 5.666368549532e-03, 1.5826e+00, 1.4117e-02, 
 2DIAGNOSTIC,    23, -8.812371601652e-01, 3.678137422137e-03, 1.5890e+00, 6.4671e-03, 
 2DIAGNOSTIC,    24, -8.812604580038e-01, 2.229587973485e-03, 1.5975e+00, 8.4879e-03, 
 2DIAGNOSTIC,    25, -8.812971084628e-01, 1.307207020519e-03, 1.6072e+00, 9.7029e-03, 
 2DIAGNOSTIC,    26, -8.813656533518e-01, 7.710455628194e-04, 1.6253e+00, 1.8057e-02, 
 2DIAGNOSTIC,    27, -8.814422344045e-01, 4.817529357594e-04, 1.6482e+00, 2.2937e-02, 
 2DIAGNOSTIC,    28, -8.815364203842e-01, 2.131121343376e-04, 1.6561e+00, 7.9291e-03, 
 2DIAGNOSTIC,    29, -8.816362733694e-01, 7.972835808849e-05, 1.6635e+00, 7.3431e-03, 
 2DIAGNOSTIC,    30, -8.817432339803e-01, 2.781057840065e-05, 1.6707e+00, 7.2169e-03, 
 2DIAGNOSTIC,    31, -8.818972783730e-01, 1.929264808406e-05, 1.6779e+00, 7.2210e-03, 
 2DIAGNOSTIC,    32, -8.821369003273e-01, 2.347040610343e-05, 1.6853e+00, 7.3540e-03, 
 2DIAGNOSTIC,    33, -8.824984383347e-01, 2.930586140322e-05, 1.6932e+00, 7.9181e-03, 
 2DIAGNOSTIC,    34, -8.825494861928e-01, 3.282241290799e-05, 1.7064e+00, 1.3187e-02, 
 2DIAGNOSTIC,    35, -8.826165779614e-01, 3.424540238716e-05, 1.7243e+00, 1.7965e-02, 
 2DIAGNOSTIC,    36, -8.826362039775e-01, 3.334511254665e-05, 1.7400e+00, 1.5627e-02, 
 2DIAGNOSTIC,    37, -8.828051163745e-01, 3.181457382850e-05, 1.7492e+00, 9.2082e-03, 
 2DIAGNOSTIC,    38, -8.828432748187e-01, 2.862436236329e-05, 1.7579e+00, 8.6880e-03, 
 2DIAGNOSTIC,    39, -8.828211631631e-01, 2.372775514177e-05, 1.7656e+00, 7.7510e-03, 
 2DIAGNOSTIC,    40, -8.828686192769e-01, 1.839763263542e-05, 1.7733e+00, 7.6990e-03, 
 2DIAGNOSTIC,    41, -8.828936482541e-01, 1.323596007580e-05, 1.7807e+00, 7.3559e-03, 
 2DIAGNOSTIC,    42, -8.828879389350e-01, 9.071437256470e-06, 1.7878e+00, 7.1061e-03, 
 2DIAGNOSTIC,    43, -8.828893467787e-01, 7.366435669419e-06, 1.8001e+00, 1.2315e-02, 
 2DIAGNOSTIC,    44, -8.828896472201e-01, 5.553243549287e-06, 1.8204e+00, 2.0260e-02, 
 2DIAGNOSTIC,    45, -8.828900698952e-01, 3.921654656736e-06, 1.8370e+00, 1.6618e-02, 
 2DIAGNOSTIC,    46, -8.828919323115e-01, 2.194366797582e-06, 1.8468e+00, 9.8000e-03, 
 2DIAGNOSTIC,    47, -8.828936441700e-01, 1.697357945842e-06, 1.8538e+00, 7.0400e-03, 
 2DIAGNOSTIC,    48, -8.828949338645e-01, 1.435625876484e-06, 1.8610e+00, 7.1690e-03, 
DIAGNOSTIC,Iteration,metricValue,convergenceValue,ITERATION_TIME_INDEX,SINCE_LAST
 2DIAGNOSTIC,     1, -8.319105129914e-01, 1.797693134862e+308, 3.2443e+00, 1.3833e+00, 
 2DIAGNOSTIC,     2, -8.323735499482e-01, 1.797693134862e+308, 3.2533e+00, 8.9810e-03, 
 2DIAGNOSTIC,     3, -8.326977637900e-01, 1.797693134862e+308, 3.2614e+00, 8.0771e-03, 
 2DIAGNOSTIC,     4, -8.327988862159e-01, 1.797693134862e+308, 3.2686e+00, 7.1671e-03, 
 2DIAGNOSTIC,     5, -8.329722234840e-01, 1.797693134862e+308, 3.2768e+00, 8.2870e-03, 
 2DIAGNOSTIC,     6, -8.331110440896e-01, 1.797693134862e+308, 3.2835e+00, 6.6209e-03, 
 2DIAGNOSTIC,     7, -8.331997686964e-01, 1.797693134862e+308, 3.2918e+00, 8.3170e-03, 
 2DIAGNOSTIC,     8, -8.332461456193e-01, 1.797693134862e+308, 3.2985e+00, 6.7010e-03, 
 2DIAGNOSTIC,     9, -8.332966711316e-01, 1.797693134862e+308, 3.3074e+00, 8.9252e-03, 
 2DIAGNOSTIC,    10, -8.333486423522e-01, 1.000794937657e-04, 3.3193e+00, 1.1859e-02, 
 2DIAGNOSTIC,    11, -8.333514648935e-01, 6.612788928485e-05, 3.3326e+00, 1.3343e-02, 
 2DIAGNOSTIC,    12, -8.333579677525e-01, 4.534562904539e-05, 3.3431e+00, 1.0446e-02, 
 2DIAGNOSTIC,    13, -8.334571750704e-01, 3.504178949232e-05, 3.3522e+00, 9.1040e-03, 
 2DIAGNOSTIC,    14, -8.337118238506e-01, 3.177833766760e-05, 3.3595e+00, 7.3051e-03, 
 2DIAGNOSTIC,    15, -8.337318432640e-01, 3.044476771007e-05, 3.3683e+00, 8.8689e-03, 
 2DIAGNOSTIC,    16, -8.337486102095e-01, 3.005524935705e-05, 3.3768e+00, 8.5151e-03, 
 2DIAGNOSTIC,    17, -8.337514897560e-01, 2.903713244084e-05, 3.3872e+00, 1.0362e-02, 
 2DIAGNOSTIC,    18, -8.337527261065e-01, 2.646846242931e-05, 3.3947e+00, 7.4699e-03, 
 2DIAGNOSTIC,    19, -8.337536801604e-01, 2.270120853867e-05, 3.4020e+00, 7.3268e-03, 
 2DIAGNOSTIC,    20, -8.337543732769e-01, 1.826024420831e-05, 3.4128e+00, 1.0746e-02, 
 2DIAGNOSTIC,    21, -8.337568895224e-01, 1.285445151317e-05, 3.4245e+00, 1.1771e-02, 
 2DIAGNOSTIC,    22, -8.337583445238e-01, 7.011061733800e-06, 3.4402e+00, 1.5716e-02, 
 2DIAGNOSTIC,    23, -8.337586827946e-01, 2.530365833794e-06, 3.4479e+00, 7.6840e-03, 
 2DIAGNOSTIC,    24, -8.337588962792e-01, 1.933169789220e-06, 3.4547e+00, 6.8071e-03, 
 2DIAGNOSTIC,    25, -8.337592338660e-01, 1.598612910297e-06, 3.4656e+00, 1.0823e-02, 
 2DIAGNOSTIC,    26, -8.337592435576e-01, 1.477865243592e-06, 3.4864e+00, 2.0840e-02, 
 2DIAGNOSTIC,    27, -8.337592435576e-01, 1.378012479965e-06, 3.4963e+00, 9.8882e-03, 
 2DIAGNOSTIC,    28, -8.337592435576e-01, 1.281741117874e-06, 3.5079e+00, 1.1635e-02, 
 2DIAGNOSTIC,    29, -8.337592435576e-01, 1.189950419533e-06, 3.5284e+00, 2.0461e-02, 
 2DIAGNOSTIC,    30, -8.337592435576e-01, 1.102771310206e-06, 3.5431e+00, 1.4713e-02, 
 2DIAGNOSTIC,    31, -8.337592435576e-01, 1.044528790503e-06, 3.5518e+00, 8.7409e-03, 
 2DIAGNOSTIC,    32, -8.337592435576e-01, 1.003708541357e-06, 3.5604e+00, 8.5459e-03, 
DIAGNOSTIC,Iteration,metricValue,convergenceValue,ITERATION_TIME_INDEX,SINCE_LAST
 2DIAGNOSTIC,     1, -7.644710257810e-01, 1.797693134862e+308, 5.1195e+00, 1.5591e+00, 
 2DIAGNOSTIC,     2, -7.648659274080e-01, 1.797693134862e+308, 5.1927e+00, 7.3209e-02, 
 2DIAGNOSTIC,     3, -7.651403737599e-01, 1.797693134862e+308, 5.2743e+00, 8.1591e-02, 
 2DIAGNOSTIC,     4, -7.653886054069e-01, 1.797693134862e+308, 5.3524e+00, 7.8067e-02, 
 2DIAGNOSTIC,     5, -7.655176196436e-01, 1.797693134862e+308, 5.4401e+00, 8.7728e-02, 
 2DIAGNOSTIC,     6, -7.656493274943e-01, 1.797693134862e+308, 5.5569e+00, 1.1686e-01, 
 2DIAGNOSTIC,     7, -7.656644228364e-01, 1.797693134862e+308, 5.6307e+00, 7.3718e-02, 
 2DIAGNOSTIC,     8, -7.656780135457e-01, 1.797693134862e+308, 5.7049e+00, 7.4186e-02, 
 2DIAGNOSTIC,     9, -7.657033610383e-01, 1.797693134862e+308, 5.7831e+00, 7.8203e-02, 
 2DIAGNOSTIC,    10, -7.657267657177e-01, 9.658389492354e-05, 5.8959e+00, 1.1286e-01, 
 2DIAGNOSTIC,    11, -7.657384912761e-01, 5.971031245852e-05, 5.9820e+00, 8.6080e-02, 
 2DIAGNOSTIC,    12, -7.657430170949e-01, 3.614999252741e-05, 6.0717e+00, 8.9667e-02, 
 2DIAGNOSTIC,    13, -7.657409493814e-01, 2.087334787651e-05, 6.1472e+00, 7.5543e-02, 
 2DIAGNOSTIC,    14, -7.657427847862e-01, 1.268168032789e-05, 6.2203e+00, 7.3119e-02, 
 2DIAGNOSTIC,    15, -7.657500294633e-01, 7.908135379958e-06, 6.2921e+00, 7.1769e-02, 
 2DIAGNOSTIC,    16, -7.657577598040e-01, 6.427594611155e-06, 6.3753e+00, 8.3182e-02, 
 2DIAGNOSTIC,    17, -7.657797477574e-01, 5.524240054018e-06, 6.4675e+00, 9.2189e-02, 
 2DIAGNOSTIC,    18, -7.657983800455e-01, 5.034835691774e-06, 6.5668e+00, 9.9316e-02, 
 2DIAGNOSTIC,    19, -7.657840951003e-01, 4.497715758021e-06, 6.6507e+00, 8.3944e-02, 
 2DIAGNOSTIC,    20, -7.657406623819e-01, 3.389890928338e-06, 6.7343e+00, 8.3568e-02, 
 2DIAGNOSTIC,    21, -7.657765000590e-01, 3.078621537485e-06, 6.8259e+00, 9.1622e-02, 
 2DIAGNOSTIC,    22, -7.657832213485e-01, 2.804844070663e-06, 6.9509e+00, 1.2498e-01, 
 2DIAGNOSTIC,    23, -7.657832171395e-01, 2.383823012701e-06, 7.0388e+00, 8.7883e-02, 
 2DIAGNOSTIC,    24, -7.657841920844e-01, 1.966820486858e-06, 7.1180e+00, 7.9225e-02, 
 2DIAGNOSTIC,    25, -7.657813839498e-01, 1.604902232326e-06, 7.1985e+00, 8.0518e-02, 
 2DIAGNOSTIC,    26, -7.657813440736e-01, 1.334917054868e-06, 7.2917e+00, 9.3181e-02, 
 2DIAGNOSTIC,    27, -7.657813444594e-01, 1.353674338615e-06, 7.4140e+00, 1.2226e-01, 
 2DIAGNOSTIC,    28, -7.657813444906e-01, 1.606819057691e-06, 7.5385e+00, 1.2450e-01, 
 2DIAGNOSTIC,    29, -7.657813444910e-01, 1.638010116961e-06, 7.6585e+00, 1.1999e-01, 
 2DIAGNOSTIC,    30, -7.657813444910e-01, 1.067385894400e-06, 7.7597e+00, 1.0125e-01, 
DIAGNOSTIC,Iteration,metricValue,convergenceValue,ITERATION_TIME_INDEX,SINCE_LAST
 2DIAGNOSTIC,     1, -6.816617074388e-01, 1.797693134862e+308, 1.0639e+01, 2.8798e+00, 
 2DIAGNOSTIC,     2, -6.819004714059e-01, 1.797693134862e+308, 1.1175e+01, 5.3573e-01, 
 2DIAGNOSTIC,     3, -6.819936016779e-01, 1.797693134862e+308, 1.1714e+01, 5.3885e-01, 
 2DIAGNOSTIC,     4, -6.820351603500e-01, 1.797693134862e+308, 1.2942e+01, 1.2284e+00, 
 2DIAGNOSTIC,     5, -6.820377094452e-01, 1.797693134862e+308, 1.3638e+01, 6.9594e-01, 
 2DIAGNOSTIC,     6, -6.820378502253e-01, 1.797693134862e+308, 1.4247e+01, 6.0838e-01, 
 2DIAGNOSTIC,     7, -6.820378128511e-01, 1.797693134862e+308, 1.4786e+01, 5.3893e-01, 
 2DIAGNOSTIC,     8, -6.820375036932e-01, 1.797693134862e+308, 1.5352e+01, 5.6669e-01, 
 2DIAGNOSTIC,     9, -6.820377469454e-01, 1.797693134862e+308, 1.5885e+01, 5.3244e-01, 
 2DIAGNOSTIC,    10, -6.820381501745e-01, 2.520387341716e-05, 1.6412e+01, 5.2723e-01, 
 2DIAGNOSTIC,    11, -6.820388011362e-01, 9.671891291016e-06, 1.7015e+01, 6.0344e-01, 
 2DIAGNOSTIC,    12, -6.820395479511e-01, 4.364374222424e-06, 1.7642e+01, 6.2614e-01, 
 2DIAGNOSTIC,    13, -6.820402296328e-01, 2.688799011843e-06, 1.8248e+01, 6.0638e-01, 
 2DIAGNOSTIC,    14, -6.820411954550e-01, 2.494184876009e-06, 1.8780e+01, 5.3237e-01, 
 2DIAGNOSTIC,    15, -6.820419524192e-01, 2.396361557772e-06, 1.9386e+01, 6.0570e-01, 
 2DIAGNOSTIC,    16, -6.820423920321e-01, 2.300276147379e-06, 1.9930e+01, 5.4403e-01, 
 2DIAGNOSTIC,    17, -6.820430213276e-01, 2.201597418434e-06, 2.0537e+01, 6.0703e-01, 
 2DIAGNOSTIC,    18, -6.820440767402e-01, 2.100416428209e-06, 2.1139e+01, 6.0185e-01, 
 2DIAGNOSTIC,    19, -6.820444873694e-01, 1.992730674034e-06, 2.1664e+01, 5.2489e-01, 
 2DIAGNOSTIC,    20, -6.820461868731e-01, 1.909922234811e-06, 2.2269e+01, 6.0469e-01, 
 2DIAGNOSTIC,    21, -6.820486224345e-01, 1.865772491567e-06, 2.2798e+01, 5.2937e-01, 
 2DIAGNOSTIC,    22, -6.820513106009e-01, 1.856903751984e-06, 2.3327e+01, 5.2944e-01, 
 2DIAGNOSTIC,    23, -6.820549630449e-01, 1.887923169207e-06, 2.3936e+01, 6.0856e-01, 
 2DIAGNOSTIC,    24, -6.820521358201e-01, 1.835749744113e-06, 2.4601e+01, 6.6515e-01, 
 2DIAGNOSTIC,    25, -6.820508035881e-01, 1.732604787252e-06, 2.5129e+01, 5.2800e-01, 
 2DIAGNOSTIC,    26, -6.820524868339e-01, 1.628257110690e-06, 2.5727e+01, 5.9787e-01, 
 2DIAGNOSTIC,    27, -6.820544305649e-01, 1.530508026155e-06, 2.6690e+01, 9.6352e-01, 
 2DIAGNOSTIC,    28, -6.820542892929e-01, 1.419079589379e-06, 2.7228e+01, 5.3713e-01, 
 2DIAGNOSTIC,    29, -6.820543839794e-01, 1.297574023972e-06, 2.7896e+01, 6.6842e-01, 
 2DIAGNOSTIC,    30, -6.820546572238e-01, 1.193658669657e-06, 2.9710e+01, 1.8140e+00, 
 2DIAGNOSTIC,    31, -6.820546572224e-01, 1.114973473847e-06, 3.1175e+01, 1.4652e+00, 
 2DIAGNOSTIC,    32, -6.820546572224e-01, 1.065266996662e-06, 3.1850e+01, 6.7502e-01, 
 2DIAGNOSTIC,    33, -6.820546572224e-01, 1.059102074583e-06, 3.2601e+01, 7.5040e-01, 
 2DIAGNOSTIC,    34, -6.820546572224e-01, 1.010697283213e-06, 3.3201e+01, 6.0082e-01, 
DIAGNOSTIC,Iteration,metricValue,convergenceValue,ITERATION_TIME_INDEX,SINCE_LAST
 2DIAGNOSTIC,     1, -6.220166031806e-01, 1.797693134862e+308, 4.3525e+01, 1.0324e+01, 
 2DIAGNOSTIC,     2, -6.220808268437e-01, 1.797693134862e+308, 4.7452e+01, 3.9271e+00, 
 2DIAGNOSTIC,     3, -6.220839601680e-01, 1.797693134862e+308, 5.2861e+01, 5.4092e+00, 
 2DIAGNOSTIC,     4, -6.220839259479e-01, 1.797693134862e+308, 5.6361e+01, 3.4997e+00, 
 2DIAGNOSTIC,     5, -6.220838276933e-01, 1.797693134862e+308, 6.0193e+01, 3.8314e+00, 
 2DIAGNOSTIC,     6, -6.220838337749e-01, 1.797693134862e+308, 6.3651e+01, 3.4585e+00, 
 2DIAGNOSTIC,     7, -6.220837716037e-01, 1.797693134862e+308, 6.7441e+01, 3.7894e+00, 
 2DIAGNOSTIC,     8, -6.220836874710e-01, 1.797693134862e+308, 7.0536e+01, 3.0951e+00, 
 2DIAGNOSTIC,     9, -6.220836878415e-01, 1.797693134862e+308, 7.4309e+01, 3.7738e+00, 
 2DIAGNOSTIC,    10, -6.220837678958e-01, 6.351789361606e-06, 7.7835e+01, 3.5258e+00, 
 2DIAGNOSTIC,    11, -6.220837418670e-01, 2.995847081605e-06, 8.1335e+01, 3.4997e+00, 
 2DIAGNOSTIC,    12, -6.220836958519e-01, 2.629945228191e-06, 8.4918e+01, 3.5826e+00, 
 2DIAGNOSTIC,    13, -6.220836859271e-01, 2.432128451968e-06, 8.8345e+01, 3.4279e+00, 
 2DIAGNOSTIC,    14, -6.220836833865e-01, 2.262755807711e-06, 9.1495e+01, 3.1491e+00, 
 2DIAGNOSTIC,    15, -6.220836617430e-01, 2.113040244847e-06, 9.4908e+01, 3.4134e+00, 
 2DIAGNOSTIC,    16, -6.220836487245e-01, 1.982584705643e-06, 9.8327e+01, 3.4187e+00, 
 2DIAGNOSTIC,    17, -6.220836629039e-01, 1.866824489258e-06, 1.0174e+02, 3.4133e+00, 
 2DIAGNOSTIC,    18, -6.220836273694e-01, 1.761291135910e-06, 1.0474e+02, 3.0050e+00, 
 2DIAGNOSTIC,    19, -6.220836981318e-01, 1.669073730379e-06, 1.0819e+02, 3.4471e+00, 
 2DIAGNOSTIC,    20, -6.220837151565e-01, 1.588733225345e-06, 1.1168e+02, 3.4849e+00, 
 2DIAGNOSTIC,    21, -6.220836770034e-01, 1.514838941764e-06, 1.1474e+02, 3.0617e+00, 
 2DIAGNOSTIC,    22, -6.220837441490e-01, 1.448141955900e-06, 1.1831e+02, 3.5745e+00, 
 2DIAGNOSTIC,    23, -6.220837017105e-01, 1.385951918384e-06, 1.2175e+02, 3.4322e+00, 
 2DIAGNOSTIC,    24, -6.220836458752e-01, 1.327579372712e-06, 1.2526e+02, 3.5102e+00, 
 2DIAGNOSTIC,    25, -6.220837227182e-01, 1.274714245506e-06, 1.2874e+02, 3.4816e+00, 
 2DIAGNOSTIC,    26, -6.220836576265e-01, 1.224274529844e-06, 1.3217e+02, 3.4335e+00, 
 2DIAGNOSTIC,    27, -6.220836682853e-01, 1.177969134486e-06, 1.3547e+02, 3.2983e+00, 
 2DIAGNOSTIC,    28, -6.220836108551e-01, 1.133445248727e-06, 1.3884e+02, 3.3711e+00, 
 2DIAGNOSTIC,    29, -6.220836272071e-01, 1.093638851042e-06, 1.4233e+02, 3.4911e+00, 
 2DIAGNOSTIC,    30, -6.220836306525e-01, 1.057096772575e-06, 1.4588e+02, 3.5475e+00, 
 2DIAGNOSTIC,    31, -6.220836993355e-01, 1.023618279791e-06, 1.4997e+02, 4.0894e+00, 
  Elapsed time (stage 1): 1.5669e+02


Total elapsed time: 2.9328e+02
ALL Done
