
Running for 3-dimensional images.

*********10*********20*********30*********40*********50*********60*********70*********80*********90*********

   AdaptiveNonLocalMeansDenoisingImageFilter (0x2d2e370)
     RTTI typeinfo:   itk::AdaptiveNonLocalMeansDenoisingImageFilter<itk::Image<float, 3u>, itk::Image<float, 3u>, itk::Image<unsigned char, 3u> >
     Reference Count: 1
     Modified Time: 392
     Debug: Off
     Object Name: 
     Observers: 
       ProgressEvent(Command)
     Inputs: 
       Primary: (0x2d2d2f0) *
       _1: (0)
     Indexed Inputs: 
       0: Primary (0x2d2d2f0)
       1: _1 (0)
     Required Input Names: Primary
     NumberOfRequiredInputs: 1
     Outputs: 
       Primary: (0x2d2cda0)
     Indexed Outputs: 
       0: Primary (0x2d2cda0)
     NumberOfRequiredOutputs: 1
     Number Of Work Units: 56
     ReleaseDataFlag: Off
     ReleaseDataBeforeUpdateFlag: Off
     AbortGenerateData: Off
     Progress: 1
     Multithreader: 
       RTTI typeinfo:   itk::PoolMultiThreader
       Reference Count: 1
       Modified Time: 352
       Debug: Off
       Object Name: 
       Observers: 
         none
       Number of Work Units: 52
       Number of Threads: 14
       Global Maximum Number Of Threads: 128
       Global Default Number Of Threads: 14
       Global Default Threader Type: itk::MultiThreaderBaseEnums::Threader::Pool
       SingleMethod: 1
       SingleData: 0x7ffca4ec1b68
     DynamicMultiThreading: Off
     CoordinateTolerance: 1e-06
     DirectionTolerance: 1e-06
Using mean squares to measure the patch similarity.
     Neighborhood search radius = [2, 2, 2]
     Neighborhood patch radius = [1, 1, 1]
     Using Rician noise model.
     Epsilon = 1e-05
     Mean threshold = 0.95
     Variance threshold = 0.5
     Smoothing variance = 2
     Neighborhood radius for local mean and variance = [1, 1, 1]
Elapsed time: 208.018
All_Command_lines_OK
Using double precision for computations.
=============================================================================
The composite transform comprises the following transforms (in order): 
  1. Center of mass alignment using fixed image: /Dedicated/jmichaelson-wdata/msmuhammad/projects/RPOE/3dprint/data/derivatives/pre-freesurfer/../../temp/MNI152_T1_0.5mm.nii.gz and moving image: /Dedicated/jmichaelson-wdata/msmuhammad/projects/RPOE/3dprint/data/derivatives/pre-freesurfer/2E_032/2E_032/2E_032_reorient_RPI_denoise.nii.gz (type = Euler3DTransform)
=============================================================================
  number of levels = 5
  number of levels = 5
  fixed image: /Dedicated/jmichaelson-wdata/msmuhammad/projects/RPOE/3dprint/data/derivatives/pre-freesurfer/../../temp/MNI152_T1_0.5mm.nii.gz
  moving image: /Dedicated/jmichaelson-wdata/msmuhammad/projects/RPOE/3dprint/data/derivatives/pre-freesurfer/2E_032/2E_032/2E_032_reorient_RPI_denoise.nii.gz
  fixed image: /Dedicated/jmichaelson-wdata/msmuhammad/projects/RPOE/3dprint/data/derivatives/pre-freesurfer/../../temp/MNI152_T1_0.5mm.nii.gz
  moving image: /Dedicated/jmichaelson-wdata/msmuhammad/projects/RPOE/3dprint/data/derivatives/pre-freesurfer/2E_032/2E_032/2E_032_reorient_RPI_denoise.nii.gz
Dimension = 3
Number of stages = 2
Use histogram matching = true
Winsorize image intensities = true
  Lower quantile = 0.005
  Upper quantile = 0.995


Stage 1 State
   Image metric = Mattes
     Fixed image = Image (0x3ef8f10)
  RTTI typeinfo:   itk::Image<double, 3u>
  Reference Count: 2
  Modified Time: 1694
  Debug: Off
  Object Name: 
  Observers: 
    none
  Source: (none)
  Source output name: (none)
  Release Data: Off
  Data Released: False
  Global Release Data: Off
  PipelineMTime: 0
  UpdateMTime: 1477
  RealTimeStamp: 0 seconds 
  LargestPossibleRegion: 
    Dimension: 3
    Index: [0, 0, 0]
    Size: [364, 436, 364]
  BufferedRegion: 
    Dimension: 3
    Index: [0, 0, 0]
    Size: [364, 436, 364]
  RequestedRegion: 
    Dimension: 3
    Index: [0, 0, 0]
    Size: [364, 436, 364]
  Spacing: [0.5, 0.5, 0.5]
  Origin: [-90, 126, -72]
  Direction: 
1 0 0
0 -1 0
0 0 1

  IndexToPointMatrix: 
0.5 0 0
0 -0.5 0
0 0 0.5

  PointToIndexMatrix: 
2 0 0
0 -2 0
0 0 2

  Inverse Direction: 
1 0 0
0 -1 0
0 0 1

  PixelContainer: 
    ImportImageContainer (0x3ee59d0)
      RTTI typeinfo:   itk::ImportImageContainer<unsigned long, double>
      Reference Count: 1
      Modified Time: 1474
      Debug: Off
      Object Name: 
      Observers: 
        none
      Pointer: 0x2b3edad09010
      Container manages memory: true
      Size: 57768256
      Capacity: 57768256

     Moving image = Image (0x3ef8af0)
  RTTI typeinfo:   itk::Image<double, 3u>
  Reference Count: 2
  Modified Time: 1695
  Debug: Off
  Object Name: 
  Observers: 
    none
  Source: (none)
  Source output name: (none)
  Release Data: Off
  Data Released: False
  Global Release Data: Off
  PipelineMTime: 0
  UpdateMTime: 1692
  RealTimeStamp: 0 seconds 
  LargestPossibleRegion: 
    Dimension: 3
    Index: [0, 0, 0]
    Size: [280, 512, 512]
  BufferedRegion: 
    Dimension: 3
    Index: [0, 0, 0]
    Size: [280, 512, 512]
  RequestedRegion: 
    Dimension: 3
    Index: [0, 0, 0]
    Size: [280, 512, 512]
  Spacing: [0.599998, 0.4688, 0.4688]
  Origin: [-84.3246, 87.2912, -112.916]
  Direction: 
1 0 0
0 -1 0
0 0 1

  IndexToPointMatrix: 
0.599998 0 0
0 -0.4688 0
0 0 0.4688

  PointToIndexMatrix: 
1.66667 0 0
0 -2.13311 0
0 0 2.13311

  Inverse Direction: 
1 0 0
0 -1 0
0 0 1

  PixelContainer: 
    ImportImageContainer (0x3efc190)
      RTTI typeinfo:   itk::ImportImageContainer<unsigned long, double>
      Reference Count: 1
      Modified Time: 1689
      Debug: Off
      Object Name: 
      Observers: 
        none
      Pointer: 0x2b3ef65c6010
      Container manages memory: true
      Size: 73400320
      Capacity: 73400320

     Weighting = 1
     Sampling strategy = regular
     Number of bins = 32
     Radius = 4
     Sampling percentage  = 0.25
   Transform = Rigid
     Gradient step = 0.1
     Update field sigma (voxel space) = 0
     Total field sigma (voxel space) = 0
     Update field time sigma = 0
     Total field time sigma  = 0
     Number of time indices = 0
     Number of time point samples = 0
Stage 2 State
   Image metric = Mattes
     Fixed image = Image (0x3f084a0)
  RTTI typeinfo:   itk::Image<double, 3u>
  Reference Count: 2
  Modified Time: 2126
  Debug: Off
  Object Name: 
  Observers: 
    none
  Source: (none)
  Source output name: (none)
  Release Data: Off
  Data Released: False
  Global Release Data: Off
  PipelineMTime: 0
  UpdateMTime: 1909
  RealTimeStamp: 0 seconds 
  LargestPossibleRegion: 
    Dimension: 3
    Index: [0, 0, 0]
    Size: [364, 436, 364]
  BufferedRegion: 
    Dimension: 3
    Index: [0, 0, 0]
    Size: [364, 436, 364]
  RequestedRegion: 
    Dimension: 3
    Index: [0, 0, 0]
    Size: [364, 436, 364]
  Spacing: [0.5, 0.5, 0.5]
  Origin: [-90, 126, -72]
  Direction: 
1 0 0
0 -1 0
0 0 1

  IndexToPointMatrix: 
0.5 0 0
0 -0.5 0
0 0 0.5

  PointToIndexMatrix: 
2 0 0
0 -2 0
0 0 2

  Inverse Direction: 
1 0 0
0 -1 0
0 0 1

  PixelContainer: 
    ImportImageContainer (0x3f08760)
      RTTI typeinfo:   itk::ImportImageContainer<unsigned long, double>
      Reference Count: 1
      Modified Time: 1906
      Debug: Off
      Object Name: 
      Observers: 
        none
      Pointer: 0x2b3f195c7010
      Container manages memory: true
      Size: 57768256
      Capacity: 57768256

     Moving image = Image (0x3ef25b0)
  RTTI typeinfo:   itk::Image<double, 3u>
  Reference Count: 2
  Modified Time: 2127
  Debug: Off
  Object Name: 
  Observers: 
    none
  Source: (none)
  Source output name: (none)
  Release Data: Off
  Data Released: False
  Global Release Data: Off
  PipelineMTime: 0
  UpdateMTime: 2124
  RealTimeStamp: 0 seconds 
  LargestPossibleRegion: 
    Dimension: 3
    Index: [0, 0, 0]
    Size: [280, 512, 512]
  BufferedRegion: 
    Dimension: 3
    Index: [0, 0, 0]
    Size: [280, 512, 512]
  RequestedRegion: 
    Dimension: 3
    Index: [0, 0, 0]
    Size: [280, 512, 512]
  Spacing: [0.599998, 0.4688, 0.4688]
  Origin: [-84.3246, 87.2912, -112.916]
  Direction: 
1 0 0
0 -1 0
0 0 1

  IndexToPointMatrix: 
0.599998 0 0
0 -0.4688 0
0 0 0.4688

  PointToIndexMatrix: 
1.66667 0 0
0 -2.13311 0
0 0 2.13311

  Inverse Direction: 
1 0 0
0 -1 0
0 0 1

  PixelContainer: 
    ImportImageContainer (0x3ef7c90)
      RTTI typeinfo:   itk::ImportImageContainer<unsigned long, double>
      Reference Count: 1
      Modified Time: 2121
      Debug: Off
      Object Name: 
      Observers: 
        none
      Pointer: 0x2b3f34e84010
      Container manages memory: true
      Size: 73400320
      Capacity: 73400320

     Weighting = 1
     Sampling strategy = regular
     Number of bins = 32
     Radius = 4
     Sampling percentage  = 0.25
   Transform = Affine
     Gradient step = 0.1
     Update field sigma (voxel space) = 0
     Total field sigma (voxel space) = 0
     Update field time sigma = 0
     Total field time sigma  = 0
     Number of time indices = 0
     Number of time point samples = 0
Registration using 2 total stages.

Stage 0
  iterations = 2000x2000x2000x2000x2000
  convergence threshold = 1e-06
  convergence window size = 10
  number of levels = 5
  using the Mattes MI metric (number of bins = 32, weight = 1, use gradient filter = 0)
  preprocessing:  winsorizing the image intensities
  preprocessing:  histogram matching the images
  Shrink factors (level 1 out of 5): [8, 8, 8]
  Shrink factors (level 2 out of 5): [8, 8, 8]
  Shrink factors (level 3 out of 5): [4, 4, 4]
  Shrink factors (level 4 out of 5): [2, 2, 2]
  Shrink factors (level 5 out of 5): [1, 1, 1]
  smoothing sigmas per level: [4, 3, 2, 1, 0]
  regular sampling (percentage = 0.25)

*** Running Euler3DTransform registration ***

DIAGNOSTIC,Iteration,metricValue,convergenceValue,ITERATION_TIME_INDEX,SINCE_LAST
 2DIAGNOSTIC,     1, -5.253991461523e-01, 1.797693134862e+308, 1.4640e+00, 1.4640e+00, 
 2DIAGNOSTIC,     2, -5.257872929527e-01, 1.797693134862e+308, 1.5012e+00, 3.7264e-02, 
 2DIAGNOSTIC,     3, -5.265367250148e-01, 1.797693134862e+308, 1.5176e+00, 1.6359e-02, 
 2DIAGNOSTIC,     4, -5.276508794581e-01, 1.797693134862e+308, 1.5278e+00, 1.0244e-02, 
 2DIAGNOSTIC,     5, -5.300078189017e-01, 1.797693134862e+308, 1.5380e+00, 1.0161e-02, 
 2DIAGNOSTIC,     6, -5.316158467344e-01, 1.797693134862e+308, 1.5579e+00, 1.9922e-02, 
 2DIAGNOSTIC,     7, -5.328749334223e-01, 1.797693134862e+308, 1.5756e+00, 1.7669e-02, 
 2DIAGNOSTIC,     8, -5.340273438296e-01, 1.797693134862e+308, 1.5879e+00, 1.2268e-02, 
 2DIAGNOSTIC,     9, -5.348023312859e-01, 1.797693134862e+308, 1.6043e+00, 1.6402e-02, 
 2DIAGNOSTIC,    10, -5.346235998850e-01, 1.346376466568e-03, 1.6167e+00, 1.2465e-02, 
 2DIAGNOSTIC,    11, -5.392742398780e-01, 1.348272246608e-03, 1.6284e+00, 1.1709e-02, 
 2DIAGNOSTIC,    12, -5.444783819061e-01, 1.471697613859e-03, 1.6482e+00, 1.9762e-02, 
 2DIAGNOSTIC,    13, -5.475389566457e-01, 1.594733172818e-03, 1.6604e+00, 1.2247e-02, 
 2DIAGNOSTIC,    14, -5.495622979819e-01, 1.674384328774e-03, 1.6733e+00, 1.2846e-02, 
 2DIAGNOSTIC,    15, -5.494810960818e-01, 1.672511050789e-03, 1.6852e+00, 1.1923e-02, 
 2DIAGNOSTIC,    16, -5.495294546668e-01, 1.571785460931e-03, 1.7005e+00, 1.5268e-02, 
 2DIAGNOSTIC,    17, -5.498171079018e-01, 1.383455682217e-03, 1.7141e+00, 1.3593e-02, 
 2DIAGNOSTIC,    18, -5.499104735961e-01, 1.124540791050e-03, 1.7253e+00, 1.1223e-02, 
 2DIAGNOSTIC,    19, -5.501345142442e-01, 8.201069505867e-04, 1.7413e+00, 1.5965e-02, 
 2DIAGNOSTIC,    20, -5.501518698668e-01, 4.657836532465e-04, 1.7523e+00, 1.1000e-02, 
 2DIAGNOSTIC,    21, -5.503511069041e-01, 2.223433543531e-04, 1.7638e+00, 1.1492e-02, 
 2DIAGNOSTIC,    22, -5.505091683548e-01, 1.073719216155e-04, 1.7738e+00, 1.0091e-02, 
 2DIAGNOSTIC,    23, -5.505144380071e-01, 6.130233218431e-05, 1.7868e+00, 1.2937e-02, 
 2DIAGNOSTIC,    24, -5.506763568801e-01, 6.154178202822e-05, 1.7985e+00, 1.1688e-02, 
 2DIAGNOSTIC,    25, -5.506698124311e-01, 5.426540801971e-05, 1.8093e+00, 1.0811e-02, 
 2DIAGNOSTIC,    26, -5.506739727727e-01, 4.353238758397e-05, 1.8194e+00, 1.0141e-02, 
 2DIAGNOSTIC,    27, -5.506118724941e-01, 3.399247476721e-05, 1.8278e+00, 8.3420e-03, 
 2DIAGNOSTIC,    28, -5.505535069383e-01, 2.266018957992e-05, 1.8504e+00, 2.2645e-02, 
 2DIAGNOSTIC,    29, -5.505016774603e-01, 1.325018233837e-05, 1.8683e+00, 1.7852e-02, 
 2DIAGNOSTIC,    30, -5.505028432897e-01, 3.574305199268e-06, 1.8787e+00, 1.0417e-02, 
DIAGNOSTIC,Iteration,metricValue,convergenceValue,ITERATION_TIME_INDEX,SINCE_LAST
 2DIAGNOSTIC,     1, -5.166997533458e-01, 1.797693134862e+308, 3.2931e+00, 1.4145e+00, 
 2DIAGNOSTIC,     2, -5.175801391308e-01, 1.797693134862e+308, 3.3055e+00, 1.2344e-02, 
 2DIAGNOSTIC,     3, -5.183714883533e-01, 1.797693134862e+308, 3.3191e+00, 1.3583e-02, 
 2DIAGNOSTIC,     4, -5.186872433518e-01, 1.797693134862e+308, 3.3302e+00, 1.1108e-02, 
 2DIAGNOSTIC,     5, -5.191838397674e-01, 1.797693134862e+308, 3.3503e+00, 2.0114e-02, 
 2DIAGNOSTIC,     6, -5.191734367371e-01, 1.797693134862e+308, 3.3729e+00, 2.2554e-02, 
 2DIAGNOSTIC,     7, -5.191702933526e-01, 1.797693134862e+308, 3.3922e+00, 1.9317e-02, 
 2DIAGNOSTIC,     8, -5.192408654416e-01, 1.797693134862e+308, 3.4036e+00, 1.1452e-02, 
 2DIAGNOSTIC,     9, -5.192436674821e-01, 1.797693134862e+308, 3.4164e+00, 1.2755e-02, 
 2DIAGNOSTIC,    10, -5.192709691199e-01, 2.694193708095e-04, 3.4269e+00, 1.0477e-02, 
 2DIAGNOSTIC,    11, -5.192448046252e-01, 1.457124720093e-04, 3.4358e+00, 8.9788e-03, 
 2DIAGNOSTIC,    12, -5.192997688982e-01, 7.209204748759e-05, 3.4563e+00, 2.0490e-02, 
 2DIAGNOSTIC,    13, -5.194263989183e-01, 4.197462056554e-05, 3.4681e+00, 1.1807e-02, 
 2DIAGNOSTIC,    14, -5.196423415835e-01, 3.266354367416e-05, 3.4857e+00, 1.7604e-02, 
 2DIAGNOSTIC,    15, -5.196931752210e-01, 4.171028548258e-05, 3.4974e+00, 1.1667e-02, 
 2DIAGNOSTIC,    16, -5.203603938652e-01, 6.861746226453e-05, 3.5151e+00, 1.7747e-02, 
 2DIAGNOSTIC,    17, -5.205047386824e-01, 9.019132738183e-05, 3.5281e+00, 1.2937e-02, 
 2DIAGNOSTIC,    18, -5.205321984765e-01, 1.042281419605e-04, 3.5395e+00, 1.1464e-02, 
 2DIAGNOSTIC,    19, -5.203975496314e-01, 1.037048645528e-04, 3.5497e+00, 1.0162e-02, 
 2DIAGNOSTIC,    20, -5.202170541805e-01, 8.972348880260e-05, 3.5618e+00, 1.2071e-02, 
 2DIAGNOSTIC,    21, -5.202094950117e-01, 6.786994180865e-05, 3.5750e+00, 1.3267e-02, 
 2DIAGNOSTIC,    22, -5.201504276277e-01, 4.147592389482e-05, 3.5862e+00, 1.1200e-02, 
 2DIAGNOSTIC,    23, -5.201415098408e-01, 1.651822368869e-05, 3.5962e+00, 9.9101e-03, 
DIAGNOSTIC,Iteration,metricValue,convergenceValue,ITERATION_TIME_INDEX,SINCE_LAST
 2DIAGNOSTIC,     1, -4.925042351425e-01, 1.797693134862e+308, 5.2902e+00, 1.6940e+00, 
 2DIAGNOSTIC,     2, -4.924909208265e-01, 1.797693134862e+308, 5.3797e+00, 8.9501e-02, 
 2DIAGNOSTIC,     3, -4.924743657747e-01, 1.797693134862e+308, 5.5131e+00, 1.3339e-01, 
 2DIAGNOSTIC,     4, -4.924913240171e-01, 1.797693134862e+308, 5.6341e+00, 1.2106e-01, 
 2DIAGNOSTIC,     5, -4.925064798742e-01, 1.797693134862e+308, 5.7227e+00, 8.8579e-02, 
 2DIAGNOSTIC,     6, -4.924597474828e-01, 1.797693134862e+308, 5.8202e+00, 9.7464e-02, 
 2DIAGNOSTIC,     7, -4.924701982492e-01, 1.797693134862e+308, 5.9220e+00, 1.0186e-01, 
 2DIAGNOSTIC,     8, -4.924983713587e-01, 1.797693134862e+308, 6.0245e+00, 1.0247e-01, 
 2DIAGNOSTIC,     9, -4.924858264649e-01, 1.797693134862e+308, 6.1234e+00, 9.8880e-02, 
 2DIAGNOSTIC,    10, -4.924726803063e-01, 1.061367990302e-06, 6.2190e+00, 9.5626e-02, 
 2DIAGNOSTIC,    11, -4.924674965275e-01, 1.275228554753e-06, 6.3193e+00, 1.0026e-01, 
DIAGNOSTIC,Iteration,metricValue,convergenceValue,ITERATION_TIME_INDEX,SINCE_LAST
 2DIAGNOSTIC,     1, -4.641848759888e-01, 1.797693134862e+308, 9.2060e+00, 2.8868e+00, 
 2DIAGNOSTIC,     2, -4.643069640872e-01, 1.797693134862e+308, 9.8180e+00, 6.1192e-01, 
 2DIAGNOSTIC,     3, -4.645196601538e-01, 1.797693134862e+308, 1.0423e+01, 6.0507e-01, 
 2DIAGNOSTIC,     4, -4.646868857057e-01, 1.797693134862e+308, 1.1020e+01, 5.9696e-01, 
 2DIAGNOSTIC,     5, -4.647737315165e-01, 1.797693134862e+308, 1.1857e+01, 8.3654e-01, 
 2DIAGNOSTIC,     6, -4.647772813970e-01, 1.797693134862e+308, 1.2539e+01, 6.8250e-01, 
 2DIAGNOSTIC,     7, -4.647769797442e-01, 1.797693134862e+308, 1.3421e+01, 8.8150e-01, 
 2DIAGNOSTIC,     8, -4.647762029942e-01, 1.797693134862e+308, 1.4104e+01, 6.8351e-01, 
 2DIAGNOSTIC,     9, -4.647705519378e-01, 1.797693134862e+308, 1.4810e+01, 7.0584e-01, 
 2DIAGNOSTIC,    10, -4.647760470864e-01, 7.774146125773e-05, 1.5606e+01, 7.9580e-01, 
 2DIAGNOSTIC,    11, -4.647718352588e-01, 4.452443367864e-05, 1.6299e+01, 6.9322e-01, 
 2DIAGNOSTIC,    12, -4.647691715382e-01, 1.906796783799e-05, 1.7005e+01, 7.0630e-01, 
 2DIAGNOSTIC,    13, -4.647668357001e-01, 5.777307503840e-06, 1.7707e+01, 7.0219e-01, 
 2DIAGNOSTIC,    14, -4.647661669752e-01, 1.254573125331e-06, 1.8398e+01, 6.9090e-01, 
DIAGNOSTIC,Iteration,metricValue,convergenceValue,ITERATION_TIME_INDEX,SINCE_LAST
 2DIAGNOSTIC,     1, -4.351344151528e-01, 1.797693134862e+308, 2.8083e+01, 9.6849e+00, 
 2DIAGNOSTIC,     2, -4.352157491063e-01, 1.797693134862e+308, 3.1793e+01, 3.7098e+00, 
 2DIAGNOSTIC,     3, -4.352924270379e-01, 1.797693134862e+308, 3.6425e+01, 4.6317e+00, 
 2DIAGNOSTIC,     4, -4.352957999414e-01, 1.797693134862e+308, 4.3461e+01, 7.0363e+00, 
 2DIAGNOSTIC,     5, -4.352948427793e-01, 1.797693134862e+308, 4.7524e+01, 4.0629e+00, 
 2DIAGNOSTIC,     6, -4.352947494634e-01, 1.797693134862e+308, 5.4179e+01, 6.6552e+00, 
 2DIAGNOSTIC,     7, -4.352950025612e-01, 1.797693134862e+308, 5.8080e+01, 3.9010e+00, 
 2DIAGNOSTIC,     8, -4.352948968148e-01, 1.797693134862e+308, 6.1974e+01, 3.8941e+00, 
 2DIAGNOSTIC,     9, -4.352948550352e-01, 1.797693134862e+308, 6.6068e+01, 4.0936e+00, 
 2DIAGNOSTIC,    10, -4.352947611346e-01, 1.825078148184e-05, 6.9498e+01, 3.4298e+00, 
 2DIAGNOSTIC,    11, -4.352947849042e-01, 7.669047212916e-06, 7.3437e+01, 3.9393e+00, 
 2DIAGNOSTIC,    12, -4.352947685486e-01, 2.728721390510e-06, 7.7425e+01, 3.9884e+00, 
 2DIAGNOSTIC,    13, -4.352947935810e-01, 2.388463061997e-06, 8.1488e+01, 4.0629e+00, 
 2DIAGNOSTIC,    14, -4.352947499271e-01, 2.258869239866e-06, 8.5387e+01, 3.8988e+00, 
 2DIAGNOSTIC,    15, -4.352946584657e-01, 2.102431078330e-06, 8.9271e+01, 3.8844e+00, 
 2DIAGNOSTIC,    16, -4.352947124839e-01, 1.965349881297e-06, 9.3149e+01, 3.8773e+00, 
 2DIAGNOSTIC,    17, -4.352944042977e-01, 1.844296591835e-06, 9.7169e+01, 4.0207e+00, 
 2DIAGNOSTIC,    18, -4.352943294521e-01, 1.732930247286e-06, 1.0195e+02, 4.7837e+00, 
 2DIAGNOSTIC,    19, -4.352942365736e-01, 1.631945302658e-06, 1.0574e+02, 3.7821e+00, 
 2DIAGNOSTIC,    20, -4.352942759664e-01, 1.543138047524e-06, 1.0960e+02, 3.8616e+00, 
 2DIAGNOSTIC,    21, -4.352942089819e-01, 1.465773595298e-06, 1.1333e+02, 3.7291e+00, 
 2DIAGNOSTIC,    22, -4.352941629733e-01, 1.398270240191e-06, 1.1762e+02, 4.2943e+00, 
 2DIAGNOSTIC,    23, -4.352941728432e-01, 1.342228406490e-06, 1.2182e+02, 4.1980e+00, 
 2DIAGNOSTIC,    24, -4.352941777217e-01, 1.293576681702e-06, 1.2555e+02, 3.7312e+00, 
 2DIAGNOSTIC,    25, -4.352941894499e-01, 1.249535893630e-06, 1.2934e+02, 3.7873e+00, 
 2DIAGNOSTIC,    26, -4.352941910409e-01, 1.212619458194e-06, 1.3314e+02, 3.8046e+00, 
 2DIAGNOSTIC,    27, -4.352940879788e-01, 1.169584580414e-06, 1.3678e+02, 3.6394e+00, 
 2DIAGNOSTIC,    28, -4.352940827301e-01, 1.128686679425e-06, 1.3995e+02, 3.1737e+00, 
 2DIAGNOSTIC,    29, -4.352940669568e-01, 1.088774124199e-06, 1.4345e+02, 3.5004e+00, 
 2DIAGNOSTIC,    30, -4.352940053750e-01, 1.051809513798e-06, 1.4704e+02, 3.5847e+00, 
 2DIAGNOSTIC,    31, -4.352940263126e-01, 1.017138202081e-06, 1.5025e+02, 3.2119e+00, 
  Elapsed time (stage 0): 1.5722e+02


Stage 1
  iterations = 1000x1000x1000x1000x1000
  convergence threshold = 1.0000e-06
  convergence window size = 10
  number of levels = 5
  using the Mattes MI metric (number of bins = 32, weight = 1.0000e+00, use gradient filter = 0)
  preprocessing:  winsorizing the image intensities
  preprocessing:  histogram matching the images
  Shrink factors (level 1 out of 5): [8, 8, 8]
  Shrink factors (level 2 out of 5): [8, 8, 8]
  Shrink factors (level 3 out of 5): [4, 4, 4]
  Shrink factors (level 4 out of 5): [2, 2, 2]
  Shrink factors (level 5 out of 5): [1, 1, 1]
  smoothing sigmas per level: [4, 3, 2, 1, 0]
  regular sampling (percentage = 2.5000e-01)

*** Running AffineTransform registration ***

DIAGNOSTIC,Iteration,metricValue,convergenceValue,ITERATION_TIME_INDEX,SINCE_LAST
 2DIAGNOSTIC,     1, -5.501253182657e-01, 1.797693134862e+308, 1.3379e+00, 1.3379e+00, 
 2DIAGNOSTIC,     2, -5.515604748870e-01, 1.797693134862e+308, 1.3474e+00, 9.5191e-03, 
 2DIAGNOSTIC,     3, -5.538105351701e-01, 1.797693134862e+308, 1.3562e+00, 8.8332e-03, 
 2DIAGNOSTIC,     4, -5.582769906488e-01, 1.797693134862e+308, 1.3658e+00, 9.6340e-03, 
 2DIAGNOSTIC,     5, -5.664935634042e-01, 1.797693134862e+308, 1.3759e+00, 1.0106e-02, 
 2DIAGNOSTIC,     6, -6.176088125639e-01, 1.797693134862e+308, 1.3875e+00, 1.1542e-02, 
 2DIAGNOSTIC,     7, -6.486620134683e-01, 1.797693134862e+308, 1.3964e+00, 8.9049e-03, 
 2DIAGNOSTIC,     8, -6.631780163515e-01, 1.797693134862e+308, 1.4055e+00, 9.0890e-03, 
 2DIAGNOSTIC,     9, -6.831800288480e-01, 1.797693134862e+308, 1.4144e+00, 8.9271e-03, 
 2DIAGNOSTIC,    10, -7.273357340518e-01, 1.948948288088e-02, 1.4274e+00, 1.2994e-02, 
 2DIAGNOSTIC,    11, -7.394715381043e-01, 1.978509282033e-02, 1.4365e+00, 9.1400e-03, 
 2DIAGNOSTIC,    12, -7.450279482486e-01, 1.851933260454e-02, 1.4473e+00, 1.0756e-02, 
 2DIAGNOSTIC,    13, -7.483077879167e-01, 1.604838636296e-02, 1.4579e+00, 1.0646e-02, 
 2DIAGNOSTIC,    14, -7.534504750943e-01, 1.285171045567e-02, 1.4716e+00, 1.3613e-02, 
 2DIAGNOSTIC,    15, -7.549057564048e-01, 9.210137055904e-03, 1.4814e+00, 9.8050e-03, 
 2DIAGNOSTIC,    16, -7.561211351029e-01, 6.631101803311e-03, 1.4917e+00, 1.0347e-02, 
 2DIAGNOSTIC,    17, -7.566524030966e-01, 4.590208605152e-03, 1.5019e+00, 1.0153e-02, 
 2DIAGNOSTIC,    18, -7.568391902530e-01, 2.729522806376e-03, 1.5101e+00, 8.2080e-03, 
 2DIAGNOSTIC,    19, -7.567710720304e-01, 1.251300935330e-03, 1.5186e+00, 8.5051e-03, 
 2DIAGNOSTIC,    20, -7.569439428764e-01, 7.394731096103e-04, 1.5272e+00, 8.6310e-03, 
 2DIAGNOSTIC,    21, -7.574513579997e-01, 4.612585219926e-04, 1.5361e+00, 8.9068e-03, 
 2DIAGNOSTIC,    22, -7.578818970965e-01, 2.796951186065e-04, 1.5477e+00, 1.1554e-02, 
 2DIAGNOSTIC,    23, -7.579356221566e-01, 1.469184564082e-04, 1.5567e+00, 9.0070e-03, 
 2DIAGNOSTIC,    24, -7.580366269084e-01, 1.018892569600e-04, 1.5659e+00, 9.1939e-03, 
 2DIAGNOSTIC,    25, -7.581376075380e-01, 7.633698253919e-05, 1.5759e+00, 1.0014e-02, 
 2DIAGNOSTIC,    26, -7.585454072683e-01, 7.084284561761e-05, 1.5879e+00, 1.1979e-02, 
 2DIAGNOSTIC,    27, -7.582497994243e-01, 6.247334326534e-05, 1.5977e+00, 9.8121e-03, 
 2DIAGNOSTIC,    28, -7.582480136345e-01, 5.201167240006e-05, 1.6064e+00, 8.7390e-03, 
 2DIAGNOSTIC,    29, -7.582616640562e-01, 3.691043927642e-05, 1.6152e+00, 8.7419e-03, 
 2DIAGNOSTIC,    30, -7.582397027119e-01, 2.130647198335e-05, 1.6249e+00, 9.7289e-03, 
 2DIAGNOSTIC,    31, -7.582606515914e-01, 1.150519517409e-05, 1.6335e+00, 8.5859e-03, 
 2DIAGNOSTIC,    32, -7.582522904469e-01, 6.701110903527e-06, 1.6431e+00, 9.5971e-03, 
DIAGNOSTIC,Iteration,metricValue,convergenceValue,ITERATION_TIME_INDEX,SINCE_LAST
 2DIAGNOSTIC,     1, -7.153715430746e-01, 1.797693134862e+308, 3.0247e+00, 1.3816e+00, 
 2DIAGNOSTIC,     2, -7.158589244147e-01, 1.797693134862e+308, 3.0374e+00, 1.2662e-02, 
 2DIAGNOSTIC,     3, -7.161070650576e-01, 1.797693134862e+308, 3.0505e+00, 1.3147e-02, 
 2DIAGNOSTIC,     4, -7.162552255929e-01, 1.797693134862e+308, 3.0614e+00, 1.0892e-02, 
 2DIAGNOSTIC,     5, -7.164631039124e-01, 1.797693134862e+308, 3.0755e+00, 1.4114e-02, 
 2DIAGNOSTIC,     6, -7.166996290503e-01, 1.797693134862e+308, 3.0914e+00, 1.5849e-02, 
 2DIAGNOSTIC,     7, -7.168770814508e-01, 1.797693134862e+308, 3.1038e+00, 1.2392e-02, 
 2DIAGNOSTIC,     8, -7.169846093143e-01, 1.797693134862e+308, 3.1181e+00, 1.4371e-02, 
 2DIAGNOSTIC,     9, -7.170789420792e-01, 1.797693134862e+308, 3.1287e+00, 1.0606e-02, 
 2DIAGNOSTIC,    10, -7.173726227724e-01, 1.623373071711e-04, 3.1399e+00, 1.1124e-02, 
 2DIAGNOSTIC,    11, -7.180573105614e-01, 1.526945912416e-04, 3.1597e+00, 1.9808e-02, 
 2DIAGNOSTIC,    12, -7.183186514775e-01, 1.552825385578e-04, 3.1775e+00, 1.7778e-02, 
 2DIAGNOSTIC,    13, -7.183780142287e-01, 1.532168778724e-04, 3.1911e+00, 1.3669e-02, 
 2DIAGNOSTIC,    14, -7.188951662582e-01, 1.568463582258e-04, 3.2032e+00, 1.2081e-02, 
 2DIAGNOSTIC,    15, -7.198032535506e-01, 1.748052722399e-04, 3.2161e+00, 1.2850e-02, 
 2DIAGNOSTIC,    16, -7.201808774115e-01, 1.890221880652e-04, 3.2331e+00, 1.7082e-02, 
 2DIAGNOSTIC,    17, -7.204734557546e-01, 1.953900964194e-04, 3.2520e+00, 1.8869e-02, 
 2DIAGNOSTIC,    18, -7.205092308502e-01, 1.867458685538e-04, 3.2675e+00, 1.5509e-02, 
 2DIAGNOSTIC,    19, -7.205182981733e-01, 1.640398427683e-04, 3.2784e+00, 1.0865e-02, 
 2DIAGNOSTIC,    20, -7.205397270667e-01, 1.341848231524e-04, 3.2939e+00, 1.5556e-02, 
 2DIAGNOSTIC,    21, -7.205665375880e-01, 1.080686999190e-04, 3.3090e+00, 1.5110e-02, 
 2DIAGNOSTIC,    22, -7.205369707526e-01, 7.878108305082e-05, 3.3232e+00, 1.4126e-02, 
 2DIAGNOSTIC,    23, -7.205530102152e-01, 4.614603791029e-05, 3.3394e+00, 1.6182e-02, 
 2DIAGNOSTIC,    24, -7.205710116632e-01, 2.057625503001e-05, 3.3567e+00, 1.7305e-02, 
 2DIAGNOSTIC,    25, -7.206293026810e-01, 1.041333242092e-05, 3.3718e+00, 1.5160e-02, 
 2DIAGNOSTIC,    26, -7.206871249225e-01, 6.655358958989e-06, 3.3855e+00, 1.3666e-02, 
 2DIAGNOSTIC,    27, -7.208008923734e-01, 8.603578281308e-06, 3.3994e+00, 1.3905e-02, 
 2DIAGNOSTIC,    28, -7.209053561478e-01, 1.167278104124e-05, 3.4257e+00, 2.6338e-02, 
 2DIAGNOSTIC,    29, -7.209097237998e-01, 1.369045858128e-05, 3.4462e+00, 2.0453e-02, 
 2DIAGNOSTIC,    30, -7.209129317194e-01, 1.471878912023e-05, 3.4623e+00, 1.6144e-02, 
 2DIAGNOSTIC,    31, -7.209111145149e-01, 1.472431838409e-05, 3.4722e+00, 9.8541e-03, 
 2DIAGNOSTIC,    32, -7.209187293120e-01, 1.314018813916e-05, 3.4828e+00, 1.0654e-02, 
 2DIAGNOSTIC,    33, -7.209258115741e-01, 1.076234692558e-05, 3.4924e+00, 9.5940e-03, 
 2DIAGNOSTIC,    34, -7.207505336228e-01, 5.769857753576e-06, 3.5094e+00, 1.7008e-02, 
 2DIAGNOSTIC,    35, -7.207558746478e-01, 1.396840224568e-06, 3.5263e+00, 1.6838e-02, 
DIAGNOSTIC,Iteration,metricValue,convergenceValue,ITERATION_TIME_INDEX,SINCE_LAST
 2DIAGNOSTIC,     1, -6.749892678609e-01, 1.797693134862e+308, 5.1120e+00, 1.5857e+00, 
 2DIAGNOSTIC,     2, -6.752972649629e-01, 1.797693134862e+308, 5.1971e+00, 8.5103e-02, 
 2DIAGNOSTIC,     3, -6.754006254854e-01, 1.797693134862e+308, 5.2816e+00, 8.4527e-02, 
 2DIAGNOSTIC,     4, -6.755297837826e-01, 1.797693134862e+308, 5.3721e+00, 9.0530e-02, 
 2DIAGNOSTIC,     5, -6.756692494948e-01, 1.797693134862e+308, 5.4727e+00, 1.0060e-01, 
 2DIAGNOSTIC,     6, -6.758484889772e-01, 1.797693134862e+308, 5.5957e+00, 1.2294e-01, 
 2DIAGNOSTIC,     7, -6.758628179861e-01, 1.797693134862e+308, 5.6872e+00, 9.1487e-02, 
 2DIAGNOSTIC,     8, -6.758811272820e-01, 1.797693134862e+308, 5.7781e+00, 9.0929e-02, 
 2DIAGNOSTIC,     9, -6.759910633206e-01, 1.797693134862e+308, 5.8683e+00, 9.0227e-02, 
 2DIAGNOSTIC,    10, -6.764667860948e-01, 1.127970155613e-04, 6.0091e+00, 1.4080e-01, 
 2DIAGNOSTIC,    11, -6.764928439363e-01, 1.004689817553e-04, 6.0972e+00, 8.8127e-02, 
 2DIAGNOSTIC,    12, -6.765150013582e-01, 9.325275608534e-05, 6.1904e+00, 9.3110e-02, 
 2DIAGNOSTIC,    13, -6.766263357118e-01, 8.615590665810e-05, 6.3170e+00, 1.2669e-01, 
 2DIAGNOSTIC,    14, -6.766288293783e-01, 7.619084008444e-05, 6.4263e+00, 1.0921e-01, 
 2DIAGNOSTIC,    15, -6.766335529414e-01, 6.452510376496e-05, 6.5269e+00, 1.0066e-01, 
 2DIAGNOSTIC,    16, -6.766456045215e-01, 5.364933840979e-05, 6.6262e+00, 9.9323e-02, 
 2DIAGNOSTIC,    17, -6.766636555182e-01, 4.028274941210e-05, 6.7255e+00, 9.9297e-02, 
 2DIAGNOSTIC,    18, -6.766931343392e-01, 2.598771120949e-05, 6.8333e+00, 1.0781e-01, 
 2DIAGNOSTIC,    19, -6.767162900739e-01, 1.359188327101e-05, 6.9347e+00, 1.0137e-01, 
 2DIAGNOSTIC,    20, -6.767307426072e-01, 1.165605883089e-05, 7.0324e+00, 9.7678e-02, 
 2DIAGNOSTIC,    21, -6.767523773004e-01, 9.937850853077e-06, 7.2156e+00, 1.8317e-01, 
 2DIAGNOSTIC,    22, -6.767588948144e-01, 8.068414756264e-06, 7.3173e+00, 1.0172e-01, 
 2DIAGNOSTIC,    23, -6.767567658237e-01, 7.734754379075e-06, 7.4272e+00, 1.0992e-01, 
 2DIAGNOSTIC,    24, -6.767557143604e-01, 6.863095450983e-06, 7.5299e+00, 1.0272e-01, 
 2DIAGNOSTIC,    25, -6.767506376742e-01, 5.536250363612e-06, 7.6118e+00, 8.1890e-02, 
 2DIAGNOSTIC,    26, -6.767482184466e-01, 4.064186288337e-06, 7.6996e+00, 8.7735e-02, 
 2DIAGNOSTIC,    27, -6.767489898370e-01, 2.718558353390e-06, 7.7871e+00, 8.7502e-02, 
 2DIAGNOSTIC,    28, -6.767450120363e-01, 1.702772122796e-06, 7.8902e+00, 1.0319e-01, 
 2DIAGNOSTIC,    29, -6.767483879023e-01, 1.089248338908e-06, 7.9890e+00, 9.8774e-02, 
DIAGNOSTIC,Iteration,metricValue,convergenceValue,ITERATION_TIME_INDEX,SINCE_LAST
 2DIAGNOSTIC,     1, -6.193266386876e-01, 1.797693134862e+308, 1.0911e+01, 2.9218e+00, 
 2DIAGNOSTIC,     2, -6.195166078901e-01, 1.797693134862e+308, 1.1523e+01, 6.1190e-01, 
 2DIAGNOSTIC,     3, -6.195814982039e-01, 1.797693134862e+308, 1.2172e+01, 6.4937e-01, 
 2DIAGNOSTIC,     4, -6.196331201480e-01, 1.797693134862e+308, 1.2869e+01, 6.9744e-01, 
 2DIAGNOSTIC,     5, -6.197359784830e-01, 1.797693134862e+308, 1.3837e+01, 9.6722e-01, 
 2DIAGNOSTIC,     6, -6.197660591418e-01, 1.797693134862e+308, 1.4452e+01, 6.1569e-01, 
 2DIAGNOSTIC,     7, -6.198228556847e-01, 1.797693134862e+308, 1.5084e+01, 6.3208e-01, 
 2DIAGNOSTIC,     8, -6.198689438637e-01, 1.797693134862e+308, 1.5728e+01, 6.4347e-01, 
 2DIAGNOSTIC,     9, -6.199188885988e-01, 1.797693134862e+308, 1.6336e+01, 6.0816e-01, 
 2DIAGNOSTIC,    10, -6.200134183559e-01, 6.434023522545e-05, 1.7032e+01, 6.9580e-01, 
 2DIAGNOSTIC,    11, -6.200652325306e-01, 5.283869296577e-05, 1.7570e+01, 5.3803e-01, 
 2DIAGNOSTIC,    12, -6.201882443634e-01, 5.072329280063e-05, 1.8206e+01, 6.3605e-01, 
 2DIAGNOSTIC,    13, -6.202626576748e-01, 4.942585975981e-05, 1.8912e+01, 7.0601e-01, 
 2DIAGNOSTIC,    14, -6.203267017446e-01, 4.774209085077e-05, 1.9482e+01, 5.7031e-01, 
 2DIAGNOSTIC,    15, -6.204599068185e-01, 4.933653657722e-05, 2.0049e+01, 5.6668e-01, 
 2DIAGNOSTIC,    16, -6.205768734498e-01, 5.050655530871e-05, 2.0610e+01, 5.6127e-01, 
 2DIAGNOSTIC,    17, -6.206428738726e-01, 5.031810278887e-05, 2.1174e+01, 5.6413e-01, 
 2DIAGNOSTIC,    18, -6.206949268575e-01, 4.818172996890e-05, 2.1823e+01, 6.4884e-01, 
 2DIAGNOSTIC,    19, -6.207571479212e-01, 4.465780906038e-05, 2.2829e+01, 1.0059e+00, 
 2DIAGNOSTIC,    20, -6.207704692957e-01, 3.992323773935e-05, 2.3541e+01, 7.1204e-01, 
 2DIAGNOSTIC,    21, -6.207742093857e-01, 3.321435183460e-05, 2.4235e+01, 6.9386e-01, 
 2DIAGNOSTIC,    22, -6.207781501829e-01, 2.680375456238e-05, 2.4854e+01, 6.1935e-01, 
 2DIAGNOSTIC,    23, -6.207805362287e-01, 2.011831403813e-05, 2.5473e+01, 6.1858e-01, 
 2DIAGNOSTIC,    24, -6.207934736715e-01, 1.365487806194e-05, 2.6114e+01, 6.4059e-01, 
 2DIAGNOSTIC,    25, -6.208078358310e-01, 9.211068129955e-06, 2.6770e+01, 6.5662e-01, 
 2DIAGNOSTIC,    26, -6.208313567127e-01, 6.828268468186e-06, 2.7388e+01, 6.1766e-01, 
 2DIAGNOSTIC,    27, -6.208707694747e-01, 5.867835562903e-06, 2.8091e+01, 7.0286e-01, 
 2DIAGNOSTIC,    28, -6.208994249315e-01, 5.817244999339e-06, 2.9215e+01, 1.1240e+00, 
 2DIAGNOSTIC,    29, -6.209064018652e-01, 6.413254331664e-06, 2.9999e+01, 7.8397e-01, 
 2DIAGNOSTIC,    30, -6.209065030200e-01, 6.677821430628e-06, 3.0668e+01, 6.6961e-01, 
 2DIAGNOSTIC,    31, -6.209065401156e-01, 6.450600436587e-06, 3.1274e+01, 6.0586e-01, 
 2DIAGNOSTIC,    32, -6.209001257998e-01, 5.682181116115e-06, 3.1966e+01, 6.9148e-01, 
 2DIAGNOSTIC,    33, -6.208998033117e-01, 4.540458819716e-06, 3.2695e+01, 7.2978e-01, 
 2DIAGNOSTIC,    34, -6.208998856894e-01, 3.304890062443e-06, 3.3397e+01, 7.0158e-01, 
 2DIAGNOSTIC,    35, -6.208984173556e-01, 2.085373354475e-06, 3.4079e+01, 6.8189e-01, 
 2DIAGNOSTIC,    36, -6.208976915250e-01, 1.104134564948e-06, 3.4785e+01, 7.0592e-01, 
DIAGNOSTIC,Iteration,metricValue,convergenceValue,ITERATION_TIME_INDEX,SINCE_LAST
 2DIAGNOSTIC,     1, -5.669213288636e-01, 1.797693134862e+308, 4.4916e+01, 1.0132e+01, 
 2DIAGNOSTIC,     2, -5.669732676845e-01, 1.797693134862e+308, 4.9346e+01, 4.4293e+00, 
 2DIAGNOSTIC,     3, -5.669790461959e-01, 1.797693134862e+308, 5.3385e+01, 4.0390e+00, 
 2DIAGNOSTIC,     4, -5.669836012165e-01, 1.797693134862e+308, 5.9456e+01, 6.0714e+00, 
 2DIAGNOSTIC,     5, -5.669868636202e-01, 1.797693134862e+308, 6.4530e+01, 5.0737e+00, 
 2DIAGNOSTIC,     6, -5.669872591155e-01, 1.797693134862e+308, 6.8936e+01, 4.4058e+00, 
 2DIAGNOSTIC,     7, -5.669861181548e-01, 1.797693134862e+308, 7.3174e+01, 4.2382e+00, 
 2DIAGNOSTIC,     8, -5.669858158951e-01, 1.797693134862e+308, 7.7485e+01, 4.3114e+00, 
 2DIAGNOSTIC,     9, -5.669862957845e-01, 1.797693134862e+308, 8.2173e+01, 4.6876e+00, 
 2DIAGNOSTIC,    10, -5.669856560056e-01, 7.276522407146e-06, 8.7022e+01, 4.8496e+00, 
 2DIAGNOSTIC,    11, -5.669856934295e-01, 3.776565286315e-06, 9.1037e+01, 4.0151e+00, 
 2DIAGNOSTIC,    12, -5.669854486696e-01, 2.938356387899e-06, 9.5451e+01, 4.4132e+00, 
 2DIAGNOSTIC,    13, -5.669854114434e-01, 2.421431543081e-06, 9.9382e+01, 3.9312e+00, 
 2DIAGNOSTIC,    14, -5.669853422908e-01, 2.137233911459e-06, 1.0280e+02, 3.4187e+00, 
 2DIAGNOSTIC,    15, -5.669853078632e-01, 2.010330040811e-06, 1.0648e+02, 3.6841e+00, 
 2DIAGNOSTIC,    16, -5.669853300610e-01, 1.923721190927e-06, 1.1012e+02, 3.6375e+00, 
 2DIAGNOSTIC,    17, -5.669853339917e-01, 1.819880965488e-06, 1.1435e+02, 4.2253e+00, 
 2DIAGNOSTIC,    18, -5.669852126366e-01, 1.719979466450e-06, 1.1811e+02, 3.7647e+00, 
 2DIAGNOSTIC,    19, -5.669852092453e-01, 1.648074853033e-06, 1.2199e+02, 3.8797e+00, 
 2DIAGNOSTIC,    20, -5.669851570318e-01, 1.568316726736e-06, 1.2585e+02, 3.8604e+00, 
 2DIAGNOSTIC,    21, -5.669850235608e-01, 1.496040512916e-06, 1.2922e+02, 3.3674e+00, 
 2DIAGNOSTIC,    22, -5.669849028445e-01, 1.423827123877e-06, 1.3396e+02, 4.7382e+00, 
 2DIAGNOSTIC,    23, -5.669849178050e-01, 1.359582685947e-06, 1.3794e+02, 3.9844e+00, 
 2DIAGNOSTIC,    24, -5.669848530571e-01, 1.300052615220e-06, 1.4199e+02, 4.0476e+00, 
 2DIAGNOSTIC,    25, -5.669847825786e-01, 1.245541457848e-06, 1.4549e+02, 3.5029e+00, 
 2DIAGNOSTIC,    26, -5.669849309183e-01, 1.201090673468e-06, 1.4920e+02, 3.7090e+00, 
 2DIAGNOSTIC,    27, -5.669848827376e-01, 1.161198506065e-06, 1.5303e+02, 3.8329e+00, 
 2DIAGNOSTIC,    28, -5.669848149562e-01, 1.122364348960e-06, 1.5666e+02, 3.6255e+00, 
 2DIAGNOSTIC,    29, -5.669849184299e-01, 1.089284789660e-06, 1.6095e+02, 4.2906e+00, 
 2DIAGNOSTIC,    30, -5.669848783427e-01, 1.057570339205e-06, 1.6483e+02, 3.8770e+00, 
 2DIAGNOSTIC,    31, -5.669849331015e-01, 1.026920302544e-06, 1.6870e+02, 3.8763e+00, 
  Elapsed time (stage 1): 1.7614e+02


Total elapsed time: 3.3337e+02
ALL Done
