
Running for 3-dimensional images.

*********10*********20*********30*********40*********50*********60*********70*********80*********90*********

   AdaptiveNonLocalMeansDenoisingImageFilter (0x1f8a370)
     RTTI typeinfo:   itk::AdaptiveNonLocalMeansDenoisingImageFilter<itk::Image<float, 3u>, itk::Image<float, 3u>, itk::Image<unsigned char, 3u> >
     Reference Count: 1
     Modified Time: 392
     Debug: Off
     Object Name: 
     Observers: 
       ProgressEvent(Command)
     Inputs: 
       Primary: (0x1f892f0) *
       _1: (0)
     Indexed Inputs: 
       0: Primary (0x1f892f0)
       1: _1 (0)
     Required Input Names: Primary
     NumberOfRequiredInputs: 1
     Outputs: 
       Primary: (0x1f88da0)
     Indexed Outputs: 
       0: Primary (0x1f88da0)
     NumberOfRequiredOutputs: 1
     Number Of Work Units: 56
     ReleaseDataFlag: Off
     ReleaseDataBeforeUpdateFlag: Off
     AbortGenerateData: Off
     Progress: 1
     Multithreader: 
       RTTI typeinfo:   itk::PoolMultiThreader
       Reference Count: 1
       Modified Time: 352
       Debug: Off
       Object Name: 
       Observers: 
         none
       Number of Work Units: 52
       Number of Threads: 14
       Global Maximum Number Of Threads: 128
       Global Default Number Of Threads: 14
       Global Default Threader Type: itk::MultiThreaderBaseEnums::Threader::Pool
       SingleMethod: 1
       SingleData: 0x7ffc37ab0728
     DynamicMultiThreading: Off
     CoordinateTolerance: 1e-06
     DirectionTolerance: 1e-06
Using mean squares to measure the patch similarity.
     Neighborhood search radius = [2, 2, 2]
     Neighborhood patch radius = [1, 1, 1]
     Using Rician noise model.
     Epsilon = 1e-05
     Mean threshold = 0.95
     Variance threshold = 0.5
     Smoothing variance = 2
     Neighborhood radius for local mean and variance = [1, 1, 1]
Elapsed time: 291.031
All_Command_lines_OK
Using double precision for computations.
=============================================================================
The composite transform comprises the following transforms (in order): 
  1. Center of mass alignment using fixed image: /Dedicated/jmichaelson-wdata/msmuhammad/projects/RPOE/3dprint/data/derivatives/pre-freesurfer/../../temp/MNI152_T1_0.5mm.nii.gz and moving image: /Dedicated/jmichaelson-wdata/msmuhammad/projects/RPOE/3dprint/data/derivatives/pre-freesurfer/2E_034/2E_034/2E_034_reorient_RPI_denoise.nii.gz (type = Euler3DTransform)
=============================================================================
  number of levels = 5
  number of levels = 5
  fixed image: /Dedicated/jmichaelson-wdata/msmuhammad/projects/RPOE/3dprint/data/derivatives/pre-freesurfer/../../temp/MNI152_T1_0.5mm.nii.gz
  moving image: /Dedicated/jmichaelson-wdata/msmuhammad/projects/RPOE/3dprint/data/derivatives/pre-freesurfer/2E_034/2E_034/2E_034_reorient_RPI_denoise.nii.gz
  fixed image: /Dedicated/jmichaelson-wdata/msmuhammad/projects/RPOE/3dprint/data/derivatives/pre-freesurfer/../../temp/MNI152_T1_0.5mm.nii.gz
  moving image: /Dedicated/jmichaelson-wdata/msmuhammad/projects/RPOE/3dprint/data/derivatives/pre-freesurfer/2E_034/2E_034/2E_034_reorient_RPI_denoise.nii.gz
Dimension = 3
Number of stages = 2
Use histogram matching = true
Winsorize image intensities = true
  Lower quantile = 0.005
  Upper quantile = 0.995


Stage 1 State
   Image metric = Mattes
     Fixed image = Image (0x4a0ef10)
  RTTI typeinfo:   itk::Image<double, 3u>
  Reference Count: 2
  Modified Time: 1694
  Debug: Off
  Object Name: 
  Observers: 
    none
  Source: (none)
  Source output name: (none)
  Release Data: Off
  Data Released: False
  Global Release Data: Off
  PipelineMTime: 0
  UpdateMTime: 1477
  RealTimeStamp: 0 seconds 
  LargestPossibleRegion: 
    Dimension: 3
    Index: [0, 0, 0]
    Size: [364, 436, 364]
  BufferedRegion: 
    Dimension: 3
    Index: [0, 0, 0]
    Size: [364, 436, 364]
  RequestedRegion: 
    Dimension: 3
    Index: [0, 0, 0]
    Size: [364, 436, 364]
  Spacing: [0.5, 0.5, 0.5]
  Origin: [-90, 126, -72]
  Direction: 
1 0 0
0 -1 0
0 0 1

  IndexToPointMatrix: 
0.5 0 0
0 -0.5 0
0 0 0.5

  PointToIndexMatrix: 
2 0 0
0 -2 0
0 0 2

  Inverse Direction: 
1 0 0
0 -1 0
0 0 1

  PixelContainer: 
    ImportImageContainer (0x49fb9d0)
      RTTI typeinfo:   itk::ImportImageContainer<unsigned long, double>
      Reference Count: 1
      Modified Time: 1474
      Debug: Off
      Object Name: 
      Observers: 
        none
      Pointer: 0x2b2793160010
      Container manages memory: true
      Size: 57768256
      Capacity: 57768256

     Moving image = Image (0x4a0eaf0)
  RTTI typeinfo:   itk::Image<double, 3u>
  Reference Count: 2
  Modified Time: 1695
  Debug: Off
  Object Name: 
  Observers: 
    none
  Source: (none)
  Source output name: (none)
  Release Data: Off
  Data Released: False
  Global Release Data: Off
  PipelineMTime: 0
  UpdateMTime: 1692
  RealTimeStamp: 0 seconds 
  LargestPossibleRegion: 
    Dimension: 3
    Index: [0, 0, 0]
    Size: [280, 512, 512]
  BufferedRegion: 
    Dimension: 3
    Index: [0, 0, 0]
    Size: [280, 512, 512]
  RequestedRegion: 
    Dimension: 3
    Index: [0, 0, 0]
    Size: [280, 512, 512]
  Spacing: [0.599998, 0.4688, 0.4688]
  Origin: [-86.1996, 75.4162, -109.791]
  Direction: 
1 0 0
0 -1 0
0 0 1

  IndexToPointMatrix: 
0.599998 0 0
0 -0.4688 0
0 0 0.4688

  PointToIndexMatrix: 
1.66667 0 0
0 -2.13311 0
0 0 2.13311

  Inverse Direction: 
1 0 0
0 -1 0
0 0 1

  PixelContainer: 
    ImportImageContainer (0x4a12190)
      RTTI typeinfo:   itk::ImportImageContainer<unsigned long, double>
      Reference Count: 1
      Modified Time: 1689
      Debug: Off
      Object Name: 
      Observers: 
        none
      Pointer: 0x2b27aea1d010
      Container manages memory: true
      Size: 73400320
      Capacity: 73400320

     Weighting = 1
     Sampling strategy = regular
     Number of bins = 32
     Radius = 4
     Sampling percentage  = 0.25
   Transform = Rigid
     Gradient step = 0.1
     Update field sigma (voxel space) = 0
     Total field sigma (voxel space) = 0
     Update field time sigma = 0
     Total field time sigma  = 0
     Number of time indices = 0
     Number of time point samples = 0
Stage 2 State
   Image metric = Mattes
     Fixed image = Image (0x4a1e4a0)
  RTTI typeinfo:   itk::Image<double, 3u>
  Reference Count: 2
  Modified Time: 2126
  Debug: Off
  Object Name: 
  Observers: 
    none
  Source: (none)
  Source output name: (none)
  Release Data: Off
  Data Released: False
  Global Release Data: Off
  PipelineMTime: 0
  UpdateMTime: 1909
  RealTimeStamp: 0 seconds 
  LargestPossibleRegion: 
    Dimension: 3
    Index: [0, 0, 0]
    Size: [364, 436, 364]
  BufferedRegion: 
    Dimension: 3
    Index: [0, 0, 0]
    Size: [364, 436, 364]
  RequestedRegion: 
    Dimension: 3
    Index: [0, 0, 0]
    Size: [364, 436, 364]
  Spacing: [0.5, 0.5, 0.5]
  Origin: [-90, 126, -72]
  Direction: 
1 0 0
0 -1 0
0 0 1

  IndexToPointMatrix: 
0.5 0 0
0 -0.5 0
0 0 0.5

  PointToIndexMatrix: 
2 0 0
0 -2 0
0 0 2

  Inverse Direction: 
1 0 0
0 -1 0
0 0 1

  PixelContainer: 
    ImportImageContainer (0x4a1e760)
      RTTI typeinfo:   itk::ImportImageContainer<unsigned long, double>
      Reference Count: 1
      Modified Time: 1906
      Debug: Off
      Object Name: 
      Observers: 
        none
      Pointer: 0x2b27d1a1e010
      Container manages memory: true
      Size: 57768256
      Capacity: 57768256

     Moving image = Image (0x4a085b0)
  RTTI typeinfo:   itk::Image<double, 3u>
  Reference Count: 2
  Modified Time: 2127
  Debug: Off
  Object Name: 
  Observers: 
    none
  Source: (none)
  Source output name: (none)
  Release Data: Off
  Data Released: False
  Global Release Data: Off
  PipelineMTime: 0
  UpdateMTime: 2124
  RealTimeStamp: 0 seconds 
  LargestPossibleRegion: 
    Dimension: 3
    Index: [0, 0, 0]
    Size: [280, 512, 512]
  BufferedRegion: 
    Dimension: 3
    Index: [0, 0, 0]
    Size: [280, 512, 512]
  RequestedRegion: 
    Dimension: 3
    Index: [0, 0, 0]
    Size: [280, 512, 512]
  Spacing: [0.599998, 0.4688, 0.4688]
  Origin: [-86.1996, 75.4162, -109.791]
  Direction: 
1 0 0
0 -1 0
0 0 1

  IndexToPointMatrix: 
0.599998 0 0
0 -0.4688 0
0 0 0.4688

  PointToIndexMatrix: 
1.66667 0 0
0 -2.13311 0
0 0 2.13311

  Inverse Direction: 
1 0 0
0 -1 0
0 0 1

  PixelContainer: 
    ImportImageContainer (0x4a0dc90)
      RTTI typeinfo:   itk::ImportImageContainer<unsigned long, double>
      Reference Count: 1
      Modified Time: 2121
      Debug: Off
      Object Name: 
      Observers: 
        none
      Pointer: 0x2b27ed2db010
      Container manages memory: true
      Size: 73400320
      Capacity: 73400320

     Weighting = 1
     Sampling strategy = regular
     Number of bins = 32
     Radius = 4
     Sampling percentage  = 0.25
   Transform = Affine
     Gradient step = 0.1
     Update field sigma (voxel space) = 0
     Total field sigma (voxel space) = 0
     Update field time sigma = 0
     Total field time sigma  = 0
     Number of time indices = 0
     Number of time point samples = 0
Registration using 2 total stages.

Stage 0
  iterations = 2000x2000x2000x2000x2000
  convergence threshold = 1e-06
  convergence window size = 10
  number of levels = 5
  using the Mattes MI metric (number of bins = 32, weight = 1, use gradient filter = 0)
  preprocessing:  winsorizing the image intensities
  preprocessing:  histogram matching the images
  Shrink factors (level 1 out of 5): [8, 8, 8]
  Shrink factors (level 2 out of 5): [8, 8, 8]
  Shrink factors (level 3 out of 5): [4, 4, 4]
  Shrink factors (level 4 out of 5): [2, 2, 2]
  Shrink factors (level 5 out of 5): [1, 1, 1]
  smoothing sigmas per level: [4, 3, 2, 1, 0]
  regular sampling (percentage = 0.25)

*** Running Euler3DTransform registration ***

DIAGNOSTIC,Iteration,metricValue,convergenceValue,ITERATION_TIME_INDEX,SINCE_LAST
 2DIAGNOSTIC,     1, -4.559990577037e-01, 1.797693134862e+308, 1.3371e+00, 1.3371e+00, 
 2DIAGNOSTIC,     2, -4.589229639690e-01, 1.797693134862e+308, 1.3462e+00, 9.0251e-03, 
 2DIAGNOSTIC,     3, -4.639769812304e-01, 1.797693134862e+308, 1.3554e+00, 9.2010e-03, 
 2DIAGNOSTIC,     4, -4.726982393172e-01, 1.797693134862e+308, 1.3647e+00, 9.3329e-03, 
 2DIAGNOSTIC,     5, -4.868072616130e-01, 1.797693134862e+308, 1.3739e+00, 9.1610e-03, 
 2DIAGNOSTIC,     6, -5.092729077103e-01, 1.797693134862e+308, 1.3832e+00, 9.3219e-03, 
 2DIAGNOSTIC,     7, -5.473590877705e-01, 1.797693134862e+308, 1.3926e+00, 9.4509e-03, 
 2DIAGNOSTIC,     8, -5.967083897441e-01, 1.797693134862e+308, 1.4033e+00, 1.0642e-02, 
 2DIAGNOSTIC,     9, -5.988789096487e-01, 1.797693134862e+308, 1.4120e+00, 8.7459e-03, 
 2DIAGNOSTIC,    10, -5.994797229166e-01, 2.177087647131e-02, 1.4212e+00, 9.1949e-03, 
 2DIAGNOSTIC,    11, -6.000813559071e-01, 1.991795029169e-02, 1.4301e+00, 8.8670e-03, 
 2DIAGNOSTIC,    12, -6.009645658455e-01, 1.678399391939e-02, 1.4403e+00, 1.0263e-02, 
 2DIAGNOSTIC,    13, -6.015789075892e-01, 1.288899656206e-02, 1.4507e+00, 1.0342e-02, 
 2DIAGNOSTIC,    14, -6.017328353264e-01, 8.792372398271e-03, 1.4616e+00, 1.0935e-02, 
 2DIAGNOSTIC,    15, -6.021426482580e-01, 5.025191360967e-03, 1.4706e+00, 8.9688e-03, 
 2DIAGNOSTIC,    16, -6.031112859427e-01, 2.057242554282e-03, 1.4795e+00, 8.8868e-03, 
 2DIAGNOSTIC,    17, -6.036245070106e-01, 4.056990013031e-04, 1.4908e+00, 1.1324e-02, 
 2DIAGNOSTIC,    18, -6.037571762857e-01, 3.200590062527e-04, 1.5014e+00, 1.0586e-02, 
 2DIAGNOSTIC,    19, -6.039316627515e-01, 2.780550828004e-04, 1.5126e+00, 1.1183e-02, 
 2DIAGNOSTIC,    20, -6.039270298055e-01, 2.300479387195e-04, 1.5239e+00, 1.1365e-02, 
 2DIAGNOSTIC,    21, -6.039472849867e-01, 1.799666160258e-04, 1.5341e+00, 1.0126e-02, 
 2DIAGNOSTIC,    22, -6.045354735569e-01, 1.513633871348e-04, 1.5450e+00, 1.0956e-02, 
 2DIAGNOSTIC,    23, -6.047786658469e-01, 1.300328213339e-04, 1.5549e+00, 9.9139e-03, 
 2DIAGNOSTIC,    24, -6.050018791351e-01, 1.065493580442e-04, 1.5681e+00, 1.3142e-02, 
 2DIAGNOSTIC,    25, -6.049683273709e-01, 8.244677763417e-05, 1.5778e+00, 9.7601e-03, 
 2DIAGNOSTIC,    26, -6.051499518211e-01, 7.462389904554e-05, 1.5889e+00, 1.1047e-02, 
 2DIAGNOSTIC,    27, -6.052452712919e-01, 7.144783699409e-05, 1.6009e+00, 1.2038e-02, 
 2DIAGNOSTIC,    28, -6.053203520873e-01, 6.535128921695e-05, 1.6116e+00, 1.0705e-02, 
 2DIAGNOSTIC,    29, -6.054432420026e-01, 5.884943310298e-05, 1.6225e+00, 1.0882e-02, 
 2DIAGNOSTIC,    30, -6.057084658245e-01, 5.178633658626e-05, 1.6350e+00, 1.2491e-02, 
 2DIAGNOSTIC,    31, -6.060914933273e-01, 4.653227554095e-05, 1.6441e+00, 9.0721e-03, 
 2DIAGNOSTIC,    32, -6.060856246137e-01, 4.607728592224e-05, 1.6566e+00, 1.2498e-02, 
 2DIAGNOSTIC,    33, -6.061137856412e-01, 4.547453324747e-05, 1.6677e+00, 1.1133e-02, 
 2DIAGNOSTIC,    34, -6.061301197058e-01, 4.424822229070e-05, 1.6776e+00, 9.8710e-03, 
 2DIAGNOSTIC,    35, -6.061033288427e-01, 3.801209553100e-05, 1.6872e+00, 9.6359e-03, 
 2DIAGNOSTIC,    36, -6.061026607694e-01, 3.099871055443e-05, 1.6970e+00, 9.7620e-03, 
 2DIAGNOSTIC,    37, -6.061085822055e-01, 2.288808343269e-05, 1.7078e+00, 1.0819e-02, 
 2DIAGNOSTIC,    38, -6.060998461869e-01, 1.404417490564e-05, 1.7173e+00, 9.5179e-03, 
 2DIAGNOSTIC,    39, -6.060929774319e-01, 5.831184127336e-06, 1.7262e+00, 8.8990e-03, 
DIAGNOSTIC,Iteration,metricValue,convergenceValue,ITERATION_TIME_INDEX,SINCE_LAST
 2DIAGNOSTIC,     1, -5.728119398367e-01, 1.797693134862e+308, 3.0634e+00, 1.3372e+00, 
 2DIAGNOSTIC,     2, -5.730226218635e-01, 1.797693134862e+308, 3.0747e+00, 1.1267e-02, 
 2DIAGNOSTIC,     3, -5.730535505982e-01, 1.797693134862e+308, 3.0837e+00, 9.0611e-03, 
 2DIAGNOSTIC,     4, -5.730795969365e-01, 1.797693134862e+308, 3.0927e+00, 8.9412e-03, 
 2DIAGNOSTIC,     5, -5.731086924981e-01, 1.797693134862e+308, 3.1016e+00, 8.8911e-03, 
 2DIAGNOSTIC,     6, -5.731877541359e-01, 1.797693134862e+308, 3.1115e+00, 9.9001e-03, 
 2DIAGNOSTIC,     7, -5.731820811794e-01, 1.797693134862e+308, 3.1242e+00, 1.2724e-02, 
 2DIAGNOSTIC,     8, -5.732083909655e-01, 1.797693134862e+308, 3.1331e+00, 8.9030e-03, 
 2DIAGNOSTIC,     9, -5.731416863057e-01, 1.797693134862e+308, 3.1422e+00, 9.1288e-03, 
 2DIAGNOSTIC,    10, -5.730974346741e-01, 3.091081465137e-05, 3.1512e+00, 8.9760e-03, 
 2DIAGNOSTIC,    11, -5.730855623361e-01, 1.147931055402e-05, 3.1619e+00, 1.0736e-02, 
 2DIAGNOSTIC,    12, -5.730910347370e-01, 3.380037566419e-06, 3.1709e+00, 8.9929e-03, 
DIAGNOSTIC,Iteration,metricValue,convergenceValue,ITERATION_TIME_INDEX,SINCE_LAST
 2DIAGNOSTIC,     1, -5.311131000177e-01, 1.797693134862e+308, 4.6685e+00, 1.4976e+00, 
 2DIAGNOSTIC,     2, -5.314170169442e-01, 1.797693134862e+308, 4.7427e+00, 7.4187e-02, 
 2DIAGNOSTIC,     3, -5.317559934897e-01, 1.797693134862e+308, 4.8141e+00, 7.1397e-02, 
 2DIAGNOSTIC,     4, -5.319342435306e-01, 1.797693134862e+308, 4.8842e+00, 7.0083e-02, 
 2DIAGNOSTIC,     5, -5.320022947057e-01, 1.797693134862e+308, 4.9652e+00, 8.0951e-02, 
 2DIAGNOSTIC,     6, -5.321090279113e-01, 1.797693134862e+308, 5.0461e+00, 8.0956e-02, 
 2DIAGNOSTIC,     7, -5.320965955454e-01, 1.797693134862e+308, 5.1495e+00, 1.0343e-01, 
 2DIAGNOSTIC,     8, -5.320979065425e-01, 1.797693134862e+308, 5.2218e+00, 7.2272e-02, 
 2DIAGNOSTIC,     9, -5.321443375097e-01, 1.797693134862e+308, 5.2923e+00, 7.0449e-02, 
 2DIAGNOSTIC,    10, -5.321898970279e-01, 1.124903582775e-04, 5.3646e+00, 7.2312e-02, 
 2DIAGNOSTIC,    11, -5.322080913953e-01, 6.896363093513e-05, 5.4441e+00, 7.9543e-02, 
 2DIAGNOSTIC,    12, -5.322012639654e-01, 3.973735116097e-05, 5.5248e+00, 8.0725e-02, 
 2DIAGNOSTIC,    13, -5.322300148859e-01, 2.671028684194e-05, 5.6439e+00, 1.1905e-01, 
 2DIAGNOSTIC,    14, -5.322296831238e-01, 2.003804969135e-05, 5.7237e+00, 7.9804e-02, 
 2DIAGNOSTIC,    15, -5.322239035978e-01, 1.471098941433e-05, 5.7938e+00, 7.0107e-02, 
 2DIAGNOSTIC,    16, -5.322229863718e-01, 1.247234107728e-05, 5.9021e+00, 1.0827e-01, 
 2DIAGNOSTIC,    17, -5.322232950771e-01, 9.187386129365e-06, 5.9862e+00, 8.4095e-02, 
 2DIAGNOSTIC,    18, -5.322188735071e-01, 5.468064727183e-06, 6.0804e+00, 9.4199e-02, 
 2DIAGNOSTIC,    19, -5.322188872396e-01, 3.070560973102e-06, 6.1510e+00, 7.0610e-02, 
 2DIAGNOSTIC,    20, -5.322142331426e-01, 1.873543577807e-06, 6.2204e+00, 6.9403e-02, 
 2DIAGNOSTIC,    21, -5.322150093952e-01, 1.262922370675e-06, 6.3045e+00, 8.4155e-02, 
DIAGNOSTIC,Iteration,metricValue,convergenceValue,ITERATION_TIME_INDEX,SINCE_LAST
 2DIAGNOSTIC,     1, -4.802079940814e-01, 1.797693134862e+308, 9.0482e+00, 2.7436e+00, 
 2DIAGNOSTIC,     2, -4.805056157194e-01, 1.797693134862e+308, 9.5523e+00, 5.0414e-01, 
 2DIAGNOSTIC,     3, -4.807289841772e-01, 1.797693134862e+308, 1.0076e+01, 5.2393e-01, 
 2DIAGNOSTIC,     4, -4.808562793193e-01, 1.797693134862e+308, 1.0553e+01, 4.7662e-01, 
 2DIAGNOSTIC,     5, -4.808938779816e-01, 1.797693134862e+308, 1.1029e+01, 4.7592e-01, 
 2DIAGNOSTIC,     6, -4.809555216780e-01, 1.797693134862e+308, 1.1638e+01, 6.0879e-01, 
 2DIAGNOSTIC,     7, -4.810262330608e-01, 1.797693134862e+308, 1.2432e+01, 7.9424e-01, 
 2DIAGNOSTIC,     8, -4.810284058303e-01, 1.797693134862e+308, 1.3007e+01, 5.7531e-01, 
 2DIAGNOSTIC,     9, -4.810276288062e-01, 1.797693134862e+308, 1.3745e+01, 7.3800e-01, 
 2DIAGNOSTIC,    10, -4.810279370825e-01, 9.632056984435e-05, 1.4321e+01, 5.7604e-01, 
 2DIAGNOSTIC,    11, -4.810271258796e-01, 5.541471546840e-05, 1.4902e+01, 5.8057e-01, 
 2DIAGNOSTIC,    12, -4.810271355221e-01, 3.099964412674e-05, 1.5510e+01, 6.0800e-01, 
 2DIAGNOSTIC,    13, -4.810264434153e-01, 1.779269328499e-05, 1.6104e+01, 5.9438e-01, 
 2DIAGNOSTIC,    14, -4.810274187577e-01, 1.052927604538e-05, 1.6679e+01, 5.7536e-01, 
 2DIAGNOSTIC,    15, -4.810268248571e-01, 4.902778731983e-06, 1.7196e+01, 5.1648e-01, 
 2DIAGNOSTIC,    16, -4.810273285492e-01, 1.946956873208e-06, 1.7785e+01, 5.8878e-01, 
 2DIAGNOSTIC,    17, -4.810270410580e-01, 1.788689199443e-06, 1.8280e+01, 4.9571e-01, 
 2DIAGNOSTIC,    18, -4.810272125274e-01, 1.733471213426e-06, 1.8870e+01, 5.9006e-01, 
 2DIAGNOSTIC,    19, -4.810289770636e-01, 1.717004577989e-06, 1.9451e+01, 5.8074e-01, 
 2DIAGNOSTIC,    20, -4.810294351369e-01, 1.719806488304e-06, 1.9967e+01, 5.1584e-01, 
 2DIAGNOSTIC,    21, -4.810280543526e-01, 1.649011682918e-06, 2.0554e+01, 5.8673e-01, 
 2DIAGNOSTIC,    22, -4.810281179782e-01, 1.576747769301e-06, 2.1067e+01, 5.1309e-01, 
 2DIAGNOSTIC,    23, -4.810284183045e-01, 1.487295300424e-06, 2.1663e+01, 5.9581e-01, 
 2DIAGNOSTIC,    24, -4.810290219540e-01, 1.433343553452e-06, 2.2236e+01, 5.7292e-01, 
 2DIAGNOSTIC,    25, -4.810291237892e-01, 1.361092685705e-06, 2.2954e+01, 7.1824e-01, 
 2DIAGNOSTIC,    26, -4.810287602640e-01, 1.290848403071e-06, 2.3605e+01, 6.5076e-01, 
 2DIAGNOSTIC,    27, -4.810283616245e-01, 1.205519666710e-06, 2.4146e+01, 5.4170e-01, 
 2DIAGNOSTIC,    28, -4.810286209438e-01, 1.131410069112e-06, 2.4661e+01, 5.1487e-01, 
 2DIAGNOSTIC,    29, -4.810282957043e-01, 1.091003176044e-06, 2.5262e+01, 6.0112e-01, 
 2DIAGNOSTIC,    30, -4.810283407609e-01, 1.064729732138e-06, 2.5784e+01, 5.2124e-01, 
 2DIAGNOSTIC,    31, -4.810283466171e-01, 1.013881989892e-06, 2.6469e+01, 6.8584e-01, 
DIAGNOSTIC,Iteration,metricValue,convergenceValue,ITERATION_TIME_INDEX,SINCE_LAST
 2DIAGNOSTIC,     1, -4.459475493265e-01, 1.797693134862e+308, 3.7600e+01, 1.1131e+01, 
 2DIAGNOSTIC,     2, -4.459486548379e-01, 1.797693134862e+308, 4.3436e+01, 5.8353e+00, 
 2DIAGNOSTIC,     3, -4.459481707491e-01, 1.797693134862e+308, 4.7171e+01, 3.7353e+00, 
 2DIAGNOSTIC,     4, -4.459483730730e-01, 1.797693134862e+308, 5.0930e+01, 3.7587e+00, 
 2DIAGNOSTIC,     5, -4.459476970911e-01, 1.797693134862e+308, 5.6226e+01, 5.2960e+00, 
 2DIAGNOSTIC,     6, -4.459475113865e-01, 1.797693134862e+308, 5.9982e+01, 3.7558e+00, 
 2DIAGNOSTIC,     7, -4.459473659922e-01, 1.797693134862e+308, 6.3866e+01, 3.8849e+00, 
 2DIAGNOSTIC,     8, -4.459473165580e-01, 1.797693134862e+308, 6.8249e+01, 4.3822e+00, 
 2DIAGNOSTIC,     9, -4.459472931526e-01, 1.797693134862e+308, 7.1889e+01, 3.6398e+00, 
 2DIAGNOSTIC,    10, -4.459472823408e-01, 3.018028254365e-06, 7.5467e+01, 3.5782e+00, 
 2DIAGNOSTIC,    11, -4.459471933127e-01, 2.706546401970e-06, 7.9205e+01, 3.7385e+00, 
 2DIAGNOSTIC,    12, -4.459471452395e-01, 2.520316589052e-06, 8.2716e+01, 3.5109e+00, 
 2DIAGNOSTIC,    13, -4.459470971629e-01, 2.347677762762e-06, 8.6968e+01, 4.2523e+00, 
 2DIAGNOSTIC,    14, -4.459470932688e-01, 2.218419359795e-06, 9.0878e+01, 3.9091e+00, 
 2DIAGNOSTIC,    15, -4.459470428885e-01, 2.080527974180e-06, 9.4388e+01, 3.5104e+00, 
 2DIAGNOSTIC,    16, -4.459469168528e-01, 1.951356106200e-06, 9.7944e+01, 3.5555e+00, 
 2DIAGNOSTIC,    17, -4.459469751189e-01, 1.837694465642e-06, 1.0138e+02, 3.4366e+00, 
 2DIAGNOSTIC,    18, -4.459470400505e-01, 1.740164541582e-06, 1.0529e+02, 3.9109e+00, 
 2DIAGNOSTIC,    19, -4.459470454938e-01, 1.654660279481e-06, 1.0883e+02, 3.5437e+00, 
 2DIAGNOSTIC,    20, -4.459470462072e-01, 1.579331624944e-06, 1.1264e+02, 3.8026e+00, 
 2DIAGNOSTIC,    21, -4.459470504014e-01, 1.509761874234e-06, 1.1610e+02, 3.4642e+00, 
 2DIAGNOSTIC,    22, -4.459470689270e-01, 1.446119353987e-06, 1.1984e+02, 3.7356e+00, 
 2DIAGNOSTIC,    23, -4.459470762114e-01, 1.386739885277e-06, 1.2349e+02, 3.6555e+00, 
 2DIAGNOSTIC,    24, -4.459470712442e-01, 1.331742966057e-06, 1.2674e+02, 3.2451e+00, 
 2DIAGNOSTIC,    25, -4.459471038192e-01, 1.280246806047e-06, 1.3063e+02, 3.8934e+00, 
 2DIAGNOSTIC,    26, -4.459471080950e-01, 1.228944406372e-06, 1.3428e+02, 3.6518e+00, 
 2DIAGNOSTIC,    27, -4.459470988189e-01, 1.182035722615e-06, 1.3771e+02, 3.4244e+00, 
 2DIAGNOSTIC,    28, -4.459470801955e-01, 1.139178250793e-06, 1.4076e+02, 3.0520e+00, 
 2DIAGNOSTIC,    29, -4.459469543201e-01, 1.096352815325e-06, 1.4378e+02, 3.0237e+00, 
 2DIAGNOSTIC,    30, -4.459469374281e-01, 1.056151422006e-06, 1.4784e+02, 4.0607e+00, 
 2DIAGNOSTIC,    31, -4.459469342376e-01, 1.018918312397e-06, 1.5140e+02, 3.5520e+00, 
  Elapsed time (stage 0): 1.5908e+02


Stage 1
  iterations = 1000x1000x1000x1000x1000
  convergence threshold = 1.0000e-06
  convergence window size = 10
  number of levels = 5
  using the Mattes MI metric (number of bins = 32, weight = 1.0000e+00, use gradient filter = 0)
  preprocessing:  winsorizing the image intensities
  preprocessing:  histogram matching the images
  Shrink factors (level 1 out of 5): [8, 8, 8]
  Shrink factors (level 2 out of 5): [8, 8, 8]
  Shrink factors (level 3 out of 5): [4, 4, 4]
  Shrink factors (level 4 out of 5): [2, 2, 2]
  Shrink factors (level 5 out of 5): [1, 1, 1]
  smoothing sigmas per level: [4, 3, 2, 1, 0]
  regular sampling (percentage = 2.5000e-01)

*** Running AffineTransform registration ***

DIAGNOSTIC,Iteration,metricValue,convergenceValue,ITERATION_TIME_INDEX,SINCE_LAST
 2DIAGNOSTIC,     1, -6.013942931266e-01, 1.797693134862e+308, 1.4021e+00, 1.4021e+00, 
 2DIAGNOSTIC,     2, -6.029289717146e-01, 1.797693134862e+308, 1.4113e+00, 9.1691e-03, 
 2DIAGNOSTIC,     3, -6.050679145409e-01, 1.797693134862e+308, 1.4204e+00, 9.0871e-03, 
 2DIAGNOSTIC,     4, -6.086168374155e-01, 1.797693134862e+308, 1.4302e+00, 9.8181e-03, 
 2DIAGNOSTIC,     5, -6.140539705366e-01, 1.797693134862e+308, 1.4404e+00, 1.0158e-02, 
 2DIAGNOSTIC,     6, -6.224776835409e-01, 1.797693134862e+308, 1.4505e+00, 1.0138e-02, 
 2DIAGNOSTIC,     7, -6.316817477534e-01, 1.797693134862e+308, 1.4606e+00, 1.0141e-02, 
 2DIAGNOSTIC,     8, -6.408933779117e-01, 1.797693134862e+308, 1.4754e+00, 1.4786e-02, 
 2DIAGNOSTIC,     9, -6.460077224643e-01, 1.797693134862e+308, 1.4862e+00, 1.0776e-02, 
 2DIAGNOSTIC,    10, -6.490921072774e-01, 5.605197655503e-03, 1.4963e+00, 1.0103e-02, 
 2DIAGNOSTIC,    11, -6.520103135350e-01, 5.288544127613e-03, 1.5077e+00, 1.1372e-02, 
 2DIAGNOSTIC,    12, -6.552291326481e-01, 4.727694079618e-03, 1.5187e+00, 1.1046e-02, 
 2DIAGNOSTIC,    13, -6.606419709367e-01, 4.087010407866e-03, 1.5282e+00, 9.5079e-03, 
 2DIAGNOSTIC,    14, -6.809556305763e-01, 3.926115955091e-03, 1.5373e+00, 9.0539e-03, 
 2DIAGNOSTIC,    15, -6.987325010625e-01, 4.099134341439e-03, 1.5478e+00, 1.0495e-02, 
 2DIAGNOSTIC,    16, -7.089764849677e-01, 4.378640882289e-03, 1.5571e+00, 9.2800e-03, 
 2DIAGNOSTIC,    17, -7.325347967050e-01, 5.058548326371e-03, 1.5685e+00, 1.1409e-02, 
 2DIAGNOSTIC,    18, -7.545129138780e-01, 5.921440247107e-03, 1.5849e+00, 1.6472e-02, 
 2DIAGNOSTIC,    19, -7.571056402808e-01, 6.296041893828e-03, 1.5964e+00, 1.1456e-02, 
 2DIAGNOSTIC,    20, -7.663383230933e-01, 6.310920145468e-03, 1.6082e+00, 1.1787e-02, 
 2DIAGNOSTIC,    21, -7.704127356936e-01, 5.882429965691e-03, 1.6202e+00, 1.2005e-02, 
 2DIAGNOSTIC,    22, -7.724020869822e-01, 5.050296971702e-03, 1.6328e+00, 1.2595e-02, 
 2DIAGNOSTIC,    23, -7.729636820550e-01, 3.930217939356e-03, 1.6430e+00, 1.0191e-02, 
 2DIAGNOSTIC,    24, -7.736311693466e-01, 2.912146084208e-03, 1.6553e+00, 1.2333e-02, 
 2DIAGNOSTIC,    25, -7.739985031983e-01, 2.017766376261e-03, 1.6656e+00, 1.0252e-02, 
 2DIAGNOSTIC,    26, -7.748953761600e-01, 1.180980974425e-03, 1.6783e+00, 1.2728e-02, 
 2DIAGNOSTIC,    27, -7.757236465045e-01, 6.657450219395e-04, 1.6896e+00, 1.1316e-02, 
 2DIAGNOSTIC,    28, -7.763302985074e-01, 4.597784710135e-04, 1.7003e+00, 1.0693e-02, 
 2DIAGNOSTIC,    29, -7.764635164102e-01, 2.620388890968e-04, 1.7116e+00, 1.1323e-02, 
 2DIAGNOSTIC,    30, -7.765394811528e-01, 1.790503115689e-04, 1.7227e+00, 1.1073e-02, 
 2DIAGNOSTIC,    31, -7.766509544065e-01, 1.390927945117e-04, 1.7332e+00, 1.0494e-02, 
 2DIAGNOSTIC,    32, -7.768090186906e-01, 1.155996175956e-04, 1.7444e+00, 1.1239e-02, 
 2DIAGNOSTIC,    33, -7.768894274051e-01, 9.045728821422e-05, 1.7540e+00, 9.5470e-03, 
 2DIAGNOSTIC,    34, -7.769143209072e-01, 6.674410303378e-05, 1.7642e+00, 1.0227e-02, 
 2DIAGNOSTIC,    35, -7.769570106674e-01, 4.289904205913e-05, 1.7735e+00, 9.3529e-03, 
 2DIAGNOSTIC,    36, -7.770010675261e-01, 2.674480942637e-05, 1.7843e+00, 1.0704e-02, 
 2DIAGNOSTIC,    37, -7.770372753543e-01, 1.817635029395e-05, 1.7948e+00, 1.0542e-02, 
 2DIAGNOSTIC,    38, -7.770380901446e-01, 1.476363947911e-05, 1.8258e+00, 3.0979e-02, 
 2DIAGNOSTIC,    39, -7.770380884396e-01, 1.159356177050e-05, 1.8377e+00, 1.1930e-02, 
 2DIAGNOSTIC,    40, -7.770380928198e-01, 8.321143138781e-06, 1.8487e+00, 1.1028e-02, 
 2DIAGNOSTIC,    41, -7.770381002253e-01, 5.540798920952e-06, 1.8593e+00, 1.0537e-02, 
 2DIAGNOSTIC,    42, -7.770381127431e-01, 3.914782610394e-06, 1.8703e+00, 1.1073e-02, 
 2DIAGNOSTIC,    43, -7.770381338953e-01, 2.811829348522e-06, 1.8829e+00, 1.2528e-02, 
 2DIAGNOSTIC,    44, -7.770381696200e-01, 1.791107904808e-06, 1.8938e+00, 1.0917e-02, 
 2DIAGNOSTIC,    45, -7.770382299012e-01, 1.086474188904e-06, 1.9037e+00, 9.9039e-03, 
DIAGNOSTIC,Iteration,metricValue,convergenceValue,ITERATION_TIME_INDEX,SINCE_LAST
 2DIAGNOSTIC,     1, -7.348606149484e-01, 1.797693134862e+308, 3.2551e+00, 1.3514e+00, 
 2DIAGNOSTIC,     2, -7.351944136581e-01, 1.797693134862e+308, 3.2653e+00, 1.0171e-02, 
 2DIAGNOSTIC,     3, -7.354886982518e-01, 1.797693134862e+308, 3.2757e+00, 1.0431e-02, 
 2DIAGNOSTIC,     4, -7.356771446878e-01, 1.797693134862e+308, 3.2896e+00, 1.3926e-02, 
 2DIAGNOSTIC,     5, -7.358067317145e-01, 1.797693134862e+308, 3.3021e+00, 1.2472e-02, 
 2DIAGNOSTIC,     6, -7.358156799502e-01, 1.797693134862e+308, 3.3122e+00, 1.0118e-02, 
 2DIAGNOSTIC,     7, -7.358516641616e-01, 1.797693134862e+308, 3.3222e+00, 1.0028e-02, 
 2DIAGNOSTIC,     8, -7.358464433705e-01, 1.797693134862e+308, 3.3321e+00, 9.8710e-03, 
 2DIAGNOSTIC,     9, -7.358282980245e-01, 1.797693134862e+308, 3.3449e+00, 1.2762e-02, 
 2DIAGNOSTIC,    10, -7.358644636603e-01, 7.626895539624e-05, 3.3590e+00, 1.4081e-02, 
 2DIAGNOSTIC,    11, -7.358571453985e-01, 4.228546100479e-05, 3.3736e+00, 1.4609e-02, 
 2DIAGNOSTIC,    12, -7.358811131370e-01, 2.181406302937e-05, 3.3840e+00, 1.0474e-02, 
 2DIAGNOSTIC,    13, -7.358971318418e-01, 1.186941170594e-05, 3.3945e+00, 1.0457e-02, 
 2DIAGNOSTIC,    14, -7.359060720982e-01, 7.850580013791e-06, 3.4045e+00, 9.9881e-03, 
 2DIAGNOSTIC,    15, -7.359135276502e-01, 7.385447796882e-06, 3.4157e+00, 1.1210e-02, 
 2DIAGNOSTIC,    16, -7.359878367796e-01, 8.473441339571e-06, 3.4258e+00, 1.0146e-02, 
 2DIAGNOSTIC,    17, -7.360061670803e-01, 1.002953152915e-05, 3.4382e+00, 1.2322e-02, 
 2DIAGNOSTIC,    18, -7.360364116480e-01, 1.121608818232e-05, 3.4525e+00, 1.4320e-02, 
 2DIAGNOSTIC,    19, -7.360236410666e-01, 1.076540005016e-05, 3.4635e+00, 1.1039e-02, 
 2DIAGNOSTIC,    20, -7.360317987418e-01, 1.039713801248e-05, 3.4742e+00, 1.0639e-02, 
 2DIAGNOSTIC,    21, -7.360259160968e-01, 8.971518967192e-06, 3.4838e+00, 9.6290e-03, 
 2DIAGNOSTIC,    22, -7.360256529523e-01, 7.380196181343e-06, 3.4932e+00, 9.4550e-03, 
 2DIAGNOSTIC,    23, -7.360240020328e-01, 5.623208456831e-06, 3.5029e+00, 9.6118e-03, 
 2DIAGNOSTIC,    24, -7.360255391443e-01, 3.799958784224e-06, 3.5136e+00, 1.0700e-02, 
 2DIAGNOSTIC,    25, -7.360341789465e-01, 2.114953530349e-06, 3.5237e+00, 1.0115e-02, 
 2DIAGNOSTIC,    26, -7.360315847153e-01, 1.537483152576e-06, 3.5348e+00, 1.1170e-02, 
 2DIAGNOSTIC,    27, -7.360328882078e-01, 1.244778298243e-06, 3.5449e+00, 1.0103e-02, 
 2DIAGNOSTIC,    28, -7.360270562748e-01, 1.309879364253e-06, 3.5562e+00, 1.1214e-02, 
 2DIAGNOSTIC,    29, -7.360407349246e-01, 1.363238047919e-06, 3.5673e+00, 1.1186e-02, 
 2DIAGNOSTIC,    30, -7.360416925470e-01, 1.499523556242e-06, 3.5785e+00, 1.1146e-02, 
 2DIAGNOSTIC,    31, -7.360679497385e-01, 1.840053274124e-06, 3.5924e+00, 1.3882e-02, 
 2DIAGNOSTIC,    32, -7.360441238056e-01, 1.787849010275e-06, 3.6030e+00, 1.0645e-02, 
 2DIAGNOSTIC,    33, -7.360447846542e-01, 1.664507987845e-06, 3.6147e+00, 1.1655e-02, 
 2DIAGNOSTIC,    34, -7.360662822261e-01, 1.739623475109e-06, 3.6266e+00, 1.1952e-02, 
 2DIAGNOSTIC,    35, -7.360655354278e-01, 1.808288656025e-06, 3.6373e+00, 1.0687e-02, 
 2DIAGNOSTIC,    36, -7.360681418354e-01, 1.788287306181e-06, 3.6487e+00, 1.1400e-02, 
 2DIAGNOSTIC,    37, -7.360714915790e-01, 1.741408640607e-06, 3.6625e+00, 1.3818e-02, 
 2DIAGNOSTIC,    38, -7.360727310825e-01, 1.566048281155e-06, 3.6749e+00, 1.2356e-02, 
 2DIAGNOSTIC,    39, -7.360729949612e-01, 1.464191101433e-06, 3.6849e+00, 1.0026e-02, 
 2DIAGNOSTIC,    40, -7.360752601171e-01, 1.326611192964e-06, 3.6963e+00, 1.1388e-02, 
 2DIAGNOSTIC,    41, -7.360792652233e-01, 1.439022344403e-06, 3.7070e+00, 1.0681e-02, 
 2DIAGNOSTIC,    42, -7.360647912157e-01, 1.131287911470e-06, 3.7188e+00, 1.1853e-02, 
DIAGNOSTIC,Iteration,metricValue,convergenceValue,ITERATION_TIME_INDEX,SINCE_LAST
 2DIAGNOSTIC,     1, -6.745335608753e-01, 1.797693134862e+308, 5.2333e+00, 1.5145e+00, 
 2DIAGNOSTIC,     2, -6.748711849190e-01, 1.797693134862e+308, 5.3102e+00, 7.6942e-02, 
 2DIAGNOSTIC,     3, -6.751079362197e-01, 1.797693134862e+308, 5.3874e+00, 7.7116e-02, 
 2DIAGNOSTIC,     4, -6.752283038963e-01, 1.797693134862e+308, 5.4628e+00, 7.5429e-02, 
 2DIAGNOSTIC,     5, -6.753035730881e-01, 1.797693134862e+308, 5.6150e+00, 1.5222e-01, 
 2DIAGNOSTIC,     6, -6.753063576873e-01, 1.797693134862e+308, 5.6909e+00, 7.5920e-02, 
 2DIAGNOSTIC,     7, -6.753071813774e-01, 1.797693134862e+308, 5.7783e+00, 8.7421e-02, 
 2DIAGNOSTIC,     8, -6.753106036579e-01, 1.797693134862e+308, 5.8652e+00, 8.6900e-02, 
 2DIAGNOSTIC,     9, -6.753077861562e-01, 1.797693134862e+308, 5.9418e+00, 7.6602e-02, 
 2DIAGNOSTIC,    10, -6.753086086203e-01, 5.942215940070e-05, 6.0269e+00, 8.5052e-02, 
 2DIAGNOSTIC,    11, -6.753098461797e-01, 2.865375403849e-05, 6.1184e+00, 9.1494e-02, 
 2DIAGNOSTIC,    12, -6.753091186984e-01, 1.237424658335e-05, 6.2098e+00, 9.1360e-02, 
 2DIAGNOSTIC,    13, -6.753104924184e-01, 5.351211712426e-06, 6.2885e+00, 7.8708e-02, 
 2DIAGNOSTIC,    14, -6.753104778621e-01, 2.623057124340e-06, 6.3748e+00, 8.6346e-02, 
 2DIAGNOSTIC,    15, -6.753113269654e-01, 2.362223549282e-06, 6.4693e+00, 9.4476e-02, 
 2DIAGNOSTIC,    16, -6.753094585897e-01, 2.134625039993e-06, 6.5466e+00, 7.7279e-02, 
 2DIAGNOSTIC,    17, -6.753075975083e-01, 1.893352791334e-06, 6.6237e+00, 7.7126e-02, 
 2DIAGNOSTIC,    18, -6.753087171770e-01, 1.786232025257e-06, 6.7027e+00, 7.9024e-02, 
 2DIAGNOSTIC,    19, -6.753102544114e-01, 1.657767889428e-06, 6.8032e+00, 1.0054e-01, 
 2DIAGNOSTIC,    20, -6.753111474257e-01, 1.577907515954e-06, 6.8882e+00, 8.4964e-02, 
 2DIAGNOSTIC,    21, -6.753103899302e-01, 1.518144285249e-06, 6.9618e+00, 7.3565e-02, 
 2DIAGNOSTIC,    22, -6.753095694346e-01, 1.435160175645e-06, 7.0351e+00, 7.3364e-02, 
 2DIAGNOSTIC,    23, -6.753108123344e-01, 1.408137709998e-06, 7.1204e+00, 8.5290e-02, 
 2DIAGNOSTIC,    24, -6.753100985847e-01, 1.365300212559e-06, 7.2008e+00, 8.0398e-02, 
 2DIAGNOSTIC,    25, -6.753148036680e-01, 1.416561592901e-06, 7.2759e+00, 7.5058e-02, 
 2DIAGNOSTIC,    26, -6.753167797365e-01, 1.451774944254e-06, 7.3714e+00, 9.5493e-02, 
 2DIAGNOSTIC,    27, -6.753191149959e-01, 1.470298303642e-06, 7.4456e+00, 7.4201e-02, 
 2DIAGNOSTIC,    28, -6.753189725621e-01, 1.474233894926e-06, 7.5452e+00, 9.9598e-02, 
 2DIAGNOSTIC,    29, -6.753293087894e-01, 1.618374455246e-06, 7.6413e+00, 9.6138e-02, 
 2DIAGNOSTIC,    30, -6.753298712659e-01, 1.719659274223e-06, 7.7286e+00, 8.7286e-02, 
 2DIAGNOSTIC,    31, -6.753310697796e-01, 1.758986647796e-06, 7.8257e+00, 9.7052e-02, 
 2DIAGNOSTIC,    32, -6.753268684698e-01, 1.662045793480e-06, 8.0904e+00, 2.6473e-01, 
 2DIAGNOSTIC,    33, -6.753268684542e-01, 1.526133183105e-06, 8.1647e+00, 7.4340e-02, 
 2DIAGNOSTIC,    34, -6.753268684722e-01, 1.332549330935e-06, 8.2399e+00, 7.5197e-02, 
 2DIAGNOSTIC,    35, -6.753268685026e-01, 1.167066394869e-06, 8.3151e+00, 7.5164e-02, 
 2DIAGNOSTIC,    36, -6.753268685571e-01, 1.010424681976e-06, 8.3907e+00, 7.5615e-02, 
DIAGNOSTIC,Iteration,metricValue,convergenceValue,ITERATION_TIME_INDEX,SINCE_LAST
 2DIAGNOSTIC,     1, -6.046517900977e-01, 1.797693134862e+308, 1.1156e+01, 2.7656e+00, 
 2DIAGNOSTIC,     2, -6.050849136147e-01, 1.797693134862e+308, 1.1730e+01, 5.7393e-01, 
 2DIAGNOSTIC,     3, -6.054422963095e-01, 1.797693134862e+308, 1.2284e+01, 5.5377e-01, 
 2DIAGNOSTIC,     4, -6.056609923301e-01, 1.797693134862e+308, 1.2836e+01, 5.5181e-01, 
 2DIAGNOSTIC,     5, -6.057371289926e-01, 1.797693134862e+308, 1.3392e+01, 5.5599e-01, 
 2DIAGNOSTIC,     6, -6.057847789673e-01, 1.797693134862e+308, 1.4101e+01, 7.0885e-01, 
 2DIAGNOSTIC,     7, -6.058139377132e-01, 1.797693134862e+308, 1.4917e+01, 8.1612e-01, 
 2DIAGNOSTIC,     8, -6.058154524986e-01, 1.797693134862e+308, 1.5535e+01, 6.1838e-01, 
 2DIAGNOSTIC,     9, -6.058168340251e-01, 1.797693134862e+308, 1.6537e+01, 1.0023e+00, 
 2DIAGNOSTIC,    10, -6.058178986135e-01, 1.039370064209e-04, 1.7280e+01, 7.4253e-01, 
 2DIAGNOSTIC,    11, -6.058179070136e-01, 5.459874153528e-05, 1.8030e+01, 7.5028e-01, 
 2DIAGNOSTIC,    12, -6.058177702319e-01, 2.550955270804e-05, 1.8796e+01, 7.6615e-01, 
 2DIAGNOSTIC,    13, -6.058176802120e-01, 1.156167215897e-05, 1.9424e+01, 6.2769e-01, 
 2DIAGNOSTIC,    14, -6.058176770574e-01, 6.070624367735e-06, 2.0118e+01, 6.9433e-01, 
 2DIAGNOSTIC,    15, -6.058175218008e-01, 3.310442377363e-06, 2.0773e+01, 6.5468e-01, 
 2DIAGNOSTIC,    16, -6.058176645269e-01, 2.164670966032e-06, 2.1383e+01, 6.0953e-01, 
 2DIAGNOSTIC,    17, -6.058174431253e-01, 1.935929786659e-06, 2.2154e+01, 7.7184e-01, 
 2DIAGNOSTIC,    18, -6.058174957733e-01, 1.767034810786e-06, 2.2841e+01, 6.8687e-01, 
 2DIAGNOSTIC,    19, -6.058171760509e-01, 1.641372872056e-06, 2.3434e+01, 5.9307e-01, 
 2DIAGNOSTIC,    20, -6.058170986189e-01, 1.554640665258e-06, 2.4244e+01, 8.0917e-01, 
 2DIAGNOSTIC,    21, -6.058171178893e-01, 1.480182626475e-06, 2.4932e+01, 6.8891e-01, 
 2DIAGNOSTIC,    22, -6.058169548721e-01, 1.409278660727e-06, 2.5534e+01, 6.0143e-01, 
 2DIAGNOSTIC,    23, -6.058169760874e-01, 1.346699030617e-06, 2.6122e+01, 5.8851e-01, 
 2DIAGNOSTIC,    24, -6.058169787950e-01, 1.292869982669e-06, 2.6727e+01, 6.0426e-01, 
 2DIAGNOSTIC,    25, -6.058170990050e-01, 1.245656094037e-06, 2.7334e+01, 6.0771e-01, 
 2DIAGNOSTIC,    26, -6.058173053237e-01, 1.210895839474e-06, 2.8054e+01, 7.1967e-01, 
 2DIAGNOSTIC,    27, -6.058174683972e-01, 1.178752296209e-06, 2.8758e+01, 7.0444e-01, 
 2DIAGNOSTIC,    28, -6.058178061923e-01, 1.155551353375e-06, 2.9497e+01, 7.3851e-01, 
 2DIAGNOSTIC,    29, -6.058205582865e-01, 1.171396377099e-06, 3.0155e+01, 6.5842e-01, 
 2DIAGNOSTIC,    30, -6.058209896762e-01, 1.183487573941e-06, 3.0888e+01, 7.3273e-01, 
 2DIAGNOSTIC,    31, -6.058210675386e-01, 1.185029933806e-06, 3.1578e+01, 6.8977e-01, 
 2DIAGNOSTIC,    32, -6.058215197338e-01, 1.176323033987e-06, 3.2312e+01, 7.3432e-01, 
 2DIAGNOSTIC,    33, -6.058225238913e-01, 1.165206753681e-06, 3.2951e+01, 6.3915e-01, 
 2DIAGNOSTIC,    34, -6.058225151692e-01, 1.134605013352e-06, 3.3565e+01, 6.1326e-01, 
 2DIAGNOSTIC,    35, -6.058234295694e-01, 1.100766746066e-06, 3.4117e+01, 5.5208e-01, 
 2DIAGNOSTIC,    36, -6.058259291022e-01, 1.086221056931e-06, 3.4756e+01, 6.3911e-01, 
 2DIAGNOSTIC,    37, -6.058267965602e-01, 1.065727137307e-06, 3.5368e+01, 6.1246e-01, 
 2DIAGNOSTIC,    38, -6.058268957314e-01, 1.031222873312e-06, 3.6053e+01, 6.8490e-01, 
 2DIAGNOSTIC,    39, -6.058273904780e-01, 1.019505322972e-06, 3.6669e+01, 6.1567e-01, 
DIAGNOSTIC,Iteration,metricValue,convergenceValue,ITERATION_TIME_INDEX,SINCE_LAST
 2DIAGNOSTIC,     1, -5.591958542448e-01, 1.797693134862e+308, 4.6471e+01, 9.8018e+00, 
 2DIAGNOSTIC,     2, -5.592059181516e-01, 1.797693134862e+308, 5.0305e+01, 3.8349e+00, 
 2DIAGNOSTIC,     3, -5.592115544940e-01, 1.797693134862e+308, 5.3773e+01, 3.4673e+00, 
 2DIAGNOSTIC,     4, -5.592355904576e-01, 1.797693134862e+308, 5.7581e+01, 3.8081e+00, 
 2DIAGNOSTIC,     5, -5.592892469261e-01, 1.797693134862e+308, 6.1880e+01, 4.2986e+00, 
 2DIAGNOSTIC,     6, -5.593374060162e-01, 1.797693134862e+308, 6.8741e+01, 6.8611e+00, 
 2DIAGNOSTIC,     7, -5.593395317059e-01, 1.797693134862e+308, 7.2607e+01, 3.8664e+00, 
 2DIAGNOSTIC,     8, -5.593462594239e-01, 1.797693134862e+308, 7.6465e+01, 3.8575e+00, 
 2DIAGNOSTIC,     9, -5.593558135469e-01, 1.797693134862e+308, 7.9908e+01, 3.4429e+00, 
 2DIAGNOSTIC,    10, -5.593640905826e-01, 2.606093847438e-05, 8.3370e+01, 3.4627e+00, 
 2DIAGNOSTIC,    11, -5.593696850399e-01, 2.175851156827e-05, 8.7834e+01, 4.4642e+00, 
 2DIAGNOSTIC,    12, -5.593706630255e-01, 1.698547381751e-05, 9.3181e+01, 5.3463e+00, 
 2DIAGNOSTIC,    13, -5.593704146599e-01, 1.189289920184e-05, 1.0042e+02, 7.2353e+00, 
 2DIAGNOSTIC,    14, -5.593704168125e-01, 7.505042899161e-06, 1.0441e+02, 3.9900e+00, 
 2DIAGNOSTIC,    15, -5.593704180521e-01, 4.993862600000e-06, 1.0832e+02, 3.9122e+00, 
 2DIAGNOSTIC,    16, -5.593704011973e-01, 4.063437989671e-06, 1.1227e+02, 3.9556e+00, 
 2DIAGNOSTIC,    17, -5.593703813259e-01, 3.115022716389e-06, 1.1619e+02, 3.9141e+00, 
 2DIAGNOSTIC,    18, -5.593703670218e-01, 2.344302494524e-06, 1.2013e+02, 3.9430e+00, 
 2DIAGNOSTIC,    19, -5.593703274607e-01, 1.851611194148e-06, 1.2420e+02, 4.0715e+00, 
 2DIAGNOSTIC,    20, -5.593702816642e-01, 1.596982682144e-06, 1.2827e+02, 4.0654e+00, 
 2DIAGNOSTIC,    21, -5.593702697459e-01, 1.500363304957e-06, 1.3239e+02, 4.1185e+00, 
 2DIAGNOSTIC,    22, -5.593702585318e-01, 1.436367396052e-06, 1.3603e+02, 3.6453e+00, 
 2DIAGNOSTIC,    23, -5.593702962816e-01, 1.374175706746e-06, 1.4059e+02, 4.5598e+00, 
 2DIAGNOSTIC,    24, -5.593702823694e-01, 1.317734410505e-06, 1.4489e+02, 4.2968e+00, 
 2DIAGNOSTIC,    25, -5.593702526364e-01, 1.265991738518e-06, 1.4898e+02, 4.0944e+00, 
 2DIAGNOSTIC,    26, -5.593702008308e-01, 1.217525804870e-06, 1.5463e+02, 5.6451e+00, 
 2DIAGNOSTIC,    27, -5.593702075950e-01, 1.172972065457e-06, 1.5914e+02, 4.5091e+00, 
 2DIAGNOSTIC,    28, -5.593702124004e-01, 1.131896082772e-06, 1.6425e+02, 5.1159e+00, 
 2DIAGNOSTIC,    29, -5.593701858488e-01, 1.092899500892e-06, 1.6903e+02, 4.7808e+00, 
 2DIAGNOSTIC,    30, -5.593701849190e-01, 1.056136652550e-06, 1.7311e+02, 4.0768e+00, 
 2DIAGNOSTIC,    31, -5.593701819004e-01, 1.021924025159e-06, 1.7712e+02, 4.0057e+00, 
  Elapsed time (stage 1): 1.8456e+02


Total elapsed time: 3.4366e+02
ALL Done
