
Running for 3-dimensional images.

*********10*********20*********30*********40*********50*********60*********70*********80*********90*********

   AdaptiveNonLocalMeansDenoisingImageFilter (0x2289370)
     RTTI typeinfo:   itk::AdaptiveNonLocalMeansDenoisingImageFilter<itk::Image<float, 3u>, itk::Image<float, 3u>, itk::Image<unsigned char, 3u> >
     Reference Count: 1
     Modified Time: 392
     Debug: Off
     Object Name: 
     Observers: 
       ProgressEvent(Command)
     Inputs: 
       Primary: (0x22882f0) *
       _1: (0)
     Indexed Inputs: 
       0: Primary (0x22882f0)
       1: _1 (0)
     Required Input Names: Primary
     NumberOfRequiredInputs: 1
     Outputs: 
       Primary: (0x2287da0)
     Indexed Outputs: 
       0: Primary (0x2287da0)
     NumberOfRequiredOutputs: 1
     Number Of Work Units: 56
     ReleaseDataFlag: Off
     ReleaseDataBeforeUpdateFlag: Off
     AbortGenerateData: Off
     Progress: 1
     Multithreader: 
       RTTI typeinfo:   itk::PoolMultiThreader
       Reference Count: 1
       Modified Time: 352
       Debug: Off
       Object Name: 
       Observers: 
         none
       Number of Work Units: 52
       Number of Threads: 14
       Global Maximum Number Of Threads: 128
       Global Default Number Of Threads: 14
       Global Default Threader Type: itk::MultiThreaderBaseEnums::Threader::Pool
       SingleMethod: 1
       SingleData: 0x7ffef818ad58
     DynamicMultiThreading: Off
     CoordinateTolerance: 1e-06
     DirectionTolerance: 1e-06
Using mean squares to measure the patch similarity.
     Neighborhood search radius = [2, 2, 2]
     Neighborhood patch radius = [1, 1, 1]
     Using Rician noise model.
     Epsilon = 1e-05
     Mean threshold = 0.95
     Variance threshold = 0.5
     Smoothing variance = 2
     Neighborhood radius for local mean and variance = [1, 1, 1]
Elapsed time: 271.301
All_Command_lines_OK
Using double precision for computations.
=============================================================================
The composite transform comprises the following transforms (in order): 
  1. Center of mass alignment using fixed image: /Dedicated/jmichaelson-wdata/msmuhammad/projects/RPOE/3dprint/data/derivatives/pre-freesurfer/../../temp/MNI152_T1_0.5mm.nii.gz and moving image: /Dedicated/jmichaelson-wdata/msmuhammad/projects/RPOE/3dprint/data/derivatives/pre-freesurfer/2E_038/2E_038/2E_038_reorient_RPI_denoise.nii.gz (type = Euler3DTransform)
=============================================================================
  number of levels = 5
  number of levels = 5
  fixed image: /Dedicated/jmichaelson-wdata/msmuhammad/projects/RPOE/3dprint/data/derivatives/pre-freesurfer/../../temp/MNI152_T1_0.5mm.nii.gz
  moving image: /Dedicated/jmichaelson-wdata/msmuhammad/projects/RPOE/3dprint/data/derivatives/pre-freesurfer/2E_038/2E_038/2E_038_reorient_RPI_denoise.nii.gz
  fixed image: /Dedicated/jmichaelson-wdata/msmuhammad/projects/RPOE/3dprint/data/derivatives/pre-freesurfer/../../temp/MNI152_T1_0.5mm.nii.gz
  moving image: /Dedicated/jmichaelson-wdata/msmuhammad/projects/RPOE/3dprint/data/derivatives/pre-freesurfer/2E_038/2E_038/2E_038_reorient_RPI_denoise.nii.gz
Dimension = 3
Number of stages = 2
Use histogram matching = true
Winsorize image intensities = true
  Lower quantile = 0.005
  Upper quantile = 0.995


Stage 1 State
   Image metric = Mattes
     Fixed image = Image (0x4eb5f10)
  RTTI typeinfo:   itk::Image<double, 3u>
  Reference Count: 2
  Modified Time: 1694
  Debug: Off
  Object Name: 
  Observers: 
    none
  Source: (none)
  Source output name: (none)
  Release Data: Off
  Data Released: False
  Global Release Data: Off
  PipelineMTime: 0
  UpdateMTime: 1477
  RealTimeStamp: 0 seconds 
  LargestPossibleRegion: 
    Dimension: 3
    Index: [0, 0, 0]
    Size: [364, 436, 364]
  BufferedRegion: 
    Dimension: 3
    Index: [0, 0, 0]
    Size: [364, 436, 364]
  RequestedRegion: 
    Dimension: 3
    Index: [0, 0, 0]
    Size: [364, 436, 364]
  Spacing: [0.5, 0.5, 0.5]
  Origin: [-90, 126, -72]
  Direction: 
1 0 0
0 -1 0
0 0 1

  IndexToPointMatrix: 
0.5 0 0
0 -0.5 0
0 0 0.5

  PointToIndexMatrix: 
2 0 0
0 -2 0
0 0 2

  Inverse Direction: 
1 0 0
0 -1 0
0 0 1

  PixelContainer: 
    ImportImageContainer (0x4ea29d0)
      RTTI typeinfo:   itk::ImportImageContainer<unsigned long, double>
      Reference Count: 1
      Modified Time: 1474
      Debug: Off
      Object Name: 
      Observers: 
        none
      Pointer: 0x2b0b9fbec010
      Container manages memory: true
      Size: 57768256
      Capacity: 57768256

     Moving image = Image (0x4eb5af0)
  RTTI typeinfo:   itk::Image<double, 3u>
  Reference Count: 2
  Modified Time: 1695
  Debug: Off
  Object Name: 
  Observers: 
    none
  Source: (none)
  Source output name: (none)
  Release Data: Off
  Data Released: False
  Global Release Data: Off
  PipelineMTime: 0
  UpdateMTime: 1692
  RealTimeStamp: 0 seconds 
  LargestPossibleRegion: 
    Dimension: 3
    Index: [0, 0, 0]
    Size: [280, 512, 512]
  BufferedRegion: 
    Dimension: 3
    Index: [0, 0, 0]
    Size: [280, 512, 512]
  RequestedRegion: 
    Dimension: 3
    Index: [0, 0, 0]
    Size: [280, 512, 512]
  Spacing: [0.599998, 0.4688, 0.4688]
  Origin: [-89.3246, 82.9162, -118.541]
  Direction: 
1 0 0
0 -1 0
0 0 1

  IndexToPointMatrix: 
0.599998 0 0
0 -0.4688 0
0 0 0.4688

  PointToIndexMatrix: 
1.66667 0 0
0 -2.13311 0
0 0 2.13311

  Inverse Direction: 
1 0 0
0 -1 0
0 0 1

  PixelContainer: 
    ImportImageContainer (0x4eb9190)
      RTTI typeinfo:   itk::ImportImageContainer<unsigned long, double>
      Reference Count: 1
      Modified Time: 1689
      Debug: Off
      Object Name: 
      Observers: 
        none
      Pointer: 0x2b0bbb4a9010
      Container manages memory: true
      Size: 73400320
      Capacity: 73400320

     Weighting = 1
     Sampling strategy = regular
     Number of bins = 32
     Radius = 4
     Sampling percentage  = 0.25
   Transform = Rigid
     Gradient step = 0.1
     Update field sigma (voxel space) = 0
     Total field sigma (voxel space) = 0
     Update field time sigma = 0
     Total field time sigma  = 0
     Number of time indices = 0
     Number of time point samples = 0
Stage 2 State
   Image metric = Mattes
     Fixed image = Image (0x4ec54a0)
  RTTI typeinfo:   itk::Image<double, 3u>
  Reference Count: 2
  Modified Time: 2126
  Debug: Off
  Object Name: 
  Observers: 
    none
  Source: (none)
  Source output name: (none)
  Release Data: Off
  Data Released: False
  Global Release Data: Off
  PipelineMTime: 0
  UpdateMTime: 1909
  RealTimeStamp: 0 seconds 
  LargestPossibleRegion: 
    Dimension: 3
    Index: [0, 0, 0]
    Size: [364, 436, 364]
  BufferedRegion: 
    Dimension: 3
    Index: [0, 0, 0]
    Size: [364, 436, 364]
  RequestedRegion: 
    Dimension: 3
    Index: [0, 0, 0]
    Size: [364, 436, 364]
  Spacing: [0.5, 0.5, 0.5]
  Origin: [-90, 126, -72]
  Direction: 
1 0 0
0 -1 0
0 0 1

  IndexToPointMatrix: 
0.5 0 0
0 -0.5 0
0 0 0.5

  PointToIndexMatrix: 
2 0 0
0 -2 0
0 0 2

  Inverse Direction: 
1 0 0
0 -1 0
0 0 1

  PixelContainer: 
    ImportImageContainer (0x4ec5760)
      RTTI typeinfo:   itk::ImportImageContainer<unsigned long, double>
      Reference Count: 1
      Modified Time: 1906
      Debug: Off
      Object Name: 
      Observers: 
        none
      Pointer: 0x2b0bde4aa010
      Container manages memory: true
      Size: 57768256
      Capacity: 57768256

     Moving image = Image (0x4eaf5b0)
  RTTI typeinfo:   itk::Image<double, 3u>
  Reference Count: 2
  Modified Time: 2127
  Debug: Off
  Object Name: 
  Observers: 
    none
  Source: (none)
  Source output name: (none)
  Release Data: Off
  Data Released: False
  Global Release Data: Off
  PipelineMTime: 0
  UpdateMTime: 2124
  RealTimeStamp: 0 seconds 
  LargestPossibleRegion: 
    Dimension: 3
    Index: [0, 0, 0]
    Size: [280, 512, 512]
  BufferedRegion: 
    Dimension: 3
    Index: [0, 0, 0]
    Size: [280, 512, 512]
  RequestedRegion: 
    Dimension: 3
    Index: [0, 0, 0]
    Size: [280, 512, 512]
  Spacing: [0.599998, 0.4688, 0.4688]
  Origin: [-89.3246, 82.9162, -118.541]
  Direction: 
1 0 0
0 -1 0
0 0 1

  IndexToPointMatrix: 
0.599998 0 0
0 -0.4688 0
0 0 0.4688

  PointToIndexMatrix: 
1.66667 0 0
0 -2.13311 0
0 0 2.13311

  Inverse Direction: 
1 0 0
0 -1 0
0 0 1

  PixelContainer: 
    ImportImageContainer (0x4eb4c90)
      RTTI typeinfo:   itk::ImportImageContainer<unsigned long, double>
      Reference Count: 1
      Modified Time: 2121
      Debug: Off
      Object Name: 
      Observers: 
        none
      Pointer: 0x2b0bf9d67010
      Container manages memory: true
      Size: 73400320
      Capacity: 73400320

     Weighting = 1
     Sampling strategy = regular
     Number of bins = 32
     Radius = 4
     Sampling percentage  = 0.25
   Transform = Affine
     Gradient step = 0.1
     Update field sigma (voxel space) = 0
     Total field sigma (voxel space) = 0
     Update field time sigma = 0
     Total field time sigma  = 0
     Number of time indices = 0
     Number of time point samples = 0
Registration using 2 total stages.

Stage 0
  iterations = 2000x2000x2000x2000x2000
  convergence threshold = 1e-06
  convergence window size = 10
  number of levels = 5
  using the Mattes MI metric (number of bins = 32, weight = 1, use gradient filter = 0)
  preprocessing:  winsorizing the image intensities
  preprocessing:  histogram matching the images
  Shrink factors (level 1 out of 5): [8, 8, 8]
  Shrink factors (level 2 out of 5): [8, 8, 8]
  Shrink factors (level 3 out of 5): [4, 4, 4]
  Shrink factors (level 4 out of 5): [2, 2, 2]
  Shrink factors (level 5 out of 5): [1, 1, 1]
  smoothing sigmas per level: [4, 3, 2, 1, 0]
  regular sampling (percentage = 0.25)

*** Running Euler3DTransform registration ***

DIAGNOSTIC,Iteration,metricValue,convergenceValue,ITERATION_TIME_INDEX,SINCE_LAST
 2DIAGNOSTIC,     1, -5.203478840535e-01, 1.797693134862e+308, 1.4222e+00, 1.4222e+00, 
 2DIAGNOSTIC,     2, -5.220975205593e-01, 1.797693134862e+308, 1.4339e+00, 1.1666e-02, 
 2DIAGNOSTIC,     3, -5.248441391204e-01, 1.797693134862e+308, 1.4448e+00, 1.0840e-02, 
 2DIAGNOSTIC,     4, -5.293327570948e-01, 1.797693134862e+308, 1.4558e+00, 1.1082e-02, 
 2DIAGNOSTIC,     5, -5.363706866749e-01, 1.797693134862e+308, 1.4672e+00, 1.1394e-02, 
 2DIAGNOSTIC,     6, -5.457181521025e-01, 1.797693134862e+308, 1.4787e+00, 1.1438e-02, 
 2DIAGNOSTIC,     7, -5.574665149658e-01, 1.797693134862e+308, 1.4902e+00, 1.1578e-02, 
 2DIAGNOSTIC,     8, -5.703016692374e-01, 1.797693134862e+308, 1.5020e+00, 1.1708e-02, 
 2DIAGNOSTIC,     9, -5.755942186742e-01, 1.797693134862e+308, 1.5130e+00, 1.1025e-02, 
 2DIAGNOSTIC,    10, -5.756894760608e-01, 7.745207533009e-03, 1.5305e+00, 1.7551e-02, 
 2DIAGNOSTIC,    11, -5.757923623662e-01, 6.992178317260e-03, 1.5433e+00, 1.2787e-02, 
 2DIAGNOSTIC,    12, -5.757465088639e-01, 5.814969056055e-03, 1.5541e+00, 1.0762e-02, 
 2DIAGNOSTIC,    13, -5.757336523744e-01, 4.404960473104e-03, 1.5655e+00, 1.1448e-02, 
 2DIAGNOSTIC,    14, -5.757339535707e-01, 2.968627247192e-03, 1.5751e+00, 9.6231e-03, 
 2DIAGNOSTIC,    15, -5.756885000805e-01, 1.701025904907e-03, 1.5845e+00, 9.3422e-03, 
 2DIAGNOSTIC,    16, -5.756720418291e-01, 7.362373279238e-04, 1.5921e+00, 7.6082e-03, 
 2DIAGNOSTIC,    17, -5.756792762973e-01, 1.641538654361e-04, 1.5999e+00, 7.7620e-03, 
 2DIAGNOSTIC,    18, -5.756909869481e-01, 1.151402402734e-06, 1.6076e+00, 7.7541e-03, 
DIAGNOSTIC,Iteration,metricValue,convergenceValue,ITERATION_TIME_INDEX,SINCE_LAST
 2DIAGNOSTIC,     1, -5.397490402477e-01, 1.797693134862e+308, 2.9245e+00, 1.3169e+00, 
 2DIAGNOSTIC,     2, -5.400073710913e-01, 1.797693134862e+308, 2.9370e+00, 1.2520e-02, 
 2DIAGNOSTIC,     3, -5.401568586294e-01, 1.797693134862e+308, 2.9524e+00, 1.5402e-02, 
 2DIAGNOSTIC,     4, -5.401606358841e-01, 1.797693134862e+308, 2.9666e+00, 1.4157e-02, 
 2DIAGNOSTIC,     5, -5.401273962184e-01, 1.797693134862e+308, 2.9797e+00, 1.3179e-02, 
 2DIAGNOSTIC,     6, -5.400805609224e-01, 1.797693134862e+308, 2.9935e+00, 1.3778e-02, 
 2DIAGNOSTIC,     7, -5.400381321099e-01, 1.797693134862e+308, 3.0068e+00, 1.3305e-02, 
 2DIAGNOSTIC,     8, -5.400277398799e-01, 1.797693134862e+308, 3.0197e+00, 1.2910e-02, 
 2DIAGNOSTIC,     9, -5.400408388289e-01, 1.797693134862e+308, 3.0325e+00, 1.2721e-02, 
 2DIAGNOSTIC,    10, -5.400294223716e-01, 1.128702567371e-05, 3.0466e+00, 1.4092e-02, 
DIAGNOSTIC,Iteration,metricValue,convergenceValue,ITERATION_TIME_INDEX,SINCE_LAST
 2DIAGNOSTIC,     1, -5.157980399336e-01, 1.797693134862e+308, 4.5381e+00, 1.4915e+00, 
 2DIAGNOSTIC,     2, -5.159663713183e-01, 1.797693134862e+308, 4.6142e+00, 7.6082e-02, 
 2DIAGNOSTIC,     3, -5.160866250600e-01, 1.797693134862e+308, 4.6841e+00, 6.9939e-02, 
 2DIAGNOSTIC,     4, -5.163670545579e-01, 1.797693134862e+308, 4.7487e+00, 6.4575e-02, 
 2DIAGNOSTIC,     5, -5.167100446446e-01, 1.797693134862e+308, 4.8282e+00, 7.9556e-02, 
 2DIAGNOSTIC,     6, -5.168884624839e-01, 1.797693134862e+308, 4.9089e+00, 8.0686e-02, 
 2DIAGNOSTIC,     7, -5.168694186784e-01, 1.797693134862e+308, 4.9907e+00, 8.1730e-02, 
 2DIAGNOSTIC,     8, -5.168503819544e-01, 1.797693134862e+308, 5.0902e+00, 9.9582e-02, 
 2DIAGNOSTIC,     9, -5.168501203714e-01, 1.797693134862e+308, 5.1714e+00, 8.1122e-02, 
 2DIAGNOSTIC,    10, -5.168407780963e-01, 1.470712153909e-04, 5.2797e+00, 1.0837e-01, 
 2DIAGNOSTIC,    11, -5.168414398563e-01, 9.970129588946e-05, 5.3446e+00, 6.4866e-02, 
 2DIAGNOSTIC,    12, -5.168378778510e-01, 5.933955159318e-05, 5.4191e+00, 7.4453e-02, 
 2DIAGNOSTIC,    13, -5.168212888877e-01, 2.443192276519e-05, 5.4955e+00, 7.6442e-02, 
 2DIAGNOSTIC,    14, -5.168207722187e-01, 3.223423120452e-06, 5.5589e+00, 6.3446e-02, 
DIAGNOSTIC,Iteration,metricValue,convergenceValue,ITERATION_TIME_INDEX,SINCE_LAST
 2DIAGNOSTIC,     1, -4.804950124194e-01, 1.797693134862e+308, 8.1008e+00, 2.5419e+00, 
 2DIAGNOSTIC,     2, -4.807489007846e-01, 1.797693134862e+308, 8.5046e+00, 4.0381e-01, 
 2DIAGNOSTIC,     3, -4.810538645614e-01, 1.797693134862e+308, 8.8815e+00, 3.7685e-01, 
 2DIAGNOSTIC,     4, -4.812844166350e-01, 1.797693134862e+308, 9.2588e+00, 3.7731e-01, 
 2DIAGNOSTIC,     5, -4.813963474800e-01, 1.797693134862e+308, 9.6436e+00, 3.8477e-01, 
 2DIAGNOSTIC,     6, -4.814243607938e-01, 1.797693134862e+308, 9.9921e+00, 3.4852e-01, 
 2DIAGNOSTIC,     7, -4.814621115861e-01, 1.797693134862e+308, 1.0470e+01, 4.7781e-01, 
 2DIAGNOSTIC,     8, -4.814835254516e-01, 1.797693134862e+308, 1.0845e+01, 3.7481e-01, 
 2DIAGNOSTIC,     9, -4.815000516651e-01, 1.797693134862e+308, 1.1230e+01, 3.8554e-01, 
 2DIAGNOSTIC,    10, -4.815304810182e-01, 1.260771996637e-04, 1.1784e+01, 5.5357e-01, 
 2DIAGNOSTIC,    11, -4.815640560588e-01, 7.965575533467e-05, 1.2309e+01, 5.2486e-01, 
 2DIAGNOSTIC,    12, -4.815671663100e-01, 4.647968944151e-05, 1.2798e+01, 4.8962e-01, 
 2DIAGNOSTIC,    13, -4.815729054834e-01, 2.835894844296e-05, 1.3408e+01, 6.0923e-01, 
 2DIAGNOSTIC,    14, -4.815728193951e-01, 2.009757244761e-05, 1.3980e+01, 5.7224e-01, 
 2DIAGNOSTIC,    15, -4.815722553226e-01, 1.567199457750e-05, 1.4534e+01, 5.5421e-01, 
 2DIAGNOSTIC,    16, -4.815716022103e-01, 1.152492452278e-05, 1.5091e+01, 5.5739e-01, 
 2DIAGNOSTIC,    17, -4.815715882149e-01, 8.294918092726e-06, 1.5592e+01, 5.0106e-01, 
 2DIAGNOSTIC,    18, -4.815716069400e-01, 5.543938821968e-06, 1.6102e+01, 5.0979e-01, 
 2DIAGNOSTIC,    19, -4.815710916700e-01, 3.216371362726e-06, 1.6553e+01, 4.5088e-01, 
 2DIAGNOSTIC,    20, -4.815712401615e-01, 1.857263177585e-06, 1.7010e+01, 4.5732e-01, 
 2DIAGNOSTIC,    21, -4.815713788507e-01, 1.550107325332e-06, 1.7529e+01, 5.1879e-01, 
 2DIAGNOSTIC,    22, -4.815720412484e-01, 1.363960957977e-06, 1.8040e+01, 5.1037e-01, 
 2DIAGNOSTIC,    23, -4.815711525144e-01, 1.325492442056e-06, 1.8501e+01, 4.6124e-01, 
 2DIAGNOSTIC,    24, -4.815719636942e-01, 1.314772553121e-06, 1.8942e+01, 4.4122e-01, 
 2DIAGNOSTIC,    25, -4.815738039267e-01, 1.335952524231e-06, 1.9375e+01, 4.3280e-01, 
 2DIAGNOSTIC,    26, -4.815759991600e-01, 1.382969331755e-06, 1.9797e+01, 4.2234e-01, 
 2DIAGNOSTIC,    27, -4.815757175038e-01, 1.404169546707e-06, 2.0215e+01, 4.1831e-01, 
 2DIAGNOSTIC,    28, -4.815791037918e-01, 1.476304899314e-06, 2.0738e+01, 5.2237e-01, 
 2DIAGNOSTIC,    29, -4.815836995752e-01, 1.592920082824e-06, 2.1305e+01, 5.6699e-01, 
 2DIAGNOSTIC,    30, -4.815832226130e-01, 1.645507693694e-06, 2.1890e+01, 5.8551e-01, 
 2DIAGNOSTIC,    31, -4.815832185424e-01, 1.643132112282e-06, 2.2404e+01, 5.1388e-01, 
 2DIAGNOSTIC,    32, -4.815828928563e-01, 1.590856405310e-06, 2.2985e+01, 5.8117e-01, 
 2DIAGNOSTIC,    33, -4.815816661200e-01, 1.446661297408e-06, 2.3428e+01, 4.4239e-01, 
 2DIAGNOSTIC,    34, -4.815818500090e-01, 1.280885879765e-06, 2.3891e+01, 4.6364e-01, 
 2DIAGNOSTIC,    35, -4.815832899999e-01, 1.146345031514e-06, 2.4421e+01, 5.2947e-01, 
 2DIAGNOSTIC,    36, -4.815828564547e-01, 1.026715507706e-06, 2.4877e+01, 4.5566e-01, 
DIAGNOSTIC,Iteration,metricValue,convergenceValue,ITERATION_TIME_INDEX,SINCE_LAST
 2DIAGNOSTIC,     1, -4.444258513135e-01, 1.797693134862e+308, 3.3453e+01, 8.5761e+00, 
 2DIAGNOSTIC,     2, -4.445691552946e-01, 1.797693134862e+308, 3.6049e+01, 2.5962e+00, 
 2DIAGNOSTIC,     3, -4.446772884162e-01, 1.797693134862e+308, 3.8338e+01, 2.2887e+00, 
 2DIAGNOSTIC,     4, -4.447899775469e-01, 1.797693134862e+308, 4.0934e+01, 2.5969e+00, 
 2DIAGNOSTIC,     5, -4.448230501670e-01, 1.797693134862e+308, 4.3487e+01, 2.5526e+00, 
 2DIAGNOSTIC,     6, -4.448962476163e-01, 1.797693134862e+308, 4.6316e+01, 2.8288e+00, 
 2DIAGNOSTIC,     7, -4.451076721142e-01, 1.797693134862e+308, 5.4413e+01, 8.0974e+00, 
 2DIAGNOSTIC,     8, -4.451076648475e-01, 1.797693134862e+308, 6.2358e+01, 7.9450e+00, 
 2DIAGNOSTIC,     9, -4.451076648473e-01, 1.797693134862e+308, 6.7708e+01, 5.3494e+00, 
 2DIAGNOSTIC,    10, -4.451076648473e-01, 1.063488131000e-04, 7.1073e+01, 3.3656e+00, 
 2DIAGNOSTIC,    11, -4.451076648473e-01, 7.870217351831e-05, 7.3835e+01, 2.7619e+00, 
 2DIAGNOSTIC,    12, -4.451076648473e-01, 5.622862859025e-05, 7.6651e+01, 2.8159e+00, 
 2DIAGNOSTIC,    13, -4.451076648473e-01, 3.757053656818e-05, 7.9268e+01, 2.6167e+00, 
 2DIAGNOSTIC,    14, -4.451076648473e-01, 2.368487924628e-05, 8.1847e+01, 2.5797e+00, 
 2DIAGNOSTIC,    15, -4.451076648473e-01, 1.112411825141e-05, 8.4181e+01, 2.3334e+00, 
 2DIAGNOSTIC,    16, -4.451076648473e-01, 1.988518277790e-06, 8.7896e+01, 3.7154e+00, 
 2DIAGNOSTIC,    17, -4.451076648473e-01, 1.871781540194e-06, 9.0637e+01, 2.7411e+00, 
 2DIAGNOSTIC,    18, -4.451076648473e-01, 1.767761689808e-06, 9.3316e+01, 2.6785e+00, 
 2DIAGNOSTIC,    19, -4.451076648473e-01, 1.674694480890e-06, 9.6140e+01, 2.8237e+00, 
 2DIAGNOSTIC,    20, -4.451076648473e-01, 1.590936569963e-06, 9.9073e+01, 2.9336e+00, 
 2DIAGNOSTIC,    21, -4.451076648473e-01, 1.515157706578e-06, 1.0197e+02, 2.8959e+00, 
 2DIAGNOSTIC,    22, -4.451076648473e-01, 1.446269564942e-06, 1.0455e+02, 2.5825e+00, 
 2DIAGNOSTIC,    23, -4.451076648473e-01, 1.383373138777e-06, 1.0706e+02, 2.5038e+00, 
 2DIAGNOSTIC,    24, -4.451076648473e-01, 1.325719290929e-06, 1.0980e+02, 2.7437e+00, 
 2DIAGNOSTIC,    25, -4.451076648473e-01, 1.272678772597e-06, 1.1273e+02, 2.9343e+00, 
 2DIAGNOSTIC,    26, -4.451076648473e-01, 1.223719163133e-06, 1.1551e+02, 2.7739e+00, 
 2DIAGNOSTIC,    27, -4.451076648473e-01, 1.178386935294e-06, 1.1846e+02, 2.9540e+00, 
 2DIAGNOSTIC,    28, -4.451076648473e-01, 1.136293364089e-06, 1.2089e+02, 2.4335e+00, 
 2DIAGNOSTIC,    29, -4.451076648473e-01, 1.097103352159e-06, 1.2363e+02, 2.7346e+00, 
 2DIAGNOSTIC,    30, -4.451076648473e-01, 1.060526489981e-06, 1.2636e+02, 2.7297e+00, 
 2DIAGNOSTIC,    31, -4.451076648473e-01, 1.026309846885e-06, 1.2902e+02, 2.6577e+00, 
  Elapsed time (stage 0): 1.3556e+02


Stage 1
  iterations = 1000x1000x1000x1000x1000
  convergence threshold = 1.0000e-06
  convergence window size = 10
  number of levels = 5
  using the Mattes MI metric (number of bins = 32, weight = 1.0000e+00, use gradient filter = 0)
  preprocessing:  winsorizing the image intensities
  preprocessing:  histogram matching the images
  Shrink factors (level 1 out of 5): [8, 8, 8]
  Shrink factors (level 2 out of 5): [8, 8, 8]
  Shrink factors (level 3 out of 5): [4, 4, 4]
  Shrink factors (level 4 out of 5): [2, 2, 2]
  Shrink factors (level 5 out of 5): [1, 1, 1]
  smoothing sigmas per level: [4, 3, 2, 1, 0]
  regular sampling (percentage = 2.5000e-01)

*** Running AffineTransform registration ***

DIAGNOSTIC,Iteration,metricValue,convergenceValue,ITERATION_TIME_INDEX,SINCE_LAST
 2DIAGNOSTIC,     1, -5.713220860938e-01, 1.797693134862e+308, 1.4203e+00, 1.4203e+00, 
 2DIAGNOSTIC,     2, -5.730560481142e-01, 1.797693134862e+308, 1.4317e+00, 1.1380e-02, 
 2DIAGNOSTIC,     3, -5.762876060969e-01, 1.797693134862e+308, 1.4435e+00, 1.1794e-02, 
 2DIAGNOSTIC,     4, -5.815094608349e-01, 1.797693134862e+308, 1.4552e+00, 1.1723e-02, 
 2DIAGNOSTIC,     5, -5.912481052546e-01, 1.797693134862e+308, 1.4669e+00, 1.1736e-02, 
 2DIAGNOSTIC,     6, -6.043020876306e-01, 1.797693134862e+308, 1.4796e+00, 1.2700e-02, 
 2DIAGNOSTIC,     7, -6.335356864093e-01, 1.797693134862e+308, 1.4938e+00, 1.4171e-02, 
 2DIAGNOSTIC,     8, -6.554860704800e-01, 1.797693134862e+308, 1.5059e+00, 1.2119e-02, 
 2DIAGNOSTIC,     9, -6.755790459176e-01, 1.797693134862e+308, 1.5202e+00, 1.4313e-02, 
 2DIAGNOSTIC,    10, -6.889808713860e-01, 1.336853754268e-02, 1.5342e+00, 1.3941e-02, 
 2DIAGNOSTIC,    11, -6.983393591568e-01, 1.347145013377e-02, 1.5427e+00, 8.5301e-03, 
 2DIAGNOSTIC,    12, -7.146543662530e-01, 1.300095658021e-02, 1.5502e+00, 7.4761e-03, 
 2DIAGNOSTIC,    13, -7.169016479135e-01, 1.161743451130e-02, 1.5582e+00, 8.0760e-03, 
 2DIAGNOSTIC,    14, -7.176279308919e-01, 9.601188841445e-03, 1.5653e+00, 7.0369e-03, 
 2DIAGNOSTIC,    15, -7.183738443977e-01, 7.327275241334e-03, 1.5730e+00, 7.7190e-03, 
 2DIAGNOSTIC,    16, -7.184641262049e-01, 5.043808467967e-03, 1.5806e+00, 7.5500e-03, 
 2DIAGNOSTIC,    17, -7.186374265167e-01, 3.330414733498e-03, 1.5878e+00, 7.2019e-03, 
 2DIAGNOSTIC,    18, -7.195866070448e-01, 2.058057119205e-03, 1.5949e+00, 7.1208e-03, 
 2DIAGNOSTIC,    19, -7.202901279055e-01, 1.209558185282e-03, 1.6028e+00, 7.8831e-03, 
 2DIAGNOSTIC,    20, -7.222654564908e-01, 6.680522097792e-04, 1.6127e+00, 9.9201e-03, 
 2DIAGNOSTIC,    21, -7.241961334534e-01, 3.394950501921e-04, 1.6209e+00, 8.2028e-03, 
 2DIAGNOSTIC,    22, -7.246420819250e-01, 3.330116939336e-04, 1.6294e+00, 8.5540e-03, 
 2DIAGNOSTIC,    23, -7.252157043159e-01, 3.482142600794e-04, 1.6381e+00, 8.6479e-03, 
 2DIAGNOSTIC,    24, -7.256040319236e-01, 3.488364789502e-04, 1.6472e+00, 9.1600e-03, 
 2DIAGNOSTIC,    25, -7.255602228484e-01, 3.282352991114e-04, 1.6547e+00, 7.4811e-03, 
 2DIAGNOSTIC,    26, -7.255347181438e-01, 2.795728451542e-04, 1.6632e+00, 8.4720e-03, 
 2DIAGNOSTIC,    27, -7.256170285575e-01, 2.126007064969e-04, 1.6716e+00, 8.4372e-03, 
 2DIAGNOSTIC,    28, -7.257070322272e-01, 1.465531873893e-04, 1.6789e+00, 7.2339e-03, 
 2DIAGNOSTIC,    29, -7.259153383450e-01, 8.417279409661e-05, 1.6865e+00, 7.6029e-03, 
 2DIAGNOSTIC,    30, -7.263452783519e-01, 5.097425267293e-05, 1.6942e+00, 7.7000e-03, 
 2DIAGNOSTIC,    31, -7.274605121098e-01, 5.587335426472e-05, 1.7039e+00, 9.7120e-03, 
 2DIAGNOSTIC,    32, -7.276330565553e-01, 6.276389178173e-05, 1.7163e+00, 1.2457e-02, 
 2DIAGNOSTIC,    33, -7.276476200398e-01, 7.072722651072e-05, 1.7246e+00, 8.2290e-03, 
 2DIAGNOSTIC,    34, -7.277437574361e-01, 7.765470200256e-05, 1.7321e+00, 7.4999e-03, 
 2DIAGNOSTIC,    35, -7.278744601705e-01, 7.780798152587e-05, 1.7402e+00, 8.1491e-03, 
 2DIAGNOSTIC,    36, -7.279053372981e-01, 7.047289518937e-05, 1.7476e+00, 7.3929e-03, 
 2DIAGNOSTIC,    37, -7.279230972084e-01, 5.807504120042e-05, 1.7542e+00, 6.6302e-03, 
 2DIAGNOSTIC,    38, -7.279677662307e-01, 4.256836115585e-05, 1.7611e+00, 6.8319e-03, 
 2DIAGNOSTIC,    39, -7.280658153342e-01, 2.714844465507e-05, 1.7684e+00, 7.3051e-03, 
 2DIAGNOSTIC,    40, -7.281227738407e-01, 1.464863467585e-05, 1.7753e+00, 6.9339e-03, 
 2DIAGNOSTIC,    41, -7.281724553833e-01, 1.301432602573e-05, 1.7820e+00, 6.6440e-03, 
 2DIAGNOSTIC,    42, -7.282356043526e-01, 1.261349989179e-05, 1.7887e+00, 6.7618e-03, 
 2DIAGNOSTIC,    43, -7.283767618116e-01, 1.255683866072e-05, 1.7956e+00, 6.8600e-03, 
 2DIAGNOSTIC,    44, -7.286241364564e-01, 1.448070661262e-05, 1.8026e+00, 6.9790e-03, 
 2DIAGNOSTIC,    45, -7.292235666613e-01, 2.154034775899e-05, 1.8097e+00, 7.1669e-03, 
 2DIAGNOSTIC,    46, -7.299008529240e-01, 3.243542030622e-05, 1.8205e+00, 1.0730e-02, 
 2DIAGNOSTIC,    47, -7.300215569371e-01, 4.093012519914e-05, 1.8270e+00, 6.5892e-03, 
 2DIAGNOSTIC,    48, -7.301353236954e-01, 4.662498122848e-05, 1.8335e+00, 6.4940e-03, 
 2DIAGNOSTIC,    49, -7.302085553799e-01, 4.911357032734e-05, 1.8404e+00, 6.8130e-03, 
 2DIAGNOSTIC,    50, -7.307639863157e-01, 5.172418923895e-05, 1.8473e+00, 6.9280e-03, 
 2DIAGNOSTIC,    51, -7.311184764307e-01, 5.235187907296e-05, 1.8556e+00, 8.3082e-03, 
 2DIAGNOSTIC,    52, -7.320264301747e-01, 5.554750350750e-05, 1.8680e+00, 1.2444e-02, 
 2DIAGNOSTIC,    53, -7.320509049490e-01, 5.458133540144e-05, 1.8755e+00, 7.4210e-03, 
 2DIAGNOSTIC,    54, -7.321479993462e-01, 5.108618495111e-05, 1.8827e+00, 7.2501e-03, 
 2DIAGNOSTIC,    55, -7.321434251802e-01, 4.712776386835e-05, 1.8897e+00, 6.9909e-03, 
 2DIAGNOSTIC,    56, -7.321657370123e-01, 4.380165266467e-05, 1.8962e+00, 6.4900e-03, 
 2DIAGNOSTIC,    57, -7.322075847429e-01, 3.752907443575e-05, 1.9028e+00, 6.6271e-03, 
 2DIAGNOSTIC,    58, -7.323316729675e-01, 2.961540786190e-05, 1.9093e+00, 6.5219e-03, 
 2DIAGNOSTIC,    59, -7.324161693170e-01, 2.025378565135e-05, 1.9172e+00, 7.8449e-03, 
 2DIAGNOSTIC,    60, -7.323835381012e-01, 1.282473062921e-05, 1.9244e+00, 7.2460e-03, 
 2DIAGNOSTIC,    61, -7.324190900465e-01, 6.897206970450e-06, 1.9317e+00, 7.2410e-03, 
 2DIAGNOSTIC,    62, -7.324050315910e-01, 6.333373315931e-06, 1.9381e+00, 6.4759e-03, 
 2DIAGNOSTIC,    63, -7.323915091384e-01, 5.269218068003e-06, 1.9447e+00, 6.5269e-03, 
 2DIAGNOSTIC,    64, -7.324420458668e-01, 4.707512927738e-06, 1.9512e+00, 6.4940e-03, 
 2DIAGNOSTIC,    65, -7.325273539951e-01, 4.258245149883e-06, 1.9577e+00, 6.5260e-03, 
 2DIAGNOSTIC,    66, -7.327605268335e-01, 5.006297456051e-06, 1.9652e+00, 7.4651e-03, 
 2DIAGNOSTIC,    67, -7.328041825868e-01, 5.761466943140e-06, 1.9729e+00, 7.7279e-03, 
 2DIAGNOSTIC,    68, -7.329708660377e-01, 7.700673227952e-06, 1.9803e+00, 7.3731e-03, 
 2DIAGNOSTIC,    69, -7.330067622935e-01, 9.581412392011e-06, 1.9884e+00, 8.1089e-03, 
 2DIAGNOSTIC,    70, -7.330134407017e-01, 1.036832311901e-05, 1.9954e+00, 7.0620e-03, 
 2DIAGNOSTIC,    71, -7.330020106390e-01, 1.031155091588e-05, 2.0020e+00, 6.6061e-03, 
 2DIAGNOSTIC,    72, -7.330199103395e-01, 9.334307398745e-06, 2.0088e+00, 6.7301e-03, 
 2DIAGNOSTIC,    73, -7.331281072010e-01, 8.044371233168e-06, 2.0162e+00, 7.4220e-03, 
 2DIAGNOSTIC,    74, -7.330096712523e-01, 5.674176764425e-06, 2.0247e+00, 8.4958e-03, 
 2DIAGNOSTIC,    75, -7.330891593301e-01, 3.747495486452e-06, 2.0312e+00, 6.4819e-03, 
 2DIAGNOSTIC,    76, -7.330761763314e-01, 2.705708756181e-06, 2.0388e+00, 7.6470e-03, 
 2DIAGNOSTIC,    77, -7.331202776873e-01, 1.897752903171e-06, 2.0460e+00, 7.1921e-03, 
 2DIAGNOSTIC,    78, -7.331256575166e-01, 1.833744394981e-06, 2.0524e+00, 6.4440e-03, 
 2DIAGNOSTIC,    79, -7.331213729066e-01, 1.801301115210e-06, 2.0589e+00, 6.4888e-03, 
 2DIAGNOSTIC,    80, -7.331347594585e-01, 1.747306768086e-06, 2.0661e+00, 7.1311e-03, 
 2DIAGNOSTIC,    81, -7.331491229255e-01, 1.571253496457e-06, 2.0726e+00, 6.5329e-03, 
 2DIAGNOSTIC,    82, -7.331294409622e-01, 1.257421198546e-06, 2.0791e+00, 6.5451e-03, 
 2DIAGNOSTIC,    83, -7.331592733046e-01, 1.552898402007e-06, 2.0866e+00, 7.4651e-03, 
DIAGNOSTIC,Iteration,metricValue,convergenceValue,ITERATION_TIME_INDEX,SINCE_LAST
 2DIAGNOSTIC,     1, -6.900020640110e-01, 1.797693134862e+308, 3.3298e+00, 1.2432e+00, 
 2DIAGNOSTIC,     2, -6.902360592089e-01, 1.797693134862e+308, 3.3415e+00, 1.1710e-02, 
 2DIAGNOSTIC,     3, -6.905058243026e-01, 1.797693134862e+308, 3.3531e+00, 1.1653e-02, 
 2DIAGNOSTIC,     4, -6.908128202363e-01, 1.797693134862e+308, 3.3683e+00, 1.5114e-02, 
 2DIAGNOSTIC,     5, -6.908586052898e-01, 1.797693134862e+308, 3.3799e+00, 1.1619e-02, 
 2DIAGNOSTIC,     6, -6.908620567228e-01, 1.797693134862e+308, 3.3923e+00, 1.2426e-02, 
 2DIAGNOSTIC,     7, -6.908652795236e-01, 1.797693134862e+308, 3.4049e+00, 1.2603e-02, 
 2DIAGNOSTIC,     8, -6.908217441136e-01, 1.797693134862e+308, 3.4157e+00, 1.0822e-02, 
 2DIAGNOSTIC,     9, -6.907790925555e-01, 1.797693134862e+308, 3.4262e+00, 1.0487e-02, 
 2DIAGNOSTIC,    10, -6.907854793579e-01, 6.510096247410e-05, 3.4367e+00, 1.0511e-02, 
 2DIAGNOSTIC,    11, -6.908218085044e-01, 3.243337336488e-05, 3.4469e+00, 1.0173e-02, 
 2DIAGNOSTIC,    12, -6.908827076183e-01, 1.250857668902e-05, 3.4581e+00, 1.1170e-02, 
 2DIAGNOSTIC,    13, -6.909134757683e-01, 4.003011733575e-06, 3.4727e+00, 1.4607e-02, 
 2DIAGNOSTIC,    14, -6.909205906928e-01, 5.806054144561e-06, 3.4816e+00, 8.9650e-03, 
 2DIAGNOSTIC,    15, -6.910222399394e-01, 1.109844812670e-05, 3.4894e+00, 7.7281e-03, 
 2DIAGNOSTIC,    16, -6.915214468847e-01, 2.771445391650e-05, 3.4989e+00, 9.5608e-03, 
 2DIAGNOSTIC,    17, -6.918045504981e-01, 4.660956631895e-05, 3.5071e+00, 8.1401e-03, 
 2DIAGNOSTIC,    18, -6.917286888797e-01, 5.655755446787e-05, 3.5150e+00, 7.8900e-03, 
 2DIAGNOSTIC,    19, -6.918437302454e-01, 6.225752158637e-05, 3.5226e+00, 7.6339e-03, 
 2DIAGNOSTIC,    20, -6.917887662683e-01, 6.069689481594e-05, 3.5297e+00, 7.1201e-03, 
 2DIAGNOSTIC,    21, -6.917786106469e-01, 5.410777442948e-05, 3.5395e+00, 9.8379e-03, 
 2DIAGNOSTIC,    22, -6.917206373104e-01, 4.318823806836e-05, 3.5477e+00, 8.1341e-03, 
 2DIAGNOSTIC,    23, -6.916975671622e-01, 2.962297416308e-05, 3.5566e+00, 8.8749e-03, 
 2DIAGNOSTIC,    24, -6.916831955618e-01, 1.452182166406e-05, 3.5655e+00, 8.9140e-03, 
DIAGNOSTIC,Iteration,metricValue,convergenceValue,ITERATION_TIME_INDEX,SINCE_LAST
 2DIAGNOSTIC,     1, -6.440159165667e-01, 1.797693134862e+308, 5.1731e+00, 1.6076e+00, 
 2DIAGNOSTIC,     2, -6.443689806718e-01, 1.797693134862e+308, 5.2600e+00, 8.6925e-02, 
 2DIAGNOSTIC,     3, -6.445856003689e-01, 1.797693134862e+308, 5.3368e+00, 7.6829e-02, 
 2DIAGNOSTIC,     4, -6.446441001584e-01, 1.797693134862e+308, 5.4249e+00, 8.8082e-02, 
 2DIAGNOSTIC,     5, -6.446302968349e-01, 1.797693134862e+308, 5.5051e+00, 8.0137e-02, 
 2DIAGNOSTIC,     6, -6.446223992356e-01, 1.797693134862e+308, 5.5833e+00, 7.8221e-02, 
 2DIAGNOSTIC,     7, -6.446262206085e-01, 1.797693134862e+308, 5.6515e+00, 6.8234e-02, 
 2DIAGNOSTIC,     8, -6.446253542452e-01, 1.797693134862e+308, 5.7358e+00, 8.4259e-02, 
 2DIAGNOSTIC,     9, -6.446286896050e-01, 1.797693134862e+308, 5.8111e+00, 7.5321e-02, 
 2DIAGNOSTIC,    10, -6.446283764004e-01, 4.099693888979e-05, 5.8872e+00, 7.6140e-02, 
 2DIAGNOSTIC,    11, -6.446233768004e-01, 1.408677160469e-05, 5.9780e+00, 9.0793e-02, 
 2DIAGNOSTIC,    12, -6.446323118828e-01, 3.755427586571e-06, 6.0675e+00, 8.9516e-02, 
 2DIAGNOSTIC,    13, -6.446375006342e-01, 2.359133047664e-06, 6.1577e+00, 9.0157e-02, 
 2DIAGNOSTIC,    14, -6.446309849324e-01, 2.813544910288e-06, 6.2589e+00, 1.0115e-01, 
 2DIAGNOSTIC,    15, -6.446195057861e-01, 2.434318763886e-06, 6.3466e+00, 8.7713e-02, 
 2DIAGNOSTIC,    16, -6.446226952184e-01, 1.952835345459e-06, 6.4241e+00, 7.7521e-02, 
 2DIAGNOSTIC,    17, -6.446159502953e-01, 1.444367246611e-06, 6.5147e+00, 9.0602e-02, 
 2DIAGNOSTIC,    18, -6.446178126776e-01, 1.050520507091e-06, 6.6060e+00, 9.1294e-02, 
DIAGNOSTIC,Iteration,metricValue,convergenceValue,ITERATION_TIME_INDEX,SINCE_LAST
 2DIAGNOSTIC,     1, -5.886463336593e-01, 1.797693134862e+308, 9.3331e+00, 2.7271e+00, 
 2DIAGNOSTIC,     2, -5.887979517463e-01, 1.797693134862e+308, 9.8125e+00, 4.7947e-01, 
 2DIAGNOSTIC,     3, -5.888994562011e-01, 1.797693134862e+308, 1.0290e+01, 4.7793e-01, 
 2DIAGNOSTIC,     4, -5.889999181925e-01, 1.797693134862e+308, 1.0834e+01, 5.4383e-01, 
 2DIAGNOSTIC,     5, -5.890117192649e-01, 1.797693134862e+308, 1.1552e+01, 7.1778e-01, 
 2DIAGNOSTIC,     6, -5.890087757639e-01, 1.797693134862e+308, 1.2054e+01, 5.0194e-01, 
 2DIAGNOSTIC,     7, -5.890099069462e-01, 1.797693134862e+308, 1.2577e+01, 5.2286e-01, 
 2DIAGNOSTIC,     8, -5.890128320161e-01, 1.797693134862e+308, 1.3079e+01, 5.0218e-01, 
 2DIAGNOSTIC,     9, -5.890234114348e-01, 1.797693134862e+308, 1.3557e+01, 4.7804e-01, 
 2DIAGNOSTIC,    10, -5.890289127068e-01, 3.519153068303e-05, 1.4070e+01, 5.1333e-01, 
 2DIAGNOSTIC,    11, -5.890399205832e-01, 1.922292752177e-05, 1.4650e+01, 5.7990e-01, 
 2DIAGNOSTIC,    12, -5.890515816373e-01, 1.095342611944e-05, 1.5199e+01, 5.4893e-01, 
 2DIAGNOSTIC,    13, -5.890836816771e-01, 8.054958902715e-06, 1.5694e+01, 4.9498e-01, 
 2DIAGNOSTIC,    14, -5.891528783327e-01, 1.086874718724e-05, 1.6645e+01, 9.5090e-01, 
 2DIAGNOSTIC,    15, -5.891538218319e-01, 1.288646177255e-05, 1.7373e+01, 7.2779e-01, 
 2DIAGNOSTIC,    16, -5.891537830768e-01, 1.361261576087e-05, 1.8038e+01, 6.6468e-01, 
 2DIAGNOSTIC,    17, -5.891535351799e-01, 1.323424434966e-05, 1.8691e+01, 6.5335e-01, 
 2DIAGNOSTIC,    18, -5.891525206811e-01, 1.187583378404e-05, 1.9274e+01, 5.8289e-01, 
 2DIAGNOSTIC,    19, -5.891526209053e-01, 9.967016014065e-06, 1.9714e+01, 4.4046e-01, 
 2DIAGNOSTIC,    20, -5.891522162277e-01, 7.602798508449e-06, 2.0167e+01, 4.5278e-01, 
 2DIAGNOSTIC,    21, -5.891525018368e-01, 5.190222159293e-06, 2.0653e+01, 4.8549e-01, 
 2DIAGNOSTIC,    22, -5.891486726846e-01, 2.824010649022e-06, 2.1129e+01, 4.7655e-01, 
 2DIAGNOSTIC,    23, -5.891494387626e-01, 1.185331225971e-06, 2.1601e+01, 4.7153e-01, 
 2DIAGNOSTIC,    24, -5.891493146947e-01, 1.088559344158e-06, 2.2180e+01, 5.7898e-01, 
 2DIAGNOSTIC,    25, -5.891497882165e-01, 1.047929070221e-06, 2.2742e+01, 5.6208e-01, 
 2DIAGNOSTIC,    26, -5.891495874293e-01, 1.027204764595e-06, 2.3267e+01, 5.2516e-01, 
 2DIAGNOSTIC,    27, -5.891492853875e-01, 1.018366840667e-06, 2.3775e+01, 5.0805e-01, 
 2DIAGNOSTIC,    28, -5.891491061371e-01, 1.004897609465e-06, 2.4248e+01, 4.7341e-01, 
 2DIAGNOSTIC,    29, -5.891489948708e-01, 1.003715573475e-06, 2.4774e+01, 5.2528e-01, 
 2DIAGNOSTIC,    30, -5.891490972676e-01, 1.005730394965e-06, 2.5308e+01, 5.3408e-01, 
 2DIAGNOSTIC,    31, -5.891487407110e-01, 1.013445034351e-06, 2.5916e+01, 6.0843e-01, 
DIAGNOSTIC,Iteration,metricValue,convergenceValue,ITERATION_TIME_INDEX,SINCE_LAST
 2DIAGNOSTIC,     1, -5.372623641608e-01, 1.797693134862e+308, 3.4720e+01, 8.8041e+00, 
 2DIAGNOSTIC,     2, -5.373415569468e-01, 1.797693134862e+308, 3.8023e+01, 3.3029e+00, 
 2DIAGNOSTIC,     3, -5.373486890119e-01, 1.797693134862e+308, 4.1266e+01, 3.2434e+00, 
 2DIAGNOSTIC,     4, -5.373498953373e-01, 1.797693134862e+308, 4.4153e+01, 2.8867e+00, 
 2DIAGNOSTIC,     5, -5.373505178619e-01, 1.797693134862e+308, 4.7002e+01, 2.8492e+00, 
 2DIAGNOSTIC,     6, -5.373510578066e-01, 1.797693134862e+308, 4.9751e+01, 2.7482e+00, 
 2DIAGNOSTIC,     7, -5.373530299534e-01, 1.797693134862e+308, 5.2973e+01, 3.2219e+00, 
 2DIAGNOSTIC,     8, -5.373542933814e-01, 1.797693134862e+308, 5.7030e+01, 4.0579e+00, 
 2DIAGNOSTIC,     9, -5.373545911111e-01, 1.797693134862e+308, 6.0489e+01, 3.4586e+00, 
 2DIAGNOSTIC,    10, -5.373543433025e-01, 8.938480446821e-06, 6.3426e+01, 2.9369e+00, 
 2DIAGNOSTIC,    11, -5.373541294617e-01, 3.992853149698e-06, 6.6327e+01, 2.9011e+00, 
 2DIAGNOSTIC,    12, -5.373542643715e-01, 3.259935533226e-06, 6.9234e+01, 2.9066e+00, 
 2DIAGNOSTIC,    13, -5.373540206611e-01, 2.862659115366e-06, 7.2217e+01, 2.9832e+00, 
 2DIAGNOSTIC,    14, -5.373541928096e-01, 2.537103895556e-06, 7.5106e+01, 2.8894e+00, 
 2DIAGNOSTIC,    15, -5.373542531364e-01, 2.255803952952e-06, 7.7959e+01, 2.8530e+00, 
 2DIAGNOSTIC,    16, -5.373543055030e-01, 2.015664971544e-06, 8.1780e+01, 3.8212e+00, 
 2DIAGNOSTIC,    17, -5.373542028693e-01, 1.858315063753e-06, 8.4988e+01, 3.2073e+00, 
 2DIAGNOSTIC,    18, -5.373541345298e-01, 1.754534698688e-06, 8.7845e+01, 2.8575e+00, 
 2DIAGNOSTIC,    19, -5.373540939178e-01, 1.670183126676e-06, 9.0826e+01, 2.9804e+00, 
 2DIAGNOSTIC,    20, -5.373540637766e-01, 1.587307539436e-06, 9.3593e+01, 2.7676e+00, 
 2DIAGNOSTIC,    21, -5.373540405192e-01, 1.506514415578e-06, 9.6492e+01, 2.8985e+00, 
 2DIAGNOSTIC,    22, -5.373539350080e-01, 1.434820338257e-06, 9.9297e+01, 2.8050e+00, 
 2DIAGNOSTIC,    23, -5.373539089728e-01, 1.364209386116e-06, 1.0202e+02, 2.7193e+00, 
 2DIAGNOSTIC,    24, -5.373539105972e-01, 1.305020956750e-06, 1.0456e+02, 2.5408e+00, 
 2DIAGNOSTIC,    25, -5.373540781113e-01, 1.257194120016e-06, 1.0737e+02, 2.8106e+00, 
 2DIAGNOSTIC,    26, -5.373540197354e-01, 1.214297364459e-06, 1.0997e+02, 2.6037e+00, 
 2DIAGNOSTIC,    27, -5.373541470253e-01, 1.176055347413e-06, 1.1322e+02, 3.2498e+00, 
 2DIAGNOSTIC,    28, -5.373540637403e-01, 1.137872079657e-06, 1.1641e+02, 3.1907e+00, 
 2DIAGNOSTIC,    29, -5.373540198717e-01, 1.100635033842e-06, 1.1934e+02, 2.9314e+00, 
 2DIAGNOSTIC,    30, -5.373539732131e-01, 1.064150376762e-06, 1.2189e+02, 2.5491e+00, 
 2DIAGNOSTIC,    31, -5.373539408773e-01, 1.028745453130e-06, 1.2466e+02, 2.7635e+00, 
  Elapsed time (stage 1): 1.3109e+02


Total elapsed time: 2.6667e+02
ALL Done
