
Running for 3-dimensional images.

*********10*********20*********30*********40*********50*********60*********70*********80*********90*********

   AdaptiveNonLocalMeansDenoisingImageFilter (0x303d370)
     RTTI typeinfo:   itk::AdaptiveNonLocalMeansDenoisingImageFilter<itk::Image<float, 3u>, itk::Image<float, 3u>, itk::Image<unsigned char, 3u> >
     Reference Count: 1
     Modified Time: 392
     Debug: Off
     Object Name: 
     Observers: 
       ProgressEvent(Command)
     Inputs: 
       Primary: (0x303c2f0) *
       _1: (0)
     Indexed Inputs: 
       0: Primary (0x303c2f0)
       1: _1 (0)
     Required Input Names: Primary
     NumberOfRequiredInputs: 1
     Outputs: 
       Primary: (0x303bda0)
     Indexed Outputs: 
       0: Primary (0x303bda0)
     NumberOfRequiredOutputs: 1
     Number Of Work Units: 56
     ReleaseDataFlag: Off
     ReleaseDataBeforeUpdateFlag: Off
     AbortGenerateData: Off
     Progress: 1
     Multithreader: 
       RTTI typeinfo:   itk::PoolMultiThreader
       Reference Count: 1
       Modified Time: 352
       Debug: Off
       Object Name: 
       Observers: 
         none
       Number of Work Units: 52
       Number of Threads: 14
       Global Maximum Number Of Threads: 128
       Global Default Number Of Threads: 14
       Global Default Threader Type: itk::MultiThreaderBaseEnums::Threader::Pool
       SingleMethod: 1
       SingleData: 0x7ffd2d865568
     DynamicMultiThreading: Off
     CoordinateTolerance: 1e-06
     DirectionTolerance: 1e-06
Using mean squares to measure the patch similarity.
     Neighborhood search radius = [2, 2, 2]
     Neighborhood patch radius = [1, 1, 1]
     Using Rician noise model.
     Epsilon = 1e-05
     Mean threshold = 0.95
     Variance threshold = 0.5
     Smoothing variance = 2
     Neighborhood radius for local mean and variance = [1, 1, 1]
Elapsed time: 286.378
All_Command_lines_OK
Using double precision for computations.
=============================================================================
The composite transform comprises the following transforms (in order): 
  1. Center of mass alignment using fixed image: /Dedicated/jmichaelson-wdata/msmuhammad/projects/RPOE/3dprint/data/derivatives/pre-freesurfer/../../temp/MNI152_T1_0.5mm.nii.gz and moving image: /Dedicated/jmichaelson-wdata/msmuhammad/projects/RPOE/3dprint/data/derivatives/pre-freesurfer/2E_047/2E_047/2E_047_reorient_RPI_denoise.nii.gz (type = Euler3DTransform)
=============================================================================
  number of levels = 5
  number of levels = 5
  fixed image: /Dedicated/jmichaelson-wdata/msmuhammad/projects/RPOE/3dprint/data/derivatives/pre-freesurfer/../../temp/MNI152_T1_0.5mm.nii.gz
  moving image: /Dedicated/jmichaelson-wdata/msmuhammad/projects/RPOE/3dprint/data/derivatives/pre-freesurfer/2E_047/2E_047/2E_047_reorient_RPI_denoise.nii.gz
  fixed image: /Dedicated/jmichaelson-wdata/msmuhammad/projects/RPOE/3dprint/data/derivatives/pre-freesurfer/../../temp/MNI152_T1_0.5mm.nii.gz
  moving image: /Dedicated/jmichaelson-wdata/msmuhammad/projects/RPOE/3dprint/data/derivatives/pre-freesurfer/2E_047/2E_047/2E_047_reorient_RPI_denoise.nii.gz
Dimension = 3
Number of stages = 2
Use histogram matching = true
Winsorize image intensities = true
  Lower quantile = 0.005
  Upper quantile = 0.995


Stage 1 State
   Image metric = Mattes
     Fixed image = Image (0x4595f10)
  RTTI typeinfo:   itk::Image<double, 3u>
  Reference Count: 2
  Modified Time: 1694
  Debug: Off
  Object Name: 
  Observers: 
    none
  Source: (none)
  Source output name: (none)
  Release Data: Off
  Data Released: False
  Global Release Data: Off
  PipelineMTime: 0
  UpdateMTime: 1477
  RealTimeStamp: 0 seconds 
  LargestPossibleRegion: 
    Dimension: 3
    Index: [0, 0, 0]
    Size: [364, 436, 364]
  BufferedRegion: 
    Dimension: 3
    Index: [0, 0, 0]
    Size: [364, 436, 364]
  RequestedRegion: 
    Dimension: 3
    Index: [0, 0, 0]
    Size: [364, 436, 364]
  Spacing: [0.5, 0.5, 0.5]
  Origin: [-90, 126, -72]
  Direction: 
1 0 0
0 -1 0
0 0 1

  IndexToPointMatrix: 
0.5 0 0
0 -0.5 0
0 0 0.5

  PointToIndexMatrix: 
2 0 0
0 -2 0
0 0 2

  Inverse Direction: 
1 0 0
0 -1 0
0 0 1

  PixelContainer: 
    ImportImageContainer (0x45829d0)
      RTTI typeinfo:   itk::ImportImageContainer<unsigned long, double>
      Reference Count: 1
      Modified Time: 1474
      Debug: Off
      Object Name: 
      Observers: 
        none
      Pointer: 0x2b54a3deb010
      Container manages memory: true
      Size: 57768256
      Capacity: 57768256

     Moving image = Image (0x4595af0)
  RTTI typeinfo:   itk::Image<double, 3u>
  Reference Count: 2
  Modified Time: 1695
  Debug: Off
  Object Name: 
  Observers: 
    none
  Source: (none)
  Source output name: (none)
  Release Data: Off
  Data Released: False
  Global Release Data: Off
  PipelineMTime: 0
  UpdateMTime: 1692
  RealTimeStamp: 0 seconds 
  LargestPossibleRegion: 
    Dimension: 3
    Index: [0, 0, 0]
    Size: [280, 512, 512]
  BufferedRegion: 
    Dimension: 3
    Index: [0, 0, 0]
    Size: [280, 512, 512]
  RequestedRegion: 
    Dimension: 3
    Index: [0, 0, 0]
    Size: [280, 512, 512]
  Spacing: [0.599998, 0.4688, 0.4688]
  Origin: [-89.3246, 85.4162, -149.791]
  Direction: 
1 0 0
0 -1 0
0 0 1

  IndexToPointMatrix: 
0.599998 0 0
0 -0.4688 0
0 0 0.4688

  PointToIndexMatrix: 
1.66667 0 0
0 -2.13311 0
0 0 2.13311

  Inverse Direction: 
1 0 0
0 -1 0
0 0 1

  PixelContainer: 
    ImportImageContainer (0x4599190)
      RTTI typeinfo:   itk::ImportImageContainer<unsigned long, double>
      Reference Count: 1
      Modified Time: 1689
      Debug: Off
      Object Name: 
      Observers: 
        none
      Pointer: 0x2b54bf6a8010
      Container manages memory: true
      Size: 73400320
      Capacity: 73400320

     Weighting = 1
     Sampling strategy = regular
     Number of bins = 32
     Radius = 4
     Sampling percentage  = 0.25
   Transform = Rigid
     Gradient step = 0.1
     Update field sigma (voxel space) = 0
     Total field sigma (voxel space) = 0
     Update field time sigma = 0
     Total field time sigma  = 0
     Number of time indices = 0
     Number of time point samples = 0
Stage 2 State
   Image metric = Mattes
     Fixed image = Image (0x45a54a0)
  RTTI typeinfo:   itk::Image<double, 3u>
  Reference Count: 2
  Modified Time: 2126
  Debug: Off
  Object Name: 
  Observers: 
    none
  Source: (none)
  Source output name: (none)
  Release Data: Off
  Data Released: False
  Global Release Data: Off
  PipelineMTime: 0
  UpdateMTime: 1909
  RealTimeStamp: 0 seconds 
  LargestPossibleRegion: 
    Dimension: 3
    Index: [0, 0, 0]
    Size: [364, 436, 364]
  BufferedRegion: 
    Dimension: 3
    Index: [0, 0, 0]
    Size: [364, 436, 364]
  RequestedRegion: 
    Dimension: 3
    Index: [0, 0, 0]
    Size: [364, 436, 364]
  Spacing: [0.5, 0.5, 0.5]
  Origin: [-90, 126, -72]
  Direction: 
1 0 0
0 -1 0
0 0 1

  IndexToPointMatrix: 
0.5 0 0
0 -0.5 0
0 0 0.5

  PointToIndexMatrix: 
2 0 0
0 -2 0
0 0 2

  Inverse Direction: 
1 0 0
0 -1 0
0 0 1

  PixelContainer: 
    ImportImageContainer (0x45a5760)
      RTTI typeinfo:   itk::ImportImageContainer<unsigned long, double>
      Reference Count: 1
      Modified Time: 1906
      Debug: Off
      Object Name: 
      Observers: 
        none
      Pointer: 0x2b54e26a9010
      Container manages memory: true
      Size: 57768256
      Capacity: 57768256

     Moving image = Image (0x458f5b0)
  RTTI typeinfo:   itk::Image<double, 3u>
  Reference Count: 2
  Modified Time: 2127
  Debug: Off
  Object Name: 
  Observers: 
    none
  Source: (none)
  Source output name: (none)
  Release Data: Off
  Data Released: False
  Global Release Data: Off
  PipelineMTime: 0
  UpdateMTime: 2124
  RealTimeStamp: 0 seconds 
  LargestPossibleRegion: 
    Dimension: 3
    Index: [0, 0, 0]
    Size: [280, 512, 512]
  BufferedRegion: 
    Dimension: 3
    Index: [0, 0, 0]
    Size: [280, 512, 512]
  RequestedRegion: 
    Dimension: 3
    Index: [0, 0, 0]
    Size: [280, 512, 512]
  Spacing: [0.599998, 0.4688, 0.4688]
  Origin: [-89.3246, 85.4162, -149.791]
  Direction: 
1 0 0
0 -1 0
0 0 1

  IndexToPointMatrix: 
0.599998 0 0
0 -0.4688 0
0 0 0.4688

  PointToIndexMatrix: 
1.66667 0 0
0 -2.13311 0
0 0 2.13311

  Inverse Direction: 
1 0 0
0 -1 0
0 0 1

  PixelContainer: 
    ImportImageContainer (0x4594c90)
      RTTI typeinfo:   itk::ImportImageContainer<unsigned long, double>
      Reference Count: 1
      Modified Time: 2121
      Debug: Off
      Object Name: 
      Observers: 
        none
      Pointer: 0x2b54fdf66010
      Container manages memory: true
      Size: 73400320
      Capacity: 73400320

     Weighting = 1
     Sampling strategy = regular
     Number of bins = 32
     Radius = 4
     Sampling percentage  = 0.25
   Transform = Affine
     Gradient step = 0.1
     Update field sigma (voxel space) = 0
     Total field sigma (voxel space) = 0
     Update field time sigma = 0
     Total field time sigma  = 0
     Number of time indices = 0
     Number of time point samples = 0
Registration using 2 total stages.

Stage 0
  iterations = 2000x2000x2000x2000x2000
  convergence threshold = 1e-06
  convergence window size = 10
  number of levels = 5
  using the Mattes MI metric (number of bins = 32, weight = 1, use gradient filter = 0)
  preprocessing:  winsorizing the image intensities
  preprocessing:  histogram matching the images
  Shrink factors (level 1 out of 5): [8, 8, 8]
  Shrink factors (level 2 out of 5): [8, 8, 8]
  Shrink factors (level 3 out of 5): [4, 4, 4]
  Shrink factors (level 4 out of 5): [2, 2, 2]
  Shrink factors (level 5 out of 5): [1, 1, 1]
  smoothing sigmas per level: [4, 3, 2, 1, 0]
  regular sampling (percentage = 0.25)

*** Running Euler3DTransform registration ***

DIAGNOSTIC,Iteration,metricValue,convergenceValue,ITERATION_TIME_INDEX,SINCE_LAST
 2DIAGNOSTIC,     1, -4.475551358787e-01, 1.797693134862e+308, 1.3813e+00, 1.3813e+00, 
 2DIAGNOSTIC,     2, -4.491245297227e-01, 1.797693134862e+308, 1.3949e+00, 1.3542e-02, 
 2DIAGNOSTIC,     3, -4.521666616325e-01, 1.797693134862e+308, 1.4118e+00, 1.6975e-02, 
 2DIAGNOSTIC,     4, -4.569679883122e-01, 1.797693134862e+308, 1.4297e+00, 1.7901e-02, 
 2DIAGNOSTIC,     5, -4.638978479797e-01, 1.797693134862e+308, 1.4415e+00, 1.1812e-02, 
 2DIAGNOSTIC,     6, -4.746352726868e-01, 1.797693134862e+308, 1.4521e+00, 1.0534e-02, 
 2DIAGNOSTIC,     7, -4.905622153589e-01, 1.797693134862e+308, 1.4618e+00, 9.7070e-03, 
 2DIAGNOSTIC,     8, -5.067161561932e-01, 1.797693134862e+308, 1.4731e+00, 1.1303e-02, 
 2DIAGNOSTIC,     9, -5.104676174701e-01, 1.797693134862e+308, 1.4829e+00, 9.8028e-03, 
 2DIAGNOSTIC,    10, -5.111583317464e-01, 1.032270802452e-02, 1.4947e+00, 1.1814e-02, 
 2DIAGNOSTIC,    11, -5.136289505252e-01, 9.494243804092e-03, 1.5060e+00, 1.1246e-02, 
 2DIAGNOSTIC,    12, -5.137131662384e-01, 8.033662639650e-03, 1.5170e+00, 1.1082e-02, 
 2DIAGNOSTIC,    13, -5.138193860759e-01, 6.222992100620e-03, 1.5264e+00, 9.4099e-03, 
 2DIAGNOSTIC,    14, -5.147749211170e-01, 4.366239063006e-03, 1.5363e+00, 9.8341e-03, 
 2DIAGNOSTIC,    15, -5.162924063004e-01, 2.703449028367e-03, 1.5460e+00, 9.7132e-03, 
 2DIAGNOSTIC,    16, -5.180509937831e-01, 1.454501282011e-03, 1.5564e+00, 1.0379e-02, 
 2DIAGNOSTIC,    17, -5.230883299503e-01, 9.232687039441e-04, 1.5716e+00, 1.5237e-02, 
 2DIAGNOSTIC,    18, -5.241659696287e-01, 9.146390262024e-04, 1.5830e+00, 1.1438e-02, 
 2DIAGNOSTIC,    19, -5.244336400445e-01, 9.452580772712e-04, 1.5938e+00, 1.0802e-02, 
 2DIAGNOSTIC,    20, -5.249306112360e-01, 9.186341862691e-04, 1.6061e+00, 1.2251e-02, 
 2DIAGNOSTIC,    21, -5.261567902357e-01, 9.087708093145e-04, 1.6155e+00, 9.4130e-03, 
 2DIAGNOSTIC,    22, -5.264350587134e-01, 8.224508340957e-04, 1.6249e+00, 9.4130e-03, 
 2DIAGNOSTIC,    23, -5.274854932906e-01, 6.957397893698e-04, 1.6377e+00, 1.2744e-02, 
 2DIAGNOSTIC,    24, -5.277073732836e-01, 5.439232456376e-04, 1.6477e+00, 9.9900e-03, 
 2DIAGNOSTIC,    25, -5.282597408038e-01, 4.012766168272e-04, 1.6642e+00, 1.6587e-02, 
 2DIAGNOSTIC,    26, -5.283661769606e-01, 2.698132957153e-04, 1.6740e+00, 9.7101e-03, 
 2DIAGNOSTIC,    27, -5.284140258519e-01, 2.286839466220e-04, 1.6853e+00, 1.1299e-02, 
 2DIAGNOSTIC,    28, -5.283315628730e-01, 1.893159016329e-04, 1.6929e+00, 7.6818e-03, 
 2DIAGNOSTIC,    29, -5.283155702437e-01, 1.399027852563e-04, 1.7002e+00, 7.2231e-03, 
 2DIAGNOSTIC,    30, -5.282889206566e-01, 8.912826662556e-05, 1.7100e+00, 9.8820e-03, 
 2DIAGNOSTIC,    31, -5.282918757923e-01, 5.567097032939e-05, 1.7184e+00, 8.3461e-03, 
 2DIAGNOSTIC,    32, -5.282901919799e-01, 2.369466455353e-05, 1.7267e+00, 8.3110e-03, 
 2DIAGNOSTIC,    33, -5.282177395684e-01, 8.163016031293e-06, 1.7342e+00, 7.5200e-03, 
DIAGNOSTIC,Iteration,metricValue,convergenceValue,ITERATION_TIME_INDEX,SINCE_LAST
 2DIAGNOSTIC,     1, -4.950554878150e-01, 1.797693134862e+308, 3.1022e+00, 1.3680e+00, 
 2DIAGNOSTIC,     2, -4.950773208178e-01, 1.797693134862e+308, 3.1288e+00, 2.6543e-02, 
 2DIAGNOSTIC,     3, -4.952470155722e-01, 1.797693134862e+308, 3.1428e+00, 1.4080e-02, 
 2DIAGNOSTIC,     4, -4.954150769488e-01, 1.797693134862e+308, 3.1590e+00, 1.6186e-02, 
 2DIAGNOSTIC,     5, -4.956789927143e-01, 1.797693134862e+308, 3.1700e+00, 1.0977e-02, 
 2DIAGNOSTIC,     6, -4.956020227441e-01, 1.797693134862e+308, 3.1802e+00, 1.0189e-02, 
 2DIAGNOSTIC,     7, -4.959546964616e-01, 1.797693134862e+308, 3.1915e+00, 1.1340e-02, 
 2DIAGNOSTIC,     8, -4.960849658294e-01, 1.797693134862e+308, 3.2003e+00, 8.7910e-03, 
 2DIAGNOSTIC,     9, -4.962036518663e-01, 1.797693134862e+308, 3.2190e+00, 1.8705e-02, 
 2DIAGNOSTIC,    10, -4.963924452647e-01, 1.837071293100e-04, 3.2300e+00, 1.0963e-02, 
 2DIAGNOSTIC,    11, -4.964326925199e-01, 1.674574866746e-04, 3.2412e+00, 1.1242e-02, 
 2DIAGNOSTIC,    12, -4.964066609659e-01, 1.388883595857e-04, 3.2529e+00, 1.1623e-02, 
 2DIAGNOSTIC,    13, -4.964518982557e-01, 1.117829065790e-04, 3.2643e+00, 1.1396e-02, 
 2DIAGNOSTIC,    14, -4.964476847614e-01, 8.504960140114e-05, 3.2764e+00, 1.2113e-02, 
 2DIAGNOSTIC,    15, -4.964881496602e-01, 6.614963633647e-05, 3.2874e+00, 1.1033e-02, 
 2DIAGNOSTIC,    16, -4.966005261564e-01, 4.471125249743e-05, 3.2991e+00, 1.1727e-02, 
 2DIAGNOSTIC,    17, -4.966500186934e-01, 3.535621840547e-05, 3.3086e+00, 9.4330e-03, 
 2DIAGNOSTIC,    18, -4.966017441547e-01, 2.654245875206e-05, 3.3261e+00, 1.7537e-02, 
 2DIAGNOSTIC,    19, -4.966151873399e-01, 2.029186164930e-05, 3.3357e+00, 9.5840e-03, 
 2DIAGNOSTIC,    20, -4.967524900730e-01, 2.222085379172e-05, 3.3465e+00, 1.0844e-02, 
 2DIAGNOSTIC,    21, -4.969350069730e-01, 2.796853971347e-05, 3.3594e+00, 1.2891e-02, 
 2DIAGNOSTIC,    22, -4.970162876101e-01, 3.202840227323e-05, 3.3725e+00, 1.3117e-02, 
 2DIAGNOSTIC,    23, -4.970165892523e-01, 3.413547508496e-05, 3.3858e+00, 1.3244e-02, 
 2DIAGNOSTIC,    24, -4.970214946524e-01, 3.311800031846e-05, 3.3978e+00, 1.2007e-02, 
 2DIAGNOSTIC,    25, -4.970324434738e-01, 3.025376964009e-05, 3.4065e+00, 8.6882e-03, 
 2DIAGNOSTIC,    26, -4.970604758442e-01, 2.784644541990e-05, 3.4194e+00, 1.2927e-02, 
 2DIAGNOSTIC,    27, -4.970520473042e-01, 2.400535371902e-05, 3.4295e+00, 1.0099e-02, 
 2DIAGNOSTIC,    28, -4.970342837892e-01, 1.703137426026e-05, 3.4409e+00, 1.1386e-02, 
 2DIAGNOSTIC,    29, -4.970104358702e-01, 8.839074043421e-06, 3.4520e+00, 1.1079e-02, 
 2DIAGNOSTIC,    30, -4.970010821809e-01, 2.822838432996e-06, 3.4620e+00, 1.0065e-02, 
DIAGNOSTIC,Iteration,metricValue,convergenceValue,ITERATION_TIME_INDEX,SINCE_LAST
 2DIAGNOSTIC,     1, -4.635856102228e-01, 1.797693134862e+308, 5.1246e+00, 1.6626e+00, 
 2DIAGNOSTIC,     2, -4.638494812136e-01, 1.797693134862e+308, 5.2104e+00, 8.5829e-02, 
 2DIAGNOSTIC,     3, -4.642141178442e-01, 1.797693134862e+308, 5.2983e+00, 8.7898e-02, 
 2DIAGNOSTIC,     4, -4.646962069959e-01, 1.797693134862e+308, 5.3817e+00, 8.3365e-02, 
 2DIAGNOSTIC,     5, -4.650267859988e-01, 1.797693134862e+308, 5.4796e+00, 9.7904e-02, 
 2DIAGNOSTIC,     6, -4.654326619933e-01, 1.797693134862e+308, 5.5758e+00, 9.6191e-02, 
 2DIAGNOSTIC,     7, -4.658764450032e-01, 1.797693134862e+308, 5.6731e+00, 9.7300e-02, 
 2DIAGNOSTIC,     8, -4.659503597190e-01, 1.797693134862e+308, 5.7725e+00, 9.9367e-02, 
 2DIAGNOSTIC,     9, -4.658313413398e-01, 1.797693134862e+308, 5.8946e+00, 1.2213e-01, 
 2DIAGNOSTIC,    10, -4.658916269132e-01, 3.622061326706e-04, 5.9977e+00, 1.0314e-01, 
 2DIAGNOSTIC,    11, -4.658952188428e-01, 2.702400444532e-04, 6.1074e+00, 1.0962e-01, 
 2DIAGNOSTIC,    12, -4.659283914536e-01, 1.842781895027e-04, 6.2210e+00, 1.1367e-01, 
 2DIAGNOSTIC,    13, -4.659234668847e-01, 1.118038642809e-04, 6.3353e+00, 1.1424e-01, 
 2DIAGNOSTIC,    14, -4.659075302060e-01, 6.031182581201e-05, 6.4430e+00, 1.0773e-01, 
 2DIAGNOSTIC,    15, -4.659034482590e-01, 2.349787239976e-05, 6.5616e+00, 1.1858e-01, 
 2DIAGNOSTIC,    16, -4.658989327210e-01, 4.103624676843e-06, 6.6572e+00, 9.5661e-02, 
 2DIAGNOSTIC,    17, -4.658930950883e-01, 2.412458392761e-06, 6.7534e+00, 9.6174e-02, 
 2DIAGNOSTIC,    18, -4.658927651925e-01, 3.500582255754e-06, 6.8571e+00, 1.0365e-01, 
DIAGNOSTIC,Iteration,metricValue,convergenceValue,ITERATION_TIME_INDEX,SINCE_LAST
 2DIAGNOSTIC,     1, -4.315918954338e-01, 1.797693134862e+308, 9.8052e+00, 2.9481e+00, 
 2DIAGNOSTIC,     2, -4.316414739577e-01, 1.797693134862e+308, 1.0489e+01, 6.8392e-01, 
 2DIAGNOSTIC,     3, -4.316409996780e-01, 1.797693134862e+308, 1.1109e+01, 6.2013e-01, 
 2DIAGNOSTIC,     4, -4.316736422481e-01, 1.797693134862e+308, 1.1707e+01, 5.9777e-01, 
 2DIAGNOSTIC,     5, -4.316989952383e-01, 1.797693134862e+308, 1.3084e+01, 1.3773e+00, 
 2DIAGNOSTIC,     6, -4.316989900050e-01, 1.797693134862e+308, 1.3703e+01, 6.1917e-01, 
 2DIAGNOSTIC,     7, -4.316981212259e-01, 1.797693134862e+308, 1.4392e+01, 6.8840e-01, 
 2DIAGNOSTIC,     8, -4.316958802411e-01, 1.797693134862e+308, 1.5064e+01, 6.7242e-01, 
 2DIAGNOSTIC,     9, -4.316934886771e-01, 1.797693134862e+308, 1.5773e+01, 7.0843e-01, 
 2DIAGNOSTIC,    10, -4.316921871408e-01, 1.606543367554e-05, 1.6528e+01, 7.5548e-01, 
 2DIAGNOSTIC,    11, -4.316926440461e-01, 9.369532428374e-06, 1.7292e+01, 7.6354e-01, 
 2DIAGNOSTIC,    12, -4.316925852451e-01, 5.968372345747e-06, 1.7927e+01, 6.3556e-01, 
 2DIAGNOSTIC,    13, -4.316921277332e-01, 2.713652140537e-06, 1.8498e+01, 5.7025e-01, 
 2DIAGNOSTIC,    14, -4.316920918472e-01, 1.401689914568e-06, 1.9038e+01, 5.4040e-01, 
 2DIAGNOSTIC,    15, -4.316935490911e-01, 1.519879099521e-06, 1.9746e+01, 7.0841e-01, 
 2DIAGNOSTIC,    16, -4.316937403229e-01, 1.682208529113e-06, 2.0392e+01, 6.4534e-01, 
 2DIAGNOSTIC,    17, -4.316927547998e-01, 1.782829897927e-06, 2.1050e+01, 6.5807e-01, 
 2DIAGNOSTIC,    18, -4.316928781872e-01, 1.807468354945e-06, 2.1593e+01, 5.4305e-01, 
 2DIAGNOSTIC,    19, -4.316929331987e-01, 1.745738411968e-06, 2.2170e+01, 5.7691e-01, 
 2DIAGNOSTIC,    20, -4.316934906229e-01, 1.656981934849e-06, 2.2788e+01, 6.1864e-01, 
 2DIAGNOSTIC,    21, -4.316945368743e-01, 1.616902080663e-06, 2.3476e+01, 6.8812e-01, 
 2DIAGNOSTIC,    22, -4.316947109590e-01, 1.575267398635e-06, 2.4103e+01, 6.2672e-01, 
 2DIAGNOSTIC,    23, -4.316943217050e-01, 1.502055508203e-06, 2.4753e+01, 6.4936e-01, 
 2DIAGNOSTIC,    24, -4.316923810119e-01, 1.368782383243e-06, 2.5375e+01, 6.2249e-01, 
 2DIAGNOSTIC,    25, -4.316918859087e-01, 1.268091561146e-06, 2.5934e+01, 5.5850e-01, 
 2DIAGNOSTIC,    26, -4.316922682694e-01, 1.189943235044e-06, 2.6492e+01, 5.5885e-01, 
 2DIAGNOSTIC,    27, -4.316929565671e-01, 1.112330720573e-06, 2.7128e+01, 6.3565e-01, 
DIAGNOSTIC,Iteration,metricValue,convergenceValue,ITERATION_TIME_INDEX,SINCE_LAST
 2DIAGNOSTIC,     1, -3.996232971076e-01, 1.797693134862e+308, 4.2444e+01, 1.5316e+01, 
 2DIAGNOSTIC,     2, -3.996235389035e-01, 1.797693134862e+308, 4.7327e+01, 4.8831e+00, 
 2DIAGNOSTIC,     3, -3.996234691171e-01, 1.797693134862e+308, 5.1655e+01, 4.3277e+00, 
 2DIAGNOSTIC,     4, -3.996234714644e-01, 1.797693134862e+308, 5.5608e+01, 3.9532e+00, 
 2DIAGNOSTIC,     5, -3.996234015975e-01, 1.797693134862e+308, 5.9973e+01, 4.3644e+00, 
 2DIAGNOSTIC,     6, -3.996233447552e-01, 1.797693134862e+308, 6.3877e+01, 3.9050e+00, 
 2DIAGNOSTIC,     7, -3.996233418316e-01, 1.797693134862e+308, 6.7692e+01, 3.8144e+00, 
 2DIAGNOSTIC,     8, -3.996232587273e-01, 1.797693134862e+308, 7.1000e+01, 3.3086e+00, 
 2DIAGNOSTIC,     9, -3.996232577038e-01, 1.797693134862e+308, 7.4111e+01, 3.1102e+00, 
 2DIAGNOSTIC,    10, -3.996232674548e-01, 3.145934770743e-06, 7.7412e+01, 3.3018e+00, 
 2DIAGNOSTIC,    11, -3.996232754281e-01, 2.849338692532e-06, 8.1074e+01, 3.6618e+00, 
 2DIAGNOSTIC,    12, -3.996232290263e-01, 2.617643292971e-06, 8.4817e+01, 3.7429e+00, 
 2DIAGNOSTIC,    13, -3.996232272642e-01, 2.420738750772e-06, 8.8469e+01, 3.6516e+00, 
 2DIAGNOSTIC,    14, -3.996232432813e-01, 2.255334190265e-06, 9.2101e+01, 3.6325e+00, 
 2DIAGNOSTIC,    15, -3.996232470071e-01, 2.110325330151e-06, 9.5623e+01, 3.5214e+00, 
 2DIAGNOSTIC,    16, -3.996231646057e-01, 1.978162380012e-06, 9.9306e+01, 3.6831e+00, 
 2DIAGNOSTIC,    17, -3.996230973839e-01, 1.859779282305e-06, 1.0298e+02, 3.6746e+00, 
 2DIAGNOSTIC,    18, -3.996230877176e-01, 1.751992599573e-06, 1.0642e+02, 3.4391e+00, 
 2DIAGNOSTIC,    19, -3.996231122338e-01, 1.657726198694e-06, 1.1033e+02, 3.9151e+00, 
 2DIAGNOSTIC,    20, -3.996231125211e-01, 1.574684337410e-06, 1.1383e+02, 3.4961e+00, 
 2DIAGNOSTIC,    21, -3.996231060797e-01, 1.501188783753e-06, 1.1715e+02, 3.3155e+00, 
 2DIAGNOSTIC,    22, -3.996231135331e-01, 1.434459123942e-06, 1.2038e+02, 3.2310e+00, 
 2DIAGNOSTIC,    23, -3.996231372660e-01, 1.375229064737e-06, 1.2521e+02, 4.8340e+00, 
 2DIAGNOSTIC,    24, -3.996229886474e-01, 1.317640943202e-06, 1.2902e+02, 3.8096e+00, 
 2DIAGNOSTIC,    25, -3.996229058324e-01, 1.263309973507e-06, 1.3307e+02, 4.0468e+00, 
 2DIAGNOSTIC,    26, -3.996229004454e-01, 1.211700621867e-06, 1.3661e+02, 3.5465e+00, 
 2DIAGNOSTIC,    27, -3.996228262325e-01, 1.161220399080e-06, 1.4009e+02, 3.4786e+00, 
 2DIAGNOSTIC,    28, -3.996228594851e-01, 1.116542131446e-06, 1.4396e+02, 3.8669e+00, 
 2DIAGNOSTIC,    29, -3.996228561777e-01, 1.077329704724e-06, 1.4751e+02, 3.5467e+00, 
 2DIAGNOSTIC,    30, -3.996228366410e-01, 1.042170516344e-06, 1.5132e+02, 3.8123e+00, 
 2DIAGNOSTIC,    31, -3.996228362307e-01, 1.010827465786e-06, 1.5504e+02, 3.7186e+00, 
  Elapsed time (stage 0): 1.6201e+02


Stage 1
  iterations = 1000x1000x1000x1000x1000
  convergence threshold = 1.0000e-06
  convergence window size = 10
  number of levels = 5
  using the Mattes MI metric (number of bins = 32, weight = 1.0000e+00, use gradient filter = 0)
  preprocessing:  winsorizing the image intensities
  preprocessing:  histogram matching the images
  Shrink factors (level 1 out of 5): [8, 8, 8]
  Shrink factors (level 2 out of 5): [8, 8, 8]
  Shrink factors (level 3 out of 5): [4, 4, 4]
  Shrink factors (level 4 out of 5): [2, 2, 2]
  Shrink factors (level 5 out of 5): [1, 1, 1]
  smoothing sigmas per level: [4, 3, 2, 1, 0]
  regular sampling (percentage = 2.5000e-01)

*** Running AffineTransform registration ***

DIAGNOSTIC,Iteration,metricValue,convergenceValue,ITERATION_TIME_INDEX,SINCE_LAST
 2DIAGNOSTIC,     1, -5.263069916741e-01, 1.797693134862e+308, 1.3997e+00, 1.3997e+00, 
 2DIAGNOSTIC,     2, -5.275842768818e-01, 1.797693134862e+308, 1.4099e+00, 1.0249e-02, 
 2DIAGNOSTIC,     3, -5.297522226199e-01, 1.797693134862e+308, 1.4202e+00, 1.0232e-02, 
 2DIAGNOSTIC,     4, -5.331621073509e-01, 1.797693134862e+308, 1.4306e+00, 1.0413e-02, 
 2DIAGNOSTIC,     5, -5.401562591414e-01, 1.797693134862e+308, 1.4409e+00, 1.0357e-02, 
 2DIAGNOSTIC,     6, -5.700714865230e-01, 1.797693134862e+308, 1.4528e+00, 1.1840e-02, 
 2DIAGNOSTIC,     7, -6.369319287567e-01, 1.797693134862e+308, 1.4647e+00, 1.1936e-02, 
 2DIAGNOSTIC,     8, -6.994068385588e-01, 1.797693134862e+308, 1.4752e+00, 1.0499e-02, 
 2DIAGNOSTIC,     9, -7.395735736894e-01, 1.797693134862e+308, 1.4898e+00, 1.4568e-02, 
 2DIAGNOSTIC,    10, -7.490026009052e-01, 2.725951947958e-02, 1.5000e+00, 1.0205e-02, 
 2DIAGNOSTIC,    11, -7.538227459883e-01, 2.706752377911e-02, 1.5147e+00, 1.4690e-02, 
 2DIAGNOSTIC,    12, -7.547574562939e-01, 2.458236792186e-02, 1.5284e+00, 1.3718e-02, 
 2DIAGNOSTIC,    13, -7.549086473778e-01, 2.041401662291e-02, 1.5445e+00, 1.6065e-02, 
 2DIAGNOSTIC,    14, -7.555949523345e-01, 1.524852471308e-02, 1.5561e+00, 1.1613e-02, 
 2DIAGNOSTIC,    15, -7.560597624518e-01, 9.734477040737e-03, 1.5675e+00, 1.1455e-02, 
 2DIAGNOSTIC,    16, -7.566181649043e-01, 4.925479874700e-03, 1.5784e+00, 1.0878e-02, 
 2DIAGNOSTIC,    17, -7.574464696154e-01, 1.975261969835e-03, 1.5899e+00, 1.1492e-02, 
 2DIAGNOSTIC,    18, -7.594527778412e-01, 7.051808986736e-04, 1.6012e+00, 1.1295e-02, 
 2DIAGNOSTIC,    19, -7.627744456945e-01, 4.758586777499e-04, 1.6183e+00, 1.7112e-02, 
 2DIAGNOSTIC,    20, -7.629270926201e-01, 4.242368282508e-04, 1.6297e+00, 1.1429e-02, 
 2DIAGNOSTIC,    21, -7.630229645996e-01, 4.368485358678e-04, 1.6436e+00, 1.3910e-02, 
 2DIAGNOSTIC,    22, -7.632610681690e-01, 4.305307192078e-04, 1.6553e+00, 1.1690e-02, 
 2DIAGNOSTIC,    23, -7.635136438230e-01, 3.910501605459e-04, 1.6684e+00, 1.3074e-02, 
 2DIAGNOSTIC,    24, -7.640510786416e-01, 3.386445558031e-04, 1.6824e+00, 1.3948e-02, 
 2DIAGNOSTIC,    25, -7.641126169887e-01, 2.679126808717e-04, 1.6976e+00, 1.5216e-02, 
 2DIAGNOSTIC,    26, -7.641168079014e-01, 1.878650815245e-04, 1.7107e+00, 1.3139e-02, 
 2DIAGNOSTIC,    27, -7.642185832924e-01, 1.105227280457e-04, 1.7359e+00, 2.5203e-02, 
 2DIAGNOSTIC,    28, -7.642197813577e-01, 5.635324149181e-05, 1.7502e+00, 1.4292e-02, 
 2DIAGNOSTIC,    29, -7.642787825649e-01, 4.778297237930e-05, 1.7684e+00, 1.8180e-02, 
 2DIAGNOSTIC,    30, -7.643804196430e-01, 3.884828102407e-05, 1.7814e+00, 1.2985e-02, 
 2DIAGNOSTIC,    31, -7.644129900443e-01, 2.865781009855e-05, 1.7946e+00, 1.3241e-02, 
 2DIAGNOSTIC,    32, -7.644248445153e-01, 1.965955432403e-05, 1.8071e+00, 1.2487e-02, 
 2DIAGNOSTIC,    33, -7.645375564254e-01, 1.372916944233e-05, 1.8255e+00, 1.8356e-02, 
 2DIAGNOSTIC,    34, -7.648002703674e-01, 1.627124912520e-05, 1.8390e+00, 1.3544e-02, 
 2DIAGNOSTIC,    35, -7.648464236554e-01, 1.835192462873e-05, 1.8538e+00, 1.4776e-02, 
 2DIAGNOSTIC,    36, -7.648449776547e-01, 1.869809803966e-05, 1.8664e+00, 1.2584e-02, 
 2DIAGNOSTIC,    37, -7.649017182998e-01, 1.909887604830e-05, 1.8771e+00, 1.0718e-02, 
 2DIAGNOSTIC,    38, -7.649572690447e-01, 1.829812204979e-05, 1.8925e+00, 1.5391e-02, 
 2DIAGNOSTIC,    39, -7.650690164053e-01, 1.752450831544e-05, 1.9069e+00, 1.4415e-02, 
 2DIAGNOSTIC,    40, -7.650806653817e-01, 1.629615304383e-05, 1.9206e+00, 1.3698e-02, 
 2DIAGNOSTIC,    41, -7.651286762361e-01, 1.449573167494e-05, 1.9330e+00, 1.2410e-02, 
 2DIAGNOSTIC,    42, -7.651808398537e-01, 1.208042690651e-05, 1.9449e+00, 1.1921e-02, 
 2DIAGNOSTIC,    43, -7.652650339102e-01, 1.041560908302e-05, 1.9611e+00, 1.6203e-02, 
 2DIAGNOSTIC,    44, -7.651947964386e-01, 9.589892566553e-06, 1.9721e+00, 1.1027e-02, 
 2DIAGNOSTIC,    45, -7.651717939453e-01, 8.201230844919e-06, 1.9830e+00, 1.0898e-02, 
 2DIAGNOSTIC,    46, -7.652186086066e-01, 6.556477060226e-06, 1.9965e+00, 1.3487e-02, 
 2DIAGNOSTIC,    47, -7.652312472587e-01, 4.968247924241e-06, 2.0090e+00, 1.2433e-02, 
 2DIAGNOSTIC,    48, -7.652489331106e-01, 3.605234923147e-06, 2.0227e+00, 1.3762e-02, 
 2DIAGNOSTIC,    49, -7.653082636780e-01, 3.399543120196e-06, 2.0365e+00, 1.3773e-02, 
 2DIAGNOSTIC,    50, -7.652826276717e-01, 2.831934433511e-06, 2.0579e+00, 2.1430e-02, 
 2DIAGNOSTIC,    51, -7.652826928387e-01, 2.441189912054e-06, 2.0690e+00, 1.1039e-02, 
 2DIAGNOSTIC,    52, -7.652845057854e-01, 2.271706641063e-06, 2.0814e+00, 1.2438e-02, 
 2DIAGNOSTIC,    53, -7.652854372905e-01, 2.585595395035e-06, 2.0925e+00, 1.1118e-02, 
 2DIAGNOSTIC,    54, -7.652847567152e-01, 2.194058570243e-06, 2.1032e+00, 1.0719e-02, 
 2DIAGNOSTIC,    55, -7.652866159925e-01, 1.512541622811e-06, 2.1130e+00, 9.7890e-03, 
 2DIAGNOSTIC,    56, -7.653152022749e-01, 1.295640074520e-06, 2.1231e+00, 1.0029e-02, 
 2DIAGNOSTIC,    57, -7.653177932461e-01, 1.115163826917e-06, 2.1329e+00, 9.8701e-03, 
 2DIAGNOSTIC,    58, -7.653212701225e-01, 1.019201893816e-06, 2.1426e+00, 9.6328e-03, 
 2DIAGNOSTIC,    59, -7.653273023985e-01, 1.318608612254e-06, 2.1540e+00, 1.1440e-02, 
 2DIAGNOSTIC,    60, -7.653366929413e-01, 1.429117878742e-06, 2.1641e+00, 1.0074e-02, 
 2DIAGNOSTIC,    61, -7.654600978331e-01, 2.227082780980e-06, 2.1744e+00, 1.0303e-02, 
 2DIAGNOSTIC,    62, -7.654897697934e-01, 3.010127940850e-06, 2.1877e+00, 1.3324e-02, 
 2DIAGNOSTIC,    63, -7.654904795290e-01, 3.546418756970e-06, 2.1963e+00, 8.5750e-03, 
 2DIAGNOSTIC,    64, -7.654911369905e-01, 3.789521261188e-06, 2.2052e+00, 8.9018e-03, 
 2DIAGNOSTIC,    65, -7.654893675181e-01, 3.704863819606e-06, 2.2138e+00, 8.5771e-03, 
 2DIAGNOSTIC,    66, -7.654957176342e-01, 3.506186377837e-06, 2.2241e+00, 1.0395e-02, 
 2DIAGNOSTIC,    67, -7.654794955618e-01, 2.939963425996e-06, 2.2515e+00, 2.7307e-02, 
 2DIAGNOSTIC,    68, -7.655125533693e-01, 2.374522145836e-06, 2.2726e+00, 2.1104e-02, 
 2DIAGNOSTIC,    69, -7.654954823366e-01, 1.586117912053e-06, 2.2898e+00, 1.7260e-02, 
DIAGNOSTIC,Iteration,metricValue,convergenceValue,ITERATION_TIME_INDEX,SINCE_LAST
 2DIAGNOSTIC,     1, -7.244270951224e-01, 1.797693134862e+308, 3.7078e+00, 1.4180e+00, 
 2DIAGNOSTIC,     2, -7.246794668681e-01, 1.797693134862e+308, 3.7215e+00, 1.3748e-02, 
 2DIAGNOSTIC,     3, -7.249305948216e-01, 1.797693134862e+308, 3.7336e+00, 1.2076e-02, 
 2DIAGNOSTIC,     4, -7.250093685662e-01, 1.797693134862e+308, 3.7444e+00, 1.0740e-02, 
 2DIAGNOSTIC,     5, -7.250824775043e-01, 1.797693134862e+308, 3.7595e+00, 1.5086e-02, 
 2DIAGNOSTIC,     6, -7.250988474246e-01, 1.797693134862e+308, 3.7725e+00, 1.3012e-02, 
 2DIAGNOSTIC,     7, -7.251236831437e-01, 1.797693134862e+308, 3.7839e+00, 1.1391e-02, 
 2DIAGNOSTIC,     8, -7.251484681438e-01, 1.797693134862e+308, 3.7961e+00, 1.2204e-02, 
 2DIAGNOSTIC,     9, -7.251312905126e-01, 1.797693134862e+308, 3.8071e+00, 1.1078e-02, 
 2DIAGNOSTIC,    10, -7.250962949997e-01, 5.308452873849e-05, 3.8188e+00, 1.1624e-02, 
 2DIAGNOSTIC,    11, -7.251142910352e-01, 2.784249125211e-05, 3.8325e+00, 1.3692e-02, 
 2DIAGNOSTIC,    12, -7.251262482843e-01, 1.298234760694e-05, 3.8478e+00, 1.5326e-02, 
 2DIAGNOSTIC,    13, -7.251601380861e-01, 8.002569993198e-06, 3.8632e+00, 1.5453e-02, 
 2DIAGNOSTIC,    14, -7.250981653218e-01, 3.652751218566e-06, 3.8771e+00, 1.3857e-02, 
 2DIAGNOSTIC,    15, -7.251209509232e-01, 2.346523414493e-06, 3.8919e+00, 1.4835e-02, 
 2DIAGNOSTIC,    16, -7.251230462938e-01, 1.592279855342e-06, 3.9042e+00, 1.2243e-02, 
 2DIAGNOSTIC,    17, -7.251253916654e-01, 1.528171437185e-06, 3.9145e+00, 1.0312e-02, 
 2DIAGNOSTIC,    18, -7.250851502461e-01, 1.173104231623e-06, 3.9260e+00, 1.1484e-02, 
DIAGNOSTIC,Iteration,metricValue,convergenceValue,ITERATION_TIME_INDEX,SINCE_LAST
 2DIAGNOSTIC,     1, -6.703429572818e-01, 1.797693134862e+308, 5.4893e+00, 1.5633e+00, 
 2DIAGNOSTIC,     2, -6.704802998624e-01, 1.797693134862e+308, 5.6038e+00, 1.1457e-01, 
 2DIAGNOSTIC,     3, -6.705750943162e-01, 1.797693134862e+308, 5.6941e+00, 9.0307e-02, 
 2DIAGNOSTIC,     4, -6.707373323669e-01, 1.797693134862e+308, 5.7753e+00, 8.1166e-02, 
 2DIAGNOSTIC,     5, -6.707950005845e-01, 1.797693134862e+308, 5.9224e+00, 1.4713e-01, 
 2DIAGNOSTIC,     6, -6.708475559744e-01, 1.797693134862e+308, 6.0235e+00, 1.0103e-01, 
 2DIAGNOSTIC,     7, -6.708585444396e-01, 1.797693134862e+308, 6.1145e+00, 9.0983e-02, 
 2DIAGNOSTIC,     8, -6.708776560450e-01, 1.797693134862e+308, 6.1968e+00, 8.2298e-02, 
 2DIAGNOSTIC,     9, -6.709214582891e-01, 1.797693134862e+308, 6.3008e+00, 1.0406e-01, 
 2DIAGNOSTIC,    10, -6.709729583004e-01, 5.797345704381e-05, 6.4170e+00, 1.1623e-01, 
 2DIAGNOSTIC,    11, -6.710515472172e-01, 4.481949764087e-05, 6.5093e+00, 9.2291e-02, 
 2DIAGNOSTIC,    12, -6.711317018113e-01, 3.773635459116e-05, 6.6513e+00, 1.4192e-01, 
 2DIAGNOSTIC,    13, -6.711449130193e-01, 3.196081772196e-05, 6.7964e+00, 1.4519e-01, 
 2DIAGNOSTIC,    14, -6.711468082890e-01, 2.929777178318e-05, 6.9000e+00, 1.0354e-01, 
 2DIAGNOSTIC,    15, -6.711526405168e-01, 2.628853393152e-05, 6.9908e+00, 9.0795e-02, 
 2DIAGNOSTIC,    16, -6.711660107316e-01, 2.315532592928e-05, 7.0813e+00, 9.0513e-02, 
 2DIAGNOSTIC,    17, -6.711738498956e-01, 1.888259633116e-05, 7.1866e+00, 1.0526e-01, 
 2DIAGNOSTIC,    18, -6.711810561724e-01, 1.413617696218e-05, 7.2997e+00, 1.1319e-01, 
 2DIAGNOSTIC,    19, -6.712095666759e-01, 1.037301934226e-05, 7.4087e+00, 1.0892e-01, 
 2DIAGNOSTIC,    20, -6.712260719720e-01, 7.579648790904e-06, 7.5035e+00, 9.4838e-02, 
 2DIAGNOSTIC,    21, -6.712673810437e-01, 6.864585225405e-06, 7.5925e+00, 8.9029e-02, 
 2DIAGNOSTIC,    22, -6.713241266300e-01, 8.331807541451e-06, 7.6909e+00, 9.8398e-02, 
 2DIAGNOSTIC,    23, -6.716115442561e-01, 1.454682196603e-05, 7.8460e+00, 1.5505e-01, 
 2DIAGNOSTIC,    24, -6.716280777012e-01, 1.920580444299e-05, 7.9485e+00, 1.0254e-01, 
 2DIAGNOSTIC,    25, -6.716281080171e-01, 2.196643015687e-05, 8.0528e+00, 1.0429e-01, 
 2DIAGNOSTIC,    26, -6.716246953249e-01, 2.279957138938e-05, 8.1614e+00, 1.0856e-01, 
 2DIAGNOSTIC,    27, -6.716250184939e-01, 2.164452446903e-05, 8.2617e+00, 1.0029e-01, 
 2DIAGNOSTIC,    28, -6.716246007155e-01, 1.866703354070e-05, 8.3668e+00, 1.0517e-01, 
 2DIAGNOSTIC,    29, -6.716208388337e-01, 1.459433495761e-05, 8.4651e+00, 9.8243e-02, 
 2DIAGNOSTIC,    30, -6.716212410791e-01, 9.815785050507e-06, 8.6210e+00, 1.5598e-01, 
 2DIAGNOSTIC,    31, -6.716206772851e-01, 5.102305833025e-06, 8.7207e+00, 9.9663e-02, 
DIAGNOSTIC,Iteration,metricValue,convergenceValue,ITERATION_TIME_INDEX,SINCE_LAST
 2DIAGNOSTIC,     1, -6.064918772974e-01, 1.797693134862e+308, 1.1614e+01, 2.8937e+00, 
 2DIAGNOSTIC,     2, -6.067045960991e-01, 1.797693134862e+308, 1.2271e+01, 6.5647e-01, 
 2DIAGNOSTIC,     3, -6.068169126444e-01, 1.797693134862e+308, 1.3024e+01, 7.5330e-01, 
 2DIAGNOSTIC,     4, -6.068968026153e-01, 1.797693134862e+308, 1.3878e+01, 8.5345e-01, 
 2DIAGNOSTIC,     5, -6.069127435932e-01, 1.797693134862e+308, 1.4532e+01, 6.5413e-01, 
 2DIAGNOSTIC,     6, -6.069303647182e-01, 1.797693134862e+308, 1.5170e+01, 6.3809e-01, 
 2DIAGNOSTIC,     7, -6.069629306480e-01, 1.797693134862e+308, 1.5791e+01, 6.2079e-01, 
 2DIAGNOSTIC,     8, -6.070359312856e-01, 1.797693134862e+308, 1.6666e+01, 8.7583e-01, 
 2DIAGNOSTIC,     9, -6.070538195101e-01, 1.797693134862e+308, 1.7578e+01, 9.1110e-01, 
 2DIAGNOSTIC,    10, -6.070531386367e-01, 5.253666388631e-05, 1.8297e+01, 7.1972e-01, 
 2DIAGNOSTIC,    11, -6.070552322472e-01, 3.397564475657e-05, 1.8984e+01, 6.8721e-01, 
 2DIAGNOSTIC,    12, -6.070548176469e-01, 2.390282986391e-05, 1.9685e+01, 7.0073e-01, 
 2DIAGNOSTIC,    13, -6.070545692530e-01, 1.738259248410e-05, 2.0469e+01, 7.8390e-01, 
 2DIAGNOSTIC,    14, -6.070550558102e-01, 1.311752836802e-05, 2.1148e+01, 6.7908e-01, 
 2DIAGNOSTIC,    15, -6.070535242076e-01, 8.911936311598e-06, 2.1818e+01, 6.6967e-01, 
 2DIAGNOSTIC,    16, -6.070526561811e-01, 5.107095973025e-06, 2.2437e+01, 6.1909e-01, 
 2DIAGNOSTIC,    17, -6.070536086878e-01, 2.334460778963e-06, 2.3375e+01, 9.3850e-01, 
 2DIAGNOSTIC,    18, -6.070541402152e-01, 1.725837875027e-06, 2.4105e+01, 7.2936e-01, 
 2DIAGNOSTIC,    19, -6.070535346050e-01, 1.611533300167e-06, 2.4793e+01, 6.8866e-01, 
 2DIAGNOSTIC,    20, -6.070522143425e-01, 1.467597096814e-06, 2.5472e+01, 6.7804e-01, 
 2DIAGNOSTIC,    21, -6.070523592859e-01, 1.400375899685e-06, 2.6080e+01, 6.0890e-01, 
 2DIAGNOSTIC,    22, -6.070521340121e-01, 1.335139030494e-06, 2.6776e+01, 6.9596e-01, 
 2DIAGNOSTIC,    23, -6.070507093362e-01, 1.250468037603e-06, 2.7396e+01, 6.1959e-01, 
 2DIAGNOSTIC,    24, -6.070509753220e-01, 1.201979027053e-06, 2.8072e+01, 6.7633e-01, 
 2DIAGNOSTIC,    25, -6.070512415920e-01, 1.146035805547e-06, 2.8674e+01, 6.0174e-01, 
 2DIAGNOSTIC,    26, -6.070513881807e-01, 1.092310009325e-06, 2.9472e+01, 7.9799e-01, 
 2DIAGNOSTIC,    27, -6.070510637059e-01, 1.065263953874e-06, 3.0179e+01, 7.0677e-01, 
 2DIAGNOSTIC,    28, -6.070506763852e-01, 1.053940061814e-06, 3.0798e+01, 6.1948e-01, 
 2DIAGNOSTIC,    29, -6.070501632598e-01, 1.033833878630e-06, 3.1496e+01, 6.9804e-01, 
 2DIAGNOSTIC,    30, -6.070503702139e-01, 1.003173632656e-06, 3.2107e+01, 6.1081e-01, 
DIAGNOSTIC,Iteration,metricValue,convergenceValue,ITERATION_TIME_INDEX,SINCE_LAST
 2DIAGNOSTIC,     1, -5.500491577198e-01, 1.797693134862e+308, 4.2168e+01, 1.0060e+01, 
 2DIAGNOSTIC,     2, -5.501473319230e-01, 1.797693134862e+308, 4.6679e+01, 4.5118e+00, 
 2DIAGNOSTIC,     3, -5.501787064671e-01, 1.797693134862e+308, 5.1177e+01, 4.4978e+00, 
 2DIAGNOSTIC,     4, -5.502029044763e-01, 1.797693134862e+308, 5.6228e+01, 5.0511e+00, 
 2DIAGNOSTIC,     5, -5.502070532101e-01, 1.797693134862e+308, 6.0130e+01, 3.9015e+00, 
 2DIAGNOSTIC,     6, -5.502143948085e-01, 1.797693134862e+308, 6.3949e+01, 3.8190e+00, 
 2DIAGNOSTIC,     7, -5.502169858685e-01, 1.797693134862e+308, 6.8081e+01, 4.1326e+00, 
 2DIAGNOSTIC,     8, -5.502175678637e-01, 1.797693134862e+308, 7.1889e+01, 3.8072e+00, 
 2DIAGNOSTIC,     9, -5.502175511312e-01, 1.797693134862e+308, 7.6864e+01, 4.9757e+00, 
 2DIAGNOSTIC,    10, -5.502177321158e-01, 1.686970016054e-05, 8.3267e+01, 6.4030e+00, 
 2DIAGNOSTIC,    11, -5.502178873320e-01, 8.539737465035e-06, 8.8151e+01, 4.8841e+00, 
 2DIAGNOSTIC,    12, -5.502178132905e-01, 5.288166198353e-06, 9.2105e+01, 3.9536e+00, 
 2DIAGNOSTIC,    13, -5.502177380795e-01, 3.521113495789e-06, 9.5667e+01, 3.5621e+00, 
 2DIAGNOSTIC,    14, -5.502175878378e-01, 2.796727642154e-06, 1.0012e+02, 4.4504e+00, 
 2DIAGNOSTIC,    15, -5.502176260095e-01, 2.259336426530e-06, 1.0504e+02, 4.9217e+00, 
 2DIAGNOSTIC,    16, -5.502175892231e-01, 2.009835749245e-06, 1.0970e+02, 4.6559e+00, 
 2DIAGNOSTIC,    17, -5.502175951120e-01, 1.866183386261e-06, 1.1321e+02, 3.5157e+00, 
 2DIAGNOSTIC,    18, -5.502175322119e-01, 1.754066299903e-06, 1.1739e+02, 4.1789e+00, 
 2DIAGNOSTIC,    19, -5.502175383545e-01, 1.654671331237e-06, 1.2089e+02, 3.5002e+00, 
 2DIAGNOSTIC,    20, -5.502174805770e-01, 1.570028413708e-06, 1.2499e+02, 4.0987e+00, 
 2DIAGNOSTIC,    21, -5.502174896731e-01, 1.499397557655e-06, 1.2866e+02, 3.6706e+00, 
 2DIAGNOSTIC,    22, -5.502174944840e-01, 1.435009377299e-06, 1.3281e+02, 4.1510e+00, 
 2DIAGNOSTIC,    23, -5.502174955598e-01, 1.375672845735e-06, 1.3696e+02, 4.1495e+00, 
 2DIAGNOSTIC,    24, -5.502175073101e-01, 1.318974367184e-06, 1.4058e+02, 3.6204e+00, 
 2DIAGNOSTIC,    25, -5.502174663916e-01, 1.267378628031e-06, 1.4366e+02, 3.0849e+00, 
 2DIAGNOSTIC,    26, -5.502175414460e-01, 1.220997601602e-06, 1.4742e+02, 3.7514e+00, 
 2DIAGNOSTIC,    27, -5.502175760267e-01, 1.179029544419e-06, 1.5138e+02, 3.9606e+00, 
 2DIAGNOSTIC,    28, -5.502174729121e-01, 1.136886820997e-06, 1.5521e+02, 3.8351e+00, 
 2DIAGNOSTIC,    29, -5.502175030955e-01, 1.098336162922e-06, 1.5893e+02, 3.7151e+00, 
 2DIAGNOSTIC,    30, -5.502174068096e-01, 1.059545075538e-06, 1.6249e+02, 3.5627e+00, 
 2DIAGNOSTIC,    31, -5.502172895486e-01, 1.021534992610e-06, 1.6785e+02, 5.3643e+00, 
  Elapsed time (stage 1): 1.7479e+02


Total elapsed time: 3.3681e+02
ALL Done
