
Running for 3-dimensional images.

*********10*********20*********30*********40*********50*********60*********70*********80*********90*********

   AdaptiveNonLocalMeansDenoisingImageFilter (0x36b7370)
     RTTI typeinfo:   itk::AdaptiveNonLocalMeansDenoisingImageFilter<itk::Image<float, 3u>, itk::Image<float, 3u>, itk::Image<unsigned char, 3u> >
     Reference Count: 1
     Modified Time: 392
     Debug: Off
     Object Name: 
     Observers: 
       ProgressEvent(Command)
     Inputs: 
       Primary: (0x36b62f0) *
       _1: (0)
     Indexed Inputs: 
       0: Primary (0x36b62f0)
       1: _1 (0)
     Required Input Names: Primary
     NumberOfRequiredInputs: 1
     Outputs: 
       Primary: (0x36b5da0)
     Indexed Outputs: 
       0: Primary (0x36b5da0)
     NumberOfRequiredOutputs: 1
     Number Of Work Units: 56
     ReleaseDataFlag: Off
     ReleaseDataBeforeUpdateFlag: Off
     AbortGenerateData: Off
     Progress: 1
     Multithreader: 
       RTTI typeinfo:   itk::PoolMultiThreader
       Reference Count: 1
       Modified Time: 352
       Debug: Off
       Object Name: 
       Observers: 
         none
       Number of Work Units: 52
       Number of Threads: 14
       Global Maximum Number Of Threads: 128
       Global Default Number Of Threads: 14
       Global Default Threader Type: itk::MultiThreaderBaseEnums::Threader::Pool
       SingleMethod: 1
       SingleData: 0x7ffc92085f78
     DynamicMultiThreading: Off
     CoordinateTolerance: 1e-06
     DirectionTolerance: 1e-06
Using mean squares to measure the patch similarity.
     Neighborhood search radius = [2, 2, 2]
     Neighborhood patch radius = [1, 1, 1]
     Using Rician noise model.
     Epsilon = 1e-05
     Mean threshold = 0.95
     Variance threshold = 0.5
     Smoothing variance = 2
     Neighborhood radius for local mean and variance = [1, 1, 1]
Elapsed time: 234.222
All_Command_lines_OK
Using double precision for computations.
=============================================================================
The composite transform comprises the following transforms (in order): 
  1. Center of mass alignment using fixed image: /Dedicated/jmichaelson-wdata/msmuhammad/projects/RPOE/3dprint/data/derivatives/pre-freesurfer/../../temp/MNI152_T1_0.5mm.nii.gz and moving image: /Dedicated/jmichaelson-wdata/msmuhammad/projects/RPOE/3dprint/data/derivatives/pre-freesurfer/2E_037/2E_037/2E_037_reorient_RPI_denoise.nii.gz (type = Euler3DTransform)
=============================================================================
  number of levels = 5
  number of levels = 5
  fixed image: /Dedicated/jmichaelson-wdata/msmuhammad/projects/RPOE/3dprint/data/derivatives/pre-freesurfer/../../temp/MNI152_T1_0.5mm.nii.gz
  moving image: /Dedicated/jmichaelson-wdata/msmuhammad/projects/RPOE/3dprint/data/derivatives/pre-freesurfer/2E_037/2E_037/2E_037_reorient_RPI_denoise.nii.gz
  fixed image: /Dedicated/jmichaelson-wdata/msmuhammad/projects/RPOE/3dprint/data/derivatives/pre-freesurfer/../../temp/MNI152_T1_0.5mm.nii.gz
  moving image: /Dedicated/jmichaelson-wdata/msmuhammad/projects/RPOE/3dprint/data/derivatives/pre-freesurfer/2E_037/2E_037/2E_037_reorient_RPI_denoise.nii.gz
Dimension = 3
Number of stages = 2
Use histogram matching = true
Winsorize image intensities = true
  Lower quantile = 0.005
  Upper quantile = 0.995


Stage 1 State
   Image metric = Mattes
     Fixed image = Image (0x3e7af10)
  RTTI typeinfo:   itk::Image<double, 3u>
  Reference Count: 2
  Modified Time: 1694
  Debug: Off
  Object Name: 
  Observers: 
    none
  Source: (none)
  Source output name: (none)
  Release Data: Off
  Data Released: False
  Global Release Data: Off
  PipelineMTime: 0
  UpdateMTime: 1477
  RealTimeStamp: 0 seconds 
  LargestPossibleRegion: 
    Dimension: 3
    Index: [0, 0, 0]
    Size: [364, 436, 364]
  BufferedRegion: 
    Dimension: 3
    Index: [0, 0, 0]
    Size: [364, 436, 364]
  RequestedRegion: 
    Dimension: 3
    Index: [0, 0, 0]
    Size: [364, 436, 364]
  Spacing: [0.5, 0.5, 0.5]
  Origin: [-90, 126, -72]
  Direction: 
1 0 0
0 -1 0
0 0 1

  IndexToPointMatrix: 
0.5 0 0
0 -0.5 0
0 0 0.5

  PointToIndexMatrix: 
2 0 0
0 -2 0
0 0 2

  Inverse Direction: 
1 0 0
0 -1 0
0 0 1

  PixelContainer: 
    ImportImageContainer (0x3e679d0)
      RTTI typeinfo:   itk::ImportImageContainer<unsigned long, double>
      Reference Count: 1
      Modified Time: 1474
      Debug: Off
      Object Name: 
      Observers: 
        none
      Pointer: 0x2b02ff1ce010
      Container manages memory: true
      Size: 57768256
      Capacity: 57768256

     Moving image = Image (0x3e7aaf0)
  RTTI typeinfo:   itk::Image<double, 3u>
  Reference Count: 2
  Modified Time: 1695
  Debug: Off
  Object Name: 
  Observers: 
    none
  Source: (none)
  Source output name: (none)
  Release Data: Off
  Data Released: False
  Global Release Data: Off
  PipelineMTime: 0
  UpdateMTime: 1692
  RealTimeStamp: 0 seconds 
  LargestPossibleRegion: 
    Dimension: 3
    Index: [0, 0, 0]
    Size: [280, 512, 512]
  BufferedRegion: 
    Dimension: 3
    Index: [0, 0, 0]
    Size: [280, 512, 512]
  RequestedRegion: 
    Dimension: 3
    Index: [0, 0, 0]
    Size: [280, 512, 512]
  Spacing: [0.599998, 0.4688, 0.4688]
  Origin: [-88.6996, 86.0412, -124.166]
  Direction: 
1 0 0
0 -1 0
0 0 1

  IndexToPointMatrix: 
0.599998 0 0
0 -0.4688 0
0 0 0.4688

  PointToIndexMatrix: 
1.66667 0 0
0 -2.13311 0
0 0 2.13311

  Inverse Direction: 
1 0 0
0 -1 0
0 0 1

  PixelContainer: 
    ImportImageContainer (0x3e7e190)
      RTTI typeinfo:   itk::ImportImageContainer<unsigned long, double>
      Reference Count: 1
      Modified Time: 1689
      Debug: Off
      Object Name: 
      Observers: 
        none
      Pointer: 0x2b031aa8b010
      Container manages memory: true
      Size: 73400320
      Capacity: 73400320

     Weighting = 1
     Sampling strategy = regular
     Number of bins = 32
     Radius = 4
     Sampling percentage  = 0.25
   Transform = Rigid
     Gradient step = 0.1
     Update field sigma (voxel space) = 0
     Total field sigma (voxel space) = 0
     Update field time sigma = 0
     Total field time sigma  = 0
     Number of time indices = 0
     Number of time point samples = 0
Stage 2 State
   Image metric = Mattes
     Fixed image = Image (0x3e8a4a0)
  RTTI typeinfo:   itk::Image<double, 3u>
  Reference Count: 2
  Modified Time: 2126
  Debug: Off
  Object Name: 
  Observers: 
    none
  Source: (none)
  Source output name: (none)
  Release Data: Off
  Data Released: False
  Global Release Data: Off
  PipelineMTime: 0
  UpdateMTime: 1909
  RealTimeStamp: 0 seconds 
  LargestPossibleRegion: 
    Dimension: 3
    Index: [0, 0, 0]
    Size: [364, 436, 364]
  BufferedRegion: 
    Dimension: 3
    Index: [0, 0, 0]
    Size: [364, 436, 364]
  RequestedRegion: 
    Dimension: 3
    Index: [0, 0, 0]
    Size: [364, 436, 364]
  Spacing: [0.5, 0.5, 0.5]
  Origin: [-90, 126, -72]
  Direction: 
1 0 0
0 -1 0
0 0 1

  IndexToPointMatrix: 
0.5 0 0
0 -0.5 0
0 0 0.5

  PointToIndexMatrix: 
2 0 0
0 -2 0
0 0 2

  Inverse Direction: 
1 0 0
0 -1 0
0 0 1

  PixelContainer: 
    ImportImageContainer (0x3e8a760)
      RTTI typeinfo:   itk::ImportImageContainer<unsigned long, double>
      Reference Count: 1
      Modified Time: 1906
      Debug: Off
      Object Name: 
      Observers: 
        none
      Pointer: 0x2b033da8c010
      Container manages memory: true
      Size: 57768256
      Capacity: 57768256

     Moving image = Image (0x3e745b0)
  RTTI typeinfo:   itk::Image<double, 3u>
  Reference Count: 2
  Modified Time: 2127
  Debug: Off
  Object Name: 
  Observers: 
    none
  Source: (none)
  Source output name: (none)
  Release Data: Off
  Data Released: False
  Global Release Data: Off
  PipelineMTime: 0
  UpdateMTime: 2124
  RealTimeStamp: 0 seconds 
  LargestPossibleRegion: 
    Dimension: 3
    Index: [0, 0, 0]
    Size: [280, 512, 512]
  BufferedRegion: 
    Dimension: 3
    Index: [0, 0, 0]
    Size: [280, 512, 512]
  RequestedRegion: 
    Dimension: 3
    Index: [0, 0, 0]
    Size: [280, 512, 512]
  Spacing: [0.599998, 0.4688, 0.4688]
  Origin: [-88.6996, 86.0412, -124.166]
  Direction: 
1 0 0
0 -1 0
0 0 1

  IndexToPointMatrix: 
0.599998 0 0
0 -0.4688 0
0 0 0.4688

  PointToIndexMatrix: 
1.66667 0 0
0 -2.13311 0
0 0 2.13311

  Inverse Direction: 
1 0 0
0 -1 0
0 0 1

  PixelContainer: 
    ImportImageContainer (0x3e79c90)
      RTTI typeinfo:   itk::ImportImageContainer<unsigned long, double>
      Reference Count: 1
      Modified Time: 2121
      Debug: Off
      Object Name: 
      Observers: 
        none
      Pointer: 0x2b0359349010
      Container manages memory: true
      Size: 73400320
      Capacity: 73400320

     Weighting = 1
     Sampling strategy = regular
     Number of bins = 32
     Radius = 4
     Sampling percentage  = 0.25
   Transform = Affine
     Gradient step = 0.1
     Update field sigma (voxel space) = 0
     Total field sigma (voxel space) = 0
     Update field time sigma = 0
     Total field time sigma  = 0
     Number of time indices = 0
     Number of time point samples = 0
Registration using 2 total stages.

Stage 0
  iterations = 2000x2000x2000x2000x2000
  convergence threshold = 1e-06
  convergence window size = 10
  number of levels = 5
  using the Mattes MI metric (number of bins = 32, weight = 1, use gradient filter = 0)
  preprocessing:  winsorizing the image intensities
  preprocessing:  histogram matching the images
  Shrink factors (level 1 out of 5): [8, 8, 8]
  Shrink factors (level 2 out of 5): [8, 8, 8]
  Shrink factors (level 3 out of 5): [4, 4, 4]
  Shrink factors (level 4 out of 5): [2, 2, 2]
  Shrink factors (level 5 out of 5): [1, 1, 1]
  smoothing sigmas per level: [4, 3, 2, 1, 0]
  regular sampling (percentage = 0.25)

*** Running Euler3DTransform registration ***

DIAGNOSTIC,Iteration,metricValue,convergenceValue,ITERATION_TIME_INDEX,SINCE_LAST
 2DIAGNOSTIC,     1, -5.344464256665e-01, 1.797693134862e+308, 1.4485e+00, 1.4485e+00, 
 2DIAGNOSTIC,     2, -5.360729031437e-01, 1.797693134862e+308, 1.4590e+00, 1.0445e-02, 
 2DIAGNOSTIC,     3, -5.387286288279e-01, 1.797693134862e+308, 1.4696e+00, 1.0595e-02, 
 2DIAGNOSTIC,     4, -5.429253311361e-01, 1.797693134862e+308, 1.4807e+00, 1.1128e-02, 
 2DIAGNOSTIC,     5, -5.478271719537e-01, 1.797693134862e+308, 1.4921e+00, 1.1425e-02, 
 2DIAGNOSTIC,     6, -5.542401229591e-01, 1.797693134862e+308, 1.5036e+00, 1.1413e-02, 
 2DIAGNOSTIC,     7, -5.625301168931e-01, 1.797693134862e+308, 1.5147e+00, 1.1193e-02, 
 2DIAGNOSTIC,     8, -5.658364052785e-01, 1.797693134862e+308, 1.5274e+00, 1.2673e-02, 
 2DIAGNOSTIC,     9, -5.682055418665e-01, 1.797693134862e+308, 1.5391e+00, 1.1696e-02, 
 2DIAGNOSTIC,    10, -5.684209451819e-01, 4.704143262169e-03, 1.5499e+00, 1.0831e-02, 
 2DIAGNOSTIC,    11, -5.686967512021e-01, 4.021968777656e-03, 1.5611e+00, 1.1178e-02, 
 2DIAGNOSTIC,    12, -5.697539940520e-01, 3.207107737697e-03, 1.5741e+00, 1.3025e-02, 
 2DIAGNOSTIC,    13, -5.701913327247e-01, 2.350494785935e-03, 1.5828e+00, 8.6510e-03, 
 2DIAGNOSTIC,    14, -5.703891029449e-01, 1.567254442538e-03, 1.5912e+00, 8.3699e-03, 
 2DIAGNOSTIC,    15, -5.706882333952e-01, 9.238303485234e-04, 1.5995e+00, 8.3280e-03, 
 2DIAGNOSTIC,    16, -5.710573547831e-01, 4.884217637643e-04, 1.6075e+00, 8.0440e-03, 
 2DIAGNOSTIC,    17, -5.726925305641e-01, 3.545006064060e-04, 1.6160e+00, 8.4710e-03, 
 2DIAGNOSTIC,    18, -5.742051145562e-01, 3.358932956148e-04, 1.6302e+00, 1.4203e-02, 
 2DIAGNOSTIC,    19, -5.742171162415e-01, 3.516022148650e-04, 1.6373e+00, 7.0789e-03, 
 2DIAGNOSTIC,    20, -5.742647723566e-01, 3.411303259759e-04, 1.6434e+00, 6.1362e-03, 
 2DIAGNOSTIC,    21, -5.744067337153e-01, 3.098466258268e-04, 1.6503e+00, 6.8491e-03, 
 2DIAGNOSTIC,    22, -5.745284821060e-01, 2.787694033068e-04, 1.6572e+00, 6.8791e-03, 
 2DIAGNOSTIC,    23, -5.745493695065e-01, 2.339456737538e-04, 1.6642e+00, 6.9981e-03, 
 2DIAGNOSTIC,    24, -5.744819480748e-01, 1.742990821796e-04, 1.6711e+00, 6.8979e-03, 
 2DIAGNOSTIC,    25, -5.745555761577e-01, 1.115278190288e-04, 1.6783e+00, 7.1969e-03, 
 2DIAGNOSTIC,    26, -5.745830321108e-01, 5.032577648711e-05, 1.6849e+00, 6.6831e-03, 
 2DIAGNOSTIC,    27, -5.745721520073e-01, 1.851181653183e-05, 1.6916e+00, 6.7060e-03, 
 2DIAGNOSTIC,    28, -5.745585822753e-01, 1.435418770236e-05, 1.6985e+00, 6.8281e-03, 
 2DIAGNOSTIC,    29, -5.745459230935e-01, 9.296585406188e-06, 1.7058e+00, 7.3729e-03, 
 2DIAGNOSTIC,    30, -5.745569881813e-01, 4.734967688588e-06, 1.7128e+00, 6.9799e-03, 
 2DIAGNOSTIC,    31, -5.745317726269e-01, 1.923108127147e-06, 1.7190e+00, 6.2230e-03, 
 2DIAGNOSTIC,    32, -5.745696284142e-01, 1.716824871829e-06, 1.7255e+00, 6.4421e-03, 
 2DIAGNOSTIC,    33, -5.746388123375e-01, 2.860761785864e-06, 1.7319e+00, 6.4499e-03, 
 2DIAGNOSTIC,    34, -5.747590215139e-01, 4.481756857605e-06, 1.7389e+00, 6.9430e-03, 
 2DIAGNOSTIC,    35, -5.749262893717e-01, 9.076123052277e-06, 1.7452e+00, 6.2969e-03, 
 2DIAGNOSTIC,    36, -5.750619882556e-01, 1.487810633343e-05, 1.7526e+00, 7.4251e-03, 
 2DIAGNOSTIC,    37, -5.753619909770e-01, 2.293975558403e-05, 1.7594e+00, 6.8259e-03, 
 2DIAGNOSTIC,    38, -5.756781192737e-01, 3.237685667544e-05, 1.7707e+00, 1.1262e-02, 
 2DIAGNOSTIC,    39, -5.757986853196e-01, 3.962488466461e-05, 1.7772e+00, 6.4950e-03, 
 2DIAGNOSTIC,    40, -5.758710606967e-01, 4.389700147486e-05, 1.7845e+00, 7.2680e-03, 
 2DIAGNOSTIC,    41, -5.760201350885e-01, 4.538388434302e-05, 1.7912e+00, 6.7849e-03, 
 2DIAGNOSTIC,    42, -5.767386971878e-01, 5.146975938140e-05, 1.8001e+00, 8.8670e-03, 
 2DIAGNOSTIC,    43, -5.768387617977e-01, 5.411689746494e-05, 1.8072e+00, 7.0651e-03, 
 2DIAGNOSTIC,    44, -5.768636422639e-01, 5.326237600973e-05, 1.8139e+00, 6.7730e-03, 
 2DIAGNOSTIC,    45, -5.770918473524e-01, 5.197597920306e-05, 1.8206e+00, 6.6531e-03, 
 2DIAGNOSTIC,    46, -5.773274738944e-01, 4.973125840384e-05, 1.8287e+00, 8.0969e-03, 
 2DIAGNOSTIC,    47, -5.777336429957e-01, 5.014218937864e-05, 1.8382e+00, 9.5320e-03, 
 2DIAGNOSTIC,    48, -5.778514008533e-01, 5.020842993440e-05, 1.8450e+00, 6.7399e-03, 
 2DIAGNOSTIC,    49, -5.779037262008e-01, 4.744038875661e-05, 1.8519e+00, 6.8910e-03, 
 2DIAGNOSTIC,    50, -5.779815376656e-01, 4.187579202902e-05, 1.8593e+00, 7.4089e-03, 
 2DIAGNOSTIC,    51, -5.788188866628e-01, 4.197327073520e-05, 1.8677e+00, 8.4190e-03, 
 2DIAGNOSTIC,    52, -5.788957651529e-01, 4.544398020220e-05, 1.8746e+00, 6.8951e-03, 
 2DIAGNOSTIC,    53, -5.790031409671e-01, 4.653711890976e-05, 1.8816e+00, 6.9940e-03, 
 2DIAGNOSTIC,    54, -5.794777786787e-01, 4.790463030718e-05, 1.8903e+00, 8.7721e-03, 
 2DIAGNOSTIC,    55, -5.795849391271e-01, 4.757354146679e-05, 1.8999e+00, 9.5408e-03, 
 2DIAGNOSTIC,    56, -5.795975310304e-01, 4.477282143241e-05, 1.9076e+00, 7.6721e-03, 
 2DIAGNOSTIC,    57, -5.796759181814e-01, 4.207567946599e-05, 1.9151e+00, 7.5130e-03, 
 2DIAGNOSTIC,    58, -5.796485539919e-01, 3.633496666093e-05, 1.9218e+00, 6.7148e-03, 
 2DIAGNOSTIC,    59, -5.796561903847e-01, 2.787637679508e-05, 1.9288e+00, 7.0400e-03, 
 2DIAGNOSTIC,    60, -5.796847365543e-01, 1.775600666002e-05, 1.9364e+00, 7.6051e-03, 
 2DIAGNOSTIC,    61, -5.797028280878e-01, 1.332524471086e-05, 1.9441e+00, 7.6470e-03, 
 2DIAGNOSTIC,    62, -5.798176409283e-01, 9.369212820097e-06, 1.9518e+00, 7.7169e-03, 
 2DIAGNOSTIC,    63, -5.798471518492e-01, 5.653403329045e-06, 1.9602e+00, 8.4310e-03, 
 2DIAGNOSTIC,    64, -5.798353856421e-01, 5.145619537149e-06, 1.9669e+00, 6.7139e-03, 
 2DIAGNOSTIC,    65, -5.798057518153e-01, 4.815275472327e-06, 1.9734e+00, 6.4361e-03, 
 2DIAGNOSTIC,    66, -5.798140214437e-01, 4.220105567707e-06, 1.9809e+00, 7.4830e-03, 
 2DIAGNOSTIC,    67, -5.798668941887e-01, 4.244431866519e-06, 1.9870e+00, 6.1209e-03, 
 2DIAGNOSTIC,    68, -5.798535063234e-01, 3.590699879021e-06, 1.9939e+00, 6.9051e-03, 
 2DIAGNOSTIC,    69, -5.799033666509e-01, 3.088128192845e-06, 2.0024e+00, 8.5409e-03, 
 2DIAGNOSTIC,    70, -5.798808205349e-01, 2.397972593283e-06, 2.0087e+00, 6.2811e-03, 
 2DIAGNOSTIC,    71, -5.799100771120e-01, 1.855178131048e-06, 2.0151e+00, 6.3798e-03, 
 2DIAGNOSTIC,    72, -5.799173470299e-01, 2.015291044398e-06, 2.0235e+00, 8.4369e-03, 
 2DIAGNOSTIC,    73, -5.799619322718e-01, 2.521221147618e-06, 2.0309e+00, 7.3788e-03, 
 2DIAGNOSTIC,    74, -5.800465155369e-01, 3.303147217974e-06, 2.0374e+00, 6.4631e-03, 
 2DIAGNOSTIC,    75, -5.800725319689e-01, 3.753379136903e-06, 2.0467e+00, 9.2869e-03, 
 2DIAGNOSTIC,    76, -5.800909282213e-01, 4.042748343678e-06, 2.0531e+00, 6.4421e-03, 
 2DIAGNOSTIC,    77, -5.800866909151e-01, 4.297079186484e-06, 2.0594e+00, 6.3422e-03, 
 2DIAGNOSTIC,    78, -5.800853914158e-01, 4.067097728334e-06, 2.0662e+00, 6.7849e-03, 
 2DIAGNOSTIC,    79, -5.800335920116e-01, 3.476151165286e-06, 2.0726e+00, 6.3629e-03, 
 2DIAGNOSTIC,    80, -5.800372295529e-01, 2.490034216434e-06, 2.0782e+00, 5.6639e-03, 
 2DIAGNOSTIC,    81, -5.800490101368e-01, 1.581253481908e-06, 2.0845e+00, 6.3000e-03, 
DIAGNOSTIC,Iteration,metricValue,convergenceValue,ITERATION_TIME_INDEX,SINCE_LAST
 2DIAGNOSTIC,     1, -5.412027581858e-01, 1.797693134862e+308, 3.5250e+00, 1.4405e+00, 
 2DIAGNOSTIC,     2, -5.416026162478e-01, 1.797693134862e+308, 3.5355e+00, 1.0426e-02, 
 2DIAGNOSTIC,     3, -5.423422195347e-01, 1.797693134862e+308, 3.5459e+00, 1.0391e-02, 
 2DIAGNOSTIC,     4, -5.431404711496e-01, 1.797693134862e+308, 3.5563e+00, 1.0481e-02, 
 2DIAGNOSTIC,     5, -5.446451806434e-01, 1.797693134862e+308, 3.5694e+00, 1.3060e-02, 
 2DIAGNOSTIC,     6, -5.447882926928e-01, 1.797693134862e+308, 3.5819e+00, 1.2472e-02, 
 2DIAGNOSTIC,     7, -5.447145134643e-01, 1.797693134862e+308, 3.5931e+00, 1.1252e-02, 
 2DIAGNOSTIC,     8, -5.447549159213e-01, 1.797693134862e+308, 3.6033e+00, 1.0185e-02, 
 2DIAGNOSTIC,     9, -5.448953459112e-01, 1.797693134862e+308, 3.6158e+00, 1.2462e-02, 
 2DIAGNOSTIC,    10, -5.449436447926e-01, 4.772913520898e-04, 3.6271e+00, 1.1377e-02, 
 2DIAGNOSTIC,    11, -5.449486119942e-01, 3.302403085372e-04, 3.6385e+00, 1.1369e-02, 
 2DIAGNOSTIC,    12, -5.449329500527e-01, 1.958359519364e-04, 3.6493e+00, 1.0825e-02, 
 2DIAGNOSTIC,    13, -5.449233533686e-01, 9.396105394574e-05, 3.6590e+00, 9.6521e-03, 
 2DIAGNOSTIC,    14, -5.449277566065e-01, 2.661697161205e-05, 3.6667e+00, 7.7181e-03, 
 2DIAGNOSTIC,    15, -5.449388913530e-01, 1.861337073328e-05, 3.6746e+00, 7.8971e-03, 
 2DIAGNOSTIC,    16, -5.449764419652e-01, 1.613615115909e-05, 3.6820e+00, 7.4110e-03, 
 2DIAGNOSTIC,    17, -5.450309730570e-01, 1.207983220035e-05, 3.6902e+00, 8.2290e-03, 
 2DIAGNOSTIC,    18, -5.453817963353e-01, 1.876218770577e-05, 3.6979e+00, 7.6692e-03, 
 2DIAGNOSTIC,    19, -5.457712168655e-01, 3.743727434730e-05, 3.7066e+00, 8.6818e-03, 
 2DIAGNOSTIC,    20, -5.466973149226e-01, 7.616455877966e-05, 3.7203e+00, 1.3657e-02, 
 2DIAGNOSTIC,    21, -5.466405435615e-01, 1.025456916595e-04, 3.7272e+00, 6.9108e-03, 
 2DIAGNOSTIC,    22, -5.466950684449e-01, 1.184191114664e-04, 3.7335e+00, 6.3150e-03, 
 2DIAGNOSTIC,    23, -5.467635022742e-01, 1.234325897729e-04, 3.7408e+00, 7.2780e-03, 
 2DIAGNOSTIC,    24, -5.467714345479e-01, 1.165827665757e-04, 3.7468e+00, 6.0370e-03, 
 2DIAGNOSTIC,    25, -5.468675951453e-01, 1.014891168724e-04, 3.7538e+00, 7.0410e-03, 
 2DIAGNOSTIC,    26, -5.469039224642e-01, 7.971325311334e-05, 3.7605e+00, 6.6161e-03, 
 2DIAGNOSTIC,    27, -5.468987923351e-01, 5.329231970990e-05, 3.7673e+00, 6.8400e-03, 
 2DIAGNOSTIC,    28, -5.469075700578e-01, 3.054267361211e-05, 3.7743e+00, 7.0140e-03, 
 2DIAGNOSTIC,    29, -5.469036999418e-01, 1.303850784552e-05, 3.7810e+00, 6.7120e-03, 
 2DIAGNOSTIC,    30, -5.469260308780e-01, 1.208499314619e-05, 3.7869e+00, 5.9299e-03, 
 2DIAGNOSTIC,    31, -5.469088313708e-01, 8.870968795892e-06, 3.7929e+00, 5.9638e-03, 
 2DIAGNOSTIC,    32, -5.469363242040e-01, 6.456199625207e-06, 3.7994e+00, 6.4631e-03, 
 2DIAGNOSTIC,    33, -5.469500896361e-01, 4.980716032665e-06, 3.8052e+00, 5.8260e-03, 
 2DIAGNOSTIC,    34, -5.469689359235e-01, 3.578683839968e-06, 3.8118e+00, 6.6450e-03, 
 2DIAGNOSTIC,    35, -5.470116447556e-01, 4.055653017067e-06, 3.8184e+00, 6.5298e-03, 
 2DIAGNOSTIC,    36, -5.470483280096e-01, 5.256665950731e-06, 3.8253e+00, 6.9680e-03, 
 2DIAGNOSTIC,    37, -5.471933310341e-01, 7.937166300279e-06, 3.8321e+00, 6.7420e-03, 
 2DIAGNOSTIC,    38, -5.475015357817e-01, 1.410157450500e-05, 3.8388e+00, 6.7470e-03, 
 2DIAGNOSTIC,    39, -5.475596317371e-01, 1.931022225288e-05, 3.8465e+00, 7.6690e-03, 
 2DIAGNOSTIC,    40, -5.475946136156e-01, 2.329929841300e-05, 3.8649e+00, 1.8371e-02, 
 2DIAGNOSTIC,    41, -5.475945865841e-01, 2.476636314163e-05, 3.8708e+00, 5.9500e-03, 
 2DIAGNOSTIC,    42, -5.475946695371e-01, 2.419197769250e-05, 3.8768e+00, 5.9590e-03, 
 2DIAGNOSTIC,    43, -5.475948097819e-01, 2.151583700092e-05, 3.8828e+00, 6.0351e-03, 
 2DIAGNOSTIC,    44, -5.475950468496e-01, 1.719366959145e-05, 3.8887e+00, 5.8689e-03, 
 2DIAGNOSTIC,    45, -5.475954476488e-01, 1.204475106336e-05, 3.8946e+00, 5.9068e-03, 
 2DIAGNOSTIC,    46, -5.475961244228e-01, 6.462666785615e-06, 3.9005e+00, 5.9581e-03, 
 2DIAGNOSTIC,    47, -5.475972673157e-01, 2.101129351850e-06, 3.9065e+00, 5.9700e-03, 
 2DIAGNOSTIC,    48, -5.475991992504e-01, 1.134843294927e-06, 3.9124e+00, 5.8639e-03, 
DIAGNOSTIC,Iteration,metricValue,convergenceValue,ITERATION_TIME_INDEX,SINCE_LAST
 2DIAGNOSTIC,     1, -5.061403649989e-01, 1.797693134862e+308, 5.3974e+00, 1.4850e+00, 
 2DIAGNOSTIC,     2, -5.065250988832e-01, 1.797693134862e+308, 5.4760e+00, 7.8676e-02, 
 2DIAGNOSTIC,     3, -5.069544369256e-01, 1.797693134862e+308, 5.5333e+00, 5.7218e-02, 
 2DIAGNOSTIC,     4, -5.075043195155e-01, 1.797693134862e+308, 5.5896e+00, 5.6296e-02, 
 2DIAGNOSTIC,     5, -5.079416070000e-01, 1.797693134862e+308, 5.6633e+00, 7.3699e-02, 
 2DIAGNOSTIC,     6, -5.079663346883e-01, 1.797693134862e+308, 5.7374e+00, 7.4143e-02, 
 2DIAGNOSTIC,     7, -5.079748577290e-01, 1.797693134862e+308, 5.8111e+00, 7.3704e-02, 
 2DIAGNOSTIC,     8, -5.079782423864e-01, 1.797693134862e+308, 5.8778e+00, 6.6690e-02, 
 2DIAGNOSTIC,     9, -5.079602732891e-01, 1.797693134862e+308, 5.9355e+00, 5.7747e-02, 
 2DIAGNOSTIC,    10, -5.079528639612e-01, 2.276909919170e-04, 5.9940e+00, 5.8455e-02, 
 2DIAGNOSTIC,    11, -5.079738189669e-01, 1.382867417934e-04, 6.0604e+00, 6.6431e-02, 
 2DIAGNOSTIC,    12, -5.080041148641e-01, 7.103196721095e-05, 6.1265e+00, 6.6089e-02, 
 2DIAGNOSTIC,    13, -5.080226132738e-01, 2.677923294880e-05, 6.1839e+00, 5.7423e-02, 
 2DIAGNOSTIC,    14, -5.080153920622e-01, 7.880517433792e-06, 6.2507e+00, 6.6789e-02, 
 2DIAGNOSTIC,    15, -5.080425794395e-01, 8.345097044019e-06, 6.3180e+00, 6.7286e-02, 
 2DIAGNOSTIC,    16, -5.080137129348e-01, 7.983739152409e-06, 6.4085e+00, 9.0519e-02, 
 2DIAGNOSTIC,    17, -5.080122405587e-01, 7.343335870109e-06, 6.4825e+00, 7.4011e-02, 
 2DIAGNOSTIC,    18, -5.080146892224e-01, 6.465890361920e-06, 6.5597e+00, 7.7129e-02, 
 2DIAGNOSTIC,    19, -5.080115726233e-01, 4.634690493541e-06, 6.6277e+00, 6.8022e-02, 
 2DIAGNOSTIC,    20, -5.080136330060e-01, 2.557459636010e-06, 6.7029e+00, 7.5157e-02, 
DIAGNOSTIC,Iteration,metricValue,convergenceValue,ITERATION_TIME_INDEX,SINCE_LAST
 2DIAGNOSTIC,     1, -4.569692802574e-01, 1.797693134862e+308, 9.5556e+00, 2.8527e+00, 
 2DIAGNOSTIC,     2, -4.569643693337e-01, 1.797693134862e+308, 1.0102e+01, 5.4653e-01, 
 2DIAGNOSTIC,     3, -4.569600741368e-01, 1.797693134862e+308, 1.0553e+01, 4.5088e-01, 
 2DIAGNOSTIC,     4, -4.569597817391e-01, 1.797693134862e+308, 1.1027e+01, 4.7356e-01, 
 2DIAGNOSTIC,     5, -4.569692772433e-01, 1.797693134862e+308, 1.1448e+01, 4.2168e-01, 
 2DIAGNOSTIC,     6, -4.569869298211e-01, 1.797693134862e+308, 1.1870e+01, 4.2196e-01, 
 2DIAGNOSTIC,     7, -4.570257421432e-01, 1.797693134862e+308, 1.2385e+01, 5.1449e-01, 
 2DIAGNOSTIC,     8, -4.570441947017e-01, 1.797693134862e+308, 1.2811e+01, 4.2618e-01, 
 2DIAGNOSTIC,     9, -4.570489433382e-01, 1.797693134862e+308, 1.3457e+01, 6.4587e-01, 
 2DIAGNOSTIC,    10, -4.570477138806e-01, 1.842333471920e-05, 1.4076e+01, 6.1900e-01, 
 2DIAGNOSTIC,    11, -4.570453857337e-01, 1.768009066758e-05, 1.4602e+01, 5.2606e-01, 
 2DIAGNOSTIC,    12, -4.570444622405e-01, 1.541238603159e-05, 1.5119e+01, 5.1750e-01, 
 2DIAGNOSTIC,    13, -4.570433828765e-01, 1.208014901261e-05, 1.5927e+01, 8.0740e-01, 
 2DIAGNOSTIC,    14, -4.570437700269e-01, 8.371475152064e-06, 1.6450e+01, 5.2293e-01, 
 2DIAGNOSTIC,    15, -4.570425734807e-01, 4.954330685647e-06, 1.6938e+01, 4.8800e-01, 
 2DIAGNOSTIC,    16, -4.570419060260e-01, 2.335753153671e-06, 1.7452e+01, 5.1430e-01, 
 2DIAGNOSTIC,    17, -4.570412085413e-01, 1.371002616518e-06, 1.7901e+01, 4.4875e-01, 
 2DIAGNOSTIC,    18, -4.570415529834e-01, 1.202989940698e-06, 1.8404e+01, 5.0344e-01, 
 2DIAGNOSTIC,    19, -4.570416526517e-01, 1.262500209175e-06, 1.8927e+01, 5.2310e-01, 
 2DIAGNOSTIC,    20, -4.570412607955e-01, 1.305441781181e-06, 1.9458e+01, 5.3045e-01, 
 2DIAGNOSTIC,    21, -4.570401739400e-01, 1.271391778086e-06, 1.9917e+01, 4.5943e-01, 
 2DIAGNOSTIC,    22, -4.570399357009e-01, 1.231941059304e-06, 2.0591e+01, 6.7412e-01, 
 2DIAGNOSTIC,    23, -4.570399635969e-01, 1.186092446058e-06, 2.1111e+01, 5.2025e-01, 
 2DIAGNOSTIC,    24, -4.570391533130e-01, 1.151361436892e-06, 2.1647e+01, 5.3598e-01, 
 2DIAGNOSTIC,    25, -4.570390863148e-01, 1.105478702974e-06, 2.2105e+01, 4.5764e-01, 
 2DIAGNOSTIC,    26, -4.570388228806e-01, 1.057498947347e-06, 2.2584e+01, 4.7920e-01, 
DIAGNOSTIC,Iteration,metricValue,convergenceValue,ITERATION_TIME_INDEX,SINCE_LAST
 2DIAGNOSTIC,     1, -4.206432686161e-01, 1.797693134862e+308, 3.1463e+01, 8.8788e+00, 
 2DIAGNOSTIC,     2, -4.206535855364e-01, 1.797693134862e+308, 3.6957e+01, 5.4943e+00, 
 2DIAGNOSTIC,     3, -4.206562164566e-01, 1.797693134862e+308, 4.1287e+01, 4.3293e+00, 
 2DIAGNOSTIC,     4, -4.206561352165e-01, 1.797693134862e+308, 4.6869e+01, 5.5823e+00, 
 2DIAGNOSTIC,     5, -4.206566837041e-01, 1.797693134862e+308, 5.0168e+01, 3.2988e+00, 
 2DIAGNOSTIC,     6, -4.206566283283e-01, 1.797693134862e+308, 5.3980e+01, 3.8128e+00, 
 2DIAGNOSTIC,     7, -4.206564554642e-01, 1.797693134862e+308, 5.7415e+01, 3.4348e+00, 
 2DIAGNOSTIC,     8, -4.206563554860e-01, 1.797693134862e+308, 6.0754e+01, 3.3384e+00, 
 2DIAGNOSTIC,     9, -4.206564204324e-01, 1.797693134862e+308, 6.3445e+01, 2.6916e+00, 
 2DIAGNOSTIC,    10, -4.206564188874e-01, 4.252871193197e-06, 6.6541e+01, 3.0955e+00, 
 2DIAGNOSTIC,    11, -4.206564620949e-01, 3.080505162067e-06, 7.0437e+01, 3.8962e+00, 
 2DIAGNOSTIC,    12, -4.206563592990e-01, 2.658089926943e-06, 7.3924e+01, 3.4867e+00, 
 2DIAGNOSTIC,    13, -4.206563209328e-01, 2.435452571822e-06, 7.6759e+01, 2.8354e+00, 
 2DIAGNOSTIC,    14, -4.206562931760e-01, 2.239467756335e-06, 7.9719e+01, 2.9601e+00, 
 2DIAGNOSTIC,    15, -4.206563667153e-01, 2.100441370792e-06, 8.3047e+01, 3.3284e+00, 
 2DIAGNOSTIC,    16, -4.206563556446e-01, 1.977901870676e-06, 8.6460e+01, 3.4123e+00, 
 2DIAGNOSTIC,    17, -4.206563590396e-01, 1.864226729278e-06, 8.9812e+01, 3.3521e+00, 
 2DIAGNOSTIC,    18, -4.206563545405e-01, 1.759937470980e-06, 9.3153e+01, 3.3416e+00, 
 2DIAGNOSTIC,    19, -4.206562472820e-01, 1.665768630060e-06, 9.6131e+01, 2.9777e+00, 
 2DIAGNOSTIC,    20, -4.206562763759e-01, 1.582693478455e-06, 9.9534e+01, 3.4032e+00, 
 2DIAGNOSTIC,    21, -4.206562880966e-01, 1.510015995278e-06, 1.0260e+02, 3.0618e+00, 
 2DIAGNOSTIC,    22, -4.206562662699e-01, 1.440568520812e-06, 1.0564e+02, 3.0415e+00, 
 2DIAGNOSTIC,    23, -4.206563838732e-01, 1.380081252597e-06, 1.0909e+02, 3.4545e+00, 
 2DIAGNOSTIC,    24, -4.206563655741e-01, 1.323505679864e-06, 1.1272e+02, 3.6307e+00, 
 2DIAGNOSTIC,    25, -4.206562835204e-01, 1.271452450283e-06, 1.1674e+02, 4.0165e+00, 
 2DIAGNOSTIC,    26, -4.206561970299e-01, 1.221007010693e-06, 1.1984e+02, 3.0970e+00, 
 2DIAGNOSTIC,    27, -4.206561251226e-01, 1.172824456240e-06, 1.2308e+02, 3.2433e+00, 
 2DIAGNOSTIC,    28, -4.206560900753e-01, 1.127666605677e-06, 1.2691e+02, 3.8319e+00, 
 2DIAGNOSTIC,    29, -4.206561363449e-01, 1.084945718370e-06, 1.3020e+02, 3.2906e+00, 
 2DIAGNOSTIC,    30, -4.206560798747e-01, 1.045590303679e-06, 1.3368e+02, 3.4780e+00, 
 2DIAGNOSTIC,    31, -4.206559668684e-01, 1.008079331205e-06, 1.3703e+02, 3.3472e+00, 
  Elapsed time (stage 0): 1.4399e+02


Stage 1
  iterations = 1000x1000x1000x1000x1000
  convergence threshold = 1.0000e-06
  convergence window size = 10
  number of levels = 5
  using the Mattes MI metric (number of bins = 32, weight = 1.0000e+00, use gradient filter = 0)
  preprocessing:  winsorizing the image intensities
  preprocessing:  histogram matching the images
  Shrink factors (level 1 out of 5): [8, 8, 8]
  Shrink factors (level 2 out of 5): [8, 8, 8]
  Shrink factors (level 3 out of 5): [4, 4, 4]
  Shrink factors (level 4 out of 5): [2, 2, 2]
  Shrink factors (level 5 out of 5): [1, 1, 1]
  smoothing sigmas per level: [4, 3, 2, 1, 0]
  regular sampling (percentage = 2.5000e-01)

*** Running AffineTransform registration ***

DIAGNOSTIC,Iteration,metricValue,convergenceValue,ITERATION_TIME_INDEX,SINCE_LAST
 2DIAGNOSTIC,     1, -5.775739631791e-01, 1.797693134862e+308, 1.4016e+00, 1.4016e+00, 
 2DIAGNOSTIC,     2, -5.798372116498e-01, 1.797693134862e+308, 1.4145e+00, 1.2911e-02, 
 2DIAGNOSTIC,     3, -5.832510014041e-01, 1.797693134862e+308, 1.4268e+00, 1.2265e-02, 
 2DIAGNOSTIC,     4, -5.889429476427e-01, 1.797693134862e+308, 1.4392e+00, 1.2405e-02, 
 2DIAGNOSTIC,     5, -5.991426494727e-01, 1.797693134862e+308, 1.4521e+00, 1.2918e-02, 
 2DIAGNOSTIC,     6, -6.151716094171e-01, 1.797693134862e+308, 1.4648e+00, 1.2687e-02, 
 2DIAGNOSTIC,     7, -6.436880439336e-01, 1.797693134862e+308, 1.4795e+00, 1.4651e-02, 
 2DIAGNOSTIC,     8, -6.736290304555e-01, 1.797693134862e+308, 1.4979e+00, 1.8477e-02, 
 2DIAGNOSTIC,     9, -6.759954681659e-01, 1.797693134862e+308, 1.5077e+00, 9.8081e-03, 
 2DIAGNOSTIC,    10, -6.834574066025e-01, 1.286666364557e-02, 1.5179e+00, 1.0131e-02, 
 2DIAGNOSTIC,    11, -6.927848136131e-01, 1.238074298063e-02, 1.5278e+00, 9.8889e-03, 
 2DIAGNOSTIC,    12, -7.018222696942e-01, 1.126726512062e-02, 1.5371e+00, 9.3369e-03, 
 2DIAGNOSTIC,    13, -7.137296147031e-01, 9.827813076900e-03, 1.5463e+00, 9.2490e-03, 
 2DIAGNOSTIC,    14, -7.413040990074e-01, 8.752538791506e-03, 1.5560e+00, 9.6638e-03, 
 2DIAGNOSTIC,    15, -7.890235503492e-01, 8.675448241930e-03, 1.5692e+00, 1.3184e-02, 
 2DIAGNOSTIC,    16, -8.049036436228e-01, 8.623681739297e-03, 1.5788e+00, 9.6200e-03, 
 2DIAGNOSTIC,    17, -8.404151417561e-01, 9.343544575303e-03, 1.5907e+00, 1.1930e-02, 
 2DIAGNOSTIC,    18, -8.682650609293e-01, 1.041596546362e-02, 1.6012e+00, 1.0484e-02, 
 2DIAGNOSTIC,    19, -8.734807839770e-01, 1.053831970291e-02, 1.6126e+00, 1.1333e-02, 
 2DIAGNOSTIC,    20, -8.777629730946e-01, 9.908692923859e-03, 1.6220e+00, 9.4218e-03, 
 2DIAGNOSTIC,    21, -8.801693961653e-01, 8.664109202003e-03, 1.6309e+00, 8.8680e-03, 
 2DIAGNOSTIC,    22, -8.815268237431e-01, 6.943811044167e-03, 1.6400e+00, 9.1300e-03, 
 2DIAGNOSTIC,    23, -8.828041767497e-01, 4.975360114482e-03, 1.6492e+00, 9.2521e-03, 
 2DIAGNOSTIC,    24, -8.853167196845e-01, 3.212930500165e-03, 1.6607e+00, 1.1502e-02, 
 2DIAGNOSTIC,    25, -8.859330097077e-01, 2.065105722268e-03, 1.6714e+00, 1.0644e-02, 
 2DIAGNOSTIC,    26, -8.861677327466e-01, 1.055928620645e-03, 1.6802e+00, 8.8029e-03, 
 2DIAGNOSTIC,    27, -8.865879670740e-01, 5.296601447620e-04, 1.6893e+00, 9.1372e-03, 
 2DIAGNOSTIC,    28, -8.867955311013e-01, 3.727908189721e-04, 1.7001e+00, 1.0732e-02, 
 2DIAGNOSTIC,    29, -8.868796615872e-01, 2.603203673119e-04, 1.7104e+00, 1.0323e-02, 
 2DIAGNOSTIC,    30, -8.869145299916e-01, 1.850170599622e-04, 1.7193e+00, 8.8940e-03, 
 2DIAGNOSTIC,    31, -8.869167170115e-01, 1.268477548613e-04, 1.7285e+00, 9.2630e-03, 
 2DIAGNOSTIC,    32, -8.870050088449e-01, 7.756165781932e-05, 1.7383e+00, 9.7320e-03, 
 2DIAGNOSTIC,    33, -8.870735612689e-01, 3.863663476340e-05, 1.7483e+00, 9.9981e-03, 
 2DIAGNOSTIC,    34, -8.871176994601e-01, 2.604496558469e-05, 1.7585e+00, 1.0244e-02, 
 2DIAGNOSTIC,    35, -8.872634575848e-01, 1.982456505541e-05, 1.7678e+00, 9.2590e-03, 
 2DIAGNOSTIC,    36, -8.872669709008e-01, 1.449390613031e-05, 1.7792e+00, 1.1452e-02, 
 2DIAGNOSTIC,    37, -8.873710493221e-01, 1.327693892435e-05, 1.7946e+00, 1.5414e-02, 
 2DIAGNOSTIC,    38, -8.873789277238e-01, 1.296006602025e-05, 1.8039e+00, 9.3009e-03, 
 2DIAGNOSTIC,    39, -8.873939326673e-01, 1.242929278173e-05, 1.8141e+00, 1.0161e-02, 
 2DIAGNOSTIC,    40, -8.873875243556e-01, 1.109444859381e-05, 1.8231e+00, 8.9600e-03, 
 2DIAGNOSTIC,    41, -8.874083520671e-01, 9.047400008632e-06, 1.8324e+00, 9.3112e-03, 
 2DIAGNOSTIC,    42, -8.874273296465e-01, 7.224880231520e-06, 1.8438e+00, 1.1459e-02, 
 2DIAGNOSTIC,    43, -8.874298160061e-01, 5.469144279725e-06, 1.8538e+00, 1.0002e-02, 
 2DIAGNOSTIC,    44, -8.874029202129e-01, 3.478686732779e-06, 1.8632e+00, 9.3551e-03, 
 2DIAGNOSTIC,    45, -8.874008327548e-01, 2.473681973064e-06, 1.8722e+00, 9.0370e-03, 
 2DIAGNOSTIC,    46, -8.874037986494e-01, 1.379317943827e-06, 1.8812e+00, 8.9719e-03, 
 2DIAGNOSTIC,    47, -8.874074080835e-01, 1.072720567936e-06, 1.8902e+00, 9.0420e-03, 
DIAGNOSTIC,Iteration,metricValue,convergenceValue,ITERATION_TIME_INDEX,SINCE_LAST
 2DIAGNOSTIC,     1, -8.365563866214e-01, 1.797693134862e+308, 3.1657e+00, 1.2755e+00, 
 2DIAGNOSTIC,     2, -8.370632213482e-01, 1.797693134862e+308, 3.1786e+00, 1.2869e-02, 
 2DIAGNOSTIC,     3, -8.373650801460e-01, 1.797693134862e+308, 3.1946e+00, 1.6023e-02, 
 2DIAGNOSTIC,     4, -8.374478822299e-01, 1.797693134862e+308, 3.2091e+00, 1.4465e-02, 
 2DIAGNOSTIC,     5, -8.375062854927e-01, 1.797693134862e+308, 3.2211e+00, 1.2046e-02, 
 2DIAGNOSTIC,     6, -8.375479196854e-01, 1.797693134862e+308, 3.2342e+00, 1.3123e-02, 
 2DIAGNOSTIC,     7, -8.375587603039e-01, 1.797693134862e+308, 3.2458e+00, 1.1567e-02, 
 2DIAGNOSTIC,     8, -8.376170996088e-01, 1.797693134862e+308, 3.2559e+00, 1.0073e-02, 
 2DIAGNOSTIC,     9, -8.376324696778e-01, 1.797693134862e+308, 3.2655e+00, 9.6018e-03, 
 2DIAGNOSTIC,    10, -8.376674364809e-01, 6.576356975435e-05, 3.2745e+00, 9.0039e-03, 
 2DIAGNOSTIC,    11, -8.377057547759e-01, 3.651587040057e-05, 3.2846e+00, 1.0120e-02, 
 2DIAGNOSTIC,    12, -8.377307488352e-01, 2.395288547091e-05, 3.2946e+00, 9.9549e-03, 
 2DIAGNOSTIC,    13, -8.377634122466e-01, 2.008679424657e-05, 3.3044e+00, 9.8028e-03, 
 2DIAGNOSTIC,    14, -8.377714386175e-01, 1.733358402572e-05, 3.3141e+00, 9.7129e-03, 
 2DIAGNOSTIC,    15, -8.377574160826e-01, 1.456920194566e-05, 3.3257e+00, 1.1636e-02, 
 2DIAGNOSTIC,    16, -8.377703097985e-01, 1.218244431178e-05, 3.3356e+00, 9.8689e-03, 
 2DIAGNOSTIC,    17, -8.377707824291e-01, 9.323764276585e-06, 3.3432e+00, 7.6182e-03, 
 2DIAGNOSTIC,    18, -8.378257915594e-01, 8.228186828795e-06, 3.3538e+00, 1.0548e-02, 
 2DIAGNOSTIC,    19, -8.378318889499e-01, 7.002406733923e-06, 3.3614e+00, 7.6001e-03, 
 2DIAGNOSTIC,    20, -8.378307949413e-01, 5.985455540397e-06, 3.3696e+00, 8.2870e-03, 
 2DIAGNOSTIC,    21, -8.378332384597e-01, 5.325017502437e-06, 3.3791e+00, 9.4149e-03, 
 2DIAGNOSTIC,    22, -8.378368417664e-01, 4.789680461033e-06, 3.3883e+00, 9.2149e-03, 
 2DIAGNOSTIC,    23, -8.378421252250e-01, 4.529714770232e-06, 3.4023e+00, 1.4080e-02, 
 2DIAGNOSTIC,    24, -8.378088769825e-01, 3.642648735348e-06, 3.4273e+00, 2.4983e-02, 
 2DIAGNOSTIC,    25, -8.378088769765e-01, 2.440299878816e-06, 3.4535e+00, 2.6190e-02, 
 2DIAGNOSTIC,    26, -8.378088769765e-01, 1.393916946459e-06, 3.4634e+00, 9.8679e-03, 
DIAGNOSTIC,Iteration,metricValue,convergenceValue,ITERATION_TIME_INDEX,SINCE_LAST
 2DIAGNOSTIC,     1, -7.582513362323e-01, 1.797693134862e+308, 4.9443e+00, 1.4809e+00, 
 2DIAGNOSTIC,     2, -7.585876558522e-01, 1.797693134862e+308, 5.0206e+00, 7.6299e-02, 
 2DIAGNOSTIC,     3, -7.587904607382e-01, 1.797693134862e+308, 5.1006e+00, 8.0027e-02, 
 2DIAGNOSTIC,     4, -7.589556687893e-01, 1.797693134862e+308, 5.1846e+00, 8.3989e-02, 
 2DIAGNOSTIC,     5, -7.590731425523e-01, 1.797693134862e+308, 5.2592e+00, 7.4647e-02, 
 2DIAGNOSTIC,     6, -7.591373412156e-01, 1.797693134862e+308, 5.3467e+00, 8.7431e-02, 
 2DIAGNOSTIC,     7, -7.591643593626e-01, 1.797693134862e+308, 5.4494e+00, 1.0271e-01, 
 2DIAGNOSTIC,     8, -7.591707225425e-01, 1.797693134862e+308, 5.5133e+00, 6.3937e-02, 
 2DIAGNOSTIC,     9, -7.591975216506e-01, 1.797693134862e+308, 5.5793e+00, 6.5969e-02, 
 2DIAGNOSTIC,    10, -7.592253303263e-01, 7.364974433294e-05, 5.6453e+00, 6.6027e-02, 
 2DIAGNOSTIC,    11, -7.592478707218e-01, 4.578327298495e-05, 5.7216e+00, 7.6309e-02, 
 2DIAGNOSTIC,    12, -7.592868139703e-01, 3.034864255898e-05, 5.7903e+00, 6.8659e-02, 
 2DIAGNOSTIC,    13, -7.593136703365e-01, 2.131787295910e-05, 5.8604e+00, 7.0084e-02, 
 2DIAGNOSTIC,    14, -7.593436825270e-01, 1.701350440500e-05, 5.9422e+00, 8.1805e-02, 
 2DIAGNOSTIC,    15, -7.593499759148e-01, 1.497783792716e-05, 6.0356e+00, 9.3444e-02, 
 2DIAGNOSTIC,    16, -7.593719765927e-01, 1.402845614969e-05, 6.1685e+00, 1.3294e-01, 
 2DIAGNOSTIC,    17, -7.593724369723e-01, 1.268073034998e-05, 6.2413e+00, 7.2780e-02, 
 2DIAGNOSTIC,    18, -7.593722090529e-01, 1.060307850511e-05, 6.3124e+00, 7.1098e-02, 
 2DIAGNOSTIC,    19, -7.593758320994e-01, 8.521948525332e-06, 6.3876e+00, 7.5143e-02, 
 2DIAGNOSTIC,    20, -7.593789301273e-01, 6.588656844032e-06, 6.4753e+00, 8.7743e-02, 
 2DIAGNOSTIC,    21, -7.593796479295e-01, 4.775263274699e-06, 6.5481e+00, 7.2794e-02, 
 2DIAGNOSTIC,    22, -7.593813726609e-01, 3.508985155269e-06, 6.6201e+00, 7.1959e-02, 
 2DIAGNOSTIC,    23, -7.593857382426e-01, 2.661087146048e-06, 6.6943e+00, 7.4259e-02, 
 2DIAGNOSTIC,    24, -7.593970954801e-01, 2.408262948034e-06, 6.7692e+00, 7.4926e-02, 
 2DIAGNOSTIC,    25, -7.594102078947e-01, 2.350496479939e-06, 6.8527e+00, 8.3415e-02, 
 2DIAGNOSTIC,    26, -7.594541024998e-01, 3.142327772147e-06, 6.9331e+00, 8.0451e-02, 
 2DIAGNOSTIC,    27, -7.594708321274e-01, 3.921180686282e-06, 7.1667e+00, 2.3357e-01, 
 2DIAGNOSTIC,    28, -7.594717244384e-01, 4.395725929245e-06, 7.2328e+00, 6.6124e-02, 
 2DIAGNOSTIC,    29, -7.594717766743e-01, 4.584674144714e-06, 7.3161e+00, 8.3280e-02, 
 2DIAGNOSTIC,    30, -7.594718150744e-01, 4.469459834219e-06, 7.3891e+00, 7.3008e-02, 
 2DIAGNOSTIC,    31, -7.594706487611e-01, 4.025741537267e-06, 7.4636e+00, 7.4524e-02, 
 2DIAGNOSTIC,    32, -7.594707596346e-01, 3.344801927922e-06, 7.5386e+00, 7.5032e-02, 
 2DIAGNOSTIC,    33, -7.594709448857e-01, 2.538966608623e-06, 7.6138e+00, 7.5111e-02, 
 2DIAGNOSTIC,    34, -7.594712552976e-01, 1.763885803557e-06, 7.6906e+00, 7.6813e-02, 
 2DIAGNOSTIC,    35, -7.594718670055e-01, 1.090037598274e-06, 7.7666e+00, 7.6042e-02, 
DIAGNOSTIC,Iteration,metricValue,convergenceValue,ITERATION_TIME_INDEX,SINCE_LAST
 2DIAGNOSTIC,     1, -6.669458079471e-01, 1.797693134862e+308, 1.0502e+01, 2.7357e+00, 
 2DIAGNOSTIC,     2, -6.672085846910e-01, 1.797693134862e+308, 1.1009e+01, 5.0650e-01, 
 2DIAGNOSTIC,     3, -6.673480712147e-01, 1.797693134862e+308, 1.1529e+01, 5.1980e-01, 
 2DIAGNOSTIC,     4, -6.674288782528e-01, 1.797693134862e+308, 1.2127e+01, 5.9801e-01, 
 2DIAGNOSTIC,     5, -6.674521132349e-01, 1.797693134862e+308, 1.2742e+01, 6.1561e-01, 
 2DIAGNOSTIC,     6, -6.674668401764e-01, 1.797693134862e+308, 1.3553e+01, 8.1058e-01, 
 2DIAGNOSTIC,     7, -6.674716697740e-01, 1.797693134862e+308, 1.4064e+01, 5.1092e-01, 
 2DIAGNOSTIC,     8, -6.674910954239e-01, 1.797693134862e+308, 1.4584e+01, 5.2041e-01, 
 2DIAGNOSTIC,     9, -6.675073510402e-01, 1.797693134862e+308, 1.5188e+01, 6.0363e-01, 
 2DIAGNOSTIC,    10, -6.675275729464e-01, 4.430169363660e-05, 1.5747e+01, 5.5933e-01, 
 2DIAGNOSTIC,    11, -6.675324255133e-01, 2.436807139136e-05, 1.6471e+01, 7.2426e-01, 
 2DIAGNOSTIC,    12, -6.675281557660e-01, 1.491708753718e-05, 1.7022e+01, 5.5105e-01, 
 2DIAGNOSTIC,    13, -6.675281219713e-01, 1.032536932241e-05, 1.7674e+01, 6.5149e-01, 
 2DIAGNOSTIC,    14, -6.675275977283e-01, 8.091611121919e-06, 1.8378e+01, 7.0389e-01, 
 2DIAGNOSTIC,    15, -6.675276228114e-01, 6.269959650640e-06, 1.8963e+01, 5.8567e-01, 
 2DIAGNOSTIC,    16, -6.675274694801e-01, 4.689067801503e-06, 1.9552e+01, 5.8889e-01, 
 2DIAGNOSTIC,    17, -6.675272165964e-01, 3.160667956331e-06, 2.0237e+01, 6.8465e-01, 
 2DIAGNOSTIC,    18, -6.675275634832e-01, 2.147944557593e-06, 2.0844e+01, 6.0723e-01, 
 2DIAGNOSTIC,    19, -6.675276528569e-01, 1.559490733813e-06, 2.1418e+01, 5.7341e-01, 
 2DIAGNOSTIC,    20, -6.675274451969e-01, 1.462601752079e-06, 2.1969e+01, 5.5119e-01, 
 2DIAGNOSTIC,    21, -6.675275191857e-01, 1.489393225085e-06, 2.2446e+01, 4.7738e-01, 
 2DIAGNOSTIC,    22, -6.675276370002e-01, 1.435682828711e-06, 2.3011e+01, 5.6465e-01, 
 2DIAGNOSTIC,    23, -6.675277827546e-01, 1.389717704602e-06, 2.3552e+01, 5.4142e-01, 
 2DIAGNOSTIC,    24, -6.675271260477e-01, 1.325835645855e-06, 2.4094e+01, 5.4155e-01, 
 2DIAGNOSTIC,    25, -6.675271542775e-01, 1.268494933745e-06, 2.4565e+01, 4.7152e-01, 
 2DIAGNOSTIC,    26, -6.675270564159e-01, 1.211921256662e-06, 2.5106e+01, 5.4059e-01, 
 2DIAGNOSTIC,    27, -6.675269772547e-01, 1.155041251130e-06, 2.5579e+01, 4.7315e-01, 
 2DIAGNOSTIC,    28, -6.675258236571e-01, 1.092103727743e-06, 2.6147e+01, 5.6829e-01, 
 2DIAGNOSTIC,    29, -6.675260178302e-01, 1.042558979848e-06, 2.6686e+01, 5.3825e-01, 
 2DIAGNOSTIC,    30, -6.675262489429e-01, 1.001558222170e-06, 2.7180e+01, 4.9396e-01, 
DIAGNOSTIC,Iteration,metricValue,convergenceValue,ITERATION_TIME_INDEX,SINCE_LAST
 2DIAGNOSTIC,     1, -6.032245798834e-01, 1.797693134862e+308, 3.6391e+01, 9.2111e+00, 
 2DIAGNOSTIC,     2, -6.033636035981e-01, 1.797693134862e+308, 3.9530e+01, 3.1389e+00, 
 2DIAGNOSTIC,     3, -6.034155909449e-01, 1.797693134862e+308, 4.3088e+01, 3.5589e+00, 
 2DIAGNOSTIC,     4, -6.034823062070e-01, 1.797693134862e+308, 4.6371e+01, 3.2824e+00, 
 2DIAGNOSTIC,     5, -6.035771937101e-01, 1.797693134862e+308, 5.4418e+01, 8.0468e+00, 
 2DIAGNOSTIC,     6, -6.035766360840e-01, 1.797693134862e+308, 6.2303e+01, 7.8850e+00, 
 2DIAGNOSTIC,     7, -6.035768005369e-01, 1.797693134862e+308, 7.2803e+01, 1.0500e+01, 
 2DIAGNOSTIC,     8, -6.035768005369e-01, 1.797693134862e+308, 7.9071e+01, 6.2683e+00, 
 2DIAGNOSTIC,     9, -6.035768005369e-01, 1.797693134862e+308, 8.2587e+01, 3.5159e+00, 
 2DIAGNOSTIC,    10, -6.035768005369e-01, 3.594349653634e-05, 8.6461e+01, 3.8735e+00, 
 2DIAGNOSTIC,    11, -6.035768005369e-01, 2.088283215104e-05, 9.0281e+01, 3.8201e+00, 
 2DIAGNOSTIC,    12, -6.035768005369e-01, 1.220911006854e-05, 9.4028e+01, 3.7476e+00, 
 2DIAGNOSTIC,    13, -6.035768005369e-01, 5.861983439229e-06, 9.8279e+01, 4.2503e+00, 
 2DIAGNOSTIC,    14, -6.035768005369e-01, 2.263964810095e-06, 1.0221e+02, 3.9305e+00, 
 2DIAGNOSTIC,    15, -6.035768005369e-01, 2.126016765414e-06, 1.0570e+02, 3.4927e+00, 
 2DIAGNOSTIC,    16, -6.035768005369e-01, 1.988289191401e-06, 1.0956e+02, 3.8629e+00, 
 2DIAGNOSTIC,    17, -6.035768005369e-01, 1.871321647411e-06, 1.1332e+02, 3.7564e+00, 
 2DIAGNOSTIC,    18, -6.035768005369e-01, 1.767351477909e-06, 1.1689e+02, 3.5699e+00, 
 2DIAGNOSTIC,    19, -6.035768005369e-01, 1.674326320228e-06, 1.2060e+02, 3.7065e+00, 
 2DIAGNOSTIC,    20, -6.035768005369e-01, 1.590604310937e-06, 1.2460e+02, 4.0072e+00, 
 2DIAGNOSTIC,    21, -6.035768005369e-01, 1.514856342755e-06, 1.2811e+02, 3.5033e+00, 
 2DIAGNOSTIC,    22, -6.035768005369e-01, 1.445994979220e-06, 1.3167e+02, 3.5577e+00, 
 2DIAGNOSTIC,    23, -6.035768005369e-01, 1.383121914465e-06, 1.3526e+02, 3.5936e+00, 
 2DIAGNOSTIC,    24, -6.035768005369e-01, 1.325488568682e-06, 1.3881e+02, 3.5503e+00, 
 2DIAGNOSTIC,    25, -6.035768005369e-01, 1.272466141428e-06, 1.4246e+02, 3.6456e+00, 
 2DIAGNOSTIC,    26, -6.035768005369e-01, 1.223522575776e-06, 1.4649e+02, 4.0366e+00, 
 2DIAGNOSTIC,    27, -6.035768005369e-01, 1.178204642072e-06, 1.5045e+02, 3.9561e+00, 
 2DIAGNOSTIC,    28, -6.035768005369e-01, 1.136123860858e-06, 1.5421e+02, 3.7662e+00, 
 2DIAGNOSTIC,    29, -6.035768005369e-01, 1.096945338612e-06, 1.5750e+02, 3.2844e+00, 
 2DIAGNOSTIC,    30, -6.035768005369e-01, 1.060378836251e-06, 1.6070e+02, 3.2022e+00, 
 2DIAGNOSTIC,    31, -6.035768005369e-01, 1.026171566589e-06, 1.6397e+02, 3.2679e+00, 
  Elapsed time (stage 1): 1.7031e+02


Total elapsed time: 3.1432e+02
ALL Done
