
Running for 3-dimensional images.

*********10*********20*********30*********40*********50*********60*********70*********80*********90*********

   AdaptiveNonLocalMeansDenoisingImageFilter (0x3482370)
     RTTI typeinfo:   itk::AdaptiveNonLocalMeansDenoisingImageFilter<itk::Image<float, 3u>, itk::Image<float, 3u>, itk::Image<unsigned char, 3u> >
     Reference Count: 1
     Modified Time: 392
     Debug: Off
     Object Name: 
     Observers: 
       ProgressEvent(Command)
     Inputs: 
       Primary: (0x34812f0) *
       _1: (0)
     Indexed Inputs: 
       0: Primary (0x34812f0)
       1: _1 (0)
     Required Input Names: Primary
     NumberOfRequiredInputs: 1
     Outputs: 
       Primary: (0x3480da0)
     Indexed Outputs: 
       0: Primary (0x3480da0)
     NumberOfRequiredOutputs: 1
     Number Of Work Units: 56
     ReleaseDataFlag: Off
     ReleaseDataBeforeUpdateFlag: Off
     AbortGenerateData: Off
     Progress: 1
     Multithreader: 
       RTTI typeinfo:   itk::PoolMultiThreader
       Reference Count: 1
       Modified Time: 352
       Debug: Off
       Object Name: 
       Observers: 
         none
       Number of Work Units: 52
       Number of Threads: 14
       Global Maximum Number Of Threads: 128
       Global Default Number Of Threads: 14
       Global Default Threader Type: itk::MultiThreaderBaseEnums::Threader::Pool
       SingleMethod: 1
       SingleData: 0x7ffccc42c198
     DynamicMultiThreading: Off
     CoordinateTolerance: 1e-06
     DirectionTolerance: 1e-06
Using mean squares to measure the patch similarity.
     Neighborhood search radius = [2, 2, 2]
     Neighborhood patch radius = [1, 1, 1]
     Using Rician noise model.
     Epsilon = 1e-05
     Mean threshold = 0.95
     Variance threshold = 0.5
     Smoothing variance = 2
     Neighborhood radius for local mean and variance = [1, 1, 1]
Elapsed time: 261.286
All_Command_lines_OK
Using double precision for computations.
=============================================================================
The composite transform comprises the following transforms (in order): 
  1. Center of mass alignment using fixed image: /Dedicated/jmichaelson-wdata/msmuhammad/projects/RPOE/3dprint/data/derivatives/pre-freesurfer/../../temp/MNI152_T1_0.5mm.nii.gz and moving image: /Dedicated/jmichaelson-wdata/msmuhammad/projects/RPOE/3dprint/data/derivatives/pre-freesurfer/2E_054/2E_054/2E_054_reorient_RPI_denoise.nii.gz (type = Euler3DTransform)
=============================================================================
  number of levels = 5
  number of levels = 5
  fixed image: /Dedicated/jmichaelson-wdata/msmuhammad/projects/RPOE/3dprint/data/derivatives/pre-freesurfer/../../temp/MNI152_T1_0.5mm.nii.gz
  moving image: /Dedicated/jmichaelson-wdata/msmuhammad/projects/RPOE/3dprint/data/derivatives/pre-freesurfer/2E_054/2E_054/2E_054_reorient_RPI_denoise.nii.gz
  fixed image: /Dedicated/jmichaelson-wdata/msmuhammad/projects/RPOE/3dprint/data/derivatives/pre-freesurfer/../../temp/MNI152_T1_0.5mm.nii.gz
  moving image: /Dedicated/jmichaelson-wdata/msmuhammad/projects/RPOE/3dprint/data/derivatives/pre-freesurfer/2E_054/2E_054/2E_054_reorient_RPI_denoise.nii.gz
Dimension = 3
Number of stages = 2
Use histogram matching = true
Winsorize image intensities = true
  Lower quantile = 0.005
  Upper quantile = 0.995


Stage 1 State
   Image metric = Mattes
     Fixed image = Image (0x371af10)
  RTTI typeinfo:   itk::Image<double, 3u>
  Reference Count: 2
  Modified Time: 1694
  Debug: Off
  Object Name: 
  Observers: 
    none
  Source: (none)
  Source output name: (none)
  Release Data: Off
  Data Released: False
  Global Release Data: Off
  PipelineMTime: 0
  UpdateMTime: 1477
  RealTimeStamp: 0 seconds 
  LargestPossibleRegion: 
    Dimension: 3
    Index: [0, 0, 0]
    Size: [364, 436, 364]
  BufferedRegion: 
    Dimension: 3
    Index: [0, 0, 0]
    Size: [364, 436, 364]
  RequestedRegion: 
    Dimension: 3
    Index: [0, 0, 0]
    Size: [364, 436, 364]
  Spacing: [0.5, 0.5, 0.5]
  Origin: [-90, 126, -72]
  Direction: 
1 0 0
0 -1 0
0 0 1

  IndexToPointMatrix: 
0.5 0 0
0 -0.5 0
0 0 0.5

  PointToIndexMatrix: 
2 0 0
0 -2 0
0 0 2

  Inverse Direction: 
1 0 0
0 -1 0
0 0 1

  PixelContainer: 
    ImportImageContainer (0x37079d0)
      RTTI typeinfo:   itk::ImportImageContainer<unsigned long, double>
      Reference Count: 1
      Modified Time: 1474
      Debug: Off
      Object Name: 
      Observers: 
        none
      Pointer: 0x2abaddff0010
      Container manages memory: true
      Size: 57768256
      Capacity: 57768256

     Moving image = Image (0x371aaf0)
  RTTI typeinfo:   itk::Image<double, 3u>
  Reference Count: 2
  Modified Time: 1695
  Debug: Off
  Object Name: 
  Observers: 
    none
  Source: (none)
  Source output name: (none)
  Release Data: Off
  Data Released: False
  Global Release Data: Off
  PipelineMTime: 0
  UpdateMTime: 1692
  RealTimeStamp: 0 seconds 
  LargestPossibleRegion: 
    Dimension: 3
    Index: [0, 0, 0]
    Size: [280, 512, 512]
  BufferedRegion: 
    Dimension: 3
    Index: [0, 0, 0]
    Size: [280, 512, 512]
  RequestedRegion: 
    Dimension: 3
    Index: [0, 0, 0]
    Size: [280, 512, 512]
  Spacing: [0.599998, 0.4688, 0.4688]
  Origin: [-88.6996, 82.2912, -132.916]
  Direction: 
1 0 0
0 -1 0
0 0 1

  IndexToPointMatrix: 
0.599998 0 0
0 -0.4688 0
0 0 0.4688

  PointToIndexMatrix: 
1.66667 0 0
0 -2.13311 0
0 0 2.13311

  Inverse Direction: 
1 0 0
0 -1 0
0 0 1

  PixelContainer: 
    ImportImageContainer (0x371e190)
      RTTI typeinfo:   itk::ImportImageContainer<unsigned long, double>
      Reference Count: 1
      Modified Time: 1689
      Debug: Off
      Object Name: 
      Observers: 
        none
      Pointer: 0x2abaf98ad010
      Container manages memory: true
      Size: 73400320
      Capacity: 73400320

     Weighting = 1
     Sampling strategy = regular
     Number of bins = 32
     Radius = 4
     Sampling percentage  = 0.25
   Transform = Rigid
     Gradient step = 0.1
     Update field sigma (voxel space) = 0
     Total field sigma (voxel space) = 0
     Update field time sigma = 0
     Total field time sigma  = 0
     Number of time indices = 0
     Number of time point samples = 0
Stage 2 State
   Image metric = Mattes
     Fixed image = Image (0x372a4a0)
  RTTI typeinfo:   itk::Image<double, 3u>
  Reference Count: 2
  Modified Time: 2126
  Debug: Off
  Object Name: 
  Observers: 
    none
  Source: (none)
  Source output name: (none)
  Release Data: Off
  Data Released: False
  Global Release Data: Off
  PipelineMTime: 0
  UpdateMTime: 1909
  RealTimeStamp: 0 seconds 
  LargestPossibleRegion: 
    Dimension: 3
    Index: [0, 0, 0]
    Size: [364, 436, 364]
  BufferedRegion: 
    Dimension: 3
    Index: [0, 0, 0]
    Size: [364, 436, 364]
  RequestedRegion: 
    Dimension: 3
    Index: [0, 0, 0]
    Size: [364, 436, 364]
  Spacing: [0.5, 0.5, 0.5]
  Origin: [-90, 126, -72]
  Direction: 
1 0 0
0 -1 0
0 0 1

  IndexToPointMatrix: 
0.5 0 0
0 -0.5 0
0 0 0.5

  PointToIndexMatrix: 
2 0 0
0 -2 0
0 0 2

  Inverse Direction: 
1 0 0
0 -1 0
0 0 1

  PixelContainer: 
    ImportImageContainer (0x372a760)
      RTTI typeinfo:   itk::ImportImageContainer<unsigned long, double>
      Reference Count: 1
      Modified Time: 1906
      Debug: Off
      Object Name: 
      Observers: 
        none
      Pointer: 0x2abb1c8ae010
      Container manages memory: true
      Size: 57768256
      Capacity: 57768256

     Moving image = Image (0x37145b0)
  RTTI typeinfo:   itk::Image<double, 3u>
  Reference Count: 2
  Modified Time: 2127
  Debug: Off
  Object Name: 
  Observers: 
    none
  Source: (none)
  Source output name: (none)
  Release Data: Off
  Data Released: False
  Global Release Data: Off
  PipelineMTime: 0
  UpdateMTime: 2124
  RealTimeStamp: 0 seconds 
  LargestPossibleRegion: 
    Dimension: 3
    Index: [0, 0, 0]
    Size: [280, 512, 512]
  BufferedRegion: 
    Dimension: 3
    Index: [0, 0, 0]
    Size: [280, 512, 512]
  RequestedRegion: 
    Dimension: 3
    Index: [0, 0, 0]
    Size: [280, 512, 512]
  Spacing: [0.599998, 0.4688, 0.4688]
  Origin: [-88.6996, 82.2912, -132.916]
  Direction: 
1 0 0
0 -1 0
0 0 1

  IndexToPointMatrix: 
0.599998 0 0
0 -0.4688 0
0 0 0.4688

  PointToIndexMatrix: 
1.66667 0 0
0 -2.13311 0
0 0 2.13311

  Inverse Direction: 
1 0 0
0 -1 0
0 0 1

  PixelContainer: 
    ImportImageContainer (0x3719c90)
      RTTI typeinfo:   itk::ImportImageContainer<unsigned long, double>
      Reference Count: 1
      Modified Time: 2121
      Debug: Off
      Object Name: 
      Observers: 
        none
      Pointer: 0x2abb3816b010
      Container manages memory: true
      Size: 73400320
      Capacity: 73400320

     Weighting = 1
     Sampling strategy = regular
     Number of bins = 32
     Radius = 4
     Sampling percentage  = 0.25
   Transform = Affine
     Gradient step = 0.1
     Update field sigma (voxel space) = 0
     Total field sigma (voxel space) = 0
     Update field time sigma = 0
     Total field time sigma  = 0
     Number of time indices = 0
     Number of time point samples = 0
Registration using 2 total stages.

Stage 0
  iterations = 2000x2000x2000x2000x2000
  convergence threshold = 1e-06
  convergence window size = 10
  number of levels = 5
  using the Mattes MI metric (number of bins = 32, weight = 1, use gradient filter = 0)
  preprocessing:  winsorizing the image intensities
  preprocessing:  histogram matching the images
  Shrink factors (level 1 out of 5): [8, 8, 8]
  Shrink factors (level 2 out of 5): [8, 8, 8]
  Shrink factors (level 3 out of 5): [4, 4, 4]
  Shrink factors (level 4 out of 5): [2, 2, 2]
  Shrink factors (level 5 out of 5): [1, 1, 1]
  smoothing sigmas per level: [4, 3, 2, 1, 0]
  regular sampling (percentage = 0.25)

*** Running Euler3DTransform registration ***

DIAGNOSTIC,Iteration,metricValue,convergenceValue,ITERATION_TIME_INDEX,SINCE_LAST
 2DIAGNOSTIC,     1, -5.585985414077e-01, 1.797693134862e+308, 1.5284e+00, 1.5284e+00, 
 2DIAGNOSTIC,     2, -5.599346529000e-01, 1.797693134862e+308, 1.5356e+00, 7.2310e-03, 
 2DIAGNOSTIC,     3, -5.617434556126e-01, 1.797693134862e+308, 1.5425e+00, 6.8989e-03, 
 2DIAGNOSTIC,     4, -5.638449100902e-01, 1.797693134862e+308, 1.5497e+00, 7.1571e-03, 
 2DIAGNOSTIC,     5, -5.651840269369e-01, 1.797693134862e+308, 1.5566e+00, 6.9201e-03, 
 2DIAGNOSTIC,     6, -5.655798233615e-01, 1.797693134862e+308, 1.5634e+00, 6.8531e-03, 
 2DIAGNOSTIC,     7, -5.661913877553e-01, 1.797693134862e+308, 1.5711e+00, 7.6678e-03, 
 2DIAGNOSTIC,     8, -5.665425997797e-01, 1.797693134862e+308, 1.5792e+00, 8.1451e-03, 
 2DIAGNOSTIC,     9, -5.668048400947e-01, 1.797693134862e+308, 1.6006e+00, 2.1412e-02, 
 2DIAGNOSTIC,    10, -5.669700806636e-01, 9.555448539571e-04, 1.6278e+00, 2.7196e-02, 
 2DIAGNOSTIC,    11, -5.676606471468e-01, 6.943262176123e-04, 1.6378e+00, 9.9730e-03, 
 2DIAGNOSTIC,    12, -5.678099771834e-01, 4.758787272588e-04, 1.6475e+00, 9.6841e-03, 
 2DIAGNOSTIC,    13, -5.678268102707e-01, 3.175890661294e-04, 1.6557e+00, 8.2469e-03, 
 2DIAGNOSTIC,    14, -5.679203497334e-01, 2.316180700792e-04, 1.6634e+00, 7.6051e-03, 
 2DIAGNOSTIC,    15, -5.687790612983e-01, 2.097091024563e-04, 1.6715e+00, 8.1079e-03, 
 2DIAGNOSTIC,    16, -5.693807672223e-01, 2.014234460146e-04, 1.6810e+00, 9.5050e-03, 
 2DIAGNOSTIC,    17, -5.695384989691e-01, 1.980551090692e-04, 1.7062e+00, 2.5191e-02, 
 2DIAGNOSTIC,    18, -5.699732997131e-01, 1.994543780697e-04, 1.7277e+00, 2.1556e-02, 
 2DIAGNOSTIC,    19, -5.703548471793e-01, 1.994018008621e-04, 1.7356e+00, 7.8962e-03, 
 2DIAGNOSTIC,    20, -5.706608929363e-01, 1.918523376823e-04, 1.7434e+00, 7.7801e-03, 
 2DIAGNOSTIC,    21, -5.709470495274e-01, 1.903035622753e-04, 1.7496e+00, 6.2220e-03, 
 2DIAGNOSTIC,    22, -5.712817073626e-01, 1.825227392575e-04, 1.7560e+00, 6.4230e-03, 
 2DIAGNOSTIC,    23, -5.733427879095e-01, 2.038780772605e-04, 1.7657e+00, 9.6190e-03, 
 2DIAGNOSTIC,    24, -5.736326011083e-01, 2.109081393785e-04, 1.7726e+00, 6.9931e-03, 
 2DIAGNOSTIC,    25, -5.737236679260e-01, 2.168364451058e-04, 1.7786e+00, 5.9249e-03, 
 2DIAGNOSTIC,    26, -5.739864038065e-01, 2.193290087145e-04, 1.7848e+00, 6.2342e-03, 
 2DIAGNOSTIC,    27, -5.741987515885e-01, 2.075998884442e-04, 1.8192e+00, 3.4371e-02, 
 2DIAGNOSTIC,    28, -5.744146131825e-01, 1.881368267352e-04, 1.8305e+00, 1.1323e-02, 
 2DIAGNOSTIC,    29, -5.748988943654e-01, 1.670827785686e-04, 1.8393e+00, 8.7998e-03, 
 2DIAGNOSTIC,    30, -5.751306463794e-01, 1.410135286359e-04, 1.8457e+00, 6.4080e-03, 
 2DIAGNOSTIC,    31, -5.752257459567e-01, 1.098191011724e-04, 1.8532e+00, 7.5200e-03, 
 2DIAGNOSTIC,    32, -5.755777457669e-01, 8.019666611050e-05, 1.8605e+00, 7.2711e-03, 
 2DIAGNOSTIC,    33, -5.765017992305e-01, 8.980218787509e-05, 1.8687e+00, 8.2319e-03, 
 2DIAGNOSTIC,    34, -5.772460903767e-01, 1.051856120945e-04, 1.8795e+00, 1.0791e-02, 
 2DIAGNOSTIC,    35, -5.772793016329e-01, 1.113776322722e-04, 1.8938e+00, 1.4287e-02, 
 2DIAGNOSTIC,    36, -5.772927023247e-01, 1.108721429855e-04, 1.9229e+00, 2.9098e-02, 
 2DIAGNOSTIC,    37, -5.774442595018e-01, 1.049092962654e-04, 1.9323e+00, 9.4380e-03, 
 2DIAGNOSTIC,    38, -5.779027657500e-01, 9.776524451350e-05, 1.9408e+00, 8.4670e-03, 
 2DIAGNOSTIC,    39, -5.785274204704e-01, 9.556986572952e-05, 1.9500e+00, 9.1419e-03, 
 2DIAGNOSTIC,    40, -5.783722262588e-01, 8.544762910482e-05, 1.9576e+00, 7.6199e-03, 
 2DIAGNOSTIC,    41, -5.789659954142e-01, 7.649398318748e-05, 1.9686e+00, 1.0992e-02, 
 2DIAGNOSTIC,    42, -5.799781575244e-01, 7.654388385346e-05, 1.9768e+00, 8.2140e-03, 
 2DIAGNOSTIC,    43, -5.799583956266e-01, 7.916740993554e-05, 1.9870e+00, 1.0239e-02, 
 2DIAGNOSTIC,    44, -5.800096801969e-01, 8.330471141087e-05, 2.0193e+00, 3.2250e-02, 
 2DIAGNOSTIC,    45, -5.800642051980e-01, 8.056957896449e-05, 2.0320e+00, 1.2713e-02, 
 2DIAGNOSTIC,    46, -5.801095463837e-01, 7.091672206523e-05, 2.0399e+00, 7.8771e-03, 
 2DIAGNOSTIC,    47, -5.801555782120e-01, 5.676070827447e-05, 2.0471e+00, 7.2589e-03, 
 2DIAGNOSTIC,    48, -5.803203896670e-01, 4.413898473642e-05, 2.0573e+00, 1.0216e-02, 
 2DIAGNOSTIC,    49, -5.803201834004e-01, 3.444091227167e-05, 2.0638e+00, 6.4461e-03, 
 2DIAGNOSTIC,    50, -5.803237753777e-01, 2.035720889803e-05, 2.0697e+00, 5.9268e-03, 
 2DIAGNOSTIC,    51, -5.803087191608e-01, 1.030962986665e-05, 2.0760e+00, 6.3350e-03, 
 2DIAGNOSTIC,    52, -5.803096316339e-01, 9.396767314422e-06, 2.0819e+00, 5.8460e-03, 
 2DIAGNOSTIC,    53, -5.802564151922e-01, 6.964222968191e-06, 2.1115e+00, 2.9590e-02, 
 2DIAGNOSTIC,    54, -5.802568693029e-01, 4.491298120281e-06, 2.1317e+00, 2.0260e-02, 
 2DIAGNOSTIC,    55, -5.802495765450e-01, 2.172718340129e-06, 2.1390e+00, 7.2958e-03, 
DIAGNOSTIC,Iteration,metricValue,convergenceValue,ITERATION_TIME_INDEX,SINCE_LAST
 2DIAGNOSTIC,     1, -5.404717876547e-01, 1.797693134862e+308, 3.5801e+00, 1.4411e+00, 
 2DIAGNOSTIC,     2, -5.408338166369e-01, 1.797693134862e+308, 3.5976e+00, 1.7533e-02, 
 2DIAGNOSTIC,     3, -5.413015364017e-01, 1.797693134862e+308, 3.6276e+00, 2.9938e-02, 
 2DIAGNOSTIC,     4, -5.414470962878e-01, 1.797693134862e+308, 3.6347e+00, 7.1390e-03, 
 2DIAGNOSTIC,     5, -5.414605701947e-01, 1.797693134862e+308, 3.6428e+00, 8.1029e-03, 
 2DIAGNOSTIC,     6, -5.415424748328e-01, 1.797693134862e+308, 3.6530e+00, 1.0227e-02, 
 2DIAGNOSTIC,     7, -5.416127713161e-01, 1.797693134862e+308, 3.6601e+00, 7.1070e-03, 
 2DIAGNOSTIC,     8, -5.417789100861e-01, 1.797693134862e+308, 3.6689e+00, 8.7280e-03, 
 2DIAGNOSTIC,     9, -5.417831892256e-01, 1.797693134862e+308, 3.6766e+00, 7.7751e-03, 
 2DIAGNOSTIC,    10, -5.417978584219e-01, 1.386971124030e-04, 3.6929e+00, 1.6282e-02, 
 2DIAGNOSTIC,    11, -5.417259023883e-01, 8.506045322805e-05, 3.7265e+00, 3.3535e-02, 
 2DIAGNOSTIC,    12, -5.417375461539e-01, 4.885324153861e-05, 3.7341e+00, 7.6668e-03, 
 2DIAGNOSTIC,    13, -5.417346420383e-01, 3.254343379898e-05, 3.7428e+00, 8.6329e-03, 
 2DIAGNOSTIC,    14, -5.417427446202e-01, 2.159370052959e-05, 3.7504e+00, 7.6010e-03, 
 2DIAGNOSTIC,    15, -5.417906253942e-01, 1.252723833796e-05, 3.7584e+00, 8.0650e-03, 
 2DIAGNOSTIC,    16, -5.417843145700e-01, 6.115200919574e-06, 3.7660e+00, 7.5989e-03, 
 2DIAGNOSTIC,    17, -5.417491367743e-01, 1.054161494728e-06, 3.7730e+00, 6.9981e-03, 
 2DIAGNOSTIC,    18, -5.417479757426e-01, 1.457723926603e-06, 3.7801e+00, 7.0419e-03, 
DIAGNOSTIC,Iteration,metricValue,convergenceValue,ITERATION_TIME_INDEX,SINCE_LAST
 2DIAGNOSTIC,     1, -4.935498933387e-01, 1.797693134862e+308, 5.3344e+00, 1.5543e+00, 
 2DIAGNOSTIC,     2, -4.937651549025e-01, 1.797693134862e+308, 5.3988e+00, 6.4396e-02, 
 2DIAGNOSTIC,     3, -4.939471595425e-01, 1.797693134862e+308, 5.4809e+00, 8.2119e-02, 
 2DIAGNOSTIC,     4, -4.939660347133e-01, 1.797693134862e+308, 5.5663e+00, 8.5426e-02, 
 2DIAGNOSTIC,     5, -4.939737992030e-01, 1.797693134862e+308, 5.6576e+00, 9.1235e-02, 
 2DIAGNOSTIC,     6, -4.939889409569e-01, 1.797693134862e+308, 5.7536e+00, 9.5993e-02, 
 2DIAGNOSTIC,     7, -4.939932386294e-01, 1.797693134862e+308, 5.8609e+00, 1.0729e-01, 
 2DIAGNOSTIC,     8, -4.939858429074e-01, 1.797693134862e+308, 5.9500e+00, 8.9178e-02, 
 2DIAGNOSTIC,     9, -4.939844434337e-01, 1.797693134862e+308, 6.0323e+00, 8.2268e-02, 
 2DIAGNOSTIC,    10, -4.939816812475e-01, 4.148773155478e-05, 6.1053e+00, 7.3001e-02, 
 2DIAGNOSTIC,    11, -4.939814367486e-01, 1.679096597745e-05, 6.1883e+00, 8.2958e-02, 
 2DIAGNOSTIC,    12, -4.939782825302e-01, 4.894826718949e-06, 6.2781e+00, 8.9820e-02, 
 2DIAGNOSTIC,    13, -4.939741395202e-01, 2.497031422077e-06, 6.3689e+00, 9.0806e-02, 
 2DIAGNOSTIC,    14, -4.939733857219e-01, 1.188991694726e-06, 6.4563e+00, 8.7397e-02, 
DIAGNOSTIC,Iteration,metricValue,convergenceValue,ITERATION_TIME_INDEX,SINCE_LAST
 2DIAGNOSTIC,     1, -4.437635414658e-01, 1.797693134862e+308, 9.4040e+00, 2.9477e+00, 
 2DIAGNOSTIC,     2, -4.439789425884e-01, 1.797693134862e+308, 9.9389e+00, 5.3495e-01, 
 2DIAGNOSTIC,     3, -4.442287375786e-01, 1.797693134862e+308, 1.0450e+01, 5.1109e-01, 
 2DIAGNOSTIC,     4, -4.443970404629e-01, 1.797693134862e+308, 1.0975e+01, 5.2513e-01, 
 2DIAGNOSTIC,     5, -4.444574953455e-01, 1.797693134862e+308, 1.1499e+01, 5.2379e-01, 
 2DIAGNOSTIC,     6, -4.445087775033e-01, 1.797693134862e+308, 1.2093e+01, 5.9396e-01, 
 2DIAGNOSTIC,     7, -4.445099909149e-01, 1.797693134862e+308, 1.2745e+01, 6.5171e-01, 
 2DIAGNOSTIC,     8, -4.445168343731e-01, 1.797693134862e+308, 1.3342e+01, 5.9716e-01, 
 2DIAGNOSTIC,     9, -4.445232840132e-01, 1.797693134862e+308, 1.3924e+01, 5.8195e-01, 
 2DIAGNOSTIC,    10, -4.445542505081e-01, 1.010253286293e-04, 1.4431e+01, 5.0716e-01, 
 2DIAGNOSTIC,    11, -4.447287708890e-01, 6.979800325183e-05, 1.5380e+01, 9.4952e-01, 
 2DIAGNOSTIC,    12, -4.447235413834e-01, 4.850701944069e-05, 1.5978e+01, 5.9732e-01, 
 2DIAGNOSTIC,    13, -4.447246676288e-01, 3.866494801225e-05, 1.6644e+01, 6.6586e-01, 
 2DIAGNOSTIC,    14, -4.447234560803e-01, 3.463650601448e-05, 1.7363e+01, 7.1893e-01, 
 2DIAGNOSTIC,    15, -4.447233449306e-01, 3.065322975537e-05, 1.7952e+01, 5.8919e-01, 
 2DIAGNOSTIC,    16, -4.447230292325e-01, 2.647354260026e-05, 1.8465e+01, 5.1324e-01, 
 2DIAGNOSTIC,    17, -4.447229328871e-01, 2.056640857650e-05, 1.9199e+01, 7.3453e-01, 
 2DIAGNOSTIC,    18, -4.447230195687e-01, 1.394303697200e-05, 1.9792e+01, 5.9294e-01, 
 2DIAGNOSTIC,    19, -4.447231324084e-01, 7.148134638986e-06, 2.0321e+01, 5.2896e-01, 
 2DIAGNOSTIC,    20, -4.447227809782e-01, 1.341798883600e-06, 2.0916e+01, 5.9496e-01, 
 2DIAGNOSTIC,    21, -4.447231427399e-01, 1.441034970122e-06, 2.1569e+01, 6.5233e-01, 
 2DIAGNOSTIC,    22, -4.447227630094e-01, 1.373468952834e-06, 2.2167e+01, 5.9827e-01, 
 2DIAGNOSTIC,    23, -4.447224189709e-01, 1.341359486526e-06, 2.2675e+01, 5.0766e-01, 
 2DIAGNOSTIC,    24, -4.447216792655e-01, 1.264120996325e-06, 2.3253e+01, 5.7880e-01, 
 2DIAGNOSTIC,    25, -4.447226778613e-01, 1.222175798642e-06, 2.3763e+01, 5.1005e-01, 
 2DIAGNOSTIC,    26, -4.447226185008e-01, 1.177997920813e-06, 2.4432e+01, 6.6853e-01, 
 2DIAGNOSTIC,    27, -4.447219698866e-01, 1.123802758365e-06, 2.4948e+01, 5.1577e-01, 
 2DIAGNOSTIC,    28, -4.447208660393e-01, 1.056390155962e-06, 2.5601e+01, 6.5350e-01, 
 2DIAGNOSTIC,    29, -4.447207328175e-01, 1.001640820335e-06, 2.6192e+01, 5.9095e-01, 
DIAGNOSTIC,Iteration,metricValue,convergenceValue,ITERATION_TIME_INDEX,SINCE_LAST
 2DIAGNOSTIC,     1, -4.107395730561e-01, 1.797693134862e+308, 3.7740e+01, 1.1548e+01, 
 2DIAGNOSTIC,     2, -4.107418438834e-01, 1.797693134862e+308, 4.1760e+01, 4.0204e+00, 
 2DIAGNOSTIC,     3, -4.107409777207e-01, 1.797693134862e+308, 4.5340e+01, 3.5800e+00, 
 2DIAGNOSTIC,     4, -4.107404042993e-01, 1.797693134862e+308, 4.9775e+01, 4.4346e+00, 
 2DIAGNOSTIC,     5, -4.107386419024e-01, 1.797693134862e+308, 5.3421e+01, 3.6463e+00, 
 2DIAGNOSTIC,     6, -4.107390906199e-01, 1.797693134862e+308, 5.7048e+01, 3.6265e+00, 
 2DIAGNOSTIC,     7, -4.107387259065e-01, 1.797693134862e+308, 6.0664e+01, 3.6164e+00, 
 2DIAGNOSTIC,     8, -4.107387608400e-01, 1.797693134862e+308, 6.5138e+01, 4.4736e+00, 
 2DIAGNOSTIC,     9, -4.107389444926e-01, 1.797693134862e+308, 7.1303e+01, 6.1649e+00, 
 2DIAGNOSTIC,    10, -4.107389659592e-01, 2.806938385252e-06, 7.4941e+01, 3.6384e+00, 
 2DIAGNOSTIC,    11, -4.107388663801e-01, 2.529175350360e-06, 7.8545e+01, 3.6044e+00, 
 2DIAGNOSTIC,    12, -4.107388019350e-01, 2.457424091704e-06, 8.1744e+01, 3.1987e+00, 
 2DIAGNOSTIC,    13, -4.107387496587e-01, 2.365479704142e-06, 8.5314e+01, 3.5702e+00, 
 2DIAGNOSTIC,    14, -4.107385823552e-01, 2.259720299741e-06, 8.8557e+01, 3.2430e+00, 
 2DIAGNOSTIC,    15, -4.107385876875e-01, 2.087483852678e-06, 9.2218e+01, 3.6606e+00, 
 2DIAGNOSTIC,    16, -4.107385355649e-01, 1.957519829149e-06, 9.5826e+01, 3.6081e+00, 
 2DIAGNOSTIC,    17, -4.107384807303e-01, 1.828669179062e-06, 9.9423e+01, 3.5970e+00, 
 2DIAGNOSTIC,    18, -4.107384335993e-01, 1.717444570580e-06, 1.0303e+02, 3.6035e+00, 
 2DIAGNOSTIC,    19, -4.107384295867e-01, 1.629080920440e-06, 1.0663e+02, 3.6034e+00, 
 2DIAGNOSTIC,    20, -4.107384643672e-01, 1.555713871393e-06, 1.0983e+02, 3.2045e+00, 
 2DIAGNOSTIC,    21, -4.107384489067e-01, 1.488709269311e-06, 1.1338e+02, 3.5479e+00, 
 2DIAGNOSTIC,    22, -4.107383932343e-01, 1.426502363205e-06, 1.1658e+02, 3.1971e+00, 
 2DIAGNOSTIC,    23, -4.107384994120e-01, 1.373352049895e-06, 1.2014e+02, 3.5579e+00, 
 2DIAGNOSTIC,    24, -4.107385410606e-01, 1.321756892159e-06, 1.2373e+02, 3.5900e+00, 
 2DIAGNOSTIC,    25, -4.107385860798e-01, 1.275991030496e-06, 1.2774e+02, 4.0095e+00, 
 2DIAGNOSTIC,    26, -4.107386639976e-01, 1.234153021196e-06, 1.3141e+02, 3.6731e+00, 
 2DIAGNOSTIC,    27, -4.107386000112e-01, 1.191399073258e-06, 1.3454e+02, 3.1297e+00, 
 2DIAGNOSTIC,    28, -4.107386758467e-01, 1.151208595521e-06, 1.3861e+02, 4.0692e+00, 
 2DIAGNOSTIC,    29, -4.107385947588e-01, 1.110209434566e-06, 1.4222e+02, 3.6065e+00, 
 2DIAGNOSTIC,    30, -4.107383509628e-01, 1.065921039468e-06, 1.4536e+02, 3.1480e+00, 
 2DIAGNOSTIC,    31, -4.107382914172e-01, 1.022499600017e-06, 1.4855e+02, 3.1897e+00, 
  Elapsed time (stage 0): 1.5515e+02


Stage 1
  iterations = 1000x1000x1000x1000x1000
  convergence threshold = 1.0000e-06
  convergence window size = 10
  number of levels = 5
  using the Mattes MI metric (number of bins = 32, weight = 1.0000e+00, use gradient filter = 0)
  preprocessing:  winsorizing the image intensities
  preprocessing:  histogram matching the images
  Shrink factors (level 1 out of 5): [8, 8, 8]
  Shrink factors (level 2 out of 5): [8, 8, 8]
  Shrink factors (level 3 out of 5): [4, 4, 4]
  Shrink factors (level 4 out of 5): [2, 2, 2]
  Shrink factors (level 5 out of 5): [1, 1, 1]
  smoothing sigmas per level: [4, 3, 2, 1, 0]
  regular sampling (percentage = 2.5000e-01)

*** Running AffineTransform registration ***

DIAGNOSTIC,Iteration,metricValue,convergenceValue,ITERATION_TIME_INDEX,SINCE_LAST
 2DIAGNOSTIC,     1, -5.756177199612e-01, 1.797693134862e+308, 1.5237e+00, 1.5237e+00, 
 2DIAGNOSTIC,     2, -5.775786785250e-01, 1.797693134862e+308, 1.5325e+00, 8.7430e-03, 
 2DIAGNOSTIC,     3, -5.809377725604e-01, 1.797693134862e+308, 1.5399e+00, 7.3931e-03, 
 2DIAGNOSTIC,     4, -5.863393307587e-01, 1.797693134862e+308, 1.5474e+00, 7.5669e-03, 
 2DIAGNOSTIC,     5, -5.949845508741e-01, 1.797693134862e+308, 1.5563e+00, 8.8272e-03, 
 2DIAGNOSTIC,     6, -6.114824402589e-01, 1.797693134862e+308, 1.5648e+00, 8.5471e-03, 
 2DIAGNOSTIC,     7, -6.402432617199e-01, 1.797693134862e+308, 1.5737e+00, 8.8630e-03, 
 2DIAGNOSTIC,     8, -6.865545181687e-01, 1.797693134862e+308, 1.6110e+00, 3.7327e-02, 
 2DIAGNOSTIC,     9, -6.958563713776e-01, 1.797693134862e+308, 1.6242e+00, 1.3162e-02, 
 2DIAGNOSTIC,    10, -7.364291094295e-01, 1.655956885457e-02, 1.6333e+00, 9.1009e-03, 
 2DIAGNOSTIC,    11, -7.806074060972e-01, 1.863436796782e-02, 1.6449e+00, 1.1601e-02, 
 2DIAGNOSTIC,    12, -8.030378037251e-01, 1.943835057452e-02, 1.6543e+00, 9.4469e-03, 
 2DIAGNOSTIC,    13, -8.755706212865e-01, 2.067736311617e-02, 1.6709e+00, 1.6629e-02, 
 2DIAGNOSTIC,    14, -8.848063759789e-01, 2.023169126976e-02, 1.6955e+00, 2.4521e-02, 
 2DIAGNOSTIC,    15, -9.195270316287e-01, 1.917704360474e-02, 1.7197e+00, 2.4236e-02, 
 2DIAGNOSTIC,    16, -9.405490078837e-01, 1.744436510344e-02, 1.7282e+00, 8.5599e-03, 
 2DIAGNOSTIC,    17, -9.479613930744e-01, 1.518277756268e-02, 1.7374e+00, 9.1720e-03, 
 2DIAGNOSTIC,    18, -9.520683364825e-01, 1.293270173581e-02, 1.7463e+00, 8.9099e-03, 
 2DIAGNOSTIC,    19, -9.565643103193e-01, 1.006067877008e-02, 1.7545e+00, 8.1751e-03, 
 2DIAGNOSTIC,    20, -9.587113752367e-01, 7.408910886887e-03, 1.7637e+00, 9.1870e-03, 
 2DIAGNOSTIC,    21, -9.620834728717e-01, 5.216560215760e-03, 1.7737e+00, 9.9699e-03, 
 2DIAGNOSTIC,    22, -9.652357187244e-01, 3.182153965517e-03, 1.7970e+00, 2.3294e-02, 
 2DIAGNOSTIC,    23, -9.668619912959e-01, 2.232713437738e-03, 1.8226e+00, 2.5634e-02, 
 2DIAGNOSTIC,    24, -9.688726864901e-01, 1.328471006331e-03, 1.8316e+00, 8.9779e-03, 
 2DIAGNOSTIC,    25, -9.710302060071e-01, 9.010417608092e-04, 1.8399e+00, 8.3449e-03, 
 2DIAGNOSTIC,    26, -9.725888246606e-01, 7.305518657726e-04, 1.8485e+00, 8.6341e-03, 
 2DIAGNOSTIC,    27, -9.751876529178e-01, 6.345513379056e-04, 1.8568e+00, 8.2328e-03, 
 2DIAGNOSTIC,    28, -9.757302120761e-01, 5.432207966677e-04, 1.8652e+00, 8.4240e-03, 
 2DIAGNOSTIC,    29, -9.768743217970e-01, 4.753898539577e-04, 1.8740e+00, 8.8298e-03, 
 2DIAGNOSTIC,    30, -9.779354609546e-01, 4.039754296906e-04, 1.9093e+00, 3.5248e-02, 
 2DIAGNOSTIC,    31, -9.780145459368e-01, 3.367700838129e-04, 1.9240e+00, 1.4721e-02, 
 2DIAGNOSTIC,    32, -9.783096617577e-01, 2.790211079877e-04, 1.9315e+00, 7.5481e-03, 
 2DIAGNOSTIC,    33, -9.784969199612e-01, 2.173239415153e-04, 1.9390e+00, 7.4229e-03, 
 2DIAGNOSTIC,    34, -9.790639679824e-01, 1.644255054639e-04, 1.9478e+00, 8.7850e-03, 
 2DIAGNOSTIC,    35, -9.792248533413e-01, 1.212200727146e-04, 1.9547e+00, 6.9809e-03, 
 2DIAGNOSTIC,    36, -9.794139431395e-01, 8.498618055930e-05, 1.9615e+00, 6.7391e-03, 
 2DIAGNOSTIC,    37, -9.796854049331e-01, 6.875043332939e-05, 1.9697e+00, 8.2271e-03, 
 2DIAGNOSTIC,    38, -9.797858289944e-01, 5.237215034708e-05, 1.9765e+00, 6.7711e-03, 
 2DIAGNOSTIC,    39, -9.800048150547e-01, 4.324023285615e-05, 2.0097e+00, 3.3214e-02, 
 2DIAGNOSTIC,    40, -9.803023745763e-01, 4.167741816366e-05, 2.0260e+00, 1.6263e-02, 
 2DIAGNOSTIC,    41, -9.804132538397e-01, 3.778101871424e-05, 2.0334e+00, 7.4589e-03, 
 2DIAGNOSTIC,    42, -9.805175453785e-01, 3.368388439995e-05, 2.0409e+00, 7.4570e-03, 
 2DIAGNOSTIC,    43, -9.807097836209e-01, 2.944081603850e-05, 2.0512e+00, 1.0352e-02, 
 2DIAGNOSTIC,    44, -9.808160575138e-01, 2.758452764572e-05, 2.0591e+00, 7.8971e-03, 
 2DIAGNOSTIC,    45, -9.808767281938e-01, 2.480926011147e-05, 2.0670e+00, 7.8859e-03, 
 2DIAGNOSTIC,    46, -9.810431007658e-01, 2.233107115080e-05, 2.0746e+00, 7.5810e-03, 
 2DIAGNOSTIC,    47, -9.812526233514e-01, 2.118587887158e-05, 2.1201e+00, 4.5474e-02, 
 2DIAGNOSTIC,    48, -9.813223464948e-01, 1.922113646978e-05, 2.1293e+00, 9.2680e-03, 
 2DIAGNOSTIC,    49, -9.813643503547e-01, 1.724408399049e-05, 2.1411e+00, 1.1793e-02, 
 2DIAGNOSTIC,    50, -9.814442045046e-01, 1.619083485319e-05, 2.1504e+00, 9.2850e-03, 
 2DIAGNOSTIC,    51, -9.814462659584e-01, 1.438294325390e-05, 2.1584e+00, 8.0080e-03, 
 2DIAGNOSTIC,    52, -9.814266489877e-01, 1.181910586988e-05, 2.1658e+00, 7.3800e-03, 
 2DIAGNOSTIC,    53, -9.814411894692e-01, 9.529569567658e-06, 2.1735e+00, 7.7112e-03, 
 2DIAGNOSTIC,    54, -9.815183227418e-01, 7.566446961392e-06, 2.2186e+00, 4.5093e-02, 
 2DIAGNOSTIC,    55, -9.815722431501e-01, 5.646381171138e-06, 2.2268e+00, 8.2130e-03, 
 2DIAGNOSTIC,    56, -9.815775958628e-01, 4.257312472049e-06, 2.2350e+00, 8.1971e-03, 
 2DIAGNOSTIC,    57, -9.815608776242e-01, 3.646355412244e-06, 2.2433e+00, 8.2650e-03, 
 2DIAGNOSTIC,    58, -9.815605886131e-01, 3.146616560958e-06, 2.2512e+00, 7.9100e-03, 
 2DIAGNOSTIC,    59, -9.815656804985e-01, 2.648040569323e-06, 2.2581e+00, 6.9082e-03, 
 2DIAGNOSTIC,    60, -9.815797931270e-01, 2.450933922322e-06, 2.2651e+00, 6.9759e-03, 
 2DIAGNOSTIC,    61, -9.815859164647e-01, 2.129682910773e-06, 2.2724e+00, 7.3349e-03, 
 2DIAGNOSTIC,    62, -9.815987449448e-01, 1.643600136169e-06, 2.3081e+00, 3.5714e-02, 
 2DIAGNOSTIC,    63, -9.816077795376e-01, 1.178749018591e-06, 2.3249e+00, 1.6824e-02, 
 2DIAGNOSTIC,    64, -9.816138702929e-01, 1.064556483021e-06, 2.3349e+00, 1.0007e-02, 
 2DIAGNOSTIC,    65, -9.816102070552e-01, 1.141521194684e-06, 2.3420e+00, 7.0281e-03, 
 2DIAGNOSTIC,    66, -9.816100221621e-01, 1.184320244936e-06, 2.3487e+00, 6.7661e-03, 
 2DIAGNOSTIC,    67, -9.816102793713e-01, 1.085669967371e-06, 2.3554e+00, 6.6540e-03, 
DIAGNOSTIC,Iteration,metricValue,convergenceValue,ITERATION_TIME_INDEX,SINCE_LAST
 2DIAGNOSTIC,     1, -9.051820609250e-01, 1.797693134862e+308, 3.8297e+00, 1.4743e+00, 
 2DIAGNOSTIC,     2, -9.056351121176e-01, 1.797693134862e+308, 3.8374e+00, 7.7281e-03, 
 2DIAGNOSTIC,     3, -9.056844976304e-01, 1.797693134862e+308, 3.8466e+00, 9.1329e-03, 
 2DIAGNOSTIC,     4, -9.056974145354e-01, 1.797693134862e+308, 3.8592e+00, 1.2667e-02, 
 2DIAGNOSTIC,     5, -9.056978818120e-01, 1.797693134862e+308, 3.8671e+00, 7.8800e-03, 
 2DIAGNOSTIC,     6, -9.057063752739e-01, 1.797693134862e+308, 3.8756e+00, 8.4438e-03, 
 2DIAGNOSTIC,     7, -9.057178102200e-01, 1.797693134862e+308, 3.9067e+00, 3.1144e-02, 
 2DIAGNOSTIC,     8, -9.057270722259e-01, 1.797693134862e+308, 3.9222e+00, 1.5487e-02, 
 2DIAGNOSTIC,     9, -9.057436654596e-01, 1.797693134862e+308, 3.9314e+00, 9.1929e-03, 
 2DIAGNOSTIC,    10, -9.058012573439e-01, 2.686924090578e-05, 3.9414e+00, 9.9800e-03, 
 2DIAGNOSTIC,    11, -9.058117007506e-01, 1.220857946910e-05, 3.9520e+00, 1.0668e-02, 
 2DIAGNOSTIC,    12, -9.058283645592e-01, 1.141751022428e-05, 3.9645e+00, 1.2444e-02, 
 2DIAGNOSTIC,    13, -9.058319614736e-01, 1.123798183228e-05, 3.9730e+00, 8.5731e-03, 
 2DIAGNOSTIC,    14, -9.058600752732e-01, 1.120555154970e-05, 4.0105e+00, 3.7491e-02, 
 2DIAGNOSTIC,    15, -9.058840315765e-01, 1.084108142473e-05, 4.0233e+00, 1.2729e-02, 
 2DIAGNOSTIC,    16, -9.058983245671e-01, 1.015589141576e-05, 4.0320e+00, 8.7700e-03, 
 2DIAGNOSTIC,    17, -9.059081015300e-01, 9.207151172967e-06, 4.0407e+00, 8.6269e-03, 
 2DIAGNOSTIC,    18, -9.059296232970e-01, 8.230501130010e-06, 4.0497e+00, 9.0480e-03, 
 2DIAGNOSTIC,    19, -9.059345266183e-01, 7.078155720215e-06, 4.0579e+00, 8.2209e-03, 
 2DIAGNOSTIC,    20, -9.059438099907e-01, 6.583025541719e-06, 4.0653e+00, 7.3471e-03, 
 2DIAGNOSTIC,    21, -9.059326541158e-01, 5.656381730827e-06, 4.0804e+00, 1.5101e-02, 
 2DIAGNOSTIC,    22, -9.059342256810e-01, 4.699344275459e-06, 4.1163e+00, 3.5923e-02, 
 2DIAGNOSTIC,    23, -9.059348661314e-01, 3.569006409784e-06, 4.1251e+00, 8.8241e-03, 
 2DIAGNOSTIC,    24, -9.059366474528e-01, 2.709215113306e-06, 4.1326e+00, 7.5150e-03, 
 2DIAGNOSTIC,    25, -9.059384041655e-01, 2.109858821459e-06, 4.1412e+00, 8.5649e-03, 
 2DIAGNOSTIC,    26, -9.059391201638e-01, 1.661260574527e-06, 4.1489e+00, 7.7450e-03, 
 2DIAGNOSTIC,    27, -9.059532829018e-01, 1.478637253131e-06, 4.1597e+00, 1.0738e-02, 
 2DIAGNOSTIC,    28, -9.059534505015e-01, 1.517034934090e-06, 4.1696e+00, 9.8641e-03, 
 2DIAGNOSTIC,    29, -9.059534525800e-01, 1.567331562952e-06, 4.2161e+00, 4.6555e-02, 
 2DIAGNOSTIC,    30, -9.059534525952e-01, 1.672578725881e-06, 4.2281e+00, 1.2006e-02, 
 2DIAGNOSTIC,    31, -9.059534525953e-01, 1.599397777802e-06, 4.2384e+00, 1.0268e-02, 
 2DIAGNOSTIC,    32, -9.059534525953e-01, 1.489828502108e-06, 4.2462e+00, 7.8471e-03, 
 2DIAGNOSTIC,    33, -9.059534525953e-01, 1.345271355702e-06, 4.2534e+00, 7.1359e-03, 
 2DIAGNOSTIC,    34, -9.059534525953e-01, 1.191205377712e-06, 4.2621e+00, 8.7321e-03, 
 2DIAGNOSTIC,    35, -9.059534525953e-01, 1.038785037891e-06, 4.2700e+00, 7.9348e-03, 
DIAGNOSTIC,Iteration,metricValue,convergenceValue,ITERATION_TIME_INDEX,SINCE_LAST
 2DIAGNOSTIC,     1, -8.008973386965e-01, 1.797693134862e+308, 5.9431e+00, 1.6731e+00, 
 2DIAGNOSTIC,     2, -8.010303162529e-01, 1.797693134862e+308, 6.0594e+00, 1.1630e-01, 
 2DIAGNOSTIC,     3, -8.010477234296e-01, 1.797693134862e+308, 6.1483e+00, 8.8896e-02, 
 2DIAGNOSTIC,     4, -8.010724370552e-01, 1.797693134862e+308, 6.2376e+00, 8.9289e-02, 
 2DIAGNOSTIC,     5, -8.010911708558e-01, 1.797693134862e+308, 6.3220e+00, 8.4385e-02, 
 2DIAGNOSTIC,     6, -8.011182643496e-01, 1.797693134862e+308, 6.4229e+00, 1.0098e-01, 
 2DIAGNOSTIC,     7, -8.011294668385e-01, 1.797693134862e+308, 6.5331e+00, 1.1018e-01, 
 2DIAGNOSTIC,     8, -8.011348771021e-01, 1.797693134862e+308, 6.6363e+00, 1.0321e-01, 
 2DIAGNOSTIC,     9, -8.011345534747e-01, 1.797693134862e+308, 6.7182e+00, 8.1884e-02, 
 2DIAGNOSTIC,    10, -8.011410959271e-01, 1.833435810618e-05, 6.8155e+00, 9.7271e-02, 
 2DIAGNOSTIC,    11, -8.011438744076e-01, 1.130972563292e-05, 6.8845e+00, 6.8998e-02, 
 2DIAGNOSTIC,    12, -8.011459913084e-01, 8.688948731420e-06, 6.9622e+00, 7.7758e-02, 
 2DIAGNOSTIC,    13, -8.011508893398e-01, 6.532384380295e-06, 7.0447e+00, 8.2502e-02, 
 2DIAGNOSTIC,    14, -8.011562270917e-01, 5.070923266307e-06, 7.1356e+00, 9.0899e-02, 
 2DIAGNOSTIC,    15, -8.011582816931e-01, 4.023190240246e-06, 7.2339e+00, 9.8243e-02, 
 2DIAGNOSTIC,    16, -8.011629531859e-01, 3.630644624816e-06, 7.3503e+00, 1.1642e-01, 
 2DIAGNOSTIC,    17, -8.011635847063e-01, 3.377147984034e-06, 7.4467e+00, 9.6432e-02, 
 2DIAGNOSTIC,    18, -8.011639657261e-01, 3.128712238808e-06, 7.5625e+00, 1.1575e-01, 
 2DIAGNOSTIC,    19, -8.011634726401e-01, 2.761982453379e-06, 7.7103e+00, 1.4782e-01, 
 2DIAGNOSTIC,    20, -8.011631542780e-01, 2.440949148461e-06, 7.9706e+00, 2.6026e-01, 
 2DIAGNOSTIC,    21, -8.011631542779e-01, 2.118312955587e-06, 8.0973e+00, 1.2669e-01, 
 2DIAGNOSTIC,    22, -8.011631542779e-01, 1.801443037817e-06, 8.1930e+00, 9.5747e-02, 
 2DIAGNOSTIC,    23, -8.011631542779e-01, 1.553429262002e-06, 8.2889e+00, 9.5947e-02, 
 2DIAGNOSTIC,    24, -8.011631542779e-01, 1.389253443347e-06, 8.3726e+00, 8.3651e-02, 
 2DIAGNOSTIC,    25, -8.011631542779e-01, 1.259776698355e-06, 8.4633e+00, 9.0712e-02, 
 2DIAGNOSTIC,    26, -8.011631542779e-01, 1.204915774891e-06, 8.5564e+00, 9.3142e-02, 
 2DIAGNOSTIC,    27, -8.011631542779e-01, 1.163878142335e-06, 8.6493e+00, 9.2891e-02, 
 2DIAGNOSTIC,    28, -8.011631542779e-01, 1.132080259855e-06, 8.7512e+00, 1.0185e-01, 
 2DIAGNOSTIC,    29, -8.011631542779e-01, 1.096936076146e-06, 8.8636e+00, 1.1246e-01, 
 2DIAGNOSTIC,    30, -8.011631542779e-01, 1.060370181015e-06, 8.9614e+00, 9.7736e-02, 
 2DIAGNOSTIC,    31, -8.011631542779e-01, 1.026163460739e-06, 9.0611e+00, 9.9680e-02, 
DIAGNOSTIC,Iteration,metricValue,convergenceValue,ITERATION_TIME_INDEX,SINCE_LAST
 2DIAGNOSTIC,     1, -7.010481911623e-01, 1.797693134862e+308, 1.1989e+01, 2.9281e+00, 
 2DIAGNOSTIC,     2, -7.012971925039e-01, 1.797693134862e+308, 1.2564e+01, 5.7512e-01, 
 2DIAGNOSTIC,     3, -7.013446944656e-01, 1.797693134862e+308, 1.3331e+01, 7.6679e-01, 
 2DIAGNOSTIC,     4, -7.013669155092e-01, 1.797693134862e+308, 1.4023e+01, 6.9184e-01, 
 2DIAGNOSTIC,     5, -7.013709332935e-01, 1.797693134862e+308, 1.4647e+01, 6.2396e-01, 
 2DIAGNOSTIC,     6, -7.013923151439e-01, 1.797693134862e+308, 1.5265e+01, 6.1807e-01, 
 2DIAGNOSTIC,     7, -7.014187927416e-01, 1.797693134862e+308, 1.5862e+01, 5.9704e-01, 
 2DIAGNOSTIC,     8, -7.014390998388e-01, 1.797693134862e+308, 1.6443e+01, 5.8059e-01, 
 2DIAGNOSTIC,     9, -7.014550000304e-01, 1.797693134862e+308, 1.7092e+01, 6.4915e-01, 
 2DIAGNOSTIC,    10, -7.014721529426e-01, 2.975817574531e-05, 1.7760e+01, 6.6783e-01, 
 2DIAGNOSTIC,    11, -7.014768923953e-01, 1.722533342957e-05, 1.8586e+01, 8.2676e-01, 
 2DIAGNOSTIC,    12, -7.014773711601e-01, 1.387691434963e-05, 1.9462e+01, 8.7521e-01, 
 2DIAGNOSTIC,    13, -7.014770224655e-01, 1.148684250379e-05, 2.0049e+01, 5.8745e-01, 
 2DIAGNOSTIC,    14, -7.014779430296e-01, 9.294475409455e-06, 2.0658e+01, 6.0921e-01, 
 2DIAGNOSTIC,    15, -7.014787014756e-01, 6.872890526616e-06, 2.1338e+01, 6.8006e-01, 
 2DIAGNOSTIC,    16, -7.014792871827e-01, 4.864024744991e-06, 2.1932e+01, 5.9397e-01, 
 2DIAGNOSTIC,    17, -7.014780063150e-01, 3.424299988897e-06, 2.2563e+01, 6.3091e-01, 
 2DIAGNOSTIC,    18, -7.014778899964e-01, 2.453017840472e-06, 2.3257e+01, 6.9414e-01, 
 2DIAGNOSTIC,    19, -7.014779444206e-01, 1.851173995364e-06, 2.3955e+01, 6.9780e-01, 
 2DIAGNOSTIC,    20, -7.014779596334e-01, 1.637300414171e-06, 2.4636e+01, 6.8103e-01, 
 2DIAGNOSTIC,    21, -7.014780851684e-01, 1.533077586845e-06, 2.5331e+01, 6.9472e-01, 
 2DIAGNOSTIC,    22, -7.014781751685e-01, 1.448041812221e-06, 2.5944e+01, 6.1330e-01, 
 2DIAGNOSTIC,    23, -7.014782570096e-01, 1.365475997758e-06, 2.6613e+01, 6.6897e-01, 
 2DIAGNOSTIC,    24, -7.014780706716e-01, 1.303246561113e-06, 2.7226e+01, 6.1333e-01, 
 2DIAGNOSTIC,    25, -7.014782008590e-01, 1.262046081384e-06, 2.7933e+01, 7.0690e-01, 
 2DIAGNOSTIC,    26, -7.014782126068e-01, 1.234760517381e-06, 2.8547e+01, 6.1358e-01, 
 2DIAGNOSTIC,    27, -7.014782309273e-01, 1.189494330395e-06, 2.9332e+01, 7.8503e-01, 
 2DIAGNOSTIC,    28, -7.014781514974e-01, 1.143585667482e-06, 3.0083e+01, 7.5072e-01, 
 2DIAGNOSTIC,    29, -7.014781932541e-01, 1.101589429023e-06, 3.0640e+01, 5.5739e-01, 
 2DIAGNOSTIC,    30, -7.014754797669e-01, 1.025452009619e-06, 3.1241e+01, 6.0105e-01, 
DIAGNOSTIC,Iteration,metricValue,convergenceValue,ITERATION_TIME_INDEX,SINCE_LAST
 2DIAGNOSTIC,     1, -6.372967505871e-01, 1.797693134862e+308, 4.1616e+01, 1.0375e+01, 
 2DIAGNOSTIC,     2, -6.373906873675e-01, 1.797693134862e+308, 4.8140e+01, 6.5241e+00, 
 2DIAGNOSTIC,     3, -6.373911926389e-01, 1.797693134862e+308, 5.3337e+01, 5.1969e+00, 
 2DIAGNOSTIC,     4, -6.373911542522e-01, 1.797693134862e+308, 5.7254e+01, 3.9169e+00, 
 2DIAGNOSTIC,     5, -6.373911598357e-01, 1.797693134862e+308, 6.1289e+01, 4.0353e+00, 
 2DIAGNOSTIC,     6, -6.373911409613e-01, 1.797693134862e+308, 6.5206e+01, 3.9172e+00, 
 2DIAGNOSTIC,     7, -6.373911410532e-01, 1.797693134862e+308, 7.1314e+01, 6.1080e+00, 
 2DIAGNOSTIC,     8, -6.373911512419e-01, 1.797693134862e+308, 8.2622e+01, 1.1308e+01, 
 2DIAGNOSTIC,     9, -6.373911512417e-01, 1.797693134862e+308, 9.1654e+01, 9.0322e+00, 
 2DIAGNOSTIC,    10, -6.373911512417e-01, 7.406752746103e-06, 9.6055e+01, 4.4012e+00, 
 2DIAGNOSTIC,    11, -6.373911512417e-01, 2.908940672869e-06, 9.9953e+01, 3.8973e+00, 
 2DIAGNOSTIC,    12, -6.373911512417e-01, 2.649240381070e-06, 1.0392e+02, 3.9631e+00, 
 2DIAGNOSTIC,    13, -6.373911512417e-01, 2.446995135214e-06, 1.0875e+02, 4.8345e+00, 
 2DIAGNOSTIC,    14, -6.373911512417e-01, 2.272401691913e-06, 1.1364e+02, 4.8887e+00, 
 2DIAGNOSTIC,    15, -6.373911512417e-01, 2.121252722531e-06, 1.1758e+02, 3.9414e+00, 
 2DIAGNOSTIC,    16, -6.373911512417e-01, 1.988422608623e-06, 1.2232e+02, 4.7366e+00, 
 2DIAGNOSTIC,    17, -6.373911512417e-01, 1.871188308480e-06, 1.2680e+02, 4.4858e+00, 
 2DIAGNOSTIC,    18, -6.373911512417e-01, 1.767232547363e-06, 1.3091e+02, 4.1061e+00, 
 2DIAGNOSTIC,    19, -6.373911512417e-01, 1.674219579702e-06, 1.3500e+02, 4.0954e+00, 
 2DIAGNOSTIC,    20, -6.373911512417e-01, 1.590507978003e-06, 1.3898e+02, 3.9707e+00, 
 2DIAGNOSTIC,    21, -6.373911512417e-01, 1.514768966274e-06, 1.4281e+02, 3.8394e+00, 
 2DIAGNOSTIC,    22, -6.373911512417e-01, 1.445915365807e-06, 1.4683e+02, 4.0198e+00, 
 2DIAGNOSTIC,    23, -6.373911512417e-01, 1.383049073649e-06, 1.5074e+02, 3.9020e+00, 
 2DIAGNOSTIC,    24, -6.373911512417e-01, 1.325421671687e-06, 1.5462e+02, 3.8855e+00, 
 2DIAGNOSTIC,    25, -6.373911512417e-01, 1.272404489307e-06, 1.5862e+02, 4.0009e+00, 
 2DIAGNOSTIC,    26, -6.373911512417e-01, 1.223465575052e-06, 1.6259e+02, 3.9681e+00, 
 2DIAGNOSTIC,    27, -6.373911512417e-01, 1.178151785533e-06, 1.6654e+02, 3.9515e+00, 
 2DIAGNOSTIC,    28, -6.373911512417e-01, 1.136074712464e-06, 1.7050e+02, 3.9584e+00, 
 2DIAGNOSTIC,    29, -6.373911512417e-01, 1.096899521387e-06, 1.7449e+02, 3.9843e+00, 
 2DIAGNOSTIC,    30, -6.373911512417e-01, 1.060336022672e-06, 1.7830e+02, 3.8133e+00, 
 2DIAGNOSTIC,    31, -6.373911512417e-01, 1.026131470683e-06, 1.8223e+02, 3.9338e+00, 
  Elapsed time (stage 1): 1.8960e+02


Total elapsed time: 3.4476e+02
ALL Done
