
Running for 3-dimensional images.

*********10*********20*********30*********40*********50*********60*********70*********80*********90*********

   AdaptiveNonLocalMeansDenoisingImageFilter (0x30a2370)
     RTTI typeinfo:   itk::AdaptiveNonLocalMeansDenoisingImageFilter<itk::Image<float, 3u>, itk::Image<float, 3u>, itk::Image<unsigned char, 3u> >
     Reference Count: 1
     Modified Time: 392
     Debug: Off
     Object Name: 
     Observers: 
       ProgressEvent(Command)
     Inputs: 
       Primary: (0x30a12f0) *
       _1: (0)
     Indexed Inputs: 
       0: Primary (0x30a12f0)
       1: _1 (0)
     Required Input Names: Primary
     NumberOfRequiredInputs: 1
     Outputs: 
       Primary: (0x30a0da0)
     Indexed Outputs: 
       0: Primary (0x30a0da0)
     NumberOfRequiredOutputs: 1
     Number Of Work Units: 56
     ReleaseDataFlag: Off
     ReleaseDataBeforeUpdateFlag: Off
     AbortGenerateData: Off
     Progress: 1
     Multithreader: 
       RTTI typeinfo:   itk::PoolMultiThreader
       Reference Count: 1
       Modified Time: 352
       Debug: Off
       Object Name: 
       Observers: 
         none
       Number of Work Units: 52
       Number of Threads: 14
       Global Maximum Number Of Threads: 128
       Global Default Number Of Threads: 14
       Global Default Threader Type: itk::MultiThreaderBaseEnums::Threader::Pool
       SingleMethod: 1
       SingleData: 0x7ffc77a0dbc8
     DynamicMultiThreading: Off
     CoordinateTolerance: 1e-06
     DirectionTolerance: 1e-06
Using mean squares to measure the patch similarity.
     Neighborhood search radius = [2, 2, 2]
     Neighborhood patch radius = [1, 1, 1]
     Using Rician noise model.
     Epsilon = 1e-05
     Mean threshold = 0.95
     Variance threshold = 0.5
     Smoothing variance = 2
     Neighborhood radius for local mean and variance = [1, 1, 1]
Elapsed time: 298.249
All_Command_lines_OK
Using double precision for computations.
=============================================================================
The composite transform comprises the following transforms (in order): 
  1. Center of mass alignment using fixed image: /Dedicated/jmichaelson-wdata/msmuhammad/projects/RPOE/3dprint/data/derivatives/pre-freesurfer/../../temp/MNI152_T1_0.5mm.nii.gz and moving image: /Dedicated/jmichaelson-wdata/msmuhammad/projects/RPOE/3dprint/data/derivatives/pre-freesurfer/2E_052/2E_052/2E_052_reorient_RPI_denoise.nii.gz (type = Euler3DTransform)
=============================================================================
  number of levels = 5
  number of levels = 5
  fixed image: /Dedicated/jmichaelson-wdata/msmuhammad/projects/RPOE/3dprint/data/derivatives/pre-freesurfer/../../temp/MNI152_T1_0.5mm.nii.gz
  moving image: /Dedicated/jmichaelson-wdata/msmuhammad/projects/RPOE/3dprint/data/derivatives/pre-freesurfer/2E_052/2E_052/2E_052_reorient_RPI_denoise.nii.gz
  fixed image: /Dedicated/jmichaelson-wdata/msmuhammad/projects/RPOE/3dprint/data/derivatives/pre-freesurfer/../../temp/MNI152_T1_0.5mm.nii.gz
  moving image: /Dedicated/jmichaelson-wdata/msmuhammad/projects/RPOE/3dprint/data/derivatives/pre-freesurfer/2E_052/2E_052/2E_052_reorient_RPI_denoise.nii.gz
Dimension = 3
Number of stages = 2
Use histogram matching = true
Winsorize image intensities = true
  Lower quantile = 0.005
  Upper quantile = 0.995


Stage 1 State
   Image metric = Mattes
     Fixed image = Image (0x36e1f10)
  RTTI typeinfo:   itk::Image<double, 3u>
  Reference Count: 2
  Modified Time: 1694
  Debug: Off
  Object Name: 
  Observers: 
    none
  Source: (none)
  Source output name: (none)
  Release Data: Off
  Data Released: False
  Global Release Data: Off
  PipelineMTime: 0
  UpdateMTime: 1477
  RealTimeStamp: 0 seconds 
  LargestPossibleRegion: 
    Dimension: 3
    Index: [0, 0, 0]
    Size: [364, 436, 364]
  BufferedRegion: 
    Dimension: 3
    Index: [0, 0, 0]
    Size: [364, 436, 364]
  RequestedRegion: 
    Dimension: 3
    Index: [0, 0, 0]
    Size: [364, 436, 364]
  Spacing: [0.5, 0.5, 0.5]
  Origin: [-90, 126, -72]
  Direction: 
1 0 0
0 -1 0
0 0 1

  IndexToPointMatrix: 
0.5 0 0
0 -0.5 0
0 0 0.5

  PointToIndexMatrix: 
2 0 0
0 -2 0
0 0 2

  Inverse Direction: 
1 0 0
0 -1 0
0 0 1

  PixelContainer: 
    ImportImageContainer (0x36ce9d0)
      RTTI typeinfo:   itk::ImportImageContainer<unsigned long, double>
      Reference Count: 1
      Modified Time: 1474
      Debug: Off
      Object Name: 
      Observers: 
        none
      Pointer: 0x2b3c652f7010
      Container manages memory: true
      Size: 57768256
      Capacity: 57768256

     Moving image = Image (0x36e1af0)
  RTTI typeinfo:   itk::Image<double, 3u>
  Reference Count: 2
  Modified Time: 1695
  Debug: Off
  Object Name: 
  Observers: 
    none
  Source: (none)
  Source output name: (none)
  Release Data: Off
  Data Released: False
  Global Release Data: Off
  PipelineMTime: 0
  UpdateMTime: 1692
  RealTimeStamp: 0 seconds 
  LargestPossibleRegion: 
    Dimension: 3
    Index: [0, 0, 0]
    Size: [280, 512, 512]
  BufferedRegion: 
    Dimension: 3
    Index: [0, 0, 0]
    Size: [280, 512, 512]
  RequestedRegion: 
    Dimension: 3
    Index: [0, 0, 0]
    Size: [280, 512, 512]
  Spacing: [0.599998, 0.4688, 0.4688]
  Origin: [-89.3246, 78.5412, -122.291]
  Direction: 
1 0 0
0 -1 0
0 0 1

  IndexToPointMatrix: 
0.599998 0 0
0 -0.4688 0
0 0 0.4688

  PointToIndexMatrix: 
1.66667 0 0
0 -2.13311 0
0 0 2.13311

  Inverse Direction: 
1 0 0
0 -1 0
0 0 1

  PixelContainer: 
    ImportImageContainer (0x36e5190)
      RTTI typeinfo:   itk::ImportImageContainer<unsigned long, double>
      Reference Count: 1
      Modified Time: 1689
      Debug: Off
      Object Name: 
      Observers: 
        none
      Pointer: 0x2b3c80bb4010
      Container manages memory: true
      Size: 73400320
      Capacity: 73400320

     Weighting = 1
     Sampling strategy = regular
     Number of bins = 32
     Radius = 4
     Sampling percentage  = 0.25
   Transform = Rigid
     Gradient step = 0.1
     Update field sigma (voxel space) = 0
     Total field sigma (voxel space) = 0
     Update field time sigma = 0
     Total field time sigma  = 0
     Number of time indices = 0
     Number of time point samples = 0
Stage 2 State
   Image metric = Mattes
     Fixed image = Image (0x36f14a0)
  RTTI typeinfo:   itk::Image<double, 3u>
  Reference Count: 2
  Modified Time: 2126
  Debug: Off
  Object Name: 
  Observers: 
    none
  Source: (none)
  Source output name: (none)
  Release Data: Off
  Data Released: False
  Global Release Data: Off
  PipelineMTime: 0
  UpdateMTime: 1909
  RealTimeStamp: 0 seconds 
  LargestPossibleRegion: 
    Dimension: 3
    Index: [0, 0, 0]
    Size: [364, 436, 364]
  BufferedRegion: 
    Dimension: 3
    Index: [0, 0, 0]
    Size: [364, 436, 364]
  RequestedRegion: 
    Dimension: 3
    Index: [0, 0, 0]
    Size: [364, 436, 364]
  Spacing: [0.5, 0.5, 0.5]
  Origin: [-90, 126, -72]
  Direction: 
1 0 0
0 -1 0
0 0 1

  IndexToPointMatrix: 
0.5 0 0
0 -0.5 0
0 0 0.5

  PointToIndexMatrix: 
2 0 0
0 -2 0
0 0 2

  Inverse Direction: 
1 0 0
0 -1 0
0 0 1

  PixelContainer: 
    ImportImageContainer (0x36f1760)
      RTTI typeinfo:   itk::ImportImageContainer<unsigned long, double>
      Reference Count: 1
      Modified Time: 1906
      Debug: Off
      Object Name: 
      Observers: 
        none
      Pointer: 0x2b3ca3bb5010
      Container manages memory: true
      Size: 57768256
      Capacity: 57768256

     Moving image = Image (0x36db5b0)
  RTTI typeinfo:   itk::Image<double, 3u>
  Reference Count: 2
  Modified Time: 2127
  Debug: Off
  Object Name: 
  Observers: 
    none
  Source: (none)
  Source output name: (none)
  Release Data: Off
  Data Released: False
  Global Release Data: Off
  PipelineMTime: 0
  UpdateMTime: 2124
  RealTimeStamp: 0 seconds 
  LargestPossibleRegion: 
    Dimension: 3
    Index: [0, 0, 0]
    Size: [280, 512, 512]
  BufferedRegion: 
    Dimension: 3
    Index: [0, 0, 0]
    Size: [280, 512, 512]
  RequestedRegion: 
    Dimension: 3
    Index: [0, 0, 0]
    Size: [280, 512, 512]
  Spacing: [0.599998, 0.4688, 0.4688]
  Origin: [-89.3246, 78.5412, -122.291]
  Direction: 
1 0 0
0 -1 0
0 0 1

  IndexToPointMatrix: 
0.599998 0 0
0 -0.4688 0
0 0 0.4688

  PointToIndexMatrix: 
1.66667 0 0
0 -2.13311 0
0 0 2.13311

  Inverse Direction: 
1 0 0
0 -1 0
0 0 1

  PixelContainer: 
    ImportImageContainer (0x36e0c90)
      RTTI typeinfo:   itk::ImportImageContainer<unsigned long, double>
      Reference Count: 1
      Modified Time: 2121
      Debug: Off
      Object Name: 
      Observers: 
        none
      Pointer: 0x2b3cbf472010
      Container manages memory: true
      Size: 73400320
      Capacity: 73400320

     Weighting = 1
     Sampling strategy = regular
     Number of bins = 32
     Radius = 4
     Sampling percentage  = 0.25
   Transform = Affine
     Gradient step = 0.1
     Update field sigma (voxel space) = 0
     Total field sigma (voxel space) = 0
     Update field time sigma = 0
     Total field time sigma  = 0
     Number of time indices = 0
     Number of time point samples = 0
Registration using 2 total stages.

Stage 0
  iterations = 2000x2000x2000x2000x2000
  convergence threshold = 1e-06
  convergence window size = 10
  number of levels = 5
  using the Mattes MI metric (number of bins = 32, weight = 1, use gradient filter = 0)
  preprocessing:  winsorizing the image intensities
  preprocessing:  histogram matching the images
  Shrink factors (level 1 out of 5): [8, 8, 8]
  Shrink factors (level 2 out of 5): [8, 8, 8]
  Shrink factors (level 3 out of 5): [4, 4, 4]
  Shrink factors (level 4 out of 5): [2, 2, 2]
  Shrink factors (level 5 out of 5): [1, 1, 1]
  smoothing sigmas per level: [4, 3, 2, 1, 0]
  regular sampling (percentage = 0.25)

*** Running Euler3DTransform registration ***

DIAGNOSTIC,Iteration,metricValue,convergenceValue,ITERATION_TIME_INDEX,SINCE_LAST
 2DIAGNOSTIC,     1, -5.622998658927e-01, 1.797693134862e+308, 1.3818e+00, 1.3818e+00, 
 2DIAGNOSTIC,     2, -5.644681522472e-01, 1.797693134862e+308, 1.3911e+00, 9.3670e-03, 
 2DIAGNOSTIC,     3, -5.679297150964e-01, 1.797693134862e+308, 1.4005e+00, 9.3460e-03, 
 2DIAGNOSTIC,     4, -5.735734444313e-01, 1.797693134862e+308, 1.4097e+00, 9.2411e-03, 
 2DIAGNOSTIC,     5, -5.818272961087e-01, 1.797693134862e+308, 1.4193e+00, 9.6190e-03, 
 2DIAGNOSTIC,     6, -5.916144840596e-01, 1.797693134862e+308, 1.4289e+00, 9.5301e-03, 
 2DIAGNOSTIC,     7, -5.999436732317e-01, 1.797693134862e+308, 1.4382e+00, 9.3830e-03, 
 2DIAGNOSTIC,     8, -6.037123967631e-01, 1.797693134862e+308, 1.4473e+00, 9.0621e-03, 
 2DIAGNOSTIC,     9, -6.053691071908e-01, 1.797693134862e+308, 1.4566e+00, 9.3169e-03, 
 2DIAGNOSTIC,    10, -6.077385832157e-01, 5.835451079695e-03, 1.4704e+00, 1.3781e-02, 
 2DIAGNOSTIC,    11, -6.088580030205e-01, 4.972465500160e-03, 1.4804e+00, 9.9699e-03, 
 2DIAGNOSTIC,    12, -6.102679487069e-01, 3.954056694247e-03, 1.4902e+00, 9.8710e-03, 
 2DIAGNOSTIC,    13, -6.156370092735e-01, 3.066113916091e-03, 1.5013e+00, 1.1075e-02, 
 2DIAGNOSTIC,    14, -6.273222072217e-01, 2.616136164801e-03, 1.5147e+00, 1.3346e-02, 
 2DIAGNOSTIC,    15, -6.307418081997e-01, 2.348186694154e-03, 1.5237e+00, 9.0489e-03, 
 2DIAGNOSTIC,    16, -6.320852607071e-01, 2.228926672577e-03, 1.5329e+00, 9.1379e-03, 
 2DIAGNOSTIC,    17, -6.326775677759e-01, 2.170825221516e-03, 1.5476e+00, 1.4750e-02, 
 2DIAGNOSTIC,    18, -6.326806002287e-01, 2.016292982425e-03, 1.5578e+00, 1.0222e-02, 
 2DIAGNOSTIC,    19, -6.328093479039e-01, 1.731025281308e-03, 1.5671e+00, 9.2640e-03, 
 2DIAGNOSTIC,    20, -6.329635810370e-01, 1.373775379939e-03, 1.5775e+00, 1.0364e-02, 
 2DIAGNOSTIC,    21, -6.327231680349e-01, 9.479568292484e-04, 1.5867e+00, 9.2762e-03, 
 2DIAGNOSTIC,    22, -6.326727466341e-01, 5.039160508729e-04, 1.5973e+00, 1.0546e-02, 
 2DIAGNOSTIC,    23, -6.327413280142e-01, 1.577847652291e-04, 1.6106e+00, 1.3323e-02, 
 2DIAGNOSTIC,    24, -6.327178673840e-01, 5.165791342378e-05, 1.6217e+00, 1.1060e-02, 
 2DIAGNOSTIC,    25, -6.327027817742e-01, 1.232790600505e-05, 1.6309e+00, 9.2740e-03, 
DIAGNOSTIC,Iteration,metricValue,convergenceValue,ITERATION_TIME_INDEX,SINCE_LAST
 2DIAGNOSTIC,     1, -5.832093310711e-01, 1.797693134862e+308, 2.9601e+00, 1.3292e+00, 
 2DIAGNOSTIC,     2, -5.834292669904e-01, 1.797693134862e+308, 2.9691e+00, 8.9741e-03, 
 2DIAGNOSTIC,     3, -5.835502928926e-01, 1.797693134862e+308, 2.9777e+00, 8.6751e-03, 
 2DIAGNOSTIC,     4, -5.837559597219e-01, 1.797693134862e+308, 2.9877e+00, 9.9990e-03, 
 2DIAGNOSTIC,     5, -5.843854636439e-01, 1.797693134862e+308, 2.9977e+00, 1.0005e-02, 
 2DIAGNOSTIC,     6, -5.845790742511e-01, 1.797693134862e+308, 3.0158e+00, 1.8090e-02, 
 2DIAGNOSTIC,     7, -5.845999588268e-01, 1.797693134862e+308, 3.0247e+00, 8.8179e-03, 
 2DIAGNOSTIC,     8, -5.845995194149e-01, 1.797693134862e+308, 3.0362e+00, 1.1520e-02, 
 2DIAGNOSTIC,     9, -5.846041342084e-01, 1.797693134862e+308, 3.0447e+00, 8.5740e-03, 
 2DIAGNOSTIC,    10, -5.845358167349e-01, 1.742321965570e-04, 3.0533e+00, 8.5881e-03, 
 2DIAGNOSTIC,    11, -5.844905138141e-01, 1.188265754550e-04, 3.0622e+00, 8.8260e-03, 
 2DIAGNOSTIC,    12, -5.844999525575e-01, 7.191936628997e-05, 3.0701e+00, 7.9641e-03, 
 2DIAGNOSTIC,    13, -5.845106731577e-01, 3.101445206717e-05, 3.0795e+00, 9.3391e-03, 
 2DIAGNOSTIC,    14, -5.845891308477e-01, 2.673415508817e-06, 3.0891e+00, 9.6810e-03, 
DIAGNOSTIC,Iteration,metricValue,convergenceValue,ITERATION_TIME_INDEX,SINCE_LAST
 2DIAGNOSTIC,     1, -5.342427581561e-01, 1.797693134862e+308, 4.6841e+00, 1.5949e+00, 
 2DIAGNOSTIC,     2, -5.346830979426e-01, 1.797693134862e+308, 4.7648e+00, 8.0669e-02, 
 2DIAGNOSTIC,     3, -5.351606911053e-01, 1.797693134862e+308, 4.8366e+00, 7.1822e-02, 
 2DIAGNOSTIC,     4, -5.356300876592e-01, 1.797693134862e+308, 4.9204e+00, 8.3800e-02, 
 2DIAGNOSTIC,     5, -5.360582951389e-01, 1.797693134862e+308, 5.0225e+00, 1.0215e-01, 
 2DIAGNOSTIC,     6, -5.360878898536e-01, 1.797693134862e+308, 5.1894e+00, 1.6684e-01, 
 2DIAGNOSTIC,     7, -5.360860813731e-01, 1.797693134862e+308, 5.2782e+00, 8.8876e-02, 
 2DIAGNOSTIC,     8, -5.360814306379e-01, 1.797693134862e+308, 5.3693e+00, 9.1035e-02, 
 2DIAGNOSTIC,     9, -5.360797560604e-01, 1.797693134862e+308, 5.4662e+00, 9.6885e-02, 
 2DIAGNOSTIC,    10, -5.360767717996e-01, 2.110984770710e-04, 5.5504e+00, 8.4252e-02, 
 2DIAGNOSTIC,    11, -5.360725050173e-01, 1.242478768109e-04, 5.6434e+00, 9.3016e-02, 
 2DIAGNOSTIC,    12, -5.360732429309e-01, 6.045646834649e-05, 5.7330e+00, 8.9544e-02, 
 2DIAGNOSTIC,    13, -5.360668081498e-01, 2.017400622395e-05, 5.8283e+00, 9.5359e-02, 
 2DIAGNOSTIC,    14, -5.360608750223e-01, 1.155321027901e-06, 5.9282e+00, 9.9852e-02, 
DIAGNOSTIC,Iteration,metricValue,convergenceValue,ITERATION_TIME_INDEX,SINCE_LAST
 2DIAGNOSTIC,     1, -4.802686416985e-01, 1.797693134862e+308, 8.9173e+00, 2.9891e+00, 
 2DIAGNOSTIC,     2, -4.802696550848e-01, 1.797693134862e+308, 9.5104e+00, 5.9311e-01, 
 2DIAGNOSTIC,     3, -4.802630723864e-01, 1.797693134862e+308, 1.0110e+01, 5.9934e-01, 
 2DIAGNOSTIC,     4, -4.802559300173e-01, 1.797693134862e+308, 1.1156e+01, 1.0459e+00, 
 2DIAGNOSTIC,     5, -4.802562669005e-01, 1.797693134862e+308, 1.1718e+01, 5.6275e-01, 
 2DIAGNOSTIC,     6, -4.802562402794e-01, 1.797693134862e+308, 1.2359e+01, 6.4084e-01, 
 2DIAGNOSTIC,     7, -4.802563457898e-01, 1.797693134862e+308, 1.3016e+01, 6.5725e-01, 
 2DIAGNOSTIC,     8, -4.802555736854e-01, 1.797693134862e+308, 1.3616e+01, 5.9915e-01, 
 2DIAGNOSTIC,     9, -4.802552039755e-01, 1.797693134862e+308, 1.4173e+01, 5.5713e-01, 
 2DIAGNOSTIC,    10, -4.802548353198e-01, 1.316477890922e-06, 1.4844e+01, 6.7148e-01, 
 2DIAGNOSTIC,    11, -4.802547143701e-01, 1.657014923939e-06, 1.5374e+01, 5.2971e-01, 
 2DIAGNOSTIC,    12, -4.802543576805e-01, 2.088946621667e-06, 1.5971e+01, 5.9655e-01, 
 2DIAGNOSTIC,    13, -4.802546645169e-01, 2.229720476449e-06, 1.6580e+01, 6.0956e-01, 
 2DIAGNOSTIC,    14, -4.802535477849e-01, 2.020455734525e-06, 1.7109e+01, 5.2920e-01, 
 2DIAGNOSTIC,    15, -4.802539640684e-01, 1.892859650909e-06, 1.7707e+01, 5.9804e-01, 
 2DIAGNOSTIC,    16, -4.802543405796e-01, 1.813786353860e-06, 1.8297e+01, 5.8977e-01, 
 2DIAGNOSTIC,    17, -4.802544942213e-01, 1.768842487065e-06, 1.8902e+01, 6.0475e-01, 
 2DIAGNOSTIC,    18, -4.802535842862e-01, 1.683423088816e-06, 1.9483e+01, 5.8093e-01, 
 2DIAGNOSTIC,    19, -4.802526711581e-01, 1.576467964247e-06, 1.9999e+01, 5.1611e-01, 
 2DIAGNOSTIC,    20, -4.802530227492e-01, 1.489304580403e-06, 2.0595e+01, 5.9633e-01, 
 2DIAGNOSTIC,    21, -4.802534789061e-01, 1.427942503782e-06, 2.1122e+01, 5.2708e-01, 
 2DIAGNOSTIC,    22, -4.802532239137e-01, 1.362740952811e-06, 2.1729e+01, 6.0632e-01, 
 2DIAGNOSTIC,    23, -4.802527936529e-01, 1.309870286521e-06, 2.2311e+01, 5.8242e-01, 
 2DIAGNOSTIC,    24, -4.802528835233e-01, 1.243664952473e-06, 2.2981e+01, 6.6975e-01, 
 2DIAGNOSTIC,    25, -4.802526740536e-01, 1.194382760639e-06, 2.3579e+01, 5.9866e-01, 
 2DIAGNOSTIC,    26, -4.802532508610e-01, 1.177055218869e-06, 2.4182e+01, 6.0291e-01, 
 2DIAGNOSTIC,    27, -4.802523159603e-01, 1.148422427821e-06, 2.4894e+01, 7.1173e-01, 
 2DIAGNOSTIC,    28, -4.802526287886e-01, 1.113623830304e-06, 2.5565e+01, 6.7091e-01, 
 2DIAGNOSTIC,    29, -4.802522131318e-01, 1.055848018780e-06, 2.6217e+01, 6.5196e-01, 
DIAGNOSTIC,Iteration,metricValue,convergenceValue,ITERATION_TIME_INDEX,SINCE_LAST
 2DIAGNOSTIC,     1, -4.411253381443e-01, 1.797693134862e+308, 3.6291e+01, 1.0074e+01, 
 2DIAGNOSTIC,     2, -4.411395165880e-01, 1.797693134862e+308, 4.2124e+01, 5.8331e+00, 
 2DIAGNOSTIC,     3, -4.411388351932e-01, 1.797693134862e+308, 4.6142e+01, 4.0182e+00, 
 2DIAGNOSTIC,     4, -4.411387947572e-01, 1.797693134862e+308, 5.1948e+01, 5.8061e+00, 
 2DIAGNOSTIC,     5, -4.411389890805e-01, 1.797693134862e+308, 5.7223e+01, 5.2750e+00, 
 2DIAGNOSTIC,     6, -4.411389464789e-01, 1.797693134862e+308, 6.2090e+01, 4.8664e+00, 
 2DIAGNOSTIC,     7, -4.411389776464e-01, 1.797693134862e+308, 6.5766e+01, 3.6759e+00, 
 2DIAGNOSTIC,     8, -4.411388877335e-01, 1.797693134862e+308, 6.9346e+01, 3.5805e+00, 
 2DIAGNOSTIC,     9, -4.411389131291e-01, 1.797693134862e+308, 7.2502e+01, 3.1556e+00, 
 2DIAGNOSTIC,    10, -4.411388402577e-01, 4.024360475974e-06, 7.7570e+01, 5.0686e+00, 
 2DIAGNOSTIC,    11, -4.411387917705e-01, 2.852026727257e-06, 8.1119e+01, 3.5486e+00, 
 2DIAGNOSTIC,    12, -4.411387954045e-01, 2.641311999771e-06, 8.4735e+01, 3.6162e+00, 
 2DIAGNOSTIC,    13, -4.411387473699e-01, 2.427835798263e-06, 8.8214e+01, 3.4788e+00, 
 2DIAGNOSTIC,    14, -4.411387031638e-01, 2.242475416692e-06, 9.1220e+01, 3.0064e+00, 
 2DIAGNOSTIC,    15, -4.411385783193e-01, 2.087616749316e-06, 9.3930e+01, 2.7097e+00, 
 2DIAGNOSTIC,    16, -4.411385439345e-01, 1.952117326232e-06, 9.6794e+01, 2.8640e+00, 
 2DIAGNOSTIC,    17, -4.411386055140e-01, 1.839417280602e-06, 1.0026e+02, 3.4631e+00, 
 2DIAGNOSTIC,    18, -4.411385715015e-01, 1.737535624838e-06, 1.0379e+02, 3.5368e+00, 
 2DIAGNOSTIC,    19, -4.411385298386e-01, 1.648717124735e-06, 1.0736e+02, 3.5638e+00, 
 2DIAGNOSTIC,    20, -4.411384660067e-01, 1.566901495227e-06, 1.1095e+02, 3.5887e+00, 
 2DIAGNOSTIC,    21, -4.411384409192e-01, 1.492824388001e-06, 1.1411e+02, 3.1650e+00, 
 2DIAGNOSTIC,    22, -4.411384556569e-01, 1.427988451430e-06, 1.1756e+02, 3.4532e+00, 
 2DIAGNOSTIC,    23, -4.411383201909e-01, 1.365269135363e-06, 1.2069e+02, 3.1285e+00, 
 2DIAGNOSTIC,    24, -4.411383230395e-01, 1.308570609239e-06, 1.2350e+02, 2.8058e+00, 
 2DIAGNOSTIC,    25, -4.411382780916e-01, 1.253640517715e-06, 1.2648e+02, 2.9795e+00, 
 2DIAGNOSTIC,    26, -4.411382998837e-01, 1.204310172732e-06, 1.2917e+02, 2.6925e+00, 
 2DIAGNOSTIC,    27, -4.411382691646e-01, 1.161142282838e-06, 1.3226e+02, 3.0870e+00, 
 2DIAGNOSTIC,    28, -4.411382498516e-01, 1.121495427345e-06, 1.3482e+02, 2.5646e+00, 
 2DIAGNOSTIC,    29, -4.411382522970e-01, 1.085153178079e-06, 1.3769e+02, 2.8702e+00, 
 2DIAGNOSTIC,    30, -4.411384784290e-01, 1.055798012552e-06, 1.4070e+02, 3.0047e+00, 
 2DIAGNOSTIC,    31, -4.411383751243e-01, 1.025913780581e-06, 1.4325e+02, 2.5572e+00, 
 2DIAGNOSTIC,    32, -4.411384610565e-01, 1.000133757804e-06, 1.4593e+02, 2.6793e+00, 
  Elapsed time (stage 0): 1.5325e+02


Stage 1
  iterations = 1000x1000x1000x1000x1000
  convergence threshold = 1.0000e-06
  convergence window size = 10
  number of levels = 5
  using the Mattes MI metric (number of bins = 32, weight = 1.0000e+00, use gradient filter = 0)
  preprocessing:  winsorizing the image intensities
  preprocessing:  histogram matching the images
  Shrink factors (level 1 out of 5): [8, 8, 8]
  Shrink factors (level 2 out of 5): [8, 8, 8]
  Shrink factors (level 3 out of 5): [4, 4, 4]
  Shrink factors (level 4 out of 5): [2, 2, 2]
  Shrink factors (level 5 out of 5): [1, 1, 1]
  smoothing sigmas per level: [4, 3, 2, 1, 0]
  regular sampling (percentage = 2.5000e-01)

*** Running AffineTransform registration ***

DIAGNOSTIC,Iteration,metricValue,convergenceValue,ITERATION_TIME_INDEX,SINCE_LAST
 2DIAGNOSTIC,     1, -6.351866416888e-01, 1.797693134862e+308, 1.3289e+00, 1.3289e+00, 
 2DIAGNOSTIC,     2, -6.379465988273e-01, 1.797693134862e+308, 1.3394e+00, 1.0529e-02, 
 2DIAGNOSTIC,     3, -6.433675598921e-01, 1.797693134862e+308, 1.3488e+00, 9.3920e-03, 
 2DIAGNOSTIC,     4, -6.520440132938e-01, 1.797693134862e+308, 1.3590e+00, 1.0194e-02, 
 2DIAGNOSTIC,     5, -6.693927455227e-01, 1.797693134862e+308, 1.3690e+00, 1.0004e-02, 
 2DIAGNOSTIC,     6, -7.061339735233e-01, 1.797693134862e+308, 1.3794e+00, 1.0387e-02, 
 2DIAGNOSTIC,     7, -7.699904797892e-01, 1.797693134862e+308, 1.3966e+00, 1.7209e-02, 
 2DIAGNOSTIC,     8, -7.763256184609e-01, 1.797693134862e+308, 1.4059e+00, 9.3110e-03, 
 2DIAGNOSTIC,     9, -7.838456494151e-01, 1.797693134862e+308, 1.4156e+00, 9.7060e-03, 
 2DIAGNOSTIC,    10, -7.939898931391e-01, 1.772531008971e-02, 1.4261e+00, 1.0479e-02, 
 2DIAGNOSTIC,    11, -8.054343071380e-01, 1.632154687638e-02, 1.4362e+00, 1.0117e-02, 
 2DIAGNOSTIC,    12, -8.206390037055e-01, 1.425788322231e-02, 1.4475e+00, 1.1221e-02, 
 2DIAGNOSTIC,    13, -8.434531675924e-01, 1.209203289007e-02, 1.4571e+00, 9.6390e-03, 
 2DIAGNOSTIC,    14, -8.783631771396e-01, 1.036418701223e-02, 1.4735e+00, 1.6419e-02, 
 2DIAGNOSTIC,    15, -8.795633871282e-01, 8.413638080866e-03, 1.4827e+00, 9.1310e-03, 
 2DIAGNOSTIC,    16, -8.833537080053e-01, 6.898448998424e-03, 1.4922e+00, 9.5792e-03, 
 2DIAGNOSTIC,    17, -8.855848592544e-01, 6.399664650508e-03, 1.5009e+00, 8.6532e-03, 
 2DIAGNOSTIC,    18, -8.870699348889e-01, 5.527138137487e-03, 1.5102e+00, 9.3019e-03, 
 2DIAGNOSTIC,    19, -8.905015757259e-01, 4.449226881200e-03, 1.5202e+00, 1.0052e-02, 
 2DIAGNOSTIC,    20, -8.979757766385e-01, 3.399918598060e-03, 1.5375e+00, 1.7280e-02, 
 2DIAGNOSTIC,    21, -8.989565126069e-01, 2.364663821797e-03, 1.5478e+00, 1.0257e-02, 
 2DIAGNOSTIC,    22, -9.026756781604e-01, 1.520109949713e-03, 1.5578e+00, 1.0043e-02, 
 2DIAGNOSTIC,    23, -9.082456675550e-01, 1.039466728535e-03, 1.5768e+00, 1.8930e-02, 
 2DIAGNOSTIC,    24, -9.082674961834e-01, 1.017927303168e-03, 1.5861e+00, 9.3238e-03, 
 2DIAGNOSTIC,    25, -9.083524663862e-01, 9.203441893097e-04, 1.5964e+00, 1.0275e-02, 
 2DIAGNOSTIC,    26, -9.084868535963e-01, 7.983116077213e-04, 1.6059e+00, 9.5699e-03, 
 2DIAGNOSTIC,    27, -9.086890153736e-01, 6.432797586407e-04, 1.6162e+00, 1.0235e-02, 
 2DIAGNOSTIC,    28, -9.089672694412e-01, 4.607057740620e-04, 1.6264e+00, 1.0283e-02, 
 2DIAGNOSTIC,    29, -9.092262118451e-01, 2.906828255155e-04, 1.6362e+00, 9.7730e-03, 
 2DIAGNOSTIC,    30, -9.096139563661e-01, 1.970987536457e-04, 1.6458e+00, 9.6159e-03, 
 2DIAGNOSTIC,    31, -9.099987448102e-01, 1.062255526269e-04, 1.6557e+00, 9.8932e-03, 
 2DIAGNOSTIC,    32, -9.103838472856e-01, 5.367010381747e-05, 1.6657e+00, 1.0013e-02, 
 2DIAGNOSTIC,    33, -9.108245144072e-01, 6.159821398265e-05, 1.6758e+00, 1.0047e-02, 
 2DIAGNOSTIC,    34, -9.112519464400e-01, 6.771140628641e-05, 1.6857e+00, 9.9492e-03, 
 2DIAGNOSTIC,    35, -9.119007049415e-01, 7.416074058630e-05, 1.6985e+00, 1.2785e-02, 
 2DIAGNOSTIC,    36, -9.120397042797e-01, 7.571556477089e-05, 1.7104e+00, 1.1891e-02, 
 2DIAGNOSTIC,    37, -9.121037181977e-01, 7.253043532919e-05, 1.7213e+00, 1.0916e-02, 
 2DIAGNOSTIC,    38, -9.122032318127e-01, 6.609648870447e-05, 1.7313e+00, 9.9988e-03, 
 2DIAGNOSTIC,    39, -9.127244556293e-01, 6.043502556054e-05, 1.7421e+00, 1.0803e-02, 
 2DIAGNOSTIC,    40, -9.128958305457e-01, 5.388385754030e-05, 1.7528e+00, 1.0651e-02, 
 2DIAGNOSTIC,    41, -9.129511660767e-01, 4.620869462231e-05, 1.7621e+00, 9.3622e-03, 
 2DIAGNOSTIC,    42, -9.129886615269e-01, 3.803990149050e-05, 1.7714e+00, 9.2669e-03, 
 2DIAGNOSTIC,    43, -9.130254642194e-01, 3.039963222985e-05, 1.7804e+00, 8.9939e-03, 
 2DIAGNOSTIC,    44, -9.131387771585e-01, 2.420228777086e-05, 1.7893e+00, 8.9078e-03, 
 2DIAGNOSTIC,    45, -9.132432564936e-01, 2.155769932493e-05, 1.8013e+00, 1.2018e-02, 
 2DIAGNOSTIC,    46, -9.132966299275e-01, 1.847233794314e-05, 1.8102e+00, 8.8370e-03, 
 2DIAGNOSTIC,    47, -9.133141831595e-01, 1.445433788404e-05, 1.8200e+00, 9.8560e-03, 
 2DIAGNOSTIC,    48, -9.133705352228e-01, 1.029696635244e-05, 1.8284e+00, 8.4240e-03, 
 2DIAGNOSTIC,    49, -9.134139192405e-01, 9.164605902442e-06, 1.8421e+00, 1.3618e-02, 
 2DIAGNOSTIC,    50, -9.134164548341e-01, 8.395607353270e-06, 1.8512e+00, 9.1810e-03, 
 2DIAGNOSTIC,    51, -9.134385213166e-01, 7.427205717933e-06, 1.8618e+00, 1.0560e-02, 
 2DIAGNOSTIC,    52, -9.134593698221e-01, 6.228174968894e-06, 1.8707e+00, 8.8789e-03, 
 2DIAGNOSTIC,    53, -9.134427502604e-01, 4.651155688772e-06, 1.8798e+00, 9.1100e-03, 
 2DIAGNOSTIC,    54, -9.134665528010e-01, 3.573041459922e-06, 1.8881e+00, 8.2769e-03, 
 2DIAGNOSTIC,    55, -9.134694964577e-01, 2.886855716457e-06, 1.8976e+00, 9.4991e-03, 
 2DIAGNOSTIC,    56, -9.134720514286e-01, 2.337528297137e-06, 1.9076e+00, 1.0062e-02, 
 2DIAGNOSTIC,    57, -9.134964262643e-01, 1.876326036591e-06, 1.9168e+00, 9.2158e-03, 
 2DIAGNOSTIC,    58, -9.134984359557e-01, 1.629722470590e-06, 1.9252e+00, 8.3249e-03, 
 2DIAGNOSTIC,    59, -9.135027002519e-01, 1.557388694191e-06, 1.9355e+00, 1.0292e-02, 
 2DIAGNOSTIC,    60, -9.135042637492e-01, 1.411960382319e-06, 1.9606e+00, 2.5175e-02, 
 2DIAGNOSTIC,    61, -9.135042637432e-01, 1.304643218136e-06, 1.9877e+00, 2.7080e-02, 
 2DIAGNOSTIC,    62, -9.135042637432e-01, 1.240281056539e-06, 1.9984e+00, 1.0642e-02, 
 2DIAGNOSTIC,    63, -9.135042637432e-01, 1.020783039339e-06, 2.0091e+00, 1.0720e-02, 
DIAGNOSTIC,Iteration,metricValue,convergenceValue,ITERATION_TIME_INDEX,SINCE_LAST
 2DIAGNOSTIC,     1, -8.409058653819e-01, 1.797693134862e+308, 3.3654e+00, 1.3563e+00, 
 2DIAGNOSTIC,     2, -8.411072484185e-01, 1.797693134862e+308, 3.3766e+00, 1.1204e-02, 
 2DIAGNOSTIC,     3, -8.412821768943e-01, 1.797693134862e+308, 3.3890e+00, 1.2394e-02, 
 2DIAGNOSTIC,     4, -8.413122376144e-01, 1.797693134862e+308, 3.4061e+00, 1.7049e-02, 
 2DIAGNOSTIC,     5, -8.413380044381e-01, 1.797693134862e+308, 3.4177e+00, 1.1671e-02, 
 2DIAGNOSTIC,     6, -8.414121168974e-01, 1.797693134862e+308, 3.4302e+00, 1.2506e-02, 
 2DIAGNOSTIC,     7, -8.414395856860e-01, 1.797693134862e+308, 3.4434e+00, 1.3212e-02, 
 2DIAGNOSTIC,     8, -8.414676987791e-01, 1.797693134862e+308, 3.4559e+00, 1.2443e-02, 
 2DIAGNOSTIC,     9, -8.415277716434e-01, 1.797693134862e+308, 3.4669e+00, 1.0996e-02, 
 2DIAGNOSTIC,    10, -8.416199330544e-01, 4.653429838991e-05, 3.4786e+00, 1.1724e-02, 
 2DIAGNOSTIC,    11, -8.416829242552e-01, 3.627669208857e-05, 3.4891e+00, 1.0504e-02, 
 2DIAGNOSTIC,    12, -8.417286460957e-01, 3.155651867015e-05, 3.5004e+00, 1.1288e-02, 
 2DIAGNOSTIC,    13, -8.417345457268e-01, 2.967231747221e-05, 3.5120e+00, 1.1566e-02, 
 2DIAGNOSTIC,    14, -8.420136310959e-01, 3.305519385641e-05, 3.5315e+00, 1.9568e-02, 
 2DIAGNOSTIC,    15, -8.420167847199e-01, 3.359098734551e-05, 3.5422e+00, 1.0718e-02, 
 2DIAGNOSTIC,    16, -8.420184703102e-01, 3.282293394059e-05, 3.5534e+00, 1.1121e-02, 
 2DIAGNOSTIC,    17, -8.420203542620e-01, 2.998782007075e-05, 3.5636e+00, 1.0214e-02, 
 2DIAGNOSTIC,    18, -8.420224649960e-01, 2.542095177249e-05, 3.5742e+00, 1.0581e-02, 
 2DIAGNOSTIC,    19, -8.419996122100e-01, 1.970017650762e-05, 3.5841e+00, 9.9671e-03, 
 2DIAGNOSTIC,    20, -8.420056448494e-01, 1.450841734092e-05, 3.5945e+00, 1.0402e-02, 
 2DIAGNOSTIC,    21, -8.420114348763e-01, 9.759863001259e-06, 3.6095e+00, 1.5014e-02, 
 2DIAGNOSTIC,    22, -8.420115548308e-01, 5.419025617390e-06, 3.6203e+00, 1.0765e-02, 
 2DIAGNOSTIC,    23, -8.420116114740e-01, 1.058075504420e-06, 3.6311e+00, 1.0767e-02, 
 2DIAGNOSTIC,    24, -8.420116244190e-01, 1.023676808432e-06, 3.6455e+00, 1.4390e-02, 
 2DIAGNOSTIC,    25, -8.420116247705e-01, 1.062651377122e-06, 3.6612e+00, 1.5768e-02, 
 2DIAGNOSTIC,    26, -8.420116247716e-01, 1.133520548667e-06, 3.6779e+00, 1.6674e-02, 
 2DIAGNOSTIC,    27, -8.420116247716e-01, 1.227939336546e-06, 3.6908e+00, 1.2933e-02, 
 2DIAGNOSTIC,    28, -8.420116247716e-01, 1.346307354072e-06, 3.7036e+00, 1.2708e-02, 
 2DIAGNOSTIC,    29, -8.420116247716e-01, 1.169433704026e-06, 3.7150e+00, 1.1404e-02, 
 2DIAGNOSTIC,    30, -8.420116247716e-01, 1.063580662354e-06, 3.7281e+00, 1.3135e-02, 
 2DIAGNOSTIC,    31, -8.420116247716e-01, 1.027315469949e-06, 3.7384e+00, 1.0330e-02, 
DIAGNOSTIC,Iteration,metricValue,convergenceValue,ITERATION_TIME_INDEX,SINCE_LAST
 2DIAGNOSTIC,     1, -7.595346853515e-01, 1.797693134862e+308, 5.2340e+00, 1.4956e+00, 
 2DIAGNOSTIC,     2, -7.598887209210e-01, 1.797693134862e+308, 5.3115e+00, 7.7523e-02, 
 2DIAGNOSTIC,     3, -7.600640793517e-01, 1.797693134862e+308, 5.3983e+00, 8.6800e-02, 
 2DIAGNOSTIC,     4, -7.601204980891e-01, 1.797693134862e+308, 5.5159e+00, 1.1757e-01, 
 2DIAGNOSTIC,     5, -7.601266210345e-01, 1.797693134862e+308, 5.6020e+00, 8.6110e-02, 
 2DIAGNOSTIC,     6, -7.601332419453e-01, 1.797693134862e+308, 5.6828e+00, 8.0824e-02, 
 2DIAGNOSTIC,     7, -7.601316692617e-01, 1.797693134862e+308, 5.7710e+00, 8.8232e-02, 
 2DIAGNOSTIC,     8, -7.601293588438e-01, 1.797693134862e+308, 5.8483e+00, 7.7221e-02, 
 2DIAGNOSTIC,     9, -7.601293352307e-01, 1.797693134862e+308, 5.9358e+00, 8.7497e-02, 
 2DIAGNOSTIC,    10, -7.601298105605e-01, 3.524529141716e-05, 6.0106e+00, 7.4841e-02, 
 2DIAGNOSTIC,    11, -7.601356952869e-01, 1.348526012326e-05, 6.0957e+00, 8.5078e-02, 
 2DIAGNOSTIC,    12, -7.601506090888e-01, 5.762176916696e-06, 6.1733e+00, 7.7595e-02, 
 2DIAGNOSTIC,    13, -7.601533585404e-01, 4.019536226085e-06, 6.2501e+00, 7.6869e-02, 
 2DIAGNOSTIC,    14, -7.601680077217e-01, 4.283403156502e-06, 6.3269e+00, 7.6719e-02, 
 2DIAGNOSTIC,    15, -7.601820907353e-01, 4.821714577968e-06, 6.4037e+00, 7.6881e-02, 
 2DIAGNOSTIC,    16, -7.602058299883e-01, 5.747021307248e-06, 6.4807e+00, 7.6955e-02, 
 2DIAGNOSTIC,    17, -7.602461981914e-01, 7.060103219519e-06, 6.5563e+00, 7.5645e-02, 
 2DIAGNOSTIC,    18, -7.602687177723e-01, 8.153278913660e-06, 6.6837e+00, 1.2731e-01, 
 2DIAGNOSTIC,    19, -7.602784819892e-01, 8.735605900347e-06, 6.7683e+00, 8.4616e-02, 
 2DIAGNOSTIC,    20, -7.602813385552e-01, 8.671887619292e-06, 6.8435e+00, 7.5234e-02, 
 2DIAGNOSTIC,    21, -7.602868927531e-01, 8.151873369514e-06, 6.9179e+00, 7.4367e-02, 
 2DIAGNOSTIC,    22, -7.602915204466e-01, 7.383206772328e-06, 7.0104e+00, 9.2565e-02, 
 2DIAGNOSTIC,    23, -7.602901165412e-01, 6.140470176351e-06, 7.0858e+00, 7.5321e-02, 
 2DIAGNOSTIC,    24, -7.603053730974e-01, 5.028534837380e-06, 7.1939e+00, 1.0818e-01, 
 2DIAGNOSTIC,    25, -7.603110333169e-01, 3.948485960678e-06, 7.2794e+00, 8.5461e-02, 
 2DIAGNOSTIC,    26, -7.603089101332e-01, 2.998485065707e-06, 7.3556e+00, 7.6225e-02, 
 2DIAGNOSTIC,    27, -7.603103770949e-01, 2.528264208136e-06, 7.4418e+00, 8.6140e-02, 
 2DIAGNOSTIC,    28, -7.603263042716e-01, 2.475245789252e-06, 7.5284e+00, 8.6681e-02, 
 2DIAGNOSTIC,    29, -7.603419120632e-01, 2.617686315431e-06, 7.6148e+00, 8.6375e-02, 
 2DIAGNOSTIC,    30, -7.603379988891e-01, 2.587432755004e-06, 7.7006e+00, 8.5826e-02, 
 2DIAGNOSTIC,    31, -7.603389326524e-01, 2.500894321855e-06, 7.8368e+00, 1.3616e-01, 
 2DIAGNOSTIC,    32, -7.603391476097e-01, 2.341527235848e-06, 8.1073e+00, 2.7052e-01, 
 2DIAGNOSTIC,    33, -7.603391476097e-01, 2.039112237652e-06, 8.2386e+00, 1.3123e-01, 
 2DIAGNOSTIC,    34, -7.603391476097e-01, 1.815192991621e-06, 8.3254e+00, 8.6866e-02, 
 2DIAGNOSTIC,    35, -7.603391476097e-01, 1.584659711895e-06, 8.4119e+00, 8.6488e-02, 
 2DIAGNOSTIC,    36, -7.603391476097e-01, 1.284816579725e-06, 8.4974e+00, 8.5472e-02, 
DIAGNOSTIC,Iteration,metricValue,convergenceValue,ITERATION_TIME_INDEX,SINCE_LAST
 2DIAGNOSTIC,     1, -6.664946152347e-01, 1.797693134862e+308, 1.1320e+01, 2.8227e+00, 
 2DIAGNOSTIC,     2, -6.666875016397e-01, 1.797693134862e+308, 1.1947e+01, 6.2719e-01, 
 2DIAGNOSTIC,     3, -6.667120851297e-01, 1.797693134862e+308, 1.2521e+01, 5.7412e-01, 
 2DIAGNOSTIC,     4, -6.667417416102e-01, 1.797693134862e+308, 1.3341e+01, 8.1924e-01, 
 2DIAGNOSTIC,     5, -6.667547450884e-01, 1.797693134862e+308, 1.3874e+01, 5.3340e-01, 
 2DIAGNOSTIC,     6, -6.667558745789e-01, 1.797693134862e+308, 1.4442e+01, 5.6815e-01, 
 2DIAGNOSTIC,     7, -6.667766464581e-01, 1.797693134862e+308, 1.5016e+01, 5.7414e-01, 
 2DIAGNOSTIC,     8, -6.668115428640e-01, 1.797693134862e+308, 1.6041e+01, 1.0245e+00, 
 2DIAGNOSTIC,     9, -6.668120887217e-01, 1.797693134862e+308, 1.6719e+01, 6.7764e-01, 
 2DIAGNOSTIC,    10, -6.668108008707e-01, 2.497813056723e-05, 1.7363e+01, 6.4446e-01, 
 2DIAGNOSTIC,    11, -6.668102306977e-01, 1.406422257159e-05, 1.8014e+01, 6.5063e-01, 
 2DIAGNOSTIC,    12, -6.668105021574e-01, 1.080735891368e-05, 1.8650e+01, 6.3605e-01, 
 2DIAGNOSTIC,    13, -6.668105668937e-01, 8.078121473853e-06, 1.9277e+01, 6.2694e-01, 
 2DIAGNOSTIC,    14, -6.668099850082e-01, 6.107597739100e-06, 1.9821e+01, 5.4439e-01, 
 2DIAGNOSTIC,    15, -6.668099911954e-01, 4.443001883125e-06, 2.0363e+01, 5.4215e-01, 
 2DIAGNOSTIC,    16, -6.668102267736e-01, 2.805684689258e-06, 2.1025e+01, 6.6148e-01, 
 2DIAGNOSTIC,    17, -6.668103584961e-01, 1.783953432428e-06, 2.1638e+01, 6.1377e-01, 
 2DIAGNOSTIC,    18, -6.668103635963e-01, 1.709335072132e-06, 2.2420e+01, 7.8115e-01, 
 2DIAGNOSTIC,    19, -6.668097139797e-01, 1.646725034297e-06, 2.3038e+01, 6.1883e-01, 
 2DIAGNOSTIC,    20, -6.668097546724e-01, 1.567268432451e-06, 2.3655e+01, 6.1641e-01, 
 2DIAGNOSTIC,    21, -6.668092990022e-01, 1.476123255802e-06, 2.4189e+01, 5.3412e-01, 
 2DIAGNOSTIC,    22, -6.668089905006e-01, 1.395988021555e-06, 2.4763e+01, 5.7384e-01, 
 2DIAGNOSTIC,    23, -6.668090350911e-01, 1.330015100970e-06, 2.5401e+01, 6.3799e-01, 
 2DIAGNOSTIC,    24, -6.668088379520e-01, 1.260737808838e-06, 2.5933e+01, 5.3187e-01, 
 2DIAGNOSTIC,    25, -6.668089653434e-01, 1.205351197006e-06, 2.6535e+01, 6.0229e-01, 
 2DIAGNOSTIC,    26, -6.668093825113e-01, 1.171058203658e-06, 2.7126e+01, 5.9116e-01, 
 2DIAGNOSTIC,    27, -6.668096033516e-01, 1.149587911753e-06, 2.7726e+01, 5.9947e-01, 
 2DIAGNOSTIC,    28, -6.668101321932e-01, 1.140684540900e-06, 2.8340e+01, 6.1419e-01, 
 2DIAGNOSTIC,    29, -6.668100643752e-01, 1.121202976073e-06, 2.8871e+01, 5.3113e-01, 
 2DIAGNOSTIC,    30, -6.668099153658e-01, 1.099456841229e-06, 2.9508e+01, 6.3730e-01, 
 2DIAGNOSTIC,    31, -6.668105139411e-01, 1.077514266902e-06, 3.0048e+01, 5.4011e-01, 
 2DIAGNOSTIC,    32, -6.668109263258e-01, 1.053076039155e-06, 3.0666e+01, 6.1807e-01, 
 2DIAGNOSTIC,    33, -6.668113675279e-01, 1.030766564290e-06, 3.1223e+01, 5.5667e-01, 
 2DIAGNOSTIC,    34, -6.668122816465e-01, 1.012501073632e-06, 3.1790e+01, 5.6702e-01, 
 2DIAGNOSTIC,    35, -6.668146899456e-01, 1.018679019370e-06, 3.2401e+01, 6.1077e-01, 
 2DIAGNOSTIC,    36, -6.668162004914e-01, 1.036152149848e-06, 3.2958e+01, 5.5702e-01, 
 2DIAGNOSTIC,    37, -6.668173173472e-01, 1.053246440803e-06, 3.3458e+01, 5.0042e-01, 
 2DIAGNOSTIC,    38, -6.668210155291e-01, 1.098682443100e-06, 3.3963e+01, 5.0464e-01, 
 2DIAGNOSTIC,    39, -6.668253838994e-01, 1.163033753006e-06, 3.4622e+01, 6.5899e-01, 
 2DIAGNOSTIC,    40, -6.668291020927e-01, 1.227824850923e-06, 3.5381e+01, 7.5886e-01, 
 2DIAGNOSTIC,    41, -6.668348550570e-01, 1.313958662364e-06, 3.5974e+01, 5.9357e-01, 
 2DIAGNOSTIC,    42, -6.668340100701e-01, 1.339722300792e-06, 3.7838e+01, 1.8637e+00, 
 2DIAGNOSTIC,    43, -6.668340099605e-01, 1.314002820118e-06, 3.8367e+01, 5.2900e-01, 
 2DIAGNOSTIC,    44, -6.668340099741e-01, 1.242928737061e-06, 3.8940e+01, 5.7312e-01, 
 2DIAGNOSTIC,    45, -6.668340099970e-01, 1.147300713551e-06, 3.9473e+01, 5.3322e-01, 
 2DIAGNOSTIC,    46, -6.668340100358e-01, 1.027466261936e-06, 4.0034e+01, 5.6038e-01, 
DIAGNOSTIC,Iteration,metricValue,convergenceValue,ITERATION_TIME_INDEX,SINCE_LAST
 2DIAGNOSTIC,     1, -6.062097207886e-01, 1.797693134862e+308, 4.9515e+01, 9.4816e+00, 
 2DIAGNOSTIC,     2, -6.063105859691e-01, 1.797693134862e+308, 5.4343e+01, 4.8280e+00, 
 2DIAGNOSTIC,     3, -6.063114058864e-01, 1.797693134862e+308, 5.7650e+01, 3.3066e+00, 
 2DIAGNOSTIC,     4, -6.063114778960e-01, 1.797693134862e+308, 6.1116e+01, 3.4659e+00, 
 2DIAGNOSTIC,     5, -6.063111909840e-01, 1.797693134862e+308, 6.5849e+01, 4.7336e+00, 
 2DIAGNOSTIC,     6, -6.063112779009e-01, 1.797693134862e+308, 7.0148e+01, 4.2989e+00, 
 2DIAGNOSTIC,     7, -6.063112665335e-01, 1.797693134862e+308, 7.3527e+01, 3.3792e+00, 
 2DIAGNOSTIC,     8, -6.063112390134e-01, 1.797693134862e+308, 7.6769e+01, 3.2416e+00, 
 2DIAGNOSTIC,     9, -6.063111405968e-01, 1.797693134862e+308, 7.9919e+01, 3.1496e+00, 
 2DIAGNOSTIC,    10, -6.063110619143e-01, 7.944793237152e-06, 8.3122e+01, 3.2033e+00, 
 2DIAGNOSTIC,    11, -6.063110645320e-01, 2.890225252766e-06, 8.6296e+01, 3.1743e+00, 
 2DIAGNOSTIC,    12, -6.063110495135e-01, 2.616616227594e-06, 8.9076e+01, 2.7801e+00, 
 2DIAGNOSTIC,    13, -6.063110386670e-01, 2.417221420997e-06, 9.2164e+01, 3.0872e+00, 
 2DIAGNOSTIC,    14, -6.063110168031e-01, 2.251070145134e-06, 9.5426e+01, 3.2622e+00, 
 2DIAGNOSTIC,    15, -6.063110324612e-01, 2.100485817946e-06, 9.8699e+01, 3.2732e+00, 
 2DIAGNOSTIC,    16, -6.063110235229e-01, 1.972797418925e-06, 1.0136e+02, 2.6656e+00, 
 2DIAGNOSTIC,    17, -6.063109911884e-01, 1.860302765326e-06, 1.0390e+02, 2.5359e+00, 
 2DIAGNOSTIC,    18, -6.063110070169e-01, 1.761095127152e-06, 1.0717e+02, 3.2661e+00, 
 2DIAGNOSTIC,    19, -6.063109515724e-01, 1.669138145116e-06, 1.1007e+02, 2.9067e+00, 
 2DIAGNOSTIC,    20, -6.063108248570e-01, 1.582050952992e-06, 1.1315e+02, 3.0770e+00, 
 2DIAGNOSTIC,    21, -6.063108424082e-01, 1.504571201176e-06, 1.1635e+02, 3.1957e+00, 
 2DIAGNOSTIC,    22, -6.063107945796e-01, 1.433703354120e-06, 1.1998e+02, 3.6374e+00, 
 2DIAGNOSTIC,    23, -6.063107988114e-01, 1.370010846748e-06, 1.2288e+02, 2.8994e+00, 
 2DIAGNOSTIC,    24, -6.063107376350e-01, 1.311223707591e-06, 1.2638e+02, 3.4972e+00, 
 2DIAGNOSTIC,    25, -6.063107430355e-01, 1.258931901157e-06, 1.2948e+02, 3.0975e+00, 
 2DIAGNOSTIC,    26, -6.063107122026e-01, 1.211208263581e-06, 1.3230e+02, 2.8198e+00, 
 2DIAGNOSTIC,    27, -6.063106950578e-01, 1.167271625711e-06, 1.3503e+02, 2.7291e+00, 
 2DIAGNOSTIC,    28, -6.063107544122e-01, 1.128773184228e-06, 1.3795e+02, 2.9260e+00, 
 2DIAGNOSTIC,    29, -6.063108066524e-01, 1.093594334943e-06, 1.4124e+02, 3.2851e+00, 
 2DIAGNOSTIC,    30, -6.063108255559e-01, 1.059360354383e-06, 1.4525e+02, 4.0092e+00, 
 2DIAGNOSTIC,    31, -6.063107951136e-01, 1.027263434060e-06, 1.4834e+02, 3.0884e+00, 
  Elapsed time (stage 1): 1.5517e+02


Total elapsed time: 3.0843e+02
ALL Done
