
Running for 3-dimensional images.

*********10*********20*********30*********40*********50*********60*********70*********80*********90*********

   AdaptiveNonLocalMeansDenoisingImageFilter (0x22e7370)
     RTTI typeinfo:   itk::AdaptiveNonLocalMeansDenoisingImageFilter<itk::Image<float, 3u>, itk::Image<float, 3u>, itk::Image<unsigned char, 3u> >
     Reference Count: 1
     Modified Time: 392
     Debug: Off
     Object Name: 
     Observers: 
       ProgressEvent(Command)
     Inputs: 
       Primary: (0x22e62f0) *
       _1: (0)
     Indexed Inputs: 
       0: Primary (0x22e62f0)
       1: _1 (0)
     Required Input Names: Primary
     NumberOfRequiredInputs: 1
     Outputs: 
       Primary: (0x22e5da0)
     Indexed Outputs: 
       0: Primary (0x22e5da0)
     NumberOfRequiredOutputs: 1
     Number Of Work Units: 56
     ReleaseDataFlag: Off
     ReleaseDataBeforeUpdateFlag: Off
     AbortGenerateData: Off
     Progress: 1
     Multithreader: 
       RTTI typeinfo:   itk::PoolMultiThreader
       Reference Count: 1
       Modified Time: 352
       Debug: Off
       Object Name: 
       Observers: 
         none
       Number of Work Units: 52
       Number of Threads: 14
       Global Maximum Number Of Threads: 128
       Global Default Number Of Threads: 14
       Global Default Threader Type: itk::MultiThreaderBaseEnums::Threader::Pool
       SingleMethod: 1
       SingleData: 0x7ffe3cf81578
     DynamicMultiThreading: Off
     CoordinateTolerance: 1e-06
     DirectionTolerance: 1e-06
Using mean squares to measure the patch similarity.
     Neighborhood search radius = [2, 2, 2]
     Neighborhood patch radius = [1, 1, 1]
     Using Rician noise model.
     Epsilon = 1e-05
     Mean threshold = 0.95
     Variance threshold = 0.5
     Smoothing variance = 2
     Neighborhood radius for local mean and variance = [1, 1, 1]
Elapsed time: 279.163
All_Command_lines_OK
Using double precision for computations.
=============================================================================
The composite transform comprises the following transforms (in order): 
  1. Center of mass alignment using fixed image: /Dedicated/jmichaelson-wdata/msmuhammad/projects/RPOE/3dprint/data/derivatives/pre-freesurfer/../../temp/MNI152_T1_0.5mm.nii.gz and moving image: /Dedicated/jmichaelson-wdata/msmuhammad/projects/RPOE/3dprint/data/derivatives/pre-freesurfer/2E_048/2E_048/2E_048_reorient_RPI_denoise.nii.gz (type = Euler3DTransform)
=============================================================================
  number of levels = 5
  number of levels = 5
  fixed image: /Dedicated/jmichaelson-wdata/msmuhammad/projects/RPOE/3dprint/data/derivatives/pre-freesurfer/../../temp/MNI152_T1_0.5mm.nii.gz
  moving image: /Dedicated/jmichaelson-wdata/msmuhammad/projects/RPOE/3dprint/data/derivatives/pre-freesurfer/2E_048/2E_048/2E_048_reorient_RPI_denoise.nii.gz
  fixed image: /Dedicated/jmichaelson-wdata/msmuhammad/projects/RPOE/3dprint/data/derivatives/pre-freesurfer/../../temp/MNI152_T1_0.5mm.nii.gz
  moving image: /Dedicated/jmichaelson-wdata/msmuhammad/projects/RPOE/3dprint/data/derivatives/pre-freesurfer/2E_048/2E_048/2E_048_reorient_RPI_denoise.nii.gz
Dimension = 3
Number of stages = 2
Use histogram matching = true
Winsorize image intensities = true
  Lower quantile = 0.005
  Upper quantile = 0.995


Stage 1 State
   Image metric = Mattes
     Fixed image = Image (0x386ff10)
  RTTI typeinfo:   itk::Image<double, 3u>
  Reference Count: 2
  Modified Time: 1694
  Debug: Off
  Object Name: 
  Observers: 
    none
  Source: (none)
  Source output name: (none)
  Release Data: Off
  Data Released: False
  Global Release Data: Off
  PipelineMTime: 0
  UpdateMTime: 1477
  RealTimeStamp: 0 seconds 
  LargestPossibleRegion: 
    Dimension: 3
    Index: [0, 0, 0]
    Size: [364, 436, 364]
  BufferedRegion: 
    Dimension: 3
    Index: [0, 0, 0]
    Size: [364, 436, 364]
  RequestedRegion: 
    Dimension: 3
    Index: [0, 0, 0]
    Size: [364, 436, 364]
  Spacing: [0.5, 0.5, 0.5]
  Origin: [-90, 126, -72]
  Direction: 
1 0 0
0 -1 0
0 0 1

  IndexToPointMatrix: 
0.5 0 0
0 -0.5 0
0 0 0.5

  PointToIndexMatrix: 
2 0 0
0 -2 0
0 0 2

  Inverse Direction: 
1 0 0
0 -1 0
0 0 1

  PixelContainer: 
    ImportImageContainer (0x385c9d0)
      RTTI typeinfo:   itk::ImportImageContainer<unsigned long, double>
      Reference Count: 1
      Modified Time: 1474
      Debug: Off
      Object Name: 
      Observers: 
        none
      Pointer: 0x2b4350bbe010
      Container manages memory: true
      Size: 57768256
      Capacity: 57768256

     Moving image = Image (0x386faf0)
  RTTI typeinfo:   itk::Image<double, 3u>
  Reference Count: 2
  Modified Time: 1695
  Debug: Off
  Object Name: 
  Observers: 
    none
  Source: (none)
  Source output name: (none)
  Release Data: Off
  Data Released: False
  Global Release Data: Off
  PipelineMTime: 0
  UpdateMTime: 1692
  RealTimeStamp: 0 seconds 
  LargestPossibleRegion: 
    Dimension: 3
    Index: [0, 0, 0]
    Size: [280, 512, 512]
  BufferedRegion: 
    Dimension: 3
    Index: [0, 0, 0]
    Size: [280, 512, 512]
  RequestedRegion: 
    Dimension: 3
    Index: [0, 0, 0]
    Size: [280, 512, 512]
  Spacing: [0.599998, 0.4688, 0.4688]
  Origin: [-87.4496, 80.4162, -136.666]
  Direction: 
1 0 0
0 -1 0
0 0 1

  IndexToPointMatrix: 
0.599998 0 0
0 -0.4688 0
0 0 0.4688

  PointToIndexMatrix: 
1.66667 0 0
0 -2.13311 0
0 0 2.13311

  Inverse Direction: 
1 0 0
0 -1 0
0 0 1

  PixelContainer: 
    ImportImageContainer (0x3873190)
      RTTI typeinfo:   itk::ImportImageContainer<unsigned long, double>
      Reference Count: 1
      Modified Time: 1689
      Debug: Off
      Object Name: 
      Observers: 
        none
      Pointer: 0x2b436c47b010
      Container manages memory: true
      Size: 73400320
      Capacity: 73400320

     Weighting = 1
     Sampling strategy = regular
     Number of bins = 32
     Radius = 4
     Sampling percentage  = 0.25
   Transform = Rigid
     Gradient step = 0.1
     Update field sigma (voxel space) = 0
     Total field sigma (voxel space) = 0
     Update field time sigma = 0
     Total field time sigma  = 0
     Number of time indices = 0
     Number of time point samples = 0
Stage 2 State
   Image metric = Mattes
     Fixed image = Image (0x387f4a0)
  RTTI typeinfo:   itk::Image<double, 3u>
  Reference Count: 2
  Modified Time: 2126
  Debug: Off
  Object Name: 
  Observers: 
    none
  Source: (none)
  Source output name: (none)
  Release Data: Off
  Data Released: False
  Global Release Data: Off
  PipelineMTime: 0
  UpdateMTime: 1909
  RealTimeStamp: 0 seconds 
  LargestPossibleRegion: 
    Dimension: 3
    Index: [0, 0, 0]
    Size: [364, 436, 364]
  BufferedRegion: 
    Dimension: 3
    Index: [0, 0, 0]
    Size: [364, 436, 364]
  RequestedRegion: 
    Dimension: 3
    Index: [0, 0, 0]
    Size: [364, 436, 364]
  Spacing: [0.5, 0.5, 0.5]
  Origin: [-90, 126, -72]
  Direction: 
1 0 0
0 -1 0
0 0 1

  IndexToPointMatrix: 
0.5 0 0
0 -0.5 0
0 0 0.5

  PointToIndexMatrix: 
2 0 0
0 -2 0
0 0 2

  Inverse Direction: 
1 0 0
0 -1 0
0 0 1

  PixelContainer: 
    ImportImageContainer (0x387f760)
      RTTI typeinfo:   itk::ImportImageContainer<unsigned long, double>
      Reference Count: 1
      Modified Time: 1906
      Debug: Off
      Object Name: 
      Observers: 
        none
      Pointer: 0x2b438f47c010
      Container manages memory: true
      Size: 57768256
      Capacity: 57768256

     Moving image = Image (0x38695b0)
  RTTI typeinfo:   itk::Image<double, 3u>
  Reference Count: 2
  Modified Time: 2127
  Debug: Off
  Object Name: 
  Observers: 
    none
  Source: (none)
  Source output name: (none)
  Release Data: Off
  Data Released: False
  Global Release Data: Off
  PipelineMTime: 0
  UpdateMTime: 2124
  RealTimeStamp: 0 seconds 
  LargestPossibleRegion: 
    Dimension: 3
    Index: [0, 0, 0]
    Size: [280, 512, 512]
  BufferedRegion: 
    Dimension: 3
    Index: [0, 0, 0]
    Size: [280, 512, 512]
  RequestedRegion: 
    Dimension: 3
    Index: [0, 0, 0]
    Size: [280, 512, 512]
  Spacing: [0.599998, 0.4688, 0.4688]
  Origin: [-87.4496, 80.4162, -136.666]
  Direction: 
1 0 0
0 -1 0
0 0 1

  IndexToPointMatrix: 
0.599998 0 0
0 -0.4688 0
0 0 0.4688

  PointToIndexMatrix: 
1.66667 0 0
0 -2.13311 0
0 0 2.13311

  Inverse Direction: 
1 0 0
0 -1 0
0 0 1

  PixelContainer: 
    ImportImageContainer (0x386ec90)
      RTTI typeinfo:   itk::ImportImageContainer<unsigned long, double>
      Reference Count: 1
      Modified Time: 2121
      Debug: Off
      Object Name: 
      Observers: 
        none
      Pointer: 0x2b43aad39010
      Container manages memory: true
      Size: 73400320
      Capacity: 73400320

     Weighting = 1
     Sampling strategy = regular
     Number of bins = 32
     Radius = 4
     Sampling percentage  = 0.25
   Transform = Affine
     Gradient step = 0.1
     Update field sigma (voxel space) = 0
     Total field sigma (voxel space) = 0
     Update field time sigma = 0
     Total field time sigma  = 0
     Number of time indices = 0
     Number of time point samples = 0
Registration using 2 total stages.

Stage 0
  iterations = 2000x2000x2000x2000x2000
  convergence threshold = 1e-06
  convergence window size = 10
  number of levels = 5
  using the Mattes MI metric (number of bins = 32, weight = 1, use gradient filter = 0)
  preprocessing:  winsorizing the image intensities
  preprocessing:  histogram matching the images
  Shrink factors (level 1 out of 5): [8, 8, 8]
  Shrink factors (level 2 out of 5): [8, 8, 8]
  Shrink factors (level 3 out of 5): [4, 4, 4]
  Shrink factors (level 4 out of 5): [2, 2, 2]
  Shrink factors (level 5 out of 5): [1, 1, 1]
  smoothing sigmas per level: [4, 3, 2, 1, 0]
  regular sampling (percentage = 0.25)

*** Running Euler3DTransform registration ***

DIAGNOSTIC,Iteration,metricValue,convergenceValue,ITERATION_TIME_INDEX,SINCE_LAST
 2DIAGNOSTIC,     1, -5.120891608627e-01, 1.797693134862e+308, 1.3984e+00, 1.3984e+00, 
 2DIAGNOSTIC,     2, -5.153458378827e-01, 1.797693134862e+308, 1.4151e+00, 1.6676e-02, 
 2DIAGNOSTIC,     3, -5.210813349048e-01, 1.797693134862e+308, 1.4240e+00, 8.9049e-03, 
 2DIAGNOSTIC,     4, -5.307222756998e-01, 1.797693134862e+308, 1.4331e+00, 9.1310e-03, 
 2DIAGNOSTIC,     5, -5.463585763562e-01, 1.797693134862e+308, 1.4420e+00, 8.9219e-03, 
 2DIAGNOSTIC,     6, -5.724136943592e-01, 1.797693134862e+308, 1.4514e+00, 9.4080e-03, 
 2DIAGNOSTIC,     7, -6.082704036144e-01, 1.797693134862e+308, 1.4610e+00, 9.5861e-03, 
 2DIAGNOSTIC,     8, -6.335051521133e-01, 1.797693134862e+308, 1.4715e+00, 1.0527e-02, 
 2DIAGNOSTIC,     9, -6.402840259879e-01, 1.797693134862e+308, 1.4834e+00, 1.1816e-02, 
 2DIAGNOSTIC,    10, -6.402958631414e-01, 1.773025540223e-02, 1.4939e+00, 1.0546e-02, 
 2DIAGNOSTIC,    11, -6.403492505967e-01, 1.576160308391e-02, 1.5053e+00, 1.1451e-02, 
 2DIAGNOSTIC,    12, -6.403565653246e-01, 1.286557485589e-02, 1.5153e+00, 9.9471e-03, 
 2DIAGNOSTIC,    13, -6.403585816621e-01, 9.506354921379e-03, 1.5250e+00, 9.7520e-03, 
 2DIAGNOSTIC,    14, -6.403648868854e-01, 6.148263272851e-03, 1.5341e+00, 9.0261e-03, 
 2DIAGNOSTIC,    15, -6.403533125638e-01, 3.214176684895e-03, 1.5430e+00, 8.9421e-03, 
 2DIAGNOSTIC,    16, -6.403677810760e-01, 1.136489779964e-03, 1.5517e+00, 8.6861e-03, 
 2DIAGNOSTIC,    17, -6.403508685285e-01, 1.960648083045e-04, 1.5604e+00, 8.6818e-03, 
 2DIAGNOSTIC,    18, -6.404272812930e-01, 7.221302037105e-06, 1.5680e+00, 7.6251e-03, 
 2DIAGNOSTIC,    19, -6.404788812889e-01, 7.949998460183e-06, 1.5768e+00, 8.8401e-03, 
 2DIAGNOSTIC,    20, -6.405684132315e-01, 1.035579335603e-05, 1.5871e+00, 1.0262e-02, 
 2DIAGNOSTIC,    21, -6.406783989123e-01, 1.533107215101e-05, 1.5985e+00, 1.1351e-02, 
 2DIAGNOSTIC,    22, -6.410919620366e-01, 2.744240642871e-05, 1.6185e+00, 2.0083e-02, 
 2DIAGNOSTIC,    23, -6.413247778381e-01, 4.056541055832e-05, 1.6330e+00, 1.4411e-02, 
 2DIAGNOSTIC,    24, -6.416811120525e-01, 5.587638183723e-05, 1.6479e+00, 1.4986e-02, 
 2DIAGNOSTIC,    25, -6.418219031654e-01, 6.715417467985e-05, 1.6617e+00, 1.3806e-02, 
 2DIAGNOSTIC,    26, -6.417601046702e-01, 7.054953166619e-05, 1.6795e+00, 1.7759e-02, 
 2DIAGNOSTIC,    27, -6.417568222417e-01, 6.683838736452e-05, 1.6913e+00, 1.1816e-02, 
 2DIAGNOSTIC,    28, -6.417552182278e-01, 5.839406892252e-05, 1.7031e+00, 1.1765e-02, 
 2DIAGNOSTIC,    29, -6.417583420352e-01, 4.598259109335e-05, 1.7134e+00, 1.0336e-02, 
 2DIAGNOSTIC,    30, -6.417753091123e-01, 3.185898572572e-05, 1.7244e+00, 1.0938e-02, 
 2DIAGNOSTIC,    31, -6.418038417812e-01, 1.777764381834e-05, 1.7348e+00, 1.0419e-02, 
 2DIAGNOSTIC,    32, -6.418344995707e-01, 9.390010971964e-06, 1.7443e+00, 9.5129e-03, 
 2DIAGNOSTIC,    33, -6.418514828643e-01, 4.069926014760e-06, 1.7543e+00, 1.0044e-02, 
 2DIAGNOSTIC,    34, -6.418829171782e-01, 3.941444395306e-06, 1.7646e+00, 1.0231e-02, 
 2DIAGNOSTIC,    35, -6.418928339795e-01, 5.522083640224e-06, 1.7743e+00, 9.7659e-03, 
 2DIAGNOSTIC,    36, -6.419298924144e-01, 6.260506031579e-06, 1.7874e+00, 1.3028e-02, 
 2DIAGNOSTIC,    37, -6.419329406481e-01, 6.436957451179e-06, 1.7980e+00, 1.0620e-02, 
 2DIAGNOSTIC,    38, -6.419037479970e-01, 5.712934977427e-06, 1.8086e+00, 1.0628e-02, 
 2DIAGNOSTIC,    39, -6.418991328776e-01, 4.561832207449e-06, 1.8190e+00, 1.0346e-02, 
 2DIAGNOSTIC,    40, -6.419018674655e-01, 3.330839407623e-06, 1.8309e+00, 1.1933e-02, 
 2DIAGNOSTIC,    41, -6.418689905126e-01, 1.857703919243e-06, 1.8405e+00, 9.6090e-03, 
DIAGNOSTIC,Iteration,metricValue,convergenceValue,ITERATION_TIME_INDEX,SINCE_LAST
 2DIAGNOSTIC,     1, -5.957649133659e-01, 1.797693134862e+308, 3.2470e+00, 1.4065e+00, 
 2DIAGNOSTIC,     2, -5.959253284794e-01, 1.797693134862e+308, 3.2565e+00, 9.5248e-03, 
 2DIAGNOSTIC,     3, -5.960759136794e-01, 1.797693134862e+308, 3.2662e+00, 9.6278e-03, 
 2DIAGNOSTIC,     4, -5.961582313088e-01, 1.797693134862e+308, 3.2757e+00, 9.4740e-03, 
 2DIAGNOSTIC,     5, -5.963295310086e-01, 1.797693134862e+308, 3.2856e+00, 9.9602e-03, 
 2DIAGNOSTIC,     6, -5.966047690342e-01, 1.797693134862e+308, 3.2963e+00, 1.0701e-02, 
 2DIAGNOSTIC,     7, -5.966902048028e-01, 1.797693134862e+308, 3.3065e+00, 1.0209e-02, 
 2DIAGNOSTIC,     8, -5.967715509227e-01, 1.797693134862e+308, 3.3156e+00, 9.0849e-03, 
 2DIAGNOSTIC,     9, -5.968812782643e-01, 1.797693134862e+308, 3.3263e+00, 1.0706e-02, 
 2DIAGNOSTIC,    10, -5.968983361255e-01, 1.342654660133e-04, 3.3367e+00, 1.0426e-02, 
 2DIAGNOSTIC,    11, -5.968564810804e-01, 1.058935531399e-04, 3.3475e+00, 1.0795e-02, 
 2DIAGNOSTIC,    12, -5.968545425655e-01, 7.930602971586e-05, 3.3592e+00, 1.1622e-02, 
 2DIAGNOSTIC,    13, -5.968657930329e-01, 5.589192028944e-05, 3.3711e+00, 1.1966e-02, 
 2DIAGNOSTIC,    14, -5.968832545698e-01, 3.424865265630e-05, 3.4035e+00, 3.2425e-02, 
 2DIAGNOSTIC,    15, -5.968832545692e-01, 1.780863996032e-05, 3.4280e+00, 2.4487e-02, 
 2DIAGNOSTIC,    16, -5.968832545692e-01, 1.022194693015e-05, 3.4457e+00, 1.7706e-02, 
 2DIAGNOSTIC,    17, -5.968832545692e-01, 5.156062764432e-06, 3.4598e+00, 1.4097e-02, 
 2DIAGNOSTIC,    18, -5.968832545692e-01, 2.400282621454e-06, 3.4710e+00, 1.1194e-02, 
 2DIAGNOSTIC,    19, -5.968832545692e-01, 2.592997248939e-06, 3.4833e+00, 1.2291e-02, 
 2DIAGNOSTIC,    20, -5.968832545692e-01, 3.118238345208e-06, 3.4951e+00, 1.1745e-02, 
 2DIAGNOSTIC,    21, -5.968832545692e-01, 2.512585402327e-06, 3.5057e+00, 1.0585e-02, 
 2DIAGNOSTIC,    22, -5.968832545692e-01, 1.824502532721e-06, 3.5161e+00, 1.0475e-02, 
 2DIAGNOSTIC,    23, -5.968832545692e-01, 1.383524400773e-06, 3.5275e+00, 1.1367e-02, 
 2DIAGNOSTIC,    24, -5.968832545692e-01, 1.325858218666e-06, 3.5379e+00, 1.0364e-02, 
 2DIAGNOSTIC,    25, -5.968832545692e-01, 1.272806805550e-06, 3.5481e+00, 1.0286e-02, 
 2DIAGNOSTIC,    26, -5.968832545692e-01, 1.223837534356e-06, 3.5624e+00, 1.4306e-02, 
 2DIAGNOSTIC,    27, -5.968832545692e-01, 1.178496698492e-06, 3.5749e+00, 1.2472e-02, 
 2DIAGNOSTIC,    28, -5.968832545692e-01, 1.136395425254e-06, 3.5849e+00, 9.9771e-03, 
 2DIAGNOSTIC,    29, -5.968832545692e-01, 1.097198494331e-06, 3.5959e+00, 1.0985e-02, 
 2DIAGNOSTIC,    30, -5.968832545692e-01, 1.060615393643e-06, 3.6074e+00, 1.1505e-02, 
 2DIAGNOSTIC,    31, -5.968832545692e-01, 1.026393106111e-06, 3.6187e+00, 1.1296e-02, 
DIAGNOSTIC,Iteration,metricValue,convergenceValue,ITERATION_TIME_INDEX,SINCE_LAST
 2DIAGNOSTIC,     1, -5.567968770913e-01, 1.797693134862e+308, 5.2181e+00, 1.5994e+00, 
 2DIAGNOSTIC,     2, -5.571222814373e-01, 1.797693134862e+308, 5.2932e+00, 7.5155e-02, 
 2DIAGNOSTIC,     3, -5.573920789163e-01, 1.797693134862e+308, 5.3758e+00, 8.2572e-02, 
 2DIAGNOSTIC,     4, -5.578427693758e-01, 1.797693134862e+308, 5.4620e+00, 8.6152e-02, 
 2DIAGNOSTIC,     5, -5.583839319958e-01, 1.797693134862e+308, 5.5458e+00, 8.3843e-02, 
 2DIAGNOSTIC,     6, -5.584954179027e-01, 1.797693134862e+308, 5.6330e+00, 8.7178e-02, 
 2DIAGNOSTIC,     7, -5.586876245293e-01, 1.797693134862e+308, 5.7300e+00, 9.7047e-02, 
 2DIAGNOSTIC,     8, -5.589162023844e-01, 1.797693134862e+308, 5.8564e+00, 1.2637e-01, 
 2DIAGNOSTIC,     9, -5.589000178862e-01, 1.797693134862e+308, 5.9484e+00, 9.2046e-02, 
 2DIAGNOSTIC,    10, -5.589442566747e-01, 2.671208439576e-04, 6.0712e+00, 1.2276e-01, 
 2DIAGNOSTIC,    11, -5.589386657316e-01, 1.970564885396e-04, 6.1523e+00, 8.1062e-02, 
 2DIAGNOSTIC,    12, -5.589382178071e-01, 1.351648425458e-04, 6.2442e+00, 9.1970e-02, 
 2DIAGNOSTIC,    13, -5.589246678627e-01, 8.054568926416e-05, 6.3167e+00, 7.2473e-02, 
 2DIAGNOSTIC,    14, -5.589253299544e-01, 4.263577653087e-05, 6.4127e+00, 9.5935e-02, 
 2DIAGNOSTIC,    15, -5.589006088600e-01, 2.369184940100e-05, 6.5137e+00, 1.0103e-01, 
 2DIAGNOSTIC,    16, -5.589137824374e-01, 9.022665844988e-06, 6.6263e+00, 1.1264e-01, 
DIAGNOSTIC,Iteration,metricValue,convergenceValue,ITERATION_TIME_INDEX,SINCE_LAST
 2DIAGNOSTIC,     1, -5.159002088852e-01, 1.797693134862e+308, 9.4289e+00, 2.8026e+00, 
 2DIAGNOSTIC,     2, -5.160918508769e-01, 1.797693134862e+308, 1.0027e+01, 5.9846e-01, 
 2DIAGNOSTIC,     3, -5.162584512621e-01, 1.797693134862e+308, 1.0607e+01, 5.7938e-01, 
 2DIAGNOSTIC,     4, -5.162848968361e-01, 1.797693134862e+308, 1.1276e+01, 6.6959e-01, 
 2DIAGNOSTIC,     5, -5.162600731708e-01, 1.797693134862e+308, 1.1833e+01, 5.5628e-01, 
 2DIAGNOSTIC,     6, -5.163268393290e-01, 1.797693134862e+308, 1.2428e+01, 5.9557e-01, 
 2DIAGNOSTIC,     7, -5.165607667426e-01, 1.797693134862e+308, 1.3002e+01, 5.7388e-01, 
 2DIAGNOSTIC,     8, -5.168964577244e-01, 1.797693134862e+308, 1.4730e+01, 1.7282e+00, 
 2DIAGNOSTIC,     9, -5.168965006573e-01, 1.797693134862e+308, 1.5492e+01, 7.6142e-01, 
 2DIAGNOSTIC,    10, -5.168967035589e-01, 1.290541093595e-04, 1.6166e+01, 6.7410e-01, 
 2DIAGNOSTIC,    11, -5.168958075798e-01, 1.092812724919e-04, 1.6918e+01, 7.5209e-01, 
 2DIAGNOSTIC,    12, -5.168953517509e-01, 9.156241347584e-05, 1.7580e+01, 6.6234e-01, 
 2DIAGNOSTIC,    13, -5.168948994020e-01, 7.530094165796e-05, 1.8161e+01, 5.8067e-01, 
 2DIAGNOSTIC,    14, -5.168948914691e-01, 5.594585851409e-05, 1.8740e+01, 5.7897e-01, 
 2DIAGNOSTIC,    15, -5.168950970170e-01, 3.360385581240e-05, 1.9383e+01, 6.4304e-01, 
 2DIAGNOSTIC,    16, -5.168934783792e-01, 1.331796360282e-05, 2.0031e+01, 6.4849e-01, 
 2DIAGNOSTIC,    17, -5.168934043092e-01, 1.635140238473e-06, 2.0752e+01, 7.2081e-01, 
 2DIAGNOSTIC,    18, -5.168928523740e-01, 1.514846045866e-06, 2.1415e+01, 6.6243e-01, 
 2DIAGNOSTIC,    19, -5.168928033299e-01, 1.429511001586e-06, 2.1984e+01, 5.6895e-01, 
 2DIAGNOSTIC,    20, -5.168926060296e-01, 1.375925732211e-06, 2.2565e+01, 5.8121e-01, 
 2DIAGNOSTIC,    21, -5.168925985722e-01, 1.324629779566e-06, 2.3246e+01, 6.8137e-01, 
 2DIAGNOSTIC,    22, -5.168928227603e-01, 1.290585139334e-06, 2.3821e+01, 5.7485e-01, 
 2DIAGNOSTIC,    23, -5.168923758637e-01, 1.252017274758e-06, 2.4478e+01, 6.5670e-01, 
 2DIAGNOSTIC,    24, -5.168925134245e-01, 1.231792071982e-06, 2.5060e+01, 5.8192e-01, 
 2DIAGNOSTIC,    25, -5.168926569008e-01, 1.230458034157e-06, 2.5733e+01, 6.7332e-01, 
 2DIAGNOSTIC,    26, -5.168923542377e-01, 1.192250152424e-06, 2.6432e+01, 6.9948e-01, 
 2DIAGNOSTIC,    27, -5.168924926502e-01, 1.161622387301e-06, 2.7162e+01, 7.2980e-01, 
 2DIAGNOSTIC,    28, -5.168921382956e-01, 1.116971626379e-06, 2.7818e+01, 6.5628e-01, 
 2DIAGNOSTIC,    29, -5.168916416441e-01, 1.067171984399e-06, 2.8465e+01, 6.4636e-01, 
 2DIAGNOSTIC,    30, -5.168912527481e-01, 1.012898612769e-06, 2.9166e+01, 7.0096e-01, 
DIAGNOSTIC,Iteration,metricValue,convergenceValue,ITERATION_TIME_INDEX,SINCE_LAST
 2DIAGNOSTIC,     1, -4.807957205290e-01, 1.797693134862e+308, 3.8468e+01, 9.3026e+00, 
 2DIAGNOSTIC,     2, -4.809055931758e-01, 1.797693134862e+308, 4.2179e+01, 3.7107e+00, 
 2DIAGNOSTIC,     3, -4.809594885727e-01, 1.797693134862e+308, 5.0852e+01, 8.6731e+00, 
 2DIAGNOSTIC,     4, -4.809594502052e-01, 1.797693134862e+308, 5.5601e+01, 4.7489e+00, 
 2DIAGNOSTIC,     5, -4.809594031981e-01, 1.797693134862e+308, 6.0541e+01, 4.9394e+00, 
 2DIAGNOSTIC,     6, -4.809593792817e-01, 1.797693134862e+308, 6.4595e+01, 4.0547e+00, 
 2DIAGNOSTIC,     7, -4.809593835696e-01, 1.797693134862e+308, 6.8470e+01, 3.8749e+00, 
 2DIAGNOSTIC,     8, -4.809592781935e-01, 1.797693134862e+308, 7.2393e+01, 3.9230e+00, 
 2DIAGNOSTIC,     9, -4.809592107374e-01, 1.797693134862e+308, 7.5584e+01, 3.1903e+00, 
 2DIAGNOSTIC,    10, -4.809592027986e-01, 1.559906186338e-05, 7.9047e+01, 3.4633e+00, 
 2DIAGNOSTIC,    11, -4.809592661967e-01, 5.749841932481e-06, 8.2927e+01, 3.8802e+00, 
 2DIAGNOSTIC,    12, -4.809592760090e-01, 2.620880959522e-06, 8.6910e+01, 3.9827e+00, 
 2DIAGNOSTIC,    13, -4.809591698065e-01, 2.421253653781e-06, 9.0893e+01, 3.9832e+00, 
 2DIAGNOSTIC,    14, -4.809590882387e-01, 2.247712262135e-06, 9.6392e+01, 5.4995e+00, 
 2DIAGNOSTIC,    15, -4.809591192164e-01, 2.098930364097e-06, 1.0039e+02, 4.0024e+00, 
 2DIAGNOSTIC,    16, -4.809589876003e-01, 1.964736344687e-06, 1.0390e+02, 3.5036e+00, 
 2DIAGNOSTIC,    17, -4.809589247823e-01, 1.846623380534e-06, 1.0735e+02, 3.4504e+00, 
 2DIAGNOSTIC,    18, -4.809588823417e-01, 1.739239485370e-06, 1.1063e+02, 3.2819e+00, 
 2DIAGNOSTIC,    19, -4.809587853712e-01, 1.640677164627e-06, 1.1441e+02, 3.7762e+00, 
 2DIAGNOSTIC,    20, -4.809587895829e-01, 1.554923890007e-06, 1.1807e+02, 3.6601e+00, 
 2DIAGNOSTIC,    21, -4.809586190060e-01, 1.477567780121e-06, 1.2212e+02, 4.0543e+00, 
 2DIAGNOSTIC,    22, -4.809586057751e-01, 1.410832673285e-06, 1.2577e+02, 3.6490e+00, 
 2DIAGNOSTIC,    23, -4.809585910602e-01, 1.350085277171e-06, 1.2876e+02, 2.9903e+00, 
 2DIAGNOSTIC,    24, -4.809584732804e-01, 1.292479185226e-06, 1.3190e+02, 3.1412e+00, 
 2DIAGNOSTIC,    25, -4.809584941011e-01, 1.243948255333e-06, 1.3534e+02, 3.4354e+00, 
 2DIAGNOSTIC,    26, -4.809585044275e-01, 1.199079827541e-06, 1.3916e+02, 3.8195e+00, 
 2DIAGNOSTIC,    27, -4.809584628017e-01, 1.157527045895e-06, 1.4253e+02, 3.3759e+00, 
 2DIAGNOSTIC,    28, -4.809584611067e-01, 1.120008990899e-06, 1.4585e+02, 3.3175e+00, 
 2DIAGNOSTIC,    29, -4.809584235120e-01, 1.083840182201e-06, 1.4869e+02, 2.8445e+00, 
 2DIAGNOSTIC,    30, -4.809583661595e-01, 1.050368698435e-06, 1.5169e+02, 2.9979e+00, 
 2DIAGNOSTIC,    31, -4.809583749162e-01, 1.016903931582e-06, 1.5516e+02, 3.4678e+00, 
  Elapsed time (stage 0): 1.6228e+02


Stage 1
  iterations = 1000x1000x1000x1000x1000
  convergence threshold = 1.0000e-06
  convergence window size = 10
  number of levels = 5
  using the Mattes MI metric (number of bins = 32, weight = 1.0000e+00, use gradient filter = 0)
  preprocessing:  winsorizing the image intensities
  preprocessing:  histogram matching the images
  Shrink factors (level 1 out of 5): [8, 8, 8]
  Shrink factors (level 2 out of 5): [8, 8, 8]
  Shrink factors (level 3 out of 5): [4, 4, 4]
  Shrink factors (level 4 out of 5): [2, 2, 2]
  Shrink factors (level 5 out of 5): [1, 1, 1]
  smoothing sigmas per level: [4, 3, 2, 1, 0]
  regular sampling (percentage = 2.5000e-01)

*** Running AffineTransform registration ***

DIAGNOSTIC,Iteration,metricValue,convergenceValue,ITERATION_TIME_INDEX,SINCE_LAST
 2DIAGNOSTIC,     1, -6.380954549700e-01, 1.797693134862e+308, 1.3108e+00, 1.3108e+00, 
 2DIAGNOSTIC,     2, -6.412966289735e-01, 1.797693134862e+308, 1.3239e+00, 1.3058e-02, 
 2DIAGNOSTIC,     3, -6.464405392526e-01, 1.797693134862e+308, 1.3363e+00, 1.2431e-02, 
 2DIAGNOSTIC,     4, -6.547232513133e-01, 1.797693134862e+308, 1.3490e+00, 1.2686e-02, 
 2DIAGNOSTIC,     5, -6.685135665575e-01, 1.797693134862e+308, 1.3607e+00, 1.1685e-02, 
 2DIAGNOSTIC,     6, -6.907230775662e-01, 1.797693134862e+308, 1.3723e+00, 1.1631e-02, 
 2DIAGNOSTIC,     7, -7.281356961427e-01, 1.797693134862e+308, 1.3855e+00, 1.3237e-02, 
 2DIAGNOSTIC,     8, -7.450755540935e-01, 1.797693134862e+308, 1.3992e+00, 1.3681e-02, 
 2DIAGNOSTIC,     9, -7.473922547148e-01, 1.797693134862e+308, 1.4107e+00, 1.1468e-02, 
 2DIAGNOSTIC,    10, -7.577844769824e-01, 1.313163016383e-02, 1.4225e+00, 1.1851e-02, 
 2DIAGNOSTIC,    11, -7.630744719519e-01, 1.206642965065e-02, 1.4370e+00, 1.4408e-02, 
 2DIAGNOSTIC,    12, -7.666832260673e-01, 1.032534554763e-02, 1.4510e+00, 1.4056e-02, 
 2DIAGNOSTIC,    13, -7.677298888773e-01, 8.137876230803e-03, 1.4608e+00, 9.8231e-03, 
 2DIAGNOSTIC,    14, -7.709880033394e-01, 5.891443306055e-03, 1.4707e+00, 9.8541e-03, 
 2DIAGNOSTIC,    15, -7.731819854965e-01, 3.850195197531e-03, 1.4807e+00, 1.0001e-02, 
 2DIAGNOSTIC,    16, -7.749276580325e-01, 2.297338639122e-03, 1.4924e+00, 1.1679e-02, 
 2DIAGNOSTIC,    17, -7.758186896501e-01, 1.605942256401e-03, 1.5036e+00, 1.1222e-02, 
 2DIAGNOSTIC,    18, -7.769859736801e-01, 1.244961360291e-03, 1.5193e+00, 1.5708e-02, 
 2DIAGNOSTIC,    19, -7.774349075839e-01, 8.614739353632e-04, 1.5317e+00, 1.2416e-02, 
 2DIAGNOSTIC,    20, -7.774932889898e-01, 6.393797261215e-04, 1.5431e+00, 1.1418e-02, 
 2DIAGNOSTIC,    21, -7.782617286898e-01, 4.910583167657e-04, 1.5549e+00, 1.1722e-02, 
 2DIAGNOSTIC,    22, -7.790068282882e-01, 3.878720785332e-04, 1.5675e+00, 1.2667e-02, 
 2DIAGNOSTIC,    23, -7.792540776924e-01, 2.785083428780e-04, 1.5787e+00, 1.1174e-02, 
 2DIAGNOSTIC,    24, -7.794701990804e-01, 2.080309052638e-04, 1.5934e+00, 1.4660e-02, 
 2DIAGNOSTIC,    25, -7.796909196957e-01, 1.608771655886e-04, 1.6070e+00, 1.3695e-02, 
 2DIAGNOSTIC,    26, -7.798024974208e-01, 1.295862032887e-04, 1.6193e+00, 1.2254e-02, 
 2DIAGNOSTIC,    27, -7.806599412365e-01, 1.128081219969e-04, 1.6338e+00, 1.4512e-02, 
 2DIAGNOSTIC,    28, -7.814453245533e-01, 1.129867138666e-04, 1.6462e+00, 1.2409e-02, 
 2DIAGNOSTIC,    29, -7.816840976325e-01, 1.116859467998e-04, 1.6580e+00, 1.1802e-02, 
 2DIAGNOSTIC,    30, -7.818928790341e-01, 1.034553954783e-04, 1.6705e+00, 1.2504e-02, 
 2DIAGNOSTIC,    31, -7.821619994886e-01, 9.866435217486e-05, 1.6835e+00, 1.2940e-02, 
 2DIAGNOSTIC,    32, -7.826199836578e-01, 9.895361664046e-05, 1.6960e+00, 1.2483e-02, 
 2DIAGNOSTIC,    33, -7.827852593433e-01, 9.438497268117e-05, 1.7076e+00, 1.1622e-02, 
 2DIAGNOSTIC,    34, -7.827910464094e-01, 8.377884466077e-05, 1.7192e+00, 1.1666e-02, 
 2DIAGNOSTIC,    35, -7.828854703348e-01, 6.959832444637e-05, 1.7307e+00, 1.1489e-02, 
 2DIAGNOSTIC,    36, -7.829766055795e-01, 5.164615156475e-05, 1.7447e+00, 1.4011e-02, 
 2DIAGNOSTIC,    37, -7.830816266954e-01, 3.939950213627e-05, 1.7568e+00, 1.2040e-02, 
 2DIAGNOSTIC,    38, -7.831121510158e-01, 3.218725632840e-05, 1.7674e+00, 1.0579e-02, 
 2DIAGNOSTIC,    39, -7.831040781898e-01, 2.465263542658e-05, 1.7775e+00, 1.0112e-02, 
 2DIAGNOSTIC,    40, -7.830689042137e-01, 1.687724547424e-05, 1.7871e+00, 9.6600e-03, 
 2DIAGNOSTIC,    41, -7.830621755126e-01, 1.025537898032e-05, 1.7974e+00, 1.0317e-02, 
 2DIAGNOSTIC,    42, -7.830788015649e-01, 7.242908057446e-06, 1.8070e+00, 9.5561e-03, 
 2DIAGNOSTIC,    43, -7.830950855985e-01, 5.344025862088e-06, 1.8163e+00, 9.3381e-03, 
 2DIAGNOSTIC,    44, -7.831474586686e-01, 3.590451641299e-06, 1.8280e+00, 1.1672e-02, 
 2DIAGNOSTIC,    45, -7.832304657309e-01, 3.110082473317e-06, 1.8464e+00, 1.8348e-02, 
 2DIAGNOSTIC,    46, -7.833264633124e-01, 3.911219377643e-06, 1.8601e+00, 1.3709e-02, 
 2DIAGNOSTIC,    47, -7.834973234343e-01, 6.542193405908e-06, 1.8835e+00, 2.3432e-02, 
 2DIAGNOSTIC,    48, -7.839192827624e-01, 1.199518210196e-05, 1.9024e+00, 1.8903e-02, 
 2DIAGNOSTIC,    49, -7.839985760631e-01, 1.661329745993e-05, 1.9178e+00, 1.5418e-02, 
 2DIAGNOSTIC,    50, -7.839359680166e-01, 1.881661799236e-05, 1.9305e+00, 1.2671e-02, 
 2DIAGNOSTIC,    51, -7.840327588028e-01, 1.990416572686e-05, 1.9424e+00, 1.1925e-02, 
 2DIAGNOSTIC,    52, -7.840494037488e-01, 1.930037046030e-05, 1.9537e+00, 1.1235e-02, 
 2DIAGNOSTIC,    53, -7.840465549396e-01, 1.697192397923e-05, 1.9636e+00, 9.9330e-03, 
 2DIAGNOSTIC,    54, -7.840360830187e-01, 1.345642482765e-05, 1.9735e+00, 9.8960e-03, 
 2DIAGNOSTIC,    55, -7.840423652848e-01, 9.490420377616e-06, 1.9837e+00, 1.0243e-02, 
 2DIAGNOSTIC,    56, -7.840516986285e-01, 5.512429168231e-06, 1.9974e+00, 1.3710e-02, 
 2DIAGNOSTIC,    57, -7.840192381225e-01, 2.020456855555e-06, 2.0083e+00, 1.0814e-02, 
 2DIAGNOSTIC,    58, -7.840230339545e-01, 1.237503821801e-06, 2.0197e+00, 1.1402e-02, 
DIAGNOSTIC,Iteration,metricValue,convergenceValue,ITERATION_TIME_INDEX,SINCE_LAST
 2DIAGNOSTIC,     1, -7.418924429745e-01, 1.797693134862e+308, 3.4095e+00, 1.3899e+00, 
 2DIAGNOSTIC,     2, -7.422403271141e-01, 1.797693134862e+308, 3.4213e+00, 1.1793e-02, 
 2DIAGNOSTIC,     3, -7.424324638428e-01, 1.797693134862e+308, 3.4327e+00, 1.1383e-02, 
 2DIAGNOSTIC,     4, -7.425803515886e-01, 1.797693134862e+308, 3.4447e+00, 1.1974e-02, 
 2DIAGNOSTIC,     5, -7.426286356581e-01, 1.797693134862e+308, 3.4565e+00, 1.1868e-02, 
 2DIAGNOSTIC,     6, -7.426768082176e-01, 1.797693134862e+308, 3.4701e+00, 1.3527e-02, 
 2DIAGNOSTIC,     7, -7.427034519460e-01, 1.797693134862e+308, 3.4821e+00, 1.2062e-02, 
 2DIAGNOSTIC,     8, -7.427606446968e-01, 1.797693134862e+308, 3.4934e+00, 1.1278e-02, 
 2DIAGNOSTIC,     9, -7.427413854503e-01, 1.797693134862e+308, 3.5041e+00, 1.0724e-02, 
 2DIAGNOSTIC,    10, -7.427934227668e-01, 6.574432942710e-05, 3.5155e+00, 1.1368e-02, 
 2DIAGNOSTIC,    11, -7.428267198768e-01, 4.049806118539e-05, 3.5269e+00, 1.1422e-02, 
 2DIAGNOSTIC,    12, -7.428555645285e-01, 2.796319747017e-05, 3.5434e+00, 1.6456e-02, 
 2DIAGNOSTIC,    13, -7.428476400167e-01, 2.039392417764e-05, 3.5556e+00, 1.2175e-02, 
 2DIAGNOSTIC,    14, -7.428598001205e-01, 1.666944247534e-05, 3.5676e+00, 1.2002e-02, 
 2DIAGNOSTIC,    15, -7.428478105129e-01, 1.302711021621e-05, 3.5792e+00, 1.1663e-02, 
 2DIAGNOSTIC,    16, -7.428538049521e-01, 1.011429619671e-05, 3.5901e+00, 1.0904e-02, 
 2DIAGNOSTIC,    17, -7.428852900562e-01, 8.065901074598e-06, 3.5994e+00, 9.2950e-03, 
 2DIAGNOSTIC,    18, -7.429132307396e-01, 7.497272053354e-06, 3.6106e+00, 1.1160e-02, 
 2DIAGNOSTIC,    19, -7.429337445049e-01, 6.461217181987e-06, 3.6219e+00, 1.1369e-02, 
 2DIAGNOSTIC,    20, -7.429569321455e-01, 6.516798695615e-06, 3.6392e+00, 1.7212e-02, 
 2DIAGNOSTIC,    21, -7.429603838540e-01, 6.762177666965e-06, 3.6518e+00, 1.2674e-02, 
 2DIAGNOSTIC,    22, -7.429620155518e-01, 7.026029906564e-06, 3.6673e+00, 1.5452e-02, 
 2DIAGNOSTIC,    23, -7.429345090177e-01, 6.143982161082e-06, 3.6785e+00, 1.1209e-02, 
 2DIAGNOSTIC,    24, -7.429217386277e-01, 4.899480747222e-06, 3.6900e+00, 1.1476e-02, 
 2DIAGNOSTIC,    25, -7.429225187130e-01, 3.251127542563e-06, 3.7038e+00, 1.3865e-02, 
 2DIAGNOSTIC,    26, -7.429237556592e-01, 1.635117106144e-06, 3.7173e+00, 1.3466e-02, 
DIAGNOSTIC,Iteration,metricValue,convergenceValue,ITERATION_TIME_INDEX,SINCE_LAST
 2DIAGNOSTIC,     1, -6.969778823169e-01, 1.797693134862e+308, 5.2616e+00, 1.5443e+00, 
 2DIAGNOSTIC,     2, -6.973015538427e-01, 1.797693134862e+308, 5.3395e+00, 7.7971e-02, 
 2DIAGNOSTIC,     3, -6.975217026429e-01, 1.797693134862e+308, 5.4216e+00, 8.2064e-02, 
 2DIAGNOSTIC,     4, -6.976477534835e-01, 1.797693134862e+308, 5.5057e+00, 8.4090e-02, 
 2DIAGNOSTIC,     5, -6.977531302483e-01, 1.797693134862e+308, 5.6022e+00, 9.6540e-02, 
 2DIAGNOSTIC,     6, -6.980126430136e-01, 1.797693134862e+308, 5.7349e+00, 1.3271e-01, 
 2DIAGNOSTIC,     7, -6.980072019659e-01, 1.797693134862e+308, 5.9347e+00, 1.9973e-01, 
 2DIAGNOSTIC,     8, -6.980093079460e-01, 1.797693134862e+308, 6.0124e+00, 7.7723e-02, 
 2DIAGNOSTIC,     9, -6.980096729944e-01, 1.797693134862e+308, 6.0956e+00, 8.3187e-02, 
 2DIAGNOSTIC,    10, -6.980103021638e-01, 9.296187595800e-05, 6.1728e+00, 7.7218e-02, 
 2DIAGNOSTIC,    11, -6.980113624578e-01, 5.878617847423e-05, 6.2622e+00, 8.9387e-02, 
 2DIAGNOSTIC,    12, -6.980142494290e-01, 3.624590745550e-05, 6.3413e+00, 7.9083e-02, 
 2DIAGNOSTIC,    13, -6.980148734872e-01, 2.111507148046e-05, 6.4199e+00, 7.8649e-02, 
 2DIAGNOSTIC,    14, -6.980144552425e-01, 1.010691200795e-05, 6.5056e+00, 8.5726e-02, 
 2DIAGNOSTIC,    15, -6.980206293279e-01, 2.678989472218e-06, 6.5859e+00, 8.0222e-02, 
 2DIAGNOSTIC,    16, -6.980316389166e-01, 3.014324817904e-06, 6.6639e+00, 7.8035e-02, 
 2DIAGNOSTIC,    17, -6.980375212091e-01, 3.218000504131e-06, 6.7398e+00, 7.5956e-02, 
 2DIAGNOSTIC,    18, -6.980588670800e-01, 3.806600291645e-06, 6.8153e+00, 7.5425e-02, 
 2DIAGNOSTIC,    19, -6.980796784347e-01, 4.590945802664e-06, 6.8894e+00, 7.4112e-02, 
 2DIAGNOSTIC,    20, -6.981254732608e-01, 5.963521120679e-06, 6.9852e+00, 9.5781e-02, 
 2DIAGNOSTIC,    21, -6.981496702791e-01, 7.267908920500e-06, 7.0784e+00, 9.3218e-02, 
 2DIAGNOSTIC,    22, -6.981193527298e-01, 7.409872794982e-06, 7.1547e+00, 7.6302e-02, 
 2DIAGNOSTIC,    23, -6.981181616233e-01, 7.001777777384e-06, 7.2458e+00, 9.1147e-02, 
 2DIAGNOSTIC,    24, -6.981211473597e-01, 6.136313113199e-06, 7.3196e+00, 7.3754e-02, 
 2DIAGNOSTIC,    25, -6.980985530321e-01, 4.597616483706e-06, 7.4036e+00, 8.3968e-02, 
 2DIAGNOSTIC,    26, -6.981125500338e-01, 3.266024743896e-06, 7.4878e+00, 8.4294e-02, 
 2DIAGNOSTIC,    27, -6.981156200375e-01, 1.978560906370e-06, 7.5759e+00, 8.8029e-02, 
 2DIAGNOSTIC,    28, -6.981208811705e-01, 1.097252514605e-06, 7.6612e+00, 8.5309e-02, 
DIAGNOSTIC,Iteration,metricValue,convergenceValue,ITERATION_TIME_INDEX,SINCE_LAST
 2DIAGNOSTIC,     1, -6.369514225478e-01, 1.797693134862e+308, 1.0453e+01, 2.7916e+00, 
 2DIAGNOSTIC,     2, -6.373672411667e-01, 1.797693134862e+308, 1.1080e+01, 6.2707e-01, 
 2DIAGNOSTIC,     3, -6.376122160529e-01, 1.797693134862e+308, 1.1660e+01, 5.8015e-01, 
 2DIAGNOSTIC,     4, -6.376956758978e-01, 1.797693134862e+308, 1.2217e+01, 5.5669e-01, 
 2DIAGNOSTIC,     5, -6.377353387512e-01, 1.797693134862e+308, 1.2854e+01, 6.3706e-01, 
 2DIAGNOSTIC,     6, -6.377513570546e-01, 1.797693134862e+308, 1.3661e+01, 8.0775e-01, 
 2DIAGNOSTIC,     7, -6.377524289531e-01, 1.797693134862e+308, 1.4299e+01, 6.3798e-01, 
 2DIAGNOSTIC,     8, -6.377537603457e-01, 1.797693134862e+308, 1.4951e+01, 6.5148e-01, 
 2DIAGNOSTIC,     9, -6.377556552513e-01, 1.797693134862e+308, 1.5667e+01, 7.1617e-01, 
 2DIAGNOSTIC,    10, -6.377560019916e-01, 5.989783927844e-05, 1.6511e+01, 8.4409e-01, 
 2DIAGNOSTIC,    11, -6.377560227125e-01, 2.579804047352e-05, 1.7185e+01, 6.7337e-01, 
 2DIAGNOSTIC,    12, -6.377545650695e-01, 1.051836456850e-05, 1.7934e+01, 7.4970e-01, 
 2DIAGNOSTIC,    13, -6.377547230663e-01, 5.227894754142e-06, 1.8519e+01, 5.8490e-01, 
 2DIAGNOSTIC,    14, -6.377539966313e-01, 3.043310543058e-06, 1.9267e+01, 7.4745e-01, 
 2DIAGNOSTIC,    15, -6.377545971061e-01, 2.263014613826e-06, 1.9971e+01, 7.0473e-01, 
 2DIAGNOSTIC,    16, -6.377546106596e-01, 2.013744091089e-06, 2.0460e+01, 4.8891e-01, 
 2DIAGNOSTIC,    17, -6.377540500425e-01, 1.805117103945e-06, 2.1042e+01, 5.8215e-01, 
 2DIAGNOSTIC,    18, -6.377541256094e-01, 1.660183060075e-06, 2.1591e+01, 5.4883e-01, 
 2DIAGNOSTIC,    19, -6.377541029622e-01, 1.583595690073e-06, 2.2079e+01, 4.8745e-01, 
 2DIAGNOSTIC,    20, -6.377538288715e-01, 1.524042817939e-06, 2.2582e+01, 5.0299e-01, 
 2DIAGNOSTIC,    21, -6.377539679808e-01, 1.480616108926e-06, 2.3146e+01, 5.6427e-01, 
 2DIAGNOSTIC,    22, -6.377541589591e-01, 1.418638309575e-06, 2.3720e+01, 5.7403e-01, 
 2DIAGNOSTIC,    23, -6.377540102313e-01, 1.365201084715e-06, 2.4276e+01, 5.5559e-01, 
 2DIAGNOSTIC,    24, -6.377539180043e-01, 1.302397607449e-06, 2.4778e+01, 5.0238e-01, 
 2DIAGNOSTIC,    25, -6.377540074396e-01, 1.259130336981e-06, 2.5366e+01, 5.8805e-01, 
 2DIAGNOSTIC,    26, -6.377547816539e-01, 1.234098431779e-06, 2.5983e+01, 6.1707e-01, 
 2DIAGNOSTIC,    27, -6.377545538942e-01, 1.196376135548e-06, 2.6575e+01, 5.9218e-01, 
 2DIAGNOSTIC,    28, -6.377547480435e-01, 1.164234170514e-06, 2.7339e+01, 7.6419e-01, 
 2DIAGNOSTIC,    29, -6.377544298132e-01, 1.126707380512e-06, 2.8183e+01, 8.4405e-01, 
 2DIAGNOSTIC,    30, -6.377544065141e-01, 1.084446637573e-06, 2.8854e+01, 6.7079e-01, 
 2DIAGNOSTIC,    31, -6.377543054281e-01, 1.042877550823e-06, 2.9451e+01, 5.9713e-01, 
 2DIAGNOSTIC,    32, -6.377540092179e-01, 1.000892068240e-06, 3.0052e+01, 6.0065e-01, 
DIAGNOSTIC,Iteration,metricValue,convergenceValue,ITERATION_TIME_INDEX,SINCE_LAST
 2DIAGNOSTIC,     1, -5.859260499188e-01, 1.797693134862e+308, 3.9716e+01, 9.6636e+00, 
 2DIAGNOSTIC,     2, -5.861014910582e-01, 1.797693134862e+308, 4.4785e+01, 5.0692e+00, 
 2DIAGNOSTIC,     3, -5.861090507141e-01, 1.797693134862e+308, 4.8918e+01, 4.1329e+00, 
 2DIAGNOSTIC,     4, -5.861087206554e-01, 1.797693134862e+308, 5.4297e+01, 5.3792e+00, 
 2DIAGNOSTIC,     5, -5.861089223453e-01, 1.797693134862e+308, 5.8257e+01, 3.9600e+00, 
 2DIAGNOSTIC,     6, -5.861085323089e-01, 1.797693134862e+308, 6.4298e+01, 6.0409e+00, 
 2DIAGNOSTIC,     7, -5.861087059812e-01, 1.797693134862e+308, 6.9186e+01, 4.8879e+00, 
 2DIAGNOSTIC,     8, -5.861086096652e-01, 1.797693134862e+308, 7.4336e+01, 5.1499e+00, 
 2DIAGNOSTIC,     9, -5.861086233765e-01, 1.797693134862e+308, 7.8465e+01, 4.1289e+00, 
 2DIAGNOSTIC,    10, -5.861085781660e-01, 1.231601158155e-05, 8.2058e+01, 3.5932e+00, 
 2DIAGNOSTIC,    11, -5.861085180763e-01, 3.175300496122e-06, 8.5440e+01, 3.3821e+00, 
 2DIAGNOSTIC,    12, -5.861084339132e-01, 2.610128396405e-06, 8.9768e+01, 4.3280e+00, 
 2DIAGNOSTIC,    13, -5.861084551099e-01, 2.418644411376e-06, 9.3691e+01, 3.9229e+00, 
 2DIAGNOSTIC,    14, -5.861084452314e-01, 2.244970115056e-06, 9.8763e+01, 5.0722e+00, 
 2DIAGNOSTIC,    15, -5.861084594524e-01, 2.104299678354e-06, 1.0316e+02, 4.4000e+00, 
 2DIAGNOSTIC,    16, -5.861083842627e-01, 1.968478832992e-06, 1.0721e+02, 4.0451e+00, 
 2DIAGNOSTIC,    17, -5.861083488108e-01, 1.854560566519e-06, 1.1162e+02, 4.4155e+00, 
 2DIAGNOSTIC,    18, -5.861083620073e-01, 1.752556034920e-06, 1.1599e+02, 4.3676e+00, 
 2DIAGNOSTIC,    19, -5.861083198643e-01, 1.661853588270e-06, 1.1975e+02, 3.7546e+00, 
 2DIAGNOSTIC,    20, -5.861082328438e-01, 1.578212625655e-06, 1.2369e+02, 3.9428e+00, 
 2DIAGNOSTIC,    21, -5.861082460197e-01, 1.502740663309e-06, 1.2765e+02, 3.9650e+00, 
 2DIAGNOSTIC,    22, -5.861082416079e-01, 1.433262586489e-06, 1.3158e+02, 3.9290e+00, 
 2DIAGNOSTIC,    23, -5.861082094019e-01, 1.370740222419e-06, 1.3505e+02, 3.4684e+00, 
 2DIAGNOSTIC,    24, -5.861081889719e-01, 1.313974126615e-06, 1.3885e+02, 3.8003e+00, 
 2DIAGNOSTIC,    25, -5.861082933061e-01, 1.265195359444e-06, 1.4273e+02, 3.8780e+00, 
 2DIAGNOSTIC,    26, -5.861082639897e-01, 1.218839954062e-06, 1.4568e+02, 2.9509e+00, 
 2DIAGNOSTIC,    27, -5.861082630772e-01, 1.175694504724e-06, 1.4935e+02, 3.6667e+00, 
 2DIAGNOSTIC,    28, -5.861082032237e-01, 1.135096680982e-06, 1.5328e+02, 3.9313e+00, 
 2DIAGNOSTIC,    29, -5.861082161690e-01, 1.096968346236e-06, 1.5699e+02, 3.7082e+00, 
 2DIAGNOSTIC,    30, -5.861081805079e-01, 1.059334275029e-06, 1.6042e+02, 3.4309e+00, 
 2DIAGNOSTIC,    31, -5.861081447970e-01, 1.023866598719e-06, 1.6432e+02, 3.8997e+00, 
  Elapsed time (stage 1): 1.7161e+02


Total elapsed time: 3.3390e+02
ALL Done
