
Running for 3-dimensional images.

*********10*********20*********30*********40*********50*********60*********70*********80*********90*********

   AdaptiveNonLocalMeansDenoisingImageFilter (0x3098370)
     RTTI typeinfo:   itk::AdaptiveNonLocalMeansDenoisingImageFilter<itk::Image<float, 3u>, itk::Image<float, 3u>, itk::Image<unsigned char, 3u> >
     Reference Count: 1
     Modified Time: 392
     Debug: Off
     Object Name: 
     Observers: 
       ProgressEvent(Command)
     Inputs: 
       Primary: (0x30972f0) *
       _1: (0)
     Indexed Inputs: 
       0: Primary (0x30972f0)
       1: _1 (0)
     Required Input Names: Primary
     NumberOfRequiredInputs: 1
     Outputs: 
       Primary: (0x3096da0)
     Indexed Outputs: 
       0: Primary (0x3096da0)
     NumberOfRequiredOutputs: 1
     Number Of Work Units: 56
     ReleaseDataFlag: Off
     ReleaseDataBeforeUpdateFlag: Off
     AbortGenerateData: Off
     Progress: 1
     Multithreader: 
       RTTI typeinfo:   itk::PoolMultiThreader
       Reference Count: 1
       Modified Time: 352
       Debug: Off
       Object Name: 
       Observers: 
         none
       Number of Work Units: 52
       Number of Threads: 14
       Global Maximum Number Of Threads: 128
       Global Default Number Of Threads: 14
       Global Default Threader Type: itk::MultiThreaderBaseEnums::Threader::Pool
       SingleMethod: 1
       SingleData: 0x7fffdde33968
     DynamicMultiThreading: Off
     CoordinateTolerance: 1e-06
     DirectionTolerance: 1e-06
Using mean squares to measure the patch similarity.
     Neighborhood search radius = [2, 2, 2]
     Neighborhood patch radius = [1, 1, 1]
     Using Rician noise model.
     Epsilon = 1e-05
     Mean threshold = 0.95
     Variance threshold = 0.5
     Smoothing variance = 2
     Neighborhood radius for local mean and variance = [1, 1, 1]
Elapsed time: 270.909
All_Command_lines_OK
Using double precision for computations.
=============================================================================
The composite transform comprises the following transforms (in order): 
  1. Center of mass alignment using fixed image: /Dedicated/jmichaelson-wdata/msmuhammad/projects/RPOE/3dprint/data/derivatives/pre-freesurfer/../../temp/MNI152_T1_0.5mm.nii.gz and moving image: /Dedicated/jmichaelson-wdata/msmuhammad/projects/RPOE/3dprint/data/derivatives/pre-freesurfer/2E_053/2E_053/2E_053_reorient_RPI_denoise.nii.gz (type = Euler3DTransform)
=============================================================================
  number of levels = 5
  number of levels = 5
  fixed image: /Dedicated/jmichaelson-wdata/msmuhammad/projects/RPOE/3dprint/data/derivatives/pre-freesurfer/../../temp/MNI152_T1_0.5mm.nii.gz
  moving image: /Dedicated/jmichaelson-wdata/msmuhammad/projects/RPOE/3dprint/data/derivatives/pre-freesurfer/2E_053/2E_053/2E_053_reorient_RPI_denoise.nii.gz
  fixed image: /Dedicated/jmichaelson-wdata/msmuhammad/projects/RPOE/3dprint/data/derivatives/pre-freesurfer/../../temp/MNI152_T1_0.5mm.nii.gz
  moving image: /Dedicated/jmichaelson-wdata/msmuhammad/projects/RPOE/3dprint/data/derivatives/pre-freesurfer/2E_053/2E_053/2E_053_reorient_RPI_denoise.nii.gz
Dimension = 3
Number of stages = 2
Use histogram matching = true
Winsorize image intensities = true
  Lower quantile = 0.005
  Upper quantile = 0.995


Stage 1 State
   Image metric = Mattes
     Fixed image = Image (0x355ef10)
  RTTI typeinfo:   itk::Image<double, 3u>
  Reference Count: 2
  Modified Time: 1694
  Debug: Off
  Object Name: 
  Observers: 
    none
  Source: (none)
  Source output name: (none)
  Release Data: Off
  Data Released: False
  Global Release Data: Off
  PipelineMTime: 0
  UpdateMTime: 1477
  RealTimeStamp: 0 seconds 
  LargestPossibleRegion: 
    Dimension: 3
    Index: [0, 0, 0]
    Size: [364, 436, 364]
  BufferedRegion: 
    Dimension: 3
    Index: [0, 0, 0]
    Size: [364, 436, 364]
  RequestedRegion: 
    Dimension: 3
    Index: [0, 0, 0]
    Size: [364, 436, 364]
  Spacing: [0.5, 0.5, 0.5]
  Origin: [-90, 126, -72]
  Direction: 
1 0 0
0 -1 0
0 0 1

  IndexToPointMatrix: 
0.5 0 0
0 -0.5 0
0 0 0.5

  PointToIndexMatrix: 
2 0 0
0 -2 0
0 0 2

  Inverse Direction: 
1 0 0
0 -1 0
0 0 1

  PixelContainer: 
    ImportImageContainer (0x354b9d0)
      RTTI typeinfo:   itk::ImportImageContainer<unsigned long, double>
      Reference Count: 1
      Modified Time: 1474
      Debug: Off
      Object Name: 
      Observers: 
        none
      Pointer: 0x2b8bd7bfa010
      Container manages memory: true
      Size: 57768256
      Capacity: 57768256

     Moving image = Image (0x355eaf0)
  RTTI typeinfo:   itk::Image<double, 3u>
  Reference Count: 2
  Modified Time: 1695
  Debug: Off
  Object Name: 
  Observers: 
    none
  Source: (none)
  Source output name: (none)
  Release Data: Off
  Data Released: False
  Global Release Data: Off
  PipelineMTime: 0
  UpdateMTime: 1692
  RealTimeStamp: 0 seconds 
  LargestPossibleRegion: 
    Dimension: 3
    Index: [0, 0, 0]
    Size: [280, 512, 512]
  BufferedRegion: 
    Dimension: 3
    Index: [0, 0, 0]
    Size: [280, 512, 512]
  RequestedRegion: 
    Dimension: 3
    Index: [0, 0, 0]
    Size: [280, 512, 512]
  Spacing: [0.599998, 0.4688, 0.4688]
  Origin: [-85.5746, 79.1662, -150.416]
  Direction: 
1 0 0
0 -1 0
0 0 1

  IndexToPointMatrix: 
0.599998 0 0
0 -0.4688 0
0 0 0.4688

  PointToIndexMatrix: 
1.66667 0 0
0 -2.13311 0
0 0 2.13311

  Inverse Direction: 
1 0 0
0 -1 0
0 0 1

  PixelContainer: 
    ImportImageContainer (0x3562190)
      RTTI typeinfo:   itk::ImportImageContainer<unsigned long, double>
      Reference Count: 1
      Modified Time: 1689
      Debug: Off
      Object Name: 
      Observers: 
        none
      Pointer: 0x2b8bf34b7010
      Container manages memory: true
      Size: 73400320
      Capacity: 73400320

     Weighting = 1
     Sampling strategy = regular
     Number of bins = 32
     Radius = 4
     Sampling percentage  = 0.25
   Transform = Rigid
     Gradient step = 0.1
     Update field sigma (voxel space) = 0
     Total field sigma (voxel space) = 0
     Update field time sigma = 0
     Total field time sigma  = 0
     Number of time indices = 0
     Number of time point samples = 0
Stage 2 State
   Image metric = Mattes
     Fixed image = Image (0x356e4a0)
  RTTI typeinfo:   itk::Image<double, 3u>
  Reference Count: 2
  Modified Time: 2126
  Debug: Off
  Object Name: 
  Observers: 
    none
  Source: (none)
  Source output name: (none)
  Release Data: Off
  Data Released: False
  Global Release Data: Off
  PipelineMTime: 0
  UpdateMTime: 1909
  RealTimeStamp: 0 seconds 
  LargestPossibleRegion: 
    Dimension: 3
    Index: [0, 0, 0]
    Size: [364, 436, 364]
  BufferedRegion: 
    Dimension: 3
    Index: [0, 0, 0]
    Size: [364, 436, 364]
  RequestedRegion: 
    Dimension: 3
    Index: [0, 0, 0]
    Size: [364, 436, 364]
  Spacing: [0.5, 0.5, 0.5]
  Origin: [-90, 126, -72]
  Direction: 
1 0 0
0 -1 0
0 0 1

  IndexToPointMatrix: 
0.5 0 0
0 -0.5 0
0 0 0.5

  PointToIndexMatrix: 
2 0 0
0 -2 0
0 0 2

  Inverse Direction: 
1 0 0
0 -1 0
0 0 1

  PixelContainer: 
    ImportImageContainer (0x356e760)
      RTTI typeinfo:   itk::ImportImageContainer<unsigned long, double>
      Reference Count: 1
      Modified Time: 1906
      Debug: Off
      Object Name: 
      Observers: 
        none
      Pointer: 0x2b8c164b8010
      Container manages memory: true
      Size: 57768256
      Capacity: 57768256

     Moving image = Image (0x35585b0)
  RTTI typeinfo:   itk::Image<double, 3u>
  Reference Count: 2
  Modified Time: 2127
  Debug: Off
  Object Name: 
  Observers: 
    none
  Source: (none)
  Source output name: (none)
  Release Data: Off
  Data Released: False
  Global Release Data: Off
  PipelineMTime: 0
  UpdateMTime: 2124
  RealTimeStamp: 0 seconds 
  LargestPossibleRegion: 
    Dimension: 3
    Index: [0, 0, 0]
    Size: [280, 512, 512]
  BufferedRegion: 
    Dimension: 3
    Index: [0, 0, 0]
    Size: [280, 512, 512]
  RequestedRegion: 
    Dimension: 3
    Index: [0, 0, 0]
    Size: [280, 512, 512]
  Spacing: [0.599998, 0.4688, 0.4688]
  Origin: [-85.5746, 79.1662, -150.416]
  Direction: 
1 0 0
0 -1 0
0 0 1

  IndexToPointMatrix: 
0.599998 0 0
0 -0.4688 0
0 0 0.4688

  PointToIndexMatrix: 
1.66667 0 0
0 -2.13311 0
0 0 2.13311

  Inverse Direction: 
1 0 0
0 -1 0
0 0 1

  PixelContainer: 
    ImportImageContainer (0x355dc90)
      RTTI typeinfo:   itk::ImportImageContainer<unsigned long, double>
      Reference Count: 1
      Modified Time: 2121
      Debug: Off
      Object Name: 
      Observers: 
        none
      Pointer: 0x2b8c31d75010
      Container manages memory: true
      Size: 73400320
      Capacity: 73400320

     Weighting = 1
     Sampling strategy = regular
     Number of bins = 32
     Radius = 4
     Sampling percentage  = 0.25
   Transform = Affine
     Gradient step = 0.1
     Update field sigma (voxel space) = 0
     Total field sigma (voxel space) = 0
     Update field time sigma = 0
     Total field time sigma  = 0
     Number of time indices = 0
     Number of time point samples = 0
Registration using 2 total stages.

Stage 0
  iterations = 2000x2000x2000x2000x2000
  convergence threshold = 1e-06
  convergence window size = 10
  number of levels = 5
  using the Mattes MI metric (number of bins = 32, weight = 1, use gradient filter = 0)
  preprocessing:  winsorizing the image intensities
  preprocessing:  histogram matching the images
  Shrink factors (level 1 out of 5): [8, 8, 8]
  Shrink factors (level 2 out of 5): [8, 8, 8]
  Shrink factors (level 3 out of 5): [4, 4, 4]
  Shrink factors (level 4 out of 5): [2, 2, 2]
  Shrink factors (level 5 out of 5): [1, 1, 1]
  smoothing sigmas per level: [4, 3, 2, 1, 0]
  regular sampling (percentage = 0.25)

*** Running Euler3DTransform registration ***

DIAGNOSTIC,Iteration,metricValue,convergenceValue,ITERATION_TIME_INDEX,SINCE_LAST
 2DIAGNOSTIC,     1, -5.221463406559e-01, 1.797693134862e+308, 1.3630e+00, 1.3630e+00, 
 2DIAGNOSTIC,     2, -5.248395998368e-01, 1.797693134862e+308, 1.3741e+00, 1.1064e-02, 
 2DIAGNOSTIC,     3, -5.289881141020e-01, 1.797693134862e+308, 1.3844e+00, 1.0300e-02, 
 2DIAGNOSTIC,     4, -5.359978028094e-01, 1.797693134862e+308, 1.3940e+00, 9.6560e-03, 
 2DIAGNOSTIC,     5, -5.459230774376e-01, 1.797693134862e+308, 1.4044e+00, 1.0360e-02, 
 2DIAGNOSTIC,     6, -5.607121148915e-01, 1.797693134862e+308, 1.4155e+00, 1.1135e-02, 
 2DIAGNOSTIC,     7, -5.817023021246e-01, 1.797693134862e+308, 1.4272e+00, 1.1644e-02, 
 2DIAGNOSTIC,     8, -5.987417183434e-01, 1.797693134862e+308, 1.4419e+00, 1.4705e-02, 
 2DIAGNOSTIC,     9, -6.034009634986e-01, 1.797693134862e+308, 1.4549e+00, 1.3045e-02, 
 2DIAGNOSTIC,    10, -6.048937838566e-01, 1.136356266566e-02, 1.4689e+00, 1.4024e-02, 
 2DIAGNOSTIC,    11, -6.171662662176e-01, 1.069138225178e-02, 1.4838e+00, 1.4873e-02, 
 2DIAGNOSTIC,    12, -6.240143532832e-01, 9.551025077278e-03, 1.5010e+00, 1.7191e-02, 
 2DIAGNOSTIC,    13, -6.269971729121e-01, 8.003774613765e-03, 1.5129e+00, 1.1868e-02, 
 2DIAGNOSTIC,    14, -6.276730806363e-01, 6.252974832793e-03, 1.5229e+00, 1.0004e-02, 
 2DIAGNOSTIC,    15, -6.288588293627e-01, 4.552294731894e-03, 1.5321e+00, 9.2530e-03, 
 2DIAGNOSTIC,    16, -6.320595067406e-01, 3.193774589231e-03, 1.5450e+00, 1.2902e-02, 
 2DIAGNOSTIC,    17, -6.326378527561e-01, 2.309299885146e-03, 1.5548e+00, 9.7742e-03, 
 2DIAGNOSTIC,    18, -6.330700654044e-01, 1.786203863730e-03, 1.5640e+00, 9.2010e-03, 
 2DIAGNOSTIC,    19, -6.333750795735e-01, 1.288393438180e-03, 1.5735e+00, 9.4481e-03, 
 2DIAGNOSTIC,    20, -6.343002035084e-01, 7.761850040514e-04, 1.5819e+00, 8.4069e-03, 
 2DIAGNOSTIC,    21, -6.360502101863e-01, 5.567236247704e-04, 1.5929e+00, 1.1072e-02, 
 2DIAGNOSTIC,    22, -6.365769717590e-01, 4.634303398103e-04, 1.6031e+00, 1.0145e-02, 
 2DIAGNOSTIC,    23, -6.367820818199e-01, 4.024454933742e-04, 1.6125e+00, 9.4328e-03, 
 2DIAGNOSTIC,    24, -6.371388773019e-01, 3.303021439062e-04, 1.6240e+00, 1.1527e-02, 
 2DIAGNOSTIC,    25, -6.374593209695e-01, 2.599317131668e-04, 1.6344e+00, 1.0370e-02, 
 2DIAGNOSTIC,    26, -6.375912720621e-01, 2.304794312544e-04, 1.6495e+00, 1.5044e-02, 
 2DIAGNOSTIC,    27, -6.373827788172e-01, 1.881390624552e-04, 1.6603e+00, 1.0865e-02, 
 2DIAGNOSTIC,    28, -6.373709423517e-01, 1.390272756840e-04, 1.6695e+00, 9.2039e-03, 
 2DIAGNOSTIC,    29, -6.374381649890e-01, 8.639308349698e-05, 1.6778e+00, 8.2691e-03, 
 2DIAGNOSTIC,    30, -6.376012145747e-01, 4.548560826743e-05, 1.6854e+00, 7.5610e-03, 
 2DIAGNOSTIC,    31, -6.377255139824e-01, 3.111510024510e-05, 1.6925e+00, 7.1349e-03, 
 2DIAGNOSTIC,    32, -6.379130927492e-01, 2.531752887154e-05, 1.7010e+00, 8.5459e-03, 
 2DIAGNOSTIC,    33, -6.379883819965e-01, 2.146894821508e-05, 1.7112e+00, 1.0194e-02, 
 2DIAGNOSTIC,    34, -6.383190536693e-01, 2.515528407410e-05, 1.7224e+00, 1.1197e-02, 
 2DIAGNOSTIC,    35, -6.383361104568e-01, 3.059268023618e-05, 1.7346e+00, 1.2173e-02, 
 2DIAGNOSTIC,    36, -6.382825944967e-01, 3.401469553839e-05, 1.7589e+00, 2.4282e-02, 
 2DIAGNOSTIC,    37, -6.382841468915e-01, 3.159904177553e-05, 1.7751e+00, 1.6225e-02, 
 2DIAGNOSTIC,    38, -6.382952477374e-01, 2.636581068346e-05, 1.7851e+00, 1.0042e-02, 
 2DIAGNOSTIC,    39, -6.382590371580e-01, 1.926482247499e-05, 1.7939e+00, 8.7421e-03, 
 2DIAGNOSTIC,    40, -6.382373909180e-01, 1.240444031997e-05, 1.8065e+00, 1.2639e-02, 
 2DIAGNOSTIC,    41, -6.381649377880e-01, 5.392684720863e-06, 1.8188e+00, 1.2317e-02, 
DIAGNOSTIC,Iteration,metricValue,convergenceValue,ITERATION_TIME_INDEX,SINCE_LAST
 2DIAGNOSTIC,     1, -6.102749259145e-01, 1.797693134862e+308, 3.2097e+00, 1.3909e+00, 
 2DIAGNOSTIC,     2, -6.102724538791e-01, 1.797693134862e+308, 3.2192e+00, 9.4829e-03, 
 2DIAGNOSTIC,     3, -6.102423243371e-01, 1.797693134862e+308, 3.2292e+00, 9.9680e-03, 
 2DIAGNOSTIC,     4, -6.103472952100e-01, 1.797693134862e+308, 3.2389e+00, 9.7480e-03, 
 2DIAGNOSTIC,     5, -6.104973804707e-01, 1.797693134862e+308, 3.2498e+00, 1.0939e-02, 
 2DIAGNOSTIC,     6, -6.105188023966e-01, 1.797693134862e+308, 3.2609e+00, 1.1101e-02, 
 2DIAGNOSTIC,     7, -6.104338949869e-01, 1.797693134862e+308, 3.2802e+00, 1.9215e-02, 
 2DIAGNOSTIC,     8, -6.104501866372e-01, 1.797693134862e+308, 3.2898e+00, 9.6581e-03, 
 2DIAGNOSTIC,     9, -6.104008734230e-01, 1.797693134862e+308, 3.3022e+00, 1.2367e-02, 
 2DIAGNOSTIC,    10, -6.103967180194e-01, 2.291947374237e-05, 3.3129e+00, 1.0710e-02, 
 2DIAGNOSTIC,    11, -6.104308947637e-01, 1.537373553594e-05, 3.3223e+00, 9.3760e-03, 
 2DIAGNOSTIC,    12, -6.103634375912e-01, 5.409965886258e-06, 3.3326e+00, 1.0362e-02, 
DIAGNOSTIC,Iteration,metricValue,convergenceValue,ITERATION_TIME_INDEX,SINCE_LAST
 2DIAGNOSTIC,     1, -5.692744245353e-01, 1.797693134862e+308, 4.9311e+00, 1.5984e+00, 
 2DIAGNOSTIC,     2, -5.696102451073e-01, 1.797693134862e+308, 5.0106e+00, 7.9506e-02, 
 2DIAGNOSTIC,     3, -5.698602441800e-01, 1.797693134862e+308, 5.0923e+00, 8.1722e-02, 
 2DIAGNOSTIC,     4, -5.701877133329e-01, 1.797693134862e+308, 5.1906e+00, 9.8330e-02, 
 2DIAGNOSTIC,     5, -5.702453808684e-01, 1.797693134862e+308, 5.2731e+00, 8.2482e-02, 
 2DIAGNOSTIC,     6, -5.702344687795e-01, 1.797693134862e+308, 5.3537e+00, 8.0587e-02, 
 2DIAGNOSTIC,     7, -5.702252678715e-01, 1.797693134862e+308, 5.4598e+00, 1.0616e-01, 
 2DIAGNOSTIC,     8, -5.702232257451e-01, 1.797693134862e+308, 5.5375e+00, 7.7652e-02, 
 2DIAGNOSTIC,     9, -5.702162259758e-01, 1.797693134862e+308, 5.6219e+00, 8.4383e-02, 
 2DIAGNOSTIC,    10, -5.702182539737e-01, 9.012613868319e-05, 5.6985e+00, 7.6573e-02, 
 2DIAGNOSTIC,    11, -5.702121347272e-01, 4.471755986270e-05, 5.7765e+00, 7.8071e-02, 
 2DIAGNOSTIC,    12, -5.702136021869e-01, 1.705951736372e-05, 5.8547e+00, 7.8213e-02, 
 2DIAGNOSTIC,    13, -5.702132482791e-01, 1.590813677302e-06, 5.9522e+00, 9.7451e-02, 
DIAGNOSTIC,Iteration,metricValue,convergenceValue,ITERATION_TIME_INDEX,SINCE_LAST
 2DIAGNOSTIC,     1, -5.184560053620e-01, 1.797693134862e+308, 8.7325e+00, 2.7803e+00, 
 2DIAGNOSTIC,     2, -5.187318846858e-01, 1.797693134862e+308, 9.2381e+00, 5.0561e-01, 
 2DIAGNOSTIC,     3, -5.189482042052e-01, 1.797693134862e+308, 9.7993e+00, 5.6121e-01, 
 2DIAGNOSTIC,     4, -5.190748674215e-01, 1.797693134862e+308, 1.0317e+01, 5.1759e-01, 
 2DIAGNOSTIC,     5, -5.192940388199e-01, 1.797693134862e+308, 1.1448e+01, 1.1310e+00, 
 2DIAGNOSTIC,     6, -5.192959264725e-01, 1.797693134862e+308, 1.2506e+01, 1.0581e+00, 
 2DIAGNOSTIC,     7, -5.192955140450e-01, 1.797693134862e+308, 1.3114e+01, 6.0772e-01, 
 2DIAGNOSTIC,     8, -5.192951452757e-01, 1.797693134862e+308, 1.3738e+01, 6.2415e-01, 
 2DIAGNOSTIC,     9, -5.192946985876e-01, 1.797693134862e+308, 1.4289e+01, 5.5125e-01, 
 2DIAGNOSTIC,    10, -5.192944762947e-01, 9.500095949544e-05, 1.4913e+01, 6.2392e-01, 
 2DIAGNOSTIC,    11, -5.192945713452e-01, 5.365969525196e-05, 1.5520e+01, 6.0643e-01, 
 2DIAGNOSTIC,    12, -5.192941944162e-01, 2.717738810655e-05, 1.6039e+01, 5.1971e-01, 
 2DIAGNOSTIC,    13, -5.192938487487e-01, 1.161159108976e-05, 1.6578e+01, 5.3893e-01, 
 2DIAGNOSTIC,    14, -5.192933411212e-01, 2.126350323609e-06, 1.7317e+01, 7.3917e-01, 
 2DIAGNOSTIC,    15, -5.192934287666e-01, 1.919522938348e-06, 1.7952e+01, 6.3447e-01, 
 2DIAGNOSTIC,    16, -5.192929721777e-01, 1.805550085485e-06, 1.8517e+01, 5.6518e-01, 
 2DIAGNOSTIC,    17, -5.192908992574e-01, 1.642284286743e-06, 1.9084e+01, 5.6660e-01, 
 2DIAGNOSTIC,    18, -5.192910143046e-01, 1.512941766174e-06, 1.9676e+01, 5.9280e-01, 
 2DIAGNOSTIC,    19, -5.192910035801e-01, 1.406920526713e-06, 2.0285e+01, 6.0824e-01, 
 2DIAGNOSTIC,    20, -5.192899964610e-01, 1.301549879831e-06, 2.0807e+01, 5.2237e-01, 
 2DIAGNOSTIC,    21, -5.192895671267e-01, 1.225596856523e-06, 2.1337e+01, 5.2988e-01, 
 2DIAGNOSTIC,    22, -5.192896915065e-01, 1.178319943056e-06, 2.1924e+01, 5.8683e-01, 
 2DIAGNOSTIC,    23, -5.192898624066e-01, 1.155789656447e-06, 2.2473e+01, 5.4930e-01, 
 2DIAGNOSTIC,    24, -5.192890308443e-01, 1.124806587906e-06, 2.3048e+01, 5.7468e-01, 
 2DIAGNOSTIC,    25, -5.192892573117e-01, 1.122834941858e-06, 2.3605e+01, 5.5701e-01, 
 2DIAGNOSTIC,    26, -5.192884098647e-01, 1.108856678388e-06, 2.4137e+01, 5.3213e-01, 
 2DIAGNOSTIC,    27, -5.192888077239e-01, 1.072611494263e-06, 2.4656e+01, 5.1873e-01, 
 2DIAGNOSTIC,    28, -5.192894992553e-01, 1.063969515658e-06, 2.5271e+01, 6.1506e-01, 
 2DIAGNOSTIC,    29, -5.192900597091e-01, 1.073300967970e-06, 2.5809e+01, 5.3794e-01, 
 2DIAGNOSTIC,    30, -5.192894423054e-01, 1.054940315354e-06, 2.6515e+01, 7.0658e-01, 
 2DIAGNOSTIC,    31, -5.192888852995e-01, 1.021445977446e-06, 2.7123e+01, 6.0772e-01, 
DIAGNOSTIC,Iteration,metricValue,convergenceValue,ITERATION_TIME_INDEX,SINCE_LAST
 2DIAGNOSTIC,     1, -4.778193855057e-01, 1.797693134862e+308, 3.6551e+01, 9.4279e+00, 
 2DIAGNOSTIC,     2, -4.778868843201e-01, 1.797693134862e+308, 4.0179e+01, 3.6278e+00, 
 2DIAGNOSTIC,     3, -4.778930844875e-01, 1.797693134862e+308, 4.5663e+01, 5.4846e+00, 
 2DIAGNOSTIC,     4, -4.778942017978e-01, 1.797693134862e+308, 4.9507e+01, 3.8438e+00, 
 2DIAGNOSTIC,     5, -4.778930070391e-01, 1.797693134862e+308, 5.3442e+01, 3.9348e+00, 
 2DIAGNOSTIC,     6, -4.778916337126e-01, 1.797693134862e+308, 5.7334e+01, 3.8919e+00, 
 2DIAGNOSTIC,     7, -4.778918587022e-01, 1.797693134862e+308, 6.2411e+01, 5.0771e+00, 
 2DIAGNOSTIC,     8, -4.778915974253e-01, 1.797693134862e+308, 6.6074e+01, 3.6634e+00, 
 2DIAGNOSTIC,     9, -4.778911025139e-01, 1.797693134862e+308, 6.9729e+01, 3.6548e+00, 
 2DIAGNOSTIC,    10, -4.778910691663e-01, 7.522749834871e-06, 7.3511e+01, 3.7824e+00, 
 2DIAGNOSTIC,    11, -4.778909923808e-01, 2.867542570062e-06, 7.7207e+01, 3.6954e+00, 
 2DIAGNOSTIC,    12, -4.778911813954e-01, 2.335723754215e-06, 8.0891e+01, 3.6846e+00, 
 2DIAGNOSTIC,    13, -4.778911078968e-01, 2.191245070352e-06, 8.4675e+01, 3.7842e+00, 
 2DIAGNOSTIC,    14, -4.778911280381e-01, 2.140392840549e-06, 8.9301e+01, 4.6258e+00, 
 2DIAGNOSTIC,    15, -4.778910979184e-01, 2.061458369035e-06, 9.2825e+01, 3.5236e+00, 
 2DIAGNOSTIC,    16, -4.778911040817e-01, 1.946369698635e-06, 9.6224e+01, 3.3991e+00, 
 2DIAGNOSTIC,    17, -4.778908002141e-01, 1.845842544805e-06, 9.9461e+01, 3.2374e+00, 
 2DIAGNOSTIC,    18, -4.778907808876e-01, 1.750257960460e-06, 1.0308e+02, 3.6147e+00, 
 2DIAGNOSTIC,    19, -4.778907559407e-01, 1.650040608314e-06, 1.0754e+02, 4.4613e+00, 
 2DIAGNOSTIC,    20, -4.778905414636e-01, 1.554699486511e-06, 1.1176e+02, 4.2182e+00, 
 2DIAGNOSTIC,    21, -4.778904433607e-01, 1.466841097822e-06, 1.1546e+02, 3.7072e+00, 
 2DIAGNOSTIC,    22, -4.778903813136e-01, 1.395062202807e-06, 1.1921e+02, 3.7501e+00, 
 2DIAGNOSTIC,    23, -4.778903362738e-01, 1.331161303318e-06, 1.2260e+02, 3.3920e+00, 
 2DIAGNOSTIC,    24, -4.778903146716e-01, 1.277319533519e-06, 1.2582e+02, 3.2197e+00, 
 2DIAGNOSTIC,    25, -4.778903851709e-01, 1.233238289530e-06, 1.2990e+02, 4.0756e+00, 
 2DIAGNOSTIC,    26, -4.778903776332e-01, 1.196377518983e-06, 1.3344e+02, 3.5440e+00, 
 2DIAGNOSTIC,    27, -4.778903581062e-01, 1.157654348230e-06, 1.3725e+02, 3.8042e+00, 
 2DIAGNOSTIC,    28, -4.778902634307e-01, 1.121192456273e-06, 1.4107e+02, 3.8237e+00, 
 2DIAGNOSTIC,    29, -4.778901767953e-01, 1.086497159838e-06, 1.4507e+02, 3.9992e+00, 
 2DIAGNOSTIC,    30, -4.778901608394e-01, 1.050555422835e-06, 1.4876e+02, 3.6857e+00, 
 2DIAGNOSTIC,    31, -4.778901023221e-01, 1.014828417682e-06, 1.5217e+02, 3.4087e+00, 
  Elapsed time (stage 0): 1.5886e+02


Stage 1
  iterations = 1000x1000x1000x1000x1000
  convergence threshold = 1.0000e-06
  convergence window size = 10
  number of levels = 5
  using the Mattes MI metric (number of bins = 32, weight = 1.0000e+00, use gradient filter = 0)
  preprocessing:  winsorizing the image intensities
  preprocessing:  histogram matching the images
  Shrink factors (level 1 out of 5): [8, 8, 8]
  Shrink factors (level 2 out of 5): [8, 8, 8]
  Shrink factors (level 3 out of 5): [4, 4, 4]
  Shrink factors (level 4 out of 5): [2, 2, 2]
  Shrink factors (level 5 out of 5): [1, 1, 1]
  smoothing sigmas per level: [4, 3, 2, 1, 0]
  regular sampling (percentage = 2.5000e-01)

*** Running AffineTransform registration ***

DIAGNOSTIC,Iteration,metricValue,convergenceValue,ITERATION_TIME_INDEX,SINCE_LAST
 2DIAGNOSTIC,     1, -6.361726347048e-01, 1.797693134862e+308, 1.3837e+00, 1.3837e+00, 
 2DIAGNOSTIC,     2, -6.368646920923e-01, 1.797693134862e+308, 1.3951e+00, 1.1432e-02, 
 2DIAGNOSTIC,     3, -6.380320303234e-01, 1.797693134862e+308, 1.4091e+00, 1.3922e-02, 
 2DIAGNOSTIC,     4, -6.396191847169e-01, 1.797693134862e+308, 1.4215e+00, 1.2385e-02, 
 2DIAGNOSTIC,     5, -6.418054867950e-01, 1.797693134862e+308, 1.4313e+00, 9.8498e-03, 
 2DIAGNOSTIC,     6, -6.451348299478e-01, 1.797693134862e+308, 1.4410e+00, 9.6889e-03, 
 2DIAGNOSTIC,     7, -6.502842480463e-01, 1.797693134862e+308, 1.4511e+00, 1.0101e-02, 
 2DIAGNOSTIC,     8, -6.560499427548e-01, 1.797693134862e+308, 1.4657e+00, 1.4626e-02, 
 2DIAGNOSTIC,     9, -6.586524656818e-01, 1.797693134862e+308, 1.4745e+00, 8.8151e-03, 
 2DIAGNOSTIC,    10, -6.601876097987e-01, 2.695792760892e-03, 1.4840e+00, 9.4700e-03, 
 2DIAGNOSTIC,    11, -6.659327661780e-01, 2.765262879530e-03, 1.4952e+00, 1.1204e-02, 
 2DIAGNOSTIC,    12, -6.910627952059e-01, 3.498553716666e-03, 1.5087e+00, 1.3467e-02, 
 2DIAGNOSTIC,    13, -6.980689134751e-01, 4.044287816174e-03, 1.5187e+00, 1.0067e-02, 
 2DIAGNOSTIC,    14, -7.000941537921e-01, 4.258151541113e-03, 1.5305e+00, 1.1758e-02, 
 2DIAGNOSTIC,    15, -7.024837500599e-01, 4.197631611538e-03, 1.5412e+00, 1.0687e-02, 
 2DIAGNOSTIC,    16, -7.044291993263e-01, 3.897932042704e-03, 1.5561e+00, 1.4899e-02, 
 2DIAGNOSTIC,    17, -7.047260894158e-01, 3.400248569299e-03, 1.5656e+00, 9.4669e-03, 
 2DIAGNOSTIC,    18, -7.052859656711e-01, 2.794131825511e-03, 1.5744e+00, 8.8952e-03, 
 2DIAGNOSTIC,    19, -7.062555405344e-01, 2.085231082389e-03, 1.5827e+00, 8.2631e-03, 
 2DIAGNOSTIC,    20, -7.070550132350e-01, 1.310793035469e-03, 1.5909e+00, 8.2262e-03, 
 2DIAGNOSTIC,    21, -7.081763190212e-01, 6.168664462804e-04, 1.6007e+00, 9.7721e-03, 
 2DIAGNOSTIC,    22, -7.102433014511e-01, 4.486544250061e-04, 1.6131e+00, 1.2364e-02, 
 2DIAGNOSTIC,    23, -7.107096762265e-01, 3.895593263106e-04, 1.6244e+00, 1.1333e-02, 
 2DIAGNOSTIC,    24, -7.118098361983e-01, 3.532691337350e-04, 1.6397e+00, 1.5296e-02, 
 2DIAGNOSTIC,    25, -7.132125070242e-01, 3.494602198205e-04, 1.6508e+00, 1.1082e-02, 
 2DIAGNOSTIC,    26, -7.134595844166e-01, 3.478861751900e-04, 1.6616e+00, 1.0769e-02, 
 2DIAGNOSTIC,    27, -7.139263704842e-01, 3.255439135059e-04, 1.6716e+00, 1.0059e-02, 
 2DIAGNOSTIC,    28, -7.145891888707e-01, 2.923637149904e-04, 1.6830e+00, 1.1384e-02, 
 2DIAGNOSTIC,    29, -7.146174870039e-01, 2.482437474512e-04, 1.6926e+00, 9.6390e-03, 
 2DIAGNOSTIC,    30, -7.146794396673e-01, 1.955701691779e-04, 1.7033e+00, 1.0650e-02, 
 2DIAGNOSTIC,    31, -7.148918978396e-01, 1.453538536684e-04, 1.7145e+00, 1.1198e-02, 
 2DIAGNOSTIC,    32, -7.151083852520e-01, 1.143246245339e-04, 1.7264e+00, 1.1929e-02, 
 2DIAGNOSTIC,    33, -7.151546448768e-01, 8.060019576069e-05, 1.7376e+00, 1.1165e-02, 
 2DIAGNOSTIC,    34, -7.153536308555e-01, 5.680073510968e-05, 1.7475e+00, 9.9490e-03, 
 2DIAGNOSTIC,    35, -7.168775373468e-01, 6.361774314845e-05, 1.7590e+00, 1.1504e-02, 
 2DIAGNOSTIC,    36, -7.174011823453e-01, 7.232319923982e-05, 1.7725e+00, 1.3475e-02, 
 2DIAGNOSTIC,    37, -7.173221417105e-01, 7.788510769048e-05, 1.7800e+00, 7.4570e-03, 
 2DIAGNOSTIC,    38, -7.178426071199e-01, 8.897389296848e-05, 1.7876e+00, 7.6070e-03, 
 2DIAGNOSTIC,    39, -7.180041184741e-01, 9.295119367295e-05, 1.7971e+00, 9.5680e-03, 
 2DIAGNOSTIC,    40, -7.182078283520e-01, 9.035209871225e-05, 1.8086e+00, 1.1467e-02, 
 2DIAGNOSTIC,    41, -7.182445025137e-01, 8.171538433674e-05, 1.8192e+00, 1.0575e-02, 
 2DIAGNOSTIC,    42, -7.182418345259e-01, 6.813369287527e-05, 1.8290e+00, 9.8109e-03, 
 2DIAGNOSTIC,    43, -7.182762762872e-01, 4.969388081378e-05, 1.8386e+00, 9.6309e-03, 
 2DIAGNOSTIC,    44, -7.184739875703e-01, 3.071469385068e-05, 1.8527e+00, 1.4045e-02, 
 2DIAGNOSTIC,    45, -7.185675212026e-01, 2.425991736930e-05, 1.8627e+00, 9.9928e-03, 
 2DIAGNOSTIC,    46, -7.185479003900e-01, 2.040338270240e-05, 1.8715e+00, 8.8389e-03, 
 2DIAGNOSTIC,    47, -7.186056343233e-01, 1.460425547675e-05, 1.8809e+00, 9.3930e-03, 
 2DIAGNOSTIC,    48, -7.186198627414e-01, 1.223327055212e-05, 1.8893e+00, 8.3771e-03, 
 2DIAGNOSTIC,    49, -7.185841396461e-01, 9.823784636931e-06, 1.8994e+00, 1.0139e-02, 
 2DIAGNOSTIC,    50, -7.185163876397e-01, 7.737600639036e-06, 1.9097e+00, 1.0336e-02, 
 2DIAGNOSTIC,    51, -7.184854896312e-01, 5.144331487624e-06, 1.9192e+00, 9.4621e-03, 
 2DIAGNOSTIC,    52, -7.184746952919e-01, 2.127922824710e-06, 1.9284e+00, 9.1691e-03, 
DIAGNOSTIC,Iteration,metricValue,convergenceValue,ITERATION_TIME_INDEX,SINCE_LAST
 2DIAGNOSTIC,     1, -6.835982203902e-01, 1.797693134862e+308, 3.2868e+00, 1.3585e+00, 
 2DIAGNOSTIC,     2, -6.841652616193e-01, 1.797693134862e+308, 3.3155e+00, 2.8679e-02, 
 2DIAGNOSTIC,     3, -6.845061371368e-01, 1.797693134862e+308, 3.3429e+00, 2.7426e-02, 
 2DIAGNOSTIC,     4, -6.847460202531e-01, 1.797693134862e+308, 3.3614e+00, 1.8451e-02, 
 2DIAGNOSTIC,     5, -6.851221757083e-01, 1.797693134862e+308, 3.3742e+00, 1.2785e-02, 
 2DIAGNOSTIC,     6, -6.857053723618e-01, 1.797693134862e+308, 3.3974e+00, 2.3205e-02, 
 2DIAGNOSTIC,     7, -6.857535845674e-01, 1.797693134862e+308, 3.4239e+00, 2.6547e-02, 
 2DIAGNOSTIC,     8, -6.858579700613e-01, 1.797693134862e+308, 3.4414e+00, 1.7428e-02, 
 2DIAGNOSTIC,     9, -6.858608441508e-01, 1.797693134862e+308, 3.4562e+00, 1.4885e-02, 
 2DIAGNOSTIC,    10, -6.858321498953e-01, 2.201860463272e-04, 3.4691e+00, 1.2886e-02, 
 2DIAGNOSTIC,    11, -6.859250662231e-01, 1.557023910394e-04, 3.4791e+00, 1.0004e-02, 
 2DIAGNOSTIC,    12, -6.859284393035e-01, 1.077460692463e-04, 3.4893e+00, 1.0138e-02, 
 2DIAGNOSTIC,    13, -6.859312881220e-01, 6.883566218691e-05, 3.4994e+00, 1.0126e-02, 
 2DIAGNOSTIC,    14, -6.859721901995e-01, 3.772200972861e-05, 3.5112e+00, 1.1770e-02, 
 2DIAGNOSTIC,    15, -6.859850495558e-01, 1.785275511990e-05, 3.5238e+00, 1.2648e-02, 
 2DIAGNOSTIC,    16, -6.859680402046e-01, 1.366403763663e-05, 3.5360e+00, 1.2207e-02, 
 2DIAGNOSTIC,    17, -6.859326625783e-01, 9.145005408988e-06, 3.5468e+00, 1.0831e-02, 
 2DIAGNOSTIC,    18, -6.859256867759e-01, 6.743855137978e-06, 3.5591e+00, 1.2234e-02, 
 2DIAGNOSTIC,    19, -6.859665954382e-01, 5.106165606381e-06, 3.5706e+00, 1.1487e-02, 
 2DIAGNOSTIC,    20, -6.859910480399e-01, 3.127859095113e-06, 3.5799e+00, 9.3780e-03, 
 2DIAGNOSTIC,    21, -6.859609842267e-01, 2.448748064543e-06, 3.5898e+00, 9.8419e-03, 
 2DIAGNOSTIC,    22, -6.859691196037e-01, 2.020106945264e-06, 3.6017e+00, 1.1934e-02, 
 2DIAGNOSTIC,    23, -6.860422487329e-01, 2.919315438138e-06, 3.6167e+00, 1.4992e-02, 
 2DIAGNOSTIC,    24, -6.861788614265e-01, 6.589722767285e-06, 3.6303e+00, 1.3624e-02, 
 2DIAGNOSTIC,    25, -6.861446537963e-01, 9.061752206892e-06, 3.6424e+00, 1.2102e-02, 
 2DIAGNOSTIC,    26, -6.861695203165e-01, 1.082864056607e-05, 3.6528e+00, 1.0311e-02, 
 2DIAGNOSTIC,    27, -6.861703797104e-01, 1.105911853308e-05, 3.6647e+00, 1.1932e-02, 
 2DIAGNOSTIC,    28, -6.862015852765e-01, 1.064909453970e-05, 3.6743e+00, 9.6171e-03, 
 2DIAGNOSTIC,    29, -6.862517926662e-01, 1.061608956834e-05, 3.6833e+00, 8.9970e-03, 
 2DIAGNOSTIC,    30, -6.863493439785e-01, 1.138559427730e-05, 3.7034e+00, 2.0086e-02, 
 2DIAGNOSTIC,    31, -6.864663373965e-01, 1.230229978896e-05, 3.7213e+00, 1.7942e-02, 
 2DIAGNOSTIC,    32, -6.865335258741e-01, 1.303521060986e-05, 3.7329e+00, 1.1605e-02, 
 2DIAGNOSTIC,    33, -6.867258238878e-01, 1.586990599897e-05, 3.7472e+00, 1.4274e-02, 
 2DIAGNOSTIC,    34, -6.868584452094e-01, 2.036956486564e-05, 3.7579e+00, 1.0658e-02, 
 2DIAGNOSTIC,    35, -6.867585121008e-01, 2.114354899173e-05, 3.7682e+00, 1.0295e-02, 
 2DIAGNOSTIC,    36, -6.868441970683e-01, 2.129370250969e-05, 3.7768e+00, 8.6300e-03, 
 2DIAGNOSTIC,    37, -6.868067973944e-01, 1.905643162634e-05, 3.7860e+00, 9.2039e-03, 
 2DIAGNOSTIC,    38, -6.868026207699e-01, 1.547838773178e-05, 3.7977e+00, 1.1672e-02, 
 2DIAGNOSTIC,    39, -6.867977094040e-01, 1.115077982257e-05, 3.8072e+00, 9.5270e-03, 
 2DIAGNOSTIC,    40, -6.867299162665e-01, 6.372233796539e-06, 3.8171e+00, 9.9480e-03, 
 2DIAGNOSTIC,    41, -6.867343687245e-01, 2.556857906028e-06, 3.8264e+00, 9.3050e-03, 
DIAGNOSTIC,Iteration,metricValue,convergenceValue,ITERATION_TIME_INDEX,SINCE_LAST
 2DIAGNOSTIC,     1, -6.290070105593e-01, 1.797693134862e+308, 5.3390e+00, 1.5125e+00, 
 2DIAGNOSTIC,     2, -6.296431664254e-01, 1.797693134862e+308, 5.4237e+00, 8.4720e-02, 
 2DIAGNOSTIC,     3, -6.302260706152e-01, 1.797693134862e+308, 5.5065e+00, 8.2770e-02, 
 2DIAGNOSTIC,     4, -6.306324477234e-01, 1.797693134862e+308, 5.5898e+00, 8.3379e-02, 
 2DIAGNOSTIC,     5, -6.308113786979e-01, 1.797693134862e+308, 5.6814e+00, 9.1525e-02, 
 2DIAGNOSTIC,     6, -6.308915654050e-01, 1.797693134862e+308, 5.8182e+00, 1.3685e-01, 
 2DIAGNOSTIC,     7, -6.308796192291e-01, 1.797693134862e+308, 5.9268e+00, 1.0854e-01, 
 2DIAGNOSTIC,     8, -6.308864796818e-01, 1.797693134862e+308, 6.0122e+00, 8.5493e-02, 
 2DIAGNOSTIC,     9, -6.308870847580e-01, 1.797693134862e+308, 6.0960e+00, 8.3725e-02, 
 2DIAGNOSTIC,    10, -6.308842556375e-01, 1.634933151153e-04, 6.1709e+00, 7.4893e-02, 
 2DIAGNOSTIC,    11, -6.308951086214e-01, 8.643890284248e-05, 6.2533e+00, 8.2416e-02, 
 2DIAGNOSTIC,    12, -6.309014579724e-01, 3.852523947064e-05, 6.3253e+00, 7.2010e-02, 
 2DIAGNOSTIC,    13, -6.309047817148e-01, 1.478292586626e-05, 6.4113e+00, 8.6035e-02, 
 2DIAGNOSTIC,    14, -6.309153756081e-01, 6.601142464507e-06, 6.4937e+00, 8.2357e-02, 
 2DIAGNOSTIC,    15, -6.308984183303e-01, 3.907598343081e-06, 6.5789e+00, 8.5179e-02, 
 2DIAGNOSTIC,    16, -6.308892512314e-01, 3.413053182924e-06, 6.6655e+00, 8.6633e-02, 
 2DIAGNOSTIC,    17, -6.308776225835e-01, 2.216281215182e-06, 6.7547e+00, 8.9242e-02, 
 2DIAGNOSTIC,    18, -6.308814743304e-01, 1.387688957175e-06, 6.8362e+00, 8.1440e-02, 
 2DIAGNOSTIC,    19, -6.309017964233e-01, 1.172893912590e-06, 6.9196e+00, 8.3412e-02, 
 2DIAGNOSTIC,    20, -6.309230169510e-01, 1.426529721966e-06, 6.9951e+00, 7.5474e-02, 
 2DIAGNOSTIC,    21, -6.309741277025e-01, 3.000780201934e-06, 7.1080e+00, 1.1290e-01, 
 2DIAGNOSTIC,    22, -6.309894328567e-01, 4.718193198819e-06, 7.2362e+00, 1.2828e-01, 
 2DIAGNOSTIC,    23, -6.309876771446e-01, 6.006278502120e-06, 7.3233e+00, 8.7097e-02, 
 2DIAGNOSTIC,    24, -6.309853411010e-01, 6.924034211146e-06, 7.4053e+00, 8.1927e-02, 
 2DIAGNOSTIC,    25, -6.309852635456e-01, 6.933005777747e-06, 7.4796e+00, 7.4350e-02, 
 2DIAGNOSTIC,    26, -6.309781498808e-01, 6.120864439400e-06, 7.5665e+00, 8.6915e-02, 
 2DIAGNOSTIC,    27, -6.309775157066e-01, 4.706368543515e-06, 7.6520e+00, 8.5460e-02, 
 2DIAGNOSTIC,    28, -6.309674528311e-01, 2.966992486100e-06, 7.7268e+00, 7.4812e-02, 
 2DIAGNOSTIC,    29, -6.309681491447e-01, 1.508559103747e-06, 7.7980e+00, 7.1158e-02, 
DIAGNOSTIC,Iteration,metricValue,convergenceValue,ITERATION_TIME_INDEX,SINCE_LAST
 2DIAGNOSTIC,     1, -5.672535645157e-01, 1.797693134862e+308, 1.0616e+01, 2.8185e+00, 
 2DIAGNOSTIC,     2, -5.673664782582e-01, 1.797693134862e+308, 1.1168e+01, 5.5201e-01, 
 2DIAGNOSTIC,     3, -5.674135919095e-01, 1.797693134862e+308, 1.1831e+01, 6.6277e-01, 
 2DIAGNOSTIC,     4, -5.674389269971e-01, 1.797693134862e+308, 1.2627e+01, 7.9536e-01, 
 2DIAGNOSTIC,     5, -5.674308379992e-01, 1.797693134862e+308, 1.3433e+01, 8.0635e-01, 
 2DIAGNOSTIC,     6, -5.674331168580e-01, 1.797693134862e+308, 1.4104e+01, 6.7058e-01, 
 2DIAGNOSTIC,     7, -5.674325123884e-01, 1.797693134862e+308, 1.4745e+01, 6.4145e-01, 
 2DIAGNOSTIC,     8, -5.674318918577e-01, 1.797693134862e+308, 1.5602e+01, 8.5691e-01, 
 2DIAGNOSTIC,     9, -5.674321450418e-01, 1.797693134862e+308, 1.6249e+01, 6.4700e-01, 
 2DIAGNOSTIC,    10, -5.674319161550e-01, 1.550048865784e-05, 1.6892e+01, 6.4285e-01, 
 2DIAGNOSTIC,    11, -5.674319007216e-01, 6.400798954476e-06, 1.7572e+01, 6.7978e-01, 
 2DIAGNOSTIC,    12, -5.674311238570e-01, 3.134937208785e-06, 1.8182e+01, 6.1072e-01, 
 2DIAGNOSTIC,    13, -5.674308943502e-01, 2.105109690773e-06, 1.8824e+01, 6.4202e-01, 
 2DIAGNOSTIC,    14, -5.674311085518e-01, 2.176335917869e-06, 1.9364e+01, 5.3967e-01, 
 2DIAGNOSTIC,    15, -5.674308502654e-01, 1.964697242229e-06, 1.9999e+01, 6.3479e-01, 
 2DIAGNOSTIC,    16, -5.674304155344e-01, 1.852313021203e-06, 2.0654e+01, 6.5562e-01, 
 2DIAGNOSTIC,    17, -5.674302076511e-01, 1.743018506611e-06, 2.1367e+01, 7.1277e-01, 
 2DIAGNOSTIC,    18, -5.674301194647e-01, 1.637773246556e-06, 2.2032e+01, 6.6466e-01, 
 2DIAGNOSTIC,    19, -5.674296912009e-01, 1.550591689770e-06, 2.2608e+01, 5.7664e-01, 
 2DIAGNOSTIC,    20, -5.674292539853e-01, 1.466945059002e-06, 2.3176e+01, 5.6725e-01, 
 2DIAGNOSTIC,    21, -5.674293439141e-01, 1.405460617838e-06, 2.3737e+01, 5.6104e-01, 
 2DIAGNOSTIC,    22, -5.674294970356e-01, 1.345472220381e-06, 2.4554e+01, 8.1736e-01, 
 2DIAGNOSTIC,    23, -5.674295400516e-01, 1.295539661592e-06, 2.5159e+01, 6.0515e-01, 
 2DIAGNOSTIC,    24, -5.674294516493e-01, 1.260808039902e-06, 2.5751e+01, 5.9190e-01, 
 2DIAGNOSTIC,    25, -5.674288975619e-01, 1.219103007127e-06, 2.6331e+01, 5.8038e-01, 
 2DIAGNOSTIC,    26, -5.674290051092e-01, 1.179566565042e-06, 2.6973e+01, 6.4189e-01, 
 2DIAGNOSTIC,    27, -5.674291592319e-01, 1.145651337693e-06, 2.7564e+01, 5.9048e-01, 
 2DIAGNOSTIC,    28, -5.674289437000e-01, 1.111709275498e-06, 2.8204e+01, 6.4030e-01, 
 2DIAGNOSTIC,    29, -5.674290585316e-01, 1.077502678394e-06, 2.8881e+01, 6.7640e-01, 
 2DIAGNOSTIC,    30, -5.674292317669e-01, 1.043101885617e-06, 2.9510e+01, 6.2938e-01, 
 2DIAGNOSTIC,    31, -5.674292472793e-01, 1.014050949620e-06, 3.0150e+01, 6.4038e-01, 
DIAGNOSTIC,Iteration,metricValue,convergenceValue,ITERATION_TIME_INDEX,SINCE_LAST
 2DIAGNOSTIC,     1, -5.197593870038e-01, 1.797693134862e+308, 4.0426e+01, 1.0276e+01, 
 2DIAGNOSTIC,     2, -5.198514770249e-01, 1.797693134862e+308, 4.4184e+01, 3.7576e+00, 
 2DIAGNOSTIC,     3, -5.198506206499e-01, 1.797693134862e+308, 5.0773e+01, 6.5896e+00, 
 2DIAGNOSTIC,     4, -5.198509981258e-01, 1.797693134862e+308, 5.7842e+01, 7.0690e+00, 
 2DIAGNOSTIC,     5, -5.198509984806e-01, 1.797693134862e+308, 6.1685e+01, 3.8421e+00, 
 2DIAGNOSTIC,     6, -5.198509708264e-01, 1.797693134862e+308, 6.5939e+01, 4.2545e+00, 
 2DIAGNOSTIC,     7, -5.198509713425e-01, 1.797693134862e+308, 6.9697e+01, 3.7577e+00, 
 2DIAGNOSTIC,     8, -5.198509294011e-01, 1.797693134862e+308, 7.3163e+01, 3.4662e+00, 
 2DIAGNOSTIC,     9, -5.198508943758e-01, 1.797693134862e+308, 7.6619e+01, 3.4563e+00, 
 2DIAGNOSTIC,    10, -5.198508995050e-01, 8.167362101297e-06, 8.0441e+01, 3.8213e+00, 
 2DIAGNOSTIC,    11, -5.198508325850e-01, 2.866714364572e-06, 8.4230e+01, 3.7889e+00, 
 2DIAGNOSTIC,    12, -5.198506737950e-01, 2.641590974670e-06, 8.8050e+01, 3.8203e+00, 
 2DIAGNOSTIC,    13, -5.198506598064e-01, 2.415057838379e-06, 9.1841e+01, 3.7912e+00, 
 2DIAGNOSTIC,    14, -5.198506453446e-01, 2.237873667349e-06, 9.5647e+01, 3.8064e+00, 
 2DIAGNOSTIC,    15, -5.198505702012e-01, 2.084648795822e-06, 9.9499e+01, 3.8517e+00, 
 2DIAGNOSTIC,    16, -5.198505323881e-01, 1.951725620938e-06, 1.0291e+02, 3.4079e+00, 
 2DIAGNOSTIC,    17, -5.198504992409e-01, 1.836865495319e-06, 1.0719e+02, 4.2866e+00, 
 2DIAGNOSTIC,    18, -5.198505215021e-01, 1.737344847548e-06, 1.1056e+02, 3.3673e+00, 
 2DIAGNOSTIC,    19, -5.198504573261e-01, 1.648082667921e-06, 1.1394e+02, 3.3779e+00, 
 2DIAGNOSTIC,    20, -5.198504715004e-01, 1.570779970525e-06, 1.1787e+02, 3.9313e+00, 
 2DIAGNOSTIC,    21, -5.198505188602e-01, 1.502282139888e-06, 1.2137e+02, 3.4983e+00, 
 2DIAGNOSTIC,    22, -5.198503982454e-01, 1.434169216878e-06, 1.2609e+02, 4.7255e+00, 
 2DIAGNOSTIC,    23, -5.198503466774e-01, 1.371594520495e-06, 1.2987e+02, 3.7731e+00, 
 2DIAGNOSTIC,    24, -5.198503042313e-01, 1.314077927361e-06, 1.3290e+02, 3.0374e+00, 
 2DIAGNOSTIC,    25, -5.198502678301e-01, 1.259777683123e-06, 1.3571e+02, 2.8102e+00, 
 2DIAGNOSTIC,    26, -5.198502389874e-01, 1.209429184940e-06, 1.3972e+02, 4.0024e+00, 
 2DIAGNOSTIC,    27, -5.198502002472e-01, 1.162688193820e-06, 1.4326e+02, 3.5422e+00, 
 2DIAGNOSTIC,    28, -5.198501965013e-01, 1.121192548616e-06, 1.4626e+02, 3.0018e+00, 
 2DIAGNOSTIC,    29, -5.198501696455e-01, 1.082218178731e-06, 1.4991e+02, 3.6464e+00, 
 2DIAGNOSTIC,    30, -5.198501944667e-01, 1.047892100661e-06, 1.5313e+02, 3.2193e+00, 
 2DIAGNOSTIC,    31, -5.198501453676e-01, 1.016960037722e-06, 1.5695e+02, 3.8269e+00, 
  Elapsed time (stage 1): 1.6384e+02


Total elapsed time: 3.2271e+02
ALL Done
