
Running for 3-dimensional images.

*********10*********20*********30*********40*********50*********60*********70*********80*********90*********

   AdaptiveNonLocalMeansDenoisingImageFilter (0x3534370)
     RTTI typeinfo:   itk::AdaptiveNonLocalMeansDenoisingImageFilter<itk::Image<float, 3u>, itk::Image<float, 3u>, itk::Image<unsigned char, 3u> >
     Reference Count: 1
     Modified Time: 392
     Debug: Off
     Object Name: 
     Observers: 
       ProgressEvent(Command)
     Inputs: 
       Primary: (0x35332f0) *
       _1: (0)
     Indexed Inputs: 
       0: Primary (0x35332f0)
       1: _1 (0)
     Required Input Names: Primary
     NumberOfRequiredInputs: 1
     Outputs: 
       Primary: (0x3532da0)
     Indexed Outputs: 
       0: Primary (0x3532da0)
     NumberOfRequiredOutputs: 1
     Number Of Work Units: 56
     ReleaseDataFlag: Off
     ReleaseDataBeforeUpdateFlag: Off
     AbortGenerateData: Off
     Progress: 1
     Multithreader: 
       RTTI typeinfo:   itk::PoolMultiThreader
       Reference Count: 1
       Modified Time: 352
       Debug: Off
       Object Name: 
       Observers: 
         none
       Number of Work Units: 52
       Number of Threads: 14
       Global Maximum Number Of Threads: 128
       Global Default Number Of Threads: 14
       Global Default Threader Type: itk::MultiThreaderBaseEnums::Threader::Pool
       SingleMethod: 1
       SingleData: 0x7ffc117cd168
     DynamicMultiThreading: Off
     CoordinateTolerance: 1e-06
     DirectionTolerance: 1e-06
Using mean squares to measure the patch similarity.
     Neighborhood search radius = [2, 2, 2]
     Neighborhood patch radius = [1, 1, 1]
     Using Rician noise model.
     Epsilon = 1e-05
     Mean threshold = 0.95
     Variance threshold = 0.5
     Smoothing variance = 2
     Neighborhood radius for local mean and variance = [1, 1, 1]
Elapsed time: 312.155
All_Command_lines_OK
Using double precision for computations.
=============================================================================
The composite transform comprises the following transforms (in order): 
  1. Center of mass alignment using fixed image: /Dedicated/jmichaelson-wdata/msmuhammad/projects/RPOE/3dprint/data/derivatives/pre-freesurfer/../../temp/MNI152_T1_0.5mm.nii.gz and moving image: /Dedicated/jmichaelson-wdata/msmuhammad/projects/RPOE/3dprint/data/derivatives/pre-freesurfer/2E_035/2E_035/2E_035_reorient_RPI_denoise.nii.gz (type = Euler3DTransform)
=============================================================================
  number of levels = 5
  number of levels = 5
  fixed image: /Dedicated/jmichaelson-wdata/msmuhammad/projects/RPOE/3dprint/data/derivatives/pre-freesurfer/../../temp/MNI152_T1_0.5mm.nii.gz
  moving image: /Dedicated/jmichaelson-wdata/msmuhammad/projects/RPOE/3dprint/data/derivatives/pre-freesurfer/2E_035/2E_035/2E_035_reorient_RPI_denoise.nii.gz
  fixed image: /Dedicated/jmichaelson-wdata/msmuhammad/projects/RPOE/3dprint/data/derivatives/pre-freesurfer/../../temp/MNI152_T1_0.5mm.nii.gz
  moving image: /Dedicated/jmichaelson-wdata/msmuhammad/projects/RPOE/3dprint/data/derivatives/pre-freesurfer/2E_035/2E_035/2E_035_reorient_RPI_denoise.nii.gz
Dimension = 3
Number of stages = 2
Use histogram matching = true
Winsorize image intensities = true
  Lower quantile = 0.005
  Upper quantile = 0.995


Stage 1 State
   Image metric = Mattes
     Fixed image = Image (0x38a2f10)
  RTTI typeinfo:   itk::Image<double, 3u>
  Reference Count: 2
  Modified Time: 1694
  Debug: Off
  Object Name: 
  Observers: 
    none
  Source: (none)
  Source output name: (none)
  Release Data: Off
  Data Released: False
  Global Release Data: Off
  PipelineMTime: 0
  UpdateMTime: 1477
  RealTimeStamp: 0 seconds 
  LargestPossibleRegion: 
    Dimension: 3
    Index: [0, 0, 0]
    Size: [364, 436, 364]
  BufferedRegion: 
    Dimension: 3
    Index: [0, 0, 0]
    Size: [364, 436, 364]
  RequestedRegion: 
    Dimension: 3
    Index: [0, 0, 0]
    Size: [364, 436, 364]
  Spacing: [0.5, 0.5, 0.5]
  Origin: [-90, 126, -72]
  Direction: 
1 0 0
0 -1 0
0 0 1

  IndexToPointMatrix: 
0.5 0 0
0 -0.5 0
0 0 0.5

  PointToIndexMatrix: 
2 0 0
0 -2 0
0 0 2

  Inverse Direction: 
1 0 0
0 -1 0
0 0 1

  PixelContainer: 
    ImportImageContainer (0x388f9d0)
      RTTI typeinfo:   itk::ImportImageContainer<unsigned long, double>
      Reference Count: 1
      Modified Time: 1474
      Debug: Off
      Object Name: 
      Observers: 
        none
      Pointer: 0x2b5a6a928010
      Container manages memory: true
      Size: 57768256
      Capacity: 57768256

     Moving image = Image (0x38a2af0)
  RTTI typeinfo:   itk::Image<double, 3u>
  Reference Count: 2
  Modified Time: 1695
  Debug: Off
  Object Name: 
  Observers: 
    none
  Source: (none)
  Source output name: (none)
  Release Data: Off
  Data Released: False
  Global Release Data: Off
  PipelineMTime: 0
  UpdateMTime: 1692
  RealTimeStamp: 0 seconds 
  LargestPossibleRegion: 
    Dimension: 3
    Index: [0, 0, 0]
    Size: [280, 512, 512]
  BufferedRegion: 
    Dimension: 3
    Index: [0, 0, 0]
    Size: [280, 512, 512]
  RequestedRegion: 
    Dimension: 3
    Index: [0, 0, 0]
    Size: [280, 512, 512]
  Spacing: [0.599998, 0.4688, 0.4688]
  Origin: [-85.5746, 91.0412, -127.916]
  Direction: 
1 0 0
0 -1 0
0 0 1

  IndexToPointMatrix: 
0.599998 0 0
0 -0.4688 0
0 0 0.4688

  PointToIndexMatrix: 
1.66667 0 0
0 -2.13311 0
0 0 2.13311

  Inverse Direction: 
1 0 0
0 -1 0
0 0 1

  PixelContainer: 
    ImportImageContainer (0x38a6190)
      RTTI typeinfo:   itk::ImportImageContainer<unsigned long, double>
      Reference Count: 1
      Modified Time: 1689
      Debug: Off
      Object Name: 
      Observers: 
        none
      Pointer: 0x2b5a861e5010
      Container manages memory: true
      Size: 73400320
      Capacity: 73400320

     Weighting = 1
     Sampling strategy = regular
     Number of bins = 32
     Radius = 4
     Sampling percentage  = 0.25
   Transform = Rigid
     Gradient step = 0.1
     Update field sigma (voxel space) = 0
     Total field sigma (voxel space) = 0
     Update field time sigma = 0
     Total field time sigma  = 0
     Number of time indices = 0
     Number of time point samples = 0
Stage 2 State
   Image metric = Mattes
     Fixed image = Image (0x38b24a0)
  RTTI typeinfo:   itk::Image<double, 3u>
  Reference Count: 2
  Modified Time: 2126
  Debug: Off
  Object Name: 
  Observers: 
    none
  Source: (none)
  Source output name: (none)
  Release Data: Off
  Data Released: False
  Global Release Data: Off
  PipelineMTime: 0
  UpdateMTime: 1909
  RealTimeStamp: 0 seconds 
  LargestPossibleRegion: 
    Dimension: 3
    Index: [0, 0, 0]
    Size: [364, 436, 364]
  BufferedRegion: 
    Dimension: 3
    Index: [0, 0, 0]
    Size: [364, 436, 364]
  RequestedRegion: 
    Dimension: 3
    Index: [0, 0, 0]
    Size: [364, 436, 364]
  Spacing: [0.5, 0.5, 0.5]
  Origin: [-90, 126, -72]
  Direction: 
1 0 0
0 -1 0
0 0 1

  IndexToPointMatrix: 
0.5 0 0
0 -0.5 0
0 0 0.5

  PointToIndexMatrix: 
2 0 0
0 -2 0
0 0 2

  Inverse Direction: 
1 0 0
0 -1 0
0 0 1

  PixelContainer: 
    ImportImageContainer (0x38b2760)
      RTTI typeinfo:   itk::ImportImageContainer<unsigned long, double>
      Reference Count: 1
      Modified Time: 1906
      Debug: Off
      Object Name: 
      Observers: 
        none
      Pointer: 0x2b5aa91e6010
      Container manages memory: true
      Size: 57768256
      Capacity: 57768256

     Moving image = Image (0x389c5b0)
  RTTI typeinfo:   itk::Image<double, 3u>
  Reference Count: 2
  Modified Time: 2127
  Debug: Off
  Object Name: 
  Observers: 
    none
  Source: (none)
  Source output name: (none)
  Release Data: Off
  Data Released: False
  Global Release Data: Off
  PipelineMTime: 0
  UpdateMTime: 2124
  RealTimeStamp: 0 seconds 
  LargestPossibleRegion: 
    Dimension: 3
    Index: [0, 0, 0]
    Size: [280, 512, 512]
  BufferedRegion: 
    Dimension: 3
    Index: [0, 0, 0]
    Size: [280, 512, 512]
  RequestedRegion: 
    Dimension: 3
    Index: [0, 0, 0]
    Size: [280, 512, 512]
  Spacing: [0.599998, 0.4688, 0.4688]
  Origin: [-85.5746, 91.0412, -127.916]
  Direction: 
1 0 0
0 -1 0
0 0 1

  IndexToPointMatrix: 
0.599998 0 0
0 -0.4688 0
0 0 0.4688

  PointToIndexMatrix: 
1.66667 0 0
0 -2.13311 0
0 0 2.13311

  Inverse Direction: 
1 0 0
0 -1 0
0 0 1

  PixelContainer: 
    ImportImageContainer (0x38a1c90)
      RTTI typeinfo:   itk::ImportImageContainer<unsigned long, double>
      Reference Count: 1
      Modified Time: 2121
      Debug: Off
      Object Name: 
      Observers: 
        none
      Pointer: 0x2b5ac4aa3010
      Container manages memory: true
      Size: 73400320
      Capacity: 73400320

     Weighting = 1
     Sampling strategy = regular
     Number of bins = 32
     Radius = 4
     Sampling percentage  = 0.25
   Transform = Affine
     Gradient step = 0.1
     Update field sigma (voxel space) = 0
     Total field sigma (voxel space) = 0
     Update field time sigma = 0
     Total field time sigma  = 0
     Number of time indices = 0
     Number of time point samples = 0
Registration using 2 total stages.

Stage 0
  iterations = 2000x2000x2000x2000x2000
  convergence threshold = 1e-06
  convergence window size = 10
  number of levels = 5
  using the Mattes MI metric (number of bins = 32, weight = 1, use gradient filter = 0)
  preprocessing:  winsorizing the image intensities
  preprocessing:  histogram matching the images
  Shrink factors (level 1 out of 5): [8, 8, 8]
  Shrink factors (level 2 out of 5): [8, 8, 8]
  Shrink factors (level 3 out of 5): [4, 4, 4]
  Shrink factors (level 4 out of 5): [2, 2, 2]
  Shrink factors (level 5 out of 5): [1, 1, 1]
  smoothing sigmas per level: [4, 3, 2, 1, 0]
  regular sampling (percentage = 0.25)

*** Running Euler3DTransform registration ***

DIAGNOSTIC,Iteration,metricValue,convergenceValue,ITERATION_TIME_INDEX,SINCE_LAST
 2DIAGNOSTIC,     1, -5.108621792142e-01, 1.797693134862e+308, 1.4205e+00, 1.4205e+00, 
 2DIAGNOSTIC,     2, -5.117275129877e-01, 1.797693134862e+308, 1.4374e+00, 1.6929e-02, 
 2DIAGNOSTIC,     3, -5.129923982775e-01, 1.797693134862e+308, 1.4473e+00, 9.9311e-03, 
 2DIAGNOSTIC,     4, -5.146267514158e-01, 1.797693134862e+308, 1.4561e+00, 8.8239e-03, 
 2DIAGNOSTIC,     5, -5.162252635431e-01, 1.797693134862e+308, 1.4690e+00, 1.2847e-02, 
 2DIAGNOSTIC,     6, -5.177152537230e-01, 1.797693134862e+308, 1.4829e+00, 1.3887e-02, 
 2DIAGNOSTIC,     7, -5.183137271597e-01, 1.797693134862e+308, 1.4959e+00, 1.3048e-02, 
 2DIAGNOSTIC,     8, -5.187348945678e-01, 1.797693134862e+308, 1.5079e+00, 1.1994e-02, 
 2DIAGNOSTIC,     9, -5.200353480565e-01, 1.797693134862e+308, 1.5228e+00, 1.4849e-02, 
 2DIAGNOSTIC,    10, -5.202852175210e-01, 1.252021610217e-03, 1.5334e+00, 1.0679e-02, 
 2DIAGNOSTIC,    11, -5.204044286630e-01, 1.009100904518e-03, 1.5439e+00, 1.0445e-02, 
 2DIAGNOSTIC,    12, -5.209754412418e-01, 7.831230861053e-04, 1.5559e+00, 1.1998e-02, 
 2DIAGNOSTIC,    13, -5.213242277374e-01, 5.887158635487e-04, 1.5696e+00, 1.3756e-02, 
 2DIAGNOSTIC,    14, -5.213744780801e-01, 4.334270159618e-04, 1.5962e+00, 2.6549e-02, 
 2DIAGNOSTIC,    15, -5.213752498362e-01, 3.172103609718e-04, 1.6071e+00, 1.0885e-02, 
 2DIAGNOSTIC,    16, -5.213757511738e-01, 2.381967264076e-04, 1.6166e+00, 9.5370e-03, 
 2DIAGNOSTIC,    17, -5.213751605647e-01, 1.659939363430e-04, 1.6268e+00, 1.0177e-02, 
 2DIAGNOSTIC,    18, -5.213765940697e-01, 9.834161430255e-05, 1.6363e+00, 9.5520e-03, 
 2DIAGNOSTIC,    19, -5.213768341574e-01, 6.646426052090e-05, 1.6468e+00, 1.0492e-02, 
 2DIAGNOSTIC,    20, -5.213788793070e-01, 3.891995601134e-05, 1.6565e+00, 9.7110e-03, 
 2DIAGNOSTIC,    21, -5.213771473702e-01, 1.330330878405e-05, 1.6661e+00, 9.5620e-03, 
 2DIAGNOSTIC,    22, -5.213825604467e-01, 3.044842399783e-06, 1.6756e+00, 9.4600e-03, 
 2DIAGNOSTIC,    23, -5.213830529459e-01, 1.811037309556e-06, 1.6855e+00, 9.9649e-03, 
 2DIAGNOSTIC,    24, -5.213947502225e-01, 2.053580097548e-06, 1.6950e+00, 9.5000e-03, 
 2DIAGNOSTIC,    25, -5.213945149346e-01, 2.214705093359e-06, 1.7048e+00, 9.7280e-03, 
 2DIAGNOSTIC,    26, -5.214283660487e-01, 3.002427581555e-06, 1.7152e+00, 1.0473e-02, 
 2DIAGNOSTIC,    27, -5.214388666508e-01, 3.747658514720e-06, 1.7259e+00, 1.0698e-02, 
 2DIAGNOSTIC,    28, -5.214652586607e-01, 4.741639397059e-06, 1.7399e+00, 1.3954e-02, 
 2DIAGNOSTIC,    29, -5.214690059839e-01, 5.396944806904e-06, 1.7525e+00, 1.2573e-02, 
 2DIAGNOSTIC,    30, -5.214418767614e-01, 5.151080814378e-06, 1.7679e+00, 1.5441e-02, 
 2DIAGNOSTIC,    31, -5.214614173054e-01, 4.860522114555e-06, 1.7831e+00, 1.5175e-02, 
 2DIAGNOSTIC,    32, -5.214636155195e-01, 4.336400149754e-06, 1.7957e+00, 1.2630e-02, 
 2DIAGNOSTIC,    33, -5.214978976420e-01, 4.094453969095e-06, 1.8084e+00, 1.2689e-02, 
 2DIAGNOSTIC,    34, -5.215487531845e-01, 4.573998026534e-06, 1.8201e+00, 1.1660e-02, 
 2DIAGNOSTIC,    35, -5.215613577961e-01, 4.857448151086e-06, 1.8385e+00, 1.8449e-02, 
 2DIAGNOSTIC,    36, -5.215717794453e-01, 5.432076526663e-06, 1.8523e+00, 1.3795e-02, 
 2DIAGNOSTIC,    37, -5.215832406514e-01, 5.856883526157e-06, 1.8660e+00, 1.3718e-02, 
 2DIAGNOSTIC,    38, -5.215755249369e-01, 6.039436730516e-06, 1.8823e+00, 1.6270e-02, 
 2DIAGNOSTIC,    39, -5.215937657041e-01, 6.032787119404e-06, 1.8924e+00, 1.0125e-02, 
 2DIAGNOSTIC,    40, -5.216055537511e-01, 5.308030598752e-06, 1.9023e+00, 9.9211e-03, 
 2DIAGNOSTIC,    41, -5.215900682750e-01, 4.251316377563e-06, 1.9149e+00, 1.2590e-02, 
 2DIAGNOSTIC,    42, -5.216424895434e-01, 3.630647769211e-06, 1.9291e+00, 1.4200e-02, 
 2DIAGNOSTIC,    43, -5.216865087790e-01, 3.726309067666e-06, 1.9409e+00, 1.1748e-02, 
 2DIAGNOSTIC,    44, -5.217611577383e-01, 5.075039342405e-06, 1.9538e+00, 1.2951e-02, 
 2DIAGNOSTIC,    45, -5.219290707765e-01, 8.123770873520e-06, 1.9668e+00, 1.2982e-02, 
 2DIAGNOSTIC,    46, -5.219183202834e-01, 1.028710572048e-05, 1.9775e+00, 1.0743e-02, 
 2DIAGNOSTIC,    47, -5.220035714834e-01, 1.260062972905e-05, 1.9923e+00, 1.4797e-02, 
 2DIAGNOSTIC,    48, -5.220131053654e-01, 1.367720238947e-05, 2.0047e+00, 1.2397e-02, 
 2DIAGNOSTIC,    49, -5.220517627664e-01, 1.408425926262e-05, 2.0206e+00, 1.5896e-02, 
 2DIAGNOSTIC,    50, -5.220705610704e-01, 1.351182830573e-05, 2.0352e+00, 1.4555e-02, 
 2DIAGNOSTIC,    51, -5.221182956590e-01, 1.206794424296e-05, 2.0463e+00, 1.1109e-02, 
 2DIAGNOSTIC,    52, -5.222199109047e-01, 1.120406142526e-05, 2.0572e+00, 1.0936e-02, 
 2DIAGNOSTIC,    53, -5.223938843414e-01, 1.157181109330e-05, 2.0678e+00, 1.0554e-02, 
 2DIAGNOSTIC,    54, -5.225091100682e-01, 1.271873010969e-05, 2.0817e+00, 1.3913e-02, 
 2DIAGNOSTIC,    55, -5.226215322358e-01, 1.545453719967e-05, 2.0929e+00, 1.1247e-02, 
 2DIAGNOSTIC,    56, -5.228297204000e-01, 1.856877282633e-05, 2.1051e+00, 1.2120e-02, 
 2DIAGNOSTIC,    57, -5.231110075946e-01, 2.330769176292e-05, 2.1152e+00, 1.0095e-02, 
 2DIAGNOSTIC,    58, -5.233575575475e-01, 2.803425812309e-05, 2.1262e+00, 1.1079e-02, 
 2DIAGNOSTIC,    59, -5.233637237963e-01, 3.035713624569e-05, 2.1372e+00, 1.0937e-02, 
 2DIAGNOSTIC,    60, -5.233909302775e-01, 3.021628916781e-05, 2.1474e+00, 1.0182e-02, 
 2DIAGNOSTIC,    61, -5.233668040572e-01, 2.743009808737e-05, 2.1597e+00, 1.2336e-02, 
 2DIAGNOSTIC,    62, -5.233368368661e-01, 2.271304281420e-05, 2.1695e+00, 9.7558e-03, 
 2DIAGNOSTIC,    63, -5.232913093788e-01, 1.709802382105e-05, 2.1786e+00, 9.1202e-03, 
 2DIAGNOSTIC,    64, -5.232880481877e-01, 1.104427263561e-05, 2.1883e+00, 9.7349e-03, 
 2DIAGNOSTIC,    65, -5.232961525013e-01, 5.174437151360e-06, 2.1978e+00, 9.4600e-03, 
DIAGNOSTIC,Iteration,metricValue,convergenceValue,ITERATION_TIME_INDEX,SINCE_LAST
 2DIAGNOSTIC,     1, -4.892289487447e-01, 1.797693134862e+308, 3.6084e+00, 1.4106e+00, 
 2DIAGNOSTIC,     2, -4.896212040584e-01, 1.797693134862e+308, 3.6164e+00, 8.0352e-03, 
 2DIAGNOSTIC,     3, -4.898709034107e-01, 1.797693134862e+308, 3.6240e+00, 7.6120e-03, 
 2DIAGNOSTIC,     4, -4.907135343575e-01, 1.797693134862e+308, 3.6317e+00, 7.6330e-03, 
 2DIAGNOSTIC,     5, -4.913021543211e-01, 1.797693134862e+308, 3.6409e+00, 9.2521e-03, 
 2DIAGNOSTIC,     6, -4.915324544088e-01, 1.797693134862e+308, 3.6498e+00, 8.8770e-03, 
 2DIAGNOSTIC,     7, -4.916289328208e-01, 1.797693134862e+308, 3.6592e+00, 9.4349e-03, 
 2DIAGNOSTIC,     8, -4.916118664172e-01, 1.797693134862e+308, 3.6688e+00, 9.5830e-03, 
 2DIAGNOSTIC,     9, -4.916283579801e-01, 1.797693134862e+308, 3.6793e+00, 1.0514e-02, 
 2DIAGNOSTIC,    10, -4.916452718212e-01, 3.423263782765e-04, 3.6891e+00, 9.7530e-03, 
 2DIAGNOSTIC,    11, -4.916575153934e-01, 2.338871120284e-04, 3.7011e+00, 1.2062e-02, 
 2DIAGNOSTIC,    12, -4.916310964768e-01, 1.409795095275e-04, 3.7125e+00, 1.1409e-02, 
 2DIAGNOSTIC,    13, -4.916272000036e-01, 6.029103170255e-05, 3.7255e+00, 1.2966e-02, 
 2DIAGNOSTIC,    14, -4.916372943381e-01, 2.060869328076e-05, 3.7382e+00, 1.2697e-02, 
 2DIAGNOSTIC,    15, -4.916338970588e-01, 6.861016309659e-06, 3.7545e+00, 1.6335e-02, 
 2DIAGNOSTIC,    16, -4.916002100723e-01, 1.411309077395e-06, 3.7685e+00, 1.3995e-02, 
DIAGNOSTIC,Iteration,metricValue,convergenceValue,ITERATION_TIME_INDEX,SINCE_LAST
 2DIAGNOSTIC,     1, -4.632326769849e-01, 1.797693134862e+308, 5.3756e+00, 1.6070e+00, 
 2DIAGNOSTIC,     2, -4.636062766868e-01, 1.797693134862e+308, 5.4543e+00, 7.8746e-02, 
 2DIAGNOSTIC,     3, -4.641937121663e-01, 1.797693134862e+308, 5.5403e+00, 8.6030e-02, 
 2DIAGNOSTIC,     4, -4.648189035942e-01, 1.797693134862e+308, 5.6289e+00, 8.8551e-02, 
 2DIAGNOSTIC,     5, -4.654703224161e-01, 1.797693134862e+308, 5.7013e+00, 7.2357e-02, 
 2DIAGNOSTIC,     6, -4.657295960124e-01, 1.797693134862e+308, 5.7885e+00, 8.7262e-02, 
 2DIAGNOSTIC,     7, -4.659467999935e-01, 1.797693134862e+308, 5.8623e+00, 7.3828e-02, 
 2DIAGNOSTIC,     8, -4.663378510414e-01, 1.797693134862e+308, 5.9442e+00, 8.1834e-02, 
 2DIAGNOSTIC,     9, -4.665963387182e-01, 1.797693134862e+308, 6.0330e+00, 8.8842e-02, 
 2DIAGNOSTIC,    10, -4.666268449175e-01, 4.968326965605e-04, 6.1485e+00, 1.1551e-01, 
 2DIAGNOSTIC,    11, -4.666206990329e-01, 3.820256703609e-04, 6.2874e+00, 1.3887e-01, 
 2DIAGNOSTIC,    12, -4.666117121727e-01, 2.709637436830e-04, 6.3902e+00, 1.0276e-01, 
 2DIAGNOSTIC,    13, -4.666052235979e-01, 1.794494687901e-04, 6.4802e+00, 9.0029e-02, 
 2DIAGNOSTIC,    14, -4.666282736334e-01, 1.124390272678e-04, 6.6243e+00, 1.4407e-01, 
 2DIAGNOSTIC,    15, -4.666272140410e-01, 7.075301021452e-05, 6.7513e+00, 1.2701e-01, 
 2DIAGNOSTIC,    16, -4.666276444404e-01, 3.801086795581e-05, 6.8296e+00, 7.8310e-02, 
 2DIAGNOSTIC,    17, -4.666256944092e-01, 1.328425196322e-05, 6.9134e+00, 8.3858e-02, 
 2DIAGNOSTIC,    18, -4.666171650416e-01, 2.981587644960e-06, 6.9946e+00, 8.1110e-02, 
 2DIAGNOSTIC,    19, -4.666190132485e-01, 1.971831046631e-06, 7.0766e+00, 8.2065e-02, 
 2DIAGNOSTIC,    20, -4.666187777365e-01, 1.949982154976e-06, 7.1582e+00, 8.1628e-02, 
 2DIAGNOSTIC,    21, -4.666359475216e-01, 2.230160707328e-06, 7.2393e+00, 8.1083e-02, 
 2DIAGNOSTIC,    22, -4.666494137837e-01, 2.543688463946e-06, 7.3185e+00, 7.9143e-02, 
 2DIAGNOSTIC,    23, -4.666452790592e-01, 2.427032813210e-06, 7.4261e+00, 1.0762e-01, 
 2DIAGNOSTIC,    24, -4.666370379376e-01, 2.613093741569e-06, 7.5043e+00, 7.8258e-02, 
 2DIAGNOSTIC,    25, -4.666357480550e-01, 2.610160134225e-06, 7.5930e+00, 8.8652e-02, 
 2DIAGNOSTIC,    26, -4.666337376178e-01, 2.433331699150e-06, 7.6740e+00, 8.0966e-02, 
 2DIAGNOSTIC,    27, -4.666347038091e-01, 2.131194091502e-06, 7.7447e+00, 7.0736e-02, 
 2DIAGNOSTIC,    28, -4.666338467740e-01, 1.560888805707e-06, 7.8256e+00, 8.0942e-02, 
 2DIAGNOSTIC,    29, -4.666341063487e-01, 1.046797848028e-06, 7.8965e+00, 7.0821e-02, 
DIAGNOSTIC,Iteration,metricValue,convergenceValue,ITERATION_TIME_INDEX,SINCE_LAST
 2DIAGNOSTIC,     1, -4.317177794634e-01, 1.797693134862e+308, 1.0628e+01, 2.7314e+00, 
 2DIAGNOSTIC,     2, -4.318127363472e-01, 1.797693134862e+308, 1.1141e+01, 5.1333e-01, 
 2DIAGNOSTIC,     3, -4.318989734374e-01, 1.797693134862e+308, 1.1758e+01, 6.1731e-01, 
 2DIAGNOSTIC,     4, -4.319416795584e-01, 1.797693134862e+308, 1.2363e+01, 6.0478e-01, 
 2DIAGNOSTIC,     5, -4.319563799335e-01, 1.797693134862e+308, 1.2918e+01, 5.5508e-01, 
 2DIAGNOSTIC,     6, -4.319577999772e-01, 1.797693134862e+308, 1.3558e+01, 6.4011e-01, 
 2DIAGNOSTIC,     7, -4.319711187603e-01, 1.797693134862e+308, 1.4165e+01, 6.0612e-01, 
 2DIAGNOSTIC,     8, -4.319628975035e-01, 1.797693134862e+308, 1.4674e+01, 5.0971e-01, 
 2DIAGNOSTIC,     9, -4.320206696727e-01, 1.797693134862e+308, 1.5243e+01, 5.6840e-01, 
 2DIAGNOSTIC,    10, -4.320229298168e-01, 3.908531743298e-05, 1.5825e+01, 5.8204e-01, 
 2DIAGNOSTIC,    11, -4.320194864027e-01, 2.536835879062e-05, 1.6715e+01, 8.9002e-01, 
 2DIAGNOSTIC,    12, -4.320210967071e-01, 1.717105117381e-05, 1.7297e+01, 5.8247e-01, 
 2DIAGNOSTIC,    13, -4.320192934679e-01, 1.313663593386e-05, 1.7898e+01, 6.0085e-01, 
 2DIAGNOSTIC,    14, -4.320191004997e-01, 1.065295139088e-05, 1.8489e+01, 5.9088e-01, 
 2DIAGNOSTIC,    15, -4.320183290516e-01, 8.335556552108e-06, 1.9242e+01, 7.5299e-01, 
 2DIAGNOSTIC,    16, -4.320186898554e-01, 5.831578660159e-06, 1.9909e+01, 6.6661e-01, 
 2DIAGNOSTIC,    17, -4.320185100846e-01, 3.813280958415e-06, 2.0480e+01, 5.7165e-01, 
 2DIAGNOSTIC,    18, -4.320185477448e-01, 1.479925096783e-06, 2.1064e+01, 5.8355e-01, 
 2DIAGNOSTIC,    19, -4.320182039002e-01, 1.405274445317e-06, 2.1665e+01, 6.0099e-01, 
 2DIAGNOSTIC,    20, -4.320174502734e-01, 1.416227218033e-06, 2.2344e+01, 6.7897e-01, 
 2DIAGNOSTIC,    21, -4.320174888118e-01, 1.333970717249e-06, 2.2981e+01, 6.3762e-01, 
 2DIAGNOSTIC,    22, -4.320177409330e-01, 1.332458586238e-06, 2.3806e+01, 8.2513e-01, 
 2DIAGNOSTIC,    23, -4.320177474533e-01, 1.289863473475e-06, 2.4466e+01, 6.5925e-01, 
 2DIAGNOSTIC,    24, -4.320176726682e-01, 1.253198070005e-06, 2.5130e+01, 6.6452e-01, 
 2DIAGNOSTIC,    25, -4.320175659739e-01, 1.203366250924e-06, 2.5766e+01, 6.3563e-01, 
 2DIAGNOSTIC,    26, -4.320174832368e-01, 1.170995320071e-06, 2.6289e+01, 5.2318e-01, 
 2DIAGNOSTIC,    27, -4.320165055407e-01, 1.117232012314e-06, 2.6796e+01, 5.0737e-01, 
 2DIAGNOSTIC,    28, -4.320164296330e-01, 1.072771887864e-06, 2.7312e+01, 5.1589e-01, 
 2DIAGNOSTIC,    29, -4.320165651394e-01, 1.033020116559e-06, 2.7827e+01, 5.1478e-01, 
 2DIAGNOSTIC,    30, -4.320174937536e-01, 1.005444783389e-06, 2.8421e+01, 5.9438e-01, 
DIAGNOSTIC,Iteration,metricValue,convergenceValue,ITERATION_TIME_INDEX,SINCE_LAST
 2DIAGNOSTIC,     1, -4.025105871483e-01, 1.797693134862e+308, 3.7452e+01, 9.0308e+00, 
 2DIAGNOSTIC,     2, -4.025400804412e-01, 1.797693134862e+308, 4.0631e+01, 3.1788e+00, 
 2DIAGNOSTIC,     3, -4.025475587675e-01, 1.797693134862e+308, 4.4164e+01, 3.5334e+00, 
 2DIAGNOSTIC,     4, -4.025493081712e-01, 1.797693134862e+308, 4.7955e+01, 3.7901e+00, 
 2DIAGNOSTIC,     5, -4.025499887095e-01, 1.797693134862e+308, 5.1625e+01, 3.6707e+00, 
 2DIAGNOSTIC,     6, -4.025503651311e-01, 1.797693134862e+308, 5.6602e+01, 4.9766e+00, 
 2DIAGNOSTIC,     7, -4.025504451804e-01, 1.797693134862e+308, 6.0259e+01, 3.6575e+00, 
 2DIAGNOSTIC,     8, -4.025499818466e-01, 1.797693134862e+308, 6.6757e+01, 6.4981e+00, 
 2DIAGNOSTIC,     9, -4.025500623045e-01, 1.797693134862e+308, 7.2221e+01, 5.4633e+00, 
 2DIAGNOSTIC,    10, -4.025500619600e-01, 6.745702233843e-06, 8.2955e+01, 1.0735e+01, 
 2DIAGNOSTIC,    11, -4.025500619600e-01, 3.707489813834e-06, 8.8326e+01, 5.3712e+00, 
 2DIAGNOSTIC,    12, -4.025500619600e-01, 2.827079261788e-06, 9.1653e+01, 3.3269e+00, 
 2DIAGNOSTIC,    13, -4.025500619600e-01, 2.470801093321e-06, 9.5024e+01, 3.3703e+00, 
 2DIAGNOSTIC,    14, -4.025500619600e-01, 2.250807006235e-06, 9.9635e+01, 4.6111e+00, 
 2DIAGNOSTIC,    15, -4.025500619600e-01, 2.093294663275e-06, 1.0291e+02, 3.2743e+00, 
 2DIAGNOSTIC,    16, -4.025500619600e-01, 1.974303246291e-06, 1.0626e+02, 3.3552e+00, 
 2DIAGNOSTIC,    17, -4.025500619600e-01, 1.874500911790e-06, 1.1037e+02, 4.1103e+00, 
 2DIAGNOSTIC,    18, -4.025500619600e-01, 1.767217152594e-06, 1.1372e+02, 3.3427e+00, 
 2DIAGNOSTIC,    19, -4.025500619600e-01, 1.674217890199e-06, 1.1697e+02, 3.2546e+00, 
 2DIAGNOSTIC,    20, -4.025500619600e-01, 1.590506454187e-06, 1.1977e+02, 2.7989e+00, 
 2DIAGNOSTIC,    21, -4.025500619600e-01, 1.514767584178e-06, 1.2350e+02, 3.7337e+00, 
 2DIAGNOSTIC,    22, -4.025500619600e-01, 1.445914106536e-06, 1.2668e+02, 3.1806e+00, 
 2DIAGNOSTIC,    23, -4.025500619600e-01, 1.383047921542e-06, 1.2988e+02, 3.1984e+00, 
 2DIAGNOSTIC,    24, -4.025500619600e-01, 1.325420613568e-06, 1.3284e+02, 2.9554e+00, 
 2DIAGNOSTIC,    25, -4.025500619600e-01, 1.272403514163e-06, 1.3607e+02, 3.2315e+00, 
 2DIAGNOSTIC,    26, -4.025500619600e-01, 1.223464673496e-06, 1.3979e+02, 3.7235e+00, 
 2DIAGNOSTIC,    27, -4.025500619600e-01, 1.178150949549e-06, 1.4341e+02, 3.6125e+00, 
 2DIAGNOSTIC,    28, -4.025500619600e-01, 1.136073935155e-06, 1.4652e+02, 3.1099e+00, 
 2DIAGNOSTIC,    29, -4.025500619600e-01, 1.096898796793e-06, 1.4986e+02, 3.3401e+00, 
 2DIAGNOSTIC,    30, -4.025500619600e-01, 1.060335345582e-06, 1.5365e+02, 3.7924e+00, 
 2DIAGNOSTIC,    31, -4.025500619600e-01, 1.026130836572e-06, 1.5742e+02, 3.7689e+00, 
  Elapsed time (stage 0): 1.6413e+02


Stage 1
  iterations = 1000x1000x1000x1000x1000
  convergence threshold = 1.0000e-06
  convergence window size = 10
  number of levels = 5
  using the Mattes MI metric (number of bins = 32, weight = 1.0000e+00, use gradient filter = 0)
  preprocessing:  winsorizing the image intensities
  preprocessing:  histogram matching the images
  Shrink factors (level 1 out of 5): [8, 8, 8]
  Shrink factors (level 2 out of 5): [8, 8, 8]
  Shrink factors (level 3 out of 5): [4, 4, 4]
  Shrink factors (level 4 out of 5): [2, 2, 2]
  Shrink factors (level 5 out of 5): [1, 1, 1]
  smoothing sigmas per level: [4, 3, 2, 1, 0]
  regular sampling (percentage = 2.5000e-01)

*** Running AffineTransform registration ***

DIAGNOSTIC,Iteration,metricValue,convergenceValue,ITERATION_TIME_INDEX,SINCE_LAST
 2DIAGNOSTIC,     1, -5.198559203619e-01, 1.797693134862e+308, 1.3745e+00, 1.3745e+00, 
 2DIAGNOSTIC,     2, -5.213792785644e-01, 1.797693134862e+308, 1.3836e+00, 9.1581e-03, 
 2DIAGNOSTIC,     3, -5.242282272486e-01, 1.797693134862e+308, 1.3926e+00, 9.0060e-03, 
 2DIAGNOSTIC,     4, -5.287499474581e-01, 1.797693134862e+308, 1.4021e+00, 9.4790e-03, 
 2DIAGNOSTIC,     5, -5.352369174764e-01, 1.797693134862e+308, 1.4115e+00, 9.3491e-03, 
 2DIAGNOSTIC,     6, -5.466124747755e-01, 1.797693134862e+308, 1.4209e+00, 9.4550e-03, 
 2DIAGNOSTIC,     7, -5.778102991433e-01, 1.797693134862e+308, 1.4309e+00, 1.0020e-02, 
 2DIAGNOSTIC,     8, -6.045228560863e-01, 1.797693134862e+308, 1.4445e+00, 1.3543e-02, 
 2DIAGNOSTIC,     9, -6.191033584799e-01, 1.797693134862e+308, 1.4539e+00, 9.3849e-03, 
 2DIAGNOSTIC,    10, -6.717950311829e-01, 1.602497445039e-02, 1.4648e+00, 1.0889e-02, 
 2DIAGNOSTIC,    11, -7.006803181464e-01, 1.831548842488e-02, 1.4783e+00, 1.3559e-02, 
 2DIAGNOSTIC,    12, -7.166225186721e-01, 1.917623621319e-02, 1.4989e+00, 2.0557e-02, 
 2DIAGNOSTIC,    13, -7.391314905435e-01, 1.905612388205e-02, 1.5102e+00, 1.1304e-02, 
 2DIAGNOSTIC,    14, -7.562607473403e-01, 1.793627090458e-02, 1.5206e+00, 1.0399e-02, 
 2DIAGNOSTIC,    15, -7.654743405442e-01, 1.583356142605e-02, 1.5300e+00, 9.3880e-03, 
 2DIAGNOSTIC,    16, -7.887134590632e-01, 1.354055606382e-02, 1.5405e+00, 1.0591e-02, 
 2DIAGNOSTIC,    17, -8.277416849770e-01, 1.212543419791e-02, 1.5520e+00, 1.1406e-02, 
 2DIAGNOSTIC,    18, -8.382916465532e-01, 1.068483308974e-02, 1.5625e+00, 1.0549e-02, 
 2DIAGNOSTIC,    19, -8.638829488185e-01, 9.328605732743e-03, 1.5730e+00, 1.0500e-02, 
 2DIAGNOSTIC,    20, -8.711008869584e-01, 8.536174441046e-03, 1.5830e+00, 1.0000e-02, 
 2DIAGNOSTIC,    21, -8.726362738480e-01, 7.651466414220e-03, 1.5921e+00, 9.0880e-03, 
 2DIAGNOSTIC,    22, -8.789486296728e-01, 6.562725905206e-03, 1.6027e+00, 1.0578e-02, 
 2DIAGNOSTIC,    23, -8.898693922003e-01, 5.562086890952e-03, 1.6137e+00, 1.1023e-02, 
 2DIAGNOSTIC,    24, -8.948712828304e-01, 4.517069136852e-03, 1.6234e+00, 9.7461e-03, 
 2DIAGNOSTIC,    25, -8.985812639207e-01, 3.358074443247e-03, 1.6354e+00, 1.1979e-02, 
 2DIAGNOSTIC,    26, -9.014575413270e-01, 2.382452537893e-03, 1.6449e+00, 9.5291e-03, 
 2DIAGNOSTIC,    27, -9.039716648098e-01, 1.871230479769e-03, 1.6629e+00, 1.7995e-02, 
 2DIAGNOSTIC,    28, -9.041033035218e-01, 1.365419075773e-03, 1.6734e+00, 1.0489e-02, 
 2DIAGNOSTIC,    29, -9.047221235954e-01, 1.117577050343e-03, 1.6836e+00, 1.0166e-02, 
 2DIAGNOSTIC,    30, -9.053022446626e-01, 8.853146984547e-04, 1.6941e+00, 1.0454e-02, 
 2DIAGNOSTIC,    31, -9.056102577589e-01, 6.097540478334e-04, 1.7065e+00, 1.2448e-02, 
 2DIAGNOSTIC,    32, -9.058408402672e-01, 3.712363990105e-04, 1.7177e+00, 1.1167e-02, 
 2DIAGNOSTIC,    33, -9.061535036289e-01, 2.410557295247e-04, 1.7278e+00, 1.0170e-02, 
 2DIAGNOSTIC,    34, -9.071199793826e-01, 1.617702963491e-04, 1.7431e+00, 1.5237e-02, 
 2DIAGNOSTIC,    35, -9.071868309012e-01, 1.114968143439e-04, 1.7517e+00, 8.6749e-03, 
 2DIAGNOSTIC,    36, -9.073316929317e-01, 8.425585011262e-05, 1.7614e+00, 9.6841e-03, 
 2DIAGNOSTIC,    37, -9.075001014078e-01, 7.749194487794e-05, 1.7715e+00, 1.0078e-02, 
 2DIAGNOSTIC,    38, -9.076481654518e-01, 6.639412557208e-05, 1.7813e+00, 9.8310e-03, 
 2DIAGNOSTIC,    39, -9.078085392654e-01, 5.672492422647e-05, 1.7945e+00, 1.3159e-02, 
 2DIAGNOSTIC,    40, -9.078648745989e-01, 4.799080058464e-05, 1.8056e+00, 1.1144e-02, 
 2DIAGNOSTIC,    41, -9.079021872041e-01, 3.840198452153e-05, 1.8148e+00, 9.1310e-03, 
 2DIAGNOSTIC,    42, -9.079318845110e-01, 2.800088084126e-05, 1.8245e+00, 9.7520e-03, 
 2DIAGNOSTIC,    43, -9.079911088164e-01, 1.842128922622e-05, 1.8355e+00, 1.0979e-02, 
 2DIAGNOSTIC,    44, -9.080290233133e-01, 1.576378419510e-05, 1.8497e+00, 1.4202e-02, 
 2DIAGNOSTIC,    45, -9.080329584529e-01, 1.236261975377e-05, 1.8612e+00, 1.1542e-02, 
 2DIAGNOSTIC,    46, -9.080496893313e-01, 9.266288877190e-06, 1.8713e+00, 1.0087e-02, 
 2DIAGNOSTIC,    47, -9.080631824895e-01, 6.856837685719e-06, 1.8816e+00, 1.0219e-02, 
 2DIAGNOSTIC,    48, -9.080714666621e-01, 5.088713730943e-06, 1.8913e+00, 9.7229e-03, 
 2DIAGNOSTIC,    49, -9.080802114023e-01, 4.186772148602e-06, 1.9012e+00, 9.8801e-03, 
 2DIAGNOSTIC,    50, -9.080857490936e-01, 3.427586807089e-06, 1.9129e+00, 1.1711e-02, 
 2DIAGNOSTIC,    51, -9.080869267090e-01, 2.706575686136e-06, 1.9223e+00, 9.3961e-03, 
 2DIAGNOSTIC,    52, -9.080896837265e-01, 2.032405505198e-06, 1.9313e+00, 9.0480e-03, 
 2DIAGNOSTIC,    53, -9.081045070413e-01, 1.736212670946e-06, 1.9440e+00, 1.2719e-02, 
 2DIAGNOSTIC,    54, -9.081063090157e-01, 1.603064137844e-06, 1.9536e+00, 9.5279e-03, 
 2DIAGNOSTIC,    55, -9.081090231079e-01, 1.425140322996e-06, 1.9632e+00, 9.6300e-03, 
 2DIAGNOSTIC,    56, -9.081111342660e-01, 1.295084885510e-06, 1.9722e+00, 9.0020e-03, 
 2DIAGNOSTIC,    57, -9.081131210542e-01, 1.198733882980e-06, 1.9819e+00, 9.6989e-03, 
 2DIAGNOSTIC,    58, -9.081173204594e-01, 1.121613898539e-06, 1.9962e+00, 1.4275e-02, 
 2DIAGNOSTIC,    59, -9.081175061226e-01, 1.048117376893e-06, 2.0052e+00, 9.0401e-03, 
DIAGNOSTIC,Iteration,metricValue,convergenceValue,ITERATION_TIME_INDEX,SINCE_LAST
 2DIAGNOSTIC,     1, -8.442205079177e-01, 1.797693134862e+308, 3.3729e+00, 1.3677e+00, 
 2DIAGNOSTIC,     2, -8.448335596740e-01, 1.797693134862e+308, 3.3820e+00, 9.0990e-03, 
 2DIAGNOSTIC,     3, -8.452331288183e-01, 1.797693134862e+308, 3.3932e+00, 1.1188e-02, 
 2DIAGNOSTIC,     4, -8.454124570062e-01, 1.797693134862e+308, 3.4064e+00, 1.3236e-02, 
 2DIAGNOSTIC,     5, -8.454190172060e-01, 1.797693134862e+308, 3.4153e+00, 8.8019e-03, 
 2DIAGNOSTIC,     6, -8.454348456627e-01, 1.797693134862e+308, 3.4239e+00, 8.6401e-03, 
 2DIAGNOSTIC,     7, -8.454548980006e-01, 1.797693134862e+308, 3.4326e+00, 8.7230e-03, 
 2DIAGNOSTIC,     8, -8.454780980748e-01, 1.797693134862e+308, 3.4412e+00, 8.6291e-03, 
 2DIAGNOSTIC,     9, -8.455008521492e-01, 1.797693134862e+308, 3.4497e+00, 8.5011e-03, 
 2DIAGNOSTIC,    10, -8.455244918742e-01, 7.316526166341e-05, 3.4587e+00, 8.9920e-03, 
 2DIAGNOSTIC,    11, -8.455627282329e-01, 3.580172284931e-05, 3.4675e+00, 8.7950e-03, 
 2DIAGNOSTIC,    12, -8.456058000166e-01, 1.981684193274e-05, 3.4764e+00, 8.8730e-03, 
 2DIAGNOSTIC,    13, -8.457406634486e-01, 1.841498629783e-05, 3.4876e+00, 1.1211e-02, 
 2DIAGNOSTIC,    14, -8.458253825203e-01, 2.203314465088e-05, 3.4983e+00, 1.0732e-02, 
 2DIAGNOSTIC,    15, -8.458475713388e-01, 2.399647420431e-05, 3.5139e+00, 1.5574e-02, 
 2DIAGNOSTIC,    16, -8.458491945228e-01, 2.411209196082e-05, 3.5232e+00, 9.2962e-03, 
 2DIAGNOSTIC,    17, -8.458543376086e-01, 2.267999536897e-05, 3.5321e+00, 8.8689e-03, 
 2DIAGNOSTIC,    18, -8.458600387806e-01, 1.998229723331e-05, 3.5408e+00, 8.7450e-03, 
 2DIAGNOSTIC,    19, -8.458663156834e-01, 1.636600418116e-05, 3.5493e+00, 8.4932e-03, 
 2DIAGNOSTIC,    20, -8.458730310730e-01, 1.227158944565e-05, 3.5608e+00, 1.1433e-02, 
 2DIAGNOSTIC,    21, -8.458785062117e-01, 8.297895445451e-06, 3.5710e+00, 1.0208e-02, 
 2DIAGNOSTIC,    22, -8.458789472138e-01, 4.677823177833e-06, 3.5799e+00, 8.9118e-03, 
 2DIAGNOSTIC,    23, -8.458818364590e-01, 3.052554683150e-06, 3.5915e+00, 1.1606e-02, 
 2DIAGNOSTIC,    24, -8.458820856592e-01, 2.586846930976e-06, 3.6001e+00, 8.6322e-03, 
 2DIAGNOSTIC,    25, -8.458821527986e-01, 2.339028581003e-06, 3.6089e+00, 8.7841e-03, 
 2DIAGNOSTIC,    26, -8.458823163119e-01, 2.032484977044e-06, 3.6223e+00, 1.3371e-02, 
 2DIAGNOSTIC,    27, -8.458823221148e-01, 1.736372616856e-06, 3.6480e+00, 2.5746e-02, 
 2DIAGNOSTIC,    28, -8.458823221145e-01, 1.476535899492e-06, 3.6690e+00, 2.0981e-02, 
 2DIAGNOSTIC,    29, -8.458823221145e-01, 1.273718980940e-06, 3.6795e+00, 1.0459e-02, 
 2DIAGNOSTIC,    30, -8.458823221145e-01, 1.141769878109e-06, 3.6890e+00, 9.5341e-03, 
 2DIAGNOSTIC,    31, -8.458823221145e-01, 1.070266156297e-06, 3.6986e+00, 9.5809e-03, 
 2DIAGNOSTIC,    32, -8.458823221145e-01, 1.002873909729e-06, 3.7103e+00, 1.1678e-02, 
DIAGNOSTIC,Iteration,metricValue,convergenceValue,ITERATION_TIME_INDEX,SINCE_LAST
 2DIAGNOSTIC,     1, -7.742624323479e-01, 1.797693134862e+308, 5.2364e+00, 1.5262e+00, 
 2DIAGNOSTIC,     2, -7.744150990592e-01, 1.797693134862e+308, 5.3195e+00, 8.3065e-02, 
 2DIAGNOSTIC,     3, -7.744609384427e-01, 1.797693134862e+308, 5.4113e+00, 9.1787e-02, 
 2DIAGNOSTIC,     4, -7.745089395103e-01, 1.797693134862e+308, 5.5112e+00, 9.9894e-02, 
 2DIAGNOSTIC,     5, -7.745402701732e-01, 1.797693134862e+308, 5.5900e+00, 7.8777e-02, 
 2DIAGNOSTIC,     6, -7.745643924639e-01, 1.797693134862e+308, 5.6843e+00, 9.4358e-02, 
 2DIAGNOSTIC,     7, -7.745918761352e-01, 1.797693134862e+308, 5.7819e+00, 9.7549e-02, 
 2DIAGNOSTIC,     8, -7.746153899251e-01, 1.797693134862e+308, 5.8615e+00, 7.9587e-02, 
 2DIAGNOSTIC,     9, -7.746294326118e-01, 1.797693134862e+308, 5.9537e+00, 9.2262e-02, 
 2DIAGNOSTIC,    10, -7.746639829403e-01, 3.033299032014e-05, 6.0438e+00, 9.0032e-02, 
 2DIAGNOSTIC,    11, -7.746922469306e-01, 2.219747357710e-05, 6.1560e+00, 1.1223e-01, 
 2DIAGNOSTIC,    12, -7.747361080716e-01, 1.966490232144e-05, 6.2445e+00, 8.8472e-02, 
 2DIAGNOSTIC,    13, -7.748257591595e-01, 1.976725167231e-05, 6.3214e+00, 7.6899e-02, 
 2DIAGNOSTIC,    14, -7.748300927420e-01, 1.959608114883e-05, 6.3999e+00, 7.8560e-02, 
 2DIAGNOSTIC,    15, -7.748352500592e-01, 1.878202989705e-05, 6.4890e+00, 8.9069e-02, 
 2DIAGNOSTIC,    16, -7.748432925297e-01, 1.728682581936e-05, 6.5915e+00, 1.0253e-01, 
 2DIAGNOSTIC,    17, -7.748446971310e-01, 1.515630579075e-05, 6.6880e+00, 9.6443e-02, 
 2DIAGNOSTIC,    18, -7.748449695017e-01, 1.249820164165e-05, 6.7618e+00, 7.3800e-02, 
 2DIAGNOSTIC,    19, -7.748458869490e-01, 9.410155437560e-06, 6.8391e+00, 7.7369e-02, 
 2DIAGNOSTIC,    20, -7.748474493942e-01, 6.593825308855e-06, 6.9157e+00, 7.6602e-02, 
 2DIAGNOSTIC,    21, -7.748493535434e-01, 4.101594098770e-06, 6.9881e+00, 7.2325e-02, 
 2DIAGNOSTIC,    22, -7.748499783154e-01, 2.294460774321e-06, 7.0768e+00, 8.8788e-02, 
 2DIAGNOSTIC,    23, -7.748523193513e-01, 2.033859838858e-06, 7.1987e+00, 1.2184e-01, 
 2DIAGNOSTIC,    24, -7.748526635669e-01, 1.804299453116e-06, 7.2964e+00, 9.7680e-02, 
 2DIAGNOSTIC,    25, -7.748526862837e-01, 1.620982774786e-06, 7.3737e+00, 7.7333e-02, 
 2DIAGNOSTIC,    26, -7.748527119463e-01, 1.532555949292e-06, 7.4513e+00, 7.7600e-02, 
 2DIAGNOSTIC,    27, -7.748528561453e-01, 1.442730917553e-06, 7.5254e+00, 7.4154e-02, 
 2DIAGNOSTIC,    28, -7.748532955219e-01, 1.343410339139e-06, 7.5976e+00, 7.2171e-02, 
 2DIAGNOSTIC,    29, -7.748540257145e-01, 1.251754305563e-06, 7.6716e+00, 7.3976e-02, 
 2DIAGNOSTIC,    30, -7.748555341161e-01, 1.188842130163e-06, 7.7501e+00, 7.8457e-02, 
 2DIAGNOSTIC,    31, -7.748570531612e-01, 1.158203539610e-06, 7.8400e+00, 8.9925e-02, 
 2DIAGNOSTIC,    32, -7.748579376637e-01, 1.133362597161e-06, 8.0000e+00, 1.5999e-01, 
 2DIAGNOSTIC,    33, -7.748579503035e-01, 1.122967955527e-06, 8.0980e+00, 9.8058e-02, 
 2DIAGNOSTIC,    34, -7.748579515562e-01, 1.102015655504e-06, 8.1834e+00, 8.5412e-02, 
 2DIAGNOSTIC,    35, -7.748579527579e-01, 1.066592730994e-06, 8.2914e+00, 1.0794e-01, 
 2DIAGNOSTIC,    36, -7.748579529620e-01, 1.018195552135e-06, 8.3747e+00, 8.3366e-02, 
DIAGNOSTIC,Iteration,metricValue,convergenceValue,ITERATION_TIME_INDEX,SINCE_LAST
 2DIAGNOSTIC,     1, -6.927145438949e-01, 1.797693134862e+308, 1.1100e+01, 2.7255e+00, 
 2DIAGNOSTIC,     2, -6.928980874351e-01, 1.797693134862e+308, 1.1728e+01, 6.2744e-01, 
 2DIAGNOSTIC,     3, -6.929705822116e-01, 1.797693134862e+308, 1.2387e+01, 6.5912e-01, 
 2DIAGNOSTIC,     4, -6.930083742255e-01, 1.797693134862e+308, 1.3081e+01, 6.9406e-01, 
 2DIAGNOSTIC,     5, -6.930441126293e-01, 1.797693134862e+308, 1.3918e+01, 8.3760e-01, 
 2DIAGNOSTIC,     6, -6.930478009629e-01, 1.797693134862e+308, 1.4506e+01, 5.8783e-01, 
 2DIAGNOSTIC,     7, -6.930609471411e-01, 1.797693134862e+308, 1.5100e+01, 5.9331e-01, 
 2DIAGNOSTIC,     8, -6.930661839154e-01, 1.797693134862e+308, 1.5704e+01, 6.0447e-01, 
 2DIAGNOSTIC,     9, -6.930701766345e-01, 1.797693134862e+308, 1.6450e+01, 7.4565e-01, 
 2DIAGNOSTIC,    10, -6.930738204755e-01, 2.786561253841e-05, 1.7064e+01, 6.1446e-01, 
 2DIAGNOSTIC,    11, -6.930763698517e-01, 1.498443390872e-05, 1.7680e+01, 6.1589e-01, 
 2DIAGNOSTIC,    12, -6.930788057967e-01, 9.479047487937e-06, 1.8463e+01, 7.8244e-01, 
 2DIAGNOSTIC,    13, -6.930819254729e-01, 6.566729890842e-06, 1.9304e+01, 8.4124e-01, 
 2DIAGNOSTIC,    14, -6.930829775389e-01, 4.808257581521e-06, 1.9908e+01, 6.0399e-01, 
 2DIAGNOSTIC,    15, -6.930840698433e-01, 4.062423986748e-06, 2.0485e+01, 5.7730e-01, 
 2DIAGNOSTIC,    16, -6.930864724319e-01, 3.380658723351e-06, 2.1096e+01, 6.1091e-01, 
 2DIAGNOSTIC,    17, -6.930962072042e-01, 3.199417234784e-06, 2.1930e+01, 8.3408e-01, 
 2DIAGNOSTIC,    18, -6.930966256704e-01, 3.037033357078e-06, 2.2543e+01, 6.1292e-01, 
 2DIAGNOSTIC,    19, -6.930973898600e-01, 2.878417397940e-06, 2.3155e+01, 6.1217e-01, 
 2DIAGNOSTIC,    20, -6.931006885348e-01, 2.768537157548e-06, 2.4014e+01, 8.5931e-01, 
 2DIAGNOSTIC,    21, -6.931014195467e-01, 2.620039207528e-06, 2.4628e+01, 6.1380e-01, 
 2DIAGNOSTIC,    22, -6.931017214673e-01, 2.429115134858e-06, 2.5227e+01, 5.9921e-01, 
 2DIAGNOSTIC,    23, -6.931022253744e-01, 2.227948561473e-06, 2.5836e+01, 6.0886e-01, 
 2DIAGNOSTIC,    24, -6.931066779499e-01, 2.060641938993e-06, 2.6518e+01, 6.8150e-01, 
 2DIAGNOSTIC,    25, -6.931068156685e-01, 1.855860912205e-06, 2.7356e+01, 8.3770e-01, 
 2DIAGNOSTIC,    26, -6.931069124978e-01, 1.647765292691e-06, 2.7968e+01, 6.1238e-01, 
 2DIAGNOSTIC,    27, -6.931069806897e-01, 1.565728959013e-06, 2.8571e+01, 6.0260e-01, 
 2DIAGNOSTIC,    28, -6.931071427628e-01, 1.461576117752e-06, 2.9185e+01, 6.1491e-01, 
 2DIAGNOSTIC,    29, -6.931079627488e-01, 1.354002115019e-06, 2.9877e+01, 6.9134e-01, 
 2DIAGNOSTIC,    30, -6.931092895434e-01, 1.291853597984e-06, 3.1179e+01, 1.3023e+00, 
 2DIAGNOSTIC,    31, -6.931092950287e-01, 1.222106565932e-06, 3.1776e+01, 5.9694e-01, 
 2DIAGNOSTIC,    32, -6.931093094485e-01, 1.143086735537e-06, 3.2380e+01, 6.0438e-01, 
 2DIAGNOSTIC,    33, -6.931093337829e-01, 1.059933260640e-06, 3.2989e+01, 6.0873e-01, 
 2DIAGNOSTIC,    34, -6.931093737525e-01, 1.026488277975e-06, 3.3604e+01, 6.1533e-01, 
DIAGNOSTIC,Iteration,metricValue,convergenceValue,ITERATION_TIME_INDEX,SINCE_LAST
 2DIAGNOSTIC,     1, -6.335367511947e-01, 1.797693134862e+308, 4.3473e+01, 9.8688e+00, 
 2DIAGNOSTIC,     2, -6.337168565584e-01, 1.797693134862e+308, 4.7525e+01, 4.0513e+00, 
 2DIAGNOSTIC,     3, -6.337286482331e-01, 1.797693134862e+308, 5.2541e+01, 5.0163e+00, 
 2DIAGNOSTIC,     4, -6.337288759314e-01, 1.797693134862e+308, 5.8219e+01, 5.6782e+00, 
 2DIAGNOSTIC,     5, -6.337288766946e-01, 1.797693134862e+308, 6.4575e+01, 6.3561e+00, 
 2DIAGNOSTIC,     6, -6.337288766960e-01, 1.797693134862e+308, 7.2561e+01, 7.9862e+00, 
 2DIAGNOSTIC,     7, -6.337288766960e-01, 1.797693134862e+308, 7.5943e+01, 3.3820e+00, 
 2DIAGNOSTIC,     8, -6.337288766960e-01, 1.797693134862e+308, 8.0017e+01, 4.0734e+00, 
 2DIAGNOSTIC,     9, -6.337288766960e-01, 1.797693134862e+308, 8.4158e+01, 4.1417e+00, 
 2DIAGNOSTIC,    10, -6.337288766960e-01, 1.227579822906e-05, 8.7881e+01, 3.7230e+00, 
 2DIAGNOSTIC,    11, -6.337288766960e-01, 3.390133451853e-06, 9.1760e+01, 3.8791e+00, 
 2DIAGNOSTIC,    12, -6.337288766960e-01, 2.659461677282e-06, 9.5531e+01, 3.7704e+00, 
 2DIAGNOSTIC,    13, -6.337288766960e-01, 2.447004273987e-06, 9.9261e+01, 3.7301e+00, 
 2DIAGNOSTIC,    14, -6.337288766960e-01, 2.272189738056e-06, 1.0357e+02, 4.3133e+00, 
 2DIAGNOSTIC,    15, -6.337288766960e-01, 2.120707122480e-06, 1.0773e+02, 4.1542e+00, 
 2DIAGNOSTIC,    16, -6.337288766960e-01, 1.988160255831e-06, 1.1212e+02, 4.3939e+00, 
 2DIAGNOSTIC,    17, -6.337288766960e-01, 1.871207433973e-06, 1.1728e+02, 5.1546e+00, 
 2DIAGNOSTIC,    18, -6.337288766960e-01, 1.767249602852e-06, 1.2233e+02, 5.0544e+00, 
 2DIAGNOSTIC,    19, -6.337288766960e-01, 1.674234887054e-06, 1.2662e+02, 4.2937e+00, 
 2DIAGNOSTIC,    20, -6.337288766960e-01, 1.590521792848e-06, 1.3090e+02, 4.2742e+00, 
 2DIAGNOSTIC,    21, -6.337288766960e-01, 1.514781496688e-06, 1.3505e+02, 4.1472e+00, 
 2DIAGNOSTIC,    22, -6.337288766960e-01, 1.445926782986e-06, 1.3882e+02, 3.7786e+00, 
 2DIAGNOSTIC,    23, -6.337288766960e-01, 1.383059519647e-06, 1.4230e+02, 3.4798e+00, 
 2DIAGNOSTIC,    24, -6.337288766960e-01, 1.325431265325e-06, 1.4627e+02, 3.9634e+00, 
 2DIAGNOSTIC,    25, -6.337288766960e-01, 1.272413330804e-06, 1.5034e+02, 4.0745e+00, 
 2DIAGNOSTIC,    26, -6.337288766960e-01, 1.223473749541e-06, 1.5401e+02, 3.6670e+00, 
 2DIAGNOSTIC,    27, -6.337288766960e-01, 1.178159365747e-06, 1.5768e+02, 3.6732e+00, 
 2DIAGNOSTIC,    28, -6.337288766960e-01, 1.136081760902e-06, 1.6135e+02, 3.6673e+00, 
 2DIAGNOSTIC,    29, -6.337288766960e-01, 1.096906092110e-06, 1.6547e+02, 4.1228e+00, 
 2DIAGNOSTIC,    30, -6.337288766960e-01, 1.060342162677e-06, 1.6886e+02, 3.3826e+00, 
 2DIAGNOSTIC,    31, -6.337288766960e-01, 1.026137220930e-06, 1.7258e+02, 3.7220e+00, 
  Elapsed time (stage 1): 1.7984e+02


Total elapsed time: 3.4440e+02
ALL Done
