
Running for 3-dimensional images.

*********10*********20*********30*********40*********50*********60*********70*********80*********90*********

   AdaptiveNonLocalMeansDenoisingImageFilter (0x23e8370)
     RTTI typeinfo:   itk::AdaptiveNonLocalMeansDenoisingImageFilter<itk::Image<float, 3u>, itk::Image<float, 3u>, itk::Image<unsigned char, 3u> >
     Reference Count: 1
     Modified Time: 392
     Debug: Off
     Object Name: 
     Observers: 
       ProgressEvent(Command)
     Inputs: 
       Primary: (0x23e72f0) *
       _1: (0)
     Indexed Inputs: 
       0: Primary (0x23e72f0)
       1: _1 (0)
     Required Input Names: Primary
     NumberOfRequiredInputs: 1
     Outputs: 
       Primary: (0x23e6da0)
     Indexed Outputs: 
       0: Primary (0x23e6da0)
     NumberOfRequiredOutputs: 1
     Number Of Work Units: 56
     ReleaseDataFlag: Off
     ReleaseDataBeforeUpdateFlag: Off
     AbortGenerateData: Off
     Progress: 1
     Multithreader: 
       RTTI typeinfo:   itk::PoolMultiThreader
       Reference Count: 1
       Modified Time: 352
       Debug: Off
       Object Name: 
       Observers: 
         none
       Number of Work Units: 52
       Number of Threads: 14
       Global Maximum Number Of Threads: 128
       Global Default Number Of Threads: 14
       Global Default Threader Type: itk::MultiThreaderBaseEnums::Threader::Pool
       SingleMethod: 1
       SingleData: 0x7ffd6cf13948
     DynamicMultiThreading: Off
     CoordinateTolerance: 1e-06
     DirectionTolerance: 1e-06
Using mean squares to measure the patch similarity.
     Neighborhood search radius = [2, 2, 2]
     Neighborhood patch radius = [1, 1, 1]
     Using Rician noise model.
     Epsilon = 1e-05
     Mean threshold = 0.95
     Variance threshold = 0.5
     Smoothing variance = 2
     Neighborhood radius for local mean and variance = [1, 1, 1]
Elapsed time: 263.017
All_Command_lines_OK
Using double precision for computations.
=============================================================================
The composite transform comprises the following transforms (in order): 
  1. Center of mass alignment using fixed image: /Dedicated/jmichaelson-wdata/msmuhammad/projects/RPOE/3dprint/data/derivatives/pre-freesurfer/../../temp/MNI152_T1_0.5mm.nii.gz and moving image: /Dedicated/jmichaelson-wdata/msmuhammad/projects/RPOE/3dprint/data/derivatives/pre-freesurfer/2E_045/2E_045/2E_045_reorient_RPI_denoise.nii.gz (type = Euler3DTransform)
=============================================================================
  number of levels = 5
  number of levels = 5
  fixed image: /Dedicated/jmichaelson-wdata/msmuhammad/projects/RPOE/3dprint/data/derivatives/pre-freesurfer/../../temp/MNI152_T1_0.5mm.nii.gz
  moving image: /Dedicated/jmichaelson-wdata/msmuhammad/projects/RPOE/3dprint/data/derivatives/pre-freesurfer/2E_045/2E_045/2E_045_reorient_RPI_denoise.nii.gz
  fixed image: /Dedicated/jmichaelson-wdata/msmuhammad/projects/RPOE/3dprint/data/derivatives/pre-freesurfer/../../temp/MNI152_T1_0.5mm.nii.gz
  moving image: /Dedicated/jmichaelson-wdata/msmuhammad/projects/RPOE/3dprint/data/derivatives/pre-freesurfer/2E_045/2E_045/2E_045_reorient_RPI_denoise.nii.gz
Dimension = 3
Number of stages = 2
Use histogram matching = true
Winsorize image intensities = true
  Lower quantile = 0.005
  Upper quantile = 0.995


Stage 1 State
   Image metric = Mattes
     Fixed image = Image (0x3d38f10)
  RTTI typeinfo:   itk::Image<double, 3u>
  Reference Count: 2
  Modified Time: 1694
  Debug: Off
  Object Name: 
  Observers: 
    none
  Source: (none)
  Source output name: (none)
  Release Data: Off
  Data Released: False
  Global Release Data: Off
  PipelineMTime: 0
  UpdateMTime: 1477
  RealTimeStamp: 0 seconds 
  LargestPossibleRegion: 
    Dimension: 3
    Index: [0, 0, 0]
    Size: [364, 436, 364]
  BufferedRegion: 
    Dimension: 3
    Index: [0, 0, 0]
    Size: [364, 436, 364]
  RequestedRegion: 
    Dimension: 3
    Index: [0, 0, 0]
    Size: [364, 436, 364]
  Spacing: [0.5, 0.5, 0.5]
  Origin: [-90, 126, -72]
  Direction: 
1 0 0
0 -1 0
0 0 1

  IndexToPointMatrix: 
0.5 0 0
0 -0.5 0
0 0 0.5

  PointToIndexMatrix: 
2 0 0
0 -2 0
0 0 2

  Inverse Direction: 
1 0 0
0 -1 0
0 0 1

  PixelContainer: 
    ImportImageContainer (0x3d259d0)
      RTTI typeinfo:   itk::ImportImageContainer<unsigned long, double>
      Reference Count: 1
      Modified Time: 1474
      Debug: Off
      Object Name: 
      Observers: 
        none
      Pointer: 0x2b3012b37010
      Container manages memory: true
      Size: 57768256
      Capacity: 57768256

     Moving image = Image (0x3d38af0)
  RTTI typeinfo:   itk::Image<double, 3u>
  Reference Count: 2
  Modified Time: 1695
  Debug: Off
  Object Name: 
  Observers: 
    none
  Source: (none)
  Source output name: (none)
  Release Data: Off
  Data Released: False
  Global Release Data: Off
  PipelineMTime: 0
  UpdateMTime: 1692
  RealTimeStamp: 0 seconds 
  LargestPossibleRegion: 
    Dimension: 3
    Index: [0, 0, 0]
    Size: [280, 512, 512]
  BufferedRegion: 
    Dimension: 3
    Index: [0, 0, 0]
    Size: [280, 512, 512]
  RequestedRegion: 
    Dimension: 3
    Index: [0, 0, 0]
    Size: [280, 512, 512]
  Spacing: [0.599998, 0.4688, 0.4688]
  Origin: [-86.8246, 82.4475, -115.104]
  Direction: 
1 0 0
0 -1 0
0 0 1

  IndexToPointMatrix: 
0.599998 0 0
0 -0.4688 0
0 0 0.4688

  PointToIndexMatrix: 
1.66667 0 0
0 -2.13311 0
0 0 2.13311

  Inverse Direction: 
1 0 0
0 -1 0
0 0 1

  PixelContainer: 
    ImportImageContainer (0x3d3c190)
      RTTI typeinfo:   itk::ImportImageContainer<unsigned long, double>
      Reference Count: 1
      Modified Time: 1689
      Debug: Off
      Object Name: 
      Observers: 
        none
      Pointer: 0x2b302e3f4010
      Container manages memory: true
      Size: 73400320
      Capacity: 73400320

     Weighting = 1
     Sampling strategy = regular
     Number of bins = 32
     Radius = 4
     Sampling percentage  = 0.25
   Transform = Rigid
     Gradient step = 0.1
     Update field sigma (voxel space) = 0
     Total field sigma (voxel space) = 0
     Update field time sigma = 0
     Total field time sigma  = 0
     Number of time indices = 0
     Number of time point samples = 0
Stage 2 State
   Image metric = Mattes
     Fixed image = Image (0x3d484a0)
  RTTI typeinfo:   itk::Image<double, 3u>
  Reference Count: 2
  Modified Time: 2126
  Debug: Off
  Object Name: 
  Observers: 
    none
  Source: (none)
  Source output name: (none)
  Release Data: Off
  Data Released: False
  Global Release Data: Off
  PipelineMTime: 0
  UpdateMTime: 1909
  RealTimeStamp: 0 seconds 
  LargestPossibleRegion: 
    Dimension: 3
    Index: [0, 0, 0]
    Size: [364, 436, 364]
  BufferedRegion: 
    Dimension: 3
    Index: [0, 0, 0]
    Size: [364, 436, 364]
  RequestedRegion: 
    Dimension: 3
    Index: [0, 0, 0]
    Size: [364, 436, 364]
  Spacing: [0.5, 0.5, 0.5]
  Origin: [-90, 126, -72]
  Direction: 
1 0 0
0 -1 0
0 0 1

  IndexToPointMatrix: 
0.5 0 0
0 -0.5 0
0 0 0.5

  PointToIndexMatrix: 
2 0 0
0 -2 0
0 0 2

  Inverse Direction: 
1 0 0
0 -1 0
0 0 1

  PixelContainer: 
    ImportImageContainer (0x3d48760)
      RTTI typeinfo:   itk::ImportImageContainer<unsigned long, double>
      Reference Count: 1
      Modified Time: 1906
      Debug: Off
      Object Name: 
      Observers: 
        none
      Pointer: 0x2b30513f5010
      Container manages memory: true
      Size: 57768256
      Capacity: 57768256

     Moving image = Image (0x3d325b0)
  RTTI typeinfo:   itk::Image<double, 3u>
  Reference Count: 2
  Modified Time: 2127
  Debug: Off
  Object Name: 
  Observers: 
    none
  Source: (none)
  Source output name: (none)
  Release Data: Off
  Data Released: False
  Global Release Data: Off
  PipelineMTime: 0
  UpdateMTime: 2124
  RealTimeStamp: 0 seconds 
  LargestPossibleRegion: 
    Dimension: 3
    Index: [0, 0, 0]
    Size: [280, 512, 512]
  BufferedRegion: 
    Dimension: 3
    Index: [0, 0, 0]
    Size: [280, 512, 512]
  RequestedRegion: 
    Dimension: 3
    Index: [0, 0, 0]
    Size: [280, 512, 512]
  Spacing: [0.599998, 0.4688, 0.4688]
  Origin: [-86.8246, 82.4475, -115.104]
  Direction: 
1 0 0
0 -1 0
0 0 1

  IndexToPointMatrix: 
0.599998 0 0
0 -0.4688 0
0 0 0.4688

  PointToIndexMatrix: 
1.66667 0 0
0 -2.13311 0
0 0 2.13311

  Inverse Direction: 
1 0 0
0 -1 0
0 0 1

  PixelContainer: 
    ImportImageContainer (0x3d37c90)
      RTTI typeinfo:   itk::ImportImageContainer<unsigned long, double>
      Reference Count: 1
      Modified Time: 2121
      Debug: Off
      Object Name: 
      Observers: 
        none
      Pointer: 0x2b306ccb2010
      Container manages memory: true
      Size: 73400320
      Capacity: 73400320

     Weighting = 1
     Sampling strategy = regular
     Number of bins = 32
     Radius = 4
     Sampling percentage  = 0.25
   Transform = Affine
     Gradient step = 0.1
     Update field sigma (voxel space) = 0
     Total field sigma (voxel space) = 0
     Update field time sigma = 0
     Total field time sigma  = 0
     Number of time indices = 0
     Number of time point samples = 0
Registration using 2 total stages.

Stage 0
  iterations = 2000x2000x2000x2000x2000
  convergence threshold = 1e-06
  convergence window size = 10
  number of levels = 5
  using the Mattes MI metric (number of bins = 32, weight = 1, use gradient filter = 0)
  preprocessing:  winsorizing the image intensities
  preprocessing:  histogram matching the images
  Shrink factors (level 1 out of 5): [8, 8, 8]
  Shrink factors (level 2 out of 5): [8, 8, 8]
  Shrink factors (level 3 out of 5): [4, 4, 4]
  Shrink factors (level 4 out of 5): [2, 2, 2]
  Shrink factors (level 5 out of 5): [1, 1, 1]
  smoothing sigmas per level: [4, 3, 2, 1, 0]
  regular sampling (percentage = 0.25)

*** Running Euler3DTransform registration ***

DIAGNOSTIC,Iteration,metricValue,convergenceValue,ITERATION_TIME_INDEX,SINCE_LAST
 2DIAGNOSTIC,     1, -5.695321859138e-01, 1.797693134862e+308, 1.5675e+00, 1.5675e+00, 
 2DIAGNOSTIC,     2, -5.723410408206e-01, 1.797693134862e+308, 1.5751e+00, 7.6029e-03, 
 2DIAGNOSTIC,     3, -5.769490628378e-01, 1.797693134862e+308, 1.5820e+00, 6.8889e-03, 
 2DIAGNOSTIC,     4, -5.845754558158e-01, 1.797693134862e+308, 1.5884e+00, 6.4061e-03, 
 2DIAGNOSTIC,     5, -5.959758535469e-01, 1.797693134862e+308, 1.5967e+00, 8.3151e-03, 
 2DIAGNOSTIC,     6, -6.132563194239e-01, 1.797693134862e+308, 1.6049e+00, 8.1561e-03, 
 2DIAGNOSTIC,     7, -6.357522634645e-01, 1.797693134862e+308, 1.6449e+00, 4.0019e-02, 
 2DIAGNOSTIC,     8, -6.465392712985e-01, 1.797693134862e+308, 1.6545e+00, 9.6669e-03, 
 2DIAGNOSTIC,     9, -6.488499238219e-01, 1.797693134862e+308, 1.6632e+00, 8.6532e-03, 
 2DIAGNOSTIC,    10, -6.521033728159e-01, 1.049424588774e-02, 1.6745e+00, 1.1343e-02, 
 2DIAGNOSTIC,    11, -6.531520609216e-01, 9.221781999830e-03, 1.6834e+00, 8.8339e-03, 
 2DIAGNOSTIC,    12, -6.548020320820e-01, 7.510008529337e-03, 1.6906e+00, 7.2510e-03, 
 2DIAGNOSTIC,    13, -6.560486010602e-01, 5.605392314115e-03, 1.6977e+00, 7.1170e-03, 
 2DIAGNOSTIC,    14, -6.564892142382e-01, 3.748716021871e-03, 1.7052e+00, 7.4379e-03, 
 2DIAGNOSTIC,    15, -6.568205368156e-01, 2.164382315667e-03, 1.7365e+00, 3.1271e-02, 
 2DIAGNOSTIC,    16, -6.574963897085e-01, 1.084550210854e-03, 1.7535e+00, 1.7013e-02, 
 2DIAGNOSTIC,    17, -6.581514785955e-01, 6.465141379750e-04, 1.7611e+00, 7.6149e-03, 
 2DIAGNOSTIC,    18, -6.590063995352e-01, 4.903593234840e-04, 1.7688e+00, 7.7090e-03, 
 2DIAGNOSTIC,    19, -6.605539831093e-01, 3.957390351917e-04, 1.7762e+00, 7.3919e-03, 
 2DIAGNOSTIC,    20, -6.615117745448e-01, 3.683869909474e-04, 1.7860e+00, 9.8071e-03, 
 2DIAGNOSTIC,    21, -6.630933676193e-01, 3.649406264131e-04, 1.7949e+00, 8.9471e-03, 
 2DIAGNOSTIC,    22, -6.633572934259e-01, 3.657979078774e-04, 1.8033e+00, 8.3909e-03, 
 2DIAGNOSTIC,    23, -6.636571123569e-01, 3.626605871808e-04, 1.8362e+00, 3.2853e-02, 
 2DIAGNOSTIC,    24, -6.639016674361e-01, 3.386351135119e-04, 1.8538e+00, 1.7585e-02, 
 2DIAGNOSTIC,    25, -6.639490264161e-01, 2.912802590047e-04, 1.8624e+00, 8.6172e-03, 
 2DIAGNOSTIC,    26, -6.639460712320e-01, 2.318180795945e-04, 1.8695e+00, 7.1199e-03, 
 2DIAGNOSTIC,    27, -6.639478989877e-01, 1.660587064924e-04, 1.8761e+00, 6.6199e-03, 
 2DIAGNOSTIC,    28, -6.639483716049e-01, 1.029384726782e-04, 1.8828e+00, 6.7241e-03, 
 2DIAGNOSTIC,    29, -6.639591892234e-01, 5.832541349220e-05, 1.8901e+00, 7.2601e-03, 
 2DIAGNOSTIC,    30, -6.639782599136e-01, 2.518021594772e-05, 1.8964e+00, 6.3050e-03, 
 2DIAGNOSTIC,    31, -6.640622290445e-01, 1.565603428473e-05, 1.9031e+00, 6.7031e-03, 
 2DIAGNOSTIC,    32, -6.640372903124e-01, 8.559405867213e-06, 1.9389e+00, 3.5747e-02, 
 2DIAGNOSTIC,    33, -6.640045070937e-01, 4.694105718836e-06, 1.9517e+00, 1.2793e-02, 
 2DIAGNOSTIC,    34, -6.640411645941e-01, 4.355156416329e-06, 1.9592e+00, 7.5841e-03, 
 2DIAGNOSTIC,    35, -6.640296716060e-01, 4.134086461403e-06, 1.9795e+00, 2.0240e-02, 
 2DIAGNOSTIC,    36, -6.640296714710e-01, 3.572871424787e-06, 1.9862e+00, 6.7081e-03, 
 2DIAGNOSTIC,    37, -6.640296727166e-01, 2.824153037047e-06, 1.9925e+00, 6.3260e-03, 
 2DIAGNOSTIC,    38, -6.640296748223e-01, 1.955019988262e-06, 1.9987e+00, 6.1889e-03, 
 2DIAGNOSTIC,    39, -6.640296783808e-01, 1.144269731128e-06, 2.0089e+00, 1.0180e-02, 
DIAGNOSTIC,Iteration,metricValue,convergenceValue,ITERATION_TIME_INDEX,SINCE_LAST
 2DIAGNOSTIC,     1, -6.252024592212e-01, 1.797693134862e+308, 3.4565e+00, 1.4476e+00, 
 2DIAGNOSTIC,     2, -6.255387612853e-01, 1.797693134862e+308, 3.4638e+00, 7.3268e-03, 
 2DIAGNOSTIC,     3, -6.259491470254e-01, 1.797693134862e+308, 3.4709e+00, 7.0729e-03, 
 2DIAGNOSTIC,     4, -6.260547843238e-01, 1.797693134862e+308, 3.4795e+00, 8.6792e-03, 
 2DIAGNOSTIC,     5, -6.261017388265e-01, 1.797693134862e+308, 3.4876e+00, 8.0462e-03, 
 2DIAGNOSTIC,     6, -6.260971630590e-01, 1.797693134862e+308, 3.4952e+00, 7.6051e-03, 
 2DIAGNOSTIC,     7, -6.260553385637e-01, 1.797693134862e+308, 3.5017e+00, 6.4950e-03, 
 2DIAGNOSTIC,     8, -6.259369524204e-01, 1.797693134862e+308, 3.5326e+00, 3.0913e-02, 
 2DIAGNOSTIC,     9, -6.259354038596e-01, 1.797693134862e+308, 3.5522e+00, 1.9557e-02, 
 2DIAGNOSTIC,    10, -6.259404298830e-01, 5.201418945433e-05, 3.5626e+00, 1.0487e-02, 
 2DIAGNOSTIC,    11, -6.259331579897e-01, 1.193804094185e-05, 3.5714e+00, 8.7450e-03, 
DIAGNOSTIC,Iteration,metricValue,convergenceValue,ITERATION_TIME_INDEX,SINCE_LAST
 2DIAGNOSTIC,     1, -5.920917029809e-01, 1.797693134862e+308, 5.2082e+00, 1.6368e+00, 
 2DIAGNOSTIC,     2, -5.924471434739e-01, 1.797693134862e+308, 5.2974e+00, 8.9204e-02, 
 2DIAGNOSTIC,     3, -5.929607550927e-01, 1.797693134862e+308, 5.3823e+00, 8.4901e-02, 
 2DIAGNOSTIC,     4, -5.934837063365e-01, 1.797693134862e+308, 5.4586e+00, 7.6366e-02, 
 2DIAGNOSTIC,     5, -5.937692690439e-01, 1.797693134862e+308, 5.5453e+00, 8.6641e-02, 
 2DIAGNOSTIC,     6, -5.937883362095e-01, 1.797693134862e+308, 5.6272e+00, 8.1954e-02, 
 2DIAGNOSTIC,     7, -5.938153315803e-01, 1.797693134862e+308, 5.7093e+00, 8.2022e-02, 
 2DIAGNOSTIC,     8, -5.938815782689e-01, 1.797693134862e+308, 5.7995e+00, 9.0233e-02, 
 2DIAGNOSTIC,     9, -5.938983930596e-01, 1.797693134862e+308, 5.9625e+00, 1.6300e-01, 
 2DIAGNOSTIC,    10, -5.939185362494e-01, 1.899306522441e-04, 6.0421e+00, 7.9569e-02, 
 2DIAGNOSTIC,    11, -5.939253090242e-01, 1.188293250878e-04, 6.0998e+00, 5.7740e-02, 
 2DIAGNOSTIC,    12, -5.939302525686e-01, 6.340553540640e-05, 6.1882e+00, 8.8447e-02, 
 2DIAGNOSTIC,    13, -5.939373001806e-01, 2.975593969845e-05, 6.2770e+00, 8.8761e-02, 
 2DIAGNOSTIC,    14, -5.939514441528e-01, 1.652689829028e-05, 6.3610e+00, 8.3980e-02, 
 2DIAGNOSTIC,    15, -5.939582846806e-01, 1.310134183823e-05, 6.4430e+00, 8.1975e-02, 
 2DIAGNOSTIC,    16, -5.939613416438e-01, 9.764863430017e-06, 6.5171e+00, 7.4124e-02, 
 2DIAGNOSTIC,    17, -5.939464493165e-01, 6.410201922533e-06, 6.5979e+00, 8.0858e-02, 
 2DIAGNOSTIC,    18, -5.939386192619e-01, 4.569775416588e-06, 6.6844e+00, 8.6418e-02, 
 2DIAGNOSTIC,    19, -5.939344155628e-01, 2.965905143988e-06, 6.7736e+00, 8.9280e-02, 
 2DIAGNOSTIC,    20, -5.939411459496e-01, 2.035821110372e-06, 6.8527e+00, 7.9008e-02, 
 2DIAGNOSTIC,    21, -5.939524872220e-01, 1.560887546048e-06, 6.9181e+00, 6.5433e-02, 
 2DIAGNOSTIC,    22, -5.939724448361e-01, 1.667533708630e-06, 7.0110e+00, 9.2954e-02, 
 2DIAGNOSTIC,    23, -5.939708872545e-01, 1.850293827092e-06, 7.0907e+00, 7.9630e-02, 
 2DIAGNOSTIC,    24, -5.939717712031e-01, 2.276653790302e-06, 7.1841e+00, 9.3478e-02, 
 2DIAGNOSTIC,    25, -5.939708006559e-01, 2.687149689026e-06, 7.2792e+00, 9.5029e-02, 
 2DIAGNOSTIC,    26, -5.939693883523e-01, 2.963056312526e-06, 7.3636e+00, 8.4399e-02, 
 2DIAGNOSTIC,    27, -5.939732584702e-01, 2.858470710666e-06, 7.4610e+00, 9.7378e-02, 
 2DIAGNOSTIC,    28, -5.939738363219e-01, 2.482199182800e-06, 7.5522e+00, 9.1270e-02, 
 2DIAGNOSTIC,    29, -5.939735244009e-01, 1.934734889165e-06, 7.6348e+00, 8.2529e-02, 
 2DIAGNOSTIC,    30, -5.939717654265e-01, 1.423713747832e-06, 7.7107e+00, 7.5962e-02, 
 2DIAGNOSTIC,    31, -5.939716067212e-01, 1.076127925000e-06, 7.7918e+00, 8.1059e-02, 
DIAGNOSTIC,Iteration,metricValue,convergenceValue,ITERATION_TIME_INDEX,SINCE_LAST
 2DIAGNOSTIC,     1, -5.537608126723e-01, 1.797693134862e+308, 1.0649e+01, 2.8569e+00, 
 2DIAGNOSTIC,     2, -5.538290207001e-01, 1.797693134862e+308, 1.1161e+01, 5.1250e-01, 
 2DIAGNOSTIC,     3, -5.538892540672e-01, 1.797693134862e+308, 1.1668e+01, 5.0685e-01, 
 2DIAGNOSTIC,     4, -5.540199295829e-01, 1.797693134862e+308, 1.2178e+01, 5.0980e-01, 
 2DIAGNOSTIC,     5, -5.545591630618e-01, 1.797693134862e+308, 1.2895e+01, 7.1731e-01, 
 2DIAGNOSTIC,     6, -5.547574418000e-01, 1.797693134862e+308, 1.3483e+01, 5.8805e-01, 
 2DIAGNOSTIC,     7, -5.548079249577e-01, 1.797693134862e+308, 1.4080e+01, 5.9711e-01, 
 2DIAGNOSTIC,     8, -5.548275566665e-01, 1.797693134862e+308, 1.4664e+01, 5.8369e-01, 
 2DIAGNOSTIC,     9, -5.548341967727e-01, 1.797693134862e+308, 1.5244e+01, 5.8037e-01, 
 2DIAGNOSTIC,    10, -5.548511779064e-01, 1.584016652805e-04, 1.5809e+01, 5.6460e-01, 
 2DIAGNOSTIC,    11, -5.548573128420e-01, 1.228408190728e-04, 1.6327e+01, 5.1826e-01, 
 2DIAGNOSTIC,    12, -5.548619921485e-01, 8.587337292480e-05, 1.6979e+01, 6.5188e-01, 
 2DIAGNOSTIC,    13, -5.548650691847e-01, 4.980224269528e-05, 1.7643e+01, 6.6400e-01, 
 2DIAGNOSTIC,    14, -5.548671736482e-01, 1.899193999418e-05, 1.8289e+01, 6.4598e-01, 
 2DIAGNOSTIC,    15, -5.548672603212e-01, 9.020071353089e-06, 1.8943e+01, 6.5348e-01, 
 2DIAGNOSTIC,    16, -5.548664648220e-01, 5.949201468985e-06, 1.9592e+01, 6.4943e-01, 
 2DIAGNOSTIC,    17, -5.548663508635e-01, 4.385711881202e-06, 2.0188e+01, 5.9641e-01, 
 2DIAGNOSTIC,    18, -5.548662276781e-01, 3.320122874843e-06, 2.0778e+01, 5.8989e-01, 
 2DIAGNOSTIC,    19, -5.548650184239e-01, 2.358746043894e-06, 2.1443e+01, 6.6453e-01, 
 2DIAGNOSTIC,    20, -5.548654332283e-01, 1.874568624396e-06, 2.2182e+01, 7.3901e-01, 
 2DIAGNOSTIC,    21, -5.548650187398e-01, 1.547806354661e-06, 2.3059e+01, 8.7690e-01, 
 2DIAGNOSTIC,    22, -5.548650195419e-01, 1.355362223364e-06, 2.3643e+01, 5.8415e-01, 
 2DIAGNOSTIC,    23, -5.548644763917e-01, 1.243216320453e-06, 2.4155e+01, 5.1206e-01, 
 2DIAGNOSTIC,    24, -5.548636303359e-01, 1.180740982792e-06, 2.4736e+01, 5.8104e-01, 
 2DIAGNOSTIC,    25, -5.548636118243e-01, 1.139031495838e-06, 2.5245e+01, 5.0927e-01, 
 2DIAGNOSTIC,    26, -5.548632849579e-01, 1.090384128002e-06, 2.5759e+01, 5.1343e-01, 
 2DIAGNOSTIC,    27, -5.548632878848e-01, 1.055702989965e-06, 2.6261e+01, 5.0234e-01, 
 2DIAGNOSTIC,    28, -5.548632515118e-01, 1.032911456887e-06, 2.6777e+01, 5.1650e-01, 
 2DIAGNOSTIC,    29, -5.548632597057e-01, 1.000161601601e-06, 2.7370e+01, 5.9242e-01, 
DIAGNOSTIC,Iteration,metricValue,convergenceValue,ITERATION_TIME_INDEX,SINCE_LAST
 2DIAGNOSTIC,     1, -5.197134338703e-01, 1.797693134862e+308, 3.7669e+01, 1.0299e+01, 
 2DIAGNOSTIC,     2, -5.197434716056e-01, 1.797693134862e+308, 4.1169e+01, 3.5002e+00, 
 2DIAGNOSTIC,     3, -5.197674965791e-01, 1.797693134862e+308, 4.4357e+01, 3.1875e+00, 
 2DIAGNOSTIC,     4, -5.198012222470e-01, 1.797693134862e+308, 5.0403e+01, 6.0465e+00, 
 2DIAGNOSTIC,     5, -5.198013355842e-01, 1.797693134862e+308, 5.4309e+01, 3.9061e+00, 
 2DIAGNOSTIC,     6, -5.198016195591e-01, 1.797693134862e+308, 5.8636e+01, 4.3265e+00, 
 2DIAGNOSTIC,     7, -5.198014482122e-01, 1.797693134862e+308, 6.2194e+01, 3.5584e+00, 
 2DIAGNOSTIC,     8, -5.198011588609e-01, 1.797693134862e+308, 6.7037e+01, 4.8425e+00, 
 2DIAGNOSTIC,     9, -5.198012029282e-01, 1.797693134862e+308, 7.7864e+01, 1.0827e+01, 
 2DIAGNOSTIC,    10, -5.198012029277e-01, 1.203856269166e-05, 8.7697e+01, 9.8336e+00, 
 2DIAGNOSTIC,    11, -5.198012029277e-01, 7.218937812067e-06, 9.2149e+01, 4.4514e+00, 
 2DIAGNOSTIC,    12, -5.198012029277e-01, 4.170689450800e-06, 9.6052e+01, 3.9037e+00, 
 2DIAGNOSTIC,    13, -5.198012029277e-01, 2.424480479712e-06, 9.9834e+01, 3.7817e+00, 
 2DIAGNOSTIC,    14, -5.198012029277e-01, 2.246873736414e-06, 1.0327e+02, 3.4373e+00, 
 2DIAGNOSTIC,    15, -5.198012029277e-01, 2.098841026393e-06, 1.0686e+02, 3.5882e+00, 
 2DIAGNOSTIC,    16, -5.198012029277e-01, 1.981095977807e-06, 1.1073e+02, 3.8672e+00, 
 2DIAGNOSTIC,    17, -5.198012029277e-01, 1.872627049114e-06, 1.1424e+02, 3.5105e+00, 
 2DIAGNOSTIC,    18, -5.198012029277e-01, 1.767251627663e-06, 1.1767e+02, 3.4339e+00, 
 2DIAGNOSTIC,    19, -5.198012029277e-01, 1.674236718548e-06, 1.2118e+02, 3.5046e+00, 
 2DIAGNOSTIC,    20, -5.198012029277e-01, 1.590523445769e-06, 1.2472e+02, 3.5424e+00, 
 2DIAGNOSTIC,    21, -5.198012029277e-01, 1.514782995961e-06, 1.2773e+02, 3.0076e+00, 
 2DIAGNOSTIC,    22, -5.198012029277e-01, 1.445928149046e-06, 1.3122e+02, 3.4946e+00, 
 2DIAGNOSTIC,    23, -5.198012029277e-01, 1.383060769460e-06, 1.3471e+02, 3.4917e+00, 
 2DIAGNOSTIC,    24, -5.198012029277e-01, 1.325432413123e-06, 1.3815e+02, 3.4349e+00, 
 2DIAGNOSTIC,    25, -5.198012029277e-01, 1.272414388576e-06, 1.4133e+02, 3.1836e+00, 
 2DIAGNOSTIC,    26, -5.198012029277e-01, 1.223474727460e-06, 1.4569e+02, 4.3618e+00, 
 2DIAGNOSTIC,    27, -5.198012029277e-01, 1.178160272543e-06, 1.5008e+02, 4.3839e+00, 
 2DIAGNOSTIC,    28, -5.198012029277e-01, 1.136082604082e-06, 1.5359e+02, 3.5121e+00, 
 2DIAGNOSTIC,    29, -5.198012029277e-01, 1.096906878141e-06, 1.5747e+02, 3.8832e+00, 
 2DIAGNOSTIC,    30, -5.198012029277e-01, 1.060342897159e-06, 1.6097e+02, 3.4949e+00, 
 2DIAGNOSTIC,    31, -5.198012029277e-01, 1.026137908797e-06, 1.6491e+02, 3.9470e+00, 
  Elapsed time (stage 0): 1.7166e+02


Stage 1
  iterations = 1000x1000x1000x1000x1000
  convergence threshold = 1.0000e-06
  convergence window size = 10
  number of levels = 5
  using the Mattes MI metric (number of bins = 32, weight = 1.0000e+00, use gradient filter = 0)
  preprocessing:  winsorizing the image intensities
  preprocessing:  histogram matching the images
  Shrink factors (level 1 out of 5): [8, 8, 8]
  Shrink factors (level 2 out of 5): [8, 8, 8]
  Shrink factors (level 3 out of 5): [4, 4, 4]
  Shrink factors (level 4 out of 5): [2, 2, 2]
  Shrink factors (level 5 out of 5): [1, 1, 1]
  smoothing sigmas per level: [4, 3, 2, 1, 0]
  regular sampling (percentage = 2.5000e-01)

*** Running AffineTransform registration ***

DIAGNOSTIC,Iteration,metricValue,convergenceValue,ITERATION_TIME_INDEX,SINCE_LAST
 2DIAGNOSTIC,     1, -6.619011714673e-01, 1.797693134862e+308, 1.5895e+00, 1.5895e+00, 
 2DIAGNOSTIC,     2, -6.641770574163e-01, 1.797693134862e+308, 1.5973e+00, 7.7701e-03, 
 2DIAGNOSTIC,     3, -6.681830235771e-01, 1.797693134862e+308, 1.6044e+00, 7.1621e-03, 
 2DIAGNOSTIC,     4, -6.739567277021e-01, 1.797693134862e+308, 1.6117e+00, 7.2901e-03, 
 2DIAGNOSTIC,     5, -6.850065480679e-01, 1.797693134862e+308, 1.6190e+00, 7.3271e-03, 
 2DIAGNOSTIC,     6, -7.029447550472e-01, 1.797693134862e+308, 1.6408e+00, 2.1729e-02, 
 2DIAGNOSTIC,     7, -7.280925312523e-01, 1.797693134862e+308, 1.6656e+00, 2.4846e-02, 
 2DIAGNOSTIC,     8, -7.600580300729e-01, 1.797693134862e+308, 1.6798e+00, 1.4192e-02, 
 2DIAGNOSTIC,     9, -7.701411272060e-01, 1.797693134862e+308, 1.6883e+00, 8.5502e-03, 
 2DIAGNOSTIC,    10, -7.956684238102e-01, 1.275771333451e-02, 1.6966e+00, 8.3020e-03, 
 2DIAGNOSTIC,    11, -8.083518640023e-01, 1.300547019398e-02, 1.7106e+00, 1.3920e-02, 
 2DIAGNOSTIC,    12, -8.104308862665e-01, 1.218025248474e-02, 1.7182e+00, 7.6571e-03, 
 2DIAGNOSTIC,    13, -8.127811035918e-01, 1.059499461628e-02, 1.7490e+00, 3.0792e-02, 
 2DIAGNOSTIC,    14, -8.171319185742e-01, 8.580543161431e-03, 1.7632e+00, 1.4158e-02, 
 2DIAGNOSTIC,    15, -8.202719655944e-01, 6.435172144986e-03, 1.7709e+00, 7.7629e-03, 
 2DIAGNOSTIC,    16, -8.236916134636e-01, 4.489923175130e-03, 1.7786e+00, 7.6480e-03, 
 2DIAGNOSTIC,    17, -8.282840723274e-01, 3.031449683120e-03, 1.7888e+00, 1.0185e-02, 
 2DIAGNOSTIC,    18, -8.291585210946e-01, 2.157217606071e-03, 1.7974e+00, 8.5931e-03, 
 2DIAGNOSTIC,    19, -8.297817284393e-01, 1.383377715063e-03, 1.8049e+00, 7.5350e-03, 
 2DIAGNOSTIC,    20, -8.364067066101e-01, 1.155683611088e-03, 1.8134e+00, 8.5270e-03, 
 2DIAGNOSTIC,    21, -8.382161718144e-01, 1.095467109775e-03, 1.8379e+00, 2.4484e-02, 
 2DIAGNOSTIC,    22, -8.389407780434e-01, 9.859714186427e-04, 1.8646e+00, 2.6641e-02, 
 2DIAGNOSTIC,    23, -8.408619344778e-01, 8.636473909179e-04, 1.8736e+00, 9.0339e-03, 
 2DIAGNOSTIC,    24, -8.413738038043e-01, 7.452916423474e-04, 1.8826e+00, 9.0401e-03, 
 2DIAGNOSTIC,    25, -8.432865772322e-01, 6.391095771597e-04, 1.8930e+00, 1.0424e-02, 
 2DIAGNOSTIC,    26, -8.446325289760e-01, 5.457663416760e-04, 1.9031e+00, 1.0075e-02, 
 2DIAGNOSTIC,    27, -8.446454296432e-01, 4.711704435787e-04, 1.9113e+00, 8.1410e-03, 
 2DIAGNOSTIC,    28, -8.449018477888e-01, 3.739523050046e-04, 1.9239e+00, 1.2645e-02, 
 2DIAGNOSTIC,    29, -8.456086040820e-01, 2.632395977127e-04, 1.9595e+00, 3.5578e-02, 
 2DIAGNOSTIC,    30, -8.457666960368e-01, 2.160286392220e-04, 1.9698e+00, 1.0324e-02, 
 2DIAGNOSTIC,    31, -8.460742872300e-01, 1.760950922790e-04, 1.9790e+00, 9.1391e-03, 
 2DIAGNOSTIC,    32, -8.462334252210e-01, 1.319217463667e-04, 1.9873e+00, 8.3210e-03, 
 2DIAGNOSTIC,    33, -8.463587097215e-01, 1.005938563497e-04, 1.9955e+00, 8.2469e-03, 
 2DIAGNOSTIC,    34, -8.466473788484e-01, 6.965820911135e-05, 2.0063e+00, 1.0801e-02, 
 2DIAGNOSTIC,    35, -8.466892173606e-01, 5.347434313997e-05, 2.0142e+00, 7.8740e-03, 
 2DIAGNOSTIC,    36, -8.467425209229e-01, 4.716782200866e-05, 2.0544e+00, 4.0254e-02, 
 2DIAGNOSTIC,    37, -8.469496920241e-01, 3.896465374766e-05, 2.0683e+00, 1.3894e-02, 
 2DIAGNOSTIC,    38, -8.469602628005e-01, 2.988058322191e-05, 2.0777e+00, 9.3689e-03, 
 2DIAGNOSTIC,    39, -8.471449947028e-01, 2.659656735102e-05, 2.0858e+00, 8.0910e-03, 
 2DIAGNOSTIC,    40, -8.472722561437e-01, 2.347456758893e-05, 2.0951e+00, 9.2540e-03, 
 2DIAGNOSTIC,    41, -8.474025104732e-01, 2.210559157011e-05, 2.1038e+00, 8.7781e-03, 
 2DIAGNOSTIC,    42, -8.475439034819e-01, 2.127308051973e-05, 2.1125e+00, 8.6548e-03, 
 2DIAGNOSTIC,    43, -8.475043633340e-01, 1.915468863108e-05, 2.1375e+00, 2.5046e-02, 
 2DIAGNOSTIC,    44, -8.475070353074e-01, 1.774035111746e-05, 2.1650e+00, 2.7434e-02, 
 2DIAGNOSTIC,    45, -8.475103312655e-01, 1.511757458843e-05, 2.1739e+00, 8.8859e-03, 
 2DIAGNOSTIC,    46, -8.474713622046e-01, 1.129757817181e-05, 2.1820e+00, 8.1820e-03, 
 2DIAGNOSTIC,    47, -8.475298203305e-01, 8.632923885182e-06, 2.1911e+00, 9.0399e-03, 
 2DIAGNOSTIC,    48, -8.475347004141e-01, 5.411956081544e-06, 2.1984e+00, 7.3669e-03, 
 2DIAGNOSTIC,    49, -8.475360705097e-01, 3.205131812043e-06, 2.2056e+00, 7.1969e-03, 
 2DIAGNOSTIC,    50, -8.475371488069e-01, 1.732986602953e-06, 2.2136e+00, 7.9381e-03, 
 2DIAGNOSTIC,    51, -8.475390068516e-01, 1.094771778076e-06, 2.2569e+00, 4.3295e-02, 
 2DIAGNOSTIC,    52, -8.475555836586e-01, 1.500731412706e-06, 2.2677e+00, 1.0840e-02, 
 2DIAGNOSTIC,    53, -8.475269346349e-01, 1.350360156846e-06, 2.2758e+00, 8.0960e-03, 
 2DIAGNOSTIC,    54, -8.475552205398e-01, 1.344582367082e-06, 2.2849e+00, 9.1381e-03, 
 2DIAGNOSTIC,    55, -8.475590919409e-01, 1.320252982780e-06, 2.2931e+00, 8.1320e-03, 
DIAGNOSTIC,Iteration,metricValue,convergenceValue,ITERATION_TIME_INDEX,SINCE_LAST
 2DIAGNOSTIC,     1, -8.045966737869e-01, 1.797693134862e+308, 3.7720e+00, 1.4789e+00, 
 2DIAGNOSTIC,     2, -8.051049185405e-01, 1.797693134862e+308, 3.7798e+00, 7.7660e-03, 
 2DIAGNOSTIC,     3, -8.053953124240e-01, 1.797693134862e+308, 3.7873e+00, 7.5631e-03, 
 2DIAGNOSTIC,     4, -8.054702642236e-01, 1.797693134862e+308, 3.7959e+00, 8.6021e-03, 
 2DIAGNOSTIC,     5, -8.054918606811e-01, 1.797693134862e+308, 3.8058e+00, 9.8300e-03, 
 2DIAGNOSTIC,     6, -8.054716518087e-01, 1.797693134862e+308, 3.8132e+00, 7.4551e-03, 
 2DIAGNOSTIC,     7, -8.055156142294e-01, 1.797693134862e+308, 3.8423e+00, 2.9106e-02, 
 2DIAGNOSTIC,     8, -8.055116169179e-01, 1.797693134862e+308, 3.8643e+00, 2.1935e-02, 
 2DIAGNOSTIC,     9, -8.055121256845e-01, 1.797693134862e+308, 3.8735e+00, 9.2781e-03, 
 2DIAGNOSTIC,    10, -8.055142835894e-01, 5.162797262913e-05, 3.8840e+00, 1.0453e-02, 
 2DIAGNOSTIC,    11, -8.055167121139e-01, 2.090915663959e-05, 3.8936e+00, 9.6641e-03, 
 2DIAGNOSTIC,    12, -8.055196328596e-01, 8.499402786133e-06, 3.9022e+00, 8.5490e-03, 
 2DIAGNOSTIC,    13, -8.055234079149e-01, 5.392818302336e-06, 3.9099e+00, 7.7488e-03, 
 2DIAGNOSTIC,    14, -8.055291723685e-01, 4.492500348674e-06, 3.9404e+00, 3.0418e-02, 
 2DIAGNOSTIC,    15, -8.055316252050e-01, 4.097092572569e-06, 3.9641e+00, 2.3733e-02, 
 2DIAGNOSTIC,    16, -8.055340945897e-01, 3.149994389121e-06, 3.9730e+00, 8.8921e-03, 
 2DIAGNOSTIC,    17, -8.055357550026e-01, 3.157215620199e-06, 3.9822e+00, 9.1670e-03, 
 2DIAGNOSTIC,    18, -8.055405029107e-01, 3.059108609760e-06, 3.9907e+00, 8.5001e-03, 
 2DIAGNOSTIC,    19, -8.055420910011e-01, 2.887212542914e-06, 4.0002e+00, 9.5770e-03, 
 2DIAGNOSTIC,    20, -8.055424383726e-01, 2.663898107796e-06, 4.0071e+00, 6.8231e-03, 
 2DIAGNOSTIC,    21, -8.055431438249e-01, 2.415968257737e-06, 4.0138e+00, 6.7639e-03, 
 2DIAGNOSTIC,    22, -8.055437050038e-01, 2.161591255385e-06, 4.0563e+00, 4.2484e-02, 
 2DIAGNOSTIC,    23, -8.055441493767e-01, 1.924212981598e-06, 4.0668e+00, 1.0502e-02, 
 2DIAGNOSTIC,    24, -8.055443629130e-01, 1.743000532892e-06, 4.0750e+00, 8.2068e-03, 
 2DIAGNOSTIC,    25, -8.055038856582e-01, 1.000722588178e-06, 4.0828e+00, 7.7980e-03, 
DIAGNOSTIC,Iteration,metricValue,convergenceValue,ITERATION_TIME_INDEX,SINCE_LAST
 2DIAGNOSTIC,     1, -7.590493559518e-01, 1.797693134862e+308, 5.7088e+00, 1.6260e+00, 
 2DIAGNOSTIC,     2, -7.593218254474e-01, 1.797693134862e+308, 5.7960e+00, 8.7184e-02, 
 2DIAGNOSTIC,     3, -7.595003881841e-01, 1.797693134862e+308, 5.8904e+00, 9.4407e-02, 
 2DIAGNOSTIC,     4, -7.595709064159e-01, 1.797693134862e+308, 5.9849e+00, 9.4494e-02, 
 2DIAGNOSTIC,     5, -7.595851588757e-01, 1.797693134862e+308, 6.0770e+00, 9.2061e-02, 
 2DIAGNOSTIC,     6, -7.596126867532e-01, 1.797693134862e+308, 6.1603e+00, 8.3344e-02, 
 2DIAGNOSTIC,     7, -7.596335602335e-01, 1.797693134862e+308, 6.2633e+00, 1.0296e-01, 
 2DIAGNOSTIC,     8, -7.596958481336e-01, 1.797693134862e+308, 6.3837e+00, 1.2037e-01, 
 2DIAGNOSTIC,     9, -7.596773985466e-01, 1.797693134862e+308, 6.4842e+00, 1.0052e-01, 
 2DIAGNOSTIC,    10, -7.596671149110e-01, 4.432073368633e-05, 6.5685e+00, 8.4281e-02, 
 2DIAGNOSTIC,    11, -7.596824277690e-01, 2.453152467245e-05, 6.6508e+00, 8.2383e-02, 
 2DIAGNOSTIC,    12, -7.596947097304e-01, 1.480547058302e-05, 6.7268e+00, 7.5935e-02, 
 2DIAGNOSTIC,    13, -7.596885915426e-01, 1.036153967740e-05, 6.8056e+00, 7.8825e-02, 
 2DIAGNOSTIC,    14, -7.596962282227e-01, 7.947942257253e-06, 6.8879e+00, 8.2259e-02, 
 2DIAGNOSTIC,    15, -7.597042006143e-01, 5.906698408234e-06, 6.9846e+00, 9.6743e-02, 
 2DIAGNOSTIC,    16, -7.596983912554e-01, 4.266188903077e-06, 7.0758e+00, 9.1230e-02, 
 2DIAGNOSTIC,    17, -7.597011600108e-01, 3.084641272230e-06, 7.1635e+00, 8.7617e-02, 
 2DIAGNOSTIC,    18, -7.596849107776e-01, 2.893114185103e-06, 7.2552e+00, 9.1708e-02, 
 2DIAGNOSTIC,    19, -7.596844951088e-01, 2.264593158094e-06, 7.3347e+00, 7.9557e-02, 
 2DIAGNOSTIC,    20, -7.596843220118e-01, 1.435915865190e-06, 7.4177e+00, 8.2946e-02, 
DIAGNOSTIC,Iteration,metricValue,convergenceValue,ITERATION_TIME_INDEX,SINCE_LAST
 2DIAGNOSTIC,     1, -6.979733745317e-01, 1.797693134862e+308, 1.0361e+01, 2.9438e+00, 
 2DIAGNOSTIC,     2, -6.980127576131e-01, 1.797693134862e+308, 1.0894e+01, 5.3206e-01, 
 2DIAGNOSTIC,     3, -6.980602325555e-01, 1.797693134862e+308, 1.1465e+01, 5.7176e-01, 
 2DIAGNOSTIC,     4, -6.981038614559e-01, 1.797693134862e+308, 1.2229e+01, 7.6324e-01, 
 2DIAGNOSTIC,     5, -6.981058763140e-01, 1.797693134862e+308, 1.2852e+01, 6.2376e-01, 
 2DIAGNOSTIC,     6, -6.981099312671e-01, 1.797693134862e+308, 1.3394e+01, 5.4169e-01, 
 2DIAGNOSTIC,     7, -6.981188383732e-01, 1.797693134862e+308, 1.4164e+01, 7.6993e-01, 
 2DIAGNOSTIC,     8, -6.981158113153e-01, 1.797693134862e+308, 1.4921e+01, 7.5748e-01, 
 2DIAGNOSTIC,     9, -6.981206237094e-01, 1.797693134862e+308, 1.5653e+01, 7.3149e-01, 
 2DIAGNOSTIC,    10, -6.981225623652e-01, 1.499203126265e-05, 1.6274e+01, 6.2157e-01, 
 2DIAGNOSTIC,    11, -6.981194224099e-01, 9.516685283151e-06, 1.6894e+01, 6.1944e-01, 
 2DIAGNOSTIC,    12, -6.981185939235e-01, 5.642027577843e-06, 1.7455e+01, 5.6090e-01, 
 2DIAGNOSTIC,    13, -6.981175959778e-01, 3.513134226724e-06, 1.7989e+01, 5.3465e-01, 
 2DIAGNOSTIC,    14, -6.981182622614e-01, 2.880435127764e-06, 1.8552e+01, 5.6256e-01, 
 2DIAGNOSTIC,    15, -6.981195837412e-01, 2.363274569803e-06, 1.9251e+01, 6.9867e-01, 
 2DIAGNOSTIC,    16, -6.981206973856e-01, 2.014671935627e-06, 2.0010e+01, 7.5930e-01, 
 2DIAGNOSTIC,    17, -6.981205769059e-01, 1.919880968704e-06, 2.0623e+01, 6.1294e-01, 
 2DIAGNOSTIC,    18, -6.981197621181e-01, 1.741746351515e-06, 2.1173e+01, 5.5025e-01, 
 2DIAGNOSTIC,    19, -6.981202091159e-01, 1.695720482885e-06, 2.1715e+01, 5.4166e-01, 
 2DIAGNOSTIC,    20, -6.981195639707e-01, 1.678842186083e-06, 2.2347e+01, 6.3195e-01, 
 2DIAGNOSTIC,    21, -6.981205209476e-01, 1.613214704786e-06, 2.2904e+01, 5.5703e-01, 
 2DIAGNOSTIC,    22, -6.981213088439e-01, 1.544191133851e-06, 2.3461e+01, 5.5756e-01, 
 2DIAGNOSTIC,    23, -6.981226554069e-01, 1.478252685948e-06, 2.4086e+01, 6.2450e-01, 
 2DIAGNOSTIC,    24, -6.981238521169e-01, 1.439777845613e-06, 2.4702e+01, 6.1590e-01, 
 2DIAGNOSTIC,    25, -6.981235981670e-01, 1.410276399216e-06, 2.5272e+01, 5.7062e-01, 
 2DIAGNOSTIC,    26, -6.981233299839e-01, 1.383754284962e-06, 2.5821e+01, 5.4847e-01, 
 2DIAGNOSTIC,    27, -6.981241605112e-01, 1.355114156679e-06, 2.6452e+01, 6.3097e-01, 
 2DIAGNOSTIC,    28, -6.981264034058e-01, 1.331629437919e-06, 2.7086e+01, 6.3402e-01, 
 2DIAGNOSTIC,    29, -6.981261452212e-01, 1.293388465433e-06, 2.7649e+01, 5.6328e-01, 
 2DIAGNOSTIC,    30, -6.981314283390e-01, 1.302771858482e-06, 2.8201e+01, 5.5219e-01, 
 2DIAGNOSTIC,    31, -6.981353616318e-01, 1.351482000457e-06, 2.8853e+01, 6.5135e-01, 
 2DIAGNOSTIC,    32, -6.981383151253e-01, 1.412609347731e-06, 2.9471e+01, 6.1800e-01, 
 2DIAGNOSTIC,    33, -6.981380845515e-01, 1.443699469417e-06, 3.0171e+01, 7.0082e-01, 
 2DIAGNOSTIC,    34, -6.981401319839e-01, 1.467455924255e-06, 3.1086e+01, 9.1477e-01, 
 2DIAGNOSTIC,    35, -6.981401759879e-01, 1.436158191974e-06, 3.1713e+01, 6.2668e-01, 
 2DIAGNOSTIC,    36, -6.981400166857e-01, 1.350733107384e-06, 3.2348e+01, 6.3464e-01, 
 2DIAGNOSTIC,    37, -6.981396876031e-01, 1.230917528967e-06, 3.2972e+01, 6.2412e-01, 
 2DIAGNOSTIC,    38, -6.981394261881e-01, 1.104664374016e-06, 3.3530e+01, 5.5863e-01, 
DIAGNOSTIC,Iteration,metricValue,convergenceValue,ITERATION_TIME_INDEX,SINCE_LAST
 2DIAGNOSTIC,     1, -6.462102344173e-01, 1.797693134862e+308, 4.3089e+01, 9.5587e+00, 
 2DIAGNOSTIC,     2, -6.462953180364e-01, 1.797693134862e+308, 4.7364e+01, 4.2752e+00, 
 2DIAGNOSTIC,     3, -6.462973585988e-01, 1.797693134862e+308, 5.0885e+01, 3.5203e+00, 
 2DIAGNOSTIC,     4, -6.462964125411e-01, 1.797693134862e+308, 5.5147e+01, 4.2630e+00, 
 2DIAGNOSTIC,     5, -6.462960536217e-01, 1.797693134862e+308, 5.8713e+01, 3.5658e+00, 
 2DIAGNOSTIC,     6, -6.462956292216e-01, 1.797693134862e+308, 6.3021e+01, 4.3080e+00, 
 2DIAGNOSTIC,     7, -6.462958202737e-01, 1.797693134862e+308, 6.7679e+01, 4.6581e+00, 
 2DIAGNOSTIC,     8, -6.462958209311e-01, 1.797693134862e+308, 7.1262e+01, 3.5822e+00, 
 2DIAGNOSTIC,     9, -6.462956661798e-01, 1.797693134862e+308, 7.4776e+01, 3.5143e+00, 
 2DIAGNOSTIC,    10, -6.462956573741e-01, 6.888226322707e-06, 7.7981e+01, 3.2049e+00, 
 2DIAGNOSTIC,    11, -6.462955601223e-01, 2.818081113409e-06, 8.1584e+01, 3.6036e+00, 
 2DIAGNOSTIC,    12, -6.462955660489e-01, 2.548315840858e-06, 8.5164e+01, 3.5800e+00, 
 2DIAGNOSTIC,    13, -6.462954340933e-01, 2.394357422941e-06, 8.8768e+01, 3.6037e+00, 
 2DIAGNOSTIC,    14, -6.462954709649e-01, 2.239025016296e-06, 9.2342e+01, 3.5734e+00, 
 2DIAGNOSTIC,    15, -6.462955447897e-01, 2.099452513823e-06, 9.5468e+01, 3.1267e+00, 
 2DIAGNOSTIC,    16, -6.462954748531e-01, 1.965407280466e-06, 9.9061e+01, 3.5929e+00, 
 2DIAGNOSTIC,    17, -6.462955318704e-01, 1.855699137646e-06, 1.0258e+02, 3.5210e+00, 
 2DIAGNOSTIC,    18, -6.462954863028e-01, 1.758600898669e-06, 1.0614e+02, 3.5548e+00, 
 2DIAGNOSTIC,    19, -6.462954536004e-01, 1.668175924716e-06, 1.0965e+02, 3.5115e+00, 
 2DIAGNOSTIC,    20, -6.462953546001e-01, 1.585004476508e-06, 1.1356e+02, 3.9089e+00, 
 2DIAGNOSTIC,    21, -6.462953498883e-01, 1.508157059196e-06, 1.1701e+02, 3.4539e+00, 
 2DIAGNOSTIC,    22, -6.462952198687e-01, 1.436498905563e-06, 1.2055e+02, 3.5402e+00, 
 2DIAGNOSTIC,    23, -6.462951596835e-01, 1.368306226678e-06, 1.2412e+02, 3.5679e+00, 
 2DIAGNOSTIC,    24, -6.462951489413e-01, 1.307641202167e-06, 1.2728e+02, 3.1582e+00, 
 2DIAGNOSTIC,    25, -6.462943758020e-01, 1.241219937477e-06, 1.3114e+02, 3.8638e+00, 
 2DIAGNOSTIC,    26, -6.462944389143e-01, 1.183050447627e-06, 1.3544e+02, 4.2991e+00, 
 2DIAGNOSTIC,    27, -6.462944376914e-01, 1.133749485314e-06, 1.3900e+02, 3.5591e+00, 
 2DIAGNOSTIC,    28, -6.462944336971e-01, 1.091213117373e-06, 1.4216e+02, 3.1572e+00, 
 2DIAGNOSTIC,    29, -6.462943901420e-01, 1.054768068068e-06, 1.4532e+02, 3.1591e+00, 
 2DIAGNOSTIC,    30, -6.462943968387e-01, 1.023553256735e-06, 1.4883e+02, 3.5135e+00, 
  Elapsed time (stage 1): 1.5568e+02


Total elapsed time: 3.2735e+02
ALL Done
