
Running for 3-dimensional images.

*********10*********20*********30*********40*********50*********60*********70*********80*********90*********

   AdaptiveNonLocalMeansDenoisingImageFilter (0x24ab370)
     RTTI typeinfo:   itk::AdaptiveNonLocalMeansDenoisingImageFilter<itk::Image<float, 3u>, itk::Image<float, 3u>, itk::Image<unsigned char, 3u> >
     Reference Count: 1
     Modified Time: 392
     Debug: Off
     Object Name: 
     Observers: 
       ProgressEvent(Command)
     Inputs: 
       Primary: (0x24aa2f0) *
       _1: (0)
     Indexed Inputs: 
       0: Primary (0x24aa2f0)
       1: _1 (0)
     Required Input Names: Primary
     NumberOfRequiredInputs: 1
     Outputs: 
       Primary: (0x24a9da0)
     Indexed Outputs: 
       0: Primary (0x24a9da0)
     NumberOfRequiredOutputs: 1
     Number Of Work Units: 56
     ReleaseDataFlag: Off
     ReleaseDataBeforeUpdateFlag: Off
     AbortGenerateData: Off
     Progress: 1
     Multithreader: 
       RTTI typeinfo:   itk::PoolMultiThreader
       Reference Count: 1
       Modified Time: 352
       Debug: Off
       Object Name: 
       Observers: 
         none
       Number of Work Units: 52
       Number of Threads: 14
       Global Maximum Number Of Threads: 128
       Global Default Number Of Threads: 14
       Global Default Threader Type: itk::MultiThreaderBaseEnums::Threader::Pool
       SingleMethod: 1
       SingleData: 0x7fff338a74e8
     DynamicMultiThreading: Off
     CoordinateTolerance: 1e-06
     DirectionTolerance: 1e-06
Using mean squares to measure the patch similarity.
     Neighborhood search radius = [2, 2, 2]
     Neighborhood patch radius = [1, 1, 1]
     Using Rician noise model.
     Epsilon = 1e-05
     Mean threshold = 0.95
     Variance threshold = 0.5
     Smoothing variance = 2
     Neighborhood radius for local mean and variance = [1, 1, 1]
Elapsed time: 315.533
All_Command_lines_OK
Using double precision for computations.
=============================================================================
The composite transform comprises the following transforms (in order): 
  1. Center of mass alignment using fixed image: /Dedicated/jmichaelson-wdata/msmuhammad/projects/RPOE/3dprint/data/derivatives/pre-freesurfer/../../temp/MNI152_T1_0.5mm.nii.gz and moving image: /Dedicated/jmichaelson-wdata/msmuhammad/projects/RPOE/3dprint/data/derivatives/pre-freesurfer/2E_036/2E_036/2E_036_reorient_RPI_denoise.nii.gz (type = Euler3DTransform)
=============================================================================
  number of levels = 5
  number of levels = 5
  fixed image: /Dedicated/jmichaelson-wdata/msmuhammad/projects/RPOE/3dprint/data/derivatives/pre-freesurfer/../../temp/MNI152_T1_0.5mm.nii.gz
  moving image: /Dedicated/jmichaelson-wdata/msmuhammad/projects/RPOE/3dprint/data/derivatives/pre-freesurfer/2E_036/2E_036/2E_036_reorient_RPI_denoise.nii.gz
  fixed image: /Dedicated/jmichaelson-wdata/msmuhammad/projects/RPOE/3dprint/data/derivatives/pre-freesurfer/../../temp/MNI152_T1_0.5mm.nii.gz
  moving image: /Dedicated/jmichaelson-wdata/msmuhammad/projects/RPOE/3dprint/data/derivatives/pre-freesurfer/2E_036/2E_036/2E_036_reorient_RPI_denoise.nii.gz
Dimension = 3
Number of stages = 2
Use histogram matching = true
Winsorize image intensities = true
  Lower quantile = 0.005
  Upper quantile = 0.995


Stage 1 State
   Image metric = Mattes
     Fixed image = Image (0x3711f10)
  RTTI typeinfo:   itk::Image<double, 3u>
  Reference Count: 2
  Modified Time: 1694
  Debug: Off
  Object Name: 
  Observers: 
    none
  Source: (none)
  Source output name: (none)
  Release Data: Off
  Data Released: False
  Global Release Data: Off
  PipelineMTime: 0
  UpdateMTime: 1477
  RealTimeStamp: 0 seconds 
  LargestPossibleRegion: 
    Dimension: 3
    Index: [0, 0, 0]
    Size: [364, 436, 364]
  BufferedRegion: 
    Dimension: 3
    Index: [0, 0, 0]
    Size: [364, 436, 364]
  RequestedRegion: 
    Dimension: 3
    Index: [0, 0, 0]
    Size: [364, 436, 364]
  Spacing: [0.5, 0.5, 0.5]
  Origin: [-90, 126, -72]
  Direction: 
1 0 0
0 -1 0
0 0 1

  IndexToPointMatrix: 
0.5 0 0
0 -0.5 0
0 0 0.5

  PointToIndexMatrix: 
2 0 0
0 -2 0
0 0 2

  Inverse Direction: 
1 0 0
0 -1 0
0 0 1

  PixelContainer: 
    ImportImageContainer (0x36fe9d0)
      RTTI typeinfo:   itk::ImportImageContainer<unsigned long, double>
      Reference Count: 1
      Modified Time: 1474
      Debug: Off
      Object Name: 
      Observers: 
        none
      Pointer: 0x2b03ed10a010
      Container manages memory: true
      Size: 57768256
      Capacity: 57768256

     Moving image = Image (0x3711af0)
  RTTI typeinfo:   itk::Image<double, 3u>
  Reference Count: 2
  Modified Time: 1695
  Debug: Off
  Object Name: 
  Observers: 
    none
  Source: (none)
  Source output name: (none)
  Release Data: Off
  Data Released: False
  Global Release Data: Off
  PipelineMTime: 0
  UpdateMTime: 1692
  RealTimeStamp: 0 seconds 
  LargestPossibleRegion: 
    Dimension: 3
    Index: [0, 0, 0]
    Size: [280, 512, 512]
  BufferedRegion: 
    Dimension: 3
    Index: [0, 0, 0]
    Size: [280, 512, 512]
  RequestedRegion: 
    Dimension: 3
    Index: [0, 0, 0]
    Size: [280, 512, 512]
  Spacing: [0.599998, 0.4688, 0.4688]
  Origin: [-88.6996, 82.9162, -117.291]
  Direction: 
1 0 0
0 -1 0
0 0 1

  IndexToPointMatrix: 
0.599998 0 0
0 -0.4688 0
0 0 0.4688

  PointToIndexMatrix: 
1.66667 0 0
0 -2.13311 0
0 0 2.13311

  Inverse Direction: 
1 0 0
0 -1 0
0 0 1

  PixelContainer: 
    ImportImageContainer (0x3715190)
      RTTI typeinfo:   itk::ImportImageContainer<unsigned long, double>
      Reference Count: 1
      Modified Time: 1689
      Debug: Off
      Object Name: 
      Observers: 
        none
      Pointer: 0x2b04089c7010
      Container manages memory: true
      Size: 73400320
      Capacity: 73400320

     Weighting = 1
     Sampling strategy = regular
     Number of bins = 32
     Radius = 4
     Sampling percentage  = 0.25
   Transform = Rigid
     Gradient step = 0.1
     Update field sigma (voxel space) = 0
     Total field sigma (voxel space) = 0
     Update field time sigma = 0
     Total field time sigma  = 0
     Number of time indices = 0
     Number of time point samples = 0
Stage 2 State
   Image metric = Mattes
     Fixed image = Image (0x37214a0)
  RTTI typeinfo:   itk::Image<double, 3u>
  Reference Count: 2
  Modified Time: 2126
  Debug: Off
  Object Name: 
  Observers: 
    none
  Source: (none)
  Source output name: (none)
  Release Data: Off
  Data Released: False
  Global Release Data: Off
  PipelineMTime: 0
  UpdateMTime: 1909
  RealTimeStamp: 0 seconds 
  LargestPossibleRegion: 
    Dimension: 3
    Index: [0, 0, 0]
    Size: [364, 436, 364]
  BufferedRegion: 
    Dimension: 3
    Index: [0, 0, 0]
    Size: [364, 436, 364]
  RequestedRegion: 
    Dimension: 3
    Index: [0, 0, 0]
    Size: [364, 436, 364]
  Spacing: [0.5, 0.5, 0.5]
  Origin: [-90, 126, -72]
  Direction: 
1 0 0
0 -1 0
0 0 1

  IndexToPointMatrix: 
0.5 0 0
0 -0.5 0
0 0 0.5

  PointToIndexMatrix: 
2 0 0
0 -2 0
0 0 2

  Inverse Direction: 
1 0 0
0 -1 0
0 0 1

  PixelContainer: 
    ImportImageContainer (0x3721760)
      RTTI typeinfo:   itk::ImportImageContainer<unsigned long, double>
      Reference Count: 1
      Modified Time: 1906
      Debug: Off
      Object Name: 
      Observers: 
        none
      Pointer: 0x2b042b9c8010
      Container manages memory: true
      Size: 57768256
      Capacity: 57768256

     Moving image = Image (0x370b5b0)
  RTTI typeinfo:   itk::Image<double, 3u>
  Reference Count: 2
  Modified Time: 2127
  Debug: Off
  Object Name: 
  Observers: 
    none
  Source: (none)
  Source output name: (none)
  Release Data: Off
  Data Released: False
  Global Release Data: Off
  PipelineMTime: 0
  UpdateMTime: 2124
  RealTimeStamp: 0 seconds 
  LargestPossibleRegion: 
    Dimension: 3
    Index: [0, 0, 0]
    Size: [280, 512, 512]
  BufferedRegion: 
    Dimension: 3
    Index: [0, 0, 0]
    Size: [280, 512, 512]
  RequestedRegion: 
    Dimension: 3
    Index: [0, 0, 0]
    Size: [280, 512, 512]
  Spacing: [0.599998, 0.4688, 0.4688]
  Origin: [-88.6996, 82.9162, -117.291]
  Direction: 
1 0 0
0 -1 0
0 0 1

  IndexToPointMatrix: 
0.599998 0 0
0 -0.4688 0
0 0 0.4688

  PointToIndexMatrix: 
1.66667 0 0
0 -2.13311 0
0 0 2.13311

  Inverse Direction: 
1 0 0
0 -1 0
0 0 1

  PixelContainer: 
    ImportImageContainer (0x3710c90)
      RTTI typeinfo:   itk::ImportImageContainer<unsigned long, double>
      Reference Count: 1
      Modified Time: 2121
      Debug: Off
      Object Name: 
      Observers: 
        none
      Pointer: 0x2b0447285010
      Container manages memory: true
      Size: 73400320
      Capacity: 73400320

     Weighting = 1
     Sampling strategy = regular
     Number of bins = 32
     Radius = 4
     Sampling percentage  = 0.25
   Transform = Affine
     Gradient step = 0.1
     Update field sigma (voxel space) = 0
     Total field sigma (voxel space) = 0
     Update field time sigma = 0
     Total field time sigma  = 0
     Number of time indices = 0
     Number of time point samples = 0
Registration using 2 total stages.

Stage 0
  iterations = 2000x2000x2000x2000x2000
  convergence threshold = 1e-06
  convergence window size = 10
  number of levels = 5
  using the Mattes MI metric (number of bins = 32, weight = 1, use gradient filter = 0)
  preprocessing:  winsorizing the image intensities
  preprocessing:  histogram matching the images
  Shrink factors (level 1 out of 5): [8, 8, 8]
  Shrink factors (level 2 out of 5): [8, 8, 8]
  Shrink factors (level 3 out of 5): [4, 4, 4]
  Shrink factors (level 4 out of 5): [2, 2, 2]
  Shrink factors (level 5 out of 5): [1, 1, 1]
  smoothing sigmas per level: [4, 3, 2, 1, 0]
  regular sampling (percentage = 0.25)

*** Running Euler3DTransform registration ***

DIAGNOSTIC,Iteration,metricValue,convergenceValue,ITERATION_TIME_INDEX,SINCE_LAST
 2DIAGNOSTIC,     1, -5.838693476761e-01, 1.797693134862e+308, 1.4754e+00, 1.4754e+00, 
 2DIAGNOSTIC,     2, -5.856212411461e-01, 1.797693134862e+308, 1.4914e+00, 1.5998e-02, 
 2DIAGNOSTIC,     3, -5.882618924331e-01, 1.797693134862e+308, 1.5076e+00, 1.6169e-02, 
 2DIAGNOSTIC,     4, -5.922281303926e-01, 1.797693134862e+308, 1.5189e+00, 1.1336e-02, 
 2DIAGNOSTIC,     5, -5.993042090585e-01, 1.797693134862e+308, 1.5289e+00, 9.9709e-03, 
 2DIAGNOSTIC,     6, -6.073486575251e-01, 1.797693134862e+308, 1.5377e+00, 8.7759e-03, 
 2DIAGNOSTIC,     7, -6.167671232195e-01, 1.797693134862e+308, 1.5468e+00, 9.0809e-03, 
 2DIAGNOSTIC,     8, -6.221099150198e-01, 1.797693134862e+308, 1.5582e+00, 1.1438e-02, 
 2DIAGNOSTIC,     9, -6.241913860688e-01, 1.797693134862e+308, 1.5701e+00, 1.1930e-02, 
 2DIAGNOSTIC,    10, -6.245838516073e-01, 5.220665788332e-03, 1.5809e+00, 1.0800e-02, 
 2DIAGNOSTIC,    11, -6.245020079770e-01, 4.488749595876e-03, 1.5940e+00, 1.3038e-02, 
 2DIAGNOSTIC,    12, -6.245222582221e-01, 3.546873981057e-03, 1.6058e+00, 1.1840e-02, 
 2DIAGNOSTIC,    13, -6.245323000018e-01, 2.528471151024e-03, 1.6245e+00, 1.8643e-02, 
 2DIAGNOSTIC,    14, -6.243805197328e-01, 1.556557671609e-03, 1.6316e+00, 7.0958e-03, 
 2DIAGNOSTIC,    15, -6.244204268444e-01, 7.947827102372e-04, 1.6387e+00, 7.1349e-03, 
 2DIAGNOSTIC,    16, -6.244895960419e-01, 2.880302715825e-04, 1.6490e+00, 1.0340e-02, 
 2DIAGNOSTIC,    17, -6.244627770039e-01, 6.858407415171e-05, 1.6594e+00, 1.0343e-02, 
 2DIAGNOSTIC,    18, -6.244598587710e-01, 3.894378798802e-06, 1.6682e+00, 8.8460e-03, 
DIAGNOSTIC,Iteration,metricValue,convergenceValue,ITERATION_TIME_INDEX,SINCE_LAST
 2DIAGNOSTIC,     1, -5.721797649504e-01, 1.797693134862e+308, 3.0773e+00, 1.4091e+00, 
 2DIAGNOSTIC,     2, -5.727658477769e-01, 1.797693134862e+308, 3.0895e+00, 1.2168e-02, 
 2DIAGNOSTIC,     3, -5.738452616108e-01, 1.797693134862e+308, 3.1090e+00, 1.9544e-02, 
 2DIAGNOSTIC,     4, -5.757231397390e-01, 1.797693134862e+308, 3.1225e+00, 1.3444e-02, 
 2DIAGNOSTIC,     5, -5.788434588866e-01, 1.797693134862e+308, 3.1304e+00, 7.8971e-03, 
 2DIAGNOSTIC,     6, -5.796846660661e-01, 1.797693134862e+308, 3.1384e+00, 8.0721e-03, 
 2DIAGNOSTIC,     7, -5.802482127717e-01, 1.797693134862e+308, 3.1499e+00, 1.1459e-02, 
 2DIAGNOSTIC,     8, -5.804063837636e-01, 1.797693134862e+308, 3.1647e+00, 1.4802e-02, 
 2DIAGNOSTIC,     9, -5.804861709254e-01, 1.797693134862e+308, 3.1743e+00, 9.6011e-03, 
 2DIAGNOSTIC,    10, -5.808047183873e-01, 1.097092214006e-03, 3.1847e+00, 1.0433e-02, 
 2DIAGNOSTIC,    11, -5.809693653238e-01, 8.279187295764e-04, 3.1984e+00, 1.3675e-02, 
 2DIAGNOSTIC,    12, -5.814629594119e-01, 5.753037387853e-04, 3.2097e+00, 1.1298e-02, 
 2DIAGNOSTIC,    13, -5.844146737918e-01, 4.617181170624e-04, 3.2234e+00, 1.3636e-02, 
 2DIAGNOSTIC,    14, -5.862786333700e-01, 4.486853497246e-04, 3.2335e+00, 1.0167e-02, 
 2DIAGNOSTIC,    15, -5.863474823033e-01, 4.999317370905e-04, 3.2425e+00, 8.9350e-03, 
 2DIAGNOSTIC,    16, -5.865662122120e-01, 5.330587039546e-04, 3.2596e+00, 1.7146e-02, 
 2DIAGNOSTIC,    17, -5.863127009135e-01, 5.225213000222e-04, 3.2703e+00, 1.0672e-02, 
 2DIAGNOSTIC,    18, -5.863398922107e-01, 4.689545399009e-04, 3.2803e+00, 1.0008e-02, 
 2DIAGNOSTIC,    19, -5.863697723662e-01, 3.795451240331e-04, 3.2902e+00, 9.9430e-03, 
 2DIAGNOSTIC,    20, -5.866354656105e-01, 2.792067648280e-04, 3.3033e+00, 1.3095e-02, 
 2DIAGNOSTIC,    21, -5.877405431889e-01, 1.931650879064e-04, 3.3163e+00, 1.2999e-02, 
 2DIAGNOSTIC,    22, -5.888937197352e-01, 1.317841039957e-04, 3.3302e+00, 1.3866e-02, 
 2DIAGNOSTIC,    23, -5.889594299332e-01, 1.262909910236e-04, 3.3397e+00, 9.5000e-03, 
 2DIAGNOSTIC,    24, -5.887685488152e-01, 1.440782773664e-04, 3.3650e+00, 2.5303e-02, 
 2DIAGNOSTIC,    25, -5.888054208162e-01, 1.492363964142e-04, 3.3777e+00, 1.2684e-02, 
 2DIAGNOSTIC,    26, -5.888284653112e-01, 1.442760879833e-04, 3.3907e+00, 1.3028e-02, 
 2DIAGNOSTIC,    27, -5.887152781303e-01, 1.191813097616e-04, 3.4015e+00, 1.0808e-02, 
 2DIAGNOSTIC,    28, -5.886698565883e-01, 8.479666521170e-05, 3.4118e+00, 1.0327e-02, 
 2DIAGNOSTIC,    29, -5.888750135522e-01, 4.931685195392e-05, 3.4216e+00, 9.7990e-03, 
 2DIAGNOSTIC,    30, -5.905693393730e-01, 4.306208181940e-05, 3.4329e+00, 1.1257e-02, 
 2DIAGNOSTIC,    31, -5.915924330195e-01, 6.535280149520e-05, 3.4463e+00, 1.3450e-02, 
 2DIAGNOSTIC,    32, -5.918956752185e-01, 1.021680985866e-04, 3.4614e+00, 1.5032e-02, 
 2DIAGNOSTIC,    33, -5.918865377622e-01, 1.285256814151e-04, 3.4764e+00, 1.5029e-02, 
 2DIAGNOSTIC,    34, -5.918159506683e-01, 1.375905610454e-04, 3.4870e+00, 1.0623e-02, 
 2DIAGNOSTIC,    35, -5.917439242463e-01, 1.322602658066e-04, 3.4988e+00, 1.1731e-02, 
 2DIAGNOSTIC,    36, -5.917565968449e-01, 1.149866694914e-04, 3.5111e+00, 1.2368e-02, 
 2DIAGNOSTIC,    37, -5.917658288996e-01, 8.670150622681e-05, 3.5225e+00, 1.1365e-02, 
 2DIAGNOSTIC,    38, -5.917853177482e-01, 5.179054765266e-05, 3.5396e+00, 1.7156e-02, 
 2DIAGNOSTIC,    39, -5.916577129686e-01, 1.442565751512e-05, 3.5565e+00, 1.6819e-02, 
DIAGNOSTIC,Iteration,metricValue,convergenceValue,ITERATION_TIME_INDEX,SINCE_LAST
 2DIAGNOSTIC,     1, -5.542067174720e-01, 1.797693134862e+308, 5.2036e+00, 1.6471e+00, 
 2DIAGNOSTIC,     2, -5.543910540242e-01, 1.797693134862e+308, 5.2937e+00, 9.0157e-02, 
 2DIAGNOSTIC,     3, -5.545090613020e-01, 1.797693134862e+308, 5.4008e+00, 1.0708e-01, 
 2DIAGNOSTIC,     4, -5.545322767241e-01, 1.797693134862e+308, 5.5381e+00, 1.3728e-01, 
 2DIAGNOSTIC,     5, -5.545280007007e-01, 1.797693134862e+308, 5.6617e+00, 1.2364e-01, 
 2DIAGNOSTIC,     6, -5.545232098280e-01, 1.797693134862e+308, 5.7948e+00, 1.3305e-01, 
 2DIAGNOSTIC,     7, -5.545157060176e-01, 1.797693134862e+308, 5.9305e+00, 1.3568e-01, 
 2DIAGNOSTIC,     8, -5.545134684890e-01, 1.797693134862e+308, 6.0631e+00, 1.3261e-01, 
 2DIAGNOSTIC,     9, -5.545138526446e-01, 1.797693134862e+308, 6.2289e+00, 1.6580e-01, 
 2DIAGNOSTIC,    10, -5.545147188622e-01, 2.418848639971e-05, 6.3450e+00, 1.1609e-01, 
 2DIAGNOSTIC,    11, -5.545185387228e-01, 8.085989216977e-06, 6.4603e+00, 1.1529e-01, 
 2DIAGNOSTIC,    12, -5.545061182318e-01, 1.411968804876e-06, 6.5651e+00, 1.0486e-01, 
DIAGNOSTIC,Iteration,metricValue,convergenceValue,ITERATION_TIME_INDEX,SINCE_LAST
 2DIAGNOSTIC,     1, -5.131749490528e-01, 1.797693134862e+308, 1.0127e+01, 3.5616e+00, 
 2DIAGNOSTIC,     2, -5.131954901267e-01, 1.797693134862e+308, 1.1182e+01, 1.0550e+00, 
 2DIAGNOSTIC,     3, -5.131784031076e-01, 1.797693134862e+308, 1.2495e+01, 1.3135e+00, 
 2DIAGNOSTIC,     4, -5.131795742340e-01, 1.797693134862e+308, 1.3492e+01, 9.9718e-01, 
 2DIAGNOSTIC,     5, -5.131774633245e-01, 1.797693134862e+308, 1.4495e+01, 1.0027e+00, 
 2DIAGNOSTIC,     6, -5.131767095302e-01, 1.797693134862e+308, 1.5460e+01, 9.6495e-01, 
 2DIAGNOSTIC,     7, -5.131743322244e-01, 1.797693134862e+308, 1.6583e+01, 1.1233e+00, 
 2DIAGNOSTIC,     8, -5.131737376293e-01, 1.797693134862e+308, 1.7465e+01, 8.8181e-01, 
 2DIAGNOSTIC,     9, -5.131725979430e-01, 1.797693134862e+308, 1.8202e+01, 7.3722e-01, 
 2DIAGNOSTIC,    10, -5.131721906049e-01, 1.596907841336e-06, 1.8959e+01, 7.5641e-01, 
 2DIAGNOSTIC,    11, -5.131710501181e-01, 1.034073241188e-06, 1.9659e+01, 6.9971e-01, 
 2DIAGNOSTIC,    12, -5.131704229715e-01, 1.674872023918e-06, 2.0309e+01, 6.5028e-01, 
 2DIAGNOSTIC,    13, -5.131704261258e-01, 1.575245262952e-06, 2.1025e+01, 7.1569e-01, 
 2DIAGNOSTIC,    14, -5.131707984602e-01, 1.630451593418e-06, 2.1649e+01, 6.2462e-01, 
 2DIAGNOSTIC,    15, -5.131711589496e-01, 1.671431214878e-06, 2.2517e+01, 8.6794e-01, 
 2DIAGNOSTIC,    16, -5.131705248568e-01, 1.702511598076e-06, 2.3192e+01, 6.7488e-01, 
 2DIAGNOSTIC,    17, -5.131706172074e-01, 1.683092995163e-06, 2.3770e+01, 5.7788e-01, 
 2DIAGNOSTIC,    18, -5.131700210946e-01, 1.646745037692e-06, 2.4406e+01, 6.3662e-01, 
 2DIAGNOSTIC,    19, -5.131693965769e-01, 1.573608656394e-06, 2.5074e+01, 6.6734e-01, 
 2DIAGNOSTIC,    20, -5.131689276774e-01, 1.493763175965e-06, 2.5659e+01, 5.8505e-01, 
 2DIAGNOSTIC,    21, -5.131686831636e-01, 1.394777651473e-06, 2.6301e+01, 6.4195e-01, 
 2DIAGNOSTIC,    22, -5.131689024717e-01, 1.305838489757e-06, 2.7001e+01, 7.0039e-01, 
 2DIAGNOSTIC,    23, -5.131692596868e-01, 1.245896953106e-06, 2.7801e+01, 8.0013e-01, 
 2DIAGNOSTIC,    24, -5.131698363544e-01, 1.225392478627e-06, 2.8552e+01, 7.5104e-01, 
 2DIAGNOSTIC,    25, -5.131688357892e-01, 1.202009937779e-06, 2.9231e+01, 6.7884e-01, 
 2DIAGNOSTIC,    26, -5.131685130495e-01, 1.167226668895e-06, 3.0068e+01, 8.3699e-01, 
 2DIAGNOSTIC,    27, -5.131692803614e-01, 1.158038182132e-06, 3.0868e+01, 7.9928e-01, 
 2DIAGNOSTIC,    28, -5.131684746795e-01, 1.122827157050e-06, 3.1657e+01, 7.8945e-01, 
 2DIAGNOSTIC,    29, -5.131699652532e-01, 1.108477986456e-06, 3.2459e+01, 8.0194e-01, 
 2DIAGNOSTIC,    30, -5.131692718781e-01, 1.072377884048e-06, 3.3360e+01, 9.0106e-01, 
 2DIAGNOSTIC,    31, -5.131684276635e-01, 1.018701630426e-06, 3.4182e+01, 8.2210e-01, 
DIAGNOSTIC,Iteration,metricValue,convergenceValue,ITERATION_TIME_INDEX,SINCE_LAST
 2DIAGNOSTIC,     1, -4.724793418609e-01, 1.797693134862e+308, 4.3961e+01, 9.7793e+00, 
 2DIAGNOSTIC,     2, -4.725275584070e-01, 1.797693134862e+308, 4.8385e+01, 4.4241e+00, 
 2DIAGNOSTIC,     3, -4.725733704413e-01, 1.797693134862e+308, 5.3021e+01, 4.6357e+00, 
 2DIAGNOSTIC,     4, -4.725817726722e-01, 1.797693134862e+308, 5.9640e+01, 6.6189e+00, 
 2DIAGNOSTIC,     5, -4.725825655366e-01, 1.797693134862e+308, 6.3895e+01, 4.2553e+00, 
 2DIAGNOSTIC,     6, -4.725801881941e-01, 1.797693134862e+308, 6.9794e+01, 5.8983e+00, 
 2DIAGNOSTIC,     7, -4.725799735063e-01, 1.797693134862e+308, 7.3780e+01, 3.9861e+00, 
 2DIAGNOSTIC,     8, -4.725793919951e-01, 1.797693134862e+308, 7.7978e+01, 4.1986e+00, 
 2DIAGNOSTIC,     9, -4.725790800472e-01, 1.797693134862e+308, 8.1927e+01, 3.9485e+00, 
 2DIAGNOSTIC,    10, -4.725793949888e-01, 1.208538155520e-05, 8.6224e+01, 4.2972e+00, 
 2DIAGNOSTIC,    11, -4.725791551528e-01, 5.814345237859e-06, 9.1271e+01, 5.0472e+00, 
 2DIAGNOSTIC,    12, -4.725792211721e-01, 2.687201147794e-06, 9.5496e+01, 4.2245e+00, 
 2DIAGNOSTIC,    13, -4.725790599642e-01, 2.137891342749e-06, 9.9062e+01, 3.5664e+00, 
 2DIAGNOSTIC,    14, -4.725789723674e-01, 2.050287197908e-06, 1.0291e+02, 3.8449e+00, 
 2DIAGNOSTIC,    15, -4.725789765064e-01, 2.028763190554e-06, 1.0703e+02, 4.1269e+00, 
 2DIAGNOSTIC,    16, -4.725787822325e-01, 1.921430254903e-06, 1.1170e+02, 4.6632e+00, 
 2DIAGNOSTIC,    17, -4.725787152380e-01, 1.823703489369e-06, 1.1669e+02, 4.9971e+00, 
 2DIAGNOSTIC,    18, -4.725787143919e-01, 1.722142842657e-06, 1.2118e+02, 4.4839e+00, 
 2DIAGNOSTIC,    19, -4.725787109678e-01, 1.625067212213e-06, 1.2473e+02, 3.5475e+00, 
 2DIAGNOSTIC,    20, -4.725785790242e-01, 1.547922402437e-06, 1.2925e+02, 4.5276e+00, 
 2DIAGNOSTIC,    21, -4.725785777569e-01, 1.475244494384e-06, 1.3466e+02, 5.4036e+00, 
 2DIAGNOSTIC,    22, -4.725785658601e-01, 1.414451017374e-06, 1.3873e+02, 4.0763e+00, 
 2DIAGNOSTIC,    23, -4.725785810383e-01, 1.358014036973e-06, 1.4233e+02, 3.5928e+00, 
 2DIAGNOSTIC,    24, -4.725786074683e-01, 1.307004946480e-06, 1.4575e+02, 3.4259e+00, 
 2DIAGNOSTIC,    25, -4.725786601981e-01, 1.263324553261e-06, 1.5016e+02, 4.4048e+00, 
 2DIAGNOSTIC,    26, -4.725786705382e-01, 1.219638455674e-06, 1.5440e+02, 4.2459e+00, 
 2DIAGNOSTIC,    27, -4.725784991643e-01, 1.174212349533e-06, 1.5866e+02, 4.2585e+00, 
 2DIAGNOSTIC,    28, -4.725786894192e-01, 1.136558499829e-06, 1.6272e+02, 4.0585e+00, 
 2DIAGNOSTIC,    29, -4.725786418150e-01, 1.100305639871e-06, 1.6630e+02, 3.5827e+00, 
 2DIAGNOSTIC,    30, -4.725785967049e-01, 1.062598228539e-06, 1.7016e+02, 3.8610e+00, 
 2DIAGNOSTIC,    31, -4.725786162586e-01, 1.027562574051e-06, 1.7476e+02, 4.6003e+00, 
  Elapsed time (stage 0): 1.8181e+02


Stage 1
  iterations = 1000x1000x1000x1000x1000
  convergence threshold = 1.0000e-06
  convergence window size = 10
  number of levels = 5
  using the Mattes MI metric (number of bins = 32, weight = 1.0000e+00, use gradient filter = 0)
  preprocessing:  winsorizing the image intensities
  preprocessing:  histogram matching the images
  Shrink factors (level 1 out of 5): [8, 8, 8]
  Shrink factors (level 2 out of 5): [8, 8, 8]
  Shrink factors (level 3 out of 5): [4, 4, 4]
  Shrink factors (level 4 out of 5): [2, 2, 2]
  Shrink factors (level 5 out of 5): [1, 1, 1]
  smoothing sigmas per level: [4, 3, 2, 1, 0]
  regular sampling (percentage = 2.5000e-01)

*** Running AffineTransform registration ***

DIAGNOSTIC,Iteration,metricValue,convergenceValue,ITERATION_TIME_INDEX,SINCE_LAST
 2DIAGNOSTIC,     1, -6.294991677061e-01, 1.797693134862e+308, 1.4397e+00, 1.4397e+00, 
 2DIAGNOSTIC,     2, -6.307361523226e-01, 1.797693134862e+308, 1.4496e+00, 9.9249e-03, 
 2DIAGNOSTIC,     3, -6.338587178944e-01, 1.797693134862e+308, 1.4577e+00, 8.0709e-03, 
 2DIAGNOSTIC,     4, -6.382500157263e-01, 1.797693134862e+308, 1.4817e+00, 2.4060e-02, 
 2DIAGNOSTIC,     5, -6.459032637013e-01, 1.797693134862e+308, 1.5045e+00, 2.2778e-02, 
 2DIAGNOSTIC,     6, -6.596061680399e-01, 1.797693134862e+308, 1.5232e+00, 1.8686e-02, 
 2DIAGNOSTIC,     7, -6.931250885889e-01, 1.797693134862e+308, 1.5411e+00, 1.7871e-02, 
 2DIAGNOSTIC,     8, -7.174413944136e-01, 1.797693134862e+308, 1.5559e+00, 1.4862e-02, 
 2DIAGNOSTIC,     9, -7.193104987638e-01, 1.797693134862e+308, 1.5682e+00, 1.2224e-02, 
 2DIAGNOSTIC,    10, -7.235023331256e-01, 1.095961348837e-02, 1.5850e+00, 1.6787e-02, 
 2DIAGNOSTIC,    11, -7.284339946011e-01, 1.041649773856e-02, 1.6066e+00, 2.1612e-02, 
 2DIAGNOSTIC,    12, -7.335325340309e-01, 9.234434928781e-03, 1.6248e+00, 1.8197e-02, 
 2DIAGNOSTIC,    13, -7.408555994779e-01, 7.734861901735e-03, 1.6449e+00, 2.0132e-02, 
 2DIAGNOSTIC,    14, -7.495137491578e-01, 6.155555954368e-03, 1.6564e+00, 1.1550e-02, 
 2DIAGNOSTIC,    15, -7.625303135391e-01, 4.811204938521e-03, 1.6824e+00, 2.5998e-02, 
 2DIAGNOSTIC,    16, -7.631762357431e-01, 3.554071193484e-03, 1.7023e+00, 1.9883e-02, 
 2DIAGNOSTIC,    17, -7.647991527694e-01, 2.958211486453e-03, 1.7167e+00, 1.4378e-02, 
 2DIAGNOSTIC,    18, -7.660809083859e-01, 2.736698148834e-03, 1.7327e+00, 1.5970e-02, 
 2DIAGNOSTIC,    19, -7.669771081769e-01, 2.341944788343e-03, 1.7502e+00, 1.7543e-02, 
 2DIAGNOSTIC,    20, -7.669582986401e-01, 1.852521463631e-03, 1.7596e+00, 9.3620e-03, 
 2DIAGNOSTIC,    21, -7.670893122839e-01, 1.338207028543e-03, 1.7717e+00, 1.2085e-02, 
 2DIAGNOSTIC,    22, -7.674562226560e-01, 8.495358780758e-04, 1.7842e+00, 1.2573e-02, 
 2DIAGNOSTIC,    23, -7.678636178858e-01, 4.578994804164e-04, 1.7972e+00, 1.2979e-02, 
 2DIAGNOSTIC,    24, -7.684673873497e-01, 2.044893679672e-04, 1.8097e+00, 1.2497e-02, 
 2DIAGNOSTIC,    25, -7.694079262256e-01, 1.732686820943e-04, 1.8235e+00, 1.3776e-02, 
 2DIAGNOSTIC,    26, -7.722408180842e-01, 1.804108395235e-04, 1.8452e+00, 2.1725e-02, 
 2DIAGNOSTIC,    27, -7.737459806093e-01, 2.140920815060e-04, 1.8626e+00, 1.7367e-02, 
 2DIAGNOSTIC,    28, -7.739355896080e-01, 2.453018283883e-04, 1.8817e+00, 1.9071e-02, 
 2DIAGNOSTIC,    29, -7.744212780725e-01, 2.704676361753e-04, 1.8955e+00, 1.3801e-02, 
 2DIAGNOSTIC,    30, -7.750094411080e-01, 2.757003258465e-04, 1.9095e+00, 1.4066e-02, 
 2DIAGNOSTIC,    31, -7.755204894845e-01, 2.619019296009e-04, 1.9242e+00, 1.4718e-02, 
 2DIAGNOSTIC,    32, -7.761938562764e-01, 2.366139389341e-04, 1.9416e+00, 1.7318e-02, 
 2DIAGNOSTIC,    33, -7.779443675837e-01, 2.161949371937e-04, 1.9509e+00, 9.3310e-03, 
 2DIAGNOSTIC,    34, -7.790591489874e-01, 1.959905036320e-04, 1.9637e+00, 1.2806e-02, 
 2DIAGNOSTIC,    35, -7.799241497106e-01, 1.775561538401e-04, 1.9791e+00, 1.5452e-02, 
 2DIAGNOSTIC,    36, -7.804046693368e-01, 1.785065084285e-04, 1.9946e+00, 1.5456e-02, 
 2DIAGNOSTIC,    37, -7.820693483227e-01, 1.954549707314e-04, 2.0075e+00, 1.2920e-02, 
 2DIAGNOSTIC,    38, -7.832138061132e-01, 2.057782472904e-04, 2.0203e+00, 1.2759e-02, 
 2DIAGNOSTIC,    39, -7.868322978015e-01, 2.359625649524e-04, 2.0364e+00, 1.6122e-02, 
 2DIAGNOSTIC,    40, -7.877714582530e-01, 2.561596551111e-04, 2.0478e+00, 1.1437e-02, 
 2DIAGNOSTIC,    41, -7.892226728383e-01, 2.695834384119e-04, 2.0585e+00, 1.0700e-02, 
 2DIAGNOSTIC,    42, -7.962849386784e-01, 3.265445404457e-04, 2.0788e+00, 2.0242e-02, 
 2DIAGNOSTIC,    43, -8.098222271968e-01, 4.826488733009e-04, 2.0938e+00, 1.5044e-02, 
 2DIAGNOSTIC,    44, -8.254418709434e-01, 7.261411042026e-04, 2.1093e+00, 1.5477e-02, 
 2DIAGNOSTIC,    45, -8.293809423530e-01, 9.273082960970e-04, 2.1258e+00, 1.6489e-02, 
 2DIAGNOSTIC,    46, -8.329063438524e-01, 1.065333979362e-03, 2.1398e+00, 1.3990e-02, 
 2DIAGNOSTIC,    47, -8.360234677340e-01, 1.133821612423e-03, 2.1509e+00, 1.1151e-02, 
 2DIAGNOSTIC,    48, -8.369990184841e-01, 1.104583314132e-03, 2.1659e+00, 1.5015e-02, 
 2DIAGNOSTIC,    49, -8.372717890901e-01, 9.996916871825e-04, 2.1836e+00, 1.7615e-02, 
 2DIAGNOSTIC,    50, -8.379057656121e-01, 8.169721086819e-04, 2.2005e+00, 1.6982e-02, 
 2DIAGNOSTIC,    51, -8.384878034040e-01, 5.798512381060e-04, 2.2140e+00, 1.3488e-02, 
 2DIAGNOSTIC,    52, -8.391017610347e-01, 3.508024767902e-04, 2.2331e+00, 1.9109e-02, 
 2DIAGNOSTIC,    53, -8.400359636358e-01, 1.966409135127e-04, 2.2455e+00, 1.2360e-02, 
 2DIAGNOSTIC,    54, -8.416357496847e-01, 1.480600641339e-04, 2.2552e+00, 9.7129e-03, 
 2DIAGNOSTIC,    55, -8.419411070267e-01, 1.153015512362e-04, 2.2808e+00, 2.5570e-02, 
 2DIAGNOSTIC,    56, -8.419577636924e-01, 9.581581469320e-05, 2.3005e+00, 1.9714e-02, 
 2DIAGNOSTIC,    57, -8.420972997843e-01, 8.903631538886e-05, 2.3196e+00, 1.9124e-02, 
 2DIAGNOSTIC,    58, -8.423084915065e-01, 8.148248946888e-05, 2.3343e+00, 1.4716e-02, 
 2DIAGNOSTIC,    59, -8.425186578300e-01, 6.922525286429e-05, 2.3454e+00, 1.1103e-02, 
 2DIAGNOSTIC,    60, -8.426624489816e-01, 5.554583889482e-05, 2.3548e+00, 9.3100e-03, 
 2DIAGNOSTIC,    61, -8.432987801135e-01, 4.452132329784e-05, 2.3758e+00, 2.1033e-02, 
 2DIAGNOSTIC,    62, -8.436721465181e-01, 3.538410348461e-05, 2.3989e+00, 2.3130e-02, 
 2DIAGNOSTIC,    63, -8.439447850617e-01, 2.994851447392e-05, 2.4206e+00, 2.1688e-02, 
 2DIAGNOSTIC,    64, -8.441252991005e-01, 3.201278852965e-05, 2.4390e+00, 1.8369e-02, 
 2DIAGNOSTIC,    65, -8.442277789131e-01, 3.328911352853e-05, 2.4482e+00, 9.2618e-03, 
 2DIAGNOSTIC,    66, -8.444873719749e-01, 3.285854685063e-05, 2.4566e+00, 8.3439e-03, 
 2DIAGNOSTIC,    67, -8.446429056777e-01, 3.085629293587e-05, 2.4770e+00, 2.0383e-02, 
 2DIAGNOSTIC,    68, -8.447607248930e-01, 2.775478859472e-05, 2.4942e+00, 1.7261e-02, 
 2DIAGNOSTIC,    69, -8.449831490198e-01, 2.444518508836e-05, 2.5153e+00, 2.1122e-02, 
 2DIAGNOSTIC,    70, -8.450228963885e-01, 1.980418972915e-05, 2.5375e+00, 2.2163e-02, 
 2DIAGNOSTIC,    71, -8.450813946327e-01, 1.695734410539e-05, 2.5485e+00, 1.0996e-02, 
 2DIAGNOSTIC,    72, -8.451418533255e-01, 1.476123677405e-05, 2.5590e+00, 1.0534e-02, 
 2DIAGNOSTIC,    73, -8.452978534482e-01, 1.335895436515e-05, 2.5756e+00, 1.6562e-02, 
 2DIAGNOSTIC,    74, -8.455040985045e-01, 1.262128577714e-05, 2.5989e+00, 2.3254e-02, 
 2DIAGNOSTIC,    75, -8.455460481405e-01, 1.138685883665e-05, 2.6188e+00, 1.9989e-02, 
 2DIAGNOSTIC,    76, -8.455445961035e-01, 1.037213724969e-05, 2.6355e+00, 1.6683e-02, 
 2DIAGNOSTIC,    77, -8.455921258624e-01, 9.387900523829e-06, 2.6468e+00, 1.1251e-02, 
 2DIAGNOSTIC,    78, -8.456416732764e-01, 8.297071688507e-06, 2.6559e+00, 9.0830e-03, 
 2DIAGNOSTIC,    79, -8.457610589912e-01, 8.012238036374e-06, 2.6810e+00, 2.5162e-02, 
 2DIAGNOSTIC,    80, -8.457792011931e-01, 7.254635117037e-06, 2.7009e+00, 1.9860e-02, 
 2DIAGNOSTIC,    81, -8.457511773863e-01, 6.014648708428e-06, 2.7201e+00, 1.9248e-02, 
 2DIAGNOSTIC,    82, -8.457529145622e-01, 4.541743848443e-06, 2.7376e+00, 1.7433e-02, 
 2DIAGNOSTIC,    83, -8.457166635124e-01, 3.194932326806e-06, 2.7487e+00, 1.1089e-02, 
 2DIAGNOSTIC,    84, -8.457009704768e-01, 2.416420980905e-06, 2.7580e+00, 9.3522e-03, 
 2DIAGNOSTIC,    85, -8.457074408265e-01, 1.670207793640e-06, 2.7748e+00, 1.6833e-02, 
DIAGNOSTIC,Iteration,metricValue,convergenceValue,ITERATION_TIME_INDEX,SINCE_LAST
 2DIAGNOSTIC,     1, -7.891039921178e-01, 1.797693134862e+308, 4.3210e+00, 1.5462e+00, 
 2DIAGNOSTIC,     2, -7.893956645007e-01, 1.797693134862e+308, 4.3411e+00, 2.0071e-02, 
 2DIAGNOSTIC,     3, -7.896690239706e-01, 1.797693134862e+308, 4.3498e+00, 8.7690e-03, 
 2DIAGNOSTIC,     4, -7.898899497104e-01, 1.797693134862e+308, 4.3609e+00, 1.1065e-02, 
 2DIAGNOSTIC,     5, -7.901022127107e-01, 1.797693134862e+308, 4.3954e+00, 3.4512e-02, 
 2DIAGNOSTIC,     6, -7.901289551321e-01, 1.797693134862e+308, 4.4109e+00, 1.5455e-02, 
 2DIAGNOSTIC,     7, -7.901425416740e-01, 1.797693134862e+308, 4.4274e+00, 1.6538e-02, 
 2DIAGNOSTIC,     8, -7.902041779240e-01, 1.797693134862e+308, 4.4416e+00, 1.4145e-02, 
 2DIAGNOSTIC,     9, -7.901965596314e-01, 1.797693134862e+308, 4.4501e+00, 8.5230e-03, 
 2DIAGNOSTIC,    10, -7.902227468998e-01, 8.652958384697e-05, 4.4696e+00, 1.9474e-02, 
 2DIAGNOSTIC,    11, -7.902472169390e-01, 5.523855051547e-05, 4.4939e+00, 2.4383e-02, 
 2DIAGNOSTIC,    12, -7.902775274543e-01, 3.404108165786e-05, 4.5094e+00, 1.5508e-02, 
 2DIAGNOSTIC,    13, -7.902631931712e-01, 2.031438714178e-05, 4.5233e+00, 1.3886e-02, 
 2DIAGNOSTIC,    14, -7.902522733736e-01, 1.220556672556e-05, 4.5363e+00, 1.3018e-02, 
 2DIAGNOSTIC,    15, -7.901965996547e-01, 8.039807147767e-06, 4.5449e+00, 8.5649e-03, 
 2DIAGNOSTIC,    16, -7.901732202880e-01, 3.946467495505e-06, 4.5538e+00, 8.8990e-03, 
DIAGNOSTIC,Iteration,metricValue,convergenceValue,ITERATION_TIME_INDEX,SINCE_LAST
 2DIAGNOSTIC,     1, -7.304446406393e-01, 1.797693134862e+308, 6.2194e+00, 1.6656e+00, 
 2DIAGNOSTIC,     2, -7.307537517375e-01, 1.797693134862e+308, 6.3179e+00, 9.8466e-02, 
 2DIAGNOSTIC,     3, -7.309655341101e-01, 1.797693134862e+308, 6.4180e+00, 1.0018e-01, 
 2DIAGNOSTIC,     4, -7.310452702542e-01, 1.797693134862e+308, 6.5191e+00, 1.0105e-01, 
 2DIAGNOSTIC,     5, -7.311830137094e-01, 1.797693134862e+308, 6.6708e+00, 1.5170e-01, 
 2DIAGNOSTIC,     6, -7.311962449082e-01, 1.797693134862e+308, 6.7781e+00, 1.0729e-01, 
 2DIAGNOSTIC,     7, -7.311999386213e-01, 1.797693134862e+308, 6.9009e+00, 1.2281e-01, 
 2DIAGNOSTIC,     8, -7.312055298544e-01, 1.797693134862e+308, 7.0103e+00, 1.0939e-01, 
 2DIAGNOSTIC,     9, -7.312011350340e-01, 1.797693134862e+308, 7.1234e+00, 1.1317e-01, 
 2DIAGNOSTIC,    10, -7.312005489238e-01, 5.720656626923e-05, 7.2489e+00, 1.2541e-01, 
 2DIAGNOSTIC,    11, -7.312015725157e-01, 3.023656564684e-05, 7.3478e+00, 9.8976e-02, 
 2DIAGNOSTIC,    12, -7.312020698437e-01, 1.524031359301e-05, 7.4434e+00, 9.5531e-02, 
 2DIAGNOSTIC,    13, -7.312137318277e-01, 8.081491443504e-06, 7.5387e+00, 9.5373e-02, 
 2DIAGNOSTIC,    14, -7.312152421197e-01, 3.579148912428e-06, 7.6360e+00, 9.7316e-02, 
 2DIAGNOSTIC,    15, -7.312398263601e-01, 3.761839023175e-06, 7.7777e+00, 1.4163e-01, 
 2DIAGNOSTIC,    16, -7.312539560765e-01, 4.420863191842e-06, 7.9012e+00, 1.2353e-01, 
 2DIAGNOSTIC,    17, -7.312538101114e-01, 4.851251312062e-06, 8.0072e+00, 1.0600e-01, 
 2DIAGNOSTIC,    18, -7.312546490639e-01, 5.108345088441e-06, 8.1001e+00, 9.2888e-02, 
 2DIAGNOSTIC,    19, -7.312557225384e-01, 4.962470450683e-06, 8.2053e+00, 1.0524e-01, 
 2DIAGNOSTIC,    20, -7.312790253286e-01, 4.960746213582e-06, 8.3009e+00, 9.5528e-02, 
 2DIAGNOSTIC,    21, -7.312793113066e-01, 4.654332206283e-06, 8.4467e+00, 1.4582e-01, 
 2DIAGNOSTIC,    22, -7.313095950815e-01, 4.632173349173e-06, 8.5552e+00, 1.0850e-01, 
 2DIAGNOSTIC,    23, -7.313525593776e-01, 5.236739247648e-06, 8.6514e+00, 9.6172e-02, 
 2DIAGNOSTIC,    24, -7.314150114032e-01, 6.441192687806e-06, 8.7644e+00, 1.1301e-01, 
 2DIAGNOSTIC,    25, -7.314182094254e-01, 7.476515525677e-06, 8.8892e+00, 1.2480e-01, 
 2DIAGNOSTIC,    26, -7.314187068141e-01, 8.085103342499e-06, 9.0232e+00, 1.3403e-01, 
 2DIAGNOSTIC,    27, -7.314106990804e-01, 7.895568006608e-06, 9.1335e+00, 1.1028e-01, 
 2DIAGNOSTIC,    28, -7.314120546127e-01, 7.109093736336e-06, 9.2411e+00, 1.0759e-01, 
 2DIAGNOSTIC,    29, -7.314122166529e-01, 5.808925663764e-06, 9.3449e+00, 1.0383e-01, 
 2DIAGNOSTIC,    30, -7.314099162178e-01, 4.430452628185e-06, 9.4506e+00, 1.0569e-01, 
 2DIAGNOSTIC,    31, -7.314118730639e-01, 2.859694455556e-06, 9.5450e+00, 9.4434e-02, 
 2DIAGNOSTIC,    32, -7.314151007962e-01, 1.615827836615e-06, 9.6528e+00, 1.0780e-01, 
DIAGNOSTIC,Iteration,metricValue,convergenceValue,ITERATION_TIME_INDEX,SINCE_LAST
 2DIAGNOSTIC,     1, -6.600179373344e-01, 1.797693134862e+308, 1.2591e+01, 2.9386e+00, 
 2DIAGNOSTIC,     2, -6.602021762990e-01, 1.797693134862e+308, 1.3184e+01, 5.9290e-01, 
 2DIAGNOSTIC,     3, -6.603188325948e-01, 1.797693134862e+308, 1.3799e+01, 6.1470e-01, 
 2DIAGNOSTIC,     4, -6.603860539801e-01, 1.797693134862e+308, 1.4461e+01, 6.6223e-01, 
 2DIAGNOSTIC,     5, -6.604139498276e-01, 1.797693134862e+308, 1.5503e+01, 1.0412e+00, 
 2DIAGNOSTIC,     6, -6.604104472810e-01, 1.797693134862e+308, 1.6181e+01, 6.7887e-01, 
 2DIAGNOSTIC,     7, -6.604112711432e-01, 1.797693134862e+308, 1.6889e+01, 7.0746e-01, 
 2DIAGNOSTIC,     8, -6.604137246912e-01, 1.797693134862e+308, 1.7458e+01, 5.6895e-01, 
 2DIAGNOSTIC,     9, -6.604176307859e-01, 1.797693134862e+308, 1.8041e+01, 5.8347e-01, 
 2DIAGNOSTIC,    10, -6.604215124126e-01, 3.200119989977e-05, 1.8649e+01, 6.0811e-01, 
 2DIAGNOSTIC,    11, -6.604369482924e-01, 1.645616037005e-05, 1.9262e+01, 6.1259e-01, 
 2DIAGNOSTIC,    12, -6.604523605962e-01, 9.359847616311e-06, 1.9877e+01, 6.1545e-01, 
 2DIAGNOSTIC,    13, -6.605117590787e-01, 8.515205202148e-06, 2.0847e+01, 9.6972e-01, 
 2DIAGNOSTIC,    14, -6.605088219498e-01, 9.149273238682e-06, 2.1612e+01, 7.6511e-01, 
 2DIAGNOSTIC,    15, -6.605161020523e-01, 1.011069658449e-05, 2.2403e+01, 7.9090e-01, 
 2DIAGNOSTIC,    16, -6.605254173041e-01, 1.038799732084e-05, 2.3115e+01, 7.1150e-01, 
 2DIAGNOSTIC,    17, -6.605479612690e-01, 1.043248262300e-05, 2.4064e+01, 9.4944e-01, 
 2DIAGNOSTIC,    18, -6.605433338857e-01, 9.598695060994e-06, 2.4847e+01, 7.8265e-01, 
 2DIAGNOSTIC,    19, -6.605449005933e-01, 8.266379235046e-06, 2.5546e+01, 6.9911e-01, 
 2DIAGNOSTIC,    20, -6.605458185295e-01, 6.575954045254e-06, 2.6265e+01, 7.1956e-01, 
 2DIAGNOSTIC,    21, -6.605453260933e-01, 4.885794077474e-06, 2.6891e+01, 6.2528e-01, 
 2DIAGNOSTIC,    22, -6.605454873804e-01, 3.300733922643e-06, 2.7563e+01, 6.7218e-01, 
 2DIAGNOSTIC,    23, -6.605484906340e-01, 2.853457459318e-06, 2.8161e+01, 5.9765e-01, 
 2DIAGNOSTIC,    24, -6.605519408530e-01, 2.317832248896e-06, 2.8833e+01, 6.7268e-01, 
 2DIAGNOSTIC,    25, -6.605583416959e-01, 1.964793426644e-06, 2.9502e+01, 6.6862e-01, 
 2DIAGNOSTIC,    26, -6.605585597129e-01, 1.718933497666e-06, 3.0092e+01, 5.9005e-01, 
 2DIAGNOSTIC,    27, -6.605606661467e-01, 1.841995029749e-06, 3.0674e+01, 5.8208e-01, 
 2DIAGNOSTIC,    28, -6.605616370438e-01, 1.836557401394e-06, 3.1517e+01, 8.4336e-01, 
 2DIAGNOSTIC,    29, -6.605630276384e-01, 1.807424722750e-06, 3.2427e+01, 9.1013e-01, 
 2DIAGNOSTIC,    30, -6.605634326946e-01, 1.731318867590e-06, 3.3091e+01, 6.6370e-01, 
 2DIAGNOSTIC,    31, -6.605629013132e-01, 1.583426701521e-06, 3.3764e+01, 6.7255e-01, 
 2DIAGNOSTIC,    32, -6.605633968388e-01, 1.401657450599e-06, 3.4382e+01, 6.1788e-01, 
 2DIAGNOSTIC,    33, -6.605630294964e-01, 1.225824391111e-06, 3.5079e+01, 6.9767e-01, 
 2DIAGNOSTIC,    34, -6.605631420635e-01, 1.078456658799e-06, 3.5710e+01, 6.3024e-01, 
DIAGNOSTIC,Iteration,metricValue,convergenceValue,ITERATION_TIME_INDEX,SINCE_LAST
 2DIAGNOSTIC,     1, -5.998320610711e-01, 1.797693134862e+308, 4.5520e+01, 9.8104e+00, 
 2DIAGNOSTIC,     2, -5.999935497575e-01, 1.797693134862e+308, 4.9446e+01, 3.9262e+00, 
 2DIAGNOSTIC,     3, -6.000311900718e-01, 1.797693134862e+308, 5.4127e+01, 4.6805e+00, 
 2DIAGNOSTIC,     4, -6.000329172402e-01, 1.797693134862e+308, 6.0662e+01, 6.5356e+00, 
 2DIAGNOSTIC,     5, -6.000333793630e-01, 1.797693134862e+308, 6.7335e+01, 6.6728e+00, 
 2DIAGNOSTIC,     6, -6.000334097570e-01, 1.797693134862e+308, 7.1187e+01, 3.8522e+00, 
 2DIAGNOSTIC,     7, -6.000333356131e-01, 1.797693134862e+308, 7.5127e+01, 3.9398e+00, 
 2DIAGNOSTIC,     8, -6.000333067413e-01, 1.797693134862e+308, 7.9680e+01, 4.5530e+00, 
 2DIAGNOSTIC,     9, -6.000332835597e-01, 1.797693134862e+308, 8.3841e+01, 4.1606e+00, 
 2DIAGNOSTIC,    10, -6.000332211841e-01, 1.443353847314e-05, 8.7910e+01, 4.0694e+00, 
 2DIAGNOSTIC,    11, -6.000332222991e-01, 4.685763122736e-06, 9.1282e+01, 3.3725e+00, 
 2DIAGNOSTIC,    12, -6.000331317787e-01, 2.731181546520e-06, 9.4071e+01, 2.7887e+00, 
 2DIAGNOSTIC,    13, -6.000331349284e-01, 2.440162899964e-06, 9.7205e+01, 3.1340e+00, 
 2DIAGNOSTIC,    14, -6.000330845149e-01, 2.247579398429e-06, 1.0043e+02, 3.2290e+00, 
 2DIAGNOSTIC,    15, -6.000331029712e-01, 2.098063403719e-06, 1.0332e+02, 2.8905e+00, 
 2DIAGNOSTIC,    16, -6.000330947052e-01, 1.969995833032e-06, 1.0597e+02, 2.6500e+00, 
 2DIAGNOSTIC,    17, -6.000330700802e-01, 1.855935494566e-06, 1.0879e+02, 2.8187e+00, 
 2DIAGNOSTIC,    18, -6.000330731897e-01, 1.755317080916e-06, 1.1161e+02, 2.8214e+00, 
 2DIAGNOSTIC,    19, -6.000330814052e-01, 1.666037978708e-06, 1.1455e+02, 2.9337e+00, 
 2DIAGNOSTIC,    20, -6.000330147865e-01, 1.583352644531e-06, 1.1737e+02, 2.8225e+00, 
 2DIAGNOSTIC,    21, -6.000330059754e-01, 1.509127994244e-06, 1.2095e+02, 3.5781e+00, 
 2DIAGNOSTIC,    22, -6.000329684688e-01, 1.439414963715e-06, 1.2406e+02, 3.1139e+00, 
 2DIAGNOSTIC,    23, -6.000328824291e-01, 1.374696119126e-06, 1.2675e+02, 2.6894e+00, 
 2DIAGNOSTIC,    24, -6.000328559018e-01, 1.314654976166e-06, 1.2944e+02, 2.6834e+00, 
 2DIAGNOSTIC,    25, -6.000328573651e-01, 1.260811220094e-06, 1.3229e+02, 2.8520e+00, 
 2DIAGNOSTIC,    26, -6.000328584370e-01, 1.212063557569e-06, 1.3513e+02, 2.8407e+00, 
 2DIAGNOSTIC,    27, -6.000328360946e-01, 1.167168681197e-06, 1.3812e+02, 2.9925e+00, 
 2DIAGNOSTIC,    28, -6.000327948718e-01, 1.125892908814e-06, 1.4112e+02, 2.9983e+00, 
 2DIAGNOSTIC,    29, -6.000327970033e-01, 1.088642430591e-06, 1.4430e+02, 3.1851e+00, 
 2DIAGNOSTIC,    30, -6.000328740133e-01, 1.054782238143e-06, 1.4755e+02, 3.2426e+00, 
 2DIAGNOSTIC,    31, -6.000328187064e-01, 1.022604864516e-06, 1.5072e+02, 3.1720e+00, 
  Elapsed time (stage 1): 1.5749e+02


Total elapsed time: 3.3931e+02
ALL Done
