
Running for 3-dimensional images.

*********10*********20*********30*********40*********50*********60*********70*********80*********90*********

   AdaptiveNonLocalMeansDenoisingImageFilter (0x194f370)
     RTTI typeinfo:   itk::AdaptiveNonLocalMeansDenoisingImageFilter<itk::Image<float, 3u>, itk::Image<float, 3u>, itk::Image<unsigned char, 3u> >
     Reference Count: 1
     Modified Time: 392
     Debug: Off
     Object Name: 
     Observers: 
       ProgressEvent(Command)
     Inputs: 
       Primary: (0x194e2f0) *
       _1: (0)
     Indexed Inputs: 
       0: Primary (0x194e2f0)
       1: _1 (0)
     Required Input Names: Primary
     NumberOfRequiredInputs: 1
     Outputs: 
       Primary: (0x194dda0)
     Indexed Outputs: 
       0: Primary (0x194dda0)
     NumberOfRequiredOutputs: 1
     Number Of Work Units: 56
     ReleaseDataFlag: Off
     ReleaseDataBeforeUpdateFlag: Off
     AbortGenerateData: Off
     Progress: 1
     Multithreader: 
       RTTI typeinfo:   itk::PoolMultiThreader
       Reference Count: 1
       Modified Time: 352
       Debug: Off
       Object Name: 
       Observers: 
         none
       Number of Work Units: 52
       Number of Threads: 14
       Global Maximum Number Of Threads: 128
       Global Default Number Of Threads: 14
       Global Default Threader Type: itk::MultiThreaderBaseEnums::Threader::Pool
       SingleMethod: 1
       SingleData: 0x7ffee2dc7e98
     DynamicMultiThreading: Off
     CoordinateTolerance: 1e-06
     DirectionTolerance: 1e-06
Using mean squares to measure the patch similarity.
     Neighborhood search radius = [2, 2, 2]
     Neighborhood patch radius = [1, 1, 1]
     Using Rician noise model.
     Epsilon = 1e-05
     Mean threshold = 0.95
     Variance threshold = 0.5
     Smoothing variance = 2
     Neighborhood radius for local mean and variance = [1, 1, 1]
Elapsed time: 261.705
All_Command_lines_OK
Using double precision for computations.
=============================================================================
The composite transform comprises the following transforms (in order): 
  1. Center of mass alignment using fixed image: /Dedicated/jmichaelson-wdata/msmuhammad/projects/RPOE/3dprint/data/derivatives/pre-freesurfer/../../temp/MNI152_T1_0.5mm.nii.gz and moving image: /Dedicated/jmichaelson-wdata/msmuhammad/projects/RPOE/3dprint/data/derivatives/pre-freesurfer/2E_050/2E_050/2E_050_reorient_RPI_denoise.nii.gz (type = Euler3DTransform)
=============================================================================
  number of levels = 5
  number of levels = 5
  fixed image: /Dedicated/jmichaelson-wdata/msmuhammad/projects/RPOE/3dprint/data/derivatives/pre-freesurfer/../../temp/MNI152_T1_0.5mm.nii.gz
  moving image: /Dedicated/jmichaelson-wdata/msmuhammad/projects/RPOE/3dprint/data/derivatives/pre-freesurfer/2E_050/2E_050/2E_050_reorient_RPI_denoise.nii.gz
  fixed image: /Dedicated/jmichaelson-wdata/msmuhammad/projects/RPOE/3dprint/data/derivatives/pre-freesurfer/../../temp/MNI152_T1_0.5mm.nii.gz
  moving image: /Dedicated/jmichaelson-wdata/msmuhammad/projects/RPOE/3dprint/data/derivatives/pre-freesurfer/2E_050/2E_050/2E_050_reorient_RPI_denoise.nii.gz
Dimension = 3
Number of stages = 2
Use histogram matching = true
Winsorize image intensities = true
  Lower quantile = 0.005
  Upper quantile = 0.995


Stage 1 State
   Image metric = Mattes
     Fixed image = Image (0x3ed5f10)
  RTTI typeinfo:   itk::Image<double, 3u>
  Reference Count: 2
  Modified Time: 1694
  Debug: Off
  Object Name: 
  Observers: 
    none
  Source: (none)
  Source output name: (none)
  Release Data: Off
  Data Released: False
  Global Release Data: Off
  PipelineMTime: 0
  UpdateMTime: 1477
  RealTimeStamp: 0 seconds 
  LargestPossibleRegion: 
    Dimension: 3
    Index: [0, 0, 0]
    Size: [364, 436, 364]
  BufferedRegion: 
    Dimension: 3
    Index: [0, 0, 0]
    Size: [364, 436, 364]
  RequestedRegion: 
    Dimension: 3
    Index: [0, 0, 0]
    Size: [364, 436, 364]
  Spacing: [0.5, 0.5, 0.5]
  Origin: [-90, 126, -72]
  Direction: 
1 0 0
0 -1 0
0 0 1

  IndexToPointMatrix: 
0.5 0 0
0 -0.5 0
0 0 0.5

  PointToIndexMatrix: 
2 0 0
0 -2 0
0 0 2

  Inverse Direction: 
1 0 0
0 -1 0
0 0 1

  PixelContainer: 
    ImportImageContainer (0x3ec29d0)
      RTTI typeinfo:   itk::ImportImageContainer<unsigned long, double>
      Reference Count: 1
      Modified Time: 1474
      Debug: Off
      Object Name: 
      Observers: 
        none
      Pointer: 0x2ad709f85010
      Container manages memory: true
      Size: 57768256
      Capacity: 57768256

     Moving image = Image (0x3ed5af0)
  RTTI typeinfo:   itk::Image<double, 3u>
  Reference Count: 2
  Modified Time: 1695
  Debug: Off
  Object Name: 
  Observers: 
    none
  Source: (none)
  Source output name: (none)
  Release Data: Off
  Data Released: False
  Global Release Data: Off
  PipelineMTime: 0
  UpdateMTime: 1692
  RealTimeStamp: 0 seconds 
  LargestPossibleRegion: 
    Dimension: 3
    Index: [0, 0, 0]
    Size: [280, 512, 512]
  BufferedRegion: 
    Dimension: 3
    Index: [0, 0, 0]
    Size: [280, 512, 512]
  RequestedRegion: 
    Dimension: 3
    Index: [0, 0, 0]
    Size: [280, 512, 512]
  Spacing: [0.599998, 0.4688, 0.4688]
  Origin: [-87.4496, 84.1662, -132.916]
  Direction: 
1 0 0
0 -1 0
0 0 1

  IndexToPointMatrix: 
0.599998 0 0
0 -0.4688 0
0 0 0.4688

  PointToIndexMatrix: 
1.66667 0 0
0 -2.13311 0
0 0 2.13311

  Inverse Direction: 
1 0 0
0 -1 0
0 0 1

  PixelContainer: 
    ImportImageContainer (0x3ed9190)
      RTTI typeinfo:   itk::ImportImageContainer<unsigned long, double>
      Reference Count: 1
      Modified Time: 1689
      Debug: Off
      Object Name: 
      Observers: 
        none
      Pointer: 0x2ad725842010
      Container manages memory: true
      Size: 73400320
      Capacity: 73400320

     Weighting = 1
     Sampling strategy = regular
     Number of bins = 32
     Radius = 4
     Sampling percentage  = 0.25
   Transform = Rigid
     Gradient step = 0.1
     Update field sigma (voxel space) = 0
     Total field sigma (voxel space) = 0
     Update field time sigma = 0
     Total field time sigma  = 0
     Number of time indices = 0
     Number of time point samples = 0
Stage 2 State
   Image metric = Mattes
     Fixed image = Image (0x3ee54a0)
  RTTI typeinfo:   itk::Image<double, 3u>
  Reference Count: 2
  Modified Time: 2126
  Debug: Off
  Object Name: 
  Observers: 
    none
  Source: (none)
  Source output name: (none)
  Release Data: Off
  Data Released: False
  Global Release Data: Off
  PipelineMTime: 0
  UpdateMTime: 1909
  RealTimeStamp: 0 seconds 
  LargestPossibleRegion: 
    Dimension: 3
    Index: [0, 0, 0]
    Size: [364, 436, 364]
  BufferedRegion: 
    Dimension: 3
    Index: [0, 0, 0]
    Size: [364, 436, 364]
  RequestedRegion: 
    Dimension: 3
    Index: [0, 0, 0]
    Size: [364, 436, 364]
  Spacing: [0.5, 0.5, 0.5]
  Origin: [-90, 126, -72]
  Direction: 
1 0 0
0 -1 0
0 0 1

  IndexToPointMatrix: 
0.5 0 0
0 -0.5 0
0 0 0.5

  PointToIndexMatrix: 
2 0 0
0 -2 0
0 0 2

  Inverse Direction: 
1 0 0
0 -1 0
0 0 1

  PixelContainer: 
    ImportImageContainer (0x3ee5760)
      RTTI typeinfo:   itk::ImportImageContainer<unsigned long, double>
      Reference Count: 1
      Modified Time: 1906
      Debug: Off
      Object Name: 
      Observers: 
        none
      Pointer: 0x2ad748843010
      Container manages memory: true
      Size: 57768256
      Capacity: 57768256

     Moving image = Image (0x3ecf5b0)
  RTTI typeinfo:   itk::Image<double, 3u>
  Reference Count: 2
  Modified Time: 2127
  Debug: Off
  Object Name: 
  Observers: 
    none
  Source: (none)
  Source output name: (none)
  Release Data: Off
  Data Released: False
  Global Release Data: Off
  PipelineMTime: 0
  UpdateMTime: 2124
  RealTimeStamp: 0 seconds 
  LargestPossibleRegion: 
    Dimension: 3
    Index: [0, 0, 0]
    Size: [280, 512, 512]
  BufferedRegion: 
    Dimension: 3
    Index: [0, 0, 0]
    Size: [280, 512, 512]
  RequestedRegion: 
    Dimension: 3
    Index: [0, 0, 0]
    Size: [280, 512, 512]
  Spacing: [0.599998, 0.4688, 0.4688]
  Origin: [-87.4496, 84.1662, -132.916]
  Direction: 
1 0 0
0 -1 0
0 0 1

  IndexToPointMatrix: 
0.599998 0 0
0 -0.4688 0
0 0 0.4688

  PointToIndexMatrix: 
1.66667 0 0
0 -2.13311 0
0 0 2.13311

  Inverse Direction: 
1 0 0
0 -1 0
0 0 1

  PixelContainer: 
    ImportImageContainer (0x3ed4c90)
      RTTI typeinfo:   itk::ImportImageContainer<unsigned long, double>
      Reference Count: 1
      Modified Time: 2121
      Debug: Off
      Object Name: 
      Observers: 
        none
      Pointer: 0x2ad764100010
      Container manages memory: true
      Size: 73400320
      Capacity: 73400320

     Weighting = 1
     Sampling strategy = regular
     Number of bins = 32
     Radius = 4
     Sampling percentage  = 0.25
   Transform = Affine
     Gradient step = 0.1
     Update field sigma (voxel space) = 0
     Total field sigma (voxel space) = 0
     Update field time sigma = 0
     Total field time sigma  = 0
     Number of time indices = 0
     Number of time point samples = 0
Registration using 2 total stages.

Stage 0
  iterations = 2000x2000x2000x2000x2000
  convergence threshold = 1e-06
  convergence window size = 10
  number of levels = 5
  using the Mattes MI metric (number of bins = 32, weight = 1, use gradient filter = 0)
  preprocessing:  winsorizing the image intensities
  preprocessing:  histogram matching the images
  Shrink factors (level 1 out of 5): [8, 8, 8]
  Shrink factors (level 2 out of 5): [8, 8, 8]
  Shrink factors (level 3 out of 5): [4, 4, 4]
  Shrink factors (level 4 out of 5): [2, 2, 2]
  Shrink factors (level 5 out of 5): [1, 1, 1]
  smoothing sigmas per level: [4, 3, 2, 1, 0]
  regular sampling (percentage = 0.25)

*** Running Euler3DTransform registration ***

DIAGNOSTIC,Iteration,metricValue,convergenceValue,ITERATION_TIME_INDEX,SINCE_LAST
 2DIAGNOSTIC,     1, -4.870251194346e-01, 1.797693134862e+308, 1.4208e+00, 1.4208e+00, 
 2DIAGNOSTIC,     2, -4.883664765779e-01, 1.797693134862e+308, 1.4289e+00, 8.1139e-03, 
 2DIAGNOSTIC,     3, -4.910493632707e-01, 1.797693134862e+308, 1.4378e+00, 8.9171e-03, 
 2DIAGNOSTIC,     4, -4.963692876036e-01, 1.797693134862e+308, 1.4467e+00, 8.8470e-03, 
 2DIAGNOSTIC,     5, -5.043197531164e-01, 1.797693134862e+308, 1.4556e+00, 8.9059e-03, 
 2DIAGNOSTIC,     6, -5.141288365023e-01, 1.797693134862e+308, 1.4646e+00, 9.0339e-03, 
 2DIAGNOSTIC,     7, -5.172163786298e-01, 1.797693134862e+308, 1.4735e+00, 8.8298e-03, 
 2DIAGNOSTIC,     8, -5.197472669256e-01, 1.797693134862e+308, 1.4825e+00, 9.0232e-03, 
 2DIAGNOSTIC,     9, -5.289218257844e-01, 1.797693134862e+308, 1.4913e+00, 8.8410e-03, 
 2DIAGNOSTIC,    10, -5.520211945997e-01, 7.356295641710e-03, 1.5042e+00, 1.2875e-02, 
 2DIAGNOSTIC,    11, -5.649608457417e-01, 8.052617606928e-03, 1.5160e+00, 1.1788e-02, 
 2DIAGNOSTIC,    12, -5.660820945807e-01, 8.021060845165e-03, 1.5252e+00, 9.2649e-03, 
 2DIAGNOSTIC,    13, -5.700922047248e-01, 7.572723253213e-03, 1.5335e+00, 8.2328e-03, 
 2DIAGNOSTIC,    14, -5.727008180169e-01, 6.806119453191e-03, 1.5414e+00, 7.9479e-03, 
 2DIAGNOSTIC,    15, -5.761538330781e-01, 5.913353110618e-03, 1.5506e+00, 9.1681e-03, 
 2DIAGNOSTIC,    16, -5.833566071020e-01, 5.157577235256e-03, 1.5611e+00, 1.0528e-02, 
 2DIAGNOSTIC,    17, -5.914436357004e-01, 4.377579367846e-03, 1.5688e+00, 7.7171e-03, 
 2DIAGNOSTIC,    18, -5.919373811717e-01, 3.380573012410e-03, 1.5761e+00, 7.2920e-03, 
 2DIAGNOSTIC,    19, -5.923729420975e-01, 2.441524351381e-03, 1.5835e+00, 7.3168e-03, 
 2DIAGNOSTIC,    20, -5.930666298709e-01, 1.992257295739e-03, 1.5920e+00, 8.5142e-03, 
 2DIAGNOSTIC,    21, -5.949612392756e-01, 1.768404240414e-03, 1.6003e+00, 8.3458e-03, 
 2DIAGNOSTIC,    22, -5.955387015988e-01, 1.436691630220e-03, 1.6091e+00, 8.8069e-03, 
 2DIAGNOSTIC,    23, -5.955151648182e-01, 1.093015690729e-03, 1.6170e+00, 7.8878e-03, 
 2DIAGNOSTIC,    24, -5.954248564212e-01, 7.351966912455e-04, 1.6248e+00, 7.7899e-03, 
 2DIAGNOSTIC,    25, -5.954015517403e-01, 4.073759285238e-04, 1.6324e+00, 7.6051e-03, 
 2DIAGNOSTIC,    26, -5.954279796450e-01, 2.053667004325e-04, 1.6400e+00, 7.6101e-03, 
 2DIAGNOSTIC,    27, -5.954676165978e-01, 1.531051162222e-04, 1.6472e+00, 7.1599e-03, 
 2DIAGNOSTIC,    28, -5.955520914401e-01, 1.014568613792e-04, 1.6552e+00, 8.0609e-03, 
 2DIAGNOSTIC,    29, -5.957261283668e-01, 5.501934892130e-05, 1.6632e+00, 7.9970e-03, 
 2DIAGNOSTIC,    30, -5.959165448007e-01, 2.083868880793e-05, 1.6714e+00, 8.1301e-03, 
 2DIAGNOSTIC,    31, -5.958809272999e-01, 1.706496819897e-05, 1.6802e+00, 8.8849e-03, 
 2DIAGNOSTIC,    32, -5.956919860174e-01, 1.821480438862e-05, 1.6881e+00, 7.9031e-03, 
 2DIAGNOSTIC,    33, -5.959110818353e-01, 2.077756452217e-05, 1.6960e+00, 7.8101e-03, 
 2DIAGNOSTIC,    34, -5.959437804492e-01, 2.028818718017e-05, 1.7026e+00, 6.6571e-03, 
 2DIAGNOSTIC,    35, -5.960879219525e-01, 1.967051967706e-05, 1.7107e+00, 8.0621e-03, 
 2DIAGNOSTIC,    36, -5.963312419880e-01, 2.110750193011e-05, 1.7214e+00, 1.0744e-02, 
 2DIAGNOSTIC,    37, -5.963746849272e-01, 2.167583802463e-05, 1.7293e+00, 7.8361e-03, 
 2DIAGNOSTIC,    38, -5.963395868200e-01, 2.085502658713e-05, 1.7370e+00, 7.7460e-03, 
 2DIAGNOSTIC,    39, -5.964029682665e-01, 2.114403237084e-05, 1.7448e+00, 7.7732e-03, 
 2DIAGNOSTIC,    40, -5.963816613586e-01, 2.155812616752e-05, 1.7532e+00, 8.4648e-03, 
 2DIAGNOSTIC,    41, -5.963494425082e-01, 1.920765220577e-05, 1.7611e+00, 7.9050e-03, 
 2DIAGNOSTIC,    42, -5.962684648880e-01, 1.198440341861e-05, 1.7681e+00, 6.9098e-03, 
 2DIAGNOSTIC,    43, -5.962812594236e-01, 6.796682457951e-06, 1.7749e+00, 6.8691e-03, 
 2DIAGNOSTIC,    44, -5.963149517764e-01, 1.991387813392e-06, 1.7826e+00, 7.7078e-03, 
DIAGNOSTIC,Iteration,metricValue,convergenceValue,ITERATION_TIME_INDEX,SINCE_LAST
 2DIAGNOSTIC,     1, -5.686355349728e-01, 1.797693134862e+308, 3.1258e+00, 1.3432e+00, 
 2DIAGNOSTIC,     2, -5.692018769139e-01, 1.797693134862e+308, 3.1367e+00, 1.0936e-02, 
 2DIAGNOSTIC,     3, -5.698982551446e-01, 1.797693134862e+308, 3.1482e+00, 1.1456e-02, 
 2DIAGNOSTIC,     4, -5.707201251346e-01, 1.797693134862e+308, 3.1592e+00, 1.0978e-02, 
 2DIAGNOSTIC,     5, -5.709529915289e-01, 1.797693134862e+308, 3.1709e+00, 1.1711e-02, 
 2DIAGNOSTIC,     6, -5.711631051291e-01, 1.797693134862e+308, 3.1848e+00, 1.3891e-02, 
 2DIAGNOSTIC,     7, -5.710743636889e-01, 1.797693134862e+308, 3.1950e+00, 1.0218e-02, 
 2DIAGNOSTIC,     8, -5.712003037476e-01, 1.797693134862e+308, 3.2048e+00, 9.7620e-03, 
 2DIAGNOSTIC,     9, -5.712248828752e-01, 1.797693134862e+308, 3.2146e+00, 9.8021e-03, 
 2DIAGNOSTIC,    10, -5.712671171266e-01, 2.778217410160e-04, 3.2244e+00, 9.8500e-03, 
 2DIAGNOSTIC,    11, -5.713111541198e-01, 1.731597096003e-04, 3.2341e+00, 9.7239e-03, 
 2DIAGNOSTIC,    12, -5.712584971516e-01, 9.175148665844e-05, 3.2430e+00, 8.8859e-03, 
 2DIAGNOSTIC,    13, -5.711823555809e-01, 3.796409205899e-05, 3.2511e+00, 8.0609e-03, 
 2DIAGNOSTIC,    14, -5.711769697854e-01, 1.752733606045e-05, 3.2591e+00, 8.0481e-03, 
 2DIAGNOSTIC,    15, -5.712127850548e-01, 7.090799218692e-06, 3.2672e+00, 8.0481e-03, 
 2DIAGNOSTIC,    16, -5.712715585517e-01, 5.916424195063e-06, 3.2755e+00, 8.3010e-03, 
DIAGNOSTIC,Iteration,metricValue,convergenceValue,ITERATION_TIME_INDEX,SINCE_LAST
 2DIAGNOSTIC,     1, -5.440805516886e-01, 1.797693134862e+308, 4.8184e+00, 1.5429e+00, 
 2DIAGNOSTIC,     2, -5.442431982603e-01, 1.797693134862e+308, 4.9028e+00, 8.4451e-02, 
 2DIAGNOSTIC,     3, -5.443700928507e-01, 1.797693134862e+308, 4.9791e+00, 7.6243e-02, 
 2DIAGNOSTIC,     4, -5.443762482851e-01, 1.797693134862e+308, 5.0560e+00, 7.6908e-02, 
 2DIAGNOSTIC,     5, -5.443733414842e-01, 1.797693134862e+308, 5.1311e+00, 7.5155e-02, 
 2DIAGNOSTIC,     6, -5.443616298439e-01, 1.797693134862e+308, 5.2144e+00, 8.3281e-02, 
 2DIAGNOSTIC,     7, -5.443581951766e-01, 1.797693134862e+308, 5.3104e+00, 9.5985e-02, 
 2DIAGNOSTIC,     8, -5.443615648619e-01, 1.797693134862e+308, 5.3864e+00, 7.5947e-02, 
 2DIAGNOSTIC,     9, -5.443571328068e-01, 1.797693134862e+308, 5.4624e+00, 7.6085e-02, 
 2DIAGNOSTIC,    10, -5.443539772215e-01, 2.180044778649e-05, 5.5388e+00, 7.6320e-02, 
 2DIAGNOSTIC,    11, -5.443496221469e-01, 6.350338726049e-06, 5.6138e+00, 7.5089e-02, 
DIAGNOSTIC,Iteration,metricValue,convergenceValue,ITERATION_TIME_INDEX,SINCE_LAST
 2DIAGNOSTIC,     1, -5.127157898125e-01, 1.797693134862e+308, 8.3411e+00, 2.7273e+00, 
 2DIAGNOSTIC,     2, -5.128600245281e-01, 1.797693134862e+308, 8.8614e+00, 5.2029e-01, 
 2DIAGNOSTIC,     3, -5.129085550781e-01, 1.797693134862e+308, 9.3550e+00, 4.9356e-01, 
 2DIAGNOSTIC,     4, -5.129017770424e-01, 1.797693134862e+308, 1.0325e+01, 9.6995e-01, 
 2DIAGNOSTIC,     5, -5.129023986220e-01, 1.797693134862e+308, 1.0868e+01, 5.4258e-01, 
 2DIAGNOSTIC,     6, -5.129022674015e-01, 1.797693134862e+308, 1.1378e+01, 5.1087e-01, 
 2DIAGNOSTIC,     7, -5.129026919949e-01, 1.797693134862e+308, 1.1886e+01, 5.0718e-01, 
 2DIAGNOSTIC,     8, -5.129016492492e-01, 1.797693134862e+308, 1.2412e+01, 5.2626e-01, 
 2DIAGNOSTIC,     9, -5.129005574231e-01, 1.797693134862e+308, 1.2893e+01, 4.8076e-01, 
 2DIAGNOSTIC,    10, -5.129001236254e-01, 1.511162042039e-05, 1.3410e+01, 5.1756e-01, 
 2DIAGNOSTIC,    11, -5.128996017650e-01, 4.457447762438e-06, 1.4031e+01, 6.2045e-01, 
 2DIAGNOSTIC,    12, -5.128976784561e-01, 1.942320252274e-06, 1.4477e+01, 4.4593e-01, 
 2DIAGNOSTIC,    13, -5.128972415577e-01, 1.939327655229e-06, 1.4950e+01, 4.7394e-01, 
 2DIAGNOSTIC,    14, -5.128953398070e-01, 1.639012542312e-06, 1.5405e+01, 4.5454e-01, 
 2DIAGNOSTIC,    15, -5.128952914006e-01, 1.458571407514e-06, 1.5896e+01, 4.9112e-01, 
 2DIAGNOSTIC,    16, -5.128950776940e-01, 1.347605252222e-06, 1.6338e+01, 4.4139e-01, 
 2DIAGNOSTIC,    17, -5.128938264964e-01, 1.282381558325e-06, 1.6724e+01, 3.8662e-01, 
 2DIAGNOSTIC,    18, -5.128932821173e-01, 1.232150260058e-06, 1.7110e+01, 3.8554e-01, 
 2DIAGNOSTIC,    19, -5.128940267991e-01, 1.226832311310e-06, 1.7739e+01, 6.2927e-01, 
 2DIAGNOSTIC,    20, -5.128941828923e-01, 1.254406717423e-06, 1.8160e+01, 4.2093e-01, 
 2DIAGNOSTIC,    21, -5.128938639205e-01, 1.289086023724e-06, 1.8647e+01, 4.8738e-01, 
 2DIAGNOSTIC,    22, -5.128908735412e-01, 1.218826687473e-06, 1.9070e+01, 4.2250e-01, 
 2DIAGNOSTIC,    23, -5.128914971191e-01, 1.183933131754e-06, 1.9557e+01, 4.8744e-01, 
 2DIAGNOSTIC,    24, -5.128932147750e-01, 1.164241931778e-06, 2.0079e+01, 5.2186e-01, 
 2DIAGNOSTIC,    25, -5.128921338286e-01, 1.133738177110e-06, 2.0590e+01, 5.1089e-01, 
 2DIAGNOSTIC,    26, -5.128919975185e-01, 1.113705683231e-06, 2.1061e+01, 4.7107e-01, 
 2DIAGNOSTIC,    27, -5.128923465819e-01, 1.088936146885e-06, 2.1540e+01, 4.7852e-01, 
 2DIAGNOSTIC,    28, -5.128919923220e-01, 1.055385969437e-06, 2.2042e+01, 5.0199e-01, 
 2DIAGNOSTIC,    29, -5.128915770479e-01, 1.036684827205e-06, 2.2485e+01, 4.4321e-01, 
 2DIAGNOSTIC,    30, -5.128919584118e-01, 1.035014536445e-06, 2.2986e+01, 5.0168e-01, 
 2DIAGNOSTIC,    31, -5.128909098300e-01, 1.013275344047e-06, 2.3408e+01, 4.2151e-01, 
DIAGNOSTIC,Iteration,metricValue,convergenceValue,ITERATION_TIME_INDEX,SINCE_LAST
 2DIAGNOSTIC,     1, -4.796851230214e-01, 1.797693134862e+308, 3.2069e+01, 8.6612e+00, 
 2DIAGNOSTIC,     2, -4.798308464309e-01, 1.797693134862e+308, 3.4577e+01, 2.5077e+00, 
 2DIAGNOSTIC,     3, -4.799474910813e-01, 1.797693134862e+308, 3.7452e+01, 2.8749e+00, 
 2DIAGNOSTIC,     4, -4.799509664890e-01, 1.797693134862e+308, 4.2153e+01, 4.7008e+00, 
 2DIAGNOSTIC,     5, -4.799506368886e-01, 1.797693134862e+308, 4.5066e+01, 2.9135e+00, 
 2DIAGNOSTIC,     6, -4.799503936343e-01, 1.797693134862e+308, 4.7962e+01, 2.8962e+00, 
 2DIAGNOSTIC,     7, -4.799501062705e-01, 1.797693134862e+308, 5.0598e+01, 2.6359e+00, 
 2DIAGNOSTIC,     8, -4.799501657322e-01, 1.797693134862e+308, 5.3168e+01, 2.5699e+00, 
 2DIAGNOSTIC,     9, -4.799499900217e-01, 1.797693134862e+308, 5.6074e+01, 2.9060e+00, 
 2DIAGNOSTIC,    10, -4.799497002004e-01, 2.509829824235e-05, 5.8616e+01, 2.5420e+00, 
 2DIAGNOSTIC,    11, -4.799493091057e-01, 9.322306091061e-06, 6.1196e+01, 2.5799e+00, 
 2DIAGNOSTIC,    12, -4.799491816729e-01, 2.621714592074e-06, 6.4444e+01, 3.2484e+00, 
 2DIAGNOSTIC,    13, -4.799492315358e-01, 2.265474153065e-06, 6.6791e+01, 2.3473e+00, 
 2DIAGNOSTIC,    14, -4.799491260196e-01, 2.119013270324e-06, 6.9538e+01, 2.7465e+00, 
 2DIAGNOSTIC,    15, -4.799490504972e-01, 1.990593361686e-06, 7.2281e+01, 2.7430e+00, 
 2DIAGNOSTIC,    16, -4.799489902909e-01, 1.879523357604e-06, 7.4842e+01, 2.5607e+00, 
 2DIAGNOSTIC,    17, -4.799489766067e-01, 1.780830541226e-06, 7.7827e+01, 2.9854e+00, 
 2DIAGNOSTIC,    18, -4.799490489134e-01, 1.705583479505e-06, 8.0735e+01, 2.9084e+00, 
 2DIAGNOSTIC,    19, -4.799490022355e-01, 1.637050336546e-06, 8.3385e+01, 2.6492e+00, 
 2DIAGNOSTIC,    20, -4.799490911636e-01, 1.573306963501e-06, 8.5736e+01, 2.3519e+00, 
 2DIAGNOSTIC,    21, -4.799489061323e-01, 1.501050711859e-06, 8.8579e+01, 2.8426e+00, 
 2DIAGNOSTIC,    22, -4.799489158424e-01, 1.433529551786e-06, 9.1589e+01, 3.0100e+00, 
 2DIAGNOSTIC,    23, -4.799488574956e-01, 1.372800772607e-06, 9.4263e+01, 2.6735e+00, 
 2DIAGNOSTIC,    24, -4.799487821368e-01, 1.313638291645e-06, 9.6547e+01, 2.2841e+00, 
 2DIAGNOSTIC,    25, -4.799488620123e-01, 1.260509930705e-06, 9.9379e+01, 2.8325e+00, 
 2DIAGNOSTIC,    26, -4.799489115443e-01, 1.212326732572e-06, 1.0200e+02, 2.6191e+00, 
 2DIAGNOSTIC,    27, -4.799488007545e-01, 1.165988346548e-06, 1.0460e+02, 2.5968e+00, 
 2DIAGNOSTIC,    28, -4.799489545454e-01, 1.129011825939e-06, 1.0752e+02, 2.9241e+00, 
 2DIAGNOSTIC,    29, -4.799489006507e-01, 1.093030564669e-06, 1.1015e+02, 2.6261e+00, 
 2DIAGNOSTIC,    30, -4.799489005659e-01, 1.061664839083e-06, 1.1254e+02, 2.3937e+00, 
 2DIAGNOSTIC,    31, -4.799488742746e-01, 1.028141835314e-06, 1.1494e+02, 2.4045e+00, 
  Elapsed time (stage 0): 1.2179e+02


Stage 1
  iterations = 1000x1000x1000x1000x1000
  convergence threshold = 1.0000e-06
  convergence window size = 10
  number of levels = 5
  using the Mattes MI metric (number of bins = 32, weight = 1.0000e+00, use gradient filter = 0)
  preprocessing:  winsorizing the image intensities
  preprocessing:  histogram matching the images
  Shrink factors (level 1 out of 5): [8, 8, 8]
  Shrink factors (level 2 out of 5): [8, 8, 8]
  Shrink factors (level 3 out of 5): [4, 4, 4]
  Shrink factors (level 4 out of 5): [2, 2, 2]
  Shrink factors (level 5 out of 5): [1, 1, 1]
  smoothing sigmas per level: [4, 3, 2, 1, 0]
  regular sampling (percentage = 2.5000e-01)

*** Running AffineTransform registration ***

DIAGNOSTIC,Iteration,metricValue,convergenceValue,ITERATION_TIME_INDEX,SINCE_LAST
 2DIAGNOSTIC,     1, -5.951257147166e-01, 1.797693134862e+308, 1.4030e+00, 1.4030e+00, 
 2DIAGNOSTIC,     2, -5.977847621136e-01, 1.797693134862e+308, 1.4116e+00, 8.5931e-03, 
 2DIAGNOSTIC,     3, -6.016870207884e-01, 1.797693134862e+308, 1.4203e+00, 8.7461e-03, 
 2DIAGNOSTIC,     4, -6.083627562193e-01, 1.797693134862e+308, 1.4311e+00, 1.0732e-02, 
 2DIAGNOSTIC,     5, -6.185184573765e-01, 1.797693134862e+308, 1.4462e+00, 1.5186e-02, 
 2DIAGNOSTIC,     6, -6.346774198227e-01, 1.797693134862e+308, 1.4580e+00, 1.1731e-02, 
 2DIAGNOSTIC,     7, -6.687211369155e-01, 1.797693134862e+308, 1.4718e+00, 1.3863e-02, 
 2DIAGNOSTIC,     8, -6.849819446705e-01, 1.797693134862e+308, 1.4903e+00, 1.8469e-02, 
 2DIAGNOSTIC,     9, -6.846954815315e-01, 1.797693134862e+308, 1.4984e+00, 8.0891e-03, 
 2DIAGNOSTIC,    10, -6.847769330274e-01, 1.135978011686e-02, 1.5068e+00, 8.3828e-03, 
 2DIAGNOSTIC,    11, -6.850267231815e-01, 1.006393439315e-02, 1.5147e+00, 7.9420e-03, 
 2DIAGNOSTIC,    12, -6.852595511260e-01, 8.184883718797e-03, 1.5224e+00, 7.6799e-03, 
 2DIAGNOSTIC,    13, -6.856261026919e-01, 6.012369008055e-03, 1.5307e+00, 8.2819e-03, 
 2DIAGNOSTIC,    14, -6.863208469599e-01, 3.864609461328e-03, 1.5381e+00, 7.4272e-03, 
 2DIAGNOSTIC,    15, -6.872576561489e-01, 1.993109731589e-03, 1.5454e+00, 7.3309e-03, 
 2DIAGNOSTIC,    16, -6.883346095125e-01, 6.296102374507e-04, 1.5529e+00, 7.4530e-03, 
 2DIAGNOSTIC,    17, -6.899661025500e-01, 2.704750252465e-04, 1.5602e+00, 7.3540e-03, 
 2DIAGNOSTIC,    18, -6.922877725443e-01, 3.725624499857e-04, 1.5678e+00, 7.5490e-03, 
 2DIAGNOSTIC,    19, -6.952921557670e-01, 4.895318338570e-04, 1.5749e+00, 7.0870e-03, 
 2DIAGNOSTIC,    20, -6.981345483749e-01, 6.104013758409e-04, 1.5834e+00, 8.4779e-03, 
 2DIAGNOSTIC,    21, -6.988224929877e-01, 6.811358161272e-04, 1.5936e+00, 1.0273e-02, 
 2DIAGNOSTIC,    22, -6.994854860189e-01, 6.998544007073e-04, 1.6010e+00, 7.3290e-03, 
 2DIAGNOSTIC,    23, -6.999525311067e-01, 6.668402965317e-04, 1.6085e+00, 7.5219e-03, 
 2DIAGNOSTIC,    24, -7.011883573761e-01, 6.076334262713e-04, 1.6170e+00, 8.4739e-03, 
 2DIAGNOSTIC,    25, -7.022101558198e-01, 5.287928021083e-04, 1.6277e+00, 1.0737e-02, 
 2DIAGNOSTIC,    26, -7.021575238649e-01, 4.234047167957e-04, 1.6360e+00, 8.3101e-03, 
 2DIAGNOSTIC,    27, -7.021632086857e-01, 3.125962821154e-04, 1.6443e+00, 8.2951e-03, 
 2DIAGNOSTIC,    28, -7.021379395047e-01, 2.146733741381e-04, 1.6518e+00, 7.5009e-03, 
 2DIAGNOSTIC,    29, -7.021361771809e-01, 1.459251178639e-04, 1.6592e+00, 7.4010e-03, 
 2DIAGNOSTIC,    30, -7.021601334709e-01, 1.080598465345e-04, 1.6665e+00, 7.3020e-03, 
 2DIAGNOSTIC,    31, -7.022610289131e-01, 7.333437122327e-05, 1.6755e+00, 8.9769e-03, 
 2DIAGNOSTIC,    32, -7.023007528703e-01, 4.343153042854e-05, 1.6832e+00, 7.7500e-03, 
 2DIAGNOSTIC,    33, -7.022771431455e-01, 1.672208086519e-05, 1.6901e+00, 6.8860e-03, 
 2DIAGNOSTIC,    34, -7.023338155865e-01, 5.719340501337e-06, 1.7049e+00, 1.4758e-02, 
 2DIAGNOSTIC,    35, -7.023225823062e-01, 6.974022852175e-06, 1.7185e+00, 1.3580e-02, 
 2DIAGNOSTIC,    36, -7.023996826542e-01, 7.846047366547e-06, 1.7267e+00, 8.2688e-03, 
 2DIAGNOSTIC,    37, -7.024711565194e-01, 8.865739421937e-06, 1.7361e+00, 9.3648e-03, 
 2DIAGNOSTIC,    38, -7.023924593229e-01, 7.938108928178e-06, 1.7461e+00, 1.0027e-02, 
 2DIAGNOSTIC,    39, -7.024238090232e-01, 6.752087969880e-06, 1.7538e+00, 7.7350e-03, 
 2DIAGNOSTIC,    40, -7.024282067669e-01, 5.319247826225e-06, 1.7608e+00, 6.9270e-03, 
 2DIAGNOSTIC,    41, -7.024073290852e-01, 4.309908809473e-06, 1.7684e+00, 7.6451e-03, 
 2DIAGNOSTIC,    42, -7.024123694775e-01, 3.469163399609e-06, 1.7756e+00, 7.2250e-03, 
 2DIAGNOSTIC,    43, -7.023916589493e-01, 1.984524786964e-06, 1.7833e+00, 7.6158e-03, 
DIAGNOSTIC,Iteration,metricValue,convergenceValue,ITERATION_TIME_INDEX,SINCE_LAST
 2DIAGNOSTIC,     1, -6.676582083303e-01, 1.797693134862e+308, 3.1320e+00, 1.3487e+00, 
 2DIAGNOSTIC,     2, -6.678970469656e-01, 1.797693134862e+308, 3.1440e+00, 1.2001e-02, 
 2DIAGNOSTIC,     3, -6.680550494283e-01, 1.797693134862e+308, 3.1570e+00, 1.3022e-02, 
 2DIAGNOSTIC,     4, -6.683273349595e-01, 1.797693134862e+308, 3.1712e+00, 1.4225e-02, 
 2DIAGNOSTIC,     5, -6.686600478044e-01, 1.797693134862e+308, 3.1851e+00, 1.3868e-02, 
 2DIAGNOSTIC,     6, -6.684832421820e-01, 1.797693134862e+308, 3.1987e+00, 1.3583e-02, 
 2DIAGNOSTIC,     7, -6.683297663574e-01, 1.797693134862e+308, 3.2120e+00, 1.3351e-02, 
 2DIAGNOSTIC,     8, -6.683270940405e-01, 1.797693134862e+308, 3.2243e+00, 1.2212e-02, 
 2DIAGNOSTIC,     9, -6.684649993638e-01, 1.797693134862e+308, 3.2376e+00, 1.3337e-02, 
 2DIAGNOSTIC,    10, -6.684900655308e-01, 6.658984465016e-05, 3.2517e+00, 1.4075e-02, 
 2DIAGNOSTIC,    11, -6.684602217992e-01, 3.610680704638e-05, 3.2640e+00, 1.2361e-02, 
 2DIAGNOSTIC,    12, -6.685859922023e-01, 2.103276975227e-05, 3.2760e+00, 1.1991e-02, 
 2DIAGNOSTIC,    13, -6.686415945468e-01, 1.327508097984e-05, 3.2955e+00, 1.9493e-02, 
 2DIAGNOSTIC,    14, -6.686432907044e-01, 1.344373515628e-05, 3.3064e+00, 1.0861e-02, 
 2DIAGNOSTIC,    15, -6.686436308115e-01, 2.215385260451e-05, 3.3156e+00, 9.2351e-03, 
 2DIAGNOSTIC,    16, -6.686326701732e-01, 2.314637178993e-05, 3.3255e+00, 9.8641e-03, 
 2DIAGNOSTIC,    17, -6.686337619755e-01, 1.826977691596e-05, 3.3339e+00, 8.4410e-03, 
 2DIAGNOSTIC,    18, -6.686003215327e-01, 1.143238643143e-05, 3.3433e+00, 9.4070e-03, 
 2DIAGNOSTIC,    19, -6.686012268284e-01, 7.559819376411e-06, 3.3517e+00, 8.4140e-03, 
 2DIAGNOSTIC,    20, -6.685029597061e-01, 2.033242832218e-06, 3.3613e+00, 9.5739e-03, 
DIAGNOSTIC,Iteration,metricValue,convergenceValue,ITERATION_TIME_INDEX,SINCE_LAST
 2DIAGNOSTIC,     1, -6.267698945345e-01, 1.797693134862e+308, 4.8249e+00, 1.4636e+00, 
 2DIAGNOSTIC,     2, -6.273622161140e-01, 1.797693134862e+308, 4.8956e+00, 7.0675e-02, 
 2DIAGNOSTIC,     3, -6.282084689026e-01, 1.797693134862e+308, 4.9613e+00, 6.5680e-02, 
 2DIAGNOSTIC,     4, -6.289376856940e-01, 1.797693134862e+308, 5.0182e+00, 5.6865e-02, 
 2DIAGNOSTIC,     5, -6.292153644165e-01, 1.797693134862e+308, 5.0854e+00, 6.7195e-02, 
 2DIAGNOSTIC,     6, -6.293755306718e-01, 1.797693134862e+308, 5.1513e+00, 6.5918e-02, 
 2DIAGNOSTIC,     7, -6.294955726455e-01, 1.797693134862e+308, 5.2270e+00, 7.5694e-02, 
 2DIAGNOSTIC,     8, -6.294047046577e-01, 1.797693134862e+308, 5.3036e+00, 7.6625e-02, 
 2DIAGNOSTIC,     9, -6.294120494408e-01, 1.797693134862e+308, 5.4218e+00, 1.1817e-01, 
 2DIAGNOSTIC,    10, -6.294109729825e-01, 2.544413075361e-04, 5.5001e+00, 7.8350e-02, 
 2DIAGNOSTIC,    11, -6.294064410080e-01, 1.481829297301e-04, 5.5805e+00, 8.0403e-02, 
 2DIAGNOSTIC,    12, -6.294033450023e-01, 6.832515231435e-05, 5.6557e+00, 7.5183e-02, 
 2DIAGNOSTIC,    13, -6.294001617702e-01, 2.365814329232e-05, 5.7257e+00, 7.0029e-02, 
 2DIAGNOSTIC,    14, -6.293981456134e-01, 6.797740451717e-06, 5.8143e+00, 8.8591e-02, 
DIAGNOSTIC,Iteration,metricValue,convergenceValue,ITERATION_TIME_INDEX,SINCE_LAST
 2DIAGNOSTIC,     1, -5.810699435671e-01, 1.797693134862e+308, 8.6246e+00, 2.8103e+00, 
 2DIAGNOSTIC,     2, -5.811068609750e-01, 1.797693134862e+308, 9.1134e+00, 4.8885e-01, 
 2DIAGNOSTIC,     3, -5.811239586281e-01, 1.797693134862e+308, 9.5723e+00, 4.5883e-01, 
 2DIAGNOSTIC,     4, -5.811666456421e-01, 1.797693134862e+308, 1.0082e+01, 5.0978e-01, 
 2DIAGNOSTIC,     5, -5.811969506120e-01, 1.797693134862e+308, 1.0532e+01, 4.5041e-01, 
 2DIAGNOSTIC,     6, -5.812311333993e-01, 1.797693134862e+308, 1.1004e+01, 4.7176e-01, 
 2DIAGNOSTIC,     7, -5.812593660753e-01, 1.797693134862e+308, 1.1514e+01, 5.1004e-01, 
 2DIAGNOSTIC,     8, -5.812801222108e-01, 1.797693134862e+308, 1.2697e+01, 1.1829e+00, 
 2DIAGNOSTIC,     9, -5.812801993798e-01, 1.797693134862e+308, 1.3264e+01, 5.6735e-01, 
 2DIAGNOSTIC,    10, -5.812791471999e-01, 2.857103940140e-05, 1.3846e+01, 5.8177e-01, 
 2DIAGNOSTIC,    11, -5.812794264882e-01, 2.206777050814e-05, 1.4441e+01, 5.9515e-01, 
 2DIAGNOSTIC,    12, -5.812788608388e-01, 1.640300283047e-05, 1.4970e+01, 5.2836e-01, 
 2DIAGNOSTIC,    13, -5.812785669273e-01, 1.097182462555e-05, 1.5357e+01, 3.8770e-01, 
 2DIAGNOSTIC,    14, -5.812783528975e-01, 7.023518003232e-06, 1.5841e+01, 4.8339e-01, 
 2DIAGNOSTIC,    15, -5.812780626671e-01, 4.136892718123e-06, 1.6443e+01, 6.0177e-01, 
 2DIAGNOSTIC,    16, -5.812771463185e-01, 2.425933650740e-06, 1.6962e+01, 5.1935e-01, 
 2DIAGNOSTIC,    17, -5.812771732553e-01, 1.672074034058e-06, 1.7404e+01, 4.4185e-01, 
 2DIAGNOSTIC,    18, -5.812766208110e-01, 1.568715609288e-06, 1.7874e+01, 4.7060e-01, 
 2DIAGNOSTIC,    19, -5.812765608116e-01, 1.495892187203e-06, 1.8410e+01, 5.3579e-01, 
 2DIAGNOSTIC,    20, -5.812764941488e-01, 1.419211861149e-06, 1.8855e+01, 4.4429e-01, 
 2DIAGNOSTIC,    21, -5.812759039705e-01, 1.358977401847e-06, 1.9384e+01, 5.2977e-01, 
 2DIAGNOSTIC,    22, -5.812755320205e-01, 1.298407361572e-06, 1.9896e+01, 5.1210e-01, 
 2DIAGNOSTIC,    23, -5.812753530747e-01, 1.246851154324e-06, 2.0396e+01, 4.9933e-01, 
 2DIAGNOSTIC,    24, -5.812749656167e-01, 1.199949325723e-06, 2.0873e+01, 4.7739e-01, 
 2DIAGNOSTIC,    25, -5.812748681753e-01, 1.161475526042e-06, 2.1471e+01, 5.9838e-01, 
 2DIAGNOSTIC,    26, -5.812753842490e-01, 1.128841511322e-06, 2.1922e+01, 4.5046e-01, 
 2DIAGNOSTIC,    27, -5.812742830098e-01, 1.088105463870e-06, 2.2450e+01, 5.2814e-01, 
 2DIAGNOSTIC,    28, -5.812732594224e-01, 1.031836875623e-06, 2.2983e+01, 5.3264e-01, 
DIAGNOSTIC,Iteration,metricValue,convergenceValue,ITERATION_TIME_INDEX,SINCE_LAST
 2DIAGNOSTIC,     1, -5.359014490698e-01, 1.797693134862e+308, 3.1486e+01, 8.5037e+00, 
 2DIAGNOSTIC,     2, -5.361628489725e-01, 1.797693134862e+308, 3.4301e+01, 2.8150e+00, 
 2DIAGNOSTIC,     3, -5.362204215194e-01, 1.797693134862e+308, 4.0407e+01, 6.1056e+00, 
 2DIAGNOSTIC,     4, -5.362203877909e-01, 1.797693134862e+308, 4.3200e+01, 2.7934e+00, 
 2DIAGNOSTIC,     5, -5.362203806679e-01, 1.797693134862e+308, 4.5749e+01, 2.5484e+00, 
 2DIAGNOSTIC,     6, -5.362203801100e-01, 1.797693134862e+308, 4.8487e+01, 2.7378e+00, 
 2DIAGNOSTIC,     7, -5.362202919413e-01, 1.797693134862e+308, 5.1307e+01, 2.8204e+00, 
 2DIAGNOSTIC,     8, -5.362202163548e-01, 1.797693134862e+308, 5.4014e+01, 2.7068e+00, 
 2DIAGNOSTIC,     9, -5.362201740845e-01, 1.797693134862e+308, 5.7195e+01, 3.1816e+00, 
 2DIAGNOSTIC,    10, -5.362201148186e-01, 2.271671316641e-05, 6.0356e+01, 3.1612e+00, 
 2DIAGNOSTIC,    11, -5.362201355850e-01, 5.627939288086e-06, 6.3000e+01, 2.6437e+00, 
 2DIAGNOSTIC,    12, -5.362201117639e-01, 2.614522176883e-06, 6.5669e+01, 2.6685e+00, 
 2DIAGNOSTIC,    13, -5.362199721515e-01, 2.409867591299e-06, 6.8628e+01, 2.9596e+00, 
 2DIAGNOSTIC,    14, -5.362199662514e-01, 2.236479870743e-06, 7.1248e+01, 2.6199e+00, 
 2DIAGNOSTIC,    15, -5.362199036995e-01, 2.086905675325e-06, 7.3975e+01, 2.7266e+00, 
 2DIAGNOSTIC,    16, -5.362198453837e-01, 1.957194273941e-06, 7.6635e+01, 2.6605e+00, 
 2DIAGNOSTIC,    17, -5.362198545413e-01, 1.843208707678e-06, 7.9046e+01, 2.4104e+00, 
 2DIAGNOSTIC,    18, -5.362197975531e-01, 1.740613991628e-06, 8.1933e+01, 2.8876e+00, 
 2DIAGNOSTIC,    19, -5.362198160218e-01, 1.650716275017e-06, 8.4377e+01, 2.4434e+00, 
 2DIAGNOSTIC,    20, -5.362198278157e-01, 1.570661368126e-06, 8.7194e+01, 2.8169e+00, 
 2DIAGNOSTIC,    21, -5.362198649260e-01, 1.501520506118e-06, 9.0228e+01, 3.0342e+00, 
 2DIAGNOSTIC,    22, -5.362198055896e-01, 1.437964611092e-06, 9.2973e+01, 2.7450e+00, 
 2DIAGNOSTIC,    23, -5.362196993213e-01, 1.375054608475e-06, 9.5801e+01, 2.8286e+00, 
 2DIAGNOSTIC,    24, -5.362196991916e-01, 1.318095483427e-06, 9.8871e+01, 3.0697e+00, 
 2DIAGNOSTIC,    25, -5.362197008408e-01, 1.265054598340e-06, 1.0137e+02, 2.4962e+00, 
 2DIAGNOSTIC,    26, -5.362196823518e-01, 1.215163377019e-06, 1.0438e+02, 3.0095e+00, 
 2DIAGNOSTIC,    27, -5.362197136434e-01, 1.170622041809e-06, 1.0739e+02, 3.0108e+00, 
 2DIAGNOSTIC,    28, -5.362194818050e-01, 1.124529100609e-06, 1.1031e+02, 2.9190e+00, 
 2DIAGNOSTIC,    29, -5.362194100962e-01, 1.081848564941e-06, 1.1308e+02, 2.7690e+00, 
 2DIAGNOSTIC,    30, -5.362192938260e-01, 1.041527290725e-06, 1.1562e+02, 2.5422e+00, 
 2DIAGNOSTIC,    31, -5.362193382884e-01, 1.006972157470e-06, 1.1806e+02, 2.4398e+00, 
  Elapsed time (stage 1): 1.2489e+02


Total elapsed time: 2.4669e+02
ALL Done
