
Running for 3-dimensional images.

*********10*********20*********30*********40*********50*********60*********70*********80*********90*********

   AdaptiveNonLocalMeansDenoisingImageFilter (0x36ec370)
     RTTI typeinfo:   itk::AdaptiveNonLocalMeansDenoisingImageFilter<itk::Image<float, 3u>, itk::Image<float, 3u>, itk::Image<unsigned char, 3u> >
     Reference Count: 1
     Modified Time: 392
     Debug: Off
     Object Name: 
     Observers: 
       ProgressEvent(Command)
     Inputs: 
       Primary: (0x36eb2f0) *
       _1: (0)
     Indexed Inputs: 
       0: Primary (0x36eb2f0)
       1: _1 (0)
     Required Input Names: Primary
     NumberOfRequiredInputs: 1
     Outputs: 
       Primary: (0x36eada0)
     Indexed Outputs: 
       0: Primary (0x36eada0)
     NumberOfRequiredOutputs: 1
     Number Of Work Units: 56
     ReleaseDataFlag: Off
     ReleaseDataBeforeUpdateFlag: Off
     AbortGenerateData: Off
     Progress: 1
     Multithreader: 
       RTTI typeinfo:   itk::PoolMultiThreader
       Reference Count: 1
       Modified Time: 352
       Debug: Off
       Object Name: 
       Observers: 
         none
       Number of Work Units: 52
       Number of Threads: 14
       Global Maximum Number Of Threads: 128
       Global Default Number Of Threads: 14
       Global Default Threader Type: itk::MultiThreaderBaseEnums::Threader::Pool
       SingleMethod: 1
       SingleData: 0x7ffcc4dc4bb8
     DynamicMultiThreading: Off
     CoordinateTolerance: 1e-06
     DirectionTolerance: 1e-06
Using mean squares to measure the patch similarity.
     Neighborhood search radius = [2, 2, 2]
     Neighborhood patch radius = [1, 1, 1]
     Using Rician noise model.
     Epsilon = 1e-05
     Mean threshold = 0.95
     Variance threshold = 0.5
     Smoothing variance = 2
     Neighborhood radius for local mean and variance = [1, 1, 1]
Elapsed time: 274.796
All_Command_lines_OK
Using double precision for computations.
=============================================================================
The composite transform comprises the following transforms (in order): 
  1. Center of mass alignment using fixed image: /Dedicated/jmichaelson-wdata/msmuhammad/projects/RPOE/3dprint/data/derivatives/pre-freesurfer/../../temp/MNI152_T1_0.5mm.nii.gz and moving image: /Dedicated/jmichaelson-wdata/msmuhammad/projects/RPOE/3dprint/data/derivatives/pre-freesurfer/2E_046/2E_046/2E_046_reorient_RPI_denoise.nii.gz (type = Euler3DTransform)
=============================================================================
  number of levels = 5
  number of levels = 5
  fixed image: /Dedicated/jmichaelson-wdata/msmuhammad/projects/RPOE/3dprint/data/derivatives/pre-freesurfer/../../temp/MNI152_T1_0.5mm.nii.gz
  moving image: /Dedicated/jmichaelson-wdata/msmuhammad/projects/RPOE/3dprint/data/derivatives/pre-freesurfer/2E_046/2E_046/2E_046_reorient_RPI_denoise.nii.gz
  fixed image: /Dedicated/jmichaelson-wdata/msmuhammad/projects/RPOE/3dprint/data/derivatives/pre-freesurfer/../../temp/MNI152_T1_0.5mm.nii.gz
  moving image: /Dedicated/jmichaelson-wdata/msmuhammad/projects/RPOE/3dprint/data/derivatives/pre-freesurfer/2E_046/2E_046/2E_046_reorient_RPI_denoise.nii.gz
Dimension = 3
Number of stages = 2
Use histogram matching = true
Winsorize image intensities = true
  Lower quantile = 0.005
  Upper quantile = 0.995


Stage 1 State
   Image metric = Mattes
     Fixed image = Image (0x35c4f10)
  RTTI typeinfo:   itk::Image<double, 3u>
  Reference Count: 2
  Modified Time: 1694
  Debug: Off
  Object Name: 
  Observers: 
    none
  Source: (none)
  Source output name: (none)
  Release Data: Off
  Data Released: False
  Global Release Data: Off
  PipelineMTime: 0
  UpdateMTime: 1477
  RealTimeStamp: 0 seconds 
  LargestPossibleRegion: 
    Dimension: 3
    Index: [0, 0, 0]
    Size: [364, 436, 364]
  BufferedRegion: 
    Dimension: 3
    Index: [0, 0, 0]
    Size: [364, 436, 364]
  RequestedRegion: 
    Dimension: 3
    Index: [0, 0, 0]
    Size: [364, 436, 364]
  Spacing: [0.5, 0.5, 0.5]
  Origin: [-90, 126, -72]
  Direction: 
1 0 0
0 -1 0
0 0 1

  IndexToPointMatrix: 
0.5 0 0
0 -0.5 0
0 0 0.5

  PointToIndexMatrix: 
2 0 0
0 -2 0
0 0 2

  Inverse Direction: 
1 0 0
0 -1 0
0 0 1

  PixelContainer: 
    ImportImageContainer (0x35b19d0)
      RTTI typeinfo:   itk::ImportImageContainer<unsigned long, double>
      Reference Count: 1
      Modified Time: 1474
      Debug: Off
      Object Name: 
      Observers: 
        none
      Pointer: 0x2ac31140f010
      Container manages memory: true
      Size: 57768256
      Capacity: 57768256

     Moving image = Image (0x35c4af0)
  RTTI typeinfo:   itk::Image<double, 3u>
  Reference Count: 2
  Modified Time: 1695
  Debug: Off
  Object Name: 
  Observers: 
    none
  Source: (none)
  Source output name: (none)
  Release Data: Off
  Data Released: False
  Global Release Data: Off
  PipelineMTime: 0
  UpdateMTime: 1692
  RealTimeStamp: 0 seconds 
  LargestPossibleRegion: 
    Dimension: 3
    Index: [0, 0, 0]
    Size: [280, 512, 512]
  BufferedRegion: 
    Dimension: 3
    Index: [0, 0, 0]
    Size: [280, 512, 512]
  RequestedRegion: 
    Dimension: 3
    Index: [0, 0, 0]
    Size: [280, 512, 512]
  Spacing: [0.599998, 0.4688, 0.4688]
  Origin: [-89.3246, 86.6662, -93.5412]
  Direction: 
1 0 0
0 -1 0
0 0 1

  IndexToPointMatrix: 
0.599998 0 0
0 -0.4688 0
0 0 0.4688

  PointToIndexMatrix: 
1.66667 0 0
0 -2.13311 0
0 0 2.13311

  Inverse Direction: 
1 0 0
0 -1 0
0 0 1

  PixelContainer: 
    ImportImageContainer (0x35c8190)
      RTTI typeinfo:   itk::ImportImageContainer<unsigned long, double>
      Reference Count: 1
      Modified Time: 1689
      Debug: Off
      Object Name: 
      Observers: 
        none
      Pointer: 0x2ac32cccc010
      Container manages memory: true
      Size: 73400320
      Capacity: 73400320

     Weighting = 1
     Sampling strategy = regular
     Number of bins = 32
     Radius = 4
     Sampling percentage  = 0.25
   Transform = Rigid
     Gradient step = 0.1
     Update field sigma (voxel space) = 0
     Total field sigma (voxel space) = 0
     Update field time sigma = 0
     Total field time sigma  = 0
     Number of time indices = 0
     Number of time point samples = 0
Stage 2 State
   Image metric = Mattes
     Fixed image = Image (0x35d44a0)
  RTTI typeinfo:   itk::Image<double, 3u>
  Reference Count: 2
  Modified Time: 2126
  Debug: Off
  Object Name: 
  Observers: 
    none
  Source: (none)
  Source output name: (none)
  Release Data: Off
  Data Released: False
  Global Release Data: Off
  PipelineMTime: 0
  UpdateMTime: 1909
  RealTimeStamp: 0 seconds 
  LargestPossibleRegion: 
    Dimension: 3
    Index: [0, 0, 0]
    Size: [364, 436, 364]
  BufferedRegion: 
    Dimension: 3
    Index: [0, 0, 0]
    Size: [364, 436, 364]
  RequestedRegion: 
    Dimension: 3
    Index: [0, 0, 0]
    Size: [364, 436, 364]
  Spacing: [0.5, 0.5, 0.5]
  Origin: [-90, 126, -72]
  Direction: 
1 0 0
0 -1 0
0 0 1

  IndexToPointMatrix: 
0.5 0 0
0 -0.5 0
0 0 0.5

  PointToIndexMatrix: 
2 0 0
0 -2 0
0 0 2

  Inverse Direction: 
1 0 0
0 -1 0
0 0 1

  PixelContainer: 
    ImportImageContainer (0x35d4760)
      RTTI typeinfo:   itk::ImportImageContainer<unsigned long, double>
      Reference Count: 1
      Modified Time: 1906
      Debug: Off
      Object Name: 
      Observers: 
        none
      Pointer: 0x2ac34fccd010
      Container manages memory: true
      Size: 57768256
      Capacity: 57768256

     Moving image = Image (0x35be5b0)
  RTTI typeinfo:   itk::Image<double, 3u>
  Reference Count: 2
  Modified Time: 2127
  Debug: Off
  Object Name: 
  Observers: 
    none
  Source: (none)
  Source output name: (none)
  Release Data: Off
  Data Released: False
  Global Release Data: Off
  PipelineMTime: 0
  UpdateMTime: 2124
  RealTimeStamp: 0 seconds 
  LargestPossibleRegion: 
    Dimension: 3
    Index: [0, 0, 0]
    Size: [280, 512, 512]
  BufferedRegion: 
    Dimension: 3
    Index: [0, 0, 0]
    Size: [280, 512, 512]
  RequestedRegion: 
    Dimension: 3
    Index: [0, 0, 0]
    Size: [280, 512, 512]
  Spacing: [0.599998, 0.4688, 0.4688]
  Origin: [-89.3246, 86.6662, -93.5412]
  Direction: 
1 0 0
0 -1 0
0 0 1

  IndexToPointMatrix: 
0.599998 0 0
0 -0.4688 0
0 0 0.4688

  PointToIndexMatrix: 
1.66667 0 0
0 -2.13311 0
0 0 2.13311

  Inverse Direction: 
1 0 0
0 -1 0
0 0 1

  PixelContainer: 
    ImportImageContainer (0x35c3c90)
      RTTI typeinfo:   itk::ImportImageContainer<unsigned long, double>
      Reference Count: 1
      Modified Time: 2121
      Debug: Off
      Object Name: 
      Observers: 
        none
      Pointer: 0x2ac36b58a010
      Container manages memory: true
      Size: 73400320
      Capacity: 73400320

     Weighting = 1
     Sampling strategy = regular
     Number of bins = 32
     Radius = 4
     Sampling percentage  = 0.25
   Transform = Affine
     Gradient step = 0.1
     Update field sigma (voxel space) = 0
     Total field sigma (voxel space) = 0
     Update field time sigma = 0
     Total field time sigma  = 0
     Number of time indices = 0
     Number of time point samples = 0
Registration using 2 total stages.

Stage 0
  iterations = 2000x2000x2000x2000x2000
  convergence threshold = 1e-06
  convergence window size = 10
  number of levels = 5
  using the Mattes MI metric (number of bins = 32, weight = 1, use gradient filter = 0)
  preprocessing:  winsorizing the image intensities
  preprocessing:  histogram matching the images
  Shrink factors (level 1 out of 5): [8, 8, 8]
  Shrink factors (level 2 out of 5): [8, 8, 8]
  Shrink factors (level 3 out of 5): [4, 4, 4]
  Shrink factors (level 4 out of 5): [2, 2, 2]
  Shrink factors (level 5 out of 5): [1, 1, 1]
  smoothing sigmas per level: [4, 3, 2, 1, 0]
  regular sampling (percentage = 0.25)

*** Running Euler3DTransform registration ***

DIAGNOSTIC,Iteration,metricValue,convergenceValue,ITERATION_TIME_INDEX,SINCE_LAST
 2DIAGNOSTIC,     1, -5.467900004391e-01, 1.797693134862e+308, 1.3713e+00, 1.3713e+00, 
 2DIAGNOSTIC,     2, -5.477974077316e-01, 1.797693134862e+308, 1.3827e+00, 1.1362e-02, 
 2DIAGNOSTIC,     3, -5.492477292390e-01, 1.797693134862e+308, 1.3904e+00, 7.7190e-03, 
 2DIAGNOSTIC,     4, -5.515708422924e-01, 1.797693134862e+308, 1.3984e+00, 8.0070e-03, 
 2DIAGNOSTIC,     5, -5.542943279618e-01, 1.797693134862e+308, 1.4052e+00, 6.8281e-03, 
 2DIAGNOSTIC,     6, -5.587601595404e-01, 1.797693134862e+308, 1.4121e+00, 6.8521e-03, 
 2DIAGNOSTIC,     7, -5.639921558961e-01, 1.797693134862e+308, 1.4190e+00, 6.9261e-03, 
 2DIAGNOSTIC,     8, -5.674257620856e-01, 1.797693134862e+308, 1.4259e+00, 6.9220e-03, 
 2DIAGNOSTIC,     9, -5.695429738311e-01, 1.797693134862e+308, 1.4327e+00, 6.7260e-03, 
 2DIAGNOSTIC,    10, -5.713602027852e-01, 3.204784870512e-03, 1.4423e+00, 9.6071e-03, 
 2DIAGNOSTIC,    11, -5.751470305584e-01, 3.062965067623e-03, 1.4597e+00, 1.7439e-02, 
 2DIAGNOSTIC,    12, -5.759789129218e-01, 2.743092187997e-03, 1.4888e+00, 2.9104e-02, 
 2DIAGNOSTIC,    13, -5.763411955546e-01, 2.297288557194e-03, 1.4970e+00, 8.1682e-03, 
 2DIAGNOSTIC,    14, -5.765954254609e-01, 1.803861761382e-03, 1.5045e+00, 7.5300e-03, 
 2DIAGNOSTIC,    15, -5.766825036606e-01, 1.306143321044e-03, 1.5116e+00, 7.0651e-03, 
 2DIAGNOSTIC,    16, -5.766341930977e-01, 8.869952711312e-04, 1.5180e+00, 6.4478e-03, 
 2DIAGNOSTIC,    17, -5.766684437619e-01, 5.904559797749e-04, 1.5258e+00, 7.7870e-03, 
 2DIAGNOSTIC,    18, -5.767150355232e-01, 3.705659908096e-04, 1.5329e+00, 7.0422e-03, 
 2DIAGNOSTIC,    19, -5.767141773596e-01, 1.959327590072e-04, 1.5393e+00, 6.4199e-03, 
 2DIAGNOSTIC,    20, -5.767247522887e-01, 6.446192163709e-05, 1.5489e+00, 9.5859e-03, 
 2DIAGNOSTIC,    21, -5.767234939541e-01, 2.976177275611e-05, 1.5671e+00, 1.8186e-02, 
 2DIAGNOSTIC,    22, -5.766802113208e-01, 1.341950157228e-05, 1.5802e+00, 1.3137e-02, 
 2DIAGNOSTIC,    23, -5.766666996476e-01, 4.840203148004e-06, 1.5879e+00, 7.6818e-03, 
 2DIAGNOSTIC,    24, -5.767934384903e-01, 4.534899336654e-06, 1.5959e+00, 8.0059e-03, 
 2DIAGNOSTIC,    25, -5.768250471705e-01, 6.283508396210e-06, 1.6029e+00, 7.0009e-03, 
 2DIAGNOSTIC,    26, -5.768251456942e-01, 6.503064610995e-06, 1.6113e+00, 8.4491e-03, 
 2DIAGNOSTIC,    27, -5.768294491882e-01, 6.960888389924e-06, 1.6181e+00, 6.7899e-03, 
 2DIAGNOSTIC,    28, -5.769010345272e-01, 8.954080628419e-06, 1.6260e+00, 7.9231e-03, 
 2DIAGNOSTIC,    29, -5.769289263155e-01, 1.044626706058e-05, 1.6351e+00, 9.0890e-03, 
 2DIAGNOSTIC,    30, -5.769512505460e-01, 1.147546038785e-05, 1.6463e+00, 1.1193e-02, 
 2DIAGNOSTIC,    31, -5.769469794785e-01, 1.142652553995e-05, 1.6605e+00, 1.4149e-02, 
 2DIAGNOSTIC,    32, -5.769110117024e-01, 9.209229615496e-06, 1.6718e+00, 1.1340e-02, 
 2DIAGNOSTIC,    33, -5.769834608274e-01, 7.189717605445e-06, 1.6849e+00, 1.3126e-02, 
 2DIAGNOSTIC,    34, -5.771017787639e-01, 8.224408483574e-06, 1.6929e+00, 7.9081e-03, 
 2DIAGNOSTIC,    35, -5.771377445043e-01, 9.434882366804e-06, 1.6997e+00, 6.8531e-03, 
 2DIAGNOSTIC,    36, -5.771549240702e-01, 1.004637153589e-05, 1.7094e+00, 9.7139e-03, 
 2DIAGNOSTIC,    37, -5.771113454332e-01, 9.237494387488e-06, 1.7162e+00, 6.8159e-03, 
 2DIAGNOSTIC,    38, -5.770921549321e-01, 8.358742352024e-06, 1.7228e+00, 6.5820e-03, 
 2DIAGNOSTIC,    39, -5.770927829775e-01, 7.129834884975e-06, 1.7286e+00, 5.7881e-03, 
 2DIAGNOSTIC,    40, -5.770657808846e-01, 5.288515524896e-06, 1.7350e+00, 6.4220e-03, 
 2DIAGNOSTIC,    41, -5.770579799437e-01, 3.012459354506e-06, 1.7408e+00, 5.7261e-03, 
DIAGNOSTIC,Iteration,metricValue,convergenceValue,ITERATION_TIME_INDEX,SINCE_LAST
 2DIAGNOSTIC,     1, -5.493342853244e-01, 1.797693134862e+308, 3.0912e+00, 1.3504e+00, 
 2DIAGNOSTIC,     2, -5.494962479087e-01, 1.797693134862e+308, 3.0986e+00, 7.3609e-03, 
 2DIAGNOSTIC,     3, -5.498259017670e-01, 1.797693134862e+308, 3.1049e+00, 6.3021e-03, 
 2DIAGNOSTIC,     4, -5.500005708046e-01, 1.797693134862e+308, 3.1132e+00, 8.3098e-03, 
 2DIAGNOSTIC,     5, -5.500588392269e-01, 1.797693134862e+308, 3.1217e+00, 8.5239e-03, 
 2DIAGNOSTIC,     6, -5.500945663419e-01, 1.797693134862e+308, 3.1294e+00, 7.7391e-03, 
 2DIAGNOSTIC,     7, -5.499875977101e-01, 1.797693134862e+308, 3.1369e+00, 7.5040e-03, 
 2DIAGNOSTIC,     8, -5.500891994396e-01, 1.797693134862e+308, 3.1518e+00, 1.4887e-02, 
 2DIAGNOSTIC,     9, -5.501507106672e-01, 1.797693134862e+308, 3.1675e+00, 1.5705e-02, 
 2DIAGNOSTIC,    10, -5.501199422447e-01, 8.288157742022e-05, 3.1788e+00, 1.1230e-02, 
 2DIAGNOSTIC,    11, -5.501860968109e-01, 5.215896513691e-05, 3.1874e+00, 8.6920e-03, 
 2DIAGNOSTIC,    12, -5.504926769717e-01, 4.204267769115e-05, 3.1953e+00, 7.8940e-03, 
 2DIAGNOSTIC,    13, -5.504057831994e-01, 3.903145208672e-05, 3.2038e+00, 8.4760e-03, 
 2DIAGNOSTIC,    14, -5.507430019247e-01, 5.212716561406e-05, 3.2109e+00, 7.0951e-03, 
 2DIAGNOSTIC,    15, -5.509241505135e-01, 6.695085285907e-05, 3.2195e+00, 8.5921e-03, 
 2DIAGNOSTIC,    16, -5.508019428042e-01, 7.120335364753e-05, 3.2273e+00, 7.8080e-03, 
 2DIAGNOSTIC,    17, -5.508160802359e-01, 6.586628895525e-05, 3.2338e+00, 6.4940e-03, 
 2DIAGNOSTIC,    18, -5.508138654954e-01, 5.803652595015e-05, 3.2403e+00, 6.4499e-03, 
 2DIAGNOSTIC,    19, -5.507608457662e-01, 4.601858710564e-05, 3.2535e+00, 1.3198e-02, 
 2DIAGNOSTIC,    20, -5.507557479150e-01, 3.011148270759e-05, 3.2729e+00, 1.9426e-02, 
 2DIAGNOSTIC,    21, -5.507467247563e-01, 1.438176882864e-05, 3.2868e+00, 1.3916e-02, 
 2DIAGNOSTIC,    22, -5.507341405490e-01, 5.996251949907e-06, 3.2970e+00, 1.0242e-02, 
DIAGNOSTIC,Iteration,metricValue,convergenceValue,ITERATION_TIME_INDEX,SINCE_LAST
 2DIAGNOSTIC,     1, -5.234305233140e-01, 1.797693134862e+308, 4.8003e+00, 1.5032e+00, 
 2DIAGNOSTIC,     2, -5.235445898978e-01, 1.797693134862e+308, 4.8667e+00, 6.6450e-02, 
 2DIAGNOSTIC,     3, -5.237277030317e-01, 1.797693134862e+308, 4.9398e+00, 7.3065e-02, 
 2DIAGNOSTIC,     4, -5.238034493399e-01, 1.797693134862e+308, 5.0115e+00, 7.1736e-02, 
 2DIAGNOSTIC,     5, -5.239110274478e-01, 1.797693134862e+308, 5.0800e+00, 6.8454e-02, 
 2DIAGNOSTIC,     6, -5.240497941067e-01, 1.797693134862e+308, 5.1389e+00, 5.8937e-02, 
 2DIAGNOSTIC,     7, -5.243972139138e-01, 1.797693134862e+308, 5.2745e+00, 1.3563e-01, 
 2DIAGNOSTIC,     8, -5.243875697468e-01, 1.797693134862e+308, 5.3422e+00, 6.7687e-02, 
 2DIAGNOSTIC,     9, -5.243753920187e-01, 1.797693134862e+308, 5.4424e+00, 1.0021e-01, 
 2DIAGNOSTIC,    10, -5.243726797578e-01, 1.350543287536e-04, 5.5190e+00, 7.6513e-02, 
 2DIAGNOSTIC,    11, -5.243685036328e-01, 1.048951317022e-04, 5.5960e+00, 7.7070e-02, 
 2DIAGNOSTIC,    12, -5.243650245982e-01, 7.520940344929e-05, 5.6613e+00, 6.5263e-02, 
 2DIAGNOSTIC,    13, -5.243615461926e-01, 5.104806463915e-05, 5.7349e+00, 7.3582e-02, 
 2DIAGNOSTIC,    14, -5.243593333345e-01, 2.894838207333e-05, 5.8125e+00, 7.7645e-02, 
 2DIAGNOSTIC,    15, -5.243541617241e-01, 1.106803039558e-05, 5.8793e+00, 6.6749e-02, 
DIAGNOSTIC,Iteration,metricValue,convergenceValue,ITERATION_TIME_INDEX,SINCE_LAST
 2DIAGNOSTIC,     1, -4.873218007568e-01, 1.797693134862e+308, 8.6286e+00, 2.7494e+00, 
 2DIAGNOSTIC,     2, -4.874011130072e-01, 1.797693134862e+308, 9.1451e+00, 5.1641e-01, 
 2DIAGNOSTIC,     3, -4.874551902169e-01, 1.797693134862e+308, 9.7143e+00, 5.6926e-01, 
 2DIAGNOSTIC,     4, -4.874424784926e-01, 1.797693134862e+308, 1.0345e+01, 6.3110e-01, 
 2DIAGNOSTIC,     5, -4.874411558190e-01, 1.797693134862e+308, 1.1038e+01, 6.9252e-01, 
 2DIAGNOSTIC,     6, -4.874377546451e-01, 1.797693134862e+308, 1.1620e+01, 5.8223e-01, 
 2DIAGNOSTIC,     7, -4.874398483594e-01, 1.797693134862e+308, 1.2663e+01, 1.0425e+00, 
 2DIAGNOSTIC,     8, -4.874405725267e-01, 1.797693134862e+308, 1.3292e+01, 6.2909e-01, 
 2DIAGNOSTIC,     9, -4.874405025314e-01, 1.797693134862e+308, 1.3845e+01, 5.5358e-01, 
 2DIAGNOSTIC,    10, -4.874403883302e-01, 1.139900224673e-05, 1.4436e+01, 5.9093e-01, 
 2DIAGNOSTIC,    11, -4.874396145088e-01, 4.177755479687e-06, 1.4945e+01, 5.0886e-01, 
 2DIAGNOSTIC,    12, -4.874395142521e-01, 1.809572325068e-06, 1.5461e+01, 5.1619e-01, 
 2DIAGNOSTIC,    13, -4.874390375572e-01, 2.297693257144e-06, 1.6027e+01, 5.6568e-01, 
 2DIAGNOSTIC,    14, -4.874387862679e-01, 2.190989416534e-06, 1.6606e+01, 5.7875e-01, 
 2DIAGNOSTIC,    15, -4.874357007763e-01, 1.940000819378e-06, 1.7189e+01, 5.8290e-01, 
 2DIAGNOSTIC,    16, -4.874361360218e-01, 1.630284829648e-06, 1.7770e+01, 5.8152e-01, 
 2DIAGNOSTIC,    17, -4.874355426246e-01, 1.438983843118e-06, 1.8341e+01, 5.7098e-01, 
 2DIAGNOSTIC,    18, -4.874354526787e-01, 1.328416484640e-06, 1.8917e+01, 5.7572e-01, 
 2DIAGNOSTIC,    19, -4.874355013487e-01, 1.269880535150e-06, 1.9495e+01, 5.7778e-01, 
 2DIAGNOSTIC,    20, -4.874355348787e-01, 1.253947075695e-06, 2.0036e+01, 5.4098e-01, 
 2DIAGNOSTIC,    21, -4.874350755440e-01, 1.236581460617e-06, 2.0521e+01, 4.8500e-01, 
 2DIAGNOSTIC,    22, -4.874340021100e-01, 1.215221976762e-06, 2.1000e+01, 4.7927e-01, 
 2DIAGNOSTIC,    23, -4.874343597045e-01, 1.214445851799e-06, 2.1490e+01, 4.8965e-01, 
 2DIAGNOSTIC,    24, -4.874353958026e-01, 1.249887801452e-06, 2.2106e+01, 6.1637e-01, 
 2DIAGNOSTIC,    25, -4.874344644530e-01, 1.194435084485e-06, 2.2647e+01, 5.4079e-01, 
 2DIAGNOSTIC,    26, -4.874340414493e-01, 1.152500687281e-06, 2.3337e+01, 6.9007e-01, 
 2DIAGNOSTIC,    27, -4.874339805671e-01, 1.107090372536e-06, 2.3944e+01, 6.0706e-01, 
 2DIAGNOSTIC,    28, -4.874339107619e-01, 1.067614087344e-06, 2.4479e+01, 5.3526e-01, 
 2DIAGNOSTIC,    29, -4.874329740246e-01, 1.018567269764e-06, 2.5022e+01, 5.4335e-01, 
DIAGNOSTIC,Iteration,metricValue,convergenceValue,ITERATION_TIME_INDEX,SINCE_LAST
 2DIAGNOSTIC,     1, -4.490839434036e-01, 1.797693134862e+308, 3.7883e+01, 1.2861e+01, 
 2DIAGNOSTIC,     2, -4.490828952604e-01, 1.797693134862e+308, 4.1122e+01, 3.2391e+00, 
 2DIAGNOSTIC,     3, -4.490823372800e-01, 1.797693134862e+308, 4.4712e+01, 3.5895e+00, 
 2DIAGNOSTIC,     4, -4.490821091141e-01, 1.797693134862e+308, 4.7952e+01, 3.2403e+00, 
 2DIAGNOSTIC,     5, -4.490815104417e-01, 1.797693134862e+308, 5.1536e+01, 3.5841e+00, 
 2DIAGNOSTIC,     6, -4.490813624745e-01, 1.797693134862e+308, 5.5233e+01, 3.6973e+00, 
 2DIAGNOSTIC,     7, -4.490814687485e-01, 1.797693134862e+308, 5.9003e+01, 3.7696e+00, 
 2DIAGNOSTIC,     8, -4.490809612149e-01, 1.797693134862e+308, 6.3015e+01, 4.0118e+00, 
 2DIAGNOSTIC,     9, -4.490808601680e-01, 1.797693134862e+308, 6.6871e+01, 3.8564e+00, 
 2DIAGNOSTIC,    10, -4.490808198988e-01, 2.789185798949e-06, 7.0482e+01, 3.6109e+00, 
 2DIAGNOSTIC,    11, -4.490809680679e-01, 2.640469927706e-06, 7.5922e+01, 5.4396e+00, 
 2DIAGNOSTIC,    12, -4.490809669207e-01, 2.483620742982e-06, 7.9129e+01, 3.2076e+00, 
 2DIAGNOSTIC,    13, -4.490809452399e-01, 2.338101669552e-06, 8.2562e+01, 3.4324e+00, 
 2DIAGNOSTIC,    14, -4.490809348929e-01, 2.213552873734e-06, 8.5740e+01, 3.1781e+00, 
 2DIAGNOSTIC,    15, -4.490807036436e-01, 2.075849297331e-06, 8.8866e+01, 3.1266e+00, 
 2DIAGNOSTIC,    16, -4.490807103696e-01, 1.953603144908e-06, 9.2540e+01, 3.6733e+00, 
 2DIAGNOSTIC,    17, -4.490807109736e-01, 1.853233082126e-06, 9.5674e+01, 3.1348e+00, 
 2DIAGNOSTIC,    18, -4.490807005835e-01, 1.747516158196e-06, 9.9286e+01, 3.6120e+00, 
 2DIAGNOSTIC,    19, -4.490807327265e-01, 1.652606309528e-06, 1.0214e+02, 2.8569e+00, 
 2DIAGNOSTIC,    20, -4.490805312124e-01, 1.561488821328e-06, 1.0577e+02, 3.6281e+00, 
 2DIAGNOSTIC,    21, -4.490805652204e-01, 1.487432348471e-06, 1.0944e+02, 3.6697e+00, 
 2DIAGNOSTIC,    22, -4.490805263739e-01, 1.421332193420e-06, 1.1264e+02, 3.2038e+00, 
 2DIAGNOSTIC,    23, -4.490804810866e-01, 1.361323512604e-06, 1.1591e+02, 3.2671e+00, 
 2DIAGNOSTIC,    24, -4.490804129638e-01, 1.306502405138e-06, 1.1916e+02, 3.2505e+00, 
 2DIAGNOSTIC,    25, -4.490803493957e-01, 1.250469613849e-06, 1.2273e+02, 3.5647e+00, 
 2DIAGNOSTIC,    26, -4.490803596452e-01, 1.201246011377e-06, 1.2593e+02, 3.2014e+00, 
 2DIAGNOSTIC,    27, -4.490803417379e-01, 1.157259645466e-06, 1.2918e+02, 3.2484e+00, 
 2DIAGNOSTIC,    28, -4.490802720746e-01, 1.116529706642e-06, 1.3245e+02, 3.2773e+00, 
 2DIAGNOSTIC,    29, -4.490802219315e-01, 1.080258765059e-06, 1.3562e+02, 3.1648e+00, 
 2DIAGNOSTIC,    30, -4.490801490045e-01, 1.042176736514e-06, 1.3879e+02, 3.1754e+00, 
 2DIAGNOSTIC,    31, -4.490802337707e-01, 1.010693323027e-06, 1.4187e+02, 3.0767e+00, 
  Elapsed time (stage 0): 1.4845e+02


Stage 1
  iterations = 1000x1000x1000x1000x1000
  convergence threshold = 1.0000e-06
  convergence window size = 10
  number of levels = 5
  using the Mattes MI metric (number of bins = 32, weight = 1.0000e+00, use gradient filter = 0)
  preprocessing:  winsorizing the image intensities
  preprocessing:  histogram matching the images
  Shrink factors (level 1 out of 5): [8, 8, 8]
  Shrink factors (level 2 out of 5): [8, 8, 8]
  Shrink factors (level 3 out of 5): [4, 4, 4]
  Shrink factors (level 4 out of 5): [2, 2, 2]
  Shrink factors (level 5 out of 5): [1, 1, 1]
  smoothing sigmas per level: [4, 3, 2, 1, 0]
  regular sampling (percentage = 2.5000e-01)

*** Running AffineTransform registration ***

DIAGNOSTIC,Iteration,metricValue,convergenceValue,ITERATION_TIME_INDEX,SINCE_LAST
 2DIAGNOSTIC,     1, -5.740357941379e-01, 1.797693134862e+308, 1.3441e+00, 1.3441e+00, 
 2DIAGNOSTIC,     2, -5.753856469482e-01, 1.797693134862e+308, 1.3516e+00, 7.4148e-03, 
 2DIAGNOSTIC,     3, -5.776262051098e-01, 1.797693134862e+308, 1.3586e+00, 7.0350e-03, 
 2DIAGNOSTIC,     4, -5.809120930157e-01, 1.797693134862e+308, 1.3653e+00, 6.6819e-03, 
 2DIAGNOSTIC,     5, -5.869269168089e-01, 1.797693134862e+308, 1.3750e+00, 9.7661e-03, 
 2DIAGNOSTIC,     6, -5.989285740308e-01, 1.797693134862e+308, 1.3906e+00, 1.5596e-02, 
 2DIAGNOSTIC,     7, -6.180987496080e-01, 1.797693134862e+308, 1.4043e+00, 1.3633e-02, 
 2DIAGNOSTIC,     8, -6.645584290642e-01, 1.797693134862e+308, 1.4167e+00, 1.2382e-02, 
 2DIAGNOSTIC,     9, -6.827175829923e-01, 1.797693134862e+308, 1.4322e+00, 1.5555e-02, 
 2DIAGNOSTIC,    10, -6.844233009166e-01, 1.316609535962e-02, 1.4405e+00, 8.3048e-03, 
 2DIAGNOSTIC,    11, -6.928780516313e-01, 1.337592516728e-02, 1.4486e+00, 8.0650e-03, 
 2DIAGNOSTIC,    12, -7.012785979185e-01, 1.269839555655e-02, 1.4563e+00, 7.7629e-03, 
 2DIAGNOSTIC,    13, -7.077699249962e-01, 1.126273416358e-02, 1.4646e+00, 8.2321e-03, 
 2DIAGNOSTIC,    14, -7.172253944605e-01, 9.429469985593e-03, 1.4792e+00, 1.4644e-02, 
 2DIAGNOSTIC,    15, -7.354957617599e-01, 7.726038090869e-03, 1.4914e+00, 1.2211e-02, 
 2DIAGNOSTIC,    16, -7.598942695978e-01, 6.531928872973e-03, 1.5057e+00, 1.4298e-02, 
 2DIAGNOSTIC,    17, -8.145048975933e-01, 6.700007051082e-03, 1.5190e+00, 1.3255e-02, 
 2DIAGNOSTIC,    18, -8.298022594953e-01, 7.641380367011e-03, 1.5263e+00, 7.3352e-03, 
 2DIAGNOSTIC,    19, -8.344186114180e-01, 8.272434908551e-03, 1.5344e+00, 8.0540e-03, 
 2DIAGNOSTIC,    20, -8.363372990934e-01, 8.150451317539e-03, 1.5414e+00, 7.0369e-03, 
 2DIAGNOSTIC,    21, -8.398495498303e-01, 7.513360795671e-03, 1.5497e+00, 8.2819e-03, 
 2DIAGNOSTIC,    22, -8.418886310246e-01, 6.426296036649e-03, 1.5581e+00, 8.4109e-03, 
 2DIAGNOSTIC,    23, -8.430872158262e-01, 4.987265703164e-03, 1.5677e+00, 9.5589e-03, 
 2DIAGNOSTIC,    24, -8.437745278978e-01, 3.403528068608e-03, 1.5802e+00, 1.2494e-02, 
 2DIAGNOSTIC,    25, -8.449257863551e-01, 1.960751878161e-03, 1.5915e+00, 1.1351e-02, 
 2DIAGNOSTIC,    26, -8.462859650165e-01, 8.321750170910e-04, 1.6025e+00, 1.0968e-02, 
 2DIAGNOSTIC,    27, -8.473773557198e-01, 5.212905965944e-04, 1.6150e+00, 1.2488e-02, 
 2DIAGNOSTIC,    28, -8.480803237255e-01, 4.077412408209e-04, 1.6246e+00, 9.6509e-03, 
 2DIAGNOSTIC,    29, -8.483600448372e-01, 3.303190058014e-04, 1.6322e+00, 7.5951e-03, 
 2DIAGNOSTIC,    30, -8.484124191148e-01, 2.522168071201e-04, 1.6418e+00, 9.5658e-03, 
 2DIAGNOSTIC,    31, -8.484495624144e-01, 1.993018776009e-04, 1.6503e+00, 8.5080e-03, 
 2DIAGNOSTIC,    32, -8.484029826043e-01, 1.547712281747e-04, 1.6573e+00, 7.0050e-03, 
 2DIAGNOSTIC,    33, -8.484511659865e-01, 1.131045961507e-04, 1.6640e+00, 6.7220e-03, 
 2DIAGNOSTIC,    34, -8.484962755474e-01, 7.164352419284e-05, 1.6796e+00, 1.5618e-02, 
 2DIAGNOSTIC,    35, -8.485302625122e-01, 3.869201019460e-05, 1.6901e+00, 1.0479e-02, 
 2DIAGNOSTIC,    36, -8.485337112842e-01, 1.821202377333e-05, 1.7004e+00, 1.0331e-02, 
 2DIAGNOSTIC,    37, -8.486204859064e-01, 9.075345908396e-06, 1.7114e+00, 1.0955e-02, 
 2DIAGNOSTIC,    38, -8.487168702941e-01, 7.439830961357e-06, 1.7193e+00, 7.8659e-03, 
 2DIAGNOSTIC,    39, -8.487808014440e-01, 8.506094858050e-06, 1.7274e+00, 8.1131e-03, 
 2DIAGNOSTIC,    40, -8.489227172351e-01, 1.058043370195e-05, 1.7343e+00, 6.8889e-03, 
 2DIAGNOSTIC,    41, -8.490297044941e-01, 1.292144090383e-05, 1.7435e+00, 9.2711e-03, 
 2DIAGNOSTIC,    42, -8.491642299528e-01, 1.474028965949e-05, 1.7519e+00, 8.3652e-03, 
 2DIAGNOSTIC,    43, -8.490488840612e-01, 1.453892757098e-05, 1.7589e+00, 6.9821e-03, 
 2DIAGNOSTIC,    44, -8.492261781139e-01, 1.493449617937e-05, 1.7665e+00, 7.6199e-03, 
 2DIAGNOSTIC,    45, -8.492868315355e-01, 1.469161012940e-05, 1.7854e+00, 1.8951e-02, 
 2DIAGNOSTIC,    46, -8.492871668306e-01, 1.312452424859e-05, 1.7955e+00, 1.0100e-02, 
 2DIAGNOSTIC,    47, -8.492710953589e-01, 1.100946766158e-05, 1.8055e+00, 9.9120e-03, 
 2DIAGNOSTIC,    48, -8.492816733977e-01, 8.847847948853e-06, 1.8140e+00, 8.4980e-03, 
 2DIAGNOSTIC,    49, -8.492924298652e-01, 6.529398794058e-06, 1.8212e+00, 7.2348e-03, 
 2DIAGNOSTIC,    50, -8.493192761080e-01, 4.937835483432e-06, 1.8286e+00, 7.4420e-03, 
 2DIAGNOSTIC,    51, -8.493400245416e-01, 3.892126999014e-06, 1.8358e+00, 7.1681e-03, 
 2DIAGNOSTIC,    52, -8.493739002123e-01, 3.797441369146e-06, 1.8435e+00, 7.6809e-03, 
 2DIAGNOSTIC,    53, -8.494105982409e-01, 2.838037275403e-06, 1.8512e+00, 7.6780e-03, 
 2DIAGNOSTIC,    54, -8.494751332780e-01, 3.302690406791e-06, 1.8710e+00, 1.9810e-02, 
 2DIAGNOSTIC,    55, -8.494754402953e-01, 3.882500422735e-06, 1.8847e+00, 1.3743e-02, 
 2DIAGNOSTIC,    56, -8.494754409942e-01, 4.139364006419e-06, 1.8949e+00, 1.0208e-02, 
 2DIAGNOSTIC,    57, -8.494754421749e-01, 3.950017368814e-06, 1.9045e+00, 9.5870e-03, 
 2DIAGNOSTIC,    58, -8.494754441679e-01, 3.507360867100e-06, 1.9132e+00, 8.7421e-03, 
 2DIAGNOSTIC,    59, -8.494754475286e-01, 2.858351419544e-06, 1.9205e+00, 7.2439e-03, 
 2DIAGNOSTIC,    60, -8.494754531838e-01, 2.174238613071e-06, 1.9278e+00, 7.3230e-03, 
 2DIAGNOSTIC,    61, -8.494754626658e-01, 1.484140008078e-06, 1.9344e+00, 6.6171e-03, 
DIAGNOSTIC,Iteration,metricValue,convergenceValue,ITERATION_TIME_INDEX,SINCE_LAST
 2DIAGNOSTIC,     1, -8.084343792680e-01, 1.797693134862e+308, 3.3083e+00, 1.3739e+00, 
 2DIAGNOSTIC,     2, -8.085718741688e-01, 1.797693134862e+308, 3.3169e+00, 8.6250e-03, 
 2DIAGNOSTIC,     3, -8.085485802056e-01, 1.797693134862e+308, 3.3244e+00, 7.4241e-03, 
 2DIAGNOSTIC,     4, -8.086119456981e-01, 1.797693134862e+308, 3.3316e+00, 7.2088e-03, 
 2DIAGNOSTIC,     5, -8.086251982324e-01, 1.797693134862e+308, 3.3381e+00, 6.5629e-03, 
 2DIAGNOSTIC,     6, -8.086735711203e-01, 1.797693134862e+308, 3.3449e+00, 6.7849e-03, 
 2DIAGNOSTIC,     7, -8.087997926310e-01, 1.797693134862e+308, 3.3537e+00, 8.8170e-03, 
 2DIAGNOSTIC,     8, -8.088681474092e-01, 1.797693134862e+308, 3.3603e+00, 6.5091e-03, 
 2DIAGNOSTIC,     9, -8.090172384581e-01, 1.797693134862e+308, 3.3676e+00, 7.3750e-03, 
 2DIAGNOSTIC,    10, -8.090407858585e-01, 4.941318120302e-05, 3.3796e+00, 1.1966e-02, 
 2DIAGNOSTIC,    11, -8.091646415314e-01, 4.894646484629e-05, 3.3943e+00, 1.4660e-02, 
 2DIAGNOSTIC,    12, -8.091917853056e-01, 4.919821620554e-05, 3.4064e+00, 1.2145e-02, 
 2DIAGNOSTIC,    13, -8.091877023318e-01, 4.441575777162e-05, 3.4141e+00, 7.7212e-03, 
 2DIAGNOSTIC,    14, -8.092073941440e-01, 3.863633682623e-05, 3.4208e+00, 6.7141e-03, 
 2DIAGNOSTIC,    15, -8.092183361274e-01, 3.086678572585e-05, 3.4274e+00, 6.5660e-03, 
 2DIAGNOSTIC,    16, -8.092262577209e-01, 2.260790089545e-05, 3.4347e+00, 7.2510e-03, 
 2DIAGNOSTIC,    17, -8.091733886493e-01, 1.492944300044e-05, 3.4418e+00, 7.1268e-03, 
 2DIAGNOSTIC,    18, -8.092508243858e-01, 9.737980196010e-06, 3.4495e+00, 7.7159e-03, 
 2DIAGNOSTIC,    19, -8.091785845344e-01, 5.742152952716e-06, 3.4559e+00, 6.4359e-03, 
 2DIAGNOSTIC,    20, -8.091804625947e-01, 2.189340101363e-06, 3.4631e+00, 7.1828e-03, 
 2DIAGNOSTIC,    21, -8.091833358253e-01, 1.036970399805e-06, 3.4777e+00, 1.4537e-02, 
DIAGNOSTIC,Iteration,metricValue,convergenceValue,ITERATION_TIME_INDEX,SINCE_LAST
 2DIAGNOSTIC,     1, -7.513832031170e-01, 1.797693134862e+308, 4.9985e+00, 1.5208e+00, 
 2DIAGNOSTIC,     2, -7.517399263076e-01, 1.797693134862e+308, 5.0717e+00, 7.3170e-02, 
 2DIAGNOSTIC,     3, -7.519822960065e-01, 1.797693134862e+308, 5.1498e+00, 7.8113e-02, 
 2DIAGNOSTIC,     4, -7.521324011256e-01, 1.797693134862e+308, 5.2371e+00, 8.7326e-02, 
 2DIAGNOSTIC,     5, -7.521621920471e-01, 1.797693134862e+308, 5.3337e+00, 9.6593e-02, 
 2DIAGNOSTIC,     6, -7.521943152084e-01, 1.797693134862e+308, 5.4140e+00, 8.0338e-02, 
 2DIAGNOSTIC,     7, -7.522132726340e-01, 1.797693134862e+308, 5.5027e+00, 8.8690e-02, 
 2DIAGNOSTIC,     8, -7.521968866444e-01, 1.797693134862e+308, 5.5860e+00, 8.3257e-02, 
 2DIAGNOSTIC,     9, -7.522696395044e-01, 1.797693134862e+308, 5.7312e+00, 1.4518e-01, 
 2DIAGNOSTIC,    10, -7.522602670878e-01, 6.113563885911e-05, 5.8271e+00, 9.5982e-02, 
 2DIAGNOSTIC,    11, -7.522589247439e-01, 3.303931818964e-05, 5.9080e+00, 8.0840e-02, 
 2DIAGNOSTIC,    12, -7.522628901800e-01, 1.815875841583e-05, 5.9810e+00, 7.2979e-02, 
 2DIAGNOSTIC,    13, -7.522740052470e-01, 1.142653157275e-05, 6.0603e+00, 7.9358e-02, 
 2DIAGNOSTIC,    14, -7.522567393015e-01, 8.383643981938e-06, 6.1396e+00, 7.9309e-02, 
 2DIAGNOSTIC,    15, -7.522597870371e-01, 6.006382949106e-06, 6.2276e+00, 8.7954e-02, 
 2DIAGNOSTIC,    16, -7.522687025435e-01, 4.548085525066e-06, 6.3165e+00, 8.8883e-02, 
 2DIAGNOSTIC,    17, -7.522594515370e-01, 3.254640437593e-06, 6.4145e+00, 9.7988e-02, 
 2DIAGNOSTIC,    18, -7.522602196778e-01, 1.608629937637e-06, 6.5032e+00, 8.8782e-02, 
 2DIAGNOSTIC,    19, -7.522597823621e-01, 1.600085392427e-06, 6.5833e+00, 8.0067e-02, 
 2DIAGNOSTIC,    20, -7.522585079360e-01, 1.400395054370e-06, 6.6658e+00, 8.2500e-02, 
 2DIAGNOSTIC,    21, -7.522580574674e-01, 1.198996367378e-06, 6.7445e+00, 7.8678e-02, 
 2DIAGNOSTIC,    22, -7.522549267206e-01, 1.053439523009e-06, 6.8222e+00, 7.7744e-02, 
 2DIAGNOSTIC,    23, -7.522555765534e-01, 1.163110031788e-06, 6.9152e+00, 9.2949e-02, 
 2DIAGNOSTIC,    24, -7.522559465841e-01, 1.015349592078e-06, 7.0052e+00, 9.0071e-02, 
DIAGNOSTIC,Iteration,metricValue,convergenceValue,ITERATION_TIME_INDEX,SINCE_LAST
 2DIAGNOSTIC,     1, -6.794746692441e-01, 1.797693134862e+308, 9.8036e+00, 2.7983e+00, 
 2DIAGNOSTIC,     2, -6.796404673971e-01, 1.797693134862e+308, 1.0385e+01, 5.8156e-01, 
 2DIAGNOSTIC,     3, -6.796861268137e-01, 1.797693134862e+308, 1.0984e+01, 5.9870e-01, 
 2DIAGNOSTIC,     4, -6.796867322312e-01, 1.797693134862e+308, 1.1649e+01, 6.6492e-01, 
 2DIAGNOSTIC,     5, -6.796923949265e-01, 1.797693134862e+308, 1.2182e+01, 5.3375e-01, 
 2DIAGNOSTIC,     6, -6.797046796555e-01, 1.797693134862e+308, 1.2781e+01, 5.9856e-01, 
 2DIAGNOSTIC,     7, -6.797103668264e-01, 1.797693134862e+308, 1.3505e+01, 7.2425e-01, 
 2DIAGNOSTIC,     8, -6.797088928950e-01, 1.797693134862e+308, 1.4154e+01, 6.4898e-01, 
 2DIAGNOSTIC,     9, -6.797092763700e-01, 1.797693134862e+308, 1.4676e+01, 5.2159e-01, 
 2DIAGNOSTIC,    10, -6.797082591872e-01, 1.667695626412e-05, 1.5262e+01, 5.8637e-01, 
 2DIAGNOSTIC,    11, -6.797084819051e-01, 7.142671993254e-06, 1.5846e+01, 5.8376e-01, 
 2DIAGNOSTIC,    12, -6.797085293041e-01, 4.548111043237e-06, 1.6621e+01, 7.7452e-01, 
 2DIAGNOSTIC,    13, -6.797085604178e-01, 3.658755148031e-06, 1.7137e+01, 5.1653e-01, 
 2DIAGNOSTIC,    14, -6.797083018687e-01, 2.799285770808e-06, 1.7734e+01, 5.9660e-01, 
 2DIAGNOSTIC,    15, -6.797080210253e-01, 2.148399863316e-06, 1.8312e+01, 5.7859e-01, 
 2DIAGNOSTIC,    16, -6.797080571788e-01, 1.893914112552e-06, 1.8900e+01, 5.8778e-01, 
 2DIAGNOSTIC,    17, -6.797077526957e-01, 1.810935939650e-06, 1.9410e+01, 5.0991e-01, 
 2DIAGNOSTIC,    18, -6.797088028121e-01, 1.732557502368e-06, 1.9922e+01, 5.1233e-01, 
 2DIAGNOSTIC,    19, -6.797107404356e-01, 1.716832699686e-06, 2.0508e+01, 5.8574e-01, 
 2DIAGNOSTIC,    20, -6.797108087415e-01, 1.677893106525e-06, 2.1022e+01, 5.1372e-01, 
 2DIAGNOSTIC,    21, -6.797107732491e-01, 1.638947493381e-06, 2.1531e+01, 5.0897e-01, 
 2DIAGNOSTIC,    22, -6.797115846836e-01, 1.608765478424e-06, 2.2050e+01, 5.1924e-01, 
 2DIAGNOSTIC,    23, -6.797124592596e-01, 1.581679803443e-06, 2.2630e+01, 5.7980e-01, 
 2DIAGNOSTIC,    24, -6.797128157755e-01, 1.539084273902e-06, 2.3128e+01, 4.9814e-01, 
 2DIAGNOSTIC,    25, -6.797125423352e-01, 1.470860649402e-06, 2.3630e+01, 5.0185e-01, 
 2DIAGNOSTIC,    26, -6.797131620313e-01, 1.401002054653e-06, 2.4266e+01, 6.3662e-01, 
 2DIAGNOSTIC,    27, -6.797134393676e-01, 1.318593690063e-06, 2.4849e+01, 5.8280e-01, 
 2DIAGNOSTIC,    28, -6.797137552925e-01, 1.248041351064e-06, 2.5433e+01, 5.8424e-01, 
 2DIAGNOSTIC,    29, -6.797137710100e-01, 1.200047830698e-06, 2.6075e+01, 6.4175e-01, 
 2DIAGNOSTIC,    30, -6.797135534913e-01, 1.143895345813e-06, 2.6588e+01, 5.1335e-01, 
 2DIAGNOSTIC,    31, -6.797131929179e-01, 1.078037201223e-06, 2.7169e+01, 5.8072e-01, 
 2DIAGNOSTIC,    32, -6.797120729892e-01, 1.007014928021e-06, 2.7759e+01, 5.8952e-01, 
DIAGNOSTIC,Iteration,metricValue,convergenceValue,ITERATION_TIME_INDEX,SINCE_LAST
 2DIAGNOSTIC,     1, -6.145374002997e-01, 1.797693134862e+308, 3.7563e+01, 9.8040e+00, 
 2DIAGNOSTIC,     2, -6.145915501246e-01, 1.797693134862e+308, 4.1337e+01, 3.7741e+00, 
 2DIAGNOSTIC,     3, -6.145959505258e-01, 1.797693134862e+308, 4.4860e+01, 3.5232e+00, 
 2DIAGNOSTIC,     4, -6.145960893183e-01, 1.797693134862e+308, 4.8770e+01, 3.9098e+00, 
 2DIAGNOSTIC,     5, -6.145964287716e-01, 1.797693134862e+308, 5.2623e+01, 3.8530e+00, 
 2DIAGNOSTIC,     6, -6.145964781145e-01, 1.797693134862e+308, 5.6114e+01, 3.4910e+00, 
 2DIAGNOSTIC,     7, -6.145962011067e-01, 1.797693134862e+308, 6.0340e+01, 4.2258e+00, 
 2DIAGNOSTIC,     8, -6.145962910020e-01, 1.797693134862e+308, 6.3803e+01, 3.4633e+00, 
 2DIAGNOSTIC,     9, -6.145960764331e-01, 1.797693134862e+308, 6.7626e+01, 3.8227e+00, 
 2DIAGNOSTIC,    10, -6.145960558224e-01, 6.090172195591e-06, 7.1148e+01, 3.5220e+00, 
 2DIAGNOSTIC,    11, -6.145960389517e-01, 3.079406596468e-06, 7.4733e+01, 3.5853e+00, 
 2DIAGNOSTIC,    12, -6.145959517708e-01, 2.632457558438e-06, 7.8218e+01, 3.4852e+00, 
 2DIAGNOSTIC,    13, -6.145960043904e-01, 2.414448600330e-06, 8.1706e+01, 3.4874e+00, 
 2DIAGNOSTIC,    14, -6.145960818696e-01, 2.237244656228e-06, 8.5040e+01, 3.3346e+00, 
 2DIAGNOSTIC,    15, -6.145960872911e-01, 2.097330835296e-06, 8.8230e+01, 3.1900e+00, 
 2DIAGNOSTIC,    16, -6.145962286763e-01, 1.982786448973e-06, 9.2070e+01, 3.8397e+00, 
 2DIAGNOSTIC,    17, -6.145962722255e-01, 1.875672327095e-06, 9.6744e+01, 4.6743e+00, 
 2DIAGNOSTIC,    18, -6.145962717789e-01, 1.782479973018e-06, 1.0104e+02, 4.2926e+00, 
 2DIAGNOSTIC,    19, -6.145962513998e-01, 1.691972613203e-06, 1.0480e+02, 3.7628e+00, 
 2DIAGNOSTIC,    20, -6.145961878098e-01, 1.606934509943e-06, 1.0840e+02, 3.6017e+00, 
 2DIAGNOSTIC,    21, -6.145961781116e-01, 1.527954456945e-06, 1.1183e+02, 3.4243e+00, 
 2DIAGNOSTIC,    22, -6.145961368292e-01, 1.452168733596e-06, 1.1522e+02, 3.3973e+00, 
 2DIAGNOSTIC,    23, -6.145961318152e-01, 1.383346860229e-06, 1.1913e+02, 3.9076e+00, 
 2DIAGNOSTIC,    24, -6.145960829231e-01, 1.320827806565e-06, 1.2261e+02, 3.4805e+00, 
 2DIAGNOSTIC,    25, -6.145960160319e-01, 1.262573255133e-06, 1.2566e+02, 3.0503e+00, 
 2DIAGNOSTIC,    26, -6.145960161711e-01, 1.212245221871e-06, 1.2906e+02, 3.3970e+00, 
 2DIAGNOSTIC,    27, -6.145959676443e-01, 1.166580244336e-06, 1.3254e+02, 3.4781e+00, 
 2DIAGNOSTIC,    28, -6.145959368523e-01, 1.124758719974e-06, 1.3585e+02, 3.3146e+00, 
 2DIAGNOSTIC,    29, -6.145959147252e-01, 1.086250867657e-06, 1.3921e+02, 3.3614e+00, 
 2DIAGNOSTIC,    30, -6.145958097814e-01, 1.048726518613e-06, 1.4258e+02, 3.3677e+00, 
 2DIAGNOSTIC,    31, -6.145958187904e-01, 1.014756193851e-06, 1.4586e+02, 3.2757e+00, 
  Elapsed time (stage 1): 1.5240e+02


Total elapsed time: 3.0086e+02
ALL Done
