/Users/msmuhammad/workbench/miniconda3/envs/whisper/lib/python3.10/site-packages/torch/cuda/__init__.py:138: UserWarning: CUDA initialization: The NVIDIA driver on your system is too old (found version 11040). Please update your GPU driver by downloading and installing a new version from the URL: http://www.nvidia.com/Download/index.aspx Alternatively, go to: https://pytorch.org to install a PyTorch version that has been compiled with your version of the CUDA driver. (Triggered internally at ../c10/cuda/CUDAFunctions.cpp:108.)
  return torch._C._cuda_getDeviceCount() > 0
[00:00.000 --> 00:00.160] You
[00:29.540 --> 00:31.440] [*]
[00:31.440 --> 00:31.600] Um
[00:37.460 --> 00:37.620] [*]
[00:37.620 --> 00:38.400] Fine
[00:38.600 --> 00:38.800] I
[00:38.800 --> 00:39.080] guess
[00:39.080 --> 00:39.320] I
[00:39.320 --> 00:39.640] don't
[00:39.640 --> 00:39.800] know
[00:39.800 --> 00:40.240] [*]
[00:40.240 --> 00:40.620] it's
[00:40.620 --> 00:40.680] a
[00:40.680 --> 00:40.900] very
[00:40.900 --> 00:41.480] open-ended
[00:41.480 --> 00:41.940] question
[00:49.820 --> 00:50.380] [*]
[00:50.380 --> 00:50.880] Uh
[00:51.100 --> 00:51.880] How
[00:51.880 --> 00:52.360] things
[00:52.360 --> 00:52.780] [*]
[00:52.780 --> 00:53.020] been
[00:53.020 --> 00:53.760] lately
[00:53.760 --> 00:54.660] [*]
[00:54.660 --> 00:54.920] for
[00:54.920 --> 00:55.100] [*]
[00:55.100 --> 00:55.260] me
[00:55.400 --> 00:55.580] I
[00:55.580 --> 00:55.900] guess
[00:57.540 --> 00:58.560] Better
[00:58.560 --> 00:58.880] than
[00:58.880 --> 00:59.020] the
[00:59.020 --> 00:59.420] same
[00:59.420 --> 00:59.680] time
[00:59.680 --> 01:00.100] Last
[01:00.100 --> 01:00.520] [*]
[01:00.520 --> 01:00.800] year
[01:00.800 --> 01:01.880] [*]
[01:01.880 --> 01:02.060] Uh
[01:02.340 --> 01:02.820] [*]
[01:02.820 --> 01:02.960] high
[01:02.960 --> 01:03.260] school
[01:03.260 --> 01:03.600] swimming
[01:03.600 --> 01:03.860] Started
[01:03.860 --> 01:03.920] [*]
[01:03.920 --> 01:04.420] up
[01:04.420 --> 01:04.580] so
[01:04.580 --> 01:04.760] I
[01:04.760 --> 01:04.900] had
[01:04.900 --> 01:05.140] to
[01:05.140 --> 01:05.320] like
[01:05.320 --> 01:05.500] get
[01:05.500 --> 01:05.740] up
[01:05.740 --> 01:05.880] at
[01:06.660 --> 01:07.060] 430
[01:07.060 --> 01:07.240] in
[01:07.240 --> 01:07.380] the
[01:07.380 --> 01:07.680] morning
[01:07.680 --> 01:07.840] For
[01:07.840 --> 01:08.160] that
[01:08.360 --> 01:08.940] [*]
[01:08.940 --> 01:09.120] um
[01:09.120 --> 01:09.920] But
[01:09.920 --> 01:10.700] I
[01:10.700 --> 01:11.080] don't
[01:11.080 --> 01:11.180] have
[01:11.180 --> 01:11.320] as
[01:11.320 --> 01:11.660] much
[01:11.660 --> 01:12.460] Homework
[01:12.460 --> 01:12.580] as
[01:12.580 --> 01:12.700] I
[01:12.700 --> 01:12.840] did
[01:12.840 --> 01:13.140] last
[01:13.140 --> 01:13.560] year
[01:13.560 --> 01:13.720] So
[01:13.720 --> 01:14.000] it's
[01:14.000 --> 01:14.220] working
[01:14.220 --> 01:14.440] [*]
[01:14.440 --> 01:14.620] out
[01:14.620 --> 01:14.900] [*]
[01:14.900 --> 01:15.020] okay
[01:15.020 --> 01:15.260] so
[01:15.260 --> 01:15.520] [*]
[01:15.520 --> 01:15.660] far
[01:26.280 --> 01:26.380] I'm
[01:26.380 --> 01:26.760] trying
[01:26.760 --> 01:27.160] I
[01:27.160 --> 01:27.380] think
[01:27.380 --> 01:27.700] I'm
[01:27.700 --> 01:27.880] doing
[01:27.880 --> 01:28.020] a
[01:28.020 --> 01:28.220] good
[01:28.220 --> 01:28.460] job
[01:28.460 --> 01:28.680] so
[01:28.680 --> 01:29.000] far
[01:29.000 --> 01:29.380] Um
[01:40.080 --> 01:40.080] I
[01:40.080 --> 01:40.240] think
[01:40.240 --> 01:40.760] pretty
[01:40.760 --> 01:41.160] [*]
[01:41.160 --> 01:41.320] well
[01:42.840 --> 01:42.840] For
[01:42.840 --> 01:43.140] my
[01:43.140 --> 01:43.760] family
[01:45.220 --> 01:45.220] Um
[01:47.100 --> 01:47.100] I
[01:47.100 --> 01:47.240] think
[01:47.240 --> 01:47.640] fine
[01:47.640 --> 01:47.840] My
[01:47.840 --> 01:48.280] brother's
[01:48.280 --> 01:48.480] been
[01:48.480 --> 01:48.800] staying
[01:48.800 --> 01:49.140] up
[01:49.140 --> 01:49.500] a
[01:49.500 --> 01:49.680] [*]
[01:49.680 --> 01:49.780] lot
[01:49.780 --> 01:50.140] later
[01:50.140 --> 01:50.760] [*]
[01:50.760 --> 01:51.400] Um
[01:51.440 --> 01:52.540] Cause
[01:52.540 --> 01:52.840] he
[01:52.840 --> 01:53.080] has
[01:53.080 --> 01:53.460] calculus
[01:53.460 --> 01:53.580] [*]
[01:53.580 --> 01:53.960] this
[01:53.960 --> 01:54.300] year
[01:54.300 --> 01:54.780] So
[01:56.480 --> 01:56.640] He's
[01:56.640 --> 01:57.220] um
[01:57.220 --> 01:58.020] In
[01:58.020 --> 01:58.460] that
[01:58.460 --> 01:58.620] [*]
[01:58.620 --> 01:58.840] same
[01:58.840 --> 01:59.280] period
[01:59.280 --> 01:59.700] of
[01:59.700 --> 01:59.940] like
[01:59.940 --> 02:00.520] Last
[02:00.520 --> 02:01.060] year
[02:01.060 --> 02:01.180] or
[02:01.180 --> 02:01.380] two
[02:01.380 --> 02:01.580] years
[02:01.580 --> 02:01.880] ago
[02:01.880 --> 02:02.040] for
[02:02.040 --> 02:02.320] me
[02:03.540 --> 02:03.560] Where
[02:03.560 --> 02:04.020] there's
[02:04.020 --> 02:04.080] a
[02:04.080 --> 02:04.240] lot
[02:04.240 --> 02:04.540] higher
[02:04.540 --> 02:04.880] homework
[02:04.880 --> 02:05.020] [*]
[02:05.020 --> 02:05.480] volume
[02:05.480 --> 02:05.900] And
[02:05.900 --> 02:06.160] I
[02:06.160 --> 02:06.380] think
[02:06.380 --> 02:06.600] he's
[02:06.600 --> 02:06.800] still
[02:06.800 --> 02:07.060] learning
[02:07.060 --> 02:07.400] time
[02:07.400 --> 02:07.840] management
[02:07.840 --> 02:08.300] skills
[02:08.300 --> 02:08.660] But
[02:09.660 --> 02:09.660] You
[02:09.660 --> 02:09.860] know
[02:18.340 --> 02:18.340] Sometimes
[02:18.340 --> 02:18.880] But
[02:18.880 --> 02:19.200] he
[02:19.200 --> 02:19.640] usually
[02:19.640 --> 02:20.060] says
[02:20.060 --> 02:20.320] That
[02:20.320 --> 02:20.680] wasn't
[02:20.680 --> 02:20.900] very
[02:20.900 --> 02:21.360] helpful
[02:21.360 --> 02:21.920] After
[02:21.920 --> 02:22.400] I
[02:22.400 --> 02:22.900] tried
[02:22.900 --> 02:23.060] to
[02:23.060 --> 02:23.220] do
[02:23.220 --> 02:23.380] it
[02:23.380 --> 02:23.600] So
[02:23.600 --> 02:23.900] I
[02:23.900 --> 02:24.200] don't
[02:24.200 --> 02:24.300] know
[02:42.800 --> 02:42.800] You
[02:42.800 --> 02:42.800] all
[02:42.800 --> 02:42.800] have
[02:42.800 --> 02:42.800] to
[02:42.800 --> 02:42.800] let
[02:42.800 --> 02:42.800] go
[02:42.880 --> 02:43.460] [*]
[02:43.460 --> 02:43.600] But
[02:43.600 --> 02:43.880] it's
[02:43.880 --> 02:43.880] gonna
[02:43.880 --> 02:43.880] get
[02:43.880 --> 02:43.880] better
[02:43.880 --> 02:44.240] Um
[02:46.400 --> 02:46.400] Maybe
[02:46.400 --> 02:46.740] I
[02:46.740 --> 02:46.760] don't
[02:46.760 --> 02:46.760] know
[02:46.760 --> 02:46.780] if
[02:46.780 --> 02:46.780] that's
[02:46.780 --> 02:46.780] it
[02:46.780 --> 02:46.780] but
[02:46.780 --> 02:47.080] But
[02:47.180 --> 02:49.500] You've
[02:49.500 --> 02:49.500] all
[02:49.500 --> 02:49.500] had
[02:49.500 --> 02:49.500] a
[02:49.500 --> 02:49.500] good
[02:49.500 --> 02:49.500] week
[02:49.560 --> 02:49.800] [*]
[02:49.800 --> 02:50.240] So
[02:50.240 --> 02:50.540] I
[02:50.540 --> 02:50.760] [*]
[02:50.760 --> 02:51.320] hope
[02:51.320 --> 02:51.320] to
[02:51.420 --> 02:52.280] [*]
[02:52.280 --> 02:52.560] See
[02:52.560 --> 02:52.580] you
[02:52.580 --> 02:52.580] next
[02:52.580 --> 02:52.580] week
[02:52.580 --> 02:52.880] Bye
[02:52.880 --> 02:53.460] [*]
[02:53.460 --> 02:53.560] Thank
[02:53.560 --> 02:53.720] you
[02:55.600 --> 02:56.300] [*]
[02:56.300 --> 02:56.800] And
[02:56.800 --> 02:56.840] I
[02:56.840 --> 02:56.840] can't
[02:56.840 --> 02:56.840] get
[02:56.840 --> 02:56.840] a
[02:56.840 --> 02:56.840] word
[02:56.840 --> 02:57.060] back
[02:57.160 --> 02:57.540] ethics
[02:57.540 --> 02:58.040] OFF
[02:58.080 --> 02:58.500] IF
[02:58.540 --> 02:58.880] I
[02:58.940 --> 02:59.460] [*]
[02:59.460 --> 02:59.920] Bad
[02:59.920 --> 03:00.940] [*]
[03:00.940 --> 03:01.060] usually
[03:01.060 --> 03:01.380] [*]
[03:01.380 --> 03:01.580] when
[03:01.580 --> 03:01.760] he
[03:01.760 --> 03:02.040] asks
[03:02.040 --> 03:02.380] me
[03:02.380 --> 03:02.860] [*]
[03:02.860 --> 03:03.060] something
[03:03.060 --> 03:04.420] it's
[03:04.420 --> 03:04.660] because
[03:04.660 --> 03:04.880] he
[03:04.880 --> 03:05.060] is
[03:05.060 --> 03:05.440] struggling
[03:05.440 --> 03:05.740] on
[03:05.740 --> 03:05.900] a
[03:05.900 --> 03:06.120] [*]
[03:06.120 --> 03:06.360] specific
[03:06.360 --> 03:07.120] question
[03:07.120 --> 03:08.420] [*]
[03:08.420 --> 03:08.860] um
[03:08.860 --> 03:10.020] [*]
[03:10.020 --> 03:10.560] and
[03:10.560 --> 03:11.040] wants
[03:11.040 --> 03:11.380] help
[03:11.380 --> 03:11.840] knowing
[03:11.840 --> 03:12.140] how
[03:12.140 --> 03:12.340] to
[03:12.340 --> 03:12.520] [*]
[03:12.520 --> 03:12.620] solve
[03:12.620 --> 03:12.840] that
[03:12.840 --> 03:13.160] kind
[03:13.160 --> 03:13.360] of
[03:13.360 --> 03:13.820] question
[03:13.820 --> 03:14.960] [*]
[03:14.960 --> 03:15.360] but
[03:15.360 --> 03:16.240] i
[03:16.240 --> 03:17.200] [*]
[03:17.200 --> 03:17.560] usually
[03:17.560 --> 03:18.080] don't
[03:18.080 --> 03:18.220] know
[03:18.220 --> 03:18.520] like
[03:18.520 --> 03:18.840] what
[03:18.840 --> 03:19.280] they've
[03:19.280 --> 03:19.620] been
[03:19.620 --> 03:20.000] learning
[03:20.000 --> 03:20.460] recently
[03:20.460 --> 03:21.160] in
[03:21.160 --> 03:21.400] the
[03:21.400 --> 03:21.640] class
[03:21.640 --> 03:21.860] so
[03:21.860 --> 03:21.980] i
[03:21.980 --> 03:22.140] don't
[03:22.140 --> 03:22.280] know
[03:22.280 --> 03:22.520] how
[03:22.520 --> 03:23.020] like
[03:23.020 --> 03:23.680] i
[03:23.680 --> 03:23.860] don't
[03:23.860 --> 03:23.940] know
[03:23.940 --> 03:24.080] what
[03:24.080 --> 03:24.320] he's
[03:24.320 --> 03:24.560] supposed
[03:24.560 --> 03:24.800] to
[03:24.800 --> 03:25.000] be
[03:25.000 --> 03:25.220] [*]
[03:25.220 --> 03:25.340] learning
[03:25.340 --> 03:25.660] for
[03:25.660 --> 03:26.100] it
[03:26.100 --> 03:26.420] because
[03:26.420 --> 03:26.520] i
[03:26.520 --> 03:26.740] don't
[03:26.740 --> 03:26.860] keep
[03:26.860 --> 03:27.120] close
[03:27.120 --> 03:27.420] track
[03:27.420 --> 03:27.680] of
[03:27.680 --> 03:28.760] [*]
[03:28.760 --> 03:28.880] of
[03:28.880 --> 03:29.260] that
[03:29.260 --> 03:29.760] [*]
[03:29.760 --> 03:30.080] um
[03:30.080 --> 03:30.540] [*]
[03:30.540 --> 03:30.820] so
[03:30.820 --> 03:31.160] i
[03:31.160 --> 03:31.360] might
[03:31.360 --> 03:31.500] be
[03:31.500 --> 03:31.780] able
[03:31.780 --> 03:31.940] to
[03:31.940 --> 03:32.280] like
[03:32.280 --> 03:32.780] [*]
[03:32.780 --> 03:33.160] have
[03:33.160 --> 03:33.580] a
[03:33.580 --> 03:33.840] way
[03:33.840 --> 03:34.020] to
[03:34.020 --> 03:34.300] solve
[03:34.300 --> 03:34.440] the
[03:34.440 --> 03:34.860] problem
[03:34.860 --> 03:35.320] [*]
[03:35.320 --> 03:35.780] but
[03:35.780 --> 03:36.700] i
[03:36.700 --> 03:37.020] i
[03:37.020 --> 03:37.300] don't
[03:37.300 --> 03:37.400] know
[03:37.400 --> 03:37.500] how
[03:37.500 --> 03:37.700] much
[03:37.700 --> 03:37.820] i
[03:37.820 --> 03:38.020] can
[03:38.020 --> 03:38.120] like
[03:38.120 --> 03:38.340] help
[03:38.340 --> 03:38.460] him
[03:38.460 --> 03:38.600] with
[03:38.600 --> 03:38.720] the
[03:38.720 --> 03:39.040] specific
[03:39.040 --> 03:39.700] concepts
[03:39.700 --> 03:40.040] that
[03:40.040 --> 03:40.260] he's
[03:40.260 --> 03:40.500] looking
[03:40.500 --> 03:40.800] for
[03:40.800 --> 03:41.040] help
[03:41.040 --> 03:41.420] on
[03:41.420 --> 03:41.820] so
[03:41.820 --> 03:42.040] he
[03:42.040 --> 03:42.340] doesn't
[03:42.340 --> 03:42.440] use
[03:42.440 --> 03:42.780] he
[03:42.780 --> 03:43.140] doesn't
[03:43.140 --> 03:43.320] [*]
[03:43.320 --> 03:43.440] usually
[03:43.440 --> 03:43.860] ask
[03:43.860 --> 03:44.260] me
[03:44.260 --> 03:44.380] for
[03:44.380 --> 03:44.520] help
[03:44.520 --> 03:44.740] on
[03:44.740 --> 03:44.960] that
[03:44.960 --> 03:45.120] and
[03:45.120 --> 03:45.520] unless
[03:45.520 --> 03:45.700] he
[03:45.700 --> 03:45.880] thinks
[03:45.880 --> 03:46.020] he
[03:46.020 --> 03:46.260] needs
[03:46.260 --> 03:46.520] it
[03:54.320 --> 03:54.320] you
[03:54.400 --> 03:55.020] [*]
[03:55.020 --> 03:56.260] mm-hmm
[04:23.920 --> 04:35.680] [*]
[04:35.680 --> 04:36.100] you're
[04:36.100 --> 04:36.340] right
[04:36.340 --> 04:36.480] that
[04:36.480 --> 04:36.740] is
[04:36.740 --> 04:37.100] also
[04:37.100 --> 04:37.280] a
[04:37.280 --> 04:37.600] broad
[04:37.600 --> 04:37.840] [*]
[04:37.840 --> 04:38.040] question
[04:45.720 --> 04:45.720] um
[04:49.980 --> 04:49.980] well
[05:02.860 --> 05:02.860] I
[05:02.860 --> 05:03.200] guess
[05:03.200 --> 05:04.240] [*]
[05:04.240 --> 05:04.480] in
[05:04.480 --> 05:05.460] [*]
[05:05.460 --> 05:05.840] order
[05:05.840 --> 05:06.040] to
[05:06.040 --> 05:06.540] [*]
[05:06.540 --> 05:06.680] provide
[05:06.680 --> 05:07.080] [*]
[05:07.080 --> 05:07.520] a
[05:07.520 --> 05:07.980] [*]
[05:07.980 --> 05:08.180] useful
[05:08.180 --> 05:09.540] [*]
[05:09.540 --> 05:09.720] answer
[05:09.720 --> 05:09.960] [*]
[05:09.960 --> 05:10.500] I
[05:10.500 --> 05:10.800] have
[05:10.800 --> 05:11.080] to
[05:11.080 --> 05:11.320] look
[05:11.320 --> 05:11.520] at
[05:11.520 --> 05:11.840] that
[05:11.840 --> 05:12.200] in
[05:12.200 --> 05:12.500] kind
[05:12.500 --> 05:12.700] of
[05:12.700 --> 05:12.820] a
[05:12.820 --> 05:13.400] long-term
[05:13.400 --> 05:13.580] perspective
[05:13.580 --> 05:15.600] [*]
[05:15.600 --> 05:15.920] um
[05:19.180 --> 05:19.180] I
[05:19.180 --> 05:19.920] don't
[05:19.920 --> 05:20.660] [*]
[05:20.660 --> 05:20.820] read
[05:20.820 --> 05:21.120] as
[05:21.120 --> 05:21.440] much
[05:21.440 --> 05:21.720] as
[05:21.720 --> 05:21.860] I
[05:21.860 --> 05:22.200] used
[05:22.200 --> 05:22.740] to
[05:22.740 --> 05:24.120] [*]
[05:24.120 --> 05:24.660] and
[05:24.660 --> 05:24.980] [*]
[05:24.980 --> 05:25.620] there's
[05:25.620 --> 05:25.760] some
[05:25.760 --> 05:26.000] other
[05:26.000 --> 05:26.260] [*]
[05:26.260 --> 05:26.440] changes
[05:26.440 --> 05:26.980] [*]
[05:26.980 --> 05:27.100] to
[05:27.100 --> 05:28.620] [*]
[05:28.620 --> 05:29.260] what
[05:29.260 --> 05:29.880] I
[05:29.880 --> 05:30.500] regularly
[05:30.500 --> 05:31.000] do
[05:31.000 --> 05:31.260] like
[05:31.260 --> 05:31.580] that
[05:31.580 --> 05:32.180] [*]
[05:32.180 --> 05:33.200] that
[05:33.200 --> 05:33.500] I
[05:33.500 --> 05:33.840] think
[05:33.840 --> 05:34.100] are
[05:34.100 --> 05:34.500] [*]
[05:34.500 --> 05:34.660] partly
[05:34.660 --> 05:35.300] caused
[05:35.300 --> 05:35.800] by
[05:35.800 --> 05:36.900] changes
[05:36.900 --> 05:37.600] in
[05:37.600 --> 05:38.480] uh
[05:38.480 --> 05:39.480] what
[05:39.480 --> 05:39.880] kinds
[05:39.880 --> 05:41.080] [*]
[05:41.080 --> 05:41.340] of
[05:41.340 --> 05:41.560] things
[05:41.560 --> 05:41.740] I
[05:41.740 --> 05:41.980] spend
[05:41.980 --> 05:42.180] my
[05:42.180 --> 05:42.460] time
[05:42.460 --> 05:42.780] on
[05:42.780 --> 05:43.120] what
[05:43.120 --> 05:43.500] uh
[05:43.500 --> 05:45.680] [*]
[05:45.680 --> 05:45.800] the
[05:45.800 --> 05:46.080] the
[05:46.080 --> 05:46.160] the
[05:46.160 --> 05:46.280] the
[05:46.280 --> 05:46.660] the
[05:46.660 --> 05:46.660] the
[05:46.660 --> 05:46.660] the
[05:46.660 --> 05:46.660] the
[05:46.660 --> 05:46.660] the
[05:46.660 --> 05:46.660] the
[05:46.660 --> 05:46.660] the
[05:46.660 --> 05:46.660] the
[05:46.660 --> 05:46.660] the
[05:46.660 --> 05:46.660] the
[05:46.660 --> 05:46.660] the
[05:46.660 --> 05:46.660] the
[05:46.660 --> 05:46.660] the
[05:46.660 --> 05:46.660] the
[05:46.660 --> 05:46.660] the
[05:46.660 --> 05:46.660] the
[05:46.660 --> 05:46.660] the
[05:46.660 --> 05:46.660] the
[05:46.660 --> 05:46.660] the
[05:46.660 --> 05:46.660] the
[05:46.660 --> 05:46.660] the
[05:46.660 --> 05:47.100] [*]
[05:47.100 --> 05:47.280] environment
[05:47.280 --> 05:47.520] that
[05:47.520 --> 05:47.760] I'm
[05:47.760 --> 05:47.980] dealing
[05:47.980 --> 05:48.400] with
[05:48.400 --> 05:48.540] [*]
[05:48.540 --> 05:48.800] is
[05:48.800 --> 05:49.200] and
[05:49.200 --> 05:49.440] and
[05:49.440 --> 05:49.900] what
[05:49.900 --> 05:50.140] [*]
[05:50.140 --> 05:50.360] um
[05:50.360 --> 05:50.920] I
[05:50.920 --> 05:51.180] have
[05:51.180 --> 05:51.620] access
[05:51.620 --> 05:52.040] to
[05:52.040 --> 05:53.800] [*]
[05:53.800 --> 05:54.420] um
[05:54.480 --> 05:56.280] [*]
[05:56.280 --> 05:56.600] I
[05:56.600 --> 05:58.640] [*]
[05:58.640 --> 05:58.840] guess
[05:58.840 --> 05:59.080] on
[05:59.080 --> 05:59.240] a
[05:59.240 --> 05:59.460] more
[05:59.460 --> 05:59.660] [*]
[05:59.660 --> 06:00.100] short-term
[06:00.100 --> 06:00.320] [*]
[06:00.320 --> 06:00.460] level
[06:00.460 --> 06:01.140] uh
[06:01.140 --> 06:02.160] [*]
[06:02.160 --> 06:02.760] there's
[06:02.760 --> 06:02.860] some
[06:02.860 --> 06:03.040] of
[06:03.040 --> 06:03.140] the
[06:03.140 --> 06:03.380] things
[06:03.380 --> 06:03.620] that
[06:03.620 --> 06:03.700] I
[06:03.700 --> 06:04.000] already
[06:04.000 --> 06:04.440] mentioned
[06:04.440 --> 06:04.860] earlier
[06:06.360 --> 06:06.360] like
[06:06.360 --> 06:06.860] um
[06:06.860 --> 06:07.640] [*]
[06:07.640 --> 06:07.800] I
[06:07.800 --> 06:08.080] think
[06:08.080 --> 06:08.320] this
[06:08.320 --> 06:08.640] [*]
[06:08.640 --> 06:08.740] year
[06:08.740 --> 06:09.180] I'm
[06:09.180 --> 06:09.600] [*]
[06:09.600 --> 06:10.220] doing
[06:10.220 --> 06:10.720] better
[06:10.720 --> 06:10.960] [*]
[06:10.960 --> 06:11.080] with
[06:11.080 --> 06:11.440] uh
[06:11.440 --> 06:12.020] maintaining
[06:12.020 --> 06:12.480] [*]
[06:12.480 --> 06:12.760] my
[06:12.760 --> 06:13.360] sleep
[06:13.360 --> 06:13.940] schedule
[06:13.940 --> 06:14.420] and
[06:14.420 --> 06:14.940] personal
[06:15.700 --> 06:16.580] health
[06:16.580 --> 06:16.880] and
[06:16.880 --> 06:17.060] that
[06:17.060 --> 06:17.220] kind
[06:17.220 --> 06:17.440] of
[06:17.440 --> 06:17.720] thing
[06:17.720 --> 06:18.220] even
[06:18.220 --> 06:18.920] [*]
[06:18.920 --> 06:19.020] during
[06:19.020 --> 06:19.540] swimming
[06:19.540 --> 06:20.580] [*]
[06:20.580 --> 06:20.840] um
[06:24.360 --> 06:24.360] but
[06:24.360 --> 06:24.620] again
[06:24.620 --> 06:24.880] i
[06:24.880 --> 06:25.120] don't
[06:25.120 --> 06:25.200] know
[06:25.200 --> 06:25.280] how
[06:25.280 --> 06:25.520] much
[06:25.520 --> 06:25.620] of
[06:25.620 --> 06:25.840] that
[06:25.840 --> 06:25.980] is
[06:25.980 --> 06:26.060] a
[06:26.060 --> 06:26.320] change
[06:26.320 --> 06:26.500] in
[06:26.500 --> 06:26.760] myself
[06:26.760 --> 06:27.400] versus
[06:27.400 --> 06:27.540] a
[06:27.540 --> 06:27.780] change
[06:27.780 --> 06:28.040] [*]
[06:28.040 --> 06:28.300] in
[06:28.300 --> 06:28.580] the
[06:28.580 --> 06:29.100] environment
[06:29.100 --> 06:29.480] that
[06:29.480 --> 06:29.620] i've
[06:29.620 --> 06:29.720] set
[06:29.720 --> 06:29.900] up
[06:29.900 --> 06:30.160] around
[06:30.160 --> 06:30.660] myself
[06:30.660 --> 06:31.480] so
[06:44.360 --> 06:44.360] i
[06:44.360 --> 06:44.880] [*]
[06:44.880 --> 06:45.900] don't
[06:45.900 --> 06:46.060] know
[06:46.060 --> 06:46.580] i
[06:46.580 --> 06:47.240] [*]
[06:47.240 --> 06:47.440] mean
[06:47.440 --> 06:47.700] [*]
[06:47.700 --> 06:47.800] like
[06:51.440 --> 06:52.160] maybe
[06:52.160 --> 06:52.980] um
[06:52.980 --> 06:53.840] [*]
[06:53.840 --> 06:54.320] i
[06:54.320 --> 06:54.600] think
[06:54.600 --> 06:54.720] a
[06:54.720 --> 06:54.980] lot
[06:54.980 --> 06:55.120] of
[06:55.120 --> 06:55.500] people
[06:55.500 --> 06:56.000] i
[06:56.000 --> 06:56.900] [*]
[06:56.900 --> 06:57.080] think
[06:57.080 --> 06:57.180] a
[06:57.180 --> 06:57.400] lot
[06:57.400 --> 06:57.540] of
[06:57.540 --> 06:57.820] people
[06:57.820 --> 06:58.180] [*]
[06:58.180 --> 06:58.340] assume
[06:58.340 --> 06:58.700] that
[06:58.700 --> 06:59.160] there's
[06:59.160 --> 06:59.180] a
[06:59.180 --> 06:59.360] [*]
[06:59.360 --> 06:59.480] lot
[06:59.480 --> 06:59.880] more
[06:59.880 --> 07:00.440] of
[07:00.440 --> 07:01.120] you
[07:01.120 --> 07:01.520] [*]
[07:01.520 --> 07:02.140] know
[07:02.140 --> 07:02.180] uh
[07:02.180 --> 07:03.360] [*]
[07:03.360 --> 07:03.740] permanent
[07:03.740 --> 07:04.840] [*]
[07:04.840 --> 07:04.980] or
[07:04.980 --> 07:05.300] [*]
[07:05.300 --> 07:05.660] not
[07:05.660 --> 07:05.900] [*]
[07:05.900 --> 07:06.140] even
[07:06.140 --> 07:06.480] permanent
[07:06.480 --> 07:07.120] potentially
[07:07.120 --> 07:07.400] [*]
[07:07.400 --> 07:07.540] changing
[07:07.540 --> 07:07.680] but
[07:07.680 --> 07:07.800] a
[07:07.800 --> 07:08.140] fixed
[07:08.140 --> 07:08.680] self
[07:08.680 --> 07:09.060] than
[07:09.060 --> 07:09.300] there
[07:09.300 --> 07:09.660] is
[07:09.660 --> 07:09.880] i
[07:09.880 --> 07:10.580] [*]
[07:10.580 --> 07:10.760] think
[07:10.760 --> 07:10.900] a
[07:10.900 --> 07:11.100] lot
[07:11.100 --> 07:11.280] of
[07:11.280 --> 07:11.540] people
[07:11.540 --> 07:11.980] [*]
[07:11.980 --> 07:12.120] underestimate
[07:12.120 --> 07:12.440] [*]
[07:12.440 --> 07:12.900] how
[07:12.900 --> 07:13.240] much
[07:13.240 --> 07:13.740] of
[07:13.740 --> 07:14.300] [*]
[07:14.300 --> 07:15.020] their
[07:15.020 --> 07:15.900] [*]
[07:15.900 --> 07:16.100] behavior
[07:16.100 --> 07:16.720] and
[07:16.720 --> 07:17.000] even
[07:17.000 --> 07:17.220] their
[07:17.220 --> 07:17.440] [*]
[07:17.440 --> 07:17.640] thoughts
[07:17.640 --> 07:18.100] are
[07:18.100 --> 07:18.360] influenced
[07:18.360 --> 07:19.260] [*]
[07:19.260 --> 07:19.400] by
[07:19.400 --> 07:19.860] the
[07:19.860 --> 07:20.320] [*]
[07:20.320 --> 07:20.480] context
[07:20.480 --> 07:20.800] [*]
[07:20.800 --> 07:20.980] that
[07:20.980 --> 07:21.220] they're
[07:21.220 --> 07:21.440] in
[07:26.820 --> 07:26.820] but
[07:26.820 --> 07:27.300] anyway
[07:27.300 --> 07:27.480] i
[07:27.480 --> 07:27.980] don't
[07:27.980 --> 07:28.040] know
[07:28.040 --> 07:28.160] if
[07:28.160 --> 07:28.320] that's
[07:28.320 --> 07:28.380] what
[07:28.380 --> 07:28.580] you're
[07:28.580 --> 07:28.760] looking
[07:28.760 --> 07:29.020] for
[07:46.580 --> 07:46.580] um
[07:53.880 --> 07:53.880] well
[08:00.060 --> 08:00.060] i
[08:00.060 --> 08:00.320] think
[08:00.320 --> 08:00.520] [*]
[08:00.520 --> 08:00.800] that
[08:00.800 --> 08:01.240] that
[08:01.240 --> 08:02.200] i'm
[08:02.200 --> 08:02.860] less
[08:04.420 --> 08:04.820] [*]
[08:04.820 --> 08:05.100] um
[08:07.220 --> 08:08.040] concerned
[08:08.040 --> 08:09.020] with
[08:09.020 --> 08:09.560] uh
[08:09.560 --> 08:09.860] [*]
[08:09.860 --> 08:11.120] rigidly
[08:11.120 --> 08:11.660] following
[08:11.660 --> 08:12.100] [*]
[08:12.100 --> 08:12.680] rules
[08:12.680 --> 08:13.280] [*]
[08:13.280 --> 08:13.460] and
[08:13.460 --> 08:13.740] things
[08:13.740 --> 08:14.060] like
[08:14.060 --> 08:14.380] that
[08:14.380 --> 08:14.680] [*]
[08:14.680 --> 08:14.880] that
[08:14.880 --> 08:15.160] [*]
[08:15.160 --> 08:15.320] are
[08:15.320 --> 08:15.640] put
[08:15.640 --> 08:16.000] out
[08:16.000 --> 08:16.300] by
[08:16.660 --> 08:17.280] for
[08:17.280 --> 08:17.660] [*]
[08:17.660 --> 08:17.780] example
[08:17.780 --> 08:18.140] the
[08:18.140 --> 08:18.800] school
[08:18.800 --> 08:19.380] administration
[08:19.380 --> 08:19.660] [*]
[08:19.660 --> 08:20.320] because
[08:20.320 --> 08:21.100] um
[08:21.100 --> 08:22.440] [*]
[08:22.440 --> 08:22.760] my
[08:22.760 --> 08:23.380] experience
[08:23.380 --> 08:23.980] [*]
[08:23.980 --> 08:24.140] with
[08:24.140 --> 08:25.140] [*]
[08:25.140 --> 08:25.280] school
[08:25.280 --> 08:26.160] has
[08:26.160 --> 08:26.580] been
[08:26.580 --> 08:26.820] that
[08:26.820 --> 08:27.220] there's
[08:27.220 --> 08:27.240] a
[08:27.240 --> 08:27.380] lot
[08:27.380 --> 08:27.600] of
[08:27.600 --> 08:27.740] [*]
[08:27.740 --> 08:28.080] times
[08:28.080 --> 08:28.460] when
[08:28.460 --> 08:28.940] they'll
[08:28.940 --> 08:29.480] make
[08:29.480 --> 08:30.240] seemingly
[08:30.240 --> 08:30.380] [*]
[08:30.380 --> 08:30.840] arbitrary
[08:30.840 --> 08:31.540] rules
[08:31.540 --> 08:31.640] and
[08:31.640 --> 08:31.640] i'm
[08:31.640 --> 08:31.640] less
[08:31.640 --> 08:31.640] concerned
[08:31.640 --> 08:31.640] about
[08:31.640 --> 08:31.640] that
[08:31.640 --> 08:31.640] because
[08:31.640 --> 08:32.040] [*]
[08:32.040 --> 08:32.320] people
[08:54.260 --> 08:54.520] um
[08:54.740 --> 08:55.340] [*]
[08:55.340 --> 08:55.540] changes
[08:55.540 --> 08:55.900] to
[08:55.900 --> 08:56.260] trying
[08:56.260 --> 08:56.260] to
[08:56.260 --> 08:56.260] limit
[08:56.260 --> 08:56.260] people
[08:56.260 --> 08:56.260] uh
[08:56.260 --> 08:56.480] being
[08:56.480 --> 08:56.580] able
[08:56.580 --> 08:56.580] to
[08:56.820 --> 08:56.960] conscious
[08:56.960 --> 08:56.980] you
[08:56.980 --> 08:57.120] know
[08:57.120 --> 08:57.120] say
[08:57.120 --> 08:57.120] a
[08:57.120 --> 08:57.120] lot
[08:57.120 --> 08:57.120] of
[08:57.120 --> 08:57.120] people
[08:57.120 --> 08:57.380] [*]
[08:57.380 --> 08:57.480] um
[08:57.580 --> 08:57.700] do
[08:57.700 --> 08:57.980] some
[08:57.980 --> 08:58.180] of
[08:58.180 --> 08:58.500] this
[08:58.500 --> 08:58.620] stuff
[08:58.620 --> 08:58.940] every
[08:58.940 --> 08:58.940] day
[08:58.940 --> 08:59.840] [*]
[08:59.840 --> 09:00.060] things
[09:00.060 --> 09:00.480] that
[09:00.480 --> 09:00.600] able
[09:00.600 --> 09:00.940] to
[09:00.940 --> 09:01.280] get
[09:01.280 --> 09:01.620] into
[09:01.620 --> 09:01.820] the
[09:01.820 --> 09:02.160] building
[09:02.160 --> 09:02.540] during
[09:02.540 --> 09:02.740] the
[09:02.740 --> 09:03.160] day
[09:03.160 --> 09:04.080] [*]
[09:04.080 --> 09:04.360] um
[09:04.360 --> 09:05.260] [*]
[09:05.260 --> 09:05.840] and
[09:05.840 --> 09:06.180] part
[09:06.180 --> 09:06.440] of
[09:06.440 --> 09:06.560] the
[09:06.560 --> 09:07.020] justification
[09:07.020 --> 09:07.420] that
[09:07.420 --> 09:07.680] they've
[09:07.680 --> 09:08.080] explicitly
[09:08.080 --> 09:08.520] given
[09:08.520 --> 09:08.700] for
[09:08.700 --> 09:08.940] that
[09:08.940 --> 09:09.060] is
[09:09.060 --> 09:09.200] to
[09:09.200 --> 09:09.440] do
[09:09.440 --> 09:09.660] with
[09:09.660 --> 09:09.860] you
[09:09.860 --> 09:10.140] know
[09:10.140 --> 09:10.580] understandable
[09:10.580 --> 09:11.120] stuff
[09:11.120 --> 09:11.420] like
[09:11.420 --> 09:11.740] school
[09:11.740 --> 09:12.220] shooters
[09:12.220 --> 09:12.700] and
[09:12.700 --> 09:12.860] that
[09:12.860 --> 09:12.980] kind
[09:12.980 --> 09:13.120] of
[09:13.120 --> 09:13.300] thing
[09:13.300 --> 09:13.560] security
[09:13.560 --> 09:14.100] and
[09:14.100 --> 09:14.360] whatnot
[09:14.360 --> 09:15.140] [*]
[09:15.140 --> 09:15.480] but
[09:15.480 --> 09:15.680] i
[09:15.680 --> 09:15.900] think
[09:15.900 --> 09:16.000] a
[09:16.000 --> 09:16.280] lot
[09:16.280 --> 09:16.460] of
[09:16.460 --> 09:16.640] it
[09:16.640 --> 09:16.880] is
[09:16.880 --> 09:17.220] [*]
[09:17.220 --> 09:17.320] actually
[09:17.320 --> 09:17.900] related
[09:17.900 --> 09:18.040] [*]
[09:18.040 --> 09:18.260] to
[09:18.260 --> 09:18.380] a
[09:18.380 --> 09:18.620] [*]
[09:18.620 --> 09:18.720] broader
[09:18.720 --> 09:19.040] concern
[09:19.040 --> 09:19.620] that
[09:19.620 --> 09:20.140] they've
[09:20.140 --> 09:20.580] [*]
[09:20.580 --> 09:21.160] like
[09:21.160 --> 09:21.480] [*]
[09:21.480 --> 09:22.640] recurringly
[09:22.640 --> 09:22.680] [*]
[09:22.680 --> 09:23.000] um
[09:23.000 --> 09:24.220] [*]
[09:24.220 --> 09:24.500] come
[09:24.500 --> 09:24.880] back
[09:24.880 --> 09:25.100] to
[09:25.100 --> 09:25.300] to
[09:25.300 --> 09:25.520] do
[09:25.520 --> 09:25.780] with
[09:25.780 --> 09:26.180] like
[09:26.180 --> 09:27.600] [*]
[09:27.600 --> 09:27.780] attendance
[09:27.780 --> 09:28.180] [*]
[09:28.180 --> 09:28.560] and
[09:28.560 --> 09:28.760] i
[09:28.760 --> 09:29.040] think
[09:29.040 --> 09:29.220] that
[09:29.220 --> 09:29.600] their
[09:29.600 --> 09:30.140] [*]
[09:30.140 --> 09:30.240] focus
[09:30.240 --> 09:30.980] on
[09:30.980 --> 09:32.080] [*]
[09:32.080 --> 09:32.240] attendance
[09:32.240 --> 09:33.040] [*]
[09:33.040 --> 09:33.580] they
[09:33.580 --> 09:34.760] [*]
[09:34.760 --> 09:35.100] and
[09:35.100 --> 09:35.280] [*]
[09:35.280 --> 09:35.500] and
[09:35.500 --> 09:35.760] like
[09:35.760 --> 09:36.080] not
[09:36.080 --> 09:36.500] being
[09:36.500 --> 09:37.100] tardy
[09:37.100 --> 09:37.260] they
[09:37.260 --> 09:37.480] might
[09:37.480 --> 09:37.660] need
[09:37.660 --> 09:37.860] to
[09:37.860 --> 09:38.120] like
[09:38.120 --> 09:39.500] question
[09:39.500 --> 09:39.820] [*]
[09:39.820 --> 09:40.180] on
[09:40.180 --> 09:40.460] some
[09:40.460 --> 09:40.860] level
[09:40.860 --> 09:41.180] whether
[09:41.180 --> 09:41.760] that's
[09:41.760 --> 09:42.860] the
[09:42.860 --> 09:43.680] point
[09:43.680 --> 09:44.100] in
[09:44.100 --> 09:44.340] the
[09:44.340 --> 09:44.660] chain
[09:44.660 --> 09:44.980] that
[09:44.980 --> 09:45.140] they
[09:45.140 --> 09:45.360] need
[09:45.360 --> 09:45.540] to
[09:45.540 --> 09:45.740] be
[09:45.740 --> 09:46.160] focused
[09:46.160 --> 09:46.540] on
[09:46.540 --> 09:46.680] or
[09:46.680 --> 09:46.820] whether
[09:46.820 --> 09:47.060] they
[09:47.060 --> 09:47.260] need
[09:47.260 --> 09:47.420] to
[09:47.420 --> 09:47.540] look
[09:47.540 --> 09:47.660] at
[09:47.660 --> 09:47.920] things
[09:47.920 --> 09:48.160] more
[09:48.160 --> 09:48.580] upstream
[09:48.580 --> 09:48.800] [*]
[09:48.800 --> 09:49.120] of
[09:49.120 --> 09:49.340] that
[09:49.340 --> 09:49.540] that
[09:49.540 --> 09:49.720] are
[09:49.720 --> 09:50.040] causing
[09:50.040 --> 09:50.360] it
[09:50.360 --> 09:50.800] [*]
[09:50.800 --> 09:51.440] um
[09:51.440 --> 09:52.200] [*]
[09:52.200 --> 09:52.820] and
[09:52.820 --> 09:53.120] because
[09:53.120 --> 09:53.300] of
[09:53.300 --> 09:53.640] that
[09:53.640 --> 09:54.180] i've
[09:54.180 --> 09:54.700] been
[09:54.700 --> 09:55.360] [*]
[09:55.360 --> 09:55.580] like
[09:55.580 --> 09:55.700] i
[09:55.700 --> 09:55.940] i
[09:55.940 --> 09:56.220] used
[09:56.220 --> 09:56.520] to
[09:56.520 --> 09:56.900] like
[09:56.900 --> 09:57.120] be
[09:57.120 --> 09:57.400] [*]
[09:57.400 --> 09:57.540] very
[09:57.540 --> 09:58.260] concerned
[09:58.260 --> 09:58.540] like
[09:58.540 --> 09:58.620] i
[09:58.620 --> 09:58.760] would
[09:58.760 --> 09:58.940] feel
[09:58.940 --> 09:59.100] very
[09:59.100 --> 09:59.460] [*]
[09:59.460 --> 09:59.600] guilty
[09:59.600 --> 09:59.780] if
[09:59.780 --> 09:59.860] i
[09:59.860 --> 10:00.120] ever
[10:00.120 --> 10:00.520] didn't
[10:00.520 --> 10:00.760] follow
[10:00.760 --> 10:00.920] a
[10:00.920 --> 10:01.280] rule
[10:01.280 --> 10:01.960] [*]
[10:01.960 --> 10:02.180] um
[10:02.180 --> 10:03.040] or
[10:03.040 --> 10:03.360] something
[10:03.360 --> 10:03.640] like
[10:03.640 --> 10:03.860] that
[10:03.860 --> 10:04.200] but
[10:04.200 --> 10:04.600] [*]
[10:04.600 --> 10:04.880] i
[10:07.020 --> 10:07.020] am
[10:07.020 --> 10:07.440] more
[10:07.440 --> 10:07.860] willing
[10:07.860 --> 10:08.180] to
[10:08.180 --> 10:08.400] make
[10:08.400 --> 10:08.700] my
[10:08.700 --> 10:08.980] own
[10:08.980 --> 10:09.400] judgments
[10:09.400 --> 10:10.160] uh
[10:10.160 --> 10:10.520] on
[10:10.520 --> 10:10.780] that
[10:10.780 --> 10:11.000] kind
[10:11.000 --> 10:11.120] of
[10:11.120 --> 10:11.360] thing
[10:11.360 --> 10:11.580] [*]
[10:11.580 --> 10:11.740] now
[10:11.740 --> 10:12.200] [*]
[10:12.200 --> 10:13.060] um
[10:13.060 --> 10:13.720] [*]
[10:13.720 --> 10:14.140] and
[10:14.140 --> 10:14.760] i'm
[10:14.760 --> 10:14.940] more
[10:14.940 --> 10:15.220] willing
[10:15.220 --> 10:15.520] to
[10:15.520 --> 10:15.820] you
[10:15.820 --> 10:16.700] [*]
[10:16.700 --> 10:16.900] know
[10:16.900 --> 10:18.140] [*]
[10:18.140 --> 10:18.440] um
[10:18.440 --> 10:19.380] [*]
[10:19.380 --> 10:20.420] exercise
[10:20.420 --> 10:21.320] autonomy
[10:21.320 --> 10:21.720] i
[10:21.720 --> 10:22.040] guess
[10:28.620 --> 10:36.780] [*]
[10:36.780 --> 10:37.220] i
[10:37.220 --> 10:38.240] wouldn't
[10:38.240 --> 10:38.460] even
[10:38.460 --> 10:38.800] say
[10:38.800 --> 10:39.040] [*]
[10:39.040 --> 10:39.220] that
[10:39.220 --> 10:39.900] it's
[10:39.900 --> 10:40.040] not
[10:40.040 --> 10:40.200] that
[10:40.200 --> 10:40.300] i
[10:40.300 --> 10:40.640] wasn't
[10:40.640 --> 10:40.800] [*]
[10:40.800 --> 10:40.960] thinking
[10:40.960 --> 10:41.460] before
[10:41.460 --> 10:42.820] it's
[10:42.820 --> 10:43.000] more
[10:43.000 --> 10:43.280] that
[10:43.280 --> 10:43.680] i'm
[10:43.680 --> 10:43.920] like
[10:43.920 --> 10:45.080] [*]
[10:45.080 --> 10:45.880] more
[10:45.880 --> 10:46.340] [*]
[10:46.340 --> 10:47.020] willing
[10:47.020 --> 10:47.560] to
[10:47.560 --> 10:48.200] [*]
[10:48.200 --> 10:48.560] act
[10:48.560 --> 10:49.240] on
[10:49.240 --> 10:49.680] uh
[10:49.680 --> 10:50.640] [*]
[10:50.640 --> 10:50.860] my
[10:50.860 --> 10:51.320] own
[10:51.320 --> 10:51.660] instead
[10:51.660 --> 10:51.880] of
[10:51.880 --> 10:52.200] feeling
[10:52.200 --> 10:52.460] [*]
[10:52.460 --> 10:52.600] like
[10:52.600 --> 10:53.120] [*]
[10:53.120 --> 10:53.280] if
[10:53.280 --> 10:53.700] someone
[10:53.700 --> 10:54.640] gives
[10:54.640 --> 10:55.220] [*]
[10:55.220 --> 10:55.420] instructions
[10:55.780 --> 10:56.360] that
[10:56.360 --> 10:57.280] that
[10:57.280 --> 10:57.540] means
[10:57.540 --> 10:57.760] i
[10:57.760 --> 10:57.900] have
[10:57.900 --> 10:58.100] [*]
[10:58.100 --> 10:58.300] to
[10:58.300 --> 10:58.580] follow
[10:58.580 --> 10:58.900] them
[10:58.900 --> 10:59.360] they're
[10:59.360 --> 10:59.640] watching
[10:59.640 --> 11:00.060] or
[11:00.060 --> 11:00.340] not
[11:00.340 --> 11:00.740] [*]
[11:00.740 --> 11:00.880] you
[11:00.880 --> 11:01.140] know
[11:01.140 --> 11:02.640] [*]
[11:02.640 --> 11:02.920] i
[11:02.920 --> 11:03.460] [*]
[11:03.460 --> 11:03.740] am
[11:03.740 --> 11:04.680] less
[11:04.680 --> 11:05.660] [*]
[11:05.660 --> 11:05.780] concerned
[11:05.780 --> 11:06.520] [*]
[11:06.520 --> 11:06.660] with
[11:06.660 --> 11:06.960] [*]
[11:06.960 --> 11:07.300] the
[11:07.300 --> 11:07.940] [*]
[11:07.940 --> 11:08.300] power
[11:08.300 --> 11:08.620] that
[11:08.620 --> 11:08.840] they
[11:08.840 --> 11:09.160] hold
[11:09.160 --> 11:09.500] over
[11:09.500 --> 11:09.800] me
[11:09.800 --> 11:10.600] if
[11:10.600 --> 11:10.800] i
[11:10.800 --> 11:11.160] think
[11:11.160 --> 11:11.420] that
[11:11.420 --> 11:11.660] i
[11:11.660 --> 11:12.040] [*]
[11:12.040 --> 11:12.200] actually
[11:12.200 --> 11:12.480] have
[11:12.480 --> 11:12.640] a
[11:12.640 --> 11:12.840] way
[11:12.840 --> 11:13.140] around
[11:13.140 --> 11:13.500] it
[11:13.500 --> 11:14.100] [*]
[11:14.100 --> 11:14.380] because
[11:14.380 --> 11:14.700] i've
[11:14.700 --> 11:14.940] lost
[11:14.940 --> 11:15.260] some
[11:15.260 --> 11:15.540] level
[11:15.540 --> 11:15.720] of
[11:15.720 --> 11:16.180] respect
[11:16.180 --> 11:16.780] for
[11:16.780 --> 11:16.980] the
[11:16.980 --> 11:17.120] decisions
[11:17.120 --> 11:17.680] that
[11:17.680 --> 11:17.940] they're
[11:17.940 --> 11:18.220] making
[11:18.220 --> 11:19.060] [*]
[11:19.060 --> 11:19.240] as
[11:19.240 --> 11:19.500] it's
[11:19.500 --> 11:19.700] become
[11:19.700 --> 11:20.340] more
[11:20.340 --> 11:20.660] clear
[11:20.660 --> 11:20.880] to
[11:20.880 --> 11:21.000] me
[11:21.000 --> 11:21.120] that
[11:21.120 --> 11:21.300] they're
[11:21.300 --> 11:21.460] just
[11:21.460 --> 11:21.660] like
[11:21.660 --> 11:22.080] people
[11:22.080 --> 11:22.380] and
[11:22.380 --> 11:22.620] they
[11:22.620 --> 11:22.860] don't
[11:22.860 --> 11:23.140] necessarily
[11:23.140 --> 11:23.280] [*]
[11:23.280 --> 11:23.700] have
[11:23.700 --> 11:24.100] better
[11:24.100 --> 11:24.480] judgment
[11:24.480 --> 11:24.780] than
[11:24.780 --> 11:24.900] i
[11:24.900 --> 11:25.120] do
[11:25.120 --> 11:26.420] [*]
[11:26.420 --> 11:26.660] you
[11:26.660 --> 11:26.860] know
[11:41.760 --> 11:41.760] sure
[11:59.340 --> 11:59.760] um
[12:07.600 --> 12:09.920] [*]
[12:09.920 --> 12:10.180] um
[12:13.480 --> 12:14.260] [*]
[12:14.260 --> 12:15.440] um
[12:27.080 --> 12:27.080] um
[12:27.540 --> 12:27.940] um
[12:28.020 --> 12:28.240] [*]
[12:28.240 --> 12:28.600] um
[12:28.700 --> 12:29.200] um
[12:29.300 --> 12:29.420] um
[12:29.420 --> 12:29.520] um
[12:29.520 --> 12:29.540] um
[12:29.540 --> 12:29.580] um
[12:29.680 --> 12:30.200] [*]
[12:30.200 --> 12:30.780] Sure
[12:31.140 --> 12:31.580] I
[12:31.580 --> 12:31.720] [*]
[12:31.720 --> 12:31.980] guess
[12:35.860 --> 12:37.420] [*]
[12:37.420 --> 12:37.660] Seeing
[12:37.660 --> 12:37.900] [*]
[12:37.900 --> 12:38.220] things
[12:38.220 --> 12:38.740] differently
[12:38.740 --> 12:39.200] over
[12:39.200 --> 12:39.420] [*]
[12:39.420 --> 12:39.620] time
[12:57.200 --> 12:57.200] I
[12:57.200 --> 12:57.720] [*]
[12:57.720 --> 12:57.940] just
[12:57.940 --> 12:58.280] [*]
[12:58.280 --> 12:58.600] don't
[12:58.600 --> 12:58.660] know
[12:58.660 --> 12:58.780] how
[12:58.780 --> 12:58.960] to
[12:58.960 --> 12:59.180] answer
[12:59.180 --> 12:59.460] that
[13:07.780 --> 13:08.800] I'm
[13:08.800 --> 13:09.020] sure
[13:09.020 --> 13:09.180] I
[13:09.180 --> 13:09.440] could
[13:09.440 --> 13:09.880] provide
[13:09.880 --> 13:10.380] an
[13:10.380 --> 13:10.780] answer
[13:10.780 --> 13:11.000] to
[13:11.000 --> 13:11.360] that
[13:11.460 --> 13:12.000] but
[13:12.000 --> 13:12.200] I
[13:12.200 --> 13:12.500] feel
[13:12.500 --> 13:12.900] like
[13:12.900 --> 13:13.460] a
[13:13.460 --> 13:13.820] lot
[13:13.820 --> 13:14.200] of
[13:14.200 --> 13:14.880] the
[13:14.880 --> 13:15.400] answers
[13:15.400 --> 13:15.700] that
[13:15.700 --> 13:15.900] come
[13:15.900 --> 13:16.100] to
[13:16.100 --> 13:16.360] mind
[13:16.360 --> 13:16.620] are
[13:16.620 --> 13:16.840] very
[13:16.840 --> 13:17.200] personal
[13:17.200 --> 13:17.500] things
[13:17.500 --> 13:17.660] that
[13:17.660 --> 13:17.780] I
[13:17.780 --> 13:18.000] don't
[13:18.000 --> 13:18.340] necessarily
[13:18.340 --> 13:18.680] want
[13:18.680 --> 13:18.920] to
[13:18.920 --> 13:19.100] talk
[13:19.100 --> 13:19.420] about
[13:19.560 --> 13:20.060] honestly
[13:39.380 --> 13:44.840] [*]
[13:44.840 --> 13:46.100] Expectations
[13:46.100 --> 13:46.320] for
[13:46.320 --> 13:46.440] the
[13:46.440 --> 13:46.960] future
[13:48.080 --> 13:48.680] [*]
[13:48.680 --> 13:48.840] Okay
[13:49.680 --> 13:50.100] [*]
[13:50.100 --> 13:50.480] Well
[13:50.940 --> 13:51.680] [*]
[13:51.680 --> 13:52.320] I
[13:52.320 --> 13:52.700] think
[13:52.700 --> 13:53.120] [*]
[13:53.120 --> 13:53.260] that
[13:58.380 --> 13:58.740] there's
[13:58.740 --> 13:59.180] always
[14:01.780 --> 14:01.780] a
[14:01.780 --> 14:02.120] certain
[14:02.120 --> 14:02.440] level
[14:02.440 --> 14:02.680] [*]
[14:02.680 --> 14:02.900] of
[14:02.900 --> 14:03.920] potential
[14:03.920 --> 14:04.480] for
[14:04.480 --> 14:04.740] [*]
[14:04.740 --> 14:04.860] change
[14:04.860 --> 14:05.300] in
[14:05.300 --> 14:05.480] the
[14:05.480 --> 14:05.780] future
[14:06.720 --> 14:07.360] [*]
[14:07.360 --> 14:07.640] But
[14:07.640 --> 14:07.860] I
[14:07.860 --> 14:08.060] [*]
[14:08.060 --> 14:08.200] think
[14:08.200 --> 14:08.620] that
[14:08.620 --> 14:08.940] [*]
[14:08.940 --> 14:09.240] in
[14:09.240 --> 14:09.360] the
[14:09.360 --> 14:09.660] time
[14:09.660 --> 14:09.980] we're
[14:09.980 --> 14:10.060] in
[14:10.140 --> 14:10.280] there's
[14:10.280 --> 14:10.280] always
[14:10.280 --> 14:10.280] a
[14:10.280 --> 14:10.280] certain
[14:10.280 --> 14:10.280] level
[14:10.280 --> 14:10.280] of
[14:10.280 --> 14:10.440] potential
[14:10.440 --> 14:10.620] in
[14:10.620 --> 14:10.620] the
[14:10.620 --> 14:10.620] time
[14:10.620 --> 14:10.620] we're
[14:10.620 --> 14:10.620] in
[14:10.620 --> 14:10.660] specifically
[14:10.660 --> 14:11.140] because
[14:11.140 --> 14:11.740] of
[14:11.740 --> 14:12.520] [*]
[14:12.520 --> 14:13.240] certain
[14:13.240 --> 14:14.340] [*]
[14:14.340 --> 14:15.460] culminating
[14:15.460 --> 14:15.980] factors
[14:16.140 --> 14:16.420] We're
[14:16.420 --> 14:16.620] [*]
[14:16.620 --> 14:16.740] approaching
[14:16.740 --> 14:17.460] significant
[14:17.660 --> 14:18.020] [*]
[14:18.020 --> 14:18.860] social
[14:18.860 --> 14:19.260] [*]
[14:19.260 --> 14:19.760] change
[14:19.760 --> 14:21.000] [*]
[14:21.000 --> 14:21.280] that
[14:21.280 --> 14:21.560] I
[14:21.560 --> 14:21.820] think
[14:21.820 --> 14:22.040] will
[14:22.040 --> 14:23.820] [*]
[14:23.820 --> 14:24.080] affect
[14:24.080 --> 14:24.240] [*]
[14:24.240 --> 14:24.740] a
[14:24.740 --> 14:25.140] lot
[14:25.140 --> 14:25.320] of
[14:25.320 --> 14:25.440] how
[14:25.440 --> 14:25.760] people
[14:25.760 --> 14:25.940] live
[14:25.940 --> 14:26.360] [*]
[14:26.360 --> 14:26.760] their
[14:26.760 --> 14:27.420] lives
[14:27.420 --> 14:27.820] and
[14:27.820 --> 14:27.980] a
[14:27.980 --> 14:28.140] lot
[14:28.140 --> 14:28.260] of
[14:28.260 --> 14:28.480] how
[14:28.480 --> 14:28.960] [*]
[14:28.960 --> 14:29.200] major
[14:29.200 --> 14:29.620] parts
[14:29.620 --> 14:29.840] of
[14:29.840 --> 14:30.380] society
[14:30.380 --> 14:30.880] are
[14:30.880 --> 14:31.080] [*]
[14:31.080 --> 14:31.300] structured
[14:31.300 --> 14:32.360] [*]
[14:32.360 --> 14:32.520] in
[14:35.060 --> 14:35.060] largely
[14:35.060 --> 14:35.380] [*]
[14:35.380 --> 14:35.800] unpredictable
[14:38.080 --> 14:38.080] ways
[14:38.380 --> 14:38.540] but
[14:38.540 --> 14:38.740] ways
[14:38.740 --> 14:38.920] that
[14:38.920 --> 14:39.080] I
[14:39.080 --> 14:39.520] personally
[14:39.520 --> 14:40.060] don't
[14:40.060 --> 14:40.060] I'm
[14:40.060 --> 14:40.140] not
[14:40.140 --> 14:40.240] sure
[14:40.240 --> 14:40.380] how
[14:40.380 --> 14:40.560] to
[14:40.560 --> 14:40.820] predict
[14:42.020 --> 14:42.960] And
[14:42.960 --> 14:43.300] I
[14:43.300 --> 14:43.580] think
[14:43.580 --> 14:43.780] that
[14:43.780 --> 14:44.320] there's
[14:44.320 --> 14:45.080] [*]
[14:45.080 --> 14:45.320] not
[14:45.320 --> 14:46.140] a
[14:46.140 --> 14:46.620] [*]
[14:46.620 --> 14:46.760] lot
[14:46.760 --> 14:47.080] [*]
[14:47.080 --> 14:47.300] of
[14:49.540 --> 14:49.540] stuff
[14:49.540 --> 14:49.900] that
[14:49.900 --> 14:50.120] I
[14:50.120 --> 14:50.480] expect
[14:50.480 --> 14:50.740] to
[14:50.740 --> 14:51.100] be
[14:51.100 --> 14:51.460] [*]
[14:51.460 --> 14:51.820] very
[14:51.820 --> 14:52.620] stable
[14:53.280 --> 14:53.580] [*]
[14:53.580 --> 14:53.760] I
[14:53.760 --> 14:54.320] am
[14:54.320 --> 14:54.640] [*]
[14:54.640 --> 14:54.860] very
[14:54.860 --> 14:55.440] [*]
[14:55.440 --> 14:56.280] doubtful
[14:56.280 --> 14:56.620] of
[14:56.620 --> 14:56.880] the
[14:56.880 --> 14:57.360] extent
[14:57.360 --> 14:57.540] to
[14:57.540 --> 14:57.680] [*]
[14:57.680 --> 14:57.960] which
[15:00.340 --> 15:00.340] the
[15:00.340 --> 15:00.780] things
[15:00.780 --> 15:01.080] [*]
[15:01.080 --> 15:01.500] that
[15:01.500 --> 15:02.600] I'm
[15:02.600 --> 15:02.860] [*]
[15:02.860 --> 15:02.960] taught
[15:02.960 --> 15:03.380] now
[15:03.380 --> 15:03.700] about
[15:03.700 --> 15:03.920] how
[15:03.920 --> 15:04.080] it
[15:04.080 --> 15:04.440] works
[15:04.440 --> 15:05.060] [*]
[15:05.060 --> 15:05.380] are
[15:05.380 --> 15:05.620] still
[15:05.620 --> 15:06.140] going
[15:06.140 --> 15:06.600] to
[15:06.600 --> 15:07.080] be
[15:07.080 --> 15:07.440] applicable
[15:07.440 --> 15:07.840] or
[15:07.840 --> 15:07.880] [*]
[15:07.880 --> 15:08.220] how
[15:08.220 --> 15:08.320] much
[15:08.320 --> 15:08.860] it's
[15:08.860 --> 15:09.120] [*]
[15:09.120 --> 15:10.020] going
[15:10.020 --> 15:10.020] to
[15:10.020 --> 15:10.180] be
[15:10.180 --> 15:10.220] applicable
[15:10.220 --> 15:10.440] How
[15:10.440 --> 15:10.460] much
[15:10.460 --> 15:10.480] they'll
[15:10.480 --> 15:10.480] actually
[15:10.480 --> 15:10.700] be
[15:10.700 --> 15:11.020] able
[15:11.020 --> 15:11.160] to
[15:11.160 --> 15:11.500] help
[15:11.500 --> 15:11.700] me
[15:11.700 --> 15:12.840] [*]
[15:12.840 --> 15:13.140] in
[15:13.140 --> 15:13.440] the
[15:13.440 --> 15:13.880] future
[15:14.080 --> 15:14.900] because
[15:14.900 --> 15:15.380] [*]
[15:15.380 --> 15:15.500] I
[15:15.500 --> 15:15.900] think
[15:15.900 --> 15:16.140] [*]
[15:16.140 --> 15:16.320] that
[15:17.160 --> 15:17.720] a
[15:17.720 --> 15:17.980] lot
[15:17.980 --> 15:18.140] of
[15:18.140 --> 15:18.320] that
[15:18.320 --> 15:18.640] stuff
[15:18.640 --> 15:19.120] is
[15:19.120 --> 15:19.480] based
[15:19.480 --> 15:19.720] off
[15:19.720 --> 15:20.020] of
[15:20.020 --> 15:20.860] unquestioned
[15:20.860 --> 15:21.120] assumptions
[15:21.120 --> 15:21.560] that
[15:21.560 --> 15:21.760] people
[15:21.760 --> 15:21.980] are
[15:21.980 --> 15:22.260] starting
[15:22.260 --> 15:22.400] to
[15:22.400 --> 15:22.740] question
[15:30.160 --> 15:30.780] Well
[15:30.880 --> 15:30.980] it
[15:30.980 --> 15:31.200] goes
[15:31.200 --> 15:31.440] back
[15:31.440 --> 15:31.600] to
[15:31.600 --> 15:31.840] that
[15:31.840 --> 15:32.160] [*]
[15:32.160 --> 15:32.420] same
[15:32.420 --> 15:32.820] thing
[15:32.860 --> 15:33.060] if
[15:33.060 --> 15:33.100] I
[15:33.100 --> 15:33.440] can
[15:33.440 --> 15:33.760] but
[15:33.760 --> 15:33.900] I
[15:33.900 --> 15:34.140] don't
[15:34.140 --> 15:34.220] know
[15:34.220 --> 15:34.360] if
[15:34.360 --> 15:34.540] I
[15:34.540 --> 15:34.920] want
[15:34.920 --> 15:35.380] to
[15:37.920 --> 15:38.500] I
[15:38.500 --> 15:38.640] can
[15:38.640 --> 15:38.900] think
[15:39.080 --> 15:39.400] though
[15:48.260 --> 15:48.260] For
[15:48.260 --> 15:49.520] [*]
[15:49.520 --> 15:49.680] example
[15:50.060 --> 15:50.920] a
[15:50.920 --> 15:51.320] lot
[15:51.320 --> 15:51.740] of
[15:51.740 --> 15:52.060] [*]
[15:52.060 --> 15:52.340] ideas
[15:52.340 --> 15:53.960] [*]
[15:53.960 --> 15:55.160] about
[15:55.160 --> 15:56.360] [*]
[15:56.360 --> 15:56.780] how
[15:56.780 --> 15:58.800] [*]
[15:58.800 --> 15:58.940] food
[15:58.940 --> 15:59.360] is
[15:59.360 --> 15:59.640] produced
[15:59.800 --> 16:00.000] I
[16:00.000 --> 16:00.200] guess
[16:00.200 --> 16:00.600] That's
[16:00.600 --> 16:00.740] an
[16:00.740 --> 16:00.880] [*]
[16:00.880 --> 16:01.080] example
[16:01.080 --> 16:01.420] I
[16:01.420 --> 16:01.640] feel
[16:01.640 --> 16:01.720] I
[16:01.720 --> 16:01.920] can
[16:01.920 --> 16:02.240] comfortably
[16:02.240 --> 16:02.780] talk
[16:02.780 --> 16:03.140] about
[16:03.140 --> 16:03.700] [*]
[16:03.700 --> 16:04.540] There's
[16:04.540 --> 16:05.120] this
[16:05.120 --> 16:05.680] [*]
[16:05.680 --> 16:06.580] idea
[16:06.580 --> 16:07.040] that
[16:07.040 --> 16:07.360] [*]
[16:07.360 --> 16:07.740] we
[16:07.740 --> 16:08.220] [*]
[16:08.220 --> 16:08.340] have
[16:08.340 --> 16:09.060] to
[16:09.240 --> 16:09.700] like
[16:10.100 --> 16:10.100] have
[16:10.100 --> 16:10.560] this
[16:10.560 --> 16:11.720] [*]
[16:11.720 --> 16:11.860] way
[16:11.860 --> 16:12.140] that
[16:12.140 --> 16:12.360] it
[16:12.360 --> 16:12.700] currently
[16:12.700 --> 16:13.140] works
[16:13.140 --> 16:13.400] where
[16:13.400 --> 16:13.700] you
[16:13.780 --> 16:14.500] like
[16:14.600 --> 16:14.780] pick
[16:14.780 --> 16:15.060] one
[16:15.060 --> 16:15.340] [*]
[16:15.340 --> 16:15.540] crop
[16:15.540 --> 16:15.840] you
[16:15.840 --> 16:16.340] [*]
[16:16.340 --> 16:16.660] sow
[16:16.660 --> 16:17.260] out
[16:17.260 --> 16:17.800] [*]
[16:17.800 --> 16:18.220] hundreds
[16:18.220 --> 16:18.400] of
[16:18.400 --> 16:18.800] acres
[16:18.800 --> 16:19.120] with
[16:19.120 --> 16:19.480] that
[16:20.560 --> 16:21.080] you
[16:21.080 --> 16:21.280] bring
[16:21.280 --> 16:21.500] a
[16:21.500 --> 16:21.720] big
[16:21.720 --> 16:22.080] machine
[16:22.080 --> 16:22.480] through
[16:22.480 --> 16:22.860] there
[16:23.840 --> 16:24.340] Or
[16:24.340 --> 16:24.780] if
[16:24.780 --> 16:25.080] you're
[16:25.080 --> 16:25.200] out
[16:25.200 --> 16:25.340] in
[16:25.340 --> 16:25.800] California
[16:25.800 --> 16:26.220] and
[16:26.220 --> 16:26.420] you're
[16:26.420 --> 16:26.640] growing
[16:26.640 --> 16:26.960] fruits
[16:26.960 --> 16:27.120] and
[16:27.120 --> 16:27.460] stuff
[16:27.660 --> 16:28.200] have
[16:28.340 --> 16:28.660] like
[16:28.720 --> 16:29.580] [*]
[16:29.580 --> 16:30.580] underpaid
[16:30.580 --> 16:31.320] laborers
[16:31.320 --> 16:31.540] come
[16:31.540 --> 16:31.840] through
[16:31.840 --> 16:32.040] and
[16:32.040 --> 16:32.360] pick
[16:32.360 --> 16:32.520] it
[16:32.520 --> 16:32.620] and
[16:32.620 --> 16:32.820] things
[16:32.820 --> 16:33.100] like
[16:33.100 --> 16:33.340] that
[16:33.880 --> 16:34.360] Then
[16:34.360 --> 16:34.560] you
[16:34.560 --> 16:34.920] till
[16:34.920 --> 16:35.060] the
[16:35.060 --> 16:35.380] earth
[16:35.380 --> 16:35.880] and
[16:35.880 --> 16:36.220] a
[16:36.220 --> 16:37.140] [*]
[16:37.140 --> 16:37.400] lot
[16:37.400 --> 16:37.660] of
[16:37.660 --> 16:37.800] it
[16:37.800 --> 16:38.120] runs
[16:38.120 --> 16:38.380] [*]
[16:38.380 --> 16:38.520] off
[16:38.520 --> 16:38.760] into
[16:38.760 --> 16:39.060] rivers
[16:39.060 --> 16:39.440] and
[16:39.440 --> 16:39.640] that
[16:39.640 --> 16:39.780] kind
[16:39.780 --> 16:39.940] of
[16:39.940 --> 16:40.080] thing
[16:40.080 --> 16:40.200] You
[16:40.200 --> 16:40.340] use
[16:40.340 --> 16:40.500] a
[16:40.500 --> 16:40.680] bunch
[16:40.680 --> 16:40.860] of
[16:40.860 --> 16:41.460] fertilizers
[16:41.460 --> 16:41.700] to
[16:41.700 --> 16:41.820] make
[16:41.820 --> 16:42.040] up
[16:42.040 --> 16:42.100] for
[16:42.100 --> 16:42.320] that
[16:42.320 --> 16:42.460] and
[16:42.460 --> 16:42.860] so
[16:42.860 --> 16:43.200] on
[16:43.200 --> 16:43.300] and
[16:43.300 --> 16:43.520] so
[16:43.520 --> 16:43.900] on
[16:44.080 --> 16:44.660] And
[16:44.660 --> 16:44.920] it's
[16:44.920 --> 16:45.080] just
[16:45.080 --> 16:45.520] deeply
[16:45.520 --> 16:46.160] [*]
[16:46.160 --> 16:47.460] unsustainable
[16:47.800 --> 16:48.040] [*]
[16:48.040 --> 16:48.400] And
[16:48.400 --> 16:48.520] I
[16:48.520 --> 16:48.840] think
[16:48.840 --> 16:49.220] that
[16:49.220 --> 16:49.480] [*]
[16:49.480 --> 16:49.920] as
[16:49.920 --> 16:50.600] people
[16:50.600 --> 16:51.000] become
[16:51.000 --> 16:51.440] more
[16:51.440 --> 16:51.860] aware
[16:51.860 --> 16:52.200] of
[16:52.200 --> 16:52.480] that
[16:52.480 --> 16:52.800] and
[16:52.800 --> 16:53.080] as
[16:53.080 --> 16:53.520] we
[16:53.520 --> 16:53.860] get
[16:53.860 --> 16:54.320] closer
[16:54.320 --> 16:54.520] to
[16:54.520 --> 16:54.660] the
[16:54.660 --> 16:54.920] point
[16:54.920 --> 16:55.240] [*]
[16:55.240 --> 16:55.420] where
[16:55.420 --> 16:55.720] that
[16:55.720 --> 16:57.000] unsustainability
[16:57.000 --> 16:57.440] actually
[16:57.440 --> 16:57.860] has
[16:57.860 --> 16:58.100] its
[16:58.100 --> 16:58.520] impact
[16:58.520 --> 16:59.180] [*]
[16:59.180 --> 16:59.620] in
[16:59.620 --> 17:00.580] [*]
[17:00.580 --> 17:00.700] how
[17:00.700 --> 17:01.540] [*]
[17:01.540 --> 17:01.860] much
[17:01.860 --> 17:02.200] we
[17:02.200 --> 17:02.580] can
[17:02.580 --> 17:02.920] [*]
[17:02.920 --> 17:03.280] actually
[17:03.280 --> 17:03.600] produce
[17:03.600 --> 17:04.100] with
[17:04.100 --> 17:04.320] that
[17:04.320 --> 17:04.720] method
[17:04.960 --> 17:06.480] [*]
[17:06.480 --> 17:06.640] there
[17:06.640 --> 17:07.060] [*]
[17:07.060 --> 17:07.300] will
[17:07.300 --> 17:07.580] be
[17:07.580 --> 17:08.040] [*]
[17:08.040 --> 17:08.180] more
[17:08.180 --> 17:08.560] [*]
[17:08.560 --> 17:08.740] impulse
[17:08.740 --> 17:09.140] towards
[17:09.140 --> 17:09.820] [*]
[17:09.820 --> 17:10.300] changing
[17:10.300 --> 17:12.340] [*]
[17:12.340 --> 17:12.520] what
[17:12.520 --> 17:13.060] our
[17:13.060 --> 17:13.580] expectations
[17:13.580 --> 17:13.780] [*]
[17:13.780 --> 17:14.100] about
[17:14.100 --> 17:14.320] how
[17:14.320 --> 17:14.420] that
[17:14.420 --> 17:14.600] is
[17:14.600 --> 17:14.960] structured
[17:14.960 --> 17:15.420] are
[17:15.420 --> 17:15.760] Like
[17:15.920 --> 17:16.060] I
[17:16.060 --> 17:16.300] think
[17:16.300 --> 17:16.600] that
[17:16.600 --> 17:17.260] [*]
[17:17.260 --> 17:17.780] just
[17:17.780 --> 17:18.020] in
[17:18.020 --> 17:18.400] general
[17:18.400 --> 17:18.540] those
[17:18.540 --> 17:18.820] kinds
[17:18.820 --> 17:19.040] of
[17:19.040 --> 17:19.400] things
[17:19.400 --> 17:19.580] tend
[17:19.580 --> 17:19.820] to
[17:19.820 --> 17:20.000] move
[17:20.000 --> 17:20.360] slowly
[17:20.360 --> 17:20.560] But
[17:20.560 --> 17:20.720] for
[17:20.720 --> 17:20.840] a
[17:20.840 --> 17:21.020] [*]
[17:21.020 --> 17:21.140] long
[17:21.140 --> 17:21.480] time
[17:21.480 --> 17:21.740] [*]
[17:21.740 --> 17:21.880] now
[17:22.040 --> 17:22.420] there's
[17:22.420 --> 17:22.600] been
[17:22.600 --> 17:22.740] an
[17:22.740 --> 17:22.960] [*]
[17:22.960 --> 17:23.120] awareness
[17:23.120 --> 17:23.420] that
[17:23.420 --> 17:24.380] [*]
[17:24.380 --> 17:24.640] that
[17:24.640 --> 17:25.340] [*]
[17:25.340 --> 17:25.440] method
[17:25.440 --> 17:26.060] [*]
[17:26.060 --> 17:26.340] on
[17:26.340 --> 17:26.800] the
[17:26.800 --> 17:27.140] scale
[17:27.140 --> 17:27.300] that
[17:27.300 --> 17:27.420] it
[17:27.420 --> 17:27.780] [*]
[17:27.780 --> 17:27.960] currently
[17:27.960 --> 17:28.420] happens
[17:28.420 --> 17:29.200] can't
[17:29.200 --> 17:30.120] [*]
[17:30.120 --> 17:30.720] go
[17:30.720 --> 17:31.060] on
[17:31.060 --> 17:31.400] forever
[17:31.400 --> 17:31.780] because
[17:31.780 --> 17:32.140] it
[17:32.220 --> 17:32.920] like
[17:33.000 --> 17:34.100] [*]
[17:34.100 --> 17:34.320] does
[17:34.320 --> 17:34.840] damage
[17:34.840 --> 17:35.360] to
[17:35.360 --> 17:35.460] the
[17:35.460 --> 17:35.780] soil
[17:35.780 --> 17:35.940] It
[17:35.940 --> 17:36.220] causes
[17:36.220 --> 17:36.480] the
[17:36.480 --> 17:36.820] loss
[17:36.820 --> 17:37.220] of
[17:37.220 --> 17:37.880] topsoil
[17:37.880 --> 17:38.000] at
[17:38.000 --> 17:38.180] a
[17:38.180 --> 17:38.540] [*]
[17:38.540 --> 17:38.700] greater
[17:38.700 --> 17:38.980] rate
[17:38.980 --> 17:39.140] than
[17:39.140 --> 17:39.260] it
[17:39.260 --> 17:39.560] can
[17:39.560 --> 17:40.160] accumulate
[17:40.160 --> 17:40.300] [*]
[17:40.300 --> 17:40.620] under
[17:40.620 --> 17:40.840] that
[17:40.840 --> 17:41.180] system
[17:42.960 --> 17:43.500] And
[17:43.500 --> 17:43.620] I
[17:43.620 --> 17:43.760] [*]
[17:43.760 --> 17:43.880] think
[17:43.880 --> 17:44.080] that
[17:44.080 --> 17:44.320] people
[17:44.320 --> 17:44.700] will
[17:44.700 --> 17:45.020] [*]
[17:45.020 --> 17:45.340] be
[17:45.340 --> 17:45.960] [*]
[17:45.960 --> 17:46.220] kind
[17:46.220 --> 17:46.480] of
[17:46.480 --> 17:46.860] forced
[17:46.860 --> 17:47.220] to
[17:47.260 --> 17:47.440] I
[17:47.440 --> 17:47.680] guess
[17:47.680 --> 17:47.940] consider
[17:47.940 --> 17:48.920] [*]
[17:48.920 --> 17:49.260] other
[17:49.260 --> 17:50.780] [*]
[17:50.780 --> 17:51.020] alternative
[17:51.020 --> 17:51.800] ways
[17:51.800 --> 17:52.120] to
[17:52.120 --> 17:52.460] approach
[17:52.460 --> 17:52.720] that
[17:52.720 --> 17:52.900] kind
[17:52.900 --> 17:53.060] of
[17:53.060 --> 17:53.320] thing
[17:53.720 --> 17:54.360] just
[17:54.360 --> 17:54.640] [*]
[17:54.640 --> 17:54.780] because
[17:54.780 --> 17:55.740] [*]
[17:55.740 --> 17:56.080] if
[17:56.080 --> 17:57.020] they
[17:57.020 --> 17:57.440] don't
[17:57.440 --> 17:58.840] they'll
[17:58.840 --> 17:59.120] be
[17:59.120 --> 17:59.440] [*]
[17:59.440 --> 17:59.920] screwed
[18:00.040 --> 18:00.380] you
[18:00.380 --> 18:00.620] know
[18:04.400 --> 18:04.980] Got
[18:04.980 --> 18:05.220] more
[18:05.220 --> 18:05.540] things
[18:05.540 --> 18:05.720] I
[18:05.720 --> 18:05.920] could
[18:05.920 --> 18:06.180] say
[18:06.240 --> 18:06.380] but
[18:06.380 --> 18:06.460] I
[18:06.460 --> 18:06.700] don't
[18:06.700 --> 18:06.760] know
[18:06.760 --> 18:06.940] how
[18:06.940 --> 18:07.260] relevant
[18:07.260 --> 18:07.560] they
[18:07.560 --> 18:07.800] are
[18:08.560 --> 18:09.040] I
[18:09.040 --> 18:09.240] think
[18:09.240 --> 18:09.420] you
[18:09.420 --> 18:09.560] get
[18:09.560 --> 18:09.700] the
[18:09.700 --> 18:09.980] point
[18:27.520 --> 18:27.960] [*]
[18:27.960 --> 18:28.360] Sort
[18:28.360 --> 18:28.800] of
[18:28.800 --> 18:29.640] Uncertainty
[18:29.640 --> 18:29.800] might
[18:29.800 --> 18:30.020] not
[18:30.020 --> 18:30.380] even
[18:30.380 --> 18:30.620] be
[18:30.620 --> 18:30.780] the
[18:30.780 --> 18:31.040] right
[18:31.040 --> 18:31.220] [*]
[18:31.220 --> 18:31.400] word
[18:31.400 --> 18:31.620] because
[18:31.620 --> 18:31.880] it's
[18:31.880 --> 18:32.040] like
[18:32.040 --> 18:32.340] kind
[18:32.340 --> 18:32.560] of
[18:32.560 --> 18:32.700] the
[18:32.700 --> 18:33.200] uncertainty
[18:33.200 --> 18:33.660] comes
[18:33.660 --> 18:34.080] from
[18:34.080 --> 18:34.420] this
[18:34.420 --> 18:34.860] knowledge
[18:34.860 --> 18:35.080] that
[18:35.080 --> 18:35.260] things
[18:35.260 --> 18:35.420] are
[18:35.420 --> 18:35.660] going
[18:35.660 --> 18:35.840] to
[18:35.840 --> 18:36.080] have
[18:36.080 --> 18:36.280] to
[18:36.280 --> 18:36.580] change
[18:36.580 --> 18:37.120] [*]
[18:37.120 --> 18:37.720] and
[18:37.940 --> 18:38.480] like
[18:38.480 --> 18:38.660] it
[18:38.660 --> 18:38.920] being
[18:38.920 --> 18:39.280] uncertain
[18:39.280 --> 18:39.740] [*]
[18:39.740 --> 18:39.980] what
[18:39.980 --> 18:40.220] the
[18:40.220 --> 18:40.540] future
[18:40.540 --> 18:40.960] will
[18:40.960 --> 18:41.260] end
[18:41.260 --> 18:41.520] up
[18:41.520 --> 18:41.860] looking
[18:41.860 --> 18:42.140] [*]
[18:42.140 --> 18:42.320] like
[18:42.320 --> 18:42.880] [*]
[18:42.880 --> 18:43.440] um
[18:43.440 --> 18:44.140] [*]
[18:44.140 --> 18:44.760] with
[18:44.760 --> 18:45.220] like
[18:45.220 --> 18:45.760] there's
[18:45.760 --> 18:46.440] [*]
[18:46.440 --> 18:46.780] for
[18:46.780 --> 18:46.900] a
[18:46.900 --> 18:47.180] long
[18:47.180 --> 18:47.400] time
[18:47.400 --> 18:47.540] like
[18:47.540 --> 18:47.660] i
[18:47.660 --> 18:47.840] guess
[18:47.840 --> 18:48.100] climate
[18:48.100 --> 18:48.460] change
[18:48.460 --> 18:48.660] is
[18:48.660 --> 18:48.900] another
[18:48.900 --> 18:49.420] example
[18:49.420 --> 18:50.180] [*]
[18:50.180 --> 18:50.520] the
[18:50.520 --> 18:50.900] evidence
[18:50.900 --> 18:51.160] has
[18:51.160 --> 18:51.360] [*]
[18:51.360 --> 18:51.500] not
[18:51.500 --> 18:51.740] been
[18:51.740 --> 18:51.860] up
[18:51.860 --> 18:52.000] in
[18:52.000 --> 18:52.160] the
[18:52.160 --> 18:52.440] area
[18:52.440 --> 18:52.560] it
[18:52.560 --> 18:52.920] hasn't
[18:52.920 --> 18:53.440] genuinely
[18:53.440 --> 18:53.780] been
[18:53.780 --> 18:54.020] a
[18:54.020 --> 18:54.280] debate
[18:54.280 --> 18:54.420] in
[18:54.420 --> 18:54.600] the
[18:54.600 --> 18:54.900] scientific
[18:54.900 --> 18:55.380] community
[18:55.380 --> 18:55.820] whether
[18:55.820 --> 18:55.920] it
[18:55.920 --> 18:56.140] was
[18:56.140 --> 18:56.540] happening
[18:56.540 --> 18:57.020] [*]
[18:57.020 --> 18:57.520] or
[18:57.520 --> 18:58.480] [*]
[18:58.480 --> 18:58.660] whether
[18:58.660 --> 18:59.160] the
[18:59.160 --> 18:59.540] effects
[18:59.540 --> 18:59.820] of
[18:59.820 --> 19:00.120] it
[19:00.120 --> 19:00.480] would
[19:00.480 --> 19:01.560] [*]
[19:01.560 --> 19:01.800] be
[19:01.800 --> 19:02.400] [*]
[19:02.400 --> 19:02.540] impactful
[19:02.540 --> 19:03.020] to
[19:03.020 --> 19:03.140] a
[19:03.140 --> 19:03.320] lot
[19:03.320 --> 19:03.460] of
[19:03.460 --> 19:03.720] people
[19:03.720 --> 19:04.400] [*]
[19:04.400 --> 19:04.720] um
[19:04.720 --> 19:05.320] [*]
[19:05.320 --> 19:05.720] but
[19:05.720 --> 19:06.480] [*]
[19:06.480 --> 19:06.700] there
[19:06.700 --> 19:06.940] have
[19:06.940 --> 19:07.160] been
[19:07.160 --> 19:07.560] certain
[19:07.560 --> 19:08.200] groups
[19:08.200 --> 19:08.560] that
[19:08.560 --> 19:08.680] have
[19:08.680 --> 19:09.140] invested
[19:09.140 --> 19:09.820] interest
[19:09.820 --> 19:10.320] in
[19:10.320 --> 19:10.660] making
[19:10.660 --> 19:10.840] it
[19:10.840 --> 19:11.280] seem
[19:11.280 --> 19:11.640] like
[19:11.640 --> 19:11.940] it's
[19:11.940 --> 19:12.040] not
[19:12.040 --> 19:12.160] a
[19:12.160 --> 19:12.420] big
[19:12.420 --> 19:13.320] [*]
[19:13.320 --> 19:13.480] thing
[19:13.480 --> 19:13.900] [*]
[19:13.900 --> 19:14.060] that
[19:14.060 --> 19:14.320] has
[19:14.320 --> 19:14.620] to
[19:14.620 --> 19:14.820] be
[19:14.820 --> 19:15.140] addressed
[19:15.140 --> 19:15.220] [*]
[19:15.220 --> 19:15.720] that
[19:15.720 --> 19:16.080] have
[19:16.080 --> 19:16.760] [*]
[19:16.760 --> 19:16.920] you
[19:16.920 --> 19:17.400] know
[19:17.400 --> 19:17.740] been
[19:17.740 --> 19:18.160] [*]
[19:18.160 --> 19:18.360] pursuing
[19:18.360 --> 19:18.920] their
[19:18.920 --> 19:19.260] [*]
[19:19.260 --> 19:19.400] own
[19:19.400 --> 19:20.000] interests
[19:20.000 --> 19:21.360] um
[19:21.360 --> 19:22.380] [*]
[19:22.380 --> 19:22.800] and
[19:22.800 --> 19:23.700] understandably
[19:23.700 --> 19:24.060] so
[19:24.060 --> 19:24.820] [*]
[19:24.820 --> 19:25.340] but
[19:25.340 --> 19:25.600] as
[19:25.600 --> 19:25.780] it
[19:25.780 --> 19:26.060] becomes
[19:26.060 --> 19:26.360] [*]
[19:26.360 --> 19:26.660] increasingly
[19:26.660 --> 19:26.920] clear
[19:26.920 --> 19:27.540] that
[19:27.540 --> 19:28.260] [*]
[19:28.260 --> 19:28.640] we
[19:28.640 --> 19:29.800] legitimately
[19:29.800 --> 19:30.420] can
[19:30.420 --> 19:30.580] [*]
[19:30.580 --> 19:31.020] not
[19:31.020 --> 19:31.900] [*]
[19:31.900 --> 19:32.060] continue
[19:32.060 --> 19:32.540] the
[19:32.540 --> 19:32.880] current
[19:32.880 --> 19:33.120] [*]
[19:33.120 --> 19:33.300] way
[19:33.300 --> 19:33.880] [*]
[19:33.880 --> 19:34.260] uh
[19:34.260 --> 19:35.100] people
[19:35.100 --> 19:35.320] [*]
[19:35.320 --> 19:35.820] will
[19:35.820 --> 19:36.280] have
[19:36.280 --> 19:36.520] [*]
[19:36.520 --> 19:36.820] to
[19:36.820 --> 19:37.220] change
[19:37.220 --> 19:37.780] how
[19:37.780 --> 19:38.080] they
[19:38.080 --> 19:38.280] [*]
[19:38.280 --> 19:38.600] approach
[19:38.600 --> 19:38.860] it
[19:38.860 --> 19:39.220] things
[19:39.220 --> 19:39.660] [*]
[19:39.660 --> 19:39.960] like
[19:39.960 --> 19:40.180] I
[19:40.180 --> 19:40.560] don't
[19:40.560 --> 19:41.260] [*]
[19:41.260 --> 19:41.460] I
[19:41.460 --> 19:41.780] believe
[19:41.780 --> 19:42.100] on
[19:42.100 --> 19:42.340] some
[19:42.340 --> 19:42.600] level
[19:42.600 --> 19:42.780] that
[19:42.780 --> 19:43.080] people
[19:43.080 --> 19:44.300] [*]
[19:44.300 --> 19:45.520] don't
[19:45.520 --> 19:46.200] want
[19:46.200 --> 19:46.600] to
[19:46.600 --> 19:46.980] die
[19:46.980 --> 19:47.840] [*]
[19:47.840 --> 19:48.060] so
[19:48.060 --> 19:48.240] [*]
[19:48.240 --> 19:48.480] I
[19:48.480 --> 19:48.780] think
[19:48.780 --> 19:49.040] that
[19:49.040 --> 19:49.260] change
[19:49.260 --> 19:49.680] is
[19:49.680 --> 19:50.120] inevitable
[19:50.120 --> 19:50.920] [*]
[19:50.920 --> 19:51.360] but
[19:51.360 --> 19:51.600] there
[19:51.600 --> 19:51.800] [*]
[19:51.800 --> 19:52.120] are
[19:52.120 --> 19:52.660] both
[19:52.660 --> 19:53.100] [*]
[19:53.100 --> 19:53.340] good
[19:53.340 --> 19:53.860] and
[19:53.860 --> 19:54.260] bad
[19:54.260 --> 19:54.780] outcomes
[19:54.780 --> 19:55.120] that
[19:55.120 --> 19:55.300] could
[19:55.300 --> 19:55.620] come
[19:55.620 --> 19:55.900] from
[19:55.900 --> 19:56.160] [*]
[19:56.160 --> 19:56.340] change
[19:56.340 --> 19:56.700] that
[19:56.700 --> 19:56.940] would
[19:56.940 --> 19:57.280] both
[19:57.280 --> 19:57.740] [*]
[19:57.740 --> 19:58.000] solve
[19:58.000 --> 19:58.340] the
[19:58.340 --> 19:58.720] immediate
[19:58.720 --> 19:59.120] [*]
[19:59.120 --> 19:59.300] problem
[19:59.300 --> 20:00.700] [*]
[20:00.700 --> 20:00.920] and
[20:00.920 --> 20:01.980] [*]
[20:01.980 --> 20:02.960] that's
[20:02.960 --> 20:03.080] where
[20:03.080 --> 20:03.200] the
[20:03.200 --> 20:03.520] uncertainty
[20:03.520 --> 20:03.720] [*]
[20:03.720 --> 20:04.020] comes
[20:04.020 --> 20:04.280] from
[20:34.760 --> 20:34.760] well
[20:37.100 --> 20:37.100] um
[20:37.180 --> 20:37.980] [*]
[20:37.980 --> 20:38.440] well
[20:38.440 --> 20:39.360] [*]
[20:39.360 --> 20:39.860] I
[20:39.860 --> 20:40.060] [*]
[20:40.060 --> 20:40.260] think
[20:41.840 --> 20:41.840] the
[20:41.840 --> 20:42.260] most
[20:42.260 --> 20:43.200] realistic
[20:43.200 --> 20:44.280] [*]
[20:44.280 --> 20:44.600] expectations
[20:44.600 --> 20:45.440] for
[20:45.440 --> 20:45.820] what
[20:45.820 --> 20:46.060] my
[20:46.060 --> 20:46.360] [*]
[20:46.360 --> 20:46.600] involvement
[20:47.340 --> 20:47.340] with
[20:47.340 --> 20:47.600] that
[20:47.600 --> 20:47.800] kind
[20:47.800 --> 20:47.960] of
[20:47.960 --> 20:48.140] thing
[20:48.140 --> 20:48.220] will
[20:48.220 --> 20:48.440] be
[20:48.440 --> 20:49.100] are
[20:49.100 --> 20:49.460] at
[20:49.460 --> 20:49.620] a
[20:49.620 --> 20:50.000] very
[20:50.000 --> 20:50.940] [*]
[20:50.940 --> 20:51.380] local
[20:51.380 --> 20:52.220] [*]
[20:52.220 --> 20:52.360] level
[20:52.360 --> 20:52.800] of
[20:52.800 --> 20:52.980] [*]
[20:52.980 --> 20:53.340] like
[20:53.340 --> 20:53.580] you
[20:53.580 --> 20:55.220] [*]
[20:55.220 --> 20:55.420] know
[20:55.420 --> 20:55.800] trying
[20:55.800 --> 20:56.180] to
[20:56.180 --> 20:57.100] [*]
[20:57.100 --> 20:58.060] make
[20:58.060 --> 20:58.540] [*]
[20:58.540 --> 20:58.680] changes
[20:58.680 --> 20:59.160] in
[20:59.160 --> 20:59.480] how
[20:59.480 --> 21:00.460] [*]
[21:00.460 --> 21:00.740] I
[21:00.740 --> 21:00.900] and
[21:00.900 --> 21:01.080] the
[21:01.080 --> 21:01.420] people
[21:01.420 --> 21:01.860] around
[21:01.860 --> 21:02.200] me
[21:02.200 --> 21:02.560] approach
[21:02.560 --> 21:02.900] those
[21:02.900 --> 21:03.260] kinds
[21:03.260 --> 21:03.460] of
[21:03.460 --> 21:03.800] issues
[21:07.820 --> 21:07.820] which
[21:07.820 --> 21:08.040] for
[21:08.040 --> 21:08.300] me
[21:08.300 --> 21:08.500] is
[21:08.500 --> 21:08.620] a
[21:08.620 --> 21:08.800] kind
[21:08.800 --> 21:09.020] of
[21:09.020 --> 21:09.360] [*]
[21:09.360 --> 21:09.880] rough
[21:09.880 --> 21:10.440] [*]
[21:10.440 --> 21:11.040] position
[21:11.040 --> 21:12.220] [*]
[21:12.220 --> 21:12.440] to
[21:12.440 --> 21:12.640] be
[21:12.640 --> 21:12.920] in
[21:12.920 --> 21:13.220] of
[21:13.220 --> 21:13.560] thinking
[21:13.560 --> 21:13.840] that
[21:13.840 --> 21:14.220] that's
[21:14.220 --> 21:14.500] what's
[21:14.500 --> 21:14.780] most
[21:14.780 --> 21:15.240] likely
[21:15.240 --> 21:15.440] to
[21:15.440 --> 21:15.840] happen
[21:15.840 --> 21:16.480] because
[21:16.580 --> 21:18.160] [*]
[21:18.160 --> 21:18.280] some
[21:18.280 --> 21:21.120] [*]
[21:21.120 --> 21:21.280] of
[21:21.280 --> 21:21.600] those
[21:21.600 --> 21:21.880] [*]
[21:21.880 --> 21:22.020] issues
[21:22.020 --> 21:22.760] [*]
[21:22.760 --> 21:22.920] are
[21:22.920 --> 21:24.120] [*]
[21:24.120 --> 21:24.560] specifically
[21:24.560 --> 21:25.480] [*]
[21:25.480 --> 21:25.880] more
[21:25.880 --> 21:26.620] [*]
[21:26.620 --> 21:26.880] so
[21:26.880 --> 21:27.180] issues
[21:27.180 --> 21:27.600] in
[21:27.600 --> 21:27.840] my
[21:27.840 --> 21:28.240] area
[21:28.240 --> 21:28.420] a
[21:28.420 --> 21:28.580] lot
[21:28.580 --> 21:28.660] of
[21:28.660 --> 21:28.860] those
[21:28.860 --> 21:29.500] entrenched
[21:29.500 --> 21:29.720] ideas
[21:29.720 --> 21:30.020] [*]
[21:30.020 --> 21:30.500] are
[21:30.500 --> 21:31.520] entrenched
[21:31.520 --> 21:31.720] [*]
[21:31.720 --> 21:32.160] specifically
[21:32.160 --> 21:32.520] you
[21:32.520 --> 21:33.160] [*]
[21:33.160 --> 21:33.920] know
[21:33.920 --> 21:34.120] in
[21:34.120 --> 21:34.680] Iowa
[21:34.680 --> 21:34.920] [*]
[21:34.920 --> 21:35.260] where
[21:35.260 --> 21:35.520] I
[21:35.520 --> 21:35.760] live
[21:35.760 --> 21:36.340] [*]
[21:36.340 --> 21:36.840] so
[21:36.840 --> 21:37.200] um
[21:37.740 --> 21:38.360] um
[21:38.360 --> 21:39.540] [*]
[21:39.540 --> 21:40.000] i
[21:40.000 --> 21:40.340] don't
[21:40.340 --> 21:40.520] know
[21:40.520 --> 21:41.800] that
[21:41.800 --> 21:42.100] is
[21:42.100 --> 21:42.260] part
[21:42.260 --> 21:42.460] of
[21:42.460 --> 21:42.660] where
[21:42.660 --> 21:42.900] my
[21:42.900 --> 21:43.400] uncertainty
[21:43.400 --> 21:43.920] about
[21:43.920 --> 21:44.080] the
[21:44.080 --> 21:44.360] future
[21:44.360 --> 21:44.660] comes
[21:44.660 --> 21:45.080] also
[21:45.080 --> 21:45.680] [*]
[21:45.680 --> 21:46.180] from
[21:48.220 --> 21:48.840] i
[21:48.840 --> 21:49.000] kind
[21:49.000 --> 21:49.240] of
[21:49.240 --> 21:49.440] feel
[21:49.440 --> 21:49.580] on
[21:49.580 --> 21:49.840] some
[21:49.840 --> 21:50.100] level
[21:50.100 --> 21:50.420] i
[21:50.420 --> 21:50.820] have
[21:50.820 --> 21:51.320] [*]
[21:51.320 --> 21:51.700] a
[21:51.700 --> 21:52.220] [*]
[21:52.220 --> 21:52.640] moral
[21:52.640 --> 21:53.400] [*]
[21:53.400 --> 21:53.840] responsibility
[21:53.840 --> 21:54.300] [*]
[21:54.300 --> 21:54.640] to
[21:54.640 --> 21:54.900] get
[21:54.900 --> 21:55.300] involved
[21:55.300 --> 21:56.080] [*]
[21:56.080 --> 21:56.560] um
[21:57.900 --> 21:58.580] but
[21:58.580 --> 21:58.980] it's
[21:58.980 --> 21:59.060] an
[21:59.060 --> 21:59.480] issue
[21:59.480 --> 22:01.500] [*]
[22:01.500 --> 22:01.620] there
[22:01.620 --> 22:01.900] are
[22:01.900 --> 22:02.580] [*]
[22:02.580 --> 22:02.820] largely
[22:02.820 --> 22:03.360] issues
[22:03.360 --> 22:03.540] [*]
[22:03.540 --> 22:03.800] that
[22:03.800 --> 22:03.960] [*]
[22:03.960 --> 22:04.100] are
[22:04.100 --> 22:04.580] [*]
[22:04.580 --> 22:05.100] large
[22:05.100 --> 22:05.340] enough
[22:05.340 --> 22:05.600] that
[22:05.600 --> 22:05.740] you
[22:05.740 --> 22:06.000] [*]
[22:06.000 --> 22:06.220] feel
[22:06.620 --> 22:07.400] like
[22:07.400 --> 22:07.640] your
[22:07.640 --> 22:08.020] [*]
[22:08.020 --> 22:08.240] contributions
[22:08.240 --> 22:09.400] [*]
[22:09.400 --> 22:09.720] uh
[22:09.720 --> 22:10.480] whatever
[22:10.480 --> 22:10.900] they
[22:10.900 --> 22:11.240] could
[22:11.240 --> 22:11.720] potentially
[22:11.720 --> 22:12.340] be
[22:12.340 --> 22:12.600] [*]
[22:12.600 --> 22:12.740] would
[22:12.740 --> 22:13.040] never
[22:13.040 --> 22:13.240] be
[22:13.240 --> 22:13.580] enough
[22:13.580 --> 22:14.040] and
[22:14.040 --> 22:14.340] that's
[22:14.340 --> 22:14.520] like
[22:14.520 --> 22:15.060] true
[22:15.060 --> 22:15.320] on
[22:15.320 --> 22:15.640] some
[22:15.640 --> 22:16.000] level
[22:16.000 --> 22:16.680] [*]
[22:16.680 --> 22:16.960] um
[22:16.960 --> 22:18.080] [*]
[22:18.080 --> 22:18.540] you
[22:18.540 --> 22:18.720] [*]
[22:18.720 --> 22:18.880] know
[22:18.880 --> 22:19.480] like
[22:19.480 --> 22:19.840] [*]
[22:19.840 --> 22:20.020] i
[22:20.020 --> 22:20.280] i
[22:20.280 --> 22:20.700] know
[22:20.700 --> 22:21.000] that
[22:21.000 --> 22:21.180] it
[22:21.180 --> 22:21.520] wouldn't
[22:21.520 --> 22:21.780] just
[22:21.780 --> 22:22.080] be
[22:23.420 --> 22:23.980] me
[22:23.980 --> 22:24.740] involved
[22:24.740 --> 22:25.220] in
[22:25.220 --> 22:25.420] any
[22:25.420 --> 22:25.540] of
[22:25.540 --> 22:25.820] these
[22:25.820 --> 22:26.060] [*]
[22:26.060 --> 22:26.340] things
[22:26.340 --> 22:26.740] [*]
[22:26.740 --> 22:27.300] but
[22:27.300 --> 22:27.800] it's
[22:27.800 --> 22:27.960] hard
[22:27.960 --> 22:28.120] to
[22:28.120 --> 22:28.360] even
[22:28.360 --> 22:28.880] imagine
[22:28.880 --> 22:29.360] like
[22:29.360 --> 22:29.780] what
[22:29.780 --> 22:30.040] my
[22:30.040 --> 22:30.560] contributions
[22:30.620 --> 22:31.220] could
[22:31.220 --> 22:31.640] be
[22:31.640 --> 22:32.140] when
[22:32.140 --> 22:32.560] anything
[22:32.560 --> 22:32.960] that
[22:32.960 --> 22:33.140] i
[22:33.140 --> 22:33.420] could
[22:33.420 --> 22:33.740] do
[22:33.740 --> 22:34.180] feels
[22:34.180 --> 22:34.560] like
[22:34.560 --> 22:34.660] it
[22:34.660 --> 22:34.880] just
[22:34.880 --> 22:35.420] doesn't
[22:35.420 --> 22:35.680] matter
[22:35.680 --> 22:36.020] at
[22:36.020 --> 22:36.200] all
[22:36.200 --> 22:37.520] uh
[22:37.520 --> 22:38.380] [*]
[22:38.380 --> 22:39.040] and
[22:39.040 --> 22:39.540] [*]
[22:39.540 --> 22:40.220] you
[22:40.220 --> 22:40.800] know
[22:40.800 --> 22:41.180] that's
[22:41.180 --> 22:41.980] the
[22:41.980 --> 22:42.160] [*]
[22:42.160 --> 22:42.260] the
[22:42.260 --> 22:42.460] [*]
[22:42.460 --> 22:42.600] worst
[22:42.600 --> 22:42.960] part
[22:42.960 --> 22:43.360] about
[22:43.360 --> 22:43.700] that
[22:43.700 --> 22:44.080] is
[22:44.080 --> 22:44.220] that
[22:44.220 --> 22:44.740] feeling
[22:44.740 --> 22:45.020] like
[22:45.020 --> 22:45.160] it
[22:45.160 --> 22:45.480] doesn't
[22:45.480 --> 22:45.800] matter
[22:45.800 --> 22:46.040] what
[22:46.040 --> 22:46.220] you
[22:46.220 --> 22:46.520] do
[22:46.520 --> 22:47.280] [*]
[22:47.280 --> 22:47.460] even
[22:47.460 --> 22:47.640] if
[22:47.640 --> 22:47.760] it
[22:47.760 --> 22:47.900] [*]
[22:47.900 --> 22:48.100] does
[22:48.100 --> 22:48.620] [*]
[22:48.620 --> 22:48.720] makes
[22:48.720 --> 22:49.000] you
[22:49.000 --> 22:49.260] less
[22:49.260 --> 22:49.720] likely
[22:49.720 --> 22:50.100] to
[22:50.100 --> 22:50.600] actually
[22:50.600 --> 22:51.000] do
[22:51.000 --> 22:51.400] things
[22:51.900 --> 22:52.260] [*]
[22:52.260 --> 22:52.540] that
[22:52.540 --> 22:53.100] [*]
[22:53.100 --> 22:53.300] could
[22:53.300 --> 22:53.760] [*]
[22:53.760 --> 22:54.060] actually
[22:54.060 --> 22:54.380] make
[22:54.380 --> 22:54.700] things
[22:54.700 --> 22:54.920] [*]
[22:54.920 --> 22:55.060] better
[22:55.060 --> 22:55.980] [*]
[22:55.980 --> 22:56.100] which
[22:56.100 --> 22:56.540] [*]
[22:56.540 --> 22:56.760] sucks
[22:56.760 --> 22:57.160] [*]
[22:57.160 --> 22:57.660] i
[22:57.660 --> 22:57.980] don't
[22:57.980 --> 22:58.180] know
[22:58.180 --> 22:58.860] [*]
[22:58.860 --> 22:59.180] i
[22:59.180 --> 22:59.760] don't
[22:59.760 --> 22:59.900] know
[23:13.440 --> 23:13.440] you
[23:15.460 --> 23:15.720] do
[23:28.620 --> 23:28.980] [*]
[23:28.980 --> 23:29.120] you
[23:58.900 --> 23:58.940] But
[23:58.940 --> 23:58.940] it
[23:58.940 --> 23:58.940] is
[23:58.940 --> 23:58.940] what
[23:58.940 --> 23:58.940] it
[23:58.940 --> 23:58.940] is
