/Users/msmuhammad/workbench/miniconda3/envs/whisper/lib/python3.10/site-packages/torch/cuda/__init__.py:138: UserWarning: CUDA initialization: The NVIDIA driver on your system is too old (found version 11040). Please update your GPU driver by downloading and installing a new version from the URL: http://www.nvidia.com/Download/index.aspx Alternatively, go to: https://pytorch.org to install a PyTorch version that has been compiled with your version of the CUDA driver. (Triggered internally at ../c10/cuda/CUDAFunctions.cpp:108.)
  return torch._C._cuda_getDeviceCount() > 0
[00:22.740 --> 00:22.740] Good
[00:23.200 --> 00:23.500] [*]
[00:23.500 --> 00:23.960] Just
[00:23.960 --> 00:24.280] busy
[00:28.320 --> 00:28.780] [*]
[00:28.780 --> 00:29.100] Just
[00:29.100 --> 00:29.600] school
[00:29.600 --> 00:30.080] And
[00:30.080 --> 00:30.320] then
[00:30.320 --> 00:30.740] work
[00:30.740 --> 00:31.040] I
[00:31.040 --> 00:31.240] work
[00:31.240 --> 00:31.340] in
[00:31.340 --> 00:31.480] a
[00:31.480 --> 00:31.660] research
[00:31.660 --> 00:31.980] lab
[00:31.980 --> 00:32.240] here
[00:35.780 --> 00:36.680] Genetics
[00:36.680 --> 00:36.880] [*]
[00:36.880 --> 00:37.000] research
[00:37.000 --> 00:37.340] We're
[00:37.340 --> 00:37.500] looking
[00:37.500 --> 00:37.860] [*]
[00:37.860 --> 00:38.060] at
[00:38.060 --> 00:38.540] [*]
[00:38.540 --> 00:38.780] the
[00:38.780 --> 00:39.160] sodium
[00:39.160 --> 00:39.600] [*]
[00:39.600 --> 00:40.060] gated
[00:40.060 --> 00:40.300] voltage
[00:40.300 --> 00:40.620] channels
[00:40.620 --> 00:40.760] We
[00:40.760 --> 00:40.960] found
[00:40.960 --> 00:41.200] new
[00:41.200 --> 00:41.460] [*]
[00:41.460 --> 00:41.680] proteins
[00:41.680 --> 00:41.880] that
[00:41.880 --> 00:42.120] exist
[00:42.120 --> 00:42.360] in
[00:42.360 --> 00:42.420] the
[00:42.420 --> 00:42.580] heart
[00:42.580 --> 00:42.660] and
[00:42.660 --> 00:42.760] the
[00:42.760 --> 00:43.060] brain
[00:43.060 --> 00:43.420] So
[00:43.420 --> 00:43.740] we're
[00:43.740 --> 00:43.800] trying
[00:43.800 --> 00:43.920] to
[00:43.920 --> 00:44.280] characterize
[00:44.280 --> 00:44.660] them
[00:44.660 --> 00:44.820] and
[00:44.820 --> 00:45.040] then
[00:45.040 --> 00:45.380] ultimately
[00:45.380 --> 00:45.780] create
[00:45.780 --> 00:46.020] gene
[00:46.020 --> 00:46.440] therapies
[00:46.440 --> 00:46.940] [*]
[00:46.940 --> 00:47.220] for
[00:47.220 --> 00:47.520] things
[00:47.520 --> 00:47.760] like
[00:47.760 --> 00:48.100] epilepsy
[00:48.460 --> 00:49.700] neuropathy
[00:49.820 --> 00:50.780] neuromuscular
[00:50.780 --> 00:51.040] disorder
[00:51.340 --> 00:51.500] and
[00:51.500 --> 00:51.640] things
[00:51.640 --> 00:51.840] like
[00:51.840 --> 00:52.020] that
[00:55.560 --> 00:56.240] I
[00:56.240 --> 00:56.540] did
[00:56.540 --> 00:56.860] research
[00:56.860 --> 00:57.160] all
[00:57.160 --> 00:57.380] throughout
[00:57.380 --> 00:57.520] high
[00:57.520 --> 00:57.680] [*]
[00:57.680 --> 00:57.820] school
[00:57.820 --> 00:58.040] and
[00:58.040 --> 00:58.200] kind
[00:58.200 --> 00:58.320] of
[00:58.320 --> 00:58.440] fell
[00:58.440 --> 00:58.520] in
[00:58.520 --> 00:58.660] love
[00:58.660 --> 00:58.840] with
[00:58.840 --> 00:59.200] research
[00:59.200 --> 00:59.680] there
[00:59.680 --> 01:00.020] But
[01:00.020 --> 01:00.560] I
[01:00.560 --> 01:00.660] was
[01:00.660 --> 01:00.820] really
[01:00.820 --> 01:01.140] interested
[01:01.140 --> 01:01.340] in
[01:01.400 --> 01:01.560] like
[01:01.580 --> 01:01.880] I
[01:01.880 --> 01:02.020] did
[01:02.020 --> 01:02.120] a
[01:02.120 --> 01:02.240] lot
[01:02.240 --> 01:02.340] of
[01:02.340 --> 01:02.660] diseases
[01:02.660 --> 01:03.080] [*]
[01:03.080 --> 01:03.220] with
[01:03.220 --> 01:03.540] cattle
[01:03.540 --> 01:03.720] [*]
[01:03.720 --> 01:03.920] diseases
[01:04.040 --> 01:04.200] but
[01:04.200 --> 01:04.300] I
[01:04.300 --> 01:04.380] was
[01:04.380 --> 01:04.660] interested
[01:04.660 --> 01:04.880] in
[01:04.920 --> 01:05.000] like
[01:05.040 --> 01:05.160] the
[01:05.160 --> 01:05.400] genetic
[01:05.400 --> 01:05.640] root
[01:05.640 --> 01:05.920] cause
[01:05.920 --> 01:06.040] of
[01:06.040 --> 01:06.220] these
[01:06.220 --> 01:06.600] diseases
[01:07.020 --> 01:07.460] And
[01:07.460 --> 01:07.720] [*]
[01:07.720 --> 01:07.840] so
[01:07.840 --> 01:08.440] [*]
[01:08.440 --> 01:08.760] when
[01:08.760 --> 01:09.540] [*]
[01:09.540 --> 01:09.660] I
[01:09.660 --> 01:09.820] was
[01:09.820 --> 01:09.980] looking
[01:09.980 --> 01:10.120] at
[01:10.120 --> 01:10.360] labs
[01:10.360 --> 01:10.500] when
[01:10.500 --> 01:10.620] I
[01:10.620 --> 01:10.780] got
[01:10.780 --> 01:11.040] here
[01:11.040 --> 01:11.200] as
[01:11.200 --> 01:11.320] a
[01:11.320 --> 01:11.620] freshman
[01:11.880 --> 01:12.120] [*]
[01:12.120 --> 01:12.280] this
[01:12.280 --> 01:12.500] one
[01:12.500 --> 01:12.700] really
[01:12.700 --> 01:13.100] attracted
[01:13.100 --> 01:13.280] to
[01:13.280 --> 01:13.480] me
[01:13.480 --> 01:13.780] because
[01:13.780 --> 01:14.260] [*]
[01:14.260 --> 01:14.480] it
[01:14.480 --> 01:14.680] had
[01:14.680 --> 01:14.820] the
[01:14.820 --> 01:15.020] genetic
[01:15.020 --> 01:15.240] focus
[01:15.860 --> 01:15.960] but
[01:15.960 --> 01:16.060] it
[01:16.060 --> 01:16.180] was
[01:16.180 --> 01:16.380] also
[01:16.380 --> 01:16.620] very
[01:16.620 --> 01:16.880] [*]
[01:16.880 --> 01:17.440] diverse
[01:17.440 --> 01:18.080] So
[01:18.080 --> 01:18.240] I
[01:18.240 --> 01:18.420] knew
[01:18.420 --> 01:18.600] coming
[01:18.600 --> 01:18.800] in
[01:18.800 --> 01:18.900] as
[01:18.900 --> 01:18.980] a
[01:18.980 --> 01:19.240] freshman
[01:19.300 --> 01:19.400] I
[01:19.400 --> 01:19.480] would
[01:19.480 --> 01:19.580] get
[01:19.580 --> 01:19.680] a
[01:19.680 --> 01:19.800] lot
[01:19.800 --> 01:19.880] of
[01:19.880 --> 01:20.080] different
[01:20.080 --> 01:20.720] opportunities
[01:20.720 --> 01:21.580] [*]
[01:21.580 --> 01:21.940] to
[01:21.940 --> 01:22.380] kind
[01:22.380 --> 01:22.520] of
[01:22.520 --> 01:22.700] branch
[01:22.700 --> 01:22.920] out
[01:22.920 --> 01:23.040] and
[01:23.040 --> 01:23.180] figure
[01:23.180 --> 01:23.320] out
[01:23.320 --> 01:23.420] what
[01:23.420 --> 01:23.600] I
[01:23.600 --> 01:23.860] really
[01:23.860 --> 01:24.260] liked
[01:24.340 --> 01:25.040] And
[01:25.040 --> 01:25.280] then
[01:25.280 --> 01:25.840] also
[01:25.840 --> 01:26.100] the
[01:26.100 --> 01:26.380] lab
[01:26.380 --> 01:26.480] is
[01:26.480 --> 01:26.660] very
[01:26.660 --> 01:26.920] project
[01:26.920 --> 01:27.440] [*]
[01:27.440 --> 01:27.560] focused
[01:27.560 --> 01:27.760] So
[01:27.760 --> 01:28.040] after
[01:28.040 --> 01:28.340] you're
[01:28.340 --> 01:28.440] there
[01:28.440 --> 01:28.640] for
[01:28.640 --> 01:28.840] six
[01:28.840 --> 01:29.060] months
[01:29.100 --> 01:29.320] you're
[01:29.320 --> 01:29.480] already
[01:29.480 --> 01:29.740] going
[01:29.740 --> 01:29.920] to
[01:29.920 --> 01:30.040] be
[01:30.040 --> 01:30.240] there
[01:30.240 --> 01:30.280] You're
[01:30.280 --> 01:30.280] going
[01:30.280 --> 01:30.340] to
[01:30.340 --> 01:30.340] be
[01:30.340 --> 01:30.340] starting
[01:30.340 --> 01:30.380] on
[01:30.380 --> 01:30.480] your
[01:30.480 --> 01:30.620] own
[01:30.620 --> 01:30.940] project
[01:30.940 --> 01:31.200] as
[01:31.200 --> 01:31.340] an
[01:31.340 --> 01:31.720] undergrad
[01:31.740 --> 01:32.020] So
[01:32.020 --> 01:32.600] I
[01:32.600 --> 01:32.780] really
[01:32.780 --> 01:33.040] liked
[01:33.040 --> 01:33.160] that
[01:33.160 --> 01:33.500] aspect
[01:33.500 --> 01:33.960] because
[01:33.960 --> 01:34.080] I
[01:34.080 --> 01:34.300] like
[01:34.300 --> 01:34.440] the
[01:34.440 --> 01:34.840] independence
[01:34.840 --> 01:35.200] of
[01:35.200 --> 01:35.540] research
[01:35.740 --> 01:36.260] So
[01:36.260 --> 01:36.440] it
[01:36.440 --> 01:36.540] kind
[01:36.540 --> 01:36.720] of
[01:36.720 --> 01:36.980] drew
[01:36.980 --> 01:37.320] me
[01:37.320 --> 01:37.580] towards
[01:37.580 --> 01:37.740] [*]
[01:37.740 --> 01:37.860] it
[01:41.780 --> 01:42.240] [*]
[01:42.240 --> 01:42.580] Yeah
[01:42.700 --> 01:43.060] [*]
[01:43.060 --> 01:43.160] technically
[01:47.320 --> 01:47.860] [*]
[01:47.860 --> 01:48.020] Good
[01:48.020 --> 01:48.520] I've
[01:48.520 --> 01:48.640] just
[01:48.640 --> 01:48.860] been
[01:48.860 --> 01:49.160] really
[01:49.160 --> 01:49.600] busy
[01:49.600 --> 01:49.900] between
[01:49.900 --> 01:50.320] classes
[01:50.320 --> 01:51.360] and
[01:51.360 --> 01:51.760] work
[01:51.760 --> 01:52.020] and
[01:52.020 --> 01:52.260] then
[01:52.260 --> 01:52.600] volunteering
[01:52.600 --> 01:53.340] Thank
[01:53.340 --> 01:53.980] [*]
[01:53.980 --> 01:54.320] you
[01:59.480 --> 02:03.820] [*]
[02:03.820 --> 02:04.260] My
[02:04.260 --> 02:06.280] [*]
[02:06.280 --> 02:06.480] schedule
[02:06.480 --> 02:06.720] [*]
[02:06.720 --> 02:07.020] has
[02:07.020 --> 02:07.700] definitely
[02:07.700 --> 02:08.240] changed
[02:08.380 --> 02:08.680] especially
[02:08.680 --> 02:08.940] with
[02:09.020 --> 02:09.260] like
[02:09.320 --> 02:09.680] [*]
[02:09.680 --> 02:09.920] different
[02:09.920 --> 02:10.120] [*]
[02:10.120 --> 02:10.300] classes
[02:10.300 --> 02:10.500] and
[02:10.500 --> 02:10.740] having
[02:10.800 --> 02:10.940] like
[02:10.980 --> 02:11.140] night
[02:11.140 --> 02:11.360] [*]
[02:11.360 --> 02:11.480] labs
[02:11.480 --> 02:11.700] [*]
[02:11.700 --> 02:11.960] sometimes
[02:11.960 --> 02:12.740] where
[02:12.740 --> 02:12.940] I'm
[02:12.940 --> 02:13.000] not
[02:13.000 --> 02:13.200] used
[02:13.200 --> 02:13.460] to
[02:13.460 --> 02:13.880] doing
[02:13.880 --> 02:14.300] classes
[02:14.300 --> 02:14.660] at
[02:14.660 --> 02:14.840] late
[02:14.840 --> 02:15.120] or
[02:15.120 --> 02:15.560] [*]
[02:15.560 --> 02:16.240] I
[02:16.240 --> 02:17.260] [*]
[02:17.260 --> 02:17.580] think
[02:17.600 --> 02:17.800] like
[02:17.880 --> 02:18.240] balancing
[02:18.240 --> 02:18.760] [*]
[02:18.760 --> 02:19.020] classes
[02:19.020 --> 02:19.360] and
[02:19.460 --> 02:19.560] like
[02:19.620 --> 02:19.780] work
[02:19.780 --> 02:19.980] and
[02:19.980 --> 02:20.500] experiments
[02:20.500 --> 02:20.540] [*]
[02:20.540 --> 02:21.340] because
[02:21.340 --> 02:21.680] sometimes
[02:21.820 --> 02:22.000] like
[02:22.080 --> 02:22.460] I
[02:22.460 --> 02:22.680] have
[02:22.680 --> 02:22.780] a
[02:22.780 --> 02:23.180] 24-hour
[02:23.180 --> 02:23.220] [*]
[02:23.220 --> 02:23.560] experiment
[02:23.560 --> 02:23.900] So
[02:23.900 --> 02:24.160] then
[02:24.160 --> 02:24.540] [*]
[02:24.540 --> 02:24.740] I
[02:24.740 --> 02:24.900] have
[02:24.900 --> 02:25.040] to
[02:25.040 --> 02:25.100] do
[02:25.100 --> 02:25.260] that
[02:25.260 --> 02:25.440] on
[02:25.440 --> 02:25.880] Saturday
[02:25.880 --> 02:26.320] instead
[02:26.320 --> 02:26.460] of
[02:26.460 --> 02:26.580] not
[02:26.580 --> 02:26.820] having
[02:26.820 --> 02:27.000] my
[02:27.000 --> 02:27.320] Saturday
[02:27.320 --> 02:27.740] off
[02:27.860 --> 02:28.220] And
[02:28.220 --> 02:28.420] so
[02:28.420 --> 02:28.500] I
[02:28.500 --> 02:28.600] think
[02:28.600 --> 02:28.740] just
[02:28.820 --> 02:28.960] like
[02:29.480 --> 02:30.140] [*]
[02:30.140 --> 02:30.520] The
[02:30.520 --> 02:30.900] balance
[02:30.900 --> 02:31.160] between
[02:31.160 --> 02:31.440] those
[02:31.440 --> 02:31.640] [*]
[02:31.640 --> 02:31.800] two
[02:31.800 --> 02:32.160] and
[02:32.160 --> 02:32.520] then
[02:32.520 --> 02:33.120] [*]
[02:33.120 --> 02:33.400] the
[02:33.400 --> 02:33.700] balance
[02:33.700 --> 02:33.880] of
[02:33.900 --> 02:33.980] like
[02:34.020 --> 02:34.080] a
[02:34.080 --> 02:34.300] social
[02:34.300 --> 02:34.660] life
[02:34.660 --> 02:35.680] with
[02:35.680 --> 02:36.120] that
[02:36.120 --> 02:36.400] and
[02:36.520 --> 02:36.740] like
[02:36.780 --> 02:37.140] finding
[02:37.140 --> 02:37.360] time
[02:37.360 --> 02:37.520] to
[02:37.520 --> 02:37.640] hang
[02:37.640 --> 02:37.780] out
[02:37.780 --> 02:37.920] with
[02:37.920 --> 02:38.160] friends
[02:38.400 --> 02:38.660] but
[02:38.660 --> 02:38.960] also
[02:38.960 --> 02:39.220] making
[02:39.220 --> 02:39.420] sure
[02:39.420 --> 02:39.480] that
[02:39.480 --> 02:39.660] I'm
[02:39.660 --> 02:39.820] staying
[02:39.820 --> 02:39.920] on
[02:39.920 --> 02:40.120] top
[02:40.120 --> 02:40.260] of
[02:40.340 --> 02:40.400] like
[02:40.480 --> 02:40.980] coursework
[02:40.980 --> 02:41.320] especially
[02:41.420 --> 02:41.640] like
[02:41.720 --> 02:41.860] the
[02:41.860 --> 02:42.120] rigorous
[02:42.120 --> 02:42.640] coursework
[02:42.640 --> 02:42.960] of
[02:42.960 --> 02:43.200] being
[02:43.200 --> 02:43.260] a
[02:43.260 --> 02:43.460] STEM
[02:43.460 --> 02:43.780] major
[02:43.780 --> 02:44.140] [*]
[02:44.140 --> 02:44.400] and
[02:44.400 --> 02:44.620] all
[02:44.620 --> 02:44.940] that
[02:44.940 --> 02:45.220] comes
[02:45.220 --> 02:45.460] with
[02:45.460 --> 02:45.700] it
[02:45.700 --> 02:46.300] It's
[02:46.320 --> 02:46.360] like
[02:46.460 --> 02:46.660] finding
[02:46.660 --> 02:46.840] that
[02:46.840 --> 02:47.100] balance
[02:47.100 --> 02:47.260] has
[02:47.260 --> 02:47.400] been
[02:47.400 --> 02:47.800] difficult
[02:54.860 --> 02:55.320] [*]
[02:55.320 --> 02:55.720] Um
[02:55.940 --> 02:56.640] [*]
[02:56.640 --> 02:56.860] I
[02:56.860 --> 02:57.100] think
[02:57.100 --> 02:57.300] it's
[02:57.300 --> 02:57.520] made
[02:57.580 --> 02:57.840] like
[02:58.460 --> 02:58.700] [*]
[02:58.700 --> 02:58.840] social
[02:59.000 --> 02:59.520] like
[02:59.620 --> 02:59.880] life
[02:59.880 --> 03:00.140] It's
[03:00.140 --> 03:00.140] like
[03:00.140 --> 03:00.140] harder
[03:00.140 --> 03:00.860] [*]
[03:00.860 --> 03:01.100] just
[03:01.100 --> 03:01.360] because
[03:01.360 --> 03:01.540] I
[03:01.540 --> 03:01.720] spend
[03:01.720 --> 03:01.860] so
[03:01.860 --> 03:02.020] much
[03:02.020 --> 03:02.240] time
[03:02.240 --> 03:02.360] on
[03:02.360 --> 03:02.940] schoolwork
[03:02.940 --> 03:03.340] and
[03:03.340 --> 03:03.700] on
[03:03.700 --> 03:04.060] work
[03:04.060 --> 03:04.620] that
[03:04.640 --> 03:05.100] [*]
[03:05.100 --> 03:05.260] um
[03:05.500 --> 03:06.280] I
[03:06.280 --> 03:06.480] think
[03:06.480 --> 03:06.660] it's
[03:06.680 --> 03:06.740] like
[03:06.800 --> 03:06.880] the
[03:06.880 --> 03:07.020] first
[03:07.020 --> 03:07.200] thing
[03:07.200 --> 03:07.300] that
[03:07.300 --> 03:07.440] I
[03:07.440 --> 03:07.560] let
[03:07.560 --> 03:07.800] go
[03:07.800 --> 03:08.840] [*]
[03:08.840 --> 03:08.940] is
[03:09.280 --> 03:09.540] like
[03:09.700 --> 03:09.800] my
[03:09.800 --> 03:10.000] social
[03:10.000 --> 03:10.280] life
[03:10.280 --> 03:10.740] So
[03:10.740 --> 03:10.900] I
[03:10.900 --> 03:11.060] think
[03:11.060 --> 03:11.300] that's
[03:11.300 --> 03:11.420] been
[03:11.420 --> 03:11.760] difficult
[03:11.860 --> 03:12.560] And
[03:12.560 --> 03:12.880] also
[03:12.980 --> 03:13.140] like
[03:13.200 --> 03:13.480] making
[03:13.480 --> 03:13.900] friends
[03:13.900 --> 03:14.060] has
[03:14.060 --> 03:14.260] also
[03:14.260 --> 03:14.440] been
[03:14.440 --> 03:14.640] very
[03:14.640 --> 03:15.000] difficult
[03:15.000 --> 03:15.440] [*]
[03:15.440 --> 03:15.580] coming
[03:15.580 --> 03:15.780] to
[03:15.780 --> 03:16.000] college
[03:16.000 --> 03:16.260] because
[03:16.260 --> 03:16.360] it
[03:16.360 --> 03:16.560] takes
[03:16.560 --> 03:16.720] me
[03:16.720 --> 03:16.800] a
[03:16.800 --> 03:16.960] while
[03:16.960 --> 03:17.220] usually
[03:17.220 --> 03:17.400] to
[03:17.400 --> 03:17.520] make
[03:17.520 --> 03:17.760] friends
[03:17.760 --> 03:17.980] So
[03:18.100 --> 03:18.300] like
[03:18.380 --> 03:19.380] [*]
[03:19.380 --> 03:19.660] losing
[03:19.660 --> 03:19.860] my
[03:19.860 --> 03:20.100] entire
[03:20.100 --> 03:20.360] friend
[03:20.360 --> 03:20.640] group
[03:20.640 --> 03:20.800] and
[03:20.800 --> 03:20.960] then
[03:20.960 --> 03:21.180] having
[03:21.180 --> 03:21.360] to
[03:21.360 --> 03:21.520] kind
[03:21.520 --> 03:21.740] of
[03:21.740 --> 03:22.080] completely
[03:22.080 --> 03:22.480] restart
[03:22.480 --> 03:22.680] and
[03:22.680 --> 03:22.940] re-put
[03:22.940 --> 03:23.160] myself
[03:23.160 --> 03:23.340] out
[03:23.340 --> 03:23.660] there
[03:23.660 --> 03:24.400] [*]
[03:24.400 --> 03:24.720] is
[03:24.720 --> 03:25.240] more
[03:25.240 --> 03:25.600] difficult
[03:27.240 --> 03:27.640] [*]
[03:27.640 --> 03:27.860] Yeah
[03:29.480 --> 03:34.500] [*]
[03:34.500 --> 03:35.320] Um
[03:35.660 --> 03:37.340] [*]
[03:37.340 --> 03:37.520] I
[03:37.520 --> 03:37.880] think
[03:37.880 --> 03:39.420] [*]
[03:39.420 --> 03:39.880] peer
[03:39.880 --> 03:40.220] mentors
[03:40.220 --> 03:40.400] and
[03:40.400 --> 03:40.600] some
[03:40.600 --> 03:40.840] friends
[03:40.840 --> 03:40.940] that
[03:40.940 --> 03:41.080] I
[03:41.080 --> 03:41.220] met
[03:41.300 --> 03:41.500] like
[03:41.560 --> 03:42.100] right
[03:42.100 --> 03:42.320] when
[03:42.320 --> 03:42.420] I
[03:42.420 --> 03:42.640] got
[03:42.640 --> 03:42.900] to
[03:42.900 --> 03:43.200] college
[03:43.200 --> 03:43.320] in
[03:43.320 --> 03:43.440] my
[03:43.440 --> 03:43.620] first
[03:43.620 --> 03:43.840] couple
[03:43.840 --> 03:44.140] classes
[03:44.140 --> 03:44.440] [*]
[03:44.440 --> 03:45.060] and
[03:45.060 --> 03:45.260] I've
[03:45.260 --> 03:45.300] kind
[03:45.300 --> 03:45.420] of
[03:45.420 --> 03:45.580] stuck
[03:45.580 --> 03:45.840] with
[03:45.840 --> 03:46.320] [*]
[03:46.320 --> 03:46.500] as
[03:46.500 --> 03:46.840] friends
[03:46.840 --> 03:47.240] throughout
[03:47.460 --> 03:48.060] um
[03:48.260 --> 03:48.520] who
[03:48.520 --> 03:48.740] share
[03:48.740 --> 03:48.920] the
[03:48.920 --> 03:49.140] same
[03:49.140 --> 03:49.380] major
[03:49.380 --> 03:49.580] So
[03:49.700 --> 03:49.820] like
[03:49.900 --> 03:50.140] it's
[03:50.140 --> 03:50.440] their
[03:50.440 --> 03:50.960] understanding
[03:50.960 --> 03:51.440] of
[03:51.560 --> 03:51.660] like
[03:51.740 --> 03:51.840] my
[03:51.840 --> 03:52.080] schedule
[03:52.080 --> 03:52.220] and
[03:52.220 --> 03:52.300] they
[03:52.300 --> 03:52.440] have
[03:52.440 --> 03:52.580] a
[03:52.580 --> 03:52.780] similar
[03:52.780 --> 03:53.100] schedule
[03:53.240 --> 03:53.600] so
[03:53.600 --> 03:53.760] it's
[03:53.760 --> 03:53.800] a
[03:53.800 --> 03:53.940] lot
[03:53.940 --> 03:54.220] easier
[03:54.380 --> 03:54.660] like
[03:54.720 --> 03:55.480] to
[03:55.480 --> 03:55.820] relate
[03:56.120 --> 03:56.560] And
[03:56.560 --> 03:56.740] [*]
[03:56.740 --> 03:56.880] then
[03:56.880 --> 03:57.700] [*]
[03:57.700 --> 03:57.880] I
[03:57.880 --> 03:58.220] think
[03:58.220 --> 03:58.400] just
[03:58.480 --> 03:58.680] [*]
[03:58.680 --> 03:58.800] like
[03:58.980 --> 03:59.520] [*]
[03:59.520 --> 03:59.660] my
[03:59.660 --> 04:00.140] last...
[04:00.140 --> 04:00.260] My
[04:00.260 --> 04:00.260] lab
[04:00.260 --> 04:00.260] has
[04:00.260 --> 04:00.500] been...
[04:00.500 --> 04:00.740] The
[04:00.740 --> 04:00.960] people
[04:00.960 --> 04:01.080] in
[04:01.080 --> 04:01.160] my
[04:01.160 --> 04:01.340] lab
[04:01.340 --> 04:01.420] have
[04:01.420 --> 04:01.580] been
[04:01.580 --> 04:01.900] amazing
[04:01.900 --> 04:02.240] and
[04:02.240 --> 04:02.480] they've
[04:02.480 --> 04:02.640] really
[04:02.640 --> 04:02.800] helped
[04:02.800 --> 04:02.940] me
[04:02.940 --> 04:03.040] with
[04:03.140 --> 04:03.260] like
[04:03.300 --> 04:03.480] getting
[04:03.480 --> 04:03.660] used
[04:03.660 --> 04:03.820] to
[04:03.820 --> 04:03.940] Iowa
[04:03.940 --> 04:04.160] [*]
[04:04.160 --> 04:04.260] City
[04:04.260 --> 04:04.720] [*]
[04:04.720 --> 04:05.040] and
[04:05.340 --> 04:05.680] um
[04:05.840 --> 04:06.060] everything
[04:06.060 --> 04:06.200] that
[04:06.200 --> 04:06.340] comes
[04:06.340 --> 04:06.420] with
[04:06.420 --> 04:06.660] [*]
[04:06.660 --> 04:06.780] college
[04:06.780 --> 04:07.240] and
[04:07.240 --> 04:07.460] just
[04:07.560 --> 04:07.820] like
[04:07.920 --> 04:08.420] [*]
[04:08.420 --> 04:08.780] yeah
[04:08.780 --> 04:08.980] So
[04:08.980 --> 04:09.220] that's
[04:09.220 --> 04:09.340] been
[04:09.340 --> 04:09.600] very
[04:09.600 --> 04:10.060] [*]
[04:10.060 --> 04:10.560] helpful
[04:10.620 --> 04:10.800] too
[04:10.860 --> 04:10.940] with
[04:10.940 --> 04:11.040] the
[04:11.040 --> 04:11.380] transition
[04:19.720 --> 04:20.160] [*]
[04:20.160 --> 04:20.340] Um
[04:29.520 --> 04:31.820] [*]
[04:31.820 --> 04:32.280] I
[04:32.280 --> 04:32.540] [*]
[04:32.540 --> 04:32.740] think
[04:33.200 --> 04:33.740] I
[04:33.740 --> 04:34.540] [*]
[04:34.540 --> 04:34.840] don't
[04:34.840 --> 04:34.980] know
[04:39.360 --> 04:40.020] Yeah
[04:40.140 --> 04:40.380] I'm
[04:40.380 --> 04:40.840] from
[04:40.840 --> 04:41.280] Iowa
[04:43.160 --> 04:43.840] Yeah
[04:43.980 --> 04:44.160] so
[04:44.160 --> 04:44.520] that's
[04:44.520 --> 04:44.660] nice
[04:44.660 --> 04:44.900] as
[04:44.900 --> 04:44.980] I
[04:44.980 --> 04:45.380] can...
[04:45.380 --> 04:45.600] It's
[04:45.600 --> 04:45.760] only
[04:45.760 --> 04:45.860] an
[04:45.860 --> 04:46.000] hour
[04:46.000 --> 04:46.060] and
[04:46.060 --> 04:46.160] a
[04:46.160 --> 04:46.280] half
[04:46.280 --> 04:46.460] to
[04:46.460 --> 04:46.560] go
[04:46.560 --> 04:46.760] home
[04:46.840 --> 04:46.960] so
[04:47.020 --> 04:47.180] like
[04:47.260 --> 04:47.680] when
[04:47.680 --> 04:47.900] there's
[04:47.900 --> 04:48.020] been
[04:48.020 --> 04:48.300] emergencies
[04:48.460 --> 04:48.680] I've
[04:48.680 --> 04:48.740] been
[04:48.740 --> 04:48.880] able
[04:48.880 --> 04:49.040] to
[04:49.040 --> 04:49.200] go
[04:49.200 --> 04:49.460] home
[04:49.460 --> 04:49.660] same
[04:49.660 --> 04:49.980] day
[04:49.980 --> 04:50.080] and
[04:50.080 --> 04:50.240] come
[04:50.240 --> 04:50.520] back
[04:51.060 --> 04:51.560] So
[04:51.640 --> 04:51.720] like
[04:51.780 --> 04:51.920] that's
[04:51.920 --> 04:52.080] been
[04:52.080 --> 04:52.380] nice
[04:52.540 --> 04:53.140] not
[04:53.140 --> 04:53.360] being
[04:53.360 --> 04:53.500] so
[04:53.500 --> 04:53.700] far
[04:53.700 --> 04:53.880] from
[04:53.880 --> 04:54.120] home
[04:54.120 --> 04:54.480] Yeah
[04:59.480 --> 05:05.020] [*]
[05:05.020 --> 05:05.440] Um
[05:05.700 --> 05:06.220] [*]
[05:06.220 --> 05:06.460] I
[05:06.460 --> 05:06.760] plan
[05:06.760 --> 05:06.960] on
[05:06.960 --> 05:07.200] applying
[05:07.200 --> 05:07.400] to
[05:07.400 --> 05:07.520] grad
[05:07.520 --> 05:07.700] [*]
[05:07.700 --> 05:07.860] school
[05:07.860 --> 05:08.140] [*]
[05:08.140 --> 05:08.720] next
[05:08.720 --> 05:09.440] [*]
[05:09.440 --> 05:09.600] fall
[05:09.600 --> 05:09.920] and
[05:09.920 --> 05:10.120] then
[05:10.120 --> 05:10.320] going
[05:10.320 --> 05:10.540] to
[05:10.540 --> 05:10.960] genetics
[05:10.960 --> 05:11.740] [*]
[05:11.740 --> 05:12.320] research
[05:12.320 --> 05:12.640] grad
[05:12.640 --> 05:13.100] program
[05:13.100 --> 05:13.460] [*]
[05:13.460 --> 05:13.680] and
[05:13.680 --> 05:13.860] get
[05:13.860 --> 05:13.960] my
[05:13.960 --> 05:14.520] PhD
[05:14.560 --> 05:14.880] [*]
[05:14.880 --> 05:15.260] in
[05:15.260 --> 05:15.820] genetics
[05:15.820 --> 05:16.380] [*]
[05:16.380 --> 05:16.880] so
[05:16.880 --> 05:17.020] that
[05:17.020 --> 05:17.180] I
[05:17.180 --> 05:17.360] can
[05:17.360 --> 05:17.440] do
[05:17.440 --> 05:17.760] genetics
[05:17.760 --> 05:18.080] [*]
[05:18.080 --> 05:18.360] research
[05:18.360 --> 05:18.660] in
[05:18.660 --> 05:18.820] the
[05:18.820 --> 05:19.040] future
[05:19.220 --> 05:19.860] [*]
[05:19.860 --> 05:20.280] either
[05:20.440 --> 05:21.120] most
[05:21.120 --> 05:21.460] likely
[05:21.460 --> 05:21.780] industry
[05:21.780 --> 05:22.340] research
[05:22.440 --> 05:22.720] not
[05:22.720 --> 05:23.080] academia
[05:24.440 --> 05:24.440] And
[05:24.440 --> 05:24.620] then
[05:24.900 --> 05:25.140] [*]
[05:25.140 --> 05:25.760] um
[05:25.900 --> 05:26.560] [*]
[05:26.560 --> 05:27.380] other
[05:27.380 --> 05:27.880] goals
[05:27.880 --> 05:28.260] are
[05:28.380 --> 05:28.580] like
[05:28.600 --> 05:29.020] future
[05:29.480 --> 05:30.000] Um
[05:30.140 --> 05:30.340] I
[05:30.340 --> 05:30.420] want
[05:30.420 --> 05:30.500] to
[05:30.500 --> 05:30.560] have
[05:30.560 --> 05:30.660] a
[05:30.660 --> 05:31.000] family
[05:31.000 --> 05:31.280] [*]
[05:31.280 --> 05:31.440] and
[05:31.440 --> 05:31.740] get
[05:31.740 --> 05:32.120] married
[05:32.560 --> 05:33.120] Um
[05:36.580 --> 05:37.000] And
[05:37.100 --> 05:37.300] yeah
[05:42.140 --> 05:42.700] Um
[05:42.920 --> 05:43.400] I'm
[05:43.400 --> 05:43.440] kind
[05:43.440 --> 05:43.580] of
[05:43.580 --> 05:43.720] looking
[05:43.720 --> 05:43.900] all
[05:43.900 --> 05:44.160] over
[05:44.160 --> 05:44.660] I'll
[05:44.660 --> 05:44.840] apply
[05:44.840 --> 05:44.960] to
[05:44.960 --> 05:45.280] Iowa
[05:45.400 --> 05:45.520] but
[05:45.520 --> 05:45.660] I'm
[05:45.660 --> 05:45.800] also
[05:45.800 --> 05:46.020] looking
[05:46.020 --> 05:46.220] at
[05:46.280 --> 05:46.380] like
[05:46.420 --> 05:46.860] USC
[05:47.080 --> 05:47.920] UC
[05:47.920 --> 05:48.100] [*]
[05:48.100 --> 05:48.240] Santa
[05:48.580 --> 05:49.160] [*]
[05:49.160 --> 05:49.380] Monica
[05:49.660 --> 05:49.940] [*]
[05:49.940 --> 05:50.520] um
[05:50.820 --> 05:51.140] [*]
[05:51.140 --> 05:51.620] a
[05:51.620 --> 05:51.840] couple
[05:51.840 --> 05:52.000] schools
[05:52.000 --> 05:52.140] in
[05:52.140 --> 05:52.420] Michigan
[05:52.920 --> 05:53.400] So
[05:53.400 --> 05:53.620] it's
[05:53.620 --> 05:53.680] kind
[05:53.680 --> 05:53.880] of
[05:53.880 --> 05:54.080] all
[05:54.080 --> 05:54.340] over
[05:54.340 --> 05:54.440] the
[05:54.440 --> 05:54.720] place
[05:54.720 --> 05:55.260] I'm
[05:55.260 --> 05:55.360] looking
[05:55.360 --> 05:55.440] at
[05:55.440 --> 05:56.220] [*]
[05:56.220 --> 05:56.340] Stanford
[05:56.600 --> 05:56.740] a
[05:56.740 --> 05:56.860] couple
[05:56.860 --> 05:57.120] top
[05:57.160 --> 05:57.420] like
[05:57.460 --> 05:57.840] genetics
[05:57.840 --> 05:58.180] research
[05:58.180 --> 05:58.660] programs
[05:59.480 --> 06:02.000] [*]
[06:02.000 --> 06:02.840] Um
[06:03.100 --> 06:03.380] [*]
[06:03.380 --> 06:04.280] I
[06:04.280 --> 06:04.500] really
[06:04.500 --> 06:04.720] like
[06:04.720 --> 06:05.000] USC
[06:05.340 --> 06:05.860] [*]
[06:05.860 --> 06:06.360] um
[06:06.580 --> 06:07.080] or
[06:07.080 --> 06:07.560] Iowa
[06:07.560 --> 06:07.980] Iowa's
[06:07.980 --> 06:08.160] pretty
[06:08.160 --> 06:08.500] good
[06:08.500 --> 06:08.800] Um
[06:09.140 --> 06:21.360] [*]
[06:21.360 --> 06:21.780] Being
[06:21.780 --> 06:22.740] [*]
[06:22.740 --> 06:23.000] good
[06:23.000 --> 06:23.140] at
[06:23.240 --> 06:23.440] like
[06:23.620 --> 06:24.180] [*]
[06:24.180 --> 06:24.700] school
[06:24.700 --> 06:25.480] and
[06:25.480 --> 06:26.160] [*]
[06:26.160 --> 06:26.320] academics
[06:28.400 --> 06:28.860] Um
[06:29.480 --> 06:29.480] Working
[06:29.480 --> 06:29.480] very
[06:29.480 --> 06:29.480] hard
[06:29.480 --> 06:29.780] [*]
[06:29.780 --> 06:30.160] um
[06:30.160 --> 06:32.400] [*]
[06:32.400 --> 06:33.120] helping
[06:33.120 --> 06:33.560] others
[06:33.820 --> 06:34.180] works
[06:34.180 --> 06:34.280] with
[06:34.280 --> 06:34.480] everyone
[06:34.480 --> 06:34.700] else
[06:34.700 --> 06:34.960] first
[06:34.960 --> 06:36.160] [*]
[06:36.160 --> 06:36.720] Um
[06:43.940 --> 06:45.340] [*]
[06:45.340 --> 06:46.060] Um
[06:46.060 --> 06:46.860] [*]
[06:46.860 --> 06:47.000] good
[06:47.000 --> 06:47.200] at
[06:47.200 --> 06:47.540] writing
[06:47.540 --> 06:47.960] Um
[06:48.280 --> 06:48.680] [*]
[06:48.680 --> 06:49.000] Good
[06:49.000 --> 06:49.560] atucaлю
[06:49.560 --> 06:49.620] not
[06:49.620 --> 06:49.620] good
[06:49.620 --> 06:50.100] [*]
[06:50.100 --> 06:50.440] at
[06:50.440 --> 06:52.360] [*]
[06:52.360 --> 06:52.660] Russian
[06:57.100 --> 06:57.100] I
[06:57.100 --> 06:57.100] am
[06:57.100 --> 06:57.400] Really
[06:57.400 --> 06:57.640] good
[06:57.640 --> 06:57.880] [*]
[06:57.880 --> 06:58.140] Um
[06:58.620 --> 06:58.880] University
[06:59.360 --> 07:05.260] [*]
[07:05.260 --> 07:06.080] Running
[07:06.520 --> 07:06.920] [*]
[07:06.920 --> 07:07.960] I'm
[07:07.960 --> 07:08.000] good
[07:08.000 --> 07:08.140] at
[07:08.140 --> 07:08.340] running
[07:08.500 --> 07:09.400] I
[07:09.400 --> 07:09.640] ran
[07:09.640 --> 07:09.740] a
[07:09.740 --> 07:10.060] marathon
[07:10.060 --> 07:11.120] [*]
[07:11.120 --> 07:11.440] this
[07:11.440 --> 07:11.840] fall
[07:12.000 --> 07:13.860] [*]
[07:13.860 --> 07:14.300] and
[07:14.300 --> 07:19.260] I'd
[07:19.260 --> 07:24.460] [*]
[07:24.460 --> 07:24.600] say
[07:24.600 --> 07:24.920] research
[07:25.100 --> 07:25.260] I
[07:25.260 --> 07:25.380] spent
[07:25.380 --> 07:25.520] a
[07:25.520 --> 07:25.640] lot
[07:25.640 --> 07:25.800] of
[07:25.800 --> 07:25.920] time
[07:25.920 --> 07:26.020] doing
[07:26.020 --> 07:26.280] research
[07:26.280 --> 07:26.580] over
[07:26.580 --> 07:26.760] like
[07:26.760 --> 07:26.880] the
[07:26.880 --> 07:27.060] last
[07:27.060 --> 07:27.420] seven
[07:27.420 --> 07:27.820] years
[07:27.980 --> 07:28.780] [*]
[07:28.780 --> 07:29.040] Kind
[07:29.040 --> 07:29.200] of
[07:29.200 --> 07:29.320] a
[07:29.320 --> 07:29.460] big
[07:29.460 --> 07:29.640] part
[07:29.640 --> 07:29.740] of
[07:29.740 --> 07:29.860] my
[07:29.860 --> 07:30.080] life
[07:30.240 --> 07:31.000] spent
[07:31.000 --> 07:31.120] a
[07:31.120 --> 07:31.280] lot
[07:31.280 --> 07:31.360] of
[07:31.360 --> 07:31.460] time
[07:31.460 --> 07:31.660] doing
[07:31.660 --> 07:31.920] it
[07:31.960 --> 07:35.280] I've
[07:35.280 --> 07:35.440] been
[07:35.440 --> 07:35.640] told
[07:35.640 --> 07:35.840] I'm
[07:35.840 --> 07:35.940] good
[07:35.940 --> 07:36.080] at
[07:36.080 --> 07:36.180] like
[07:36.180 --> 07:36.520] [*]
[07:36.520 --> 07:36.620] organizing
[07:37.440 --> 07:38.240] I'm
[07:38.240 --> 07:38.260] a
[07:38.260 --> 07:38.520] very
[07:38.520 --> 07:39.400] perfectionist
[07:39.420 --> 07:39.600] so
[07:39.600 --> 07:39.760] like
[07:39.760 --> 07:40.780] [*]
[07:40.780 --> 07:40.880] organizing
[07:40.880 --> 07:41.200] like
[07:41.200 --> 07:41.600] different
[07:41.600 --> 07:41.980] events
[07:41.980 --> 07:42.380] and
[07:42.380 --> 07:42.620] things
[07:42.620 --> 07:42.820] like
[07:42.820 --> 07:43.060] that
[07:52.800 --> 07:53.320] [*]
[07:53.320 --> 07:53.580] Social
[07:53.580 --> 07:54.060] [*]
[07:54.060 --> 07:54.200] experiences
[07:54.200 --> 07:54.600] and
[07:54.600 --> 07:54.840] like
[07:54.840 --> 07:55.260] interacting
[07:55.260 --> 07:55.520] with
[07:55.520 --> 07:55.720] other
[07:55.720 --> 07:56.580] people
[07:56.580 --> 07:56.880] I'm
[07:56.880 --> 07:57.360] not
[07:57.360 --> 07:57.560] [*]
[07:57.560 --> 07:57.940] familiar
[07:57.940 --> 07:58.460] with
[07:58.580 --> 08:01.060] [*]
[08:01.060 --> 08:01.400] Sports
[08:02.680 --> 08:03.240] [*]
[08:03.240 --> 08:03.460] most
[08:03.460 --> 08:03.800] sports
[08:18.800 --> 08:19.160] [*]
[08:19.160 --> 08:19.460] Art
[08:19.620 --> 08:19.920] I'm
[08:19.920 --> 08:20.040] really
[08:20.040 --> 08:20.200] bad
[08:20.200 --> 08:20.300] at
[08:20.300 --> 08:20.580] art
[08:25.040 --> 08:30.540] [*]
[08:30.540 --> 08:31.160] Um
[08:31.480 --> 08:32.020] [*]
[08:32.020 --> 08:32.280] my
[08:32.280 --> 08:32.560] social
[08:32.560 --> 08:32.940] skills
[08:32.940 --> 08:33.100] and
[08:33.100 --> 08:33.420] like
[08:33.420 --> 08:33.820] [*]
[08:33.820 --> 08:34.500] small
[08:34.500 --> 08:34.780] talk
[08:34.780 --> 08:35.260] conversation
[08:35.260 --> 08:36.400] [*]
[08:36.400 --> 08:36.720] and
[08:36.720 --> 08:37.040] putting
[08:37.040 --> 08:37.220] myself
[08:37.220 --> 08:37.420] out
[08:37.420 --> 08:37.720] there
[08:42.380 --> 08:43.380] Confidence
[08:43.380 --> 08:43.640] in
[08:43.640 --> 08:43.920] myself
[08:46.140 --> 08:46.800] Um
[08:55.100 --> 08:55.800] I'm
[08:55.800 --> 08:56.420] kind
[08:56.420 --> 08:56.700] [*]
[08:56.700 --> 08:57.080] of
[08:57.080 --> 08:57.080] like
[08:57.080 --> 08:57.080] de
[08:57.080 --> 08:57.080] toute
[08:57.080 --> 08:57.660] [*]
[08:57.660 --> 08:58.340] when
[08:58.340 --> 08:58.340] I
[08:58.340 --> 08:58.380] think
[08:58.380 --> 08:58.380] about
[08:58.380 --> 08:58.740] Amar
[08:58.740 --> 08:58.740] and
[08:58.740 --> 08:58.740] Les
[08:59.520 --> 08:59.800] How
[08:59.800 --> 08:59.800] I
[08:59.800 --> 08:59.800] approach
[08:59.800 --> 09:00.220] [*]
[09:00.220 --> 09:00.560] situ-
[09:00.560 --> 09:00.920] different
[09:00.920 --> 09:01.240] [*]
[09:01.240 --> 09:01.420] situations
[09:01.420 --> 09:02.180] that
[09:02.180 --> 09:02.400] I'm
[09:02.400 --> 09:02.480] not
[09:02.480 --> 09:02.660] used
[09:02.660 --> 09:02.940] to
[09:02.960 --> 09:03.180] Like
[09:03.180 --> 09:03.440] how
[09:03.440 --> 09:04.180] [*]
[09:04.180 --> 09:04.460] I
[09:04.460 --> 09:04.800] initially
[09:04.800 --> 09:05.280] respond
[09:13.580 --> 09:13.960] Yeah
[09:22.000 --> 09:22.500] Um
[09:22.960 --> 09:23.260] [*]
[09:23.260 --> 09:23.840] So
[09:23.840 --> 09:24.060] [*]
[09:24.060 --> 09:24.260] I
[09:24.260 --> 09:24.660] am
[09:24.660 --> 09:24.760] the
[09:24.760 --> 09:24.980] student
[09:24.980 --> 09:25.080] representative
[09:25.080 --> 09:25.080] so
[09:25.080 --> 09:25.080] I'm
[09:25.080 --> 09:25.080] sorta
[09:25.080 --> 09:25.080] like-
[09:25.080 --> 09:25.180] Okay
[09:25.180 --> 09:25.440] Okay
[09:25.440 --> 09:25.560] Uh-huh
[09:25.560 --> 09:25.880] [*]
[09:25.880 --> 09:26.220] representative
[09:26.220 --> 09:26.620] [*]
[09:26.620 --> 09:27.120] for
[09:27.120 --> 09:27.380] [*]
[09:27.380 --> 09:27.980] society
[09:27.980 --> 09:28.000] [*]
[09:28.000 --> 09:28.400] for
[09:28.400 --> 09:28.460] in
[09:28.460 --> 09:28.700] vitro
[09:28.700 --> 09:28.940] biology
[09:28.940 --> 09:29.220] which
[09:29.220 --> 09:29.360] is
[09:29.360 --> 09:29.580] like
[09:29.580 --> 09:29.760] an
[09:29.760 --> 09:30.100] international
[09:30.100 --> 09:31.780] research
[09:31.780 --> 09:32.380] [*]
[09:32.380 --> 09:32.960] type
[09:32.960 --> 09:33.460] organization
[09:33.460 --> 09:34.700] [*]
[09:34.700 --> 09:35.060] and
[09:35.060 --> 09:35.740] [*]
[09:35.740 --> 09:36.520] I
[09:36.520 --> 09:37.200] planned
[09:37.200 --> 09:38.320] [*]
[09:38.320 --> 09:38.800] the
[09:38.800 --> 09:39.620] CRISPR
[09:39.620 --> 09:40.300] [*]
[09:40.300 --> 09:40.480] gene
[09:40.480 --> 09:40.840] editing
[09:40.840 --> 09:41.460] workshop
[09:41.460 --> 09:41.660] for
[09:41.660 --> 09:41.800] the
[09:41.800 --> 09:42.060] students
[09:42.060 --> 09:43.000] and
[09:43.000 --> 09:43.260] [*]
[09:43.260 --> 09:43.640] I
[09:43.640 --> 09:43.900] got
[09:43.900 --> 09:43.960] a
[09:43.960 --> 09:44.080] lot
[09:44.080 --> 09:44.200] of
[09:44.200 --> 09:44.420] compliments
[09:44.420 --> 09:44.660] so
[09:44.660 --> 09:44.820] that
[09:44.820 --> 09:44.940] I
[09:44.940 --> 09:45.060] was
[09:45.060 --> 09:45.400] organized
[09:45.400 --> 09:45.640] that
[09:45.640 --> 09:45.880] very
[09:45.880 --> 09:46.180] well
[09:46.180 --> 09:46.340] and
[09:46.340 --> 09:46.480] made
[09:46.480 --> 09:46.580] it
[09:46.580 --> 09:46.820] very
[09:46.820 --> 09:47.400] interactive
[09:47.400 --> 09:47.620] for
[09:47.620 --> 09:47.760] the
[09:47.760 --> 09:48.040] students
[09:48.040 --> 09:48.420] I
[09:48.420 --> 09:48.640] feel
[09:48.640 --> 09:48.720] like
[09:48.720 --> 09:48.780] that
[09:48.780 --> 09:48.940] was
[09:48.940 --> 09:49.120] something
[09:49.120 --> 09:49.240] that
[09:49.240 --> 09:49.380] I
[09:49.380 --> 09:49.520] did
[09:49.520 --> 09:49.740] really
[09:49.740 --> 09:50.000] well
[09:50.000 --> 09:50.120] on
[09:50.120 --> 09:50.320] like
[09:50.320 --> 09:50.520] the
[09:50.520 --> 09:50.680] planning
[09:50.680 --> 09:51.760] [*]
[09:51.760 --> 09:52.740] communicating
[09:52.740 --> 09:53.160] [*]
[09:53.160 --> 09:53.620] with
[09:53.620 --> 09:53.860] [*]
[09:53.860 --> 09:54.300] different
[09:54.300 --> 09:55.260] [*]
[09:55.260 --> 09:55.540] vendors
[09:55.540 --> 09:55.800] and
[09:55.800 --> 09:56.100] stuff
[09:56.100 --> 09:56.260] to
[09:56.260 --> 09:56.420] get
[09:56.420 --> 09:56.600] free
[09:56.600 --> 09:56.920] kits
[09:56.920 --> 09:57.040] for
[09:57.040 --> 09:57.260] the
[09:57.260 --> 09:57.500] students
[09:57.500 --> 09:57.800] and
[09:57.800 --> 09:57.920] then
[09:57.920 --> 09:58.180] also
[09:58.180 --> 09:58.380] [*]
[09:58.380 --> 09:58.540] finding
[09:58.540 --> 09:58.800] a
[09:58.800 --> 09:59.040] couple
[09:59.040 --> 09:59.220] other
[09:59.220 --> 09:59.580] speakers
[09:59.580 --> 09:59.800] [*]
[09:59.800 --> 10:00.020] who
[10:00.020 --> 10:00.220] were
[10:00.220 --> 10:00.560] experts
[10:00.560 --> 10:00.860] in
[10:00.860 --> 10:01.020] the
[10:01.020 --> 10:01.300] field
[10:01.300 --> 10:02.280] [*]
[10:02.280 --> 10:02.580] and
[10:02.580 --> 10:02.820] then
[10:02.820 --> 10:03.020] running
[10:03.020 --> 10:03.340] it
[10:03.340 --> 10:03.820] so
[10:08.240 --> 10:08.520] [*]
[10:08.520 --> 10:08.880] it
[10:08.880 --> 10:09.040] felt
[10:09.040 --> 10:09.300] really
[10:09.300 --> 10:09.500] [*]
[10:09.500 --> 10:09.640] good
[10:09.640 --> 10:10.500] [*]
[10:10.500 --> 10:10.720] I
[10:10.720 --> 10:11.520] [*]
[10:11.520 --> 10:11.660] felt
[10:11.660 --> 10:11.880] like
[10:11.880 --> 10:11.940] I
[10:11.940 --> 10:12.140] was
[10:12.140 --> 10:12.420] like
[10:12.420 --> 10:12.940] [*]
[10:12.940 --> 10:13.320] a
[10:13.320 --> 10:13.480] [*]
[10:13.480 --> 10:13.680] beneficial
[10:13.680 --> 10:14.600] asset
[10:14.600 --> 10:15.320] [*]
[10:15.320 --> 10:15.620] to
[10:15.620 --> 10:15.760] the
[10:15.760 --> 10:16.080] organization
[10:16.080 --> 10:16.380] and
[10:16.380 --> 10:16.680] like
[10:17.200 --> 10:17.820] that
[10:17.820 --> 10:17.960] I
[10:17.960 --> 10:18.140] helped
[10:18.140 --> 10:18.460] others
[10:18.460 --> 10:18.880] and
[10:18.880 --> 10:19.220] I
[10:19.220 --> 10:19.420] don't
[10:19.420 --> 10:19.460] know
[10:19.460 --> 10:19.520] it
[10:19.520 --> 10:19.640] just
[10:19.640 --> 10:19.700] made
[10:19.700 --> 10:19.840] me
[10:19.840 --> 10:19.980] feel
[10:19.980 --> 10:20.160] really
[10:20.160 --> 10:20.400] good
[10:33.100 --> 10:33.100] I
[10:33.100 --> 10:33.440] think
[10:33.440 --> 10:33.660] because
[10:33.660 --> 10:34.680] [*]
[10:34.680 --> 10:34.860] I'm
[10:34.860 --> 10:35.080] interested
[10:35.080 --> 10:35.480] in
[10:35.480 --> 10:35.620] the
[10:35.620 --> 10:35.920] subject
[10:35.920 --> 10:36.320] and
[10:36.320 --> 10:36.700] [*]
[10:36.700 --> 10:37.140] I
[10:37.140 --> 10:37.500] love
[10:37.500 --> 10:38.100] [*]
[10:38.100 --> 10:38.300] teaching
[10:38.300 --> 10:38.880] [*]
[10:38.880 --> 10:39.160] and
[10:39.160 --> 10:39.520] so
[10:39.520 --> 10:39.820] I
[10:39.820 --> 10:40.200] think
[10:40.480 --> 10:40.980] [*]
[10:40.980 --> 10:41.160] have
[10:41.160 --> 10:41.300] an
[10:41.300 --> 10:41.620] opportunity
[10:41.620 --> 10:41.860] to
[10:41.860 --> 10:42.020] teach
[10:42.020 --> 10:42.220] other
[10:42.220 --> 10:42.440] [*]
[10:42.440 --> 10:42.580] students
[10:42.580 --> 10:43.020] [*]
[10:43.020 --> 10:43.900] and
[10:43.900 --> 10:44.120] [*]
[10:44.120 --> 10:44.340] then
[10:44.340 --> 10:45.960] [*]
[10:45.960 --> 10:46.120] I
[10:46.120 --> 10:47.620] [*]
[10:47.620 --> 10:47.820] think
[10:47.820 --> 10:47.900] it
[10:47.900 --> 10:48.040] was
[10:48.040 --> 10:48.120] a
[10:48.120 --> 10:48.400] really
[10:49.120 --> 10:49.820] I
[10:49.820 --> 10:50.000] knew
[10:50.000 --> 10:50.080] it
[10:50.080 --> 10:50.260] was
[10:50.260 --> 10:50.280] a
[10:50.280 --> 10:50.620] really
[10:50.720 --> 10:51.160] important
[10:51.160 --> 10:51.500] [*]
[10:51.500 --> 10:52.300] part
[10:52.300 --> 10:52.740] of
[10:52.740 --> 10:52.920] the
[10:52.920 --> 10:53.400] program
[10:53.400 --> 10:53.800] that
[10:53.800 --> 10:54.220] like
[10:54.220 --> 10:54.380] [*]
[10:54.380 --> 10:54.580] the
[10:54.580 --> 10:54.940] annual
[10:54.940 --> 10:55.300] meeting
[10:55.300 --> 10:55.800] [*]
[10:55.800 --> 10:56.240] and
[10:56.240 --> 10:56.500] [*]
[10:56.500 --> 10:56.860] that
[10:56.860 --> 10:57.080] they
[10:57.080 --> 10:57.360] trusted
[10:57.360 --> 10:57.520] me
[10:57.520 --> 10:57.620] to
[10:57.620 --> 10:57.760] it
[10:57.760 --> 10:57.900] I
[10:57.900 --> 10:58.060] knew
[10:58.060 --> 10:58.140] I
[10:58.140 --> 10:58.360] needed
[10:58.360 --> 10:58.480] to
[10:58.480 --> 10:58.600] do
[10:58.600 --> 10:58.700] a
[10:58.700 --> 10:58.800] good
[10:58.800 --> 10:59.020] job
[10:59.020 --> 10:59.180] if
[10:59.180 --> 10:59.260] I
[10:59.260 --> 10:59.400] want
[10:59.400 --> 10:59.520] to
[10:59.520 --> 10:59.660] do
[10:59.660 --> 10:59.920] like
[10:59.920 --> 10:59.980] [*]
[10:59.980 --> 11:00.840] continue
[11:00.840 --> 11:01.640] um
[11:01.640 --> 11:02.160] keeping
[11:02.160 --> 11:02.540] a
[11:02.540 --> 11:03.160] leadership
[11:03.160 --> 11:03.420] role
[11:03.420 --> 11:03.740] in
[11:03.740 --> 11:03.860] the
[11:03.860 --> 11:04.240] organization
[11:04.240 --> 11:04.720] especially
[11:04.720 --> 11:05.120] [*]
[11:05.120 --> 11:05.440] being
[11:05.440 --> 11:05.620] the
[11:05.620 --> 11:05.780] youngest
[11:05.780 --> 11:06.100] one
[11:06.100 --> 11:06.160] [*]
[11:06.160 --> 11:07.640] that
[11:07.640 --> 11:08.700] [*]
[11:08.700 --> 11:08.800] I
[11:08.800 --> 11:09.460] needed
[11:09.460 --> 11:09.580] to
[11:09.580 --> 11:09.780] do
[11:09.780 --> 11:10.060] well
[11:10.060 --> 11:10.460] and
[11:10.460 --> 11:10.760] that
[11:10.760 --> 11:10.980] to
[11:10.980 --> 11:11.260] show
[11:11.260 --> 11:11.480] my
[11:11.480 --> 11:11.860] commitment
[11:11.860 --> 11:12.520] as
[11:12.520 --> 11:12.700] [*]
[11:12.700 --> 11:12.820] well
[11:17.680 --> 11:18.340] um
[11:18.340 --> 11:19.040] since
[11:19.040 --> 11:19.260] I
[11:19.260 --> 11:19.660] graduated
[11:19.660 --> 11:19.940] my
[11:19.940 --> 11:20.240] senior
[11:20.240 --> 11:20.520] year
[11:20.720 --> 11:21.080] the
[11:21.080 --> 11:21.340] summer
[11:21.340 --> 11:21.480] of
[11:21.480 --> 11:21.620] my
[11:21.620 --> 11:21.800] senior
[11:21.800 --> 11:22.040] year
[11:39.600 --> 11:40.180] okay
[11:40.180 --> 11:40.420] sounds
[11:40.420 --> 11:40.700] good
[11:40.700 --> 11:40.900] thank
[11:40.900 --> 11:41.100] you
