/Users/msmuhammad/workbench/miniconda3/envs/whisper/lib/python3.10/site-packages/torch/cuda/__init__.py:138: UserWarning: CUDA initialization: The NVIDIA driver on your system is too old (found version 11040). Please update your GPU driver by downloading and installing a new version from the URL: http://www.nvidia.com/Download/index.aspx Alternatively, go to: https://pytorch.org to install a PyTorch version that has been compiled with your version of the CUDA driver. (Triggered internally at ../c10/cuda/CUDAFunctions.cpp:108.)
  return torch._C._cuda_getDeviceCount() > 0
[00:00.000 --> 00:00.840] [*]
[00:00.840 --> 00:01.320] Thank
[00:01.320 --> 00:01.620] you
[00:29.500 --> 00:30.320] So
[00:30.320 --> 00:31.060] I'm
[00:31.060 --> 00:31.180] just
[00:31.180 --> 00:31.360] trying
[00:31.360 --> 00:31.520] to
[00:31.520 --> 00:31.640] stay
[00:31.640 --> 00:31.800] on
[00:31.800 --> 00:31.920] top
[00:31.920 --> 00:32.060] of
[00:32.060 --> 00:32.340] that
[00:32.480 --> 00:32.860] But
[00:32.860 --> 00:33.400] school
[00:33.400 --> 00:34.100] [*]
[00:34.100 --> 00:34.400] has
[00:34.400 --> 00:34.640] [*]
[00:34.640 --> 00:34.820] ended
[00:34.820 --> 00:35.280] a
[00:35.280 --> 00:35.600] couple
[00:35.600 --> 00:35.800] weeks
[00:35.800 --> 00:36.160] ago
[00:36.260 --> 00:36.440] So
[00:36.440 --> 00:36.640] I've
[00:36.640 --> 00:36.780] just
[00:36.780 --> 00:36.980] been
[00:36.980 --> 00:37.440] [*]
[00:37.440 --> 00:37.600] relaxing
[00:37.600 --> 00:38.020] and
[00:38.020 --> 00:38.360] trying
[00:38.360 --> 00:38.560] to
[00:38.560 --> 00:38.800] regain
[00:38.800 --> 00:39.160] my
[00:39.200 --> 00:39.740] my
[00:39.740 --> 00:40.160] energy
[00:40.160 --> 00:40.520] for
[00:40.520 --> 00:40.700] the
[00:40.700 --> 00:40.900] [*]
[00:40.900 --> 00:41.020] next
[00:41.020 --> 00:41.340] semester
[00:48.300 --> 00:48.980] Mostly
[00:48.980 --> 00:49.340] [*]
[00:49.340 --> 00:49.580] just
[00:49.580 --> 00:50.200] catching
[00:50.200 --> 00:50.420] up
[00:50.420 --> 00:50.680] on
[00:50.680 --> 00:51.060] TV
[00:51.060 --> 00:51.260] [*]
[00:51.260 --> 00:51.480] shows
[00:51.480 --> 00:51.800] that
[00:51.800 --> 00:51.980] I've
[00:51.980 --> 00:52.100] been
[00:52.100 --> 00:52.300] missing
[00:52.300 --> 00:52.560] out
[00:52.560 --> 00:52.720] [*]
[00:52.720 --> 00:52.840] on
[00:52.840 --> 00:53.100] and
[00:53.100 --> 00:53.440] reading
[00:53.440 --> 00:53.900] [*]
[00:53.900 --> 00:54.180] and
[00:54.180 --> 00:54.720] [*]
[00:54.720 --> 00:55.080] I've
[00:55.080 --> 00:55.280] been
[00:55.280 --> 00:55.680] working
[00:55.680 --> 00:56.560] [*]
[00:56.560 --> 00:56.680] so
[00:56.680 --> 00:56.900] I
[00:56.900 --> 00:57.240] don't
[00:57.240 --> 00:57.320] have
[00:57.320 --> 00:57.500] to
[00:57.500 --> 00:57.640] really
[00:57.640 --> 00:57.860] worry
[00:57.860 --> 00:58.060] about
[00:58.060 --> 00:58.320] that
[00:58.320 --> 00:58.520] with
[00:58.520 --> 00:58.700] my
[00:58.700 --> 00:58.960] busy
[00:58.960 --> 00:59.560] semester
[00:59.560 --> 00:59.800] [*]
[00:59.800 --> 00:59.900] coming
[00:59.900 --> 01:00.140] up
[01:00.140 --> 01:04.020] [*]
[01:04.020 --> 01:04.480] I
[01:04.480 --> 01:04.640] work
[01:04.640 --> 01:04.960] at
[01:04.960 --> 01:05.140] 30
[01:05.140 --> 01:05.500] hop
[01:05.520 --> 01:05.920] I
[01:05.920 --> 01:06.520] serve
[01:06.520 --> 01:06.760] and
[01:06.760 --> 01:07.240] bartender
[01:17.720 --> 01:18.180] [*]
[01:18.180 --> 01:18.440] Things
[01:18.440 --> 01:18.640] have
[01:18.640 --> 01:18.780] been
[01:18.780 --> 01:18.940] going
[01:18.940 --> 01:19.180] good
[01:19.240 --> 01:19.380] I
[01:19.380 --> 01:19.540] just
[01:19.540 --> 01:19.820] saw
[01:19.820 --> 01:20.120] them
[01:20.120 --> 01:20.360] for
[01:20.360 --> 01:20.640] the
[01:20.640 --> 01:21.020] holidays
[01:21.200 --> 01:21.440] which
[01:21.440 --> 01:21.580] was
[01:21.580 --> 01:21.820] really
[01:21.820 --> 01:22.140] nice
[01:22.280 --> 01:22.480] I
[01:22.480 --> 01:22.640] have
[01:22.640 --> 01:22.820] some
[01:22.820 --> 01:23.080] family
[01:23.080 --> 01:23.320] up
[01:23.320 --> 01:23.440] in
[01:23.440 --> 01:23.840] Wisconsin
[01:23.840 --> 01:24.380] [*]
[01:24.380 --> 01:24.540] that
[01:24.540 --> 01:24.840] I
[01:24.840 --> 01:25.040] don't
[01:25.040 --> 01:25.240] normally
[01:25.240 --> 01:25.420] get
[01:25.420 --> 01:25.540] to
[01:25.540 --> 01:25.740] see
[01:25.740 --> 01:25.860] a
[01:25.860 --> 01:26.020] [*]
[01:26.020 --> 01:26.120] lot
[01:26.260 --> 01:26.520] So
[01:26.520 --> 01:26.760] just
[01:26.760 --> 01:26.980] being
[01:26.980 --> 01:27.220] able
[01:27.220 --> 01:27.360] to
[01:27.360 --> 01:27.580] see
[01:27.580 --> 01:27.780] them
[01:27.780 --> 01:27.940] was
[01:27.940 --> 01:28.160] really
[01:28.160 --> 01:28.500] nice
[01:29.180 --> 01:29.940] And
[01:29.940 --> 01:30.040] And
[01:30.040 --> 01:30.300] then
[01:30.300 --> 01:30.580] I
[01:30.580 --> 01:30.880] just
[01:30.880 --> 01:31.000] kind
[01:31.000 --> 01:31.220] of
[01:31.220 --> 01:31.360] hung
[01:31.360 --> 01:31.580] out
[01:31.580 --> 01:31.680] at
[01:31.680 --> 01:32.000] home
[01:32.000 --> 01:32.680] for
[01:32.680 --> 01:32.800] a
[01:32.800 --> 01:33.040] week
[01:33.040 --> 01:33.140] or
[01:33.140 --> 01:33.540] so
[01:33.540 --> 01:33.900] [*]
[01:33.900 --> 01:34.340] between
[01:34.340 --> 01:34.580] my
[01:34.580 --> 01:34.840] dad's
[01:34.840 --> 01:35.000] house
[01:35.000 --> 01:35.100] and
[01:35.100 --> 01:35.220] my
[01:35.220 --> 01:35.600] mom's
[01:35.600 --> 01:35.820] house
[01:35.960 --> 01:36.580] [*]
[01:36.580 --> 01:36.980] But
[01:36.980 --> 01:37.240] [*]
[01:37.240 --> 01:37.360] yeah
[01:37.440 --> 01:37.580] it's
[01:37.580 --> 01:37.700] always
[01:37.760 --> 01:38.060] it's
[01:38.060 --> 01:38.200] always
[01:38.200 --> 01:38.400] nice
[01:38.400 --> 01:38.620] to
[01:38.620 --> 01:38.780] see
[01:38.780 --> 01:39.080] family
[01:39.080 --> 01:39.260] around
[01:39.260 --> 01:39.440] the
[01:39.440 --> 01:39.760] holidays
[01:44.720 --> 01:45.500] I
[01:45.500 --> 01:45.780] try
[01:45.780 --> 01:45.960] to
[01:45.960 --> 01:46.120] see
[01:46.120 --> 01:46.360] them
[01:46.360 --> 01:46.560] [*]
[01:46.560 --> 01:46.720] once
[01:46.720 --> 01:46.940] a
[01:46.940 --> 01:47.220] month
[01:47.380 --> 01:47.660] I
[01:47.660 --> 01:47.860] live
[01:47.860 --> 01:48.060] about
[01:48.060 --> 01:48.180] an
[01:48.180 --> 01:48.440] hour
[01:48.440 --> 01:48.740] away
[01:48.740 --> 01:48.980] from
[01:48.980 --> 01:49.300] Iowa
[01:49.300 --> 01:49.620] City
[01:49.700 --> 01:49.980] so
[01:49.980 --> 01:50.300] it's
[01:50.300 --> 01:50.480] not
[01:50.480 --> 01:50.620] that
[01:50.620 --> 01:50.800] difficult
[01:50.800 --> 01:51.100] [*]
[01:51.100 --> 01:51.460] to
[01:51.460 --> 01:51.700] go
[01:51.700 --> 01:52.000] home
[01:52.120 --> 01:52.420] But
[01:52.420 --> 01:53.200] [*]
[01:53.200 --> 01:53.780] just
[01:53.780 --> 01:54.060] kind
[01:54.060 --> 01:54.320] of
[01:54.320 --> 01:54.340] [*]
[01:54.340 --> 01:54.660] balancing
[01:55.020 --> 01:55.280] like
[01:55.280 --> 01:55.660] in
[01:55.660 --> 01:55.960] the
[01:55.960 --> 01:56.360] during
[01:56.360 --> 01:56.520] the
[01:56.520 --> 01:56.720] school
[01:56.720 --> 01:56.920] year
[01:57.000 --> 01:57.440] I'm
[01:57.440 --> 01:57.580] [*]
[01:57.580 --> 01:57.680] really
[01:57.680 --> 01:57.840] busy
[01:57.840 --> 01:58.000] [*]
[01:58.000 --> 01:58.380] with
[01:58.380 --> 01:58.920] schoolwork
[01:58.920 --> 01:59.060] and
[01:59.060 --> 01:59.300] work
[01:59.300 --> 01:59.560] and
[01:59.560 --> 01:59.780] student
[01:59.780 --> 02:00.200] orgs
[02:00.240 --> 02:00.460] So
[02:00.460 --> 02:00.840] [*]
[02:00.840 --> 02:00.960] I
[02:00.960 --> 02:01.280] don't
[02:01.280 --> 02:01.540] normally
[02:01.540 --> 02:01.980] have
[02:01.980 --> 02:02.180] the
[02:02.180 --> 02:02.540] time
[02:02.540 --> 02:02.760] to
[02:02.760 --> 02:02.940] go
[02:02.940 --> 02:03.200] home
[02:03.280 --> 02:03.580] So
[02:04.280 --> 02:04.280] over
[02:04.280 --> 02:04.660] break
[02:04.740 --> 02:04.900] I
[02:04.900 --> 02:05.020] try
[02:05.020 --> 02:05.160] to
[02:05.160 --> 02:05.240] go
[02:05.240 --> 02:05.420] home
[02:05.420 --> 02:05.560] a
[02:05.560 --> 02:05.720] lot
[02:05.760 --> 02:05.960] but
[02:05.960 --> 02:06.140] I'd
[02:06.140 --> 02:06.340] say
[02:06.340 --> 02:06.580] about
[02:06.580 --> 02:07.000] once
[02:07.000 --> 02:07.160] a
[02:07.160 --> 02:07.380] month
[02:17.340 --> 02:17.660] [*]
[02:17.660 --> 02:18.120] I
[02:18.120 --> 02:18.340] think
[02:18.340 --> 02:18.540] things
[02:18.540 --> 02:18.640] are
[02:18.640 --> 02:18.820] going
[02:18.820 --> 02:19.060] pretty
[02:19.060 --> 02:19.300] well
[02:19.360 --> 02:19.660] My
[02:19.660 --> 02:19.940] [*]
[02:19.940 --> 02:20.260] best
[02:20.260 --> 02:20.560] [*]
[02:20.560 --> 02:20.720] friend
[02:20.800 --> 02:21.040] we
[02:21.040 --> 02:21.280] roomed
[02:21.280 --> 02:21.460] together
[02:21.460 --> 02:21.840] last
[02:21.840 --> 02:22.220] year
[02:22.220 --> 02:22.640] in
[02:22.640 --> 02:22.820] the
[02:22.820 --> 02:23.320] dorms
[02:23.340 --> 02:23.640] but
[02:23.640 --> 02:24.060] she
[02:24.060 --> 02:24.460] transferred
[02:24.460 --> 02:24.740] to
[02:24.740 --> 02:24.940] Iowa
[02:24.940 --> 02:25.140] [*]
[02:25.140 --> 02:25.260] State
[02:25.400 --> 02:26.240] [*]
[02:26.240 --> 02:26.580] So
[02:26.580 --> 02:27.020] that
[02:27.020 --> 02:27.300] was
[02:27.300 --> 02:27.460] very
[02:27.460 --> 02:27.940] I
[02:27.940 --> 02:28.220] [*]
[02:28.220 --> 02:28.840] don't
[02:28.840 --> 02:28.920] get
[02:28.920 --> 02:29.020] to
[02:29.020 --> 02:29.180] see
[02:29.180 --> 02:29.320] her
[02:29.320 --> 02:29.380] a
[02:29.380 --> 02:29.560] lot
[02:29.640 --> 02:29.820] So
[02:29.820 --> 02:30.140] going
[02:30.140 --> 02:30.420] [*]
[02:30.420 --> 02:30.520] from
[02:30.540 --> 02:30.700] you
[02:30.700 --> 02:30.860] know
[02:30.860 --> 02:31.120] living
[02:31.120 --> 02:31.380] [*]
[02:31.380 --> 02:31.540] together
[02:31.540 --> 02:32.080] and
[02:32.080 --> 02:32.400] seeing
[02:32.400 --> 02:32.580] each
[02:32.580 --> 02:32.780] other
[02:32.780 --> 02:33.000] every
[02:33.000 --> 02:33.440] second
[02:33.440 --> 02:33.560] of
[02:33.560 --> 02:33.700] the
[02:33.700 --> 02:33.960] day
[02:33.960 --> 02:34.340] to
[02:34.340 --> 02:34.860] [*]
[02:34.860 --> 02:35.280] living
[02:35.280 --> 02:35.680] two
[02:35.680 --> 02:36.020] hours
[02:36.020 --> 02:36.300] away
[02:36.300 --> 02:36.480] is
[02:36.480 --> 02:36.640] kind
[02:36.640 --> 02:36.820] of
[02:36.820 --> 02:37.100] hard
[02:37.220 --> 02:37.700] [*]
[02:37.700 --> 02:38.040] But
[02:38.040 --> 02:38.260] we've
[02:38.260 --> 02:38.400] been
[02:38.400 --> 02:38.660] friends
[02:38.660 --> 02:38.820] [*]
[02:38.820 --> 02:38.940] since
[02:38.940 --> 02:39.200] sixth
[02:39.200 --> 02:39.560] grade
[02:39.640 --> 02:39.920] So
[02:39.920 --> 02:40.740] we're
[02:40.740 --> 02:40.920] doing
[02:40.920 --> 02:41.160] pretty
[02:41.160 --> 02:41.380] good
[02:41.460 --> 02:41.580] We
[02:41.580 --> 02:41.700] try
[02:41.700 --> 02:41.880] to
[02:41.880 --> 02:42.020] see
[02:42.020 --> 02:42.220] each
[02:42.220 --> 02:42.380] [*]
[02:42.380 --> 02:42.520] other
[02:42.520 --> 02:43.320] [*]
[02:43.320 --> 02:43.720] every
[02:43.720 --> 02:44.160] [*]
[02:44.160 --> 02:44.320] once
[02:44.320 --> 02:44.620] in
[02:44.620 --> 02:44.740] a
[02:44.740 --> 02:44.960] while
[02:45.100 --> 02:45.260] Like
[02:45.260 --> 02:45.480] she'll
[02:45.480 --> 02:45.640] come
[02:45.640 --> 02:45.840] to
[02:45.840 --> 02:46.000] Iowa
[02:46.000 --> 02:46.280] City
[02:46.360 --> 02:46.520] you're
[02:46.520 --> 02:46.600] all
[02:46.600 --> 02:46.720] going
[02:46.720 --> 02:46.840] to
[02:46.840 --> 02:47.240] Ames
[02:47.240 --> 02:47.420] But
[02:47.420 --> 02:47.620] then
[02:47.620 --> 02:47.800] I
[02:47.800 --> 02:48.100] also
[02:48.100 --> 02:48.300] live
[02:48.300 --> 02:48.420] with
[02:48.420 --> 02:48.580] two
[02:48.580 --> 02:48.800] other
[02:48.800 --> 02:49.000] [*]
[02:49.000 --> 02:49.160] girls
[02:49.160 --> 02:50.100] and
[02:50.100 --> 02:50.720] [*]
[02:50.720 --> 02:51.100] one
[02:51.100 --> 02:51.260] of
[02:51.260 --> 02:51.480] them
[02:51.480 --> 02:51.660] I've
[02:51.660 --> 02:51.800] been
[02:51.800 --> 02:52.020] friends
[02:52.020 --> 02:52.280] with
[02:52.280 --> 02:52.460] for
[02:52.460 --> 02:52.580] a
[02:52.580 --> 02:52.840] while
[02:52.940 --> 02:53.100] but
[02:53.100 --> 02:53.240] then
[02:53.240 --> 02:53.340] the
[02:53.340 --> 02:53.480] [*]
[02:53.480 --> 02:53.600] other
[02:53.620 --> 02:53.760] we
[02:53.760 --> 02:53.860] just
[02:53.860 --> 02:54.000] kind
[02:54.000 --> 02:54.220] of
[02:54.220 --> 02:54.560] randomly
[02:54.560 --> 02:54.940] met
[02:55.060 --> 02:55.460] [*]
[02:55.460 --> 02:55.900] So
[02:55.900 --> 02:56.660] I
[02:56.660 --> 02:56.880] was
[02:56.880 --> 02:57.220] worried
[02:57.220 --> 02:57.600] that
[02:57.600 --> 02:57.800] I
[02:57.800 --> 02:58.220] wouldn't
[02:58.220 --> 02:58.400] like
[02:58.400 --> 02:58.660] her
[02:58.680 --> 02:58.860] but
[02:58.860 --> 02:59.120] she's
[02:59.120 --> 02:59.460] amazing
[02:59.600 --> 02:59.820] I
[02:59.820 --> 02:59.940] get
[02:59.940 --> 03:00.180] along
[03:00.180 --> 03:00.340] with
[03:00.340 --> 03:00.520] them
[03:00.520 --> 03:00.720] both
[03:00.720 --> 03:00.940] very
[03:00.940 --> 03:01.200] well
[03:13.040 --> 03:13.760] Yeah
[03:13.960 --> 03:14.700] we
[03:14.700 --> 03:15.100] [*]
[03:15.100 --> 03:15.440] call
[03:15.440 --> 03:15.720] each
[03:15.720 --> 03:15.940] other
[03:15.940 --> 03:16.060] a
[03:16.060 --> 03:16.220] lot
[03:16.220 --> 03:16.360] and
[03:16.360 --> 03:16.540] we
[03:16.540 --> 03:16.820] [*]
[03:16.820 --> 03:16.980] definitely
[03:16.980 --> 03:17.400] Snapchat
[03:17.400 --> 03:17.700] a
[03:17.700 --> 03:18.020] lot
[03:18.100 --> 03:18.920] We
[03:18.920 --> 03:19.180] both
[03:19.180 --> 03:19.380] are
[03:19.380 --> 03:19.580] from
[03:19.580 --> 03:19.740] the
[03:19.740 --> 03:19.920] same
[03:19.920 --> 03:20.200] hometown
[03:20.460 --> 03:20.680] So
[03:20.680 --> 03:21.440] [*]
[03:21.440 --> 03:21.540] whenever
[03:21.540 --> 03:21.760] we
[03:21.760 --> 03:21.960] go
[03:21.960 --> 03:22.300] home
[03:22.400 --> 03:22.700] we
[03:22.700 --> 03:22.840] try
[03:22.840 --> 03:23.100] to
[03:23.100 --> 03:23.520] meet
[03:23.520 --> 03:24.200] [*]
[03:24.200 --> 03:24.400] up
[03:24.400 --> 03:24.540] [*]
[03:24.540 --> 03:24.680] and
[03:24.680 --> 03:24.840] like
[03:24.840 --> 03:25.020] get
[03:25.020 --> 03:25.080] [*]
[03:25.080 --> 03:25.340] together
[03:25.500 --> 03:25.800] So
[03:25.800 --> 03:26.100] over
[03:26.100 --> 03:26.400] winter
[03:26.400 --> 03:26.640] break
[03:26.640 --> 03:26.800] when
[03:26.800 --> 03:26.920] I
[03:26.920 --> 03:27.080] was
[03:27.080 --> 03:27.260] home
[03:27.320 --> 03:27.420] I
[03:27.420 --> 03:27.520] got
[03:27.520 --> 03:27.700] to
[03:27.700 --> 03:27.800] see
[03:27.800 --> 03:27.980] her
[03:28.020 --> 03:28.200] So
[03:28.200 --> 03:28.240] I'm
[03:28.240 --> 03:28.240] really
[03:28.240 --> 03:28.240] excited
[03:28.240 --> 03:28.240] about
[03:28.240 --> 03:28.240] that
[03:28.240 --> 03:28.300] I
[03:28.300 --> 03:28.300] got
[03:28.300 --> 03:28.300] to
[03:28.300 --> 03:28.300] see
[03:28.300 --> 03:28.300] her
[03:28.300 --> 03:28.300] a
[03:28.300 --> 03:28.300] couple
[03:28.300 --> 03:28.380] of
[03:28.380 --> 03:28.640] times
[03:28.840 --> 03:29.280] And
[03:29.280 --> 03:29.420] then
[03:29.420 --> 03:29.540] we
[03:29.540 --> 03:29.780] made
[03:29.780 --> 03:29.920] some
[03:29.920 --> 03:30.320] plans
[03:30.320 --> 03:30.540] for
[03:30.540 --> 03:30.680] the
[03:30.680 --> 03:31.000] next
[03:31.000 --> 03:31.280] couple
[03:31.280 --> 03:31.380] of
[03:31.380 --> 03:31.580] months
[03:31.580 --> 03:31.740] of
[03:31.740 --> 03:31.960] like
[03:32.060 --> 03:32.440] I'll
[03:32.440 --> 03:32.560] go
[03:32.560 --> 03:32.680] to
[03:32.680 --> 03:33.200] Ames
[03:33.200 --> 03:33.340] or
[03:33.340 --> 03:33.660] she'll
[03:33.660 --> 03:33.820] come
[03:33.820 --> 03:33.960] up
[03:33.960 --> 03:34.120] to
[03:34.120 --> 03:34.280] Iowa
[03:34.280 --> 03:34.580] City
[03:34.580 --> 03:34.740] and
[03:34.740 --> 03:35.020] hang
[03:35.020 --> 03:35.360] out
[03:35.380 --> 03:35.720] So
[03:35.720 --> 03:36.440] I'm
[03:36.440 --> 03:36.600] excited
[03:42.620 --> 03:43.260] Yeah
[03:43.500 --> 03:43.880] [*]
[03:43.880 --> 03:44.340] but
[03:44.340 --> 03:44.880] her
[03:44.880 --> 03:45.220] family
[03:45.220 --> 03:45.400] is
[03:45.400 --> 03:45.540] a
[03:45.540 --> 03:45.860] very
[03:45.860 --> 03:46.160] big
[03:46.160 --> 03:46.460] Iowa
[03:46.460 --> 03:46.720] State
[03:46.720 --> 03:47.160] family
[03:47.220 --> 03:47.400] So
[03:47.400 --> 03:47.520] I
[03:47.520 --> 03:47.680] kind
[03:47.680 --> 03:47.960] of
[03:47.960 --> 03:48.140] it
[03:48.140 --> 03:48.280] was
[03:48.280 --> 03:48.400] kind
[03:48.400 --> 03:48.580] of
[03:48.580 --> 03:48.980] inevitable
[03:48.980 --> 03:49.320] for
[03:49.320 --> 03:49.520] her
[03:49.520 --> 03:49.600] to
[03:49.600 --> 03:49.780] go
[03:49.780 --> 03:49.920] to
[03:49.920 --> 03:50.160] Iowa
[03:50.160 --> 03:50.420] State
[03:50.520 --> 03:50.780] but
[03:50.780 --> 03:51.320] she
[03:51.320 --> 03:51.660] liked
[03:51.660 --> 03:52.060] Iowa
[03:52.220 --> 03:52.840] [*]
[03:52.840 --> 03:53.320] but
[03:53.320 --> 03:53.600] just
[03:53.600 --> 03:53.840] liked
[03:53.840 --> 03:53.980] Iowa
[03:53.980 --> 03:54.220] State
[03:54.220 --> 03:54.500] better
[04:13.000 --> 04:13.080] I
[04:13.080 --> 04:14.240] [*]
[04:14.240 --> 04:14.360] feel
[04:14.360 --> 04:14.720] [*]
[04:14.720 --> 04:14.940] like
[04:15.020 --> 04:15.540] [*]
[04:15.540 --> 04:15.680] especially
[04:15.680 --> 04:16.400] since
[04:16.400 --> 04:16.720] the
[04:16.720 --> 04:16.840] end
[04:16.840 --> 04:16.920] of
[04:16.920 --> 04:17.100] high
[04:17.100 --> 04:17.460] school
[04:17.520 --> 04:17.840] [*]
[04:17.840 --> 04:18.200] I
[04:18.200 --> 04:19.320] matured
[04:19.320 --> 04:19.380] a
[04:19.380 --> 04:19.720] lot
[04:19.720 --> 04:20.100] [*]
[04:20.100 --> 04:20.260] and
[04:20.260 --> 04:20.520] I
[04:20.520 --> 04:20.840] felt
[04:20.840 --> 04:21.120] more
[04:21.120 --> 04:21.540] comfortable
[04:21.540 --> 04:21.780] being
[04:21.780 --> 04:22.260] myself
[04:22.660 --> 04:23.060] I
[04:23.060 --> 04:23.320] feel
[04:23.320 --> 04:23.440] like
[04:23.440 --> 04:23.560] in
[04:23.560 --> 04:23.720] high
[04:23.720 --> 04:24.000] school
[04:24.040 --> 04:24.180] I
[04:24.180 --> 04:24.280] was
[04:24.280 --> 04:24.420] kind
[04:24.420 --> 04:24.640] of
[04:24.640 --> 04:25.080] quiet
[04:25.140 --> 04:25.580] Like
[04:25.580 --> 04:26.060] [*]
[04:26.060 --> 04:26.400] I
[04:26.400 --> 04:26.780] had
[04:26.780 --> 04:27.020] a
[04:27.020 --> 04:27.280] lot
[04:27.280 --> 04:27.460] of
[04:27.460 --> 04:27.800] friends
[04:27.800 --> 04:28.220] but
[04:28.220 --> 04:28.520] I
[04:28.520 --> 04:28.680] [*]
[04:28.680 --> 04:28.800] was
[04:28.800 --> 04:29.200] just
[04:29.200 --> 04:29.340] kind
[04:29.340 --> 04:29.600] of
[04:29.600 --> 04:29.700] like
[04:29.700 --> 04:29.860] the
[04:29.860 --> 04:30.140] quiet
[04:30.200 --> 04:30.400] shy
[04:30.400 --> 04:30.620] one
[04:30.620 --> 04:30.880] until
[04:30.880 --> 04:31.020] I
[04:31.020 --> 04:31.200] got
[04:31.200 --> 04:31.400] to
[04:31.400 --> 04:31.660] meet
[04:31.660 --> 04:32.240] [*]
[04:32.240 --> 04:32.640] the
[04:32.640 --> 04:32.820] [*]
[04:32.820 --> 04:32.980] people
[04:32.980 --> 04:33.140] and
[04:33.140 --> 04:33.360] that
[04:33.360 --> 04:33.440] I
[04:33.440 --> 04:33.580] could
[04:33.580 --> 04:33.780] [*]
[04:33.780 --> 04:34.200] kind
[04:34.200 --> 04:34.500] of
[04:34.500 --> 04:34.680] be
[04:34.680 --> 04:35.020] myself
[04:35.360 --> 04:35.740] But
[04:35.740 --> 04:36.380] I
[04:36.380 --> 04:36.660] feel
[04:36.660 --> 04:36.900] like
[04:36.900 --> 04:37.920] [*]
[04:37.920 --> 04:38.160] being
[04:38.160 --> 04:38.360] in
[04:38.360 --> 04:38.660] [*]
[04:38.660 --> 04:38.780] college
[04:38.780 --> 04:39.040] and
[04:39.040 --> 04:39.380] having
[04:39.380 --> 04:39.580] to
[04:39.580 --> 04:39.760] meet
[04:39.760 --> 04:39.860] so
[04:39.860 --> 04:40.100] many
[04:40.100 --> 04:40.220] new
[04:40.220 --> 04:40.520] people
[04:40.600 --> 04:40.860] I've
[04:40.860 --> 04:41.060] just
[04:41.060 --> 04:41.380] started
[04:41.380 --> 04:41.520] to
[04:41.520 --> 04:41.680] be
[04:41.680 --> 04:41.960] myself
[04:41.960 --> 04:42.740] sooner
[04:42.880 --> 04:43.540] I
[04:43.540 --> 04:43.800] guess
[04:43.820 --> 04:44.000] in
[04:44.000 --> 04:44.080] that
[04:44.080 --> 04:44.220] kind
[04:44.220 --> 04:44.380] of
[04:44.380 --> 04:44.800] relationship
[04:44.840 --> 04:45.240] Like
[04:45.240 --> 04:45.600] [*]
[04:45.600 --> 04:45.860] I
[04:45.860 --> 04:46.180] don't
[04:46.180 --> 04:46.200] have
[04:46.200 --> 04:46.400] to
[04:46.400 --> 04:46.700] trust
[04:46.700 --> 04:46.900] [*]
[04:46.900 --> 04:47.060] people
[04:47.060 --> 04:47.360] to
[04:47.360 --> 04:49.080] [*]
[04:49.080 --> 04:49.360] act
[04:49.360 --> 04:49.940] like
[04:49.940 --> 04:50.260] myself
[04:50.520 --> 04:50.700] if
[04:50.700 --> 04:50.820] that
[04:50.820 --> 04:50.980] makes
[04:50.980 --> 04:51.280] sense
[04:51.420 --> 04:52.480] [*]
[04:52.480 --> 04:52.700] So
[04:52.700 --> 04:52.840] I
[04:52.840 --> 04:53.060] feel
[04:53.060 --> 04:53.220] like
[04:53.220 --> 04:53.360] just
[04:53.360 --> 04:53.560] [*]
[04:53.560 --> 04:53.760] being
[04:53.760 --> 04:54.000] more
[04:54.000 --> 04:54.400] comfortable
[04:54.400 --> 04:54.660] with
[04:54.660 --> 04:54.760] who
[04:54.760 --> 04:54.920] I
[04:54.920 --> 04:55.220] am
[04:55.220 --> 04:55.320] and
[04:55.320 --> 04:55.520] trying
[04:55.520 --> 04:55.800] to
[04:55.800 --> 04:55.980] [*]
[04:55.980 --> 04:56.100] find
[04:56.100 --> 04:56.320] who
[04:56.320 --> 04:56.480] I
[04:56.480 --> 04:56.640] [*]
[04:56.640 --> 04:56.820] am
[04:57.260 --> 04:57.740] Has
[04:57.740 --> 04:58.700] definitely
[04:58.700 --> 04:59.160] [*]
[04:59.160 --> 04:59.760] changed
[04:59.760 --> 05:00.040] a
[05:00.040 --> 05:00.260] lot
[05:00.260 --> 05:00.560] since
[05:00.560 --> 05:01.040] I've
[05:01.040 --> 05:01.160] gone
[05:01.160 --> 05:01.420] to
[05:01.420 --> 05:01.700] college
[05:10.140 --> 05:10.500] [*]
[05:10.500 --> 05:10.980] I
[05:10.980 --> 05:11.360] think
[05:11.360 --> 05:11.640] [*]
[05:11.640 --> 05:11.820] just
[05:11.820 --> 05:12.200] kind
[05:12.200 --> 05:12.600] of
[05:12.600 --> 05:13.480] [*]
[05:13.480 --> 05:14.060] college
[05:14.060 --> 05:14.620] was
[05:14.620 --> 05:15.060] [*]
[05:15.060 --> 05:15.420] a
[05:15.420 --> 05:15.940] really
[05:15.940 --> 05:16.200] big
[05:16.200 --> 05:16.580] difference
[05:16.580 --> 05:16.960] than
[05:16.960 --> 05:17.080] high
[05:17.080 --> 05:17.340] school
[05:17.340 --> 05:17.660] because
[05:17.660 --> 05:17.980] in
[05:17.980 --> 05:18.160] high
[05:18.160 --> 05:18.320] school
[05:18.460 --> 05:18.560] I
[05:18.560 --> 05:18.700] went
[05:18.700 --> 05:18.880] to
[05:18.880 --> 05:19.020] this
[05:19.020 --> 05:19.200] really
[05:19.200 --> 05:19.480] big
[05:19.480 --> 05:19.660] high
[05:19.660 --> 05:19.900] school
[05:19.960 --> 05:20.060] I
[05:20.060 --> 05:20.140] was
[05:20.140 --> 05:20.340] always
[05:20.340 --> 05:20.600] around
[05:20.600 --> 05:21.020] kids
[05:21.280 --> 05:21.580] Like
[05:21.580 --> 05:21.940] [*]
[05:21.940 --> 05:22.240] I
[05:22.240 --> 05:22.440] was
[05:22.440 --> 05:22.660] never
[05:22.660 --> 05:22.860] really
[05:22.860 --> 05:23.020] by
[05:23.020 --> 05:23.500] myself
[05:23.620 --> 05:23.860] But
[05:23.860 --> 05:24.000] in
[05:24.000 --> 05:24.480] college
[05:24.560 --> 05:24.840] I
[05:24.840 --> 05:25.120] feel
[05:25.120 --> 05:25.400] like
[05:25.400 --> 05:25.740] [*]
[05:25.740 --> 05:26.580] you're
[05:26.580 --> 05:26.680] by
[05:26.680 --> 05:26.940] yourself
[05:26.940 --> 05:27.160] all
[05:27.160 --> 05:27.280] the
[05:27.280 --> 05:27.540] time
[05:27.540 --> 05:27.720] Because
[05:27.720 --> 05:27.860] [*]
[05:27.860 --> 05:28.180] you
[05:28.180 --> 05:28.340] and
[05:28.340 --> 05:28.460] your
[05:28.460 --> 05:28.680] friends
[05:28.680 --> 05:28.880] have
[05:28.880 --> 05:29.080] different
[05:29.080 --> 05:29.540] schedules
[05:29.540 --> 05:30.040] [*]
[05:30.040 --> 05:30.340] and
[05:30.340 --> 05:30.980] you're
[05:30.980 --> 05:31.160] in
[05:31.160 --> 05:31.520] class
[05:31.520 --> 05:31.940] and
[05:31.940 --> 05:32.100] you
[05:32.100 --> 05:32.420] have
[05:32.420 --> 05:32.640] like
[05:32.640 --> 05:32.680] [*]
[05:32.680 --> 05:33.020] class
[05:33.020 --> 05:33.500] [*]
[05:33.500 --> 05:33.620] friends
[05:33.760 --> 05:34.040] but
[05:34.040 --> 05:34.460] [*]
[05:34.460 --> 05:34.680] not
[05:34.680 --> 05:35.040] really
[05:35.040 --> 05:35.620] people
[05:35.620 --> 05:35.800] you
[05:35.800 --> 05:35.960] hang
[05:35.960 --> 05:36.200] out
[05:36.200 --> 05:36.360] with
[05:36.360 --> 05:36.480] all
[05:36.480 --> 05:36.680] day
[05:36.740 --> 05:36.900] every
[05:36.900 --> 05:37.180] day
[05:37.260 --> 05:38.020] And
[05:38.020 --> 05:38.240] so
[05:38.240 --> 05:38.800] [*]
[05:38.800 --> 05:39.200] being
[05:39.200 --> 05:39.460] alone
[05:39.460 --> 05:39.920] and
[05:39.920 --> 05:40.080] like
[05:40.080 --> 05:40.280] being
[05:40.280 --> 05:40.440] by
[05:40.440 --> 05:40.780] myself
[05:40.780 --> 05:41.320] has
[05:41.320 --> 05:41.600] [*]
[05:41.600 --> 05:41.700] really
[05:41.700 --> 05:42.180] [*]
[05:42.180 --> 05:42.560] helped
[05:42.560 --> 05:42.880] me
[05:42.880 --> 05:43.500] [*]
[05:43.500 --> 05:43.980] like
[05:43.980 --> 05:44.340] who
[05:44.340 --> 05:44.580] I
[05:44.580 --> 05:44.800] am
[05:44.800 --> 05:44.940] as
[05:44.940 --> 05:45.060] a
[05:45.060 --> 05:45.440] person
[05:45.440 --> 05:45.800] and
[05:45.800 --> 05:46.100] has
[05:46.100 --> 05:46.340] helped
[05:46.340 --> 05:46.600] me
[05:46.600 --> 05:46.740] kind
[05:46.740 --> 05:47.020] [*]
[05:47.020 --> 05:47.120] of
[05:47.120 --> 05:48.140] develop
[05:48.140 --> 05:49.140] [*]
[05:49.140 --> 05:49.400] more
[05:49.400 --> 05:49.880] like
[05:49.880 --> 05:50.620] maturity
[05:50.620 --> 05:51.080] and
[05:51.080 --> 05:51.560] [*]
[05:51.560 --> 05:51.960] wanting
[05:51.960 --> 05:52.160] to
[05:52.160 --> 05:52.300] be
[05:52.300 --> 05:52.520] more
[05:52.520 --> 05:52.800] myself
[06:16.940 --> 06:16.940] I
[06:16.940 --> 06:17.100] think
[06:17.100 --> 06:17.280] [*]
[06:17.280 --> 06:17.440] like
[06:17.480 --> 06:18.940] [*]
[06:18.940 --> 06:19.200] well
[06:19.340 --> 06:19.480] I
[06:19.480 --> 06:19.680] feel
[06:19.680 --> 06:19.880] like
[06:19.880 --> 06:20.000] the
[06:20.000 --> 06:20.220] kind
[06:20.220 --> 06:20.340] of
[06:20.340 --> 06:20.460] the
[06:20.460 --> 06:20.620] [*]
[06:20.620 --> 06:20.860] obvious
[06:20.860 --> 06:21.240] things
[06:21.240 --> 06:21.420] [*]
[06:21.420 --> 06:21.800] that
[06:21.800 --> 06:22.220] like
[06:22.500 --> 06:22.980] yeah
[06:23.020 --> 06:23.220] I
[06:23.220 --> 06:23.660] obviously
[06:23.660 --> 06:24.420] [*]
[06:24.420 --> 06:24.840] maybe
[06:24.840 --> 06:25.120] talk
[06:25.120 --> 06:25.880] different
[06:25.880 --> 06:26.640] or
[06:26.800 --> 06:27.480] you
[06:27.480 --> 06:27.940] know
[06:27.980 --> 06:27.980] I
[06:27.980 --> 06:28.060] don't
[06:28.060 --> 06:28.060] know
[06:28.060 --> 06:28.060] I
[06:28.060 --> 06:28.060] don't
[06:28.060 --> 06:28.060] know
[06:28.060 --> 06:28.060] I
[06:28.060 --> 06:28.060] don't
[06:28.060 --> 06:28.060] know
[06:28.060 --> 06:28.060] I
[06:28.060 --> 06:28.060] don't
[06:28.060 --> 06:28.060] know
[06:28.060 --> 06:28.060] I
[06:28.060 --> 06:28.060] don't
[06:28.060 --> 06:28.060] know
[06:28.060 --> 06:28.520] I
[06:28.520 --> 06:28.920] [*]
[06:28.920 --> 06:29.680] don't
[06:29.680 --> 06:29.820] know
[06:29.840 --> 06:30.100] But
[06:30.100 --> 06:30.220] I
[06:30.220 --> 06:30.440] feel
[06:30.440 --> 06:30.620] like
[06:30.620 --> 06:30.900] I'm
[06:30.900 --> 06:31.060] [*]
[06:31.060 --> 06:31.260] mostly
[06:31.260 --> 06:31.500] the
[06:31.500 --> 06:31.720] same
[06:31.720 --> 06:32.060] person
[06:32.180 --> 06:32.320] You
[06:32.320 --> 06:32.440] know
[06:32.460 --> 06:33.160] I've
[06:33.160 --> 06:33.420] always
[06:33.420 --> 06:33.780] treated
[06:33.780 --> 06:34.140] everyone
[06:34.140 --> 06:34.280] with
[06:34.280 --> 06:34.620] kindness
[06:34.960 --> 06:35.160] And
[06:35.160 --> 06:35.420] I've
[06:35.420 --> 06:35.720] always
[06:35.720 --> 06:36.000] [*]
[06:36.000 --> 06:36.120] like
[06:36.260 --> 06:37.760] [*]
[06:37.760 --> 06:38.120] tried
[06:38.120 --> 06:38.380] to
[06:38.380 --> 06:38.640] not
[06:38.640 --> 06:39.060] judge
[06:39.060 --> 06:39.440] people
[06:39.440 --> 06:39.900] based
[06:39.900 --> 06:40.200] off
[06:40.200 --> 06:40.440] of
[06:40.440 --> 06:40.620] like
[06:40.620 --> 06:40.800] their
[06:40.800 --> 06:41.080] first
[06:41.080 --> 06:41.280] appearance
[06:41.280 --> 06:41.580] [*]
[06:41.580 --> 06:41.940] or
[06:41.940 --> 06:42.260] like
[06:42.260 --> 06:42.520] their
[06:42.520 --> 06:42.920] the
[06:42.920 --> 06:43.260] first
[06:43.260 --> 06:43.560] like
[06:43.560 --> 06:43.860] way
[06:43.860 --> 06:44.080] that
[06:44.080 --> 06:44.200] I
[06:44.200 --> 06:44.420] meet
[06:44.420 --> 06:44.700] them
[06:44.700 --> 06:44.980] or
[06:45.080 --> 06:45.520] [*]
[06:45.520 --> 06:45.700] you
[06:45.700 --> 06:45.940] know
[06:45.980 --> 06:46.240] [*]
[06:46.240 --> 06:46.600] I
[06:46.600 --> 06:46.980] [*]
[06:46.980 --> 06:47.300] feel
[06:47.300 --> 06:47.520] like
[06:47.520 --> 06:47.680] those
[06:47.680 --> 06:47.940] fundamental
[06:47.940 --> 06:48.760] things
[06:48.760 --> 06:49.000] that
[06:49.000 --> 06:49.140] I
[06:49.140 --> 06:49.340] [*]
[06:49.340 --> 06:49.500] learned
[06:49.500 --> 06:50.200] [*]
[06:50.200 --> 06:50.500] through
[06:50.500 --> 06:50.700] my
[06:50.700 --> 06:51.080] parents
[06:51.080 --> 06:51.280] and
[06:51.280 --> 06:51.400] like
[06:51.400 --> 06:51.560] through
[06:51.560 --> 06:51.700] my
[06:51.700 --> 06:52.000] friends
[06:52.000 --> 06:52.280] and
[06:52.280 --> 06:52.480] through
[06:52.480 --> 06:52.680] school
[06:52.940 --> 06:53.180] I
[06:53.180 --> 06:53.400] feel
[06:53.400 --> 06:53.580] like
[06:53.580 --> 06:53.760] I've
[06:53.760 --> 06:53.900] just
[06:53.900 --> 06:54.140] always
[06:54.140 --> 06:54.440] kept
[06:54.440 --> 06:54.800] with
[06:54.860 --> 06:56.120] [*]
[06:56.120 --> 06:56.560] Just
[06:56.560 --> 06:56.880] like
[06:56.880 --> 06:56.980] I
[06:56.980 --> 06:57.180] said
[06:57.260 --> 06:57.380] like
[06:57.380 --> 06:57.620] just
[06:57.620 --> 06:57.780] being
[06:57.780 --> 06:57.960] nice
[06:57.960 --> 06:58.200] to
[06:58.200 --> 06:58.540] people
[06:58.540 --> 06:59.060] and
[06:59.060 --> 06:59.540] trying
[06:59.540 --> 06:59.780] to
[06:59.780 --> 06:59.960] meet
[06:59.960 --> 07:00.140] new
[07:00.140 --> 07:00.500] people
[07:00.660 --> 07:00.820] And
[07:00.820 --> 07:01.000] we
[07:01.000 --> 07:01.300] [*]
[07:01.300 --> 07:01.600] always
[07:01.600 --> 07:02.020] have
[07:02.100 --> 07:02.380] like
[07:03.500 --> 07:03.500] meet
[07:03.500 --> 07:03.760] new
[07:03.760 --> 07:04.060] friends
[07:04.060 --> 07:04.140] [*]
[07:04.140 --> 07:04.600] and
[07:04.600 --> 07:05.160] [*]
[07:05.160 --> 07:05.380] that
[07:05.380 --> 07:05.580] kind
[07:05.580 --> 07:05.780] of
[07:05.780 --> 07:05.960] thing
[07:06.020 --> 07:06.260] So
[07:25.780 --> 07:25.780] Oh
[07:25.980 --> 07:26.040] wow
[07:26.040 --> 07:26.540] Um
[07:27.260 --> 07:27.580] I
[07:27.580 --> 07:27.840] would
[07:27.840 --> 07:28.200] say
[07:28.200 --> 07:28.560] [*]
[07:28.560 --> 07:28.680] when
[07:28.680 --> 07:28.920] I
[07:28.920 --> 07:29.120] look
[07:29.120 --> 07:29.280] into
[07:29.280 --> 07:29.400] the
[07:29.400 --> 07:29.800] future
[07:29.940 --> 07:30.420] I
[07:30.420 --> 07:30.800] [*]
[07:30.800 --> 07:31.080] tried
[07:31.080 --> 07:31.460] [*]
[07:31.460 --> 07:31.780] to
[07:31.780 --> 07:31.940] see
[07:31.940 --> 07:32.400] myself
[07:33.620 --> 07:34.260] being
[07:34.260 --> 07:34.820] happy
[07:34.820 --> 07:35.260] with
[07:35.260 --> 07:35.900] whatever
[07:35.900 --> 07:36.320] I'm
[07:36.320 --> 07:36.540] doing
[07:36.620 --> 07:36.860] I
[07:36.860 --> 07:37.140] don't
[07:37.140 --> 07:37.280] really
[07:37.280 --> 07:37.440] know
[07:37.440 --> 07:37.860] exactly
[07:37.860 --> 07:38.400] what
[07:38.400 --> 07:38.560] I
[07:38.560 --> 07:38.780] want
[07:38.780 --> 07:38.900] to
[07:38.900 --> 07:39.040] do
[07:39.040 --> 07:39.280] yet
[07:39.360 --> 07:39.500] So
[07:39.500 --> 07:39.680] it's
[07:39.680 --> 07:39.840] hard
[07:39.840 --> 07:40.020] for
[07:40.020 --> 07:40.260] me
[07:40.260 --> 07:40.660] [*]
[07:40.660 --> 07:40.840] to
[07:40.840 --> 07:41.040] set
[07:41.040 --> 07:41.340] expectations
[07:41.340 --> 07:41.980] for
[07:41.980 --> 07:42.300] myself
[07:42.400 --> 07:42.760] But
[07:42.820 --> 07:43.240] [*]
[07:43.240 --> 07:43.480] you
[07:43.480 --> 07:43.700] know
[07:43.760 --> 07:43.880] like
[07:43.940 --> 07:44.040] I
[07:44.040 --> 07:44.160] want
[07:44.160 --> 07:44.260] to
[07:44.260 --> 07:44.380] be
[07:44.380 --> 07:44.800] happy
[07:44.800 --> 07:45.060] and
[07:45.060 --> 07:45.200] I
[07:45.200 --> 07:45.420] want
[07:45.420 --> 07:45.540] to
[07:45.540 --> 07:46.040] [*]
[07:46.040 --> 07:46.500] live
[07:46.500 --> 07:46.960] somewhere
[07:46.960 --> 07:47.460] warm
[07:47.700 --> 07:47.880] [*]
[07:47.880 --> 07:48.280] And
[07:48.280 --> 07:49.100] [*]
[07:49.100 --> 07:49.300] I
[07:49.300 --> 07:50.100] [*]
[07:50.100 --> 07:50.540] want
[07:50.540 --> 07:51.180] [*]
[07:51.180 --> 07:51.660] to
[07:51.660 --> 07:52.200] have
[07:52.200 --> 07:53.520] [*]
[07:53.520 --> 07:53.660] good
[07:53.840 --> 07:54.040] [*]
[07:54.040 --> 07:54.220] authentic
[07:54.220 --> 07:54.580] [*]
[07:54.580 --> 07:54.760] friends
[07:54.900 --> 07:55.220] like
[07:55.220 --> 07:55.300] [*]
[07:55.300 --> 07:55.780] quality
[07:55.780 --> 07:56.100] over
[07:56.100 --> 07:56.460] quantity
[07:57.260 --> 07:57.580] Um
[07:57.760 --> 07:58.140] [*]
[07:58.140 --> 07:58.260] I
[07:58.260 --> 07:58.460] want
[07:58.460 --> 07:58.640] to
[07:58.640 --> 07:58.940] still
[07:58.940 --> 07:59.160] be
[07:59.160 --> 07:59.320] in
[07:59.320 --> 07:59.580] touch
[07:59.580 --> 07:59.820] with
[07:59.820 --> 08:00.040] all
[08:00.040 --> 08:00.300] my
[08:00.300 --> 08:00.540] [*]
[08:00.540 --> 08:00.760] family
[08:00.760 --> 08:00.900] and
[08:00.900 --> 08:01.160] have
[08:01.160 --> 08:01.300] good
[08:01.300 --> 08:01.720] relationships
[08:01.720 --> 08:02.180] with
[08:02.180 --> 08:02.520] them
[08:02.520 --> 08:03.620] Um
[08:03.920 --> 08:04.900] [*]
[08:04.900 --> 08:05.080] so
[08:05.080 --> 08:05.520] it's
[08:05.520 --> 08:05.700] hard
[08:05.700 --> 08:05.800] for
[08:05.800 --> 08:05.960] me
[08:05.960 --> 08:06.040] to
[08:06.040 --> 08:06.240] set
[08:06.340 --> 08:06.560] like
[08:06.620 --> 08:07.100] [*]
[08:07.100 --> 08:07.520] career
[08:07.680 --> 08:08.040] [*]
[08:08.040 --> 08:08.460] like
[08:08.540 --> 08:09.120] um
[08:09.280 --> 08:10.180] [*]
[08:10.180 --> 08:10.640] expectations
[08:10.780 --> 08:11.280] But
[08:11.280 --> 08:11.520] just
[08:11.520 --> 08:12.040] overall
[08:12.040 --> 08:12.340] like
[08:12.500 --> 08:12.600] I
[08:12.600 --> 08:12.760] just
[08:12.760 --> 08:12.960] want
[08:12.960 --> 08:13.160] myself
[08:13.160 --> 08:13.380] to
[08:13.380 --> 08:13.560] be
[08:13.560 --> 08:13.840] happy
[08:13.840 --> 08:14.020] and
[08:14.020 --> 08:14.160] to
[08:14.160 --> 08:14.360] be
[08:14.360 --> 08:14.620] proud
[08:14.620 --> 08:14.940] of
[08:14.940 --> 08:15.320] [*]
[08:15.320 --> 08:15.500] who
[08:15.500 --> 08:15.680] I
[08:15.680 --> 08:16.000] am
[08:16.000 --> 08:16.220] and
[08:16.220 --> 08:16.400] who
[08:16.400 --> 08:16.600] I've
[08:16.600 --> 08:16.880] become
[08:16.880 --> 08:17.100] and
[08:17.100 --> 08:17.360] where
[08:17.360 --> 08:17.500] I
[08:17.500 --> 08:17.660] [*]
[08:17.660 --> 08:17.800] am
[08:17.800 --> 08:18.880] [*]
[08:18.880 --> 08:19.100] So
[08:20.100 --> 08:20.100] Yeah
[08:20.180 --> 08:20.420] [*]
[08:20.420 --> 08:20.600] Yeah
[08:20.660 --> 08:21.100] Yeah
[08:21.160 --> 08:21.600] Yeah
[08:21.680 --> 08:22.100] Yeah
[08:22.180 --> 08:22.600] Yeah
[08:22.660 --> 08:23.100] Yeah
[08:23.180 --> 08:23.600] Yeah
[08:23.680 --> 08:24.100] Yeah
[08:24.200 --> 08:24.600] Yeah
[08:24.680 --> 08:25.000] [*]
[08:25.000 --> 08:25.100] Yeah
[08:25.180 --> 08:25.600] Yeah
[08:25.700 --> 08:26.100] Yeah
[08:26.180 --> 08:26.600] Yeah
[08:26.680 --> 08:27.100] Yeah
[08:27.180 --> 08:27.460] [*]
[08:27.460 --> 08:27.600] Yeah
[08:27.680 --> 08:28.100] Yeah
[08:28.100 --> 08:28.320] Yeah
[08:39.360 --> 08:39.780] Um
[08:40.000 --> 08:40.300] I
[08:40.300 --> 08:40.640] hope
[08:40.640 --> 08:40.880] I
[08:40.880 --> 08:41.040] know
[08:41.040 --> 08:41.260] I'm
[08:41.260 --> 08:41.300] going
[08:41.300 --> 08:41.420] to
[08:41.420 --> 08:41.500] be
[08:41.500 --> 08:41.780] moving
[08:41.780 --> 08:41.960] [*]
[08:41.960 --> 08:42.080] away
[08:42.200 --> 08:42.440] so
[08:42.440 --> 08:42.660] I
[08:42.660 --> 08:42.980] know
[08:42.980 --> 08:43.220] [*]
[08:43.220 --> 08:43.460] that
[08:43.460 --> 08:43.620] I
[08:43.620 --> 08:43.880] won't
[08:43.880 --> 08:43.960] be
[08:43.960 --> 08:44.160] able
[08:44.160 --> 08:44.320] to
[08:44.320 --> 08:44.500] see
[08:44.500 --> 08:44.720] them
[08:44.720 --> 08:44.860] as
[08:44.860 --> 08:45.180] often
[08:45.180 --> 08:45.380] as
[08:45.380 --> 08:45.560] I
[08:45.560 --> 08:45.740] would
[08:45.740 --> 08:46.100] probably
[08:46.100 --> 08:46.480] hope
[08:46.520 --> 08:46.820] but
[08:46.820 --> 08:47.760] I'm
[08:47.760 --> 08:47.980] hoping
[08:47.980 --> 08:48.220] to
[08:48.220 --> 08:48.600] still
[08:48.600 --> 08:49.060] [*]
[08:49.060 --> 08:49.300] try
[08:49.300 --> 08:49.540] to
[08:49.540 --> 08:49.960] stay
[08:49.960 --> 08:50.100] in
[08:50.100 --> 08:50.520] contact
[08:50.880 --> 08:51.200] Obviously
[08:51.260 --> 08:51.540] I'll
[08:51.540 --> 08:51.680] stay
[08:51.680 --> 08:51.880] in
[08:51.880 --> 08:52.180] contact
[08:52.180 --> 08:52.520] with
[08:52.520 --> 08:52.840] them
[08:53.560 --> 08:53.560] But
[08:53.560 --> 08:53.780] being
[08:53.780 --> 08:54.020] able
[08:54.020 --> 08:54.380] to
[08:54.380 --> 08:54.760] like
[08:54.900 --> 08:55.240] text
[08:55.240 --> 08:55.400] them
[08:55.400 --> 08:55.580] and
[08:55.580 --> 08:55.840] call
[08:55.840 --> 08:56.160] them
[08:56.160 --> 08:56.260] and
[08:56.260 --> 08:56.440] just
[08:56.440 --> 08:56.780] trying
[08:56.780 --> 08:57.080] to
[08:57.260 --> 08:57.920] actively
[08:57.920 --> 08:58.240] [*]
[08:58.240 --> 08:58.720] remember
[08:58.720 --> 08:59.220] [*]
[08:59.220 --> 08:59.420] that
[08:59.420 --> 08:59.740] you
[08:59.740 --> 09:00.880] know
[09:00.880 --> 09:00.980] to
[09:00.980 --> 09:01.320] text
[09:01.320 --> 09:01.640] them
[09:01.640 --> 09:01.960] about
[09:01.960 --> 09:02.160] my
[09:02.160 --> 09:02.360] [*]
[09:02.360 --> 09:02.520] day
[09:02.520 --> 09:02.900] [*]
[09:02.900 --> 09:03.000] because
[09:03.000 --> 09:03.420] they
[09:03.420 --> 09:03.580] may
[09:03.580 --> 09:03.800] not
[09:03.800 --> 09:04.120] ask
[09:04.120 --> 09:04.360] about
[09:04.360 --> 09:04.660] it
[09:04.660 --> 09:04.760] but
[09:04.760 --> 09:04.860] I
[09:04.860 --> 09:05.020] know
[09:05.020 --> 09:05.240] they'll
[09:05.240 --> 09:05.440] want
[09:05.440 --> 09:05.580] to
[09:05.580 --> 09:05.820] hear
[09:05.820 --> 09:06.120] about
[09:06.120 --> 09:06.440] it
[09:06.440 --> 09:06.680] [*]
[09:06.680 --> 09:07.280] um
[09:07.280 --> 09:07.800] [*]
[09:07.800 --> 09:07.940] and
[09:07.940 --> 09:08.280] then
[09:08.280 --> 09:08.760] [*]
[09:08.760 --> 09:09.020] maybe
[09:09.020 --> 09:09.280] just
[09:09.280 --> 09:09.560] [*]
[09:09.560 --> 09:09.880] plan
[09:09.880 --> 09:10.880] [*]
[09:10.880 --> 09:11.820] times
[09:11.820 --> 09:12.060] to
[09:12.060 --> 09:12.280] see
[09:12.280 --> 09:12.540] them
[09:12.540 --> 09:12.900] like
[09:12.900 --> 09:13.520] not
[09:13.520 --> 09:13.960] on
[09:13.960 --> 09:14.340] holidays
[09:14.340 --> 09:14.960] but
[09:14.960 --> 09:15.420] [*]
[09:15.420 --> 09:15.580] other
[09:15.580 --> 09:15.860] [*]
[09:15.860 --> 09:15.960] times
[09:15.960 --> 09:16.320] during
[09:16.320 --> 09:16.440] the
[09:16.440 --> 09:16.680] year
[09:16.680 --> 09:16.860] where
[09:16.860 --> 09:16.960] I
[09:16.960 --> 09:17.200] could
[09:17.200 --> 09:17.460] go
[09:17.460 --> 09:17.840] [*]
[09:17.840 --> 09:18.100] to
[09:18.100 --> 09:18.520] Iowa
[09:18.520 --> 09:18.780] or
[09:18.780 --> 09:18.940] they
[09:18.940 --> 09:19.140] can
[09:19.140 --> 09:19.320] come
[09:19.320 --> 09:19.480] to
[09:19.480 --> 09:19.700] me
[09:19.700 --> 09:20.000] wherever
[09:20.000 --> 09:20.220] I
[09:20.220 --> 09:20.560] am
[09:20.560 --> 09:20.960] [*]
[09:20.960 --> 09:21.220] and
[09:21.220 --> 09:21.540] just
[09:21.540 --> 09:21.800] kind
[09:21.800 --> 09:22.040] of
[09:22.040 --> 09:22.060] [*]
[09:22.060 --> 09:22.480] actively
[09:22.480 --> 09:23.560] [*]
[09:23.560 --> 09:24.020] keeping
[09:24.020 --> 09:24.240] them
[09:24.240 --> 09:24.340] in
[09:24.340 --> 09:24.540] my
[09:24.540 --> 09:24.820] life
[09:24.820 --> 09:25.120] and
[09:25.120 --> 09:25.380] not
[09:25.380 --> 09:25.680] [*]
[09:25.680 --> 09:25.860] just
[09:25.860 --> 09:27.140] [*]
[09:27.140 --> 09:27.300] calling
[09:27.300 --> 09:27.500] them
[09:27.500 --> 09:27.760] on
[09:27.760 --> 09:28.300] [*]
[09:28.300 --> 09:28.440] Christmas
[09:28.440 --> 09:28.820] Eve
[09:28.820 --> 09:29.120] and
[09:29.120 --> 09:29.520] you
[09:29.520 --> 09:29.660] [*]
[09:29.660 --> 09:29.820] know
[09:29.820 --> 09:30.760] saying
[09:30.760 --> 09:31.120] hi
[09:31.120 --> 09:31.420] [*]
[09:31.420 --> 09:31.580] so
[09:51.520 --> 09:51.520] I
[09:51.520 --> 09:51.700] would
[09:51.700 --> 09:52.020] say
[09:52.020 --> 09:52.240] some
[09:52.240 --> 09:52.360] of
[09:52.360 --> 09:52.540] my
[09:52.540 --> 09:52.780] biggest
[09:52.780 --> 09:53.020] [*]
[09:53.020 --> 09:53.180] strengths
[09:53.180 --> 09:53.800] are
[09:55.740 --> 09:56.340] [*]
[09:56.340 --> 09:56.480] treating
[09:56.480 --> 09:57.080] people
[09:57.080 --> 09:57.480] equally
[09:58.700 --> 09:58.700] and
[09:58.700 --> 09:59.080] [*]
[09:59.080 --> 09:59.540] always
[09:59.540 --> 10:01.760] [*]
[10:01.760 --> 10:02.040] having
[10:02.040 --> 10:02.200] a
[10:02.200 --> 10:02.520] smile
[10:02.520 --> 10:02.660] on
[10:02.660 --> 10:02.840] my
[10:02.840 --> 10:02.900] [*]
[10:02.900 --> 10:03.240] face
[10:03.240 --> 10:04.080] [*]
[10:04.080 --> 10:04.360] um
[10:04.360 --> 10:05.200] when
[10:05.200 --> 10:05.440] I'm
[10:05.440 --> 10:05.680] talking
[10:05.680 --> 10:05.820] to
[10:05.820 --> 10:06.160] people
[10:06.160 --> 10:07.700] [*]
[10:07.700 --> 10:07.920] um
[10:07.920 --> 10:09.160] [*]
[10:09.160 --> 10:09.360] I
[10:09.360 --> 10:09.560] would
[10:09.560 --> 10:09.860] say
[10:09.860 --> 10:10.160] like
[10:10.160 --> 10:10.320] at
[10:10.320 --> 10:10.740] work
[10:10.740 --> 10:11.400] [*]
[10:11.400 --> 10:11.640] I
[10:11.640 --> 10:12.120] work
[10:12.120 --> 10:12.460] [*]
[10:12.460 --> 10:12.660] hard
[10:12.660 --> 10:13.000] [*]
[10:13.000 --> 10:13.600] um
[10:13.600 --> 10:13.880] you
[10:13.880 --> 10:14.820] [*]
[10:14.820 --> 10:15.160] know
[10:15.160 --> 10:15.240] I
[10:15.240 --> 10:15.580] always
[10:15.580 --> 10:16.080] show
[10:16.080 --> 10:16.560] up
[10:16.560 --> 10:16.680] and
[10:16.680 --> 10:16.800] I
[10:16.800 --> 10:17.000] have
[10:17.000 --> 10:17.120] a
[10:17.120 --> 10:17.380] couple
[10:17.380 --> 10:17.600] things
[10:17.600 --> 10:17.740] in
[10:17.740 --> 10:17.920] mind
[10:17.920 --> 10:18.100] of
[10:18.100 --> 10:18.340] things
[10:18.340 --> 10:18.600] that
[10:18.600 --> 10:18.800] I
[10:18.800 --> 10:19.120] want
[10:19.120 --> 10:19.500] to
[10:19.500 --> 10:20.000] [*]
[10:20.000 --> 10:20.480] um
[10:20.480 --> 10:21.080] do
[10:21.080 --> 10:21.440] better
[10:21.440 --> 10:21.640] [*]
[10:21.640 --> 10:21.760] at
[10:21.760 --> 10:22.220] [*]
[10:22.220 --> 10:22.660] during
[10:22.660 --> 10:23.020] a
[10:23.020 --> 10:23.400] shift
[10:23.400 --> 10:24.060] or
[10:24.060 --> 10:24.580] [*]
[10:24.580 --> 10:25.320] um
[10:25.320 --> 10:26.460] [*]
[10:26.460 --> 10:26.840] to
[10:26.840 --> 10:27.180] work
[10:27.180 --> 10:27.480] hard
[10:27.480 --> 10:27.700] on
[10:27.700 --> 10:27.820] my
[10:27.820 --> 10:27.880] day
[10:27.880 --> 10:27.880] so
[10:27.880 --> 10:27.880] I
[10:27.880 --> 10:27.880] would
[10:27.880 --> 10:27.880] say
[10:27.880 --> 10:27.880] some
[10:27.880 --> 10:27.880] of
[10:27.880 --> 10:27.880] my
[10:27.880 --> 10:27.880] biggest
[10:27.880 --> 10:27.880] strengths
[10:27.880 --> 10:27.880] are
[10:27.880 --> 10:27.880] treating
[10:27.880 --> 10:27.880] people
[10:27.880 --> 10:27.880] equally
[10:27.880 --> 10:28.180] um
[10:28.180 --> 10:28.380] [*]
[10:28.380 --> 10:28.580] I
[10:28.580 --> 10:28.580] would
[10:28.580 --> 10:28.800] say
[10:28.800 --> 10:28.800] like
[10:28.800 --> 10:28.800] at
[10:28.800 --> 10:28.800] work
[10:28.800 --> 10:28.800] I
[10:28.800 --> 10:28.800] work
[10:28.800 --> 10:28.800] hard
[10:28.800 --> 10:28.800] on
[10:28.800 --> 10:28.800] um
[10:28.800 --> 10:28.860] so
[10:28.860 --> 10:29.020] that
[10:29.020 --> 10:29.140] I
[10:29.140 --> 10:29.300] can
[10:29.300 --> 10:29.520] just
[10:29.520 --> 10:29.740] be
[10:29.740 --> 10:30.120] a
[10:30.120 --> 10:30.460] better
[10:30.460 --> 10:30.800] like
[10:30.800 --> 10:31.180] server
[10:31.180 --> 10:31.360] or
[10:31.360 --> 10:31.940] bartender
[10:31.940 --> 10:33.020] um
[10:33.020 --> 10:33.920] [*]
[10:33.920 --> 10:34.580] I
[10:34.580 --> 10:34.840] mean
[10:34.840 --> 10:34.940] I
[10:34.940 --> 10:35.220] always
[10:35.220 --> 10:35.460] show
[10:35.460 --> 10:35.700] up
[10:35.700 --> 10:35.960] on
[10:35.960 --> 10:36.500] time
[10:36.500 --> 10:36.940] and
[10:36.940 --> 10:37.380] I'm
[10:37.380 --> 10:37.560] ready
[10:37.560 --> 10:37.680] to
[10:37.680 --> 10:38.000] work
[10:38.000 --> 10:38.300] you
[10:38.300 --> 10:38.520] know
[10:38.520 --> 10:38.620] I
[10:38.620 --> 10:38.980] never
[10:38.980 --> 10:39.280] show
[10:39.280 --> 10:39.440] up
[10:39.440 --> 10:39.580] to
[10:39.580 --> 10:39.740] work
[10:39.740 --> 10:39.920] being
[10:39.920 --> 10:40.060] like
[10:40.060 --> 10:40.240] oh
[10:40.240 --> 10:40.380] my
[10:40.380 --> 10:40.500] god
[10:40.500 --> 10:40.560] I
[10:40.560 --> 10:40.740] don't
[10:40.740 --> 10:40.780] want
[10:40.780 --> 10:40.920] to
[10:40.920 --> 10:41.000] be
[10:41.000 --> 10:41.240] here
[10:41.240 --> 10:41.560] because
[10:41.560 --> 10:41.820] I
[10:41.820 --> 10:42.100] feel
[10:42.100 --> 10:42.340] like
[10:42.340 --> 10:42.700] [*]
[10:42.700 --> 10:43.400] it's
[10:43.400 --> 10:43.540] all
[10:43.540 --> 10:43.820] about
[10:43.820 --> 10:44.040] your
[10:44.040 --> 10:44.400] mindset
[10:44.400 --> 10:44.820] so
[10:44.820 --> 10:45.000] if
[10:45.000 --> 10:45.180] you
[10:45.180 --> 10:45.360] if
[10:45.360 --> 10:45.520] you
[10:45.520 --> 10:45.900] act
[10:45.900 --> 10:46.100] like
[10:46.100 --> 10:46.200] you
[10:46.200 --> 10:46.440] don't
[10:46.440 --> 10:46.500] want
[10:46.500 --> 10:46.620] to
[10:46.620 --> 10:46.740] be
[10:46.740 --> 10:47.000] there
[10:47.000 --> 10:47.420] [*]
[10:47.420 --> 10:47.880] not
[10:47.880 --> 10:48.400] not
[10:48.400 --> 10:48.660] only
[10:48.660 --> 10:48.720] are
[10:48.720 --> 10:48.880] you
[10:48.880 --> 10:49.140] affecting
[10:49.140 --> 10:49.620] yourself
[10:49.620 --> 10:49.760] [*]
[10:49.760 --> 10:50.140] you're
[10:50.140 --> 10:50.340] affecting
[10:50.340 --> 10:50.620] all
[10:50.620 --> 10:50.820] the
[10:50.820 --> 10:51.100] people
[10:51.100 --> 10:51.440] around
[10:51.440 --> 10:51.720] you
[10:51.720 --> 10:51.820] and
[10:51.820 --> 10:52.080] they're
[10:52.080 --> 10:52.220] not
[10:52.220 --> 10:52.380] going
[10:52.380 --> 10:52.460] to
[10:52.460 --> 10:52.560] want
[10:52.560 --> 10:52.700] to
[10:52.700 --> 10:52.780] be
[10:52.780 --> 10:52.900] there
[10:52.900 --> 10:53.000] and
[10:53.000 --> 10:53.200] then
[10:53.200 --> 10:53.480] it'll
[10:53.480 --> 10:53.720] just
[10:53.720 --> 10:54.080] [*]
[10:54.080 --> 10:54.340] not
[10:54.340 --> 10:54.660] be
[10:54.660 --> 10:55.060] a
[10:55.060 --> 10:55.340] very
[10:55.340 --> 10:55.680] fun
[10:55.680 --> 10:56.060] shift
[10:56.060 --> 10:56.420] [*]
[10:56.420 --> 10:56.540] so
[10:56.900 --> 10:57.500] um
[10:57.500 --> 10:57.820] just
[10:57.820 --> 10:58.040] kind
[10:58.040 --> 10:58.220] of
[10:58.220 --> 10:58.400] having
[10:58.400 --> 10:58.600] that
[10:58.600 --> 10:58.840] mindset
[10:58.840 --> 10:59.160] of
[10:59.160 --> 10:59.640] like
[10:59.640 --> 11:00.040] [*]
[11:00.040 --> 11:00.220] I
[11:00.220 --> 11:00.420] want
[11:00.420 --> 11:00.580] to
[11:00.580 --> 11:00.680] be
[11:00.680 --> 11:00.860] here
[11:00.860 --> 11:00.960] I
[11:00.960 --> 11:01.140] want
[11:01.140 --> 11:01.300] to
[11:01.300 --> 11:01.420] put
[11:01.420 --> 11:01.500] in
[11:01.500 --> 11:01.620] the
[11:01.620 --> 11:01.840] work
[11:01.840 --> 11:02.020] I
[11:02.020 --> 11:02.220] want
[11:02.220 --> 11:02.340] to
[11:02.340 --> 11:02.500] do
[11:02.500 --> 11:02.780] this
[11:02.780 --> 11:03.640] [*]
[11:03.640 --> 11:03.800] um
[11:03.800 --> 11:04.180] I'd
[11:04.180 --> 11:04.440] probably
[11:04.440 --> 11:04.780] say
[11:04.780 --> 11:04.860] are
[11:04.860 --> 11:05.040] some
[11:05.040 --> 11:05.120] of
[11:05.120 --> 11:05.260] my
[11:05.260 --> 11:05.460] biggest
[11:05.460 --> 11:05.660] [*]
[11:05.660 --> 11:05.820] strengths
[11:15.780 --> 11:15.780] I
[11:15.780 --> 11:15.920] think
[11:15.920 --> 11:16.260] so
[11:18.600 --> 11:18.600] yeah
[11:18.600 --> 11:19.260] [*]
[11:19.260 --> 11:19.460] yeah
[11:19.460 --> 11:19.980] um
[11:19.980 --> 11:20.340] [*]
[11:20.340 --> 11:20.460] I
[11:20.460 --> 11:20.900] think
[11:20.900 --> 11:21.380] [*]
[11:21.380 --> 11:21.600] even
[11:21.600 --> 11:21.900] showing
[11:21.900 --> 11:22.040] up
[11:22.040 --> 11:22.160] to
[11:22.160 --> 11:22.220] [*]
[11:22.220 --> 11:22.480] class
[11:22.480 --> 11:22.820] if
[11:22.820 --> 11:23.000] [*]
[11:23.000 --> 11:23.100] I
[11:23.100 --> 11:23.300] show
[11:23.300 --> 11:23.440] up
[11:23.440 --> 11:23.500] to
[11:23.500 --> 11:23.760] class
[11:23.760 --> 11:23.880] and
[11:23.880 --> 11:24.040] I'm
[11:24.040 --> 11:24.160] like
[11:24.160 --> 11:24.260] I
[11:24.260 --> 11:24.480] don't
[11:24.480 --> 11:24.500] want
[11:24.500 --> 11:24.620] to
[11:24.620 --> 11:24.740] take
[11:24.740 --> 11:24.920] [*]
[11:24.920 --> 11:25.040] notes
[11:25.040 --> 11:25.260] today
[11:25.260 --> 11:25.380] I
[11:25.380 --> 11:25.600] don't
[11:25.600 --> 11:25.640] want
[11:25.640 --> 11:25.760] to
[11:25.760 --> 11:25.920] listen
[11:25.920 --> 11:26.040] to
[11:26.040 --> 11:26.160] the
[11:26.160 --> 11:26.420] professor
[11:26.420 --> 11:26.780] I'm
[11:26.780 --> 11:26.920] not
[11:26.920 --> 11:27.180] going
[11:27.180 --> 11:27.460] to
[11:27.460 --> 11:28.200] just
[11:28.200 --> 11:28.580] because
[11:28.580 --> 11:29.420] that's
[11:29.420 --> 11:30.140] that's
[11:30.140 --> 11:30.240] how
[11:30.240 --> 11:30.440] I'm
[11:30.440 --> 11:30.680] thinking
[11:30.680 --> 11:31.080] so
[11:31.080 --> 11:31.600] [*]
[11:31.600 --> 11:31.900] if
[11:31.900 --> 11:32.080] I
[11:32.080 --> 11:32.320] show
[11:32.320 --> 11:32.480] up
[11:32.480 --> 11:32.620] to
[11:32.620 --> 11:32.900] class
[11:32.900 --> 11:33.700] ready
[11:33.700 --> 11:33.820] to
[11:33.820 --> 11:34.140] learn
[11:34.140 --> 11:34.560] ready
[11:34.560 --> 11:34.860] to
[11:34.860 --> 11:35.020] you
[11:35.020 --> 11:35.140] know
[11:35.140 --> 11:35.380] take
[11:35.380 --> 11:35.640] the
[11:35.640 --> 11:35.800] best
[11:35.800 --> 11:36.040] notes
[11:36.040 --> 11:36.260] [*]
[11:36.260 --> 11:36.360] ever
[11:36.360 --> 11:36.760] [*]
[11:36.760 --> 11:37.400] I'll
[11:37.400 --> 11:37.580] I
[11:37.580 --> 11:37.800] feel
[11:37.800 --> 11:37.940] like
[11:37.940 --> 11:38.160] I'll
[11:38.160 --> 11:38.360] [*]
[11:38.360 --> 11:38.480] actually
[11:38.480 --> 11:38.880] learn
[11:38.880 --> 11:39.240] something
[11:39.240 --> 11:39.760] [*]
[11:39.760 --> 11:39.920] even
[11:39.920 --> 11:40.100] [*]
[11:40.100 --> 11:40.260] if
[11:40.260 --> 11:40.460] it's
[11:40.460 --> 11:40.580] just
[11:40.580 --> 11:40.700] one
[11:40.700 --> 11:40.840] or
[11:40.840 --> 11:41.020] two
[11:41.020 --> 11:41.300] things
[11:41.300 --> 11:41.720] it's
[11:41.720 --> 11:42.080] better
[11:42.080 --> 11:42.340] than
[11:42.340 --> 11:42.680] just
[11:42.680 --> 11:43.060] like
[11:43.060 --> 11:43.480] [*]
[11:43.480 --> 11:43.760] sitting
[11:43.760 --> 11:43.840] in
[11:43.840 --> 11:43.960] the
[11:43.960 --> 11:44.100] back
[11:44.100 --> 11:44.200] of
[11:44.200 --> 11:44.480] class
[11:44.480 --> 11:44.740] and
[11:44.740 --> 11:44.900] like
[11:44.900 --> 11:45.120] reading
[11:45.120 --> 11:45.220] a
[11:45.220 --> 11:45.380] book
[11:45.380 --> 11:45.560] or
[11:45.560 --> 11:45.900] something
[11:45.900 --> 11:46.580] [*]
[11:46.580 --> 11:46.940] so
[11:46.940 --> 11:47.380] [*]
[11:47.380 --> 11:47.620] I
[11:47.620 --> 11:47.840] feel
[11:47.840 --> 11:48.020] like
[11:48.020 --> 11:48.140] I
[11:48.140 --> 11:48.360] could
[11:48.360 --> 11:48.660] definitely
[11:48.660 --> 11:49.000] apply
[11:49.000 --> 11:49.140] that
[11:49.140 --> 11:49.300] to
[11:49.300 --> 11:49.360] all
[11:49.360 --> 11:49.620] aspects
[11:49.620 --> 11:49.860] of
[11:49.860 --> 11:50.060] my
[11:50.060 --> 11:50.280] life
[11:56.900 --> 12:02.300] [*]
[12:02.300 --> 12:02.740] I
[12:02.740 --> 12:03.200] think
[12:03.200 --> 12:03.640] some
[12:03.640 --> 12:03.800] of
[12:03.800 --> 12:03.960] my
[12:03.960 --> 12:04.200] biggest
[12:04.200 --> 12:04.860] biggest
[12:04.860 --> 12:05.340] weaknesses
[12:05.340 --> 12:05.700] [*]
[12:05.700 --> 12:06.040] is
[12:06.040 --> 12:06.740] [*]
[12:06.740 --> 12:07.080] the
[12:07.080 --> 12:07.920] I'm
[12:07.920 --> 12:08.140] really
[12:08.140 --> 12:08.400] hard
[12:08.400 --> 12:08.560] on
[12:08.560 --> 12:08.900] myself
[12:08.900 --> 12:09.500] [*]
[12:09.500 --> 12:09.640] so
[12:09.640 --> 12:10.100] [*]
[12:10.100 --> 12:10.520] recently
[12:10.520 --> 12:10.800] I
[12:10.800 --> 12:11.040] had
[12:11.040 --> 12:11.160] a
[12:11.160 --> 12:11.420] bad
[12:11.420 --> 12:12.520] [*]
[12:12.520 --> 12:13.000] bartending
[12:13.000 --> 12:13.220] [*]
[12:13.220 --> 12:13.340] shift
[12:13.340 --> 12:13.820] [*]
[12:13.820 --> 12:14.360] where
[12:14.360 --> 12:14.780] I
[12:14.780 --> 12:15.260] just
[12:15.260 --> 12:15.720] you
[12:15.720 --> 12:16.020] know
[12:16.020 --> 12:16.700] wasn't
[12:16.700 --> 12:16.940] making
[12:16.940 --> 12:17.180] the
[12:17.180 --> 12:17.420] drinks
[12:17.420 --> 12:17.660] right
[12:17.660 --> 12:17.740] I
[12:17.740 --> 12:18.100] couldn't
[12:18.100 --> 12:18.320] figure
[12:18.320 --> 12:18.580] out
[12:18.580 --> 12:18.700] like
[12:18.700 --> 12:18.840] what
[12:18.840 --> 12:19.180] liquor
[12:19.180 --> 12:19.340] to
[12:19.340 --> 12:19.700] use
[12:19.700 --> 12:20.220] and
[12:20.220 --> 12:20.880] [*]
[12:20.880 --> 12:21.060] I
[12:21.060 --> 12:21.220] had
[12:21.220 --> 12:21.440] to
[12:21.440 --> 12:21.620] remind
[12:21.620 --> 12:21.860] [*]
[12:21.860 --> 12:22.020] myself
[12:22.020 --> 12:22.620] that
[12:22.620 --> 12:22.840] like
[12:22.840 --> 12:23.140] it's
[12:23.140 --> 12:23.320] okay
[12:23.320 --> 12:23.500] to
[12:23.500 --> 12:23.820] be
[12:23.820 --> 12:24.860] [*]
[12:24.860 --> 12:25.040] frustrated
[12:25.040 --> 12:25.180] [*]
[12:25.180 --> 12:25.440] and
[12:25.440 --> 12:25.780] like
[12:26.620 --> 12:26.620] slow
[12:26.620 --> 12:27.320] [*]
[12:27.320 --> 12:27.540] and
[12:27.540 --> 12:27.820] like
[12:27.820 --> 12:27.840] I
[12:27.840 --> 12:27.860] don't
[12:27.860 --> 12:27.860] want
[12:27.860 --> 12:27.860] to
[12:27.860 --> 12:27.860] be
[12:27.860 --> 12:27.860] like
[12:27.860 --> 12:27.860] I
[12:27.860 --> 12:27.860] don't
[12:27.860 --> 12:27.860] want
[12:27.860 --> 12:27.860] to
[12:27.860 --> 12:27.860] be
[12:27.860 --> 12:27.860] like
[12:27.860 --> 12:27.860] I
[12:27.860 --> 12:27.860] don't
[12:27.860 --> 12:27.860] want
[12:27.860 --> 12:27.860] to
[12:27.860 --> 12:27.860] be
[12:27.860 --> 12:27.860] like
[12:27.860 --> 12:27.860] I
[12:27.860 --> 12:27.860] don't
[12:27.860 --> 12:27.860] want
[12:27.860 --> 12:27.860] to
[12:27.860 --> 12:27.860] be
[12:27.860 --> 12:28.100] like
[12:28.100 --> 12:28.100] and
[12:28.100 --> 12:28.220] you
[12:28.220 --> 12:28.500] know
[12:28.500 --> 12:28.960] taking
[12:28.960 --> 12:29.160] your
[12:29.160 --> 12:29.440] time
[12:29.440 --> 12:29.580] to
[12:29.580 --> 12:29.700] make
[12:29.700 --> 12:29.820] the
[12:29.820 --> 12:30.020] drinks
[12:30.020 --> 12:30.240] because
[12:30.240 --> 12:30.460] it's
[12:30.460 --> 12:30.540] only
[12:30.540 --> 12:30.640] your
[12:30.640 --> 12:30.860] second
[12:30.860 --> 12:31.340] bartending
[12:31.340 --> 12:31.520] shift
[12:31.520 --> 12:32.020] [*]
[12:32.020 --> 12:32.680] like
[12:32.680 --> 12:33.140] you
[12:33.140 --> 12:33.460] are
[12:33.460 --> 12:33.620] [*]
[12:33.620 --> 12:33.760] new
[12:33.760 --> 12:34.080] [*]
[12:34.080 --> 12:34.580] like
[12:34.580 --> 12:34.820] you
[12:34.820 --> 12:35.000] should
[12:35.000 --> 12:35.280] not
[12:35.280 --> 12:35.500] know
[12:35.500 --> 12:35.880] everything
[12:35.880 --> 12:36.300] and
[12:36.300 --> 12:36.580] so
[12:36.580 --> 12:36.760] I
[12:36.760 --> 12:37.060] feel
[12:37.060 --> 12:37.320] like
[12:37.320 --> 12:37.800] if
[12:37.800 --> 12:39.100] [*]
[12:39.100 --> 12:39.260] I
[12:39.260 --> 12:39.760] don't
[12:39.760 --> 12:39.860] know
[12:39.860 --> 12:39.920] how
[12:39.920 --> 12:40.080] to
[12:40.080 --> 12:40.180] do
[12:40.180 --> 12:40.440] something
[12:40.440 --> 12:40.580] I
[12:40.580 --> 12:40.700] get
[12:40.700 --> 12:40.900] really
[12:40.900 --> 12:41.160] [*]
[12:41.160 --> 12:41.320] frustrated
[12:41.320 --> 12:41.560] with
[12:41.560 --> 12:41.860] myself
[12:41.860 --> 12:42.400] but
[12:42.400 --> 12:42.820] I
[12:42.820 --> 12:43.280] feel
[12:43.280 --> 12:43.600] like
[12:43.600 --> 12:43.640] I
[12:43.640 --> 12:43.780] have
[12:43.780 --> 12:43.860] to
[12:43.860 --> 12:43.960] take
[12:43.960 --> 12:44.060] a
[12:44.060 --> 12:44.320] step
[12:44.320 --> 12:44.600] back
[12:44.600 --> 12:44.780] and
[12:44.780 --> 12:44.880] be
[12:44.880 --> 12:45.080] like
[12:45.080 --> 12:45.540] it's
[12:45.540 --> 12:45.680] okay
[12:45.680 --> 12:46.020] like
[12:46.020 --> 12:46.240] you're
[12:46.240 --> 12:46.400] new
[12:46.400 --> 12:46.520] at
[12:46.520 --> 12:46.740] this
[12:46.740 --> 12:46.900] you
[12:46.900 --> 12:47.340] don't
[12:47.340 --> 12:47.400] know
[12:47.400 --> 12:47.520] what
[12:47.520 --> 12:47.740] you're
[12:47.740 --> 12:47.900] doing
[12:47.900 --> 12:47.980] and
[12:47.980 --> 12:48.180] that's
[12:48.180 --> 12:48.460] okay
[12:48.460 --> 12:48.820] because
[12:48.820 --> 12:49.100] you
[12:49.100 --> 12:49.340] can
[12:49.340 --> 12:49.660] learn
[12:49.660 --> 12:50.240] [*]
[12:50.240 --> 12:50.520] it
[12:50.520 --> 12:50.720] just
[12:50.720 --> 12:50.980] takes
[12:50.980 --> 12:51.260] time
[12:51.260 --> 12:51.500] so
[12:51.500 --> 12:51.620] I
[12:51.620 --> 12:51.800] feel
[12:51.800 --> 12:52.040] like
[12:52.040 --> 12:53.140] [*]
[12:53.140 --> 12:53.540] I
[12:53.540 --> 12:54.400] [*]
[12:54.400 --> 12:54.780] am
[12:54.780 --> 12:55.440] and
[12:55.440 --> 12:55.740] then
[12:55.740 --> 12:55.880] like
[12:55.880 --> 12:56.140] in
[12:56.140 --> 12:56.500] my
[12:56.500 --> 12:56.840] academic
[12:56.840 --> 12:57.060] and
[12:57.060 --> 12:57.060] then
[12:57.060 --> 12:57.220] like
[12:57.220 --> 12:57.220] in
[12:57.220 --> 12:57.220] my
[12:57.220 --> 12:57.220] academic
[12:57.220 --> 12:57.500] and
[12:57.500 --> 12:57.600] then
[12:57.600 --> 12:57.600] like
[12:57.600 --> 12:57.800] in
[12:57.800 --> 12:57.840] my
[12:57.840 --> 12:57.880] academic
[12:57.880 --> 12:58.080] life
[12:58.080 --> 12:58.300] I
[12:58.300 --> 12:58.580] feel
[12:58.580 --> 12:58.900] like
[12:58.900 --> 12:59.140] if
[12:59.140 --> 12:59.300] I
[12:59.300 --> 12:59.620] get
[12:59.620 --> 12:59.900] an
[12:59.900 --> 13:00.240] 80
[13:00.240 --> 13:00.440] on
[13:00.440 --> 13:00.660] my
[13:00.660 --> 13:01.160] [*]
[13:01.160 --> 13:01.280] exam
[13:01.280 --> 13:01.620] you
[13:01.620 --> 13:01.820] know
[13:01.820 --> 13:02.020] I'm
[13:02.020 --> 13:02.200] just
[13:02.200 --> 13:02.380] like
[13:02.380 --> 13:02.520] oh
[13:02.520 --> 13:02.680] my
[13:02.680 --> 13:02.920] gosh
[13:02.920 --> 13:03.100] like
[13:03.100 --> 13:03.240] I
[13:03.240 --> 13:03.440] could
[13:03.440 --> 13:03.520] have
[13:03.520 --> 13:03.620] done
[13:03.620 --> 13:03.880] so
[13:03.880 --> 13:04.180] much
[13:04.180 --> 13:04.380] [*]
[13:04.380 --> 13:04.520] better
[13:04.520 --> 13:04.860] [*]
[13:04.860 --> 13:05.140] and
[13:05.140 --> 13:05.340] then
[13:05.340 --> 13:05.480] I
[13:05.480 --> 13:05.640] kind
[13:05.640 --> 13:05.860] of
[13:05.860 --> 13:06.120] rethink
[13:06.120 --> 13:06.620] all
[13:06.620 --> 13:06.840] the
[13:06.840 --> 13:07.000] [*]
[13:07.000 --> 13:07.120] things
[13:07.120 --> 13:07.260] that
[13:07.260 --> 13:07.380] I
[13:07.380 --> 13:07.520] did
[13:07.520 --> 13:07.700] [*]
[13:07.700 --> 13:07.800] wrong
[13:07.800 --> 13:08.300] instead
[13:08.300 --> 13:08.640] of
[13:08.640 --> 13:08.960] being
[13:08.960 --> 13:09.260] like
[13:09.260 --> 13:09.440] well
[13:09.440 --> 13:10.060] [*]
[13:10.060 --> 13:10.360] maybe
[13:10.360 --> 13:10.640] you
[13:10.640 --> 13:10.780] can
[13:10.780 --> 13:10.900] do
[13:10.900 --> 13:11.140] better
[13:11.140 --> 13:11.400] next
[13:11.400 --> 13:11.660] time
[13:11.660 --> 13:11.880] or
[13:11.880 --> 13:11.960] you
[13:11.960 --> 13:12.140] can
[13:12.140 --> 13:12.280] do
[13:12.280 --> 13:12.440] these
[13:12.440 --> 13:12.840] differently
[13:12.840 --> 13:13.140] to
[13:13.140 --> 13:13.900] [*]
[13:13.900 --> 13:14.140] go
[13:14.140 --> 13:14.860] like
[13:14.860 --> 13:15.040] for
[13:15.040 --> 13:15.180] your
[13:15.180 --> 13:15.420] next
[13:15.420 --> 13:15.640] [*]
[13:15.640 --> 13:15.740] exam
[13:15.740 --> 13:16.060] so
[13:16.060 --> 13:16.500] I
[13:16.500 --> 13:16.620] feel
[13:16.620 --> 13:16.720] like
[13:16.720 --> 13:16.840] just
[13:16.840 --> 13:17.080] being
[13:17.080 --> 13:17.260] really
[13:17.260 --> 13:17.480] hard
[13:17.480 --> 13:17.640] on
[13:17.640 --> 13:17.880] myself
[13:17.880 --> 13:18.220] is
[13:18.220 --> 13:18.500] probably
[13:18.500 --> 13:18.840] one
[13:18.840 --> 13:18.960] of
[13:18.960 --> 13:19.100] my
[13:19.100 --> 13:19.320] biggest
[13:19.320 --> 13:19.740] weaknesses
[13:26.900 --> 13:27.460] yeah
[13:27.460 --> 13:33.280] [*]
[13:33.280 --> 13:34.380] I
[13:34.380 --> 13:34.600] think
[13:34.600 --> 13:34.960] so
[13:34.960 --> 13:35.140] I
[13:35.140 --> 13:35.500] I
[13:35.500 --> 13:35.720] mean
[13:35.720 --> 13:35.900] my
[13:35.900 --> 13:36.140] my
[13:36.140 --> 13:36.520] roommates
[13:36.520 --> 13:36.920] are
[13:36.920 --> 13:37.720] [*]
[13:37.720 --> 13:37.940] are
[13:37.940 --> 13:38.400] always
[13:38.400 --> 13:38.720] ready
[13:38.720 --> 13:38.860] to
[13:38.860 --> 13:39.140] listen
[13:39.140 --> 13:39.460] to
[13:39.460 --> 13:39.740] like
[13:39.740 --> 13:40.180] my
[13:40.860 --> 13:41.480] [*]
[13:41.480 --> 13:41.600] like
[13:41.600 --> 13:41.820] [*]
[13:41.820 --> 13:42.060] my
[13:42.060 --> 13:42.500] bad
[13:42.500 --> 13:42.960] shift
[13:42.960 --> 13:43.760] [*]
[13:43.760 --> 13:43.940] stories
[13:43.940 --> 13:44.460] or
[13:44.460 --> 13:44.920] my
[13:44.920 --> 13:45.560] [*]
[13:45.560 --> 13:45.760] you
[13:45.760 --> 13:46.000] know
[13:46.000 --> 13:46.240] my
[13:46.240 --> 13:46.920] [*]
[13:46.920 --> 13:47.080] failed
[13:47.080 --> 13:47.700] exams
[13:47.700 --> 13:48.080] [*]
[13:48.080 --> 13:48.360] and
[13:48.360 --> 13:48.620] I
[13:48.620 --> 13:48.940] always
[13:48.940 --> 13:49.180] text
[13:49.180 --> 13:49.360] my
[13:49.360 --> 13:49.640] mom
[13:49.640 --> 13:49.860] and
[13:49.860 --> 13:51.080] [*]
[13:51.080 --> 13:51.200] tell
[13:51.200 --> 13:51.420] her
[13:51.420 --> 13:51.540] about
[13:51.540 --> 13:51.700] my
[13:51.700 --> 13:52.020] day
[13:52.020 --> 13:52.800] [*]
[13:52.800 --> 13:52.980] but
[13:52.980 --> 13:53.220] then
[13:53.220 --> 13:53.460] like
[13:53.460 --> 13:53.680] also
[13:53.680 --> 13:53.860] at
[13:53.860 --> 13:54.080] work
[13:54.080 --> 13:54.260] my
[13:54.260 --> 13:54.660] managers
[13:54.660 --> 13:55.040] are
[13:55.040 --> 13:55.320] really
[13:55.320 --> 13:55.720] nice
[13:55.720 --> 13:55.960] to
[13:55.960 --> 13:56.200] me
[13:56.200 --> 13:56.600] and
[13:56.600 --> 13:56.840] [*]
[13:56.840 --> 13:57.160] you
[13:57.160 --> 13:57.380] know
[13:57.380 --> 13:57.600] they're
[13:57.600 --> 13:57.760] like
[13:57.760 --> 13:57.860] you
[13:57.860 --> 13:57.860] know
[13:57.860 --> 13:57.860] I'm
[13:57.860 --> 13:57.860] gonna
[13:57.860 --> 13:57.860] be
[13:57.860 --> 13:57.860] okay
[13:57.860 --> 13:57.860] I'm
[13:57.860 --> 13:57.860] gonna
[13:57.860 --> 13:57.860] be
[13:57.860 --> 13:57.860] okay
[13:57.860 --> 13:57.860] I'm
[13:57.860 --> 13:57.860] gonna
[13:57.860 --> 13:57.860] be
[13:57.860 --> 13:57.860] okay
[13:57.860 --> 13:57.860] I'm
[13:57.860 --> 13:57.860] gonna
[13:57.860 --> 13:58.140] they
[13:58.140 --> 13:58.160] always
[13:58.160 --> 13:58.160] step
[13:58.160 --> 13:58.420] they
[13:58.420 --> 13:58.740] always
[13:58.740 --> 13:58.900] pull
[13:58.900 --> 13:59.080] me
[13:59.080 --> 13:59.260] aside
[13:59.260 --> 13:59.560] they're
[13:59.560 --> 13:59.680] like
[13:59.680 --> 14:00.120] you're
[14:00.120 --> 14:00.320] okay
[14:00.320 --> 14:00.680] like
[14:00.680 --> 14:01.060] [*]
[14:01.060 --> 14:01.180] I
[14:01.180 --> 14:01.600] understand
[14:01.600 --> 14:02.060] like
[14:02.060 --> 14:02.260] it's
[14:02.260 --> 14:02.360] not
[14:02.360 --> 14:02.580] a
[14:02.580 --> 14:02.760] bad
[14:02.760 --> 14:03.120] reflection
[14:03.120 --> 14:03.360] on
[14:03.360 --> 14:03.700] you
[14:03.700 --> 14:04.140] [*]
[14:04.140 --> 14:04.580] that
[14:04.580 --> 14:04.960] like
[14:04.960 --> 14:05.500] it's
[14:05.500 --> 14:05.660] your
[14:05.660 --> 14:05.860] second
[14:05.860 --> 14:06.040] bar
[14:06.040 --> 14:06.320] attending
[14:06.320 --> 14:06.580] shit
[14:06.580 --> 14:06.780] like
[14:06.780 --> 14:07.060] you're
[14:07.060 --> 14:07.260] okay
[14:07.260 --> 14:08.000] and
[14:08.000 --> 14:08.260] so
[14:08.260 --> 14:08.400] I
[14:08.400 --> 14:08.620] feel
[14:08.620 --> 14:08.780] like
[14:08.780 --> 14:08.980] just
[14:08.980 --> 14:09.240] those
[14:09.240 --> 14:09.600] people
[14:09.600 --> 14:10.160] really
[14:10.160 --> 14:10.500] [*]
[14:10.500 --> 14:10.620] help
[14:10.620 --> 14:11.020] [*]
[14:11.020 --> 14:11.440] me
[14:11.440 --> 14:11.700] kind
[14:11.700 --> 14:11.980] of
[14:11.980 --> 14:12.160] like
[14:12.160 --> 14:12.520] bring
[14:12.520 --> 14:12.900] myself
[14:12.900 --> 14:13.240] back
[14:13.240 --> 14:13.540] down
[14:13.540 --> 14:13.720] the
[14:13.720 --> 14:14.020] earth
[14:14.020 --> 14:14.340] and
[14:14.340 --> 14:14.440] be
[14:14.440 --> 14:14.700] like
[14:14.700 --> 14:14.980] okay
[14:14.980 --> 14:15.500] you'll
[14:15.500 --> 14:15.800] be
[14:15.800 --> 14:16.160] okay
[14:16.160 --> 14:16.500] like
[14:16.500 --> 14:16.820] there's
[14:16.820 --> 14:17.040] always
[14:17.040 --> 14:17.200] the
[14:17.200 --> 14:17.440] next
[14:17.440 --> 14:17.760] [*]
[14:17.760 --> 14:17.920] time
[14:17.920 --> 14:18.900] [*]
[14:18.900 --> 14:19.120] so
[14:26.880 --> 14:31.640] [*]
[14:31.640 --> 14:32.980] I
[14:32.980 --> 14:33.180] think
[14:33.180 --> 14:33.480] it's
[14:33.480 --> 14:33.860] important
[14:33.860 --> 14:34.180] [*]
[14:34.180 --> 14:34.300] to
[14:34.300 --> 14:34.800] take
[14:34.800 --> 14:35.000] a
[14:35.000 --> 14:35.240] step
[14:35.240 --> 14:35.460] back
[14:35.460 --> 14:35.640] from
[14:35.640 --> 14:35.780] the
[14:35.780 --> 14:36.160] situation
[14:36.160 --> 14:36.500] and
[14:36.500 --> 14:36.720] maybe
[14:36.720 --> 14:37.020] just
[14:37.020 --> 14:37.520] completely
[14:37.520 --> 14:38.300] forget
[14:38.300 --> 14:38.660] about
[14:38.660 --> 14:39.000] it
[14:39.000 --> 14:39.300] [*]
[14:39.300 --> 14:39.700] for
[14:39.700 --> 14:39.980] a
[14:39.980 --> 14:40.480] couple
[14:40.480 --> 14:40.760] minutes
[14:40.760 --> 14:41.080] or
[14:41.080 --> 14:41.360] so
[14:41.360 --> 14:41.460] and
[14:41.460 --> 14:41.660] just
[14:41.660 --> 14:41.760] do
[14:41.760 --> 14:42.040] something
[14:42.040 --> 14:42.260] that
[14:42.260 --> 14:42.420] I
[14:42.420 --> 14:42.580] want
[14:42.580 --> 14:42.780] to
[14:42.780 --> 14:42.960] do
[14:43.240 --> 14:43.820] [*]
[14:43.820 --> 14:44.040] just
[14:44.040 --> 14:44.280] to
[14:44.280 --> 14:44.420] kind
[14:44.420 --> 14:44.620] of
[14:44.620 --> 14:44.840] relieve
[14:44.840 --> 14:45.300] stress
[14:45.300 --> 14:45.580] and
[14:45.580 --> 14:45.800] [*]
[14:45.800 --> 14:45.980] anxiety
[14:45.980 --> 14:46.620] from
[14:46.620 --> 14:47.020] you
[14:47.020 --> 14:47.260] know
[14:47.260 --> 14:47.360] those
[14:47.360 --> 14:47.500] kind
[14:47.500 --> 14:47.680] of
[14:47.680 --> 14:48.100] situations
[14:48.100 --> 14:48.620] but
[14:48.620 --> 14:48.720] I
[14:48.720 --> 14:49.860] think
[14:49.860 --> 14:50.260] when
[14:50.260 --> 14:50.440] I
[14:50.440 --> 14:50.700] do
[14:50.700 --> 14:50.900] pull
[14:50.900 --> 14:51.200] myself
[14:51.200 --> 14:51.580] back
[14:51.580 --> 14:51.760] from
[14:51.760 --> 14:51.920] the
[14:51.920 --> 14:52.280] situation
[14:52.280 --> 14:52.540] and
[14:52.540 --> 14:52.700] look
[14:52.700 --> 14:52.940] at
[14:52.940 --> 14:53.140] it
[14:53.140 --> 14:53.300] from
[14:53.300 --> 14:53.460] like
[14:53.460 --> 14:53.680] an
[14:53.680 --> 14:54.000] outsider
[14:54.000 --> 14:54.220] perspective
[14:54.220 --> 14:55.120] [*]
[14:55.120 --> 14:55.580] it
[14:55.580 --> 14:55.900] helps
[14:55.900 --> 14:56.240] me
[14:56.880 --> 14:57.620] [*]
[14:57.620 --> 14:58.680] realize
[14:58.680 --> 14:59.360] that
[14:59.360 --> 14:59.820] [*]
[14:59.820 --> 15:00.420] maybe
[15:00.420 --> 15:00.720] it's
[15:00.720 --> 15:00.960] not
[15:00.960 --> 15:01.200] as
[15:01.200 --> 15:01.940] life-threatening
[15:01.940 --> 15:02.160] as
[15:02.160 --> 15:02.240] I
[15:02.240 --> 15:02.500] think
[15:02.500 --> 15:02.600] it
[15:02.600 --> 15:02.920] is
[15:02.920 --> 15:03.320] [*]
[15:03.320 --> 15:03.860] um
[15:03.860 --> 15:04.600] [*]
[15:04.600 --> 15:05.060] so
[15:05.060 --> 15:05.520] I
[15:05.520 --> 15:05.860] think
[15:05.860 --> 15:06.020] just
[15:06.020 --> 15:06.240] kind
[15:06.240 --> 15:06.480] of
[15:06.480 --> 15:06.700] taking
[15:06.700 --> 15:06.840] a
[15:06.840 --> 15:07.040] step
[15:07.040 --> 15:07.240] [*]
[15:07.240 --> 15:07.420] back
[15:07.420 --> 15:07.620] and
[15:07.620 --> 15:07.800] kind
[15:07.800 --> 15:08.060] of
[15:08.060 --> 15:08.280] looking
[15:08.280 --> 15:08.440] at
[15:08.440 --> 15:08.620] it
[15:08.620 --> 15:08.740] from
[15:08.740 --> 15:08.920] an
[15:08.920 --> 15:09.400] outsider's
[15:09.400 --> 15:09.820] perspective
[15:09.820 --> 15:10.280] and
[15:10.280 --> 15:10.500] then
[15:10.500 --> 15:10.820] also
[15:10.820 --> 15:11.140] like
[15:11.140 --> 15:11.260] talking
[15:11.260 --> 15:11.420] [*]
[15:11.420 --> 15:11.620] to
[15:11.620 --> 15:11.760] my
[15:11.760 --> 15:12.080] support
[15:12.080 --> 15:12.640] system
[15:12.640 --> 15:13.500] [*]
[15:13.500 --> 15:13.860] definitely
[15:13.860 --> 15:14.280] helps
[15:34.540 --> 15:34.540] um
[15:34.540 --> 15:35.200] [*]
[15:35.200 --> 15:35.480] I
[15:35.480 --> 15:35.860] would
[15:35.860 --> 15:36.400] feel
[15:36.400 --> 15:36.560] [*]
[15:36.560 --> 15:36.840] like
[15:36.840 --> 15:38.220] [*]
[15:38.220 --> 15:38.400] since
[15:38.400 --> 15:39.000] [*]
[15:39.000 --> 15:39.140] starting
[15:39.140 --> 15:39.700] [*]
[15:39.700 --> 15:39.860] this
[15:39.860 --> 15:40.340] job
[15:40.340 --> 15:40.740] in
[15:40.740 --> 15:41.180] August
[15:44.380 --> 15:44.380] I
[15:44.380 --> 15:44.700] really
[15:44.700 --> 15:45.040] kind
[15:45.040 --> 15:45.240] of
[15:45.240 --> 15:45.400] put
[15:45.400 --> 15:45.520] my
[15:45.520 --> 15:45.740] head
[15:45.740 --> 15:45.940] down
[15:45.940 --> 15:46.020] and
[15:46.020 --> 15:46.300] worked
[15:46.300 --> 15:46.760] hard
[15:46.760 --> 15:47.080] [*]
[15:47.080 --> 15:47.400] um
[15:47.400 --> 15:48.060] because
[15:48.060 --> 15:48.420] I
[15:48.420 --> 15:48.700] [*]
[15:48.700 --> 15:48.840] had
[15:48.840 --> 15:49.080] been
[15:49.080 --> 15:49.260] a
[15:49.260 --> 15:49.540] server
[15:49.540 --> 15:49.820] before
[15:49.820 --> 15:50.220] at
[15:50.220 --> 15:50.340] a
[15:50.340 --> 15:50.600] [*]
[15:50.600 --> 15:50.960] different
[15:50.960 --> 15:51.160] job
[15:51.160 --> 15:51.440] but
[15:51.440 --> 15:51.560] it
[15:51.560 --> 15:51.880] it's
[15:51.880 --> 15:52.120] it
[15:52.120 --> 15:52.360] was
[15:52.360 --> 15:52.860] completely
[15:52.860 --> 15:53.340] different
[15:53.340 --> 15:53.640] than
[15:53.640 --> 15:53.940] what
[15:53.940 --> 15:54.400] kind
[15:54.400 --> 15:54.660] of
[15:54.660 --> 15:54.920] restaurant
[15:54.920 --> 15:55.080] I
[15:55.080 --> 15:55.240] work
[15:55.240 --> 15:55.380] at
[15:55.380 --> 15:55.640] now
[15:55.640 --> 15:56.400] and
[15:56.400 --> 15:56.780] so
[15:56.780 --> 15:57.080] kind
[15:57.080 --> 15:57.480] of
[15:57.480 --> 15:57.880] [*]
[15:57.880 --> 15:58.640] working
[15:58.640 --> 15:58.880] really
[15:58.880 --> 15:59.260] hard
[15:59.260 --> 15:59.440] not
[15:59.440 --> 15:59.780] only
[15:59.780 --> 16:00.300] [*]
[16:00.300 --> 16:00.420] doing
[16:00.420 --> 16:01.060] my
[16:01.060 --> 16:01.840] kind
[16:01.840 --> 16:02.280] of
[16:02.280 --> 16:03.540] [*]
[16:03.540 --> 16:03.780] um
[16:03.780 --> 16:04.720] tasks
[16:04.720 --> 16:05.000] [*]
[16:05.000 --> 16:05.220] that
[16:05.220 --> 16:05.320] I
[16:05.320 --> 16:05.460] have
[16:05.460 --> 16:05.600] to
[16:05.600 --> 16:05.760] do
[16:05.760 --> 16:05.860] but
[16:05.860 --> 16:06.080] also
[16:06.080 --> 16:06.260] helping
[16:06.260 --> 16:06.640] out
[16:06.640 --> 16:06.840] other
[16:06.840 --> 16:07.040] [*]
[16:07.040 --> 16:07.300] people
[16:07.300 --> 16:08.200] I
[16:08.200 --> 16:08.420] think
[16:08.420 --> 16:08.500] I
[16:08.500 --> 16:08.700] did
[16:08.700 --> 16:08.900] really
[16:08.900 --> 16:09.100] [*]
[16:09.100 --> 16:09.220] well
[16:09.220 --> 16:09.720] and
[16:09.720 --> 16:10.100] I
[16:10.100 --> 16:10.600] [*]
[16:10.600 --> 16:10.820] think
[16:10.820 --> 16:10.940] that
[16:10.940 --> 16:11.080] kind
[16:11.080 --> 16:11.260] of
[16:11.260 --> 16:11.700] showed
[16:11.700 --> 16:12.000] by
[16:12.000 --> 16:12.260] [*]
[16:12.260 --> 16:12.540] me
[16:12.540 --> 16:13.260] being
[16:13.260 --> 16:13.760] um
[16:13.760 --> 16:14.640] promoted
[16:14.640 --> 16:15.160] to
[16:15.160 --> 16:15.300] a
[16:15.300 --> 16:15.760] bartender
[16:15.760 --> 16:16.040] only
[16:16.040 --> 16:16.280] like
[16:16.280 --> 16:16.500] three
[16:16.500 --> 16:16.800] months
[16:16.800 --> 16:17.080] after
[16:17.080 --> 16:17.360] working
[16:17.360 --> 16:17.600] there
[16:17.600 --> 16:17.880] where
[16:17.880 --> 16:18.520] there's
[16:18.520 --> 16:18.720] people
[16:18.720 --> 16:18.960] there
[16:18.960 --> 16:19.140] that
[16:19.140 --> 16:19.300] have
[16:19.300 --> 16:19.420] been
[16:19.420 --> 16:19.620] working
[16:19.620 --> 16:19.780] there
[16:19.780 --> 16:19.900] for
[16:19.900 --> 16:20.180] years
[16:20.180 --> 16:20.400] and
[16:20.400 --> 16:20.560] still
[16:20.560 --> 16:20.740] want
[16:20.740 --> 16:20.880] to
[16:20.880 --> 16:21.200] bartend
[16:21.200 --> 16:21.300] and
[16:21.300 --> 16:21.480] they
[16:21.480 --> 16:21.900] haven't
[16:21.900 --> 16:22.480] been
[16:22.480 --> 16:22.800] able
[16:22.800 --> 16:22.980] to
[16:22.980 --> 16:23.260] yet
[16:23.260 --> 16:23.660] and
[16:23.660 --> 16:23.960] so
[16:23.960 --> 16:24.080] I
[16:24.080 --> 16:24.300] think
[16:24.300 --> 16:24.540] that's
[16:24.540 --> 16:24.700] just
[16:24.700 --> 16:24.880] a
[16:24.880 --> 16:25.200] really
[16:25.200 --> 16:25.720] [*]
[16:25.720 --> 16:26.240] like
[16:26.240 --> 16:26.620] proud
[16:26.620 --> 16:26.940] moment
[16:26.940 --> 16:27.200] for
[16:27.200 --> 16:27.420] me
[16:27.420 --> 16:27.740] for
[16:27.740 --> 16:28.480] [*]
[16:28.480 --> 16:28.700] people
[16:28.700 --> 16:28.860] to
[16:28.860 --> 16:29.060] come
[16:29.060 --> 16:29.220] to
[16:29.220 --> 16:29.380] be
[16:29.380 --> 16:29.580] like
[16:29.580 --> 16:29.820] wow
[16:29.820 --> 16:30.060] you're
[16:30.060 --> 16:30.300] already
[16:30.300 --> 16:30.820] bartending
[16:30.820 --> 16:30.940] and
[16:30.940 --> 16:31.100] I'm
[16:31.100 --> 16:31.220] like
[16:31.220 --> 16:31.460] yeah
[16:31.460 --> 16:32.080] they're
[16:32.080 --> 16:32.220] like
[16:32.220 --> 16:32.420] wow
[16:32.420 --> 16:32.660] that's
[16:32.660 --> 16:32.820] really
[16:32.820 --> 16:33.160] impressive
[16:33.160 --> 16:33.600] and
[16:33.600 --> 16:33.740] so
[16:33.740 --> 16:34.000] I
[16:34.000 --> 16:34.200] feel
[16:34.200 --> 16:34.500] like
[16:34.500 --> 16:34.780] just
[16:34.780 --> 16:35.260] [*]
[16:35.260 --> 16:35.580] you
[16:35.580 --> 16:35.800] know
[16:35.800 --> 16:36.100] people
[16:36.100 --> 16:36.460] saying
[16:36.460 --> 16:36.740] that
[16:36.740 --> 16:36.980] makes
[16:36.980 --> 16:37.340] me
[16:37.340 --> 16:37.620] realize
[16:37.620 --> 16:38.000] that
[16:38.000 --> 16:38.400] like
[16:38.400 --> 16:38.740] wow
[16:38.740 --> 16:38.840] I
[16:38.840 --> 16:39.200] actually
[16:39.200 --> 16:39.480] am
[16:39.480 --> 16:39.680] doing
[16:39.680 --> 16:39.820] a
[16:39.820 --> 16:40.120] you
[16:40.120 --> 16:40.300] know
[16:40.300 --> 16:40.340] a
[16:40.340 --> 16:40.620] pretty
[16:40.620 --> 16:40.780] good
[16:40.780 --> 16:41.060] job
[16:41.060 --> 16:41.340] here
[16:41.340 --> 16:41.480] at
[16:41.480 --> 16:41.620] [*]
[16:41.620 --> 16:41.780] this
[16:41.780 --> 16:42.480] [*]
[16:42.480 --> 16:42.720] job
[16:42.720 --> 16:42.960] so
[16:42.960 --> 16:43.060] it
[16:43.060 --> 16:43.200] just
[16:43.200 --> 16:43.300] kind
[16:43.300 --> 16:43.460] of
[16:43.460 --> 16:43.640] makes
[16:43.640 --> 16:43.900] me
[16:43.900 --> 16:44.100] feel
[16:44.100 --> 16:44.220] good
[16:44.220 --> 16:44.300] a
[16:44.300 --> 16:44.400] little
[16:44.460 --> 16:44.680] a
[16:44.680 --> 16:44.920] little
[16:44.920 --> 16:45.140] bit
[17:13.680 --> 17:13.940] [*]
[17:13.940 --> 17:14.560] Thank
[17:14.560 --> 17:14.580] you
