/Users/msmuhammad/workbench/miniconda3/envs/whisper/lib/python3.10/site-packages/torch/cuda/__init__.py:138: UserWarning: CUDA initialization: The NVIDIA driver on your system is too old (found version 11040). Please update your GPU driver by downloading and installing a new version from the URL: http://www.nvidia.com/Download/index.aspx Alternatively, go to: https://pytorch.org to install a PyTorch version that has been compiled with your version of the CUDA driver. (Triggered internally at ../c10/cuda/CUDAFunctions.cpp:108.)
  return torch._C._cuda_getDeviceCount() > 0
[00:00.000 --> 00:00.200] You
[00:29.500 --> 00:46.820] [*]
[00:46.820 --> 00:47.720] on
[00:47.720 --> 00:48.080] the
[00:48.080 --> 00:48.340] [*]
[00:48.340 --> 00:48.540] whole
[00:48.540 --> 00:48.720] very
[00:48.720 --> 00:48.980] well
[00:48.980 --> 00:49.440] I
[00:49.440 --> 00:50.240] haven't
[00:50.240 --> 00:50.500] been
[00:50.500 --> 00:50.800] sleeping
[00:50.800 --> 00:51.000] too
[00:51.000 --> 00:51.260] much
[00:51.260 --> 00:51.520] just
[00:51.520 --> 00:51.860] because
[00:51.860 --> 00:52.220] it's
[00:52.220 --> 00:52.380] the
[00:52.380 --> 00:52.640] sort
[00:52.640 --> 00:52.860] of
[00:52.860 --> 00:53.500] [*]
[00:53.500 --> 00:53.700] high
[00:53.700 --> 00:53.960] school
[00:53.960 --> 00:54.320] varsity
[00:54.320 --> 00:54.480] swim
[00:54.480 --> 00:54.720] season
[00:54.720 --> 00:55.200] [*]
[00:55.200 --> 00:55.420] and
[00:55.420 --> 00:55.800] that's
[00:55.800 --> 00:55.880] on
[00:55.880 --> 00:56.100] top
[00:56.100 --> 00:56.320] of
[00:56.320 --> 00:56.420] all
[00:56.420 --> 00:56.560] the
[00:56.560 --> 00:56.760] other
[00:56.760 --> 00:56.920] things
[00:56.920 --> 00:57.060] that
[00:57.060 --> 00:57.320] I'm
[00:57.320 --> 00:57.540] doing
[00:57.540 --> 00:58.100] [*]
[00:58.100 --> 00:58.580] but
[00:58.580 --> 00:58.600] [*]
[00:58.600 --> 00:58.960] hopefully
[00:58.960 --> 00:59.180] Thanksgiving
[00:59.180 --> 00:59.460] [*]
[00:59.460 --> 00:59.740] break
[00:59.740 --> 00:59.920] should
[00:59.920 --> 01:00.120] be
[01:00.120 --> 01:00.240] a
[01:00.240 --> 01:00.420] good
[01:00.420 --> 01:00.420] time
[01:00.420 --> 01:00.420] for
[01:00.420 --> 01:00.420] me
[01:00.420 --> 01:00.420] to
[01:00.420 --> 01:00.420] do
[01:00.420 --> 01:00.420] that
[01:00.420 --> 01:00.760] It
[01:00.760 --> 01:00.940] should
[01:00.940 --> 01:00.940] be
[01:00.940 --> 01:00.940] a
[01:00.940 --> 01:00.980] good
[01:00.980 --> 01:01.260] chance
[01:01.260 --> 01:01.500] to
[01:01.500 --> 01:01.720] get
[01:01.720 --> 01:02.060] caught
[01:02.060 --> 01:02.340] up
[01:02.340 --> 01:02.460] and
[01:02.460 --> 01:02.640] get
[01:02.640 --> 01:02.880] ahead
[01:02.880 --> 01:03.020] on
[01:03.020 --> 01:03.260] stuff
[01:16.860 --> 01:17.140] [*]
[01:17.140 --> 01:17.780] It's
[01:17.780 --> 01:17.980] been
[01:17.980 --> 01:18.000] [*]
[01:18.000 --> 01:18.340] on
[01:18.340 --> 01:18.580] the
[01:18.580 --> 01:18.780] whole
[01:18.780 --> 01:18.940] very
[01:18.940 --> 01:19.260] full
[01:20.360 --> 01:20.760] I
[01:20.760 --> 01:21.240] [*]
[01:21.240 --> 01:21.360] got
[01:21.360 --> 01:21.540] done
[01:21.540 --> 01:21.720] with
[01:21.720 --> 01:21.900] cross
[01:21.900 --> 01:22.240] country
[01:22.240 --> 01:22.420] in
[01:22.420 --> 01:22.800] October
[01:22.800 --> 01:23.800] [*]
[01:23.800 --> 01:24.040] and
[01:24.040 --> 01:24.600] [*]
[01:24.600 --> 01:24.780] as
[01:24.780 --> 01:24.920] I
[01:24.920 --> 01:25.200] said
[01:25.200 --> 01:25.800] [*]
[01:25.800 --> 01:25.920] swim
[01:25.920 --> 01:26.240] season
[01:26.240 --> 01:26.480] is
[01:26.480 --> 01:26.640] just
[01:26.640 --> 01:26.940] starting
[01:26.940 --> 01:27.220] up
[01:27.220 --> 01:27.420] and
[01:27.420 --> 01:27.660] then
[01:27.660 --> 01:27.940] there's
[01:27.940 --> 01:28.140] that
[01:28.140 --> 01:28.780] on
[01:28.780 --> 01:29.060] top
[01:29.060 --> 01:29.300] of
[01:29.300 --> 01:29.580] band
[01:29.580 --> 01:29.820] and
[01:29.820 --> 01:29.960] jazz
[01:29.960 --> 01:30.400] band
[01:30.400 --> 01:31.300] [*]
[01:31.300 --> 01:31.700] and
[01:31.700 --> 01:32.100] pep
[01:32.100 --> 01:32.360] band
[01:32.360 --> 01:32.660] and
[01:32.660 --> 01:32.800] show
[01:32.800 --> 01:33.160] band
[01:33.160 --> 01:33.580] [*]
[01:33.580 --> 01:34.300] and
[01:34.300 --> 01:35.020] the
[01:35.020 --> 01:35.420] three
[01:35.420 --> 01:35.640] AP
[01:35.640 --> 01:35.860] classes
[01:35.860 --> 01:36.000] [*]
[01:36.000 --> 01:36.220] that
[01:36.220 --> 01:36.420] I'm
[01:36.420 --> 01:36.660] taking
[01:36.660 --> 01:37.180] and
[01:37.180 --> 01:37.640] [*]
[01:37.640 --> 01:37.760] all
[01:37.760 --> 01:37.860] of
[01:37.860 --> 01:37.940] the
[01:37.940 --> 01:38.100] other
[01:38.100 --> 01:38.360] stuff
[01:42.000 --> 01:42.840] Yeah
[01:43.000 --> 01:43.240] this
[01:43.240 --> 01:43.480] year
[01:43.480 --> 01:43.820] it's
[01:43.820 --> 01:44.080] AP
[01:44.080 --> 01:44.420] Calc
[01:44.500 --> 01:44.660] A
[01:44.660 --> 01:44.920] World
[01:45.020 --> 01:45.160] and
[01:45.160 --> 01:45.260] AP
[01:45.260 --> 01:45.580] Bio
[01:55.240 --> 01:56.100] I
[01:56.100 --> 01:56.240] mean
[01:56.240 --> 01:56.380] I've
[01:56.380 --> 01:56.520] been
[01:56.520 --> 01:56.680] trying
[01:56.680 --> 01:56.840] my
[01:56.840 --> 01:57.060] best
[01:58.780 --> 01:59.140] [*]
[01:59.140 --> 01:59.700] Definitely
[01:59.700 --> 01:59.960] can't
[01:59.960 --> 02:00.060] wait
[02:00.060 --> 02:00.160] to
[02:00.160 --> 02:00.280] see
[02:00.280 --> 02:00.440] what
[02:00.440 --> 02:00.440] happens
[02:00.440 --> 02:00.440] next
[02:00.440 --> 02:00.560] Yeah
[02:00.560 --> 02:00.660] it's
[02:00.660 --> 02:00.660] been
[02:00.660 --> 02:00.660] pretty
[02:00.660 --> 02:00.660] good
[02:00.660 --> 02:00.660] compared
[02:00.660 --> 02:00.660] to
[02:00.660 --> 02:00.680] where
[02:00.680 --> 02:00.800] I
[02:00.800 --> 02:01.060] was
[02:01.060 --> 02:01.340] managing
[02:01.340 --> 02:02.260] things
[02:02.260 --> 02:02.620] during
[02:02.620 --> 02:02.740] the
[02:02.740 --> 02:02.860] swim
[02:02.860 --> 02:03.160] season
[02:03.160 --> 02:03.300] in
[02:03.300 --> 02:03.660] my
[02:03.660 --> 02:04.000] freshman
[02:04.000 --> 02:04.220] year
[02:04.220 --> 02:04.380] I've
[02:04.380 --> 02:04.460] been
[02:04.460 --> 02:04.620] doing
[02:04.620 --> 02:04.740] a
[02:04.740 --> 02:04.880] lot
[02:04.880 --> 02:05.060] better
[02:05.060 --> 02:05.220] this
[02:05.220 --> 02:05.500] year
[02:05.560 --> 02:06.200] [*]
[02:06.200 --> 02:06.420] but
[02:06.420 --> 02:06.600] I'm
[02:06.600 --> 02:06.760] still
[02:06.760 --> 02:07.040] getting
[02:07.040 --> 02:07.600] [*]
[02:07.600 --> 02:07.740] into
[02:07.740 --> 02:08.180] the
[02:08.180 --> 02:08.900] [*]
[02:08.900 --> 02:09.300] groove
[02:09.300 --> 02:09.480] sort
[02:09.480 --> 02:09.700] of
[02:09.700 --> 02:09.820] as
[02:09.820 --> 02:09.920] it
[02:09.920 --> 02:10.180] were
[02:10.180 --> 02:10.460] of
[02:10.460 --> 02:10.980] you
[02:10.980 --> 02:11.900] [*]
[02:11.900 --> 02:12.120] know
[02:12.120 --> 02:12.340] only
[02:12.340 --> 02:12.580] having
[02:12.580 --> 02:12.760] a
[02:12.760 --> 02:12.940] couple
[02:12.940 --> 02:13.200] hours
[02:13.200 --> 02:13.440] per
[02:13.440 --> 02:13.660] day
[02:13.660 --> 02:13.860] to
[02:13.860 --> 02:14.240] do
[02:14.240 --> 02:14.560] stuff
[02:16.060 --> 02:17.400] They've
[02:17.400 --> 02:17.580] been
[02:17.580 --> 02:17.900] [*]
[02:17.900 --> 02:18.660] pretty
[02:18.660 --> 02:20.240] [*]
[02:20.240 --> 02:21.060] good
[02:21.400 --> 02:21.760] Yeah
[02:22.240 --> 02:22.280] they've
[02:22.280 --> 02:22.320] been
[02:22.320 --> 02:22.340] pretty
[02:22.340 --> 02:24.860] [*]
[02:24.860 --> 02:24.980] good
[02:25.900 --> 02:25.900] Yeah
[02:28.820 --> 02:28.820] Yeah
[02:28.880 --> 02:29.040] Yeah
[02:29.120 --> 02:29.920] [*]
[02:29.920 --> 02:30.080] Aaron
[02:32.380 --> 02:33.680] [*]
[02:33.680 --> 02:35.020] On
[02:35.020 --> 02:35.920] [*]
[02:35.920 --> 02:36.160] weekends
[02:36.280 --> 02:36.400] it
[02:36.400 --> 02:36.480] can
[02:36.480 --> 02:36.640] vary
[02:36.640 --> 02:36.760] a
[02:36.760 --> 02:36.960] lot
[02:37.140 --> 02:37.340] Sometimes
[02:37.340 --> 02:37.620] [*]
[02:37.620 --> 02:38.180] I'll
[02:38.180 --> 02:38.300] [*]
[02:38.300 --> 02:38.780] go
[02:38.780 --> 02:39.000] out
[02:39.000 --> 02:39.080] and
[02:39.080 --> 02:39.220] do
[02:39.220 --> 02:39.420] things
[02:39.420 --> 02:39.580] with
[02:39.580 --> 02:39.880] friends
[02:40.100 --> 02:40.580] [*]
[02:40.580 --> 02:41.220] but
[02:41.220 --> 02:42.700] [*]
[02:42.700 --> 02:42.980] usually
[02:42.980 --> 02:43.260] that
[02:43.260 --> 02:43.620] I
[02:43.620 --> 02:44.260] spend
[02:44.260 --> 02:44.500] a
[02:44.500 --> 02:44.600] lot
[02:44.600 --> 02:44.680] of
[02:44.680 --> 02:44.920] time
[02:44.920 --> 02:45.420] [*]
[02:45.420 --> 02:45.740] just
[02:45.740 --> 02:45.880] sort
[02:45.880 --> 02:46.160] of
[02:46.160 --> 02:46.460] relaxing
[02:46.460 --> 02:46.760] [*]
[02:46.760 --> 02:46.860] and
[02:46.860 --> 02:47.420] recuperating
[02:47.420 --> 02:47.620] from
[02:47.620 --> 02:47.700] the
[02:47.700 --> 02:47.960] week
[02:47.960 --> 02:50.880] [*]
[02:50.880 --> 02:51.160] and
[02:51.160 --> 02:51.300] or
[02:51.300 --> 02:53.120] [*]
[02:53.120 --> 02:53.520] doing
[02:53.520 --> 02:53.920] homework
[02:53.920 --> 02:54.140] or
[02:54.140 --> 02:54.460] studying
[02:57.180 --> 02:57.620] Okay
[02:58.200 --> 02:58.800] Okay
[02:58.840 --> 03:03.860] [*]
[03:03.860 --> 03:04.400] I
[03:04.400 --> 03:04.800] don't
[03:04.800 --> 03:04.860] know
[03:04.860 --> 03:05.000] about
[03:05.000 --> 03:05.120] a
[03:05.120 --> 03:05.240] [*]
[03:05.240 --> 03:05.740] specific
[03:05.740 --> 03:06.100] favorite
[03:06.100 --> 03:06.400] because
[03:06.400 --> 03:06.560] how
[03:06.560 --> 03:06.760] much
[03:06.760 --> 03:06.940] I've
[03:06.940 --> 03:07.160] liked
[03:07.160 --> 03:07.420] each
[03:07.420 --> 03:07.680] one
[03:07.680 --> 03:07.860] is
[03:07.860 --> 03:08.020] sort
[03:08.020 --> 03:08.180] of
[03:08.180 --> 03:08.580] waxed
[03:08.580 --> 03:08.700] and
[03:08.700 --> 03:09.180] waned
[03:09.220 --> 03:09.620] [*]
[03:09.620 --> 03:10.060] and
[03:10.060 --> 03:10.520] [*]
[03:10.520 --> 03:11.120] I
[03:11.120 --> 03:11.280] kind
[03:11.280 --> 03:11.440] of
[03:11.440 --> 03:11.580] like
[03:11.580 --> 03:11.700] a
[03:11.700 --> 03:11.800] lot
[03:11.800 --> 03:11.860] of
[03:11.860 --> 03:12.000] them
[03:12.000 --> 03:12.080] for
[03:12.080 --> 03:12.320] different
[03:12.320 --> 03:12.640] reasons
[03:38.080 --> 03:45.460] [*]
[03:45.460 --> 03:45.700] Over
[03:45.700 --> 03:46.420] [*]
[03:46.420 --> 03:46.800] time
[03:46.940 --> 03:47.900] the
[03:47.900 --> 03:48.480] way
[03:48.480 --> 03:48.580] that
[03:48.580 --> 03:48.760] I've
[03:48.760 --> 03:48.960] changed
[03:48.960 --> 03:49.160] as
[03:49.160 --> 03:49.260] a
[03:49.260 --> 03:49.500] person
[03:49.580 --> 03:49.720] I
[03:49.720 --> 03:49.840] think
[03:49.860 --> 03:49.980] has
[03:49.980 --> 03:50.180] been
[03:50.180 --> 03:50.780] [*]
[03:50.780 --> 03:50.940] generally
[03:50.940 --> 03:51.260] [*]
[03:51.260 --> 03:51.480] positive
[03:51.480 --> 03:51.800] and
[03:51.800 --> 03:52.240] it's
[03:52.240 --> 03:52.920] [*]
[03:52.920 --> 03:53.280] generally
[03:53.280 --> 03:53.540] been
[03:53.540 --> 03:53.980] making
[03:53.980 --> 03:54.180] [*]
[03:54.180 --> 03:54.320] me
[03:54.320 --> 03:54.800] a
[03:54.800 --> 03:55.220] more
[03:55.220 --> 03:55.720] stable
[03:55.720 --> 03:55.940] and
[03:55.940 --> 03:56.620] well-rounded
[03:56.620 --> 03:56.980] person
[03:57.920 --> 03:58.300] [*]
[03:58.300 --> 03:59.000] I've
[03:59.000 --> 03:59.260] noticed
[03:59.260 --> 03:59.520] myself
[03:59.520 --> 04:00.220] [*]
[04:00.220 --> 04:00.540] over
[04:00.540 --> 04:00.720] the
[04:00.720 --> 04:00.980] years
[04:00.980 --> 04:01.400] becoming
[04:01.400 --> 04:02.180] more
[04:02.180 --> 04:02.620] social
[04:02.620 --> 04:03.040] and
[04:03.040 --> 04:03.480] more
[04:03.480 --> 04:04.060] resilient
[04:04.060 --> 04:04.160] [*]
[04:04.160 --> 04:04.460] to
[04:04.460 --> 04:05.020] challenges
[04:05.020 --> 04:05.300] and
[04:05.300 --> 04:05.740] stresses
[04:06.380 --> 04:06.840] [*]
[04:06.840 --> 04:07.180] in
[04:07.180 --> 04:07.520] large
[04:07.520 --> 04:07.780] part
[04:07.780 --> 04:08.080] because
[04:08.080 --> 04:08.360] I
[04:08.360 --> 04:08.520] have
[04:08.520 --> 04:08.580] a
[04:08.580 --> 04:08.720] [*]
[04:08.720 --> 04:08.900] lot
[04:08.900 --> 04:08.900] of
[04:08.900 --> 04:08.900] experience
[04:08.900 --> 04:09.040] with
[04:09.040 --> 04:09.040] people
[04:09.040 --> 04:09.060] I
[04:09.060 --> 04:09.060] have
[04:09.060 --> 04:09.060] a
[04:09.060 --> 04:09.060] lot
[04:09.060 --> 04:09.060] of
[04:09.060 --> 04:09.060] experience
[04:09.060 --> 04:09.060] with
[04:09.060 --> 04:09.060] people
[04:09.060 --> 04:09.160] I
[04:09.160 --> 04:09.160] have
[04:09.160 --> 04:09.160] experience
[04:09.160 --> 04:09.160] with
[04:09.160 --> 04:09.280] those
[04:09.280 --> 04:09.540] challenges
[04:09.540 --> 04:09.780] and
[04:09.780 --> 04:10.140] stresses
[04:10.140 --> 04:10.520] that
[04:10.520 --> 04:10.840] I've
[04:10.840 --> 04:11.100] learned
[04:11.100 --> 04:11.220] to
[04:11.220 --> 04:11.540] actually
[04:11.540 --> 04:11.740] deal
[04:11.740 --> 04:11.900] with
[04:11.900 --> 04:12.140] them
[04:15.020 --> 04:15.820] I'm
[04:15.820 --> 04:16.420] like
[04:16.420 --> 04:16.560] I
[04:16.560 --> 04:16.740] said
[04:16.800 --> 04:16.880] I
[04:16.880 --> 04:16.980] think
[04:16.980 --> 04:17.080] a
[04:17.080 --> 04:17.440] generally
[04:17.440 --> 04:18.680] [*]
[04:18.680 --> 04:18.960] more
[04:18.960 --> 04:19.700] well-rounded
[04:19.700 --> 04:19.940] [*]
[04:19.940 --> 04:20.040] person
[04:20.040 --> 04:20.580] [*]
[04:20.580 --> 04:20.880] because
[04:20.880 --> 04:21.440] [*]
[04:21.440 --> 04:22.400] I'm
[04:22.400 --> 04:22.680] smart
[04:22.680 --> 04:22.900] enough
[04:22.900 --> 04:23.000] to
[04:23.000 --> 04:23.140] do
[04:23.140 --> 04:23.360] things
[04:23.360 --> 04:23.620] I'm
[04:23.620 --> 04:23.780] also
[04:23.780 --> 04:24.080] in
[04:24.080 --> 04:24.480] athletics
[04:24.480 --> 04:24.840] and
[04:24.840 --> 04:25.200] music
[04:25.520 --> 04:25.820] [*]
[04:25.820 --> 04:26.120] and
[04:26.120 --> 04:26.400] [*]
[04:26.400 --> 04:27.000] I'm
[04:27.000 --> 04:27.300] more
[04:27.300 --> 04:27.680] social
[04:27.680 --> 04:27.840] than
[04:27.840 --> 04:27.920] I
[04:27.920 --> 04:28.100] used
[04:28.100 --> 04:28.260] to
[04:28.260 --> 04:28.420] be
[04:28.600 --> 04:29.160] Sorry
[04:29.300 --> 04:29.380] I
[04:29.380 --> 04:29.460] need
[04:29.460 --> 04:29.520] to
[04:29.520 --> 04:29.580] let
[04:29.580 --> 04:29.720] my
[04:29.720 --> 04:29.840] dog
[04:29.840 --> 04:29.960] out
[04:29.960 --> 04:30.060] for
[04:30.060 --> 04:30.140] one
[04:30.140 --> 04:30.320] sec
[04:38.080 --> 04:44.040] [*]
[04:44.040 --> 04:44.640] And
[04:44.640 --> 04:44.820] my
[04:44.820 --> 04:45.200] general
[04:45.200 --> 04:45.780] [*]
[04:45.780 --> 04:45.940] repertoire
[04:45.940 --> 04:46.300] of
[04:46.300 --> 04:46.720] skills
[04:46.720 --> 04:46.980] that
[04:46.980 --> 04:47.060] I
[04:47.060 --> 04:47.360] have
[04:47.360 --> 04:47.600] has
[04:47.600 --> 04:47.840] just
[04:47.840 --> 04:48.080] continued
[04:48.080 --> 04:48.380] [*]
[04:48.380 --> 04:48.520] to
[04:48.520 --> 04:48.960] expand
[04:48.960 --> 04:49.200] over
[04:49.200 --> 04:49.340] that
[04:49.340 --> 04:49.580] time
[04:50.380 --> 04:51.120] So
[04:51.300 --> 04:51.680] on
[04:51.680 --> 04:51.800] the
[04:51.800 --> 04:52.080] whole
[04:52.180 --> 04:52.920] like
[04:52.920 --> 04:53.360] [*]
[04:53.360 --> 04:53.640] I
[04:53.640 --> 04:53.920] said
[04:53.940 --> 04:54.060] [*]
[04:54.060 --> 04:54.360] changes
[04:54.360 --> 04:54.540] that
[04:54.540 --> 04:54.800] I've
[04:54.800 --> 04:54.880] seen
[04:54.880 --> 04:55.200] myself
[04:55.200 --> 04:55.520] have
[04:55.520 --> 04:55.740] been
[04:55.740 --> 04:56.080] [*]
[04:56.080 --> 04:56.240] generally
[04:56.240 --> 04:56.540] [*]
[04:56.540 --> 04:56.800] a
[04:56.800 --> 04:56.900] [*]
[04:56.900 --> 04:57.600] positive
[04:57.600 --> 04:58.180] trajectory
[04:58.440 --> 04:59.260] becoming
[04:59.260 --> 04:59.580] [*]
[04:59.580 --> 05:00.320] more
[05:00.320 --> 05:00.760] stable
[05:00.760 --> 05:00.960] and
[05:00.960 --> 05:01.140] more
[05:01.140 --> 05:01.640] well-rounded
[05:02.420 --> 05:02.420] And
[05:02.420 --> 05:02.760] I've
[05:02.760 --> 05:02.920] found
[05:02.920 --> 05:03.000] that
[05:03.000 --> 05:03.200] I've
[05:03.200 --> 05:03.360] also
[05:03.360 --> 05:03.600] been
[05:03.600 --> 05:03.880] [*]
[05:03.880 --> 05:04.160] better
[05:04.160 --> 05:04.420] able
[05:04.420 --> 05:04.600] to
[05:04.600 --> 05:04.800] deal
[05:04.800 --> 05:04.940] with
[05:04.940 --> 05:05.080] my
[05:05.080 --> 05:05.500] emotions
[05:06.220 --> 05:06.280] [*]
[05:06.280 --> 05:07.260] both
[05:07.260 --> 05:07.440] [*]
[05:07.440 --> 05:07.960] in
[05:07.960 --> 05:08.420] being
[05:08.420 --> 05:08.720] able
[05:08.720 --> 05:08.900] to
[05:08.900 --> 05:09.000] deal
[05:09.000 --> 05:09.040] with
[05:09.040 --> 05:09.040] my
[05:09.040 --> 05:09.040] emotions
[05:09.040 --> 05:09.040] but
[05:09.040 --> 05:09.040] also
[05:09.040 --> 05:09.040] in
[05:09.040 --> 05:09.040] being
[05:09.040 --> 05:09.040] able
[05:09.040 --> 05:09.040] to
[05:09.040 --> 05:09.040] deal
[05:09.040 --> 05:09.040] with
[05:09.040 --> 05:09.040] my
[05:09.040 --> 05:09.040] emotions
[05:09.040 --> 05:09.140] Being
[05:09.140 --> 05:09.140] able
[05:09.140 --> 05:09.140] to
[05:09.140 --> 05:09.160] deal
[05:09.160 --> 05:09.160] with
[05:09.160 --> 05:09.240] them
[05:09.240 --> 05:09.340] in
[05:09.340 --> 05:09.460] the
[05:09.460 --> 05:09.700] moment
[05:09.700 --> 05:09.920] and
[05:09.920 --> 05:10.520] long-term
[05:29.760 --> 05:30.480] I
[05:30.480 --> 05:30.700] think
[05:30.700 --> 05:30.840] that
[05:30.840 --> 05:30.900] a
[05:30.900 --> 05:31.080] lot
[05:31.080 --> 05:31.160] of
[05:31.160 --> 05:31.300] that
[05:31.300 --> 05:31.460] just
[05:31.460 --> 05:31.720] comes
[05:31.720 --> 05:31.980] from
[05:31.980 --> 05:32.620] [*]
[05:32.620 --> 05:32.760] experience
[05:32.820 --> 05:33.280] from
[05:33.280 --> 05:33.920] [*]
[05:33.920 --> 05:34.180] going
[05:34.180 --> 05:34.400] through
[05:34.400 --> 05:34.520] a
[05:34.520 --> 05:34.640] lot
[05:34.640 --> 05:34.720] of
[05:34.720 --> 05:34.980] harder
[05:34.980 --> 05:35.260] things
[05:35.260 --> 05:35.400] than
[05:35.400 --> 05:35.520] I
[05:35.520 --> 05:35.660] had
[05:35.660 --> 05:35.740] in
[05:35.740 --> 05:35.840] the
[05:35.840 --> 05:36.060] past
[05:36.060 --> 05:36.480] and
[05:36.480 --> 05:37.360] [*]
[05:37.360 --> 05:37.480] through
[05:37.480 --> 05:37.780] coming
[05:37.780 --> 05:38.000] out
[05:38.000 --> 05:38.260] better
[05:38.260 --> 05:38.380] On
[05:38.380 --> 05:38.460] the
[05:38.460 --> 05:38.640] other
[05:38.640 --> 05:38.960] side
[05:39.120 --> 05:40.040] [*]
[05:40.040 --> 05:40.320] I
[05:40.320 --> 05:42.240] [*]
[05:42.240 --> 05:42.500] think
[05:42.500 --> 05:42.760] that
[05:42.760 --> 05:43.780] [*]
[05:43.780 --> 05:44.160] with
[05:44.160 --> 05:45.200] [*]
[05:45.200 --> 05:45.440] emotions
[05:45.440 --> 05:46.060] specifically
[05:46.060 --> 05:46.920] it's
[05:46.920 --> 05:47.100] a
[05:47.100 --> 05:47.600] combination
[05:47.600 --> 05:47.980] of
[05:47.980 --> 05:48.320] [*]
[05:48.320 --> 05:48.560] having
[05:48.560 --> 05:48.940] more
[05:48.940 --> 05:49.240] experience
[05:49.240 --> 05:49.460] [*]
[05:49.460 --> 05:49.660] with
[05:49.660 --> 05:49.920] dealing
[05:49.920 --> 05:50.100] with
[05:50.100 --> 05:50.300] my
[05:50.300 --> 05:50.620] emotions
[05:50.620 --> 05:50.900] and
[05:50.900 --> 05:51.120] having
[05:51.120 --> 05:51.340] more
[05:51.340 --> 05:51.720] experience
[05:51.720 --> 05:51.940] with
[05:51.940 --> 05:52.240] myself
[05:52.240 --> 05:52.660] as
[05:52.660 --> 05:52.820] a
[05:52.820 --> 05:53.140] person
[05:53.440 --> 05:54.040] and
[05:54.040 --> 05:54.880] just
[05:54.880 --> 05:55.340] [*]
[05:55.340 --> 05:55.500] generally
[05:55.500 --> 05:56.520] [*]
[05:56.520 --> 05:56.780] having
[05:56.780 --> 05:57.460] [*]
[05:57.460 --> 05:57.600] a
[05:57.600 --> 05:57.860] better
[05:57.860 --> 05:58.160] idea
[05:58.160 --> 05:58.400] of
[05:58.400 --> 05:58.700] different
[05:58.700 --> 05:59.000] [*]
[05:59.000 --> 05:59.180] strategies
[05:59.180 --> 05:59.420] to
[05:59.420 --> 05:59.680] use
[05:59.680 --> 06:00.160] So
[06:00.260 --> 06:00.320] I
[06:00.320 --> 06:00.500] wouldn't
[06:00.500 --> 06:00.620] really
[06:00.620 --> 06:00.880] say
[06:00.880 --> 06:01.000] a
[06:01.000 --> 06:01.300] specific
[06:01.300 --> 06:01.720] resource
[06:01.720 --> 06:01.860] as
[06:01.860 --> 06:02.040] much
[06:02.040 --> 06:02.240] as
[06:02.240 --> 06:02.460] just
[06:02.460 --> 06:03.040] general
[06:03.040 --> 06:04.440] [*]
[06:04.440 --> 06:04.700] becoming
[06:04.700 --> 06:04.980] a
[06:04.980 --> 06:05.160] better
[06:05.160 --> 06:05.420] person
[06:05.420 --> 06:05.640] and
[06:05.640 --> 06:06.100] maturing
[06:06.100 --> 06:06.340] over
[06:06.340 --> 06:06.600] time
[06:07.860 --> 06:08.700] [*]
[06:08.700 --> 06:09.060] So
[06:09.060 --> 06:12.080] [*]
[06:12.080 --> 06:12.080] I
[06:12.080 --> 06:14.760] [*]
[06:14.760 --> 06:15.040] think
[06:15.040 --> 06:15.040] that
[06:15.040 --> 06:17.460] that's
[06:17.460 --> 06:17.600] definitely
[06:17.600 --> 06:17.820] been
[06:17.820 --> 06:18.020] one
[06:18.020 --> 06:18.140] of
[06:18.140 --> 06:18.360] the
[06:18.360 --> 06:18.580] more
[06:18.580 --> 06:18.860] important
[06:18.860 --> 06:19.260] strategies
[06:19.260 --> 06:19.480] that
[06:19.480 --> 06:19.720] I've
[06:19.720 --> 06:19.980] used
[06:19.980 --> 06:19.980] So
[06:19.980 --> 06:19.980] I
[06:19.980 --> 06:19.980] think
[06:19.980 --> 06:19.980] that's
[06:19.980 --> 06:19.980] definitely
[06:19.980 --> 06:19.980] been
[06:19.980 --> 06:19.980] one
[06:19.980 --> 06:19.980] of
[06:19.980 --> 06:20.020] the
[06:20.020 --> 06:20.020] more
[06:20.020 --> 06:20.040] important
[06:20.040 --> 06:20.060] strategies
[06:20.060 --> 06:20.220] that
[06:20.220 --> 06:20.240] I've
[06:20.240 --> 06:20.240] used
[06:32.180 --> 06:33.140] It
[06:33.140 --> 06:33.300] kind
[06:33.300 --> 06:33.460] of
[06:33.460 --> 06:33.680] varies
[06:33.680 --> 06:33.840] I
[06:33.840 --> 06:33.980] do
[06:33.980 --> 06:34.240] spend
[06:34.240 --> 06:34.400] a
[06:34.400 --> 06:34.560] lot
[06:34.560 --> 06:34.620] of
[06:34.620 --> 06:34.860] time
[06:34.860 --> 06:35.360] thinking
[06:35.360 --> 06:35.620] about
[06:35.620 --> 06:35.780] that
[06:35.780 --> 06:35.920] kind
[06:35.920 --> 06:36.080] of
[06:36.080 --> 06:36.280] thing
[06:37.860 --> 06:38.680] I
[06:38.680 --> 06:39.240] will
[06:39.240 --> 06:39.760] occasionally
[06:39.760 --> 06:40.040] write
[06:40.040 --> 06:40.220] things
[06:40.220 --> 06:40.520] down
[06:40.520 --> 06:40.700] but
[06:40.700 --> 06:41.380] that's
[06:41.380 --> 06:41.520] not
[06:41.520 --> 06:41.900] usually
[06:41.900 --> 06:42.100] my
[06:42.100 --> 06:42.340] way
[06:42.340 --> 06:42.480] of
[06:42.480 --> 06:42.780] dealing
[06:42.780 --> 06:43.000] with
[06:43.000 --> 06:43.240] that
[06:55.880 --> 06:55.940] [*]
[06:55.940 --> 06:56.760] In
[06:56.760 --> 06:56.880] my
[06:56.880 --> 06:57.220] friends
[07:00.180 --> 07:00.280] I'd
[07:00.280 --> 07:00.460] say
[07:00.460 --> 07:00.660] that
[07:00.660 --> 07:00.800] on
[07:00.800 --> 07:00.900] the
[07:00.900 --> 07:01.060] whole
[07:01.120 --> 07:01.220] my
[07:01.220 --> 07:01.440] social
[07:01.440 --> 07:01.780] circle
[07:01.780 --> 07:02.220] has
[07:02.220 --> 07:03.140] expanded
[07:03.140 --> 07:03.460] a
[07:03.460 --> 07:03.680] lot
[07:03.680 --> 07:03.840] over
[07:03.840 --> 07:04.020] that
[07:04.020 --> 07:04.300] time
[07:05.180 --> 07:05.440] [*]
[07:05.440 --> 07:05.800] And
[07:05.800 --> 07:06.200] I've
[07:06.200 --> 07:06.380] gotten
[07:06.380 --> 07:06.700] better
[07:06.700 --> 07:07.580] at...
[07:07.860 --> 07:08.580] figuring
[07:08.580 --> 07:09.120] out
[07:09.120 --> 07:09.560] who
[07:09.560 --> 07:09.780] are
[07:09.780 --> 07:09.880] the
[07:09.880 --> 07:10.000] kind
[07:10.000 --> 07:10.120] of
[07:10.120 --> 07:10.300] people
[07:10.300 --> 07:10.540] that
[07:10.540 --> 07:10.840] I'm
[07:10.840 --> 07:11.000] going
[07:11.000 --> 07:11.180] to
[07:11.180 --> 07:11.460] genuinely
[07:11.460 --> 07:11.820] enjoy
[07:11.820 --> 07:12.240] spending
[07:12.240 --> 07:12.560] time
[07:12.560 --> 07:12.820] with
[07:12.820 --> 07:13.180] [*]
[07:13.180 --> 07:13.440] and
[07:13.440 --> 07:13.480] [*]
[07:13.480 --> 07:13.720] who
[07:13.720 --> 07:13.820] are
[07:13.820 --> 07:14.060] people
[07:14.060 --> 07:14.400] that
[07:14.400 --> 07:14.720] might
[07:14.720 --> 07:15.120] seem
[07:15.120 --> 07:15.400] like
[07:15.400 --> 07:15.720] they'd
[07:15.720 --> 07:15.860] be
[07:15.860 --> 07:16.160] fun
[07:16.160 --> 07:16.220] in
[07:16.220 --> 07:16.360] the
[07:16.360 --> 07:16.560] moment
[07:16.640 --> 07:17.180] but
[07:17.180 --> 07:17.460] [*]
[07:17.460 --> 07:17.580] ultimately
[07:17.580 --> 07:17.880] I'm
[07:17.880 --> 07:18.000] not
[07:18.000 --> 07:18.140] really
[07:18.140 --> 07:18.360] able
[07:18.360 --> 07:18.540] to
[07:18.540 --> 07:18.740] forge
[07:18.740 --> 07:19.040] a
[07:19.040 --> 07:19.920] long-lasting
[07:19.920 --> 07:20.240] connection
[07:20.240 --> 07:20.600] with
[07:33.620 --> 07:34.520] I'd
[07:34.520 --> 07:34.640] say
[07:34.640 --> 07:34.800] less
[07:34.800 --> 07:35.100] that
[07:35.100 --> 07:35.260] and
[07:35.260 --> 07:35.520] it's
[07:35.520 --> 07:35.660] more
[07:35.660 --> 07:35.920] that
[07:35.920 --> 07:36.780] [*]
[07:36.780 --> 07:37.260] I've
[07:37.260 --> 07:37.600] been...
[07:37.860 --> 07:38.420] able
[07:38.420 --> 07:38.680] to
[07:38.680 --> 07:38.900] better
[07:38.900 --> 07:39.260] deal
[07:39.260 --> 07:39.740] with...
[07:42.760 --> 07:43.320] people
[07:43.320 --> 07:43.520] that
[07:43.520 --> 07:43.640] I
[07:43.640 --> 07:43.740] may
[07:43.740 --> 07:43.900] not
[07:43.900 --> 07:44.280] necessarily
[07:44.280 --> 07:44.560] get
[07:44.560 --> 07:44.780] along
[07:44.780 --> 07:44.960] with
[07:44.960 --> 07:45.060] as
[07:45.060 --> 07:45.340] well
[07:45.340 --> 07:45.580] and
[07:45.580 --> 07:45.900] still
[07:45.900 --> 07:46.120] [*]
[07:46.120 --> 07:46.480] bring
[07:46.480 --> 07:46.680] them
[07:46.680 --> 07:46.900] into
[07:46.900 --> 07:47.060] my
[07:47.060 --> 07:47.280] social
[07:47.280 --> 07:47.660] circle
[07:47.900 --> 07:48.380] But
[07:48.380 --> 07:48.680] I'm
[07:48.680 --> 07:49.120] able
[07:49.120 --> 07:49.260] to
[07:49.260 --> 07:49.400] get
[07:49.400 --> 07:49.540] much
[07:49.540 --> 07:49.940] closer
[07:49.940 --> 07:50.120] to
[07:50.120 --> 07:50.360] people
[07:50.360 --> 07:50.580] that
[07:50.580 --> 07:50.700] I
[07:50.700 --> 07:51.200] actually
[07:51.200 --> 07:51.680] [*]
[07:51.680 --> 07:51.960] identify
[07:51.960 --> 07:52.340] well
[07:52.340 --> 07:52.600] with
[07:52.600 --> 07:52.820] and
[07:52.820 --> 07:53.160] I'm
[07:53.160 --> 07:53.320] able
[07:53.320 --> 07:53.580] to
[07:53.580 --> 07:54.080] [*]
[07:54.080 --> 07:54.320] talk
[07:54.320 --> 07:54.600] to
[07:54.600 --> 07:54.720] about
[07:54.720 --> 07:55.040] things
[07:55.080 --> 07:55.220] you
[07:55.220 --> 07:55.360] know
[08:07.860 --> 08:08.860] It's
[08:08.860 --> 08:09.000] been
[08:09.000 --> 08:09.340] fairly
[08:09.340 --> 08:09.800] consistent
[08:09.920 --> 08:10.800] [*]
[08:10.800 --> 08:11.360] I'd
[08:11.360 --> 08:11.580] say
[08:13.860 --> 08:14.660] I'm
[08:14.660 --> 08:14.780] not
[08:14.780 --> 08:15.080] quite
[08:15.080 --> 08:15.360] [*]
[08:15.360 --> 08:15.480] sure
[08:15.480 --> 08:16.200] [*]
[08:16.200 --> 08:16.620] where
[08:16.620 --> 08:16.740] I
[08:16.740 --> 08:16.940] can
[08:16.940 --> 08:17.080] think
[08:17.080 --> 08:17.220] of
[08:17.220 --> 08:17.540] specifically
[08:17.540 --> 08:17.840] off
[08:17.840 --> 08:17.940] the
[08:17.940 --> 08:18.080] top
[08:18.080 --> 08:18.200] of
[08:18.200 --> 08:18.340] my
[08:18.340 --> 08:18.520] head
[08:18.860 --> 08:19.820] [*]
[08:19.820 --> 08:20.180] but
[08:20.180 --> 08:20.780] fairly
[08:20.780 --> 08:21.160] positive
[08:21.340 --> 08:21.580] fairly
[08:21.580 --> 08:21.940] consistent
[08:33.860 --> 08:34.320] Well
[08:34.480 --> 08:34.820] in
[08:34.820 --> 08:34.940] the
[08:34.940 --> 08:35.160] short
[08:35.160 --> 08:35.400] term
[08:35.460 --> 08:35.880] I
[08:35.880 --> 08:36.100] want
[08:36.100 --> 08:36.560] to...
[08:36.860 --> 08:37.300] [*]
[08:37.300 --> 08:37.900] obviously
[08:37.900 --> 08:38.320] graduate
[08:38.320 --> 08:38.800] high
[08:38.800 --> 08:39.180] school
[08:39.660 --> 08:40.340] go
[08:40.340 --> 08:40.580] [*]
[08:40.580 --> 08:40.700] to
[08:40.700 --> 08:40.900] at
[08:40.900 --> 08:41.140] least
[08:41.140 --> 08:41.240] a
[08:41.240 --> 08:41.460] four-year
[08:41.460 --> 08:42.340] university
[08:42.660 --> 08:43.220] find
[08:43.220 --> 08:43.420] a
[08:43.420 --> 08:43.580] career
[08:43.580 --> 08:43.800] path
[08:43.800 --> 08:43.900] that
[08:43.900 --> 08:44.060] I
[08:44.060 --> 08:44.300] enjoy
[08:44.660 --> 08:45.100] get
[08:45.100 --> 08:45.240] a
[08:45.240 --> 08:45.520] degree
[08:45.660 --> 08:45.920] probably
[08:45.920 --> 08:46.040] [*]
[08:46.040 --> 08:46.420] get
[08:46.420 --> 08:46.560] a
[08:46.560 --> 08:47.360] post-graduate
[08:47.360 --> 08:47.700] degree
[08:47.700 --> 08:48.000] again
[08:48.000 --> 08:48.740] or
[08:48.740 --> 08:49.060] probably
[08:49.060 --> 08:49.240] get
[08:49.240 --> 08:49.320] a
[08:49.320 --> 08:49.740] post-graduate
[08:49.740 --> 08:50.060] degree
[08:50.060 --> 08:50.280] either
[08:50.280 --> 08:50.560] a
[08:50.560 --> 08:50.880] master's
[08:50.880 --> 08:50.980] or
[08:50.980 --> 08:51.100] a
[08:51.100 --> 08:51.440] PhD
[08:51.660 --> 08:53.220] [*]
[08:53.220 --> 08:53.380] and
[08:53.380 --> 08:53.440] [*]
[08:53.440 --> 08:53.860] probably
[08:53.860 --> 08:54.200] work
[08:54.200 --> 08:54.780] [*]
[08:54.780 --> 08:54.880] in
[08:54.880 --> 08:55.420] [*]
[08:55.420 --> 08:55.600] some
[08:55.600 --> 08:55.840] field
[08:55.840 --> 08:56.080] relating
[08:56.080 --> 08:56.320] to
[08:56.320 --> 08:56.500] science
[08:56.500 --> 08:56.640] or
[08:56.640 --> 08:56.940] medicine
[08:59.660 --> 09:00.400] But
[09:00.400 --> 09:00.580] in
[09:00.580 --> 09:00.700] the
[09:00.700 --> 09:00.920] long
[09:00.920 --> 09:01.240] term
[09:01.660 --> 09:02.360] I
[09:02.360 --> 09:02.600] think
[09:02.600 --> 09:02.820] that
[09:02.820 --> 09:03.320] what's
[09:03.320 --> 09:03.680] ultimately
[09:03.680 --> 09:04.100] really
[09:04.100 --> 09:04.660] important
[09:04.660 --> 09:04.960] to
[09:04.960 --> 09:05.140] me
[09:05.140 --> 09:06.020] [*]
[09:06.020 --> 09:06.480] is...
[09:08.660 --> 09:10.160] actually
[09:10.320 --> 09:10.400] I
[09:10.400 --> 09:10.480] might
[09:10.480 --> 09:10.560] come
[09:10.560 --> 09:10.720] back
[09:10.720 --> 09:10.840] to
[09:10.840 --> 09:10.980] that
[09:33.660 --> 09:34.520] On
[09:34.520 --> 09:35.180] [*]
[09:35.180 --> 09:35.620] the
[09:35.620 --> 09:36.060] [*]
[09:36.060 --> 09:36.160] whole
[09:36.160 --> 09:36.400] I'm
[09:36.400 --> 09:36.540] pretty
[09:36.540 --> 09:36.900] [*]
[09:36.900 --> 09:37.340] optimistic
[09:37.340 --> 09:37.600] for
[09:37.600 --> 09:37.900] how
[09:37.900 --> 09:38.260] happy
[09:38.260 --> 09:38.460] I'm
[09:38.460 --> 09:38.540] going
[09:38.540 --> 09:38.640] to
[09:38.640 --> 09:38.720] be
[09:38.720 --> 09:38.920] later
[09:38.920 --> 09:39.020] in
[09:39.020 --> 09:39.240] life
[09:39.660 --> 09:40.260] [*]
[09:40.260 --> 09:40.380] I
[09:40.380 --> 09:41.180] think
[09:41.180 --> 09:41.500] that
[09:41.500 --> 09:42.080] maintaining
[09:42.080 --> 09:42.520] relationships
[09:42.520 --> 09:42.960] with
[09:42.960 --> 09:43.060] other
[09:43.060 --> 09:43.340] people
[09:43.340 --> 09:43.480] is
[09:43.480 --> 09:43.740] [*]
[09:43.740 --> 09:43.880] ultimately
[09:43.880 --> 09:44.480] what
[09:44.480 --> 09:44.760] makes
[09:44.760 --> 09:45.080] people
[09:45.080 --> 09:45.200] the
[09:45.200 --> 09:45.400] most
[09:45.400 --> 09:45.720] happy
[09:46.660 --> 09:47.240] And
[09:47.240 --> 09:47.520] it's
[09:47.520 --> 09:47.780] just
[09:47.780 --> 09:48.780] [*]
[09:48.780 --> 09:48.900] maintaining
[09:48.900 --> 09:49.260] that
[09:49.260 --> 09:49.600] community
[09:49.600 --> 09:49.980] and
[09:49.980 --> 09:50.420] those
[09:50.420 --> 09:50.740] friendships
[09:50.740 --> 09:50.980] and
[09:50.980 --> 09:51.340] relationships
[09:52.940 --> 09:52.940] sometimes
[09:52.940 --> 09:53.340] even
[09:53.340 --> 09:53.580] across
[09:53.580 --> 09:53.960] space
[09:53.960 --> 09:54.140] if
[09:54.140 --> 09:54.500] necessary
[09:55.660 --> 09:56.500] [*]
[09:56.500 --> 09:56.940] to
[09:56.940 --> 09:57.140] make
[09:57.140 --> 09:57.360] sure
[09:57.360 --> 09:57.480] that
[09:57.480 --> 09:57.580] you
[09:57.580 --> 09:57.820] have
[09:57.820 --> 09:57.980] that
[09:57.980 --> 09:58.260] community
[09:58.260 --> 09:58.400] of
[09:58.400 --> 09:58.680] people
[09:58.680 --> 09:58.840] that
[09:58.840 --> 09:58.920] you
[09:58.920 --> 09:59.080] can
[09:59.080 --> 09:59.300] rely
[09:59.300 --> 09:59.660] on
[10:05.700 --> 10:09.180] [*]
[10:09.180 --> 10:10.040] Fairly
[10:10.040 --> 10:10.360] consistent
[10:10.360 --> 10:10.980] [*]
[10:10.980 --> 10:11.440] Most
[10:11.440 --> 10:12.280] of
[10:12.280 --> 10:12.460] my
[10:12.460 --> 10:12.780] friends
[10:12.780 --> 10:13.060] I
[10:13.060 --> 10:13.640] haven't
[10:13.640 --> 10:13.860] been
[10:13.860 --> 10:14.640] [*]
[10:14.640 --> 10:14.780] friends
[10:14.780 --> 10:14.960] [*]
[10:14.960 --> 10:15.140] with
[10:15.140 --> 10:15.280] for
[10:15.280 --> 10:15.460] more
[10:15.460 --> 10:15.660] than
[10:15.660 --> 10:15.760] a
[10:15.760 --> 10:15.980] few
[10:15.980 --> 10:16.260] years
[10:16.260 --> 10:16.520] although
[10:16.520 --> 10:17.060] that's
[10:17.060 --> 10:17.300] just
[10:17.300 --> 10:17.620] because
[10:17.620 --> 10:18.140] probably
[10:18.140 --> 10:18.300] of
[10:18.300 --> 10:18.600] [*]
[10:18.600 --> 10:18.760] COVID
[10:18.760 --> 10:19.480] and
[10:19.480 --> 10:19.700] then
[10:19.700 --> 10:20.460] also
[10:20.460 --> 10:20.640] the
[10:20.640 --> 10:20.800] start
[10:20.800 --> 10:20.880] of
[10:20.880 --> 10:21.020] high
[10:21.020 --> 10:21.280] school
[10:21.280 --> 10:21.960] But
[10:21.960 --> 10:22.280] the
[10:22.280 --> 10:22.540] ones
[10:22.540 --> 10:22.680] that
[10:22.680 --> 10:22.900] I've
[10:22.900 --> 10:23.100] made
[10:23.100 --> 10:23.420] since
[10:23.420 --> 10:23.700] then
[10:23.700 --> 10:23.820] have
[10:23.820 --> 10:23.960] [*]
[10:23.960 --> 10:24.120] been
[10:24.120 --> 10:24.640] [*]
[10:24.640 --> 10:24.780] my
[10:24.780 --> 10:24.840] [*]
[10:24.840 --> 10:25.080] friends
[10:25.080 --> 10:25.480] and
[10:25.480 --> 10:25.800] I've
[10:25.800 --> 10:25.940] been
[10:25.940 --> 10:26.100] on
[10:26.100 --> 10:26.300] [*]
[10:26.300 --> 10:26.460] positive
[10:26.460 --> 10:26.700] [*]
[10:26.700 --> 10:26.860] relations
[10:26.860 --> 10:27.220] with
[10:27.220 --> 10:27.340] [*]
[10:27.340 --> 10:27.800] pretty
[10:27.800 --> 10:28.080] much
[10:28.080 --> 10:28.220] ever
[10:28.220 --> 10:28.480] since
[10:35.500 --> 10:35.540] I'd
[10:35.540 --> 10:35.720] say
[10:35.720 --> 10:36.040] maintaining
[10:36.040 --> 10:36.280] a
[10:36.280 --> 10:36.460] good
[10:36.460 --> 10:36.660] number
[10:36.660 --> 10:36.780] of
[10:36.780 --> 10:36.940] those
[10:36.940 --> 10:37.260] friendships
[10:37.260 --> 10:37.660] into
[10:37.660 --> 10:37.940] adulthood
[10:37.940 --> 10:38.260] Yeah
[10:38.660 --> 10:38.920] Yeah
[10:39.660 --> 10:39.860] [*]
[10:39.860 --> 10:40.120] Yeah
[10:40.700 --> 10:41.120] [*]
[10:41.120 --> 10:41.380] Yeah
[10:41.720 --> 10:42.180] Yeah
[10:42.740 --> 10:43.260] Yeah
[10:43.720 --> 10:43.900] Yeah
[10:44.720 --> 10:45.080] Yeah
[10:45.660 --> 10:45.980] Yeah
[10:46.700 --> 10:47.120] Yeah
[10:47.660 --> 10:47.920] Yeah
[10:48.720 --> 10:48.880] [*]
[10:48.880 --> 10:49.320] Yeah
[10:49.720 --> 10:49.860] [*]
[10:49.860 --> 10:49.980] Yeah
[10:50.700 --> 10:51.100] Yeah
[10:51.720 --> 10:52.160] Yeah
[10:52.720 --> 10:53.020] [*]
[10:53.020 --> 10:53.120] Yeah
[10:53.700 --> 10:53.940] Yeah
[10:54.720 --> 10:55.060] Yeah
[10:55.660 --> 10:56.080] Yeah
[10:56.700 --> 10:56.980] Yeah
[11:00.660 --> 11:01.140] [*]
[11:01.140 --> 11:01.640] In
[11:01.640 --> 11:01.820] my
[11:01.820 --> 11:02.020] [*]
[11:02.020 --> 11:02.200] community
[11:02.360 --> 11:02.940] I'm
[11:02.940 --> 11:03.460] not
[11:03.460 --> 11:03.880] entirely
[11:03.880 --> 11:04.340] sure
[11:04.340 --> 11:04.660] how
[11:04.660 --> 11:04.840] to
[11:04.840 --> 11:05.040] answer
[11:05.040 --> 11:05.240] that
[11:05.240 --> 11:05.700] [*]
[11:05.700 --> 11:06.120] Mostly
[11:06.120 --> 11:06.380] [*]
[11:06.380 --> 11:06.660] because
[11:06.660 --> 11:07.040] what
[11:07.040 --> 11:07.220] I
[11:07.220 --> 11:07.400] would
[11:07.400 --> 11:07.640] consider
[11:07.640 --> 11:07.880] to
[11:07.880 --> 11:08.000] be
[11:08.000 --> 11:08.220] my
[11:08.220 --> 11:08.520] [*]
[11:08.520 --> 11:08.720] community
[11:08.720 --> 11:09.080] [*]
[11:09.080 --> 11:09.280] has
[11:09.280 --> 11:09.480] kind
[11:09.480 --> 11:09.640] of
[11:09.640 --> 11:09.800] changed
[11:09.800 --> 11:10.100] [*]
[11:10.100 --> 11:10.280] over
[11:10.280 --> 11:10.500] time
[11:12.660 --> 11:13.760] Just
[11:13.760 --> 11:13.960] in
[11:13.960 --> 11:14.220] terms
[11:14.220 --> 11:14.500] as
[11:14.500 --> 11:15.060] I've
[11:15.060 --> 11:15.580] drifted
[11:15.580 --> 11:15.680] as
[11:15.680 --> 11:15.880] a
[11:15.880 --> 11:16.060] person
[11:16.060 --> 11:16.440] in
[11:16.440 --> 11:17.000] terms
[11:17.000 --> 11:17.160] of
[11:17.160 --> 11:17.320] my
[11:17.320 --> 11:17.640] interests
[11:17.760 --> 11:18.060] in
[11:18.060 --> 11:18.300] terms
[11:18.300 --> 11:18.500] [*]
[11:18.500 --> 11:18.620] of
[11:18.620 --> 11:18.980] where
[11:18.980 --> 11:19.160] I
[11:19.160 --> 11:19.560] live
[11:19.660 --> 11:20.020] and
[11:20.020 --> 11:20.960] [*]
[11:20.960 --> 11:21.100] also
[11:21.100 --> 11:21.260] just
[11:21.260 --> 11:21.400] in
[11:21.400 --> 11:21.560] terms
[11:21.560 --> 11:21.700] of
[11:21.700 --> 11:21.880] what
[11:21.880 --> 11:21.980] I
[11:21.980 --> 11:22.240] think
[11:22.240 --> 11:22.460] of
[11:22.460 --> 11:22.560] it
[11:22.560 --> 11:22.640] as
[11:22.640 --> 11:22.640] a
[11:22.640 --> 11:22.640] community
[11:22.660 --> 11:22.980] whether
[11:22.980 --> 11:23.260] [*]
[11:23.260 --> 11:23.600] it's
[11:23.600 --> 11:23.900] the
[11:23.900 --> 11:24.500] [*]
[11:24.500 --> 11:24.840] community
[11:24.840 --> 11:25.060] that
[11:25.060 --> 11:25.320] I
[11:25.320 --> 11:25.520] live
[11:25.520 --> 11:25.640] in
[11:25.640 --> 11:25.640] or
[11:25.640 --> 11:25.640] if
[11:25.640 --> 11:25.640] it's
[11:25.640 --> 11:25.640] a
[11:25.640 --> 11:25.640] community
[11:25.640 --> 11:25.640] of
[11:25.640 --> 11:25.640] people
[11:26.620 --> 11:26.620] that
[11:26.620 --> 11:26.620] I
[11:26.620 --> 11:26.620] like
[11:26.660 --> 11:27.000] people
[11:27.000 --> 11:27.440] that
[11:27.440 --> 11:27.600] have
[11:27.600 --> 11:27.920] similar
[11:27.920 --> 11:28.260] interests
[11:28.260 --> 11:28.480] to
[11:28.480 --> 11:28.640] me
[11:28.720 --> 11:29.060] [*]
[11:29.060 --> 11:29.300] you
[11:29.300 --> 11:29.700] know
[11:29.780 --> 11:29.880] et
[11:29.880 --> 11:30.080] cetera
[11:39.040 --> 11:39.480] [*]
[11:39.480 --> 11:39.880] Yeah
[11:54.020 --> 11:54.020] Um
[11:54.240 --> 11:54.660] in
[11:54.660 --> 11:54.800] the
[11:54.800 --> 11:55.200] country
[11:55.320 --> 11:55.820] I'm
[11:55.840 --> 11:56.740] [*]
[11:56.740 --> 11:57.200] I
[11:57.200 --> 11:58.160] don't
[11:58.160 --> 11:58.220] want
[11:58.220 --> 11:58.340] to
[11:58.340 --> 11:58.560] make
[11:58.560 --> 11:58.800] broad
[11:58.800 --> 11:59.240] sweeping
[11:59.240 --> 11:59.520] [*]
[11:59.520 --> 11:59.700] statements
[11:59.880 --> 12:00.080] uh
[12:00.180 --> 12:00.480] mostly
[12:00.480 --> 12:00.820] because
[12:00.820 --> 12:01.740] I'm
[12:01.740 --> 12:02.040] only
[12:02.040 --> 12:02.300] 15
[12:02.500 --> 12:02.680] So
[12:02.680 --> 12:02.760] my
[12:02.760 --> 12:03.080] memory
[12:03.080 --> 12:03.580] [*]
[12:03.580 --> 12:03.720] of
[12:03.720 --> 12:04.020] [*]
[12:04.020 --> 12:04.220] like
[12:04.220 --> 12:04.440] [*]
[12:04.440 --> 12:04.620] political
[12:04.620 --> 12:05.020] issues
[12:05.020 --> 12:05.520] doesn't
[12:05.520 --> 12:05.600] go
[12:05.600 --> 12:05.820] back
[12:05.820 --> 12:06.080] that
[12:06.080 --> 12:06.300] far
[12:06.360 --> 12:07.160] [*]
[12:07.160 --> 12:07.400] Um
[12:08.920 --> 12:09.700] but
[12:09.700 --> 12:09.820] I
[12:09.820 --> 12:09.960] would
[12:09.960 --> 12:10.120] say
[12:10.200 --> 12:10.380] um
[12:10.420 --> 12:10.420] I
[12:10.420 --> 12:10.420] don't
[12:10.420 --> 12:10.420] want
[12:10.420 --> 12:10.420] to
[12:10.420 --> 12:10.440] make
[12:10.440 --> 12:10.440] broad
[12:10.440 --> 12:10.440] sweeping
[12:10.440 --> 12:10.440] statements
[12:10.440 --> 12:10.440] uh
[12:10.440 --> 12:10.440] mostly
[12:10.440 --> 12:10.440] because
[12:10.440 --> 12:10.500] I
[12:10.500 --> 12:10.500] would
[12:10.500 --> 12:10.500] say
[12:10.500 --> 12:10.500] that
[12:10.500 --> 12:10.500] it's
[12:10.500 --> 12:10.700] definitely
[12:10.700 --> 12:10.980] much
[12:10.980 --> 12:11.320] more
[12:11.320 --> 12:12.120] polarized
[12:12.460 --> 12:12.780] Um
[12:13.080 --> 12:14.020] [*]
[12:14.020 --> 12:14.360] politically
[12:14.360 --> 12:14.900] speaking
[12:15.060 --> 12:15.520] it's
[12:15.520 --> 12:15.600] a
[12:15.600 --> 12:15.800] lot
[12:15.800 --> 12:16.060] less
[12:16.060 --> 12:16.360] open
[12:16.360 --> 12:16.560] to
[12:16.560 --> 12:16.700] new
[12:16.700 --> 12:17.040] perspectives
[12:17.040 --> 12:17.180] [*]
[12:17.180 --> 12:17.600] and
[12:17.600 --> 12:18.340] [*]
[12:18.340 --> 12:18.720] it's
[12:18.720 --> 12:19.420] [*]
[12:19.420 --> 12:19.740] seems
[12:19.740 --> 12:19.860] to
[12:19.860 --> 12:20.000] me
[12:20.000 --> 12:20.080] at
[12:20.080 --> 12:20.220] least
[12:20.220 --> 12:20.300] to
[12:20.300 --> 12:20.520] be
[12:20.520 --> 12:20.860] a
[12:20.860 --> 12:21.080] lot
[12:21.080 --> 12:21.260] more
[12:21.260 --> 12:21.700] fearful
[12:21.700 --> 12:21.900] and
[12:21.900 --> 12:22.200] closed
[12:22.200 --> 12:22.460] off
[12:22.460 --> 12:22.640] of
[12:22.640 --> 12:22.860] people
[12:22.860 --> 12:23.140] that
[12:23.140 --> 12:23.360] are
[12:23.360 --> 12:23.720] different
[12:23.720 --> 12:23.940] to
[12:23.940 --> 12:24.100] you
[12:39.460 --> 12:43.260] [*]
[12:43.260 --> 12:43.600] I
[12:43.600 --> 12:43.880] think
[12:43.880 --> 12:44.080] that
[12:44.080 --> 12:44.160] in
[12:44.160 --> 12:44.300] more
[12:44.300 --> 12:44.560] recent
[12:44.560 --> 12:44.820] years
[12:44.860 --> 12:45.060] it's
[12:45.060 --> 12:45.240] been
[12:45.240 --> 12:45.800] [*]
[12:45.800 --> 12:45.920] a
[12:45.920 --> 12:46.180] [*]
[12:46.180 --> 12:46.300] lot
[12:46.300 --> 12:46.420] to
[12:46.420 --> 12:46.560] do
[12:46.560 --> 12:46.800] with
[12:46.800 --> 12:47.160] social
[12:47.160 --> 12:47.540] media
[12:47.540 --> 12:47.700] and
[12:47.700 --> 12:47.820] the
[12:47.820 --> 12:48.120] internet
[12:48.120 --> 12:48.700] um
[12:49.060 --> 12:49.500] [*]
[12:49.500 --> 12:49.940] with
[12:49.940 --> 12:50.080] [*]
[12:50.080 --> 12:50.340] creating
[12:50.340 --> 12:50.720] online
[12:50.720 --> 12:51.160] spaces
[12:51.160 --> 12:51.520] that
[12:51.520 --> 12:51.780] are
[12:51.780 --> 12:52.180] [*]
[12:52.180 --> 12:52.740] closed
[12:52.740 --> 12:53.220] off
[12:53.220 --> 12:53.460] to
[12:53.460 --> 12:53.960] [*]
[12:53.960 --> 12:54.140] specific
[12:54.140 --> 12:54.520] groups
[12:54.520 --> 12:54.660] of
[12:54.660 --> 12:54.920] people
[12:54.920 --> 12:55.120] as
[12:55.120 --> 12:55.240] a
[12:55.240 --> 12:55.480] result
[12:55.480 --> 12:55.640] of
[12:55.640 --> 12:55.740] the
[12:55.740 --> 12:56.080] algorithm
[12:56.080 --> 12:56.360] that
[12:56.360 --> 12:56.760] created
[12:56.760 --> 12:57.100] those
[12:57.100 --> 12:57.400] online
[12:57.400 --> 12:57.740] spaces
[12:57.740 --> 12:57.960] in
[12:57.960 --> 12:58.080] the
[12:58.080 --> 12:58.260] first
[12:58.260 --> 12:58.560] place
[12:58.680 --> 12:59.120] [*]
[12:59.120 --> 12:59.720] Um
[12:59.900 --> 13:00.660] that
[13:00.660 --> 13:01.040] essentially
[13:01.040 --> 13:01.280] just
[13:01.280 --> 13:01.480] includes
[13:01.480 --> 13:02.000] people
[13:02.000 --> 13:02.240] of
[13:02.240 --> 13:02.380] the
[13:02.380 --> 13:02.660] same
[13:02.660 --> 13:03.060] beliefs
[13:03.240 --> 13:03.520] which
[13:03.520 --> 13:03.940] leads
[13:03.940 --> 13:04.160] to
[13:04.160 --> 13:04.300] the
[13:04.300 --> 13:04.440] false
[13:04.440 --> 13:04.880] impression
[13:04.880 --> 13:05.360] [*]
[13:05.360 --> 13:05.520] that
[13:05.520 --> 13:05.760] all
[13:05.760 --> 13:06.080] people
[13:06.080 --> 13:06.320] hold
[13:06.320 --> 13:06.520] those
[13:06.520 --> 13:06.740] beliefs
[13:09.460 --> 13:14.100] [*]
[13:14.100 --> 13:14.360] Um
[13:15.120 --> 13:15.320] so
[13:15.320 --> 13:24.340] [*]
[13:24.340 --> 13:25.400] I
[13:25.400 --> 13:25.740] think
[13:25.740 --> 13:25.740] again
[13:25.880 --> 13:25.960] I
[13:25.960 --> 13:26.140] don't
[13:26.140 --> 13:26.200] want
[13:26.200 --> 13:26.340] to
[13:26.340 --> 13:26.540] make
[13:26.540 --> 13:26.900] super
[13:26.900 --> 13:27.360] broad
[13:27.360 --> 13:27.500] or
[13:27.500 --> 13:27.760] sweeping
[13:27.760 --> 13:28.120] statements
[13:28.120 --> 13:28.420] just
[13:28.420 --> 13:28.640] because
[13:28.640 --> 13:28.760] you
[13:28.760 --> 13:28.940] know
[13:28.940 --> 13:29.280] [*]
[13:29.280 --> 13:29.700] I'm
[13:29.700 --> 13:29.920] 15
[13:30.100 --> 13:30.300] so
[13:30.300 --> 13:30.460] my
[13:30.460 --> 13:30.780] memory
[13:30.780 --> 13:31.120] doesn't
[13:31.120 --> 13:31.220] go
[13:31.220 --> 13:31.440] back
[13:31.440 --> 13:31.600] that
[13:31.600 --> 13:31.800] far
[14:01.640 --> 14:01.640] In
[14:01.640 --> 14:01.760] the
[14:01.760 --> 14:02.040] [*]
[14:02.040 --> 14:02.220] world
[14:02.300 --> 14:03.140] [*]
[14:03.140 --> 14:03.500] honestly
[14:04.500 --> 14:05.640] I'm
[14:05.640 --> 14:05.780] not
[14:05.780 --> 14:05.960] [*]
[14:05.960 --> 14:07.100] sure
[14:07.100 --> 14:07.420] how
[14:07.420 --> 14:07.580] to
[14:07.580 --> 14:07.780] describe
[14:07.780 --> 14:08.120] that
[14:08.120 --> 14:08.580] [*]
[14:08.580 --> 14:08.880] in
[14:08.880 --> 14:09.160] very
[14:09.160 --> 14:09.420] different
[14:09.420 --> 14:09.740] ways
[14:09.740 --> 14:10.000] from
[14:10.000 --> 14:10.640] [*]
[14:10.640 --> 14:10.820] the
[14:10.820 --> 14:12.880] [*]
[14:12.880 --> 14:13.100] way
[14:13.100 --> 14:13.240] that
[14:13.240 --> 14:13.400] I
[14:13.400 --> 14:13.640] [*]
[14:13.640 --> 14:13.800] described
[14:13.800 --> 14:14.160] the
[14:14.160 --> 14:14.760] US.,
[14:15.060 --> 14:16.120] again
[14:16.380 --> 14:16.660] because
[14:16.660 --> 14:17.020] my
[14:17.020 --> 14:17.260] memory
[14:17.260 --> 14:17.600] doesn't
[14:17.600 --> 14:17.660] go
[14:17.660 --> 14:17.900] back
[14:17.900 --> 14:18.060] that
[14:18.060 --> 14:18.300] far
[14:18.300 --> 14:18.460] so
[14:18.460 --> 14:18.680] it's
[14:18.680 --> 14:18.820] hard
[14:18.820 --> 14:18.960] for
[14:18.960 --> 14:19.080] me
[14:19.080 --> 14:19.200] to
[14:19.200 --> 14:19.480] describe
[14:19.480 --> 14:19.920] [*]
[14:19.920 --> 14:20.120] a
[14:20.120 --> 14:20.480] world
[14:20.480 --> 14:20.820] before
[14:20.820 --> 14:21.080] I
[14:21.080 --> 14:21.320] really
[14:21.320 --> 14:21.700] remember
[14:21.700 --> 14:22.040] it
[14:22.140 --> 14:22.640] [*]
[14:22.640 --> 14:23.080] which
[14:23.080 --> 14:23.920] [*]
[14:23.920 --> 14:24.100] makes
[14:24.100 --> 14:24.220] it
[14:24.220 --> 14:24.440] harder
[14:24.440 --> 14:24.560] to
[14:24.560 --> 14:25.160] contextualize
[14:25.160 --> 14:25.360] actual
[14:25.360 --> 14:25.840] change
[14:32.420 --> 14:33.040] [*]
[14:33.040 --> 14:33.440] But
[14:33.440 --> 14:33.820] it
[14:33.820 --> 14:33.960] does
[14:33.960 --> 14:34.200] seem
[14:34.200 --> 14:34.320] to
[14:34.320 --> 14:34.480] be
[14:34.480 --> 14:34.560] a
[14:34.560 --> 14:34.780] lot
[14:34.780 --> 14:34.960] more
[14:34.960 --> 14:35.360] chaotic
[14:35.360 --> 14:35.820] with
[14:35.820 --> 14:36.260] a
[14:36.260 --> 14:37.000] lot
[14:37.000 --> 14:37.240] more
[14:37.240 --> 14:38.020] [*]
[14:38.020 --> 14:38.260] war
[14:38.480 --> 14:38.780] disease
[14:38.940 --> 14:39.180] et
[14:39.180 --> 14:39.360] cetera
[14:41.440 --> 14:41.480] A
[14:41.480 --> 14:41.520] lot
[14:41.520 --> 14:41.660] of
[14:41.660 --> 14:41.800] the
[14:41.800 --> 14:41.980] time
[14:41.980 --> 14:42.180] with
[14:42.180 --> 14:42.460] issues
[14:42.460 --> 14:42.680] that
[14:42.680 --> 14:42.820] are
[14:42.820 --> 14:43.100] created
[14:43.100 --> 14:43.700] [*]
[14:43.700 --> 14:43.820] by
[14:43.820 --> 14:44.360] [*]
[14:44.360 --> 14:44.600] actual
[14:44.600 --> 14:44.980] human
[14:44.980 --> 14:45.160] [*]
[14:45.160 --> 14:45.340] beings
[14:45.340 --> 14:46.380] rather
[14:46.380 --> 14:46.540] [*]
[14:46.540 --> 14:46.900] than
[14:46.940 --> 14:48.560] [*]
[14:48.560 --> 14:48.920] well
[14:49.040 --> 14:49.540] I
[14:49.540 --> 14:49.700] don't
[14:49.700 --> 14:49.780] know
[14:49.780 --> 14:49.920] that's
[14:49.920 --> 14:50.060] an
[14:50.060 --> 14:50.280] odd
[14:50.280 --> 14:50.440] way
[14:50.440 --> 14:50.560] of
[14:50.560 --> 14:50.880] phrasing
[14:50.880 --> 14:51.100] it
[14:51.100 --> 14:51.240] and
[14:51.240 --> 14:51.400] I
[14:51.400 --> 14:51.740] don't
[14:51.740 --> 14:51.920] think
[14:51.920 --> 14:52.180] it's
[14:52.820 --> 14:53.660] I
[14:53.660 --> 14:53.840] think
[14:53.840 --> 14:53.920] the
[14:53.920 --> 14:54.040] way
[14:54.040 --> 14:54.080] I
[14:54.080 --> 14:54.220] phrase
[14:54.220 --> 14:54.400] that
[14:54.400 --> 14:54.520] is
[14:54.520 --> 14:54.620] a
[14:54.620 --> 14:54.760] little
[14:54.760 --> 14:54.880] bit
[14:54.880 --> 14:55.160] misleading
[14:58.020 --> 14:58.020] because
[14:58.020 --> 14:58.180] it
[14:58.180 --> 14:58.460] seems
[14:58.460 --> 14:58.600] to
[14:58.600 --> 14:58.860] be
[14:58.860 --> 14:59.500] [*]
[14:59.500 --> 15:00.140] a
[15:00.140 --> 15:01.120] [*]
[15:01.120 --> 15:01.420] world
[15:01.420 --> 15:01.560] that
[15:01.560 --> 15:01.920] is
[15:01.920 --> 15:02.480] [*]
[15:02.480 --> 15:02.700] very
[15:02.700 --> 15:03.620] [*]
[15:03.620 --> 15:03.920] much
[15:03.920 --> 15:04.220] in
[15:04.220 --> 15:04.540] chaos
[15:04.540 --> 15:04.940] in
[15:04.940 --> 15:05.360] a
[15:05.360 --> 15:05.680] way
[15:05.680 --> 15:05.940] that
[15:05.940 --> 15:06.360] causes
[15:06.360 --> 15:06.680] people
[15:06.680 --> 15:06.860] to
[15:06.860 --> 15:07.140] close
[15:07.140 --> 15:07.540] themselves
[15:07.540 --> 15:08.060] off
[15:08.060 --> 15:08.240] from
[15:08.240 --> 15:08.380] the
[15:08.380 --> 15:08.560] rest
[15:08.560 --> 15:08.680] of
[15:08.680 --> 15:08.820] the
[15:08.820 --> 15:09.020] world
[15:09.020 --> 15:09.160] or
[15:09.160 --> 15:09.280] at
[15:09.280 --> 15:09.480] least
[15:09.480 --> 15:09.580] to
[15:09.580 --> 15:09.800] want
[15:09.800 --> 15:10.000] to
[15:10.960 --> 15:10.960] In
[15:10.960 --> 15:11.120] a
[15:11.120 --> 15:11.360] way
[15:11.360 --> 15:11.500] that
[15:11.500 --> 15:11.780] seems
[15:11.900 --> 15:12.060] to
[15:12.060 --> 15:12.260] me
[15:12.260 --> 15:12.340] at
[15:12.340 --> 15:12.680] least
[15:12.680 --> 15:12.800] to
[15:12.800 --> 15:12.920] be
[15:12.920 --> 15:13.120] very
[15:13.120 --> 15:13.500] dangerous
[15:24.240 --> 15:24.560] [*]
[15:24.560 --> 15:25.160] Something
[15:25.160 --> 15:25.460] along
[15:25.460 --> 15:25.680] those
[15:25.680 --> 15:25.940] lines
[15:26.300 --> 15:27.020] I'm
[15:27.020 --> 15:27.240] not
[15:27.240 --> 15:27.580] entirely
[15:27.580 --> 15:27.880] sure
[15:27.880 --> 15:28.340] if
[15:28.340 --> 15:28.520] how
[15:28.520 --> 15:28.680] I
[15:28.680 --> 15:28.960] phrased
[15:28.960 --> 15:29.160] that
[15:29.160 --> 15:29.320] actually
[15:29.320 --> 15:29.960] [*]
[15:29.960 --> 15:30.280] made
[15:30.280 --> 15:30.640] sense
[15:30.760 --> 15:30.960] but
[15:31.000 --> 15:31.160] you
[15:31.160 --> 15:31.280] know
[15:57.580 --> 15:57.580] As
[15:57.580 --> 15:57.720] a
[15:57.720 --> 15:57.980] person
[15:58.040 --> 15:58.160] I
[15:58.160 --> 15:58.300] think
[15:58.300 --> 15:58.440] that
[15:58.440 --> 15:58.660] my
[15:59.040 --> 15:59.560] on
[15:59.560 --> 15:59.700] the
[15:59.700 --> 15:59.820] whole
[15:59.860 --> 15:59.960] my
[15:59.960 --> 16:00.140] biggest
[16:00.140 --> 16:00.440] strengths
[16:00.440 --> 16:00.580] are
[16:00.580 --> 16:00.720] that
[16:00.720 --> 16:01.060] I'm
[16:01.060 --> 16:01.800] [*]
[16:01.800 --> 16:02.020] fairly
[16:02.020 --> 16:02.500] smart
[16:02.500 --> 16:02.820] I'm
[16:02.820 --> 16:03.020] fairly
[16:03.020 --> 16:03.420] creative
[16:03.420 --> 16:03.700] and
[16:03.700 --> 16:04.340] I'm
[16:04.340 --> 16:04.500] also
[16:04.500 --> 16:04.900] quite
[16:04.900 --> 16:05.640] adaptable
[16:05.640 --> 16:06.000] to
[16:06.000 --> 16:06.160] new
[16:06.160 --> 16:06.520] situations
[16:06.520 --> 16:06.700] [*]
[16:06.700 --> 16:07.080] and
[16:07.080 --> 16:07.480] [*]
[16:07.480 --> 16:08.140] to
[16:08.140 --> 16:08.320] [*]
[16:08.320 --> 16:08.440] new
[16:08.440 --> 16:09.440] [*]
[16:09.440 --> 16:09.620] places
[16:09.620 --> 16:11.220] I'm
[16:11.220 --> 16:11.300] good
[16:11.300 --> 16:11.560] at
[16:11.560 --> 16:12.020] both
[16:12.020 --> 16:12.340] learning
[16:12.340 --> 16:12.540] new
[16:12.540 --> 16:12.800] things
[16:12.800 --> 16:13.000] and
[16:13.000 --> 16:13.540] applying
[16:13.540 --> 16:13.740] the
[16:13.740 --> 16:13.900] things
[16:13.900 --> 16:14.120] that
[16:14.120 --> 16:14.160] I
[16:14.160 --> 16:14.340] know
[16:14.340 --> 16:14.580] in
[16:14.580 --> 16:14.980] different
[16:14.980 --> 16:15.300] ways
[16:15.300 --> 16:15.520] than
[16:15.520 --> 16:15.600] I
[16:15.600 --> 16:15.740] would
[16:15.740 --> 16:15.840] have
[16:15.840 --> 16:16.120] otherwise
[16:18.740 --> 16:19.560] I
[16:19.560 --> 16:19.840] think
[16:19.840 --> 16:20.120] that
[16:20.200 --> 16:20.760] [*]
[16:20.760 --> 16:20.980] yeah
[16:22.960 --> 16:23.780] I
[16:23.780 --> 16:23.940] have
[16:23.940 --> 16:24.140] a
[16:24.140 --> 16:24.340] very
[16:24.340 --> 16:24.580] [*]
[16:24.580 --> 16:24.740] broad
[16:24.740 --> 16:25.080] skill
[16:25.080 --> 16:25.360] set
[16:26.720 --> 16:26.720] which
[16:26.720 --> 16:27.500] [*]
[16:27.500 --> 16:27.740] lets
[16:27.740 --> 16:28.020] me
[16:28.060 --> 16:28.700] again
[16:28.700 --> 16:28.900] adapt
[16:28.900 --> 16:29.200] to
[16:29.200 --> 16:29.260] a
[16:29.260 --> 16:29.420] lot
[16:29.420 --> 16:29.500] of
[16:29.500 --> 16:29.700] different
[16:29.700 --> 16:30.000] [*]
[16:30.000 --> 16:30.180] situations
[16:30.180 --> 16:30.560] in
[16:30.560 --> 16:30.800] ways
[16:30.800 --> 16:30.940] that
[16:30.940 --> 16:31.080] I
[16:31.080 --> 16:31.200] might
[16:31.200 --> 16:31.380] not
[16:31.380 --> 16:31.660] otherwise
[16:31.660 --> 16:31.860] be
[16:31.860 --> 16:32.060] able
[16:32.060 --> 16:32.240] to
[16:58.360 --> 16:58.360] Well
[16:58.580 --> 16:59.020] [*]
[16:59.020 --> 16:59.200] in
[16:59.200 --> 16:59.480] terms
[16:59.480 --> 16:59.640] of
[16:59.640 --> 16:59.960] weaknesses
[17:00.420 --> 17:01.280] I'd
[17:01.280 --> 17:01.400] say
[17:01.400 --> 17:01.540] that
[17:01.540 --> 17:01.700] one
[17:01.700 --> 17:01.860] of
[17:01.860 --> 17:02.120] them
[17:02.120 --> 17:02.520] [*]
[17:02.520 --> 17:02.620] is
[17:02.620 --> 17:03.040] my
[17:03.040 --> 17:04.080] [*]
[17:04.080 --> 17:04.240] ability
[17:04.240 --> 17:04.520] to
[17:04.520 --> 17:05.200] [*]
[17:05.200 --> 17:05.580] get
[17:05.580 --> 17:05.920] things
[17:05.920 --> 17:06.200] done
[17:06.200 --> 17:06.300] in
[17:06.300 --> 17:06.420] a
[17:06.420 --> 17:06.720] linear
[17:06.720 --> 17:07.060] fashion
[17:07.180 --> 17:07.640] or
[17:07.640 --> 17:08.260] [*]
[17:08.260 --> 17:08.380] my
[17:08.380 --> 17:08.780] [*]
[17:08.780 --> 17:09.140] relationship
[17:09.140 --> 17:09.460] with
[17:09.460 --> 17:09.740] deadlines
[17:09.740 --> 17:10.000] specifically
[17:12.000 --> 17:12.480] Which
[17:12.880 --> 17:13.020] of
[17:13.020 --> 17:13.140] course
[17:13.180 --> 17:13.420] probably
[17:13.420 --> 17:13.600] has
[17:13.600 --> 17:13.760] a
[17:13.760 --> 17:13.920] lot
[17:13.920 --> 17:14.060] to
[17:14.060 --> 17:14.160] do
[17:14.160 --> 17:14.260] with
[17:14.260 --> 17:14.340] the
[17:14.340 --> 17:14.520] fact
[17:14.520 --> 17:14.620] that
[17:14.620 --> 17:14.740] I
[17:14.740 --> 17:14.940] have
[17:14.940 --> 17:15.200] ADHD
[17:15.500 --> 17:15.840] which
[17:15.840 --> 17:16.460] I've
[17:16.460 --> 17:16.600] gotten
[17:16.600 --> 17:16.880] better
[17:16.880 --> 17:17.080] at
[17:17.080 --> 17:17.180] than
[17:17.180 --> 17:17.280] I
[17:17.280 --> 17:17.480] used
[17:17.480 --> 17:17.580] to
[17:17.580 --> 17:17.860] be
[17:17.860 --> 17:18.880] mostly
[17:18.880 --> 17:19.240] just
[17:19.240 --> 17:19.420] through
[17:19.420 --> 17:19.620] [*]
[17:19.620 --> 17:19.780] strategies
[17:19.780 --> 17:20.020] of
[17:20.020 --> 17:20.280] managing
[17:20.280 --> 17:20.560] it
[17:20.560 --> 17:20.660] that
[17:20.660 --> 17:20.940] I've
[17:20.940 --> 17:21.160] developed
[17:21.160 --> 17:21.460] over
[17:21.460 --> 17:21.560] the
[17:21.560 --> 17:21.840] years
[17:23.140 --> 17:23.900] But
[17:23.900 --> 17:24.140] it's
[17:24.140 --> 17:24.300] still
[17:24.300 --> 17:24.460] one
[17:24.460 --> 17:24.540] of
[17:24.540 --> 17:24.720] my
[17:24.720 --> 17:25.240] overall
[17:25.240 --> 17:25.620] weaknesses
[17:32.000 --> 17:32.840] It's
[17:32.840 --> 17:33.080] mostly
[17:33.080 --> 17:33.400] just
[17:33.400 --> 17:34.640] [*]
[17:34.640 --> 17:34.880] stuff
[17:34.880 --> 17:35.120] with
[17:35.120 --> 17:35.620] [*]
[17:35.620 --> 17:35.920] understanding
[17:35.920 --> 17:36.420] the
[17:36.420 --> 17:36.600] way
[17:36.600 --> 17:36.720] that
[17:36.720 --> 17:36.860] my
[17:36.860 --> 17:37.100] brain
[17:37.100 --> 17:37.320] works
[17:37.320 --> 17:37.460] and
[17:37.460 --> 17:37.720] using
[17:37.720 --> 17:38.000] that
[17:38.000 --> 17:38.340] to
[17:39.800 --> 17:39.800] help
[17:39.800 --> 17:40.120] me
[17:40.120 --> 17:40.260] with
[17:40.260 --> 17:40.360] my
[17:40.360 --> 17:40.360] life
[17:40.360 --> 17:40.460] It
[17:40.460 --> 17:40.460] helps
[17:40.460 --> 17:40.460] me
[17:40.460 --> 17:40.600] meet
[17:40.600 --> 17:40.900] deadlines
[17:40.900 --> 17:41.220] and
[17:41.220 --> 17:41.460] get
[17:41.460 --> 17:41.780] stuff
[17:41.780 --> 17:41.960] done
[17:41.960 --> 17:42.100] when
[17:42.100 --> 17:42.260] I
[17:42.260 --> 17:42.460] need
[17:42.460 --> 17:42.700] to
[17:42.920 --> 17:43.400] [*]
[17:43.400 --> 17:43.880] as
[17:43.880 --> 17:44.260] [*]
[17:44.260 --> 17:44.520] well
[17:44.520 --> 17:44.840] as
[17:44.840 --> 17:45.060] just
[17:45.160 --> 17:45.340] like
[17:45.680 --> 17:45.920] [*]
[17:45.920 --> 17:46.360] general
[17:46.360 --> 17:46.940] existing
[17:46.940 --> 17:47.300] in
[17:47.300 --> 17:47.460] a
[17:47.460 --> 17:47.700] space
[17:47.700 --> 17:47.860] with
[17:47.860 --> 17:48.060] other
[17:48.060 --> 17:48.380] people
[17:48.380 --> 17:48.740] and
[17:48.740 --> 17:49.040] not
[17:49.040 --> 17:49.540] seeming
[17:49.540 --> 17:49.800] weird
[18:02.500 --> 18:02.860] [*]
[18:02.860 --> 18:03.400] Yeah
[18:04.160 --> 18:04.400] [*]
[18:04.400 --> 18:05.140] I'd
[18:05.140 --> 18:05.320] say
[18:05.320 --> 18:05.540] that
[18:05.540 --> 18:05.760] as
[18:05.760 --> 18:06.080] [*]
[18:06.080 --> 18:06.220] far
[18:06.220 --> 18:06.420] as
[18:06.420 --> 18:06.580] weakness
[18:06.580 --> 18:06.960] goes
[18:09.400 --> 18:10.240] another
[18:10.240 --> 18:10.500] thing
[18:10.500 --> 18:10.780] that
[18:10.780 --> 18:11.180] I'm
[18:11.180 --> 18:11.780] [*]
[18:11.780 --> 18:12.020] not
[18:12.020 --> 18:12.360] great
[18:12.360 --> 18:12.820] at
[18:12.820 --> 18:14.020] is...
[18:19.340 --> 18:19.860] Well
[18:19.980 --> 18:20.100] there's
[18:20.100 --> 18:20.140] a
[18:20.140 --> 18:20.380] couple
[18:20.380 --> 18:20.580] things
[18:20.580 --> 18:20.740] that
[18:20.740 --> 18:20.880] I
[18:20.880 --> 18:20.980] could
[18:20.980 --> 18:21.220] say
[18:21.280 --> 18:21.600] but...
[18:33.160 --> 18:33.720] I
[18:33.720 --> 18:33.940] don't
[18:33.940 --> 18:33.980] know
[18:33.980 --> 18:34.140] I'm
[18:34.140 --> 18:34.460] certainly
[18:34.460 --> 18:35.320] [*]
[18:35.320 --> 18:35.700] better
[18:35.700 --> 18:35.900] at
[18:35.900 --> 18:36.140] maintaining
[18:36.140 --> 18:36.620] relationships
[18:36.620 --> 18:37.320] long-term
[18:37.320 --> 18:37.400] than
[18:37.400 --> 18:37.520] I
[18:37.520 --> 18:37.700] used
[18:37.700 --> 18:37.820] to
[18:37.820 --> 18:38.060] be
[18:38.060 --> 18:38.700] but
[18:38.700 --> 18:39.040] it's
[18:39.060 --> 18:39.360] [*]
[18:39.360 --> 18:39.620] frankly
[18:39.620 --> 18:39.760] at
[18:39.760 --> 18:39.860] this
[18:39.860 --> 18:40.100] point
[18:40.100 --> 18:40.260] something
[18:40.260 --> 18:40.400] I
[18:40.400 --> 18:40.720] consider
[18:40.720 --> 18:41.280] both
[18:41.280 --> 18:41.740] [*]
[18:41.740 --> 18:42.040] a
[18:42.040 --> 18:42.340] strength
[18:42.340 --> 18:42.720] and
[18:42.720 --> 18:42.860] a
[18:42.860 --> 18:43.140] weakness
[18:44.840 --> 18:44.840] because
[18:45.060 --> 18:45.360] depending
[18:45.360 --> 18:45.560] on
[18:45.560 --> 18:45.760] the
[18:45.760 --> 18:46.120] context
[18:46.120 --> 18:46.280] I
[18:46.280 --> 18:46.380] can
[18:46.380 --> 18:46.520] be
[18:46.520 --> 18:46.760] very
[18:46.760 --> 18:47.000] good
[18:47.000 --> 18:47.180] or
[18:47.180 --> 18:47.380] very
[18:47.380 --> 18:47.680] bad
[18:47.680 --> 18:47.820] at
[18:47.820 --> 18:48.020] it
[18:48.020 --> 18:49.220] [*]
[18:49.220 --> 18:49.600] with
[18:49.600 --> 18:50.000] [*]
[18:50.000 --> 18:50.280] that
[18:50.280 --> 18:50.400] and
[18:50.400 --> 18:50.640] just
[18:50.640 --> 18:51.060] communication
[18:51.060 --> 18:51.480] in
[18:51.480 --> 18:51.800] general
[19:03.000 --> 19:03.080] Yeah
[19:04.260 --> 19:04.340] [*]
[19:04.340 --> 19:05.080] And
[19:05.080 --> 19:05.280] [*]
[19:05.280 --> 19:05.420] then
[19:06.900 --> 19:06.900] just
[19:06.900 --> 19:07.220] [*]
[19:07.220 --> 19:07.340] general
[19:07.500 --> 19:07.900] like
[19:09.320 --> 19:09.320] I
[19:09.320 --> 19:09.560] found
[19:09.560 --> 19:10.020] that
[19:10.020 --> 19:10.880] while
[19:10.880 --> 19:11.160] [*]
[19:11.160 --> 19:11.320] I
[19:11.320 --> 19:11.600] am
[19:11.600 --> 19:12.400] adaptable
[19:12.400 --> 19:13.200] I'm
[19:13.200 --> 19:13.340] not
[19:13.340 --> 19:13.680] always
[19:13.680 --> 19:14.040] [*]
[19:14.040 --> 19:14.160] consistent
[19:15.760 --> 19:16.480] [*]
[19:16.480 --> 19:16.600] Like
[19:17.220 --> 19:17.760] a
[19:17.760 --> 19:17.940] lot
[19:17.940 --> 19:18.040] of
[19:18.040 --> 19:18.140] the
[19:18.140 --> 19:18.240] time
[19:18.240 --> 19:18.360] I'm
[19:18.360 --> 19:18.480] able
[19:18.480 --> 19:18.720] to
[19:18.720 --> 19:19.020] output
[19:19.020 --> 19:19.340] very
[19:19.340 --> 19:19.580] [*]
[19:19.580 --> 19:20.140] high-quality
[19:20.140 --> 19:20.460] work
[19:20.460 --> 19:21.180] It's
[19:21.180 --> 19:21.300] just
[19:21.300 --> 19:21.440] that
[19:21.440 --> 19:21.660] I'm
[19:21.660 --> 19:21.780] not
[19:21.780 --> 19:22.320] always
[19:22.320 --> 19:22.620] able
[19:22.620 --> 19:22.780] to
[19:22.780 --> 19:22.900] do
[19:22.900 --> 19:22.980] it
[19:22.980 --> 19:23.320] consistently
[19:23.320 --> 19:23.680] within
[19:23.680 --> 19:23.900] a
[19:23.900 --> 19:24.240] certain
[19:24.240 --> 19:24.500] time
[19:24.500 --> 19:24.760] frame
[19:34.900 --> 19:35.140] [*]
[19:35.140 --> 19:35.680] Yeah
[19:37.040 --> 19:37.040] And
[19:37.040 --> 19:37.240] it's
[19:37.240 --> 19:37.340] also
[19:37.340 --> 19:37.460] kind
[19:37.460 --> 19:37.620] of
[19:37.680 --> 19:37.740] like
[19:37.740 --> 19:37.820] what
[19:37.820 --> 19:37.940] I
[19:37.940 --> 19:38.180] said
[19:38.180 --> 19:38.520] with
[19:38.600 --> 19:39.000] depending
[19:39.000 --> 19:39.240] on
[19:39.240 --> 19:39.400] the
[19:39.400 --> 19:39.780] context
[19:39.800 --> 19:40.200] something
[19:40.200 --> 19:40.680] could
[19:40.680 --> 19:40.880] be
[19:40.880 --> 19:41.120] either
[19:41.120 --> 19:41.320] a
[19:41.320 --> 19:41.580] strength
[19:41.580 --> 19:41.840] or
[19:41.840 --> 19:42.100] weakness
[19:42.100 --> 19:42.340] of
[19:42.340 --> 19:42.600] mine
[19:42.600 --> 19:42.820] because
[19:42.820 --> 19:43.340] [*]
[19:43.340 --> 19:44.000] I'm
[19:44.000 --> 19:44.160] just
[19:44.160 --> 19:44.580] generally
[19:44.580 --> 19:44.860] kind
[19:44.860 --> 19:45.080] of
[19:45.080 --> 19:45.340] inconsistent
[19:45.340 --> 19:45.740] with
[19:45.740 --> 19:45.920] that
[19:45.920 --> 19:46.080] kind
[19:46.080 --> 19:46.200] of
[19:46.200 --> 19:46.420] thing
[19:48.840 --> 19:49.340] in
[19:49.340 --> 19:49.460] a
[19:49.460 --> 19:49.640] way
[19:49.640 --> 19:49.760] that
[19:49.760 --> 19:50.140] I've
[19:50.140 --> 19:50.460] been
[19:50.460 --> 19:50.760] working
[19:50.760 --> 19:51.000] on
[19:51.000 --> 19:51.120] but
[19:51.120 --> 19:51.300] is
[19:51.300 --> 19:51.640] still
[19:51.640 --> 19:51.960] one
[19:51.960 --> 19:52.100] of
[19:52.100 --> 19:52.200] my
[19:52.200 --> 19:52.480] weaknesses
[20:07.340 --> 20:13.320] [*]
[20:13.320 --> 20:15.320] I
[20:15.320 --> 20:15.560] don't
[20:15.560 --> 20:15.640] know
[20:15.640 --> 20:15.740] I
[20:15.740 --> 20:15.860] think
[20:15.860 --> 20:16.100] that
[20:16.100 --> 20:16.280] just
[20:16.360 --> 20:16.560] like
[20:17.340 --> 20:17.980] the
[20:17.980 --> 20:18.980] [*]
[20:18.980 --> 20:19.240] quality
[20:19.240 --> 20:19.700] [*]
[20:19.700 --> 20:19.840] of
[20:21.980 --> 20:21.980] or
[20:21.980 --> 20:22.140] how
[20:22.140 --> 20:22.460] well
[20:22.460 --> 20:22.700] I'm
[20:22.700 --> 20:22.820] able
[20:22.820 --> 20:23.000] to
[20:23.000 --> 20:23.120] deal
[20:23.120 --> 20:23.220] with
[20:23.220 --> 20:23.320] those
[20:23.320 --> 20:23.440] kind
[20:23.440 --> 20:23.560] of
[20:23.560 --> 20:23.960] situations
[20:25.200 --> 20:25.200] depends
[20:25.200 --> 20:25.400] [*]
[20:25.400 --> 20:26.180] on
[20:26.180 --> 20:26.380] the
[20:26.380 --> 20:26.700] situation
[20:26.700 --> 20:27.160] itself
[20:27.160 --> 20:27.460] in
[20:27.460 --> 20:27.600] a
[20:27.600 --> 20:27.760] way
[20:27.760 --> 20:27.940] that
[20:27.940 --> 20:28.420] sometimes
[20:28.420 --> 20:28.820] feels
[20:28.820 --> 20:28.960] to
[20:28.960 --> 20:29.220] me
[20:29.220 --> 20:29.460] kind
[20:29.460 --> 20:29.660] of
[20:29.660 --> 20:29.840] [*]
[20:29.840 --> 20:30.000] random
[20:30.660 --> 20:30.660] Yeah
[20:37.340 --> 20:43.160] [*]
[20:43.160 --> 20:43.980] Well
[20:44.140 --> 20:44.400] one
[20:44.400 --> 20:44.520] of
[20:44.520 --> 20:44.620] the
[20:44.620 --> 20:44.780] things
[20:44.780 --> 20:45.000] I
[20:45.000 --> 20:45.340] said
[20:45.340 --> 20:45.620] earlier
[20:45.620 --> 20:45.780] was
[20:45.900 --> 20:46.040] like
[20:46.100 --> 20:46.540] [*]
[20:46.540 --> 20:46.960] communication
[20:46.960 --> 20:47.280] with
[20:47.280 --> 20:47.460] other
[20:47.460 --> 20:47.660] [*]
[20:47.660 --> 20:47.780] people
[20:48.040 --> 20:48.640] Like
[20:48.740 --> 20:49.060] sometimes
[20:49.060 --> 20:49.420] I
[20:49.420 --> 20:49.620] can
[20:49.620 --> 20:49.780] be
[20:49.780 --> 20:50.080] very
[20:50.080 --> 20:50.480] effective
[20:50.480 --> 20:50.940] at
[20:50.940 --> 20:51.580] communicating
[20:51.580 --> 20:51.920] [*]
[20:51.920 --> 20:52.140] with
[20:52.140 --> 20:52.240] other
[20:52.240 --> 20:52.560] people
[20:52.560 --> 20:52.840] and
[20:52.840 --> 20:53.440] understanding
[20:53.440 --> 20:53.840] their
[20:53.840 --> 20:54.240] perspective
[20:54.240 --> 20:54.960] and
[20:54.960 --> 20:55.740] speaking
[20:55.740 --> 20:56.200] to
[20:56.200 --> 20:56.240] them
[20:56.240 --> 20:57.180] [*]
[20:57.180 --> 20:57.980] in
[20:57.980 --> 20:58.060] a
[20:58.060 --> 20:58.280] way
[20:58.280 --> 20:58.480] where
[20:58.480 --> 20:59.220] they'd
[20:59.220 --> 20:59.300] be
[20:59.300 --> 20:59.460] able
[20:59.460 --> 20:59.620] to
[20:59.620 --> 21:00.260] understand
[21:00.260 --> 21:00.660] my
[21:00.660 --> 21:01.060] perspective
[21:01.060 --> 21:01.360] within
[21:01.360 --> 21:01.680] the
[21:01.680 --> 21:02.020] context
[21:02.020 --> 21:02.260] of
[21:02.260 --> 21:02.500] theirs
[21:02.900 --> 21:03.440] [*]
[21:03.440 --> 21:03.720] But
[21:03.720 --> 21:03.740] [*]
[21:03.740 --> 21:04.100] sometimes
[21:04.100 --> 21:04.480] I
[21:04.480 --> 21:04.760] just
[21:04.820 --> 21:05.040] like
[21:05.060 --> 21:05.760] struggle
[21:05.760 --> 21:06.100] [*]
[21:06.100 --> 21:06.400] to
[21:06.400 --> 21:07.000] [*]
[21:07.000 --> 21:07.520] talk
[21:07.520 --> 21:07.720] to
[21:07.720 --> 21:07.920] people
[21:07.920 --> 21:08.180] without
[21:08.180 --> 21:09.300] [*]
[21:09.300 --> 21:09.660] getting
[21:09.660 --> 21:10.520] annoyed
[21:10.520 --> 21:10.720] at
[21:10.720 --> 21:10.980] them
[21:10.980 --> 21:11.400] or
[21:11.400 --> 21:12.120] things
[21:12.120 --> 21:12.420] like
[21:12.420 --> 21:12.620] that
[21:12.920 --> 21:13.380] And
[21:13.380 --> 21:13.800] kind
[21:13.800 --> 21:14.220] [*]
[21:14.220 --> 21:14.380] of
[21:14.380 --> 21:14.520] which
[21:14.520 --> 21:14.700] one
[21:14.700 --> 21:14.800] it
[21:14.800 --> 21:15.020] is
[21:15.020 --> 21:15.160] depends
[21:15.160 --> 21:15.200] [*]
[21:15.200 --> 21:15.540] on
[21:15.540 --> 21:15.740] both
[21:15.740 --> 21:15.920] the
[21:15.920 --> 21:16.160] people
[21:16.160 --> 21:16.300] that
[21:16.300 --> 21:16.460] I'm
[21:16.460 --> 21:16.700] talking
[21:16.700 --> 21:16.960] to
[21:16.960 --> 21:17.600] but
[21:17.600 --> 21:17.640] [*]
[21:17.640 --> 21:17.980] also
[21:17.980 --> 21:18.220] just
[21:18.220 --> 21:18.440] sort
[21:18.440 --> 21:18.620] of
[21:18.620 --> 21:18.900] random
[21:18.900 --> 21:19.380] factors
[21:19.380 --> 21:19.620] that
[21:19.620 --> 21:19.740] I
[21:19.740 --> 21:20.140] don't
[21:20.140 --> 21:20.460] fully
[21:20.460 --> 21:20.740] understand
[21:32.700 --> 21:32.980] [*]
[21:32.980 --> 21:33.580] Yeah
[21:35.120 --> 21:35.500] [*]
[21:35.500 --> 21:36.120] Mm-hmm
[21:37.420 --> 21:38.380] [*]
[21:38.380 --> 21:38.880] Yeah
[21:38.920 --> 21:39.460] Although
[21:39.460 --> 21:39.700] I
[21:39.700 --> 21:40.000] would
[21:40.000 --> 21:40.320] say
[21:40.320 --> 21:40.500] [*]
[21:40.500 --> 21:40.640] that
[21:40.640 --> 21:41.480] even
[21:41.480 --> 21:41.860] though
[21:41.860 --> 21:42.300] I'm
[21:42.300 --> 21:42.640] [*]
[21:42.640 --> 21:42.960] very
[21:42.960 --> 21:43.200] [*]
[21:43.200 --> 21:43.300] inconsistent
[21:43.300 --> 21:43.400] [*]
[21:43.400 --> 21:43.940] in
[21:43.940 --> 21:44.160] [*]
[21:44.160 --> 21:44.320] general
[21:44.320 --> 21:44.440] on
[21:44.440 --> 21:44.600] those
[21:44.600 --> 21:44.860] kinds
[21:44.860 --> 21:45.020] of
[21:45.020 --> 21:45.240] things
[21:45.640 --> 21:46.540] if
[21:46.540 --> 21:47.300] [*]
[21:47.300 --> 21:47.420] I
[21:47.420 --> 21:47.540] go
[21:47.540 --> 21:47.700] back
[21:47.700 --> 21:47.880] to
[21:47.880 --> 21:47.980] the
[21:47.980 --> 21:48.180] [*]
[21:48.180 --> 21:48.300] strengths
[21:48.300 --> 21:48.760] earlier
[21:49.180 --> 21:49.460] [*]
[21:49.460 --> 21:51.160] it's
[21:51.160 --> 21:51.440] definitely
[21:51.440 --> 21:51.740] something
[21:51.740 --> 21:51.920] that
[21:51.920 --> 21:52.020] I
[21:52.020 --> 21:52.180] [*]
[21:52.180 --> 21:52.380] think
[21:52.380 --> 21:53.560] I'm
[21:53.560 --> 21:53.700] good
[21:53.700 --> 21:54.000] at
[21:54.000 --> 21:54.120] [*]
[21:54.120 --> 21:54.640] within
[21:55.420 --> 21:55.420] or
[21:55.420 --> 21:55.580] in
[21:55.580 --> 21:55.820] terms
[21:55.820 --> 21:56.000] of
[21:56.000 --> 21:56.180] not
[21:56.180 --> 21:56.460] giving
[21:56.460 --> 21:56.700] up
[21:57.920 --> 21:57.920] on
[21:57.920 --> 21:58.200] those
[21:58.200 --> 21:58.460] kinds
[21:58.460 --> 21:58.600] of
[21:58.600 --> 21:58.820] things
[21:58.820 --> 21:58.980] because
[21:58.980 --> 21:59.240] even
[21:59.240 --> 21:59.440] if
[21:59.440 --> 21:59.760] I'm
[22:00.000 --> 22:00.560] [*]
[22:00.560 --> 22:01.420] on
[22:01.420 --> 22:01.580] the
[22:01.580 --> 22:01.740] [*]
[22:01.740 --> 22:01.900] whole
[22:01.900 --> 22:02.220] [*]
[22:02.220 --> 22:02.580] going
[22:02.580 --> 22:02.900] up
[22:02.900 --> 22:03.100] and
[22:03.100 --> 22:03.460] down
[22:03.460 --> 22:03.740] in
[22:03.740 --> 22:04.080] quality
[22:04.080 --> 22:04.240] the
[22:04.240 --> 22:04.600] overall
[22:04.600 --> 22:05.280] [*]
[22:05.280 --> 22:05.440] trend
[22:05.440 --> 22:05.900] is
[22:05.900 --> 22:06.260] [*]
[22:06.260 --> 22:06.480] almost
[22:06.480 --> 22:06.780] always
[22:06.780 --> 22:07.160] upwards
[22:07.340 --> 22:07.920] And
[22:07.920 --> 22:08.420] that's
[22:08.420 --> 22:08.600] a
[22:08.600 --> 22:08.860] very
[22:08.860 --> 22:09.260] conscious
[22:09.260 --> 22:11.140] [*]
[22:11.140 --> 22:11.340] decision
[22:11.340 --> 22:11.820] to
[22:11.820 --> 22:12.460] even
[22:12.460 --> 22:12.940] if
[22:12.940 --> 22:13.080] things
[22:13.080 --> 22:13.420] aren't
[22:13.420 --> 22:13.500] going
[22:13.500 --> 22:13.720] well
[22:13.720 --> 22:13.960] to
[22:13.960 --> 22:13.980] [*]
[22:13.980 --> 22:14.340] continue
[22:14.340 --> 22:14.580] to
[22:14.580 --> 22:14.740] try
[22:14.740 --> 22:14.880] to
[22:14.880 --> 22:15.060] make
[22:15.060 --> 22:15.240] them
[22:15.240 --> 22:15.360] go
[22:15.360 --> 22:15.600] well
[22:27.320 --> 22:27.520] [*]
[22:27.520 --> 22:28.240] Mm-hmm
[22:30.780 --> 22:31.560] Yeah
[22:37.340 --> 22:38.960] [*]
[22:38.960 --> 22:39.220] I
[22:39.220 --> 22:39.680] think
[22:39.680 --> 22:39.940] that
[22:39.940 --> 22:40.260] it's
[22:40.260 --> 22:40.520] important
[22:40.520 --> 22:40.840] to
[22:40.840 --> 22:41.020] have
[22:41.020 --> 22:41.100] a
[22:41.100 --> 22:41.360] life
[22:41.360 --> 22:41.500] where
[22:41.500 --> 22:41.700] you're
[22:41.700 --> 22:41.780] an
[22:41.780 --> 22:42.120] active
[22:42.120 --> 22:42.620] participant
[22:42.620 --> 22:42.780] and
[22:42.780 --> 22:42.920] not
[22:42.920 --> 22:43.060] a
[22:43.060 --> 22:43.340] passive
[22:43.340 --> 22:43.580] one
[22:43.580 --> 22:43.680] Mm-hmm
[23:01.220 --> 23:05.780] [*]
[23:05.780 --> 23:06.440] Well
[23:06.440 --> 23:07.320] [*]
[23:07.320 --> 23:07.560] um
[23:09.500 --> 23:09.500] this
[23:09.500 --> 23:09.760] was
[23:09.760 --> 23:10.140] a
[23:10.140 --> 23:10.420] couple
[23:10.420 --> 23:10.520] of
[23:10.520 --> 23:10.700] years
[23:10.700 --> 23:10.900] ago
[23:10.900 --> 23:11.000] at
[23:11.000 --> 23:11.120] this
[23:11.120 --> 23:11.400] point
[23:12.860 --> 23:12.860] but
[23:12.860 --> 23:13.000] it
[23:13.000 --> 23:13.280] still
[23:13.280 --> 23:13.460] is
[23:13.460 --> 23:13.740] something
[23:13.740 --> 23:14.000] that
[23:14.000 --> 23:14.220] came
[23:14.220 --> 23:14.460] to
[23:14.460 --> 23:14.600] my
[23:14.600 --> 23:14.900] mind
[23:16.020 --> 23:16.020] which
[23:16.020 --> 23:16.160] is
[23:16.160 --> 23:16.480] probably
[23:16.480 --> 23:18.080] eighth
[23:18.080 --> 23:18.480] grade
[23:18.480 --> 23:18.760] science
[23:18.760 --> 23:19.060] bowl
[23:19.060 --> 23:19.560] [*]
[23:19.560 --> 23:20.120] because
[23:20.120 --> 23:20.580] I
[23:20.580 --> 23:20.800] was
[23:20.800 --> 23:20.940] the
[23:20.940 --> 23:21.220] team
[23:21.220 --> 23:21.580] captain
[23:21.580 --> 23:21.780] of
[23:21.780 --> 23:22.000] the
[23:22.000 --> 23:22.500] [*]
[23:22.500 --> 23:22.700] national
[23:24.240 --> 23:24.240] or
[23:24.240 --> 23:24.400] of
[23:24.400 --> 23:24.600] the
[23:24.600 --> 23:24.820] state
[23:24.820 --> 23:25.120] champion
[23:25.120 --> 23:25.420] team
[23:28.440 --> 23:29.180] [*]
[23:29.180 --> 23:29.280] And
[23:29.280 --> 23:29.540] I
[23:29.540 --> 23:29.740] think
[23:29.740 --> 23:29.880] that
[23:29.880 --> 23:29.940] I
[23:29.940 --> 23:30.220] was
[23:31.420 --> 23:31.420] sorry
[23:31.520 --> 23:31.620] what
[23:35.880 --> 23:36.100] Mm-hmm
[23:36.600 --> 23:37.940] Mm-hmm
[23:37.940 --> 23:37.960] Mm-hmm
[23:37.960 --> 23:38.020] Mm-hmm
[23:38.020 --> 23:38.080] Mm-hmm
[23:38.080 --> 23:38.140] Mm-hmm
[23:38.140 --> 23:38.160] Mm-hmm
[23:38.160 --> 23:38.180] Mm-hmm
[23:38.180 --> 23:38.200] Mm-hmm
[23:38.200 --> 23:38.300] Mm-hmm
[23:38.300 --> 23:38.320] Mm-hmm
[23:38.320 --> 23:38.340] Mm-hmm
[23:38.340 --> 23:38.360] Mm-hmm
[23:38.360 --> 23:38.400] Mm-hmm
[23:38.400 --> 23:38.440] Mm-hmm
[23:38.440 --> 23:38.460] Mm-hmm
[23:38.460 --> 23:38.640] [*]
[23:38.640 --> 23:38.780] I
[23:38.780 --> 23:38.780] was
[23:38.780 --> 23:38.800] pretty
[23:38.800 --> 23:39.420] [*]
[23:39.420 --> 23:39.780] effectively
[23:39.780 --> 23:40.420] able
[23:40.420 --> 23:40.640] to
[23:40.640 --> 23:41.300] [*]
[23:41.300 --> 23:41.400] lead
[23:41.400 --> 23:41.700] my
[23:41.700 --> 23:42.020] team
[23:42.020 --> 23:42.380] in
[23:42.380 --> 23:42.500] [*]
[23:42.500 --> 23:42.660] that
[23:42.660 --> 23:42.880] I
[23:42.880 --> 23:43.120] was
[23:43.120 --> 23:43.300] able
[23:43.300 --> 23:43.500] to
[23:43.500 --> 23:44.360] set
[23:44.360 --> 23:44.500] up
[23:44.500 --> 23:44.740] practice
[23:44.740 --> 23:45.140] sessions
[23:45.820 --> 23:46.280] like
[23:46.280 --> 23:46.620] find
[23:46.620 --> 23:46.880] how
[23:46.880 --> 23:47.140] to
[23:47.140 --> 23:47.780] reserve
[23:47.780 --> 23:48.220] [*]
[23:48.220 --> 23:48.880] study
[23:48.880 --> 23:49.120] [*]
[23:49.120 --> 23:49.420] spaces
[23:49.420 --> 23:49.780] et
[23:49.780 --> 23:50.020] cetera
[23:50.100 --> 23:50.200] et
[23:50.200 --> 23:50.380] cetera
[23:50.560 --> 23:51.700] to
[23:51.700 --> 23:51.860] like
[23:51.860 --> 23:52.220] get
[23:52.220 --> 23:52.460] my
[23:52.460 --> 23:52.700] team
[23:52.700 --> 23:52.840] the
[23:52.840 --> 23:53.100] resources
[23:53.100 --> 23:53.320] that
[23:53.320 --> 23:53.540] they
[23:53.540 --> 23:53.860] needed
[23:53.860 --> 23:54.020] to
[23:54.020 --> 23:54.180] be
[23:54.180 --> 23:54.400] [*]
[23:54.400 --> 23:54.580] successful
[23:56.700 --> 23:57.020] [*]
[23:57.020 --> 23:57.640] Yeah
[23:57.640 --> 23:58.020] And
[23:58.020 --> 23:58.600] [*]
[23:58.600 --> 23:58.800] I
[23:58.800 --> 23:59.100] [*]
[23:59.100 --> 23:59.800] was
[23:59.800 --> 23:59.980] also
[23:59.980 --> 24:00.440] sorry
[24:00.620 --> 24:00.680] one
[24:00.680 --> 24:00.940] second
[24:00.940 --> 24:01.040] Okay
[24:10.300 --> 24:11.440] [*]
[24:11.440 --> 24:12.320] I
[24:12.320 --> 24:13.160] was
[24:13.160 --> 24:13.340] also
[24:13.340 --> 24:13.520] able
[24:13.520 --> 24:13.620] to
[24:13.620 --> 24:13.780] be
[24:13.780 --> 24:14.080] pretty
[24:14.080 --> 24:14.400] [*]
[24:14.400 --> 24:14.600] successful
[24:14.600 --> 24:14.800] at
[24:14.800 --> 24:15.060] science
[24:15.060 --> 24:15.260] pool
[24:15.260 --> 24:15.460] [*]
[24:15.460 --> 24:15.600] itself
[24:16.020 --> 24:16.520] just
[24:16.520 --> 24:16.940] through
[24:16.940 --> 24:18.080] [*]
[24:18.080 --> 24:18.340] having
[24:18.340 --> 24:18.740] a
[24:18.740 --> 24:18.880] lot
[24:18.880 --> 24:19.120] of
[24:19.120 --> 24:19.940] general
[24:19.940 --> 24:20.420] knowledge
[24:20.420 --> 24:20.700] about
[24:20.700 --> 24:21.020] science
[24:21.020 --> 24:21.380] and
[24:21.380 --> 24:21.860] a
[24:21.860 --> 24:22.180] [*]
[24:22.180 --> 24:22.360] lot
[24:22.360 --> 24:22.460] of
[24:22.460 --> 24:22.680] depth
[24:22.680 --> 24:22.800] of
[24:22.800 --> 24:23.060] knowledge
[24:23.060 --> 24:23.220] in
[24:23.220 --> 24:23.240] [*]
[24:23.240 --> 24:23.580] specific
[24:23.580 --> 24:23.920] areas
[24:30.600 --> 24:35.720] [*]
[24:35.720 --> 24:36.280] I
[24:36.280 --> 24:36.460] think
[24:36.460 --> 24:36.600] that
[24:36.600 --> 24:36.840] it's
[24:36.840 --> 24:37.000] definitely
[24:37.000 --> 24:37.240] something
[24:37.240 --> 24:37.440] that
[24:37.440 --> 24:37.860] has
[24:37.860 --> 24:38.100] been
[24:38.100 --> 24:38.180] a
[24:38.180 --> 24:38.500] conscious
[24:38.500 --> 24:38.820] decision
[24:38.820 --> 24:39.040] to
[24:39.040 --> 24:39.240] work
[24:39.240 --> 24:39.420] on
[24:39.420 --> 24:40.160] It's
[24:40.160 --> 24:40.340] not
[24:40.340 --> 24:40.580] something
[24:40.580 --> 24:40.760] that
[24:40.760 --> 24:41.040] really
[24:41.040 --> 24:41.280] comes
[24:41.280 --> 24:41.600] naturally
[24:41.600 --> 24:41.820] to
[24:41.820 --> 24:41.940] me
[24:42.000 --> 24:42.100] but
[24:42.100 --> 24:42.240] it's
[24:42.240 --> 24:42.420] something
[24:42.420 --> 24:42.720] that
[24:42.720 --> 24:42.920] I
[24:42.920 --> 24:43.160] think
[24:43.160 --> 24:43.360] that
[24:43.360 --> 24:43.740] I
[24:43.740 --> 24:44.100] definitely
[24:44.100 --> 24:44.520] can
[24:44.520 --> 24:44.740] be
[24:44.740 --> 24:44.940] good
[24:44.940 --> 24:45.080] at
[24:45.080 --> 24:45.320] It's
[24:45.320 --> 24:45.580] just
[24:45.580 --> 24:46.000] [*]
[24:46.000 --> 24:46.300] a
[24:46.300 --> 24:46.640] skill
[24:46.640 --> 24:46.800] that
[24:46.800 --> 24:46.940] I
[24:46.940 --> 24:47.060] need
[24:47.060 --> 24:47.200] to
[24:47.200 --> 24:47.360] work
[24:47.360 --> 24:47.580] on
[24:54.020 --> 24:54.840] I'd
[24:54.840 --> 24:55.000] say
[24:55.000 --> 24:55.340] mostly
[24:55.340 --> 24:55.500] being
[24:55.500 --> 24:55.740] put
[24:55.740 --> 24:55.880] in
[24:55.880 --> 24:56.180] situations
[24:56.180 --> 24:56.540] where
[24:56.540 --> 24:56.620] I
[24:56.620 --> 24:56.800] need
[24:56.800 --> 24:56.980] to
[24:56.980 --> 24:57.260] lead
[25:00.600 --> 25:00.980] [*]
[25:00.980 --> 25:02.020] Because
[25:02.020 --> 25:02.480] a
[25:02.480 --> 25:02.720] lot
[25:02.720 --> 25:02.820] of
[25:02.820 --> 25:02.960] those
[25:02.960 --> 25:03.220] things
[25:03.220 --> 25:03.460] just
[25:03.460 --> 25:03.760] come
[25:03.760 --> 25:03.940] from
[25:03.940 --> 25:04.320] experience
[25:04.540 --> 25:04.840] and
[25:04.840 --> 25:05.160] you're
[25:05.160 --> 25:05.260] not
[25:05.260 --> 25:05.400] going
[25:05.400 --> 25:05.540] to
[25:05.540 --> 25:05.660] get
[25:05.660 --> 25:05.800] that
[25:05.800 --> 25:06.160] experience
[25:06.160 --> 25:06.620] unless
[25:06.620 --> 25:06.860] you
[25:06.860 --> 25:07.040] have
[25:07.040 --> 25:07.320] to
[25:07.380 --> 25:07.780] in
[25:07.780 --> 25:08.220] most
[25:08.220 --> 25:08.480] cases
[25:08.480 --> 25:08.700] when
[25:08.700 --> 25:08.820] it
[25:08.820 --> 25:08.940] comes
[25:08.940 --> 25:09.040] to
[25:09.040 --> 25:09.340] leadership
[25:11.540 --> 25:12.180] A
[25:12.180 --> 25:12.560] lot
[25:12.560 --> 25:12.680] of
[25:12.680 --> 25:12.820] it
[25:12.820 --> 25:12.980] does
[25:12.980 --> 25:13.220] also
[25:13.220 --> 25:13.460] come
[25:13.460 --> 25:13.840] from
[25:13.840 --> 25:14.420] just
[25:14.420 --> 25:15.440] knowing
[25:15.440 --> 25:15.740] people
[25:15.740 --> 25:16.260] closely
[25:16.260 --> 25:16.740] and
[25:16.740 --> 25:17.120] over
[25:17.120 --> 25:17.300] a
[25:17.300 --> 25:17.460] long
[25:17.460 --> 25:17.740] period
[25:17.740 --> 25:17.860] of
[25:17.860 --> 25:18.180] time
[25:18.520 --> 25:18.960] And
[25:18.960 --> 25:19.120] it
[25:19.120 --> 25:19.320] helps
[25:19.320 --> 25:20.640] [*]
[25:20.640 --> 25:20.800] you
[25:20.800 --> 25:20.880] get
[25:20.880 --> 25:21.060] better
[25:21.060 --> 25:21.200] at
[25:21.200 --> 25:21.660] empathizing
[25:21.660 --> 25:21.820] with
[25:21.820 --> 25:22.080] people
[25:22.080 --> 25:22.480] and
[25:22.480 --> 25:22.980] figuring
[25:22.980 --> 25:23.340] out
[25:23.340 --> 25:23.620] how
[25:23.620 --> 25:23.900] to
[25:23.900 --> 25:24.100] [*]
[25:24.100 --> 25:24.260] actually
[25:24.260 --> 25:24.720] help
[25:24.720 --> 25:25.120] them
[25:25.120 --> 25:25.380] be
[25:25.380 --> 25:25.680] better
[25:26.760 --> 25:27.220] But
[25:27.220 --> 25:27.980] [*]
[25:27.980 --> 25:28.140] a
[25:28.140 --> 25:28.360] big
[25:28.360 --> 25:28.540] part
[25:28.540 --> 25:28.660] of
[25:28.660 --> 25:28.780] that
[25:28.780 --> 25:28.980] does
[25:28.980 --> 25:29.140] come
[25:29.140 --> 25:29.320] [*]
[25:29.320 --> 25:29.480] from
[25:29.480 --> 25:29.780] [*]
[25:29.780 --> 25:30.000] specifically
[25:30.000 --> 25:30.700] having
[25:30.700 --> 25:31.060] experience
[25:31.060 --> 25:31.220] Experience
[25:31.220 --> 25:31.260] with
[25:31.260 --> 25:31.540] leading
[25:43.500 --> 25:43.660] Mm-hmm
[25:55.960 --> 25:55.960] All
[25:55.960 --> 25:56.100] right
[25:58.920 --> 25:58.920] All
[25:58.920 --> 25:58.920] right
